lineno  keyword                       src            dst            post instr register values                                                 post instr PSW           
==================================================================================================================================================================

0:      jmp ebsymtab [5118.]          src: 35120                    r0: 0 r1: 0 r2: 0 r3: 0 r4: 0 r5: 0 sp: 65512 pc: 5118                     N: 0 Z: 0 V: 0 C: 0      
5118:   sys signal                    ops:           2, 1,          r0: 0 r1: 0 r2: 0 r3: 0 r4: 0 r5: 0 sp: 65512 pc: 5124                     N: 0 Z: 0 V: 0 C: 0      
5124:   ror r0                        src: 0                        r0: 0 r1: 0 r2: 0 r3: 0 r4: 0 r5: 0 sp: 65512 pc: 5126                     N: 0 Z: 1 V: 0 C: 0      
5126:   bcs 5134.                     src: 4485                     r0: 0 r1: 0 r2: 0 r3: 0 r4: 0 r5: 0 sp: 65512 pc: 5128                     N: 0 Z: 1 V: 0 C: 0      
5128:   sys signal                    ops:           2, aexit,      r0: 0 r1: 0 r2: 0 r3: 0 r4: 0 r5: 0 sp: 65512 pc: 5134                     N: 0 Z: 1 V: 0 C: 0      
5134:   mov sp, r5                    src: 65512     dst: 0         r0: 0 r1: 0 r2: 0 r3: 0 r4: 0 r5: 65512 sp: 65512 pc: 5136                 N: 1 Z: 0 V: 0 C: 0      
5136:   mov (r5)+, r0                 src: 10        dst: 0         r0: 10 r1: 0 r2: 0 r3: 0 r4: 0 r5: 65514 sp: 65512 pc: 5138                N: 0 Z: 0 V: 0 C: 0      
5138:   cmpb 2.(r5), $45.             src: 56        dst: 45        r0: 10 r1: 0 r2: 0 r3: 0 r4: 0 r5: 65514 sp: 65512 pc: 5144                N: 0 Z: 0 V: 0 C: 0      
5144:   bne 5152.                     src: 2615                     r0: 10 r1: 0 r2: 0 r3: 0 r4: 0 r5: 65514 sp: 65512 pc: 5152                N: 0 Z: 0 V: 0 C: 0      
5152:   clr unglob [2866.]            src: 103                      r0: 10 r1: 0 r2: 0 r3: 0 r4: 0 r5: 65514 sp: 65512 pc: 5156                N: 0 Z: 1 V: 0 C: 0      
5156:   movb r0, nargs [9366.]        src: 10        dst: 0         r0: 10 r1: 0 r2: 0 r3: 0 r4: 0 r5: 65514 sp: 65512 pc: 5160                N: 0 Z: 0 V: 0 C: 0      
5160:   mov r5, curarg [9368.]        src: 65514     dst: 0         r0: 10 r1: 0 r2: 0 r3: 0 r4: 0 r5: 65514 sp: 65512 pc: 5164                N: 1 Z: 0 V: 0 C: 0      
5164:   jsr r5, fcreat [154.]         src: 65514     dst: 4390      r0: 10 r1: 0 r2: 0 r3: 0 r4: 0 r5: 5168 sp: 65510 pc: 154                  N: 1 Z: 0 V: 0 C: 0      
154:    mov r4, -(sp)                 src: 0         dst: 0         r0: 10 r1: 0 r2: 0 r3: 0 r4: 0 r5: 5168 sp: 65508 pc: 156                  N: 0 Z: 1 V: 0 C: 0      
156:    mov (r5)+, r4                 src: 2913      dst: 0         r0: 10 r1: 0 r2: 0 r3: 0 r4: 2913 r5: 5170 sp: 65508 pc: 158               N: 0 Z: 0 V: 0 C: 0      
158:    mov r4, 2884.                 src: 2913      dst: 0         r0: 10 r1: 0 r2: 0 r3: 0 r4: 2913 r5: 5170 sp: 65508 pc: 162               N: 0 Z: 0 V: 0 C: 0      
162:    sys indir                     ops:           2882,          r0: 10 r1: 0 r2: 0 r3: 0 r4: 2913 r5: 5170 sp: 65508 pc: 2882              N: 0 Z: 0 V: 0 C: 0      
2882:   sys stat                      ops:           a.tmp1, outbuf, r0: 10 r1: 0 r2: 0 r3: 0 r4: 2913 r5: 5170 sp: 65508 pc: 2886              N: 0 Z: 0 V: 0 C: 0      
166:    bcc 182.                      src: 35508                    r0: 10 r1: 0 r2: 0 r3: 0 r4: 2913 r5: 5170 sp: 65508 pc: 182               N: 0 Z: 0 V: 0 C: 0      
182:    incb 9.(r4)                   src: 97                       r0: 10 r1: 0 r2: 0 r3: 0 r4: 2913 r5: 5170 sp: 65508 pc: 186               N: 0 Z: 0 V: 0 C: 0      
186:    cmpb 9.(r4), $122.            src: 98        dst: 122       r0: 10 r1: 0 r2: 0 r3: 0 r4: 2913 r5: 5170 sp: 65508 pc: 192               N: 1 Z: 0 V: 0 C: 1      
192:    blos 162.                     src: 35072                    r0: 10 r1: 0 r2: 0 r3: 0 r4: 2913 r5: 5170 sp: 65508 pc: 162               N: 1 Z: 0 V: 0 C: 1      
162:    sys indir                     ops:           2882,          r0: 10 r1: 0 r2: 0 r3: 0 r4: 2913 r5: 5170 sp: 65508 pc: 2882              N: 1 Z: 0 V: 0 C: 1      
2882:   sys stat                      ops:           a.tmp1, outbuf, r0: 10 r1: 0 r2: 0 r3: 0 r4: 2913 r5: 5170 sp: 65508 pc: 2886              N: 1 Z: 0 V: 0 C: 0      
166:    bcc 182.                      src: 35508                    r0: 10 r1: 0 r2: 0 r3: 0 r4: 2913 r5: 5170 sp: 65508 pc: 182               N: 1 Z: 0 V: 0 C: 0      
182:    incb 9.(r4)                   src: 98                       r0: 10 r1: 0 r2: 0 r3: 0 r4: 2913 r5: 5170 sp: 65508 pc: 186               N: 0 Z: 0 V: 0 C: 0      
186:    cmpb 9.(r4), $122.            src: 99        dst: 122       r0: 10 r1: 0 r2: 0 r3: 0 r4: 2913 r5: 5170 sp: 65508 pc: 192               N: 1 Z: 0 V: 0 C: 1      
192:    blos 162.                     src: 35072                    r0: 10 r1: 0 r2: 0 r3: 0 r4: 2913 r5: 5170 sp: 65508 pc: 162               N: 1 Z: 0 V: 0 C: 1      
162:    sys indir                     ops:           2882,          r0: 10 r1: 0 r2: 0 r3: 0 r4: 2913 r5: 5170 sp: 65508 pc: 2882              N: 1 Z: 0 V: 0 C: 1      
2882:   sys stat                      ops:           a.tmp1, outbuf, r0: 10 r1: 0 r2: 0 r3: 0 r4: 2913 r5: 5170 sp: 65508 pc: 2886              N: 1 Z: 0 V: 0 C: 0      
166:    bcc 182.                      src: 35508                    r0: 10 r1: 0 r2: 0 r3: 0 r4: 2913 r5: 5170 sp: 65508 pc: 182               N: 1 Z: 0 V: 0 C: 0      
182:    incb 9.(r4)                   src: 99                       r0: 10 r1: 0 r2: 0 r3: 0 r4: 2913 r5: 5170 sp: 65508 pc: 186               N: 0 Z: 0 V: 0 C: 0      
186:    cmpb 9.(r4), $122.            src: 100       dst: 122       r0: 10 r1: 0 r2: 0 r3: 0 r4: 2913 r5: 5170 sp: 65508 pc: 192               N: 1 Z: 0 V: 0 C: 1      
192:    blos 162.                     src: 35072                    r0: 10 r1: 0 r2: 0 r3: 0 r4: 2913 r5: 5170 sp: 65508 pc: 162               N: 1 Z: 0 V: 0 C: 1      
162:    sys indir                     ops:           2882,          r0: 10 r1: 0 r2: 0 r3: 0 r4: 2913 r5: 5170 sp: 65508 pc: 2882              N: 1 Z: 0 V: 0 C: 1      
2882:   sys stat                      ops:           a.tmp1, outbuf, r0: 10 r1: 0 r2: 0 r3: 0 r4: 2913 r5: 5170 sp: 65508 pc: 2886              N: 1 Z: 0 V: 0 C: 0      
166:    bcc 182.                      src: 35508                    r0: 10 r1: 0 r2: 0 r3: 0 r4: 2913 r5: 5170 sp: 65508 pc: 182               N: 1 Z: 0 V: 0 C: 0      
182:    incb 9.(r4)                   src: 100                      r0: 10 r1: 0 r2: 0 r3: 0 r4: 2913 r5: 5170 sp: 65508 pc: 186               N: 0 Z: 0 V: 0 C: 0      
186:    cmpb 9.(r4), $122.            src: 101       dst: 122       r0: 10 r1: 0 r2: 0 r3: 0 r4: 2913 r5: 5170 sp: 65508 pc: 192               N: 1 Z: 0 V: 0 C: 1      
192:    blos 162.                     src: 35072                    r0: 10 r1: 0 r2: 0 r3: 0 r4: 2913 r5: 5170 sp: 65508 pc: 162               N: 1 Z: 0 V: 0 C: 1      
162:    sys indir                     ops:           2882,          r0: 10 r1: 0 r2: 0 r3: 0 r4: 2913 r5: 5170 sp: 65508 pc: 2882              N: 1 Z: 0 V: 0 C: 1      
2882:   sys stat                      ops:           a.tmp1, outbuf, r0: 10 r1: 0 r2: 0 r3: 0 r4: 2913 r5: 5170 sp: 65508 pc: 2884              N: 1 Z: 0 V: 0 C: 1      
166:    bcc 182.                      src: 35508                    r0: 10 r1: 0 r2: 0 r3: 0 r4: 2913 r5: 5170 sp: 65508 pc: 168               N: 1 Z: 0 V: 0 C: 1      
168:    mov r4, 2890.                 src: 2913      dst: 0         r0: 10 r1: 0 r2: 0 r3: 0 r4: 2913 r5: 5170 sp: 65508 pc: 172               N: 0 Z: 0 V: 0 C: 1      
172:    sys indir                     ops:           2888,          r0: 10 r1: 0 r2: 0 r3: 0 r4: 2913 r5: 5170 sp: 65508 pc: 2888              N: 0 Z: 0 V: 0 C: 1      
2888:   sys creat                     ops:           a.tmp1, 292,   r0: 4 r1: 0 r2: 0 r3: 0 r4: 2913 r5: 5170 sp: 65508 pc: 2894               N: 0 Z: 0 V: 0 C: 0      
176:    bcs 182.                      src: 35508                    r0: 4 r1: 0 r2: 0 r3: 0 r4: 2913 r5: 5170 sp: 65508 pc: 178                N: 0 Z: 0 V: 0 C: 0      
178:    mov (sp)+, r4                 src: 0         dst: 2913      r0: 4 r1: 0 r2: 0 r3: 0 r4: 0 r5: 5170 sp: 65510 pc: 180                   N: 0 Z: 1 V: 0 C: 0      
180:    rts r5                        src: 5170                     r0: 4 r1: 0 r2: 0 r3: 0 r4: 0 r5: 65514 sp: 65512 pc: 5170                 N: 0 Z: 1 V: 0 C: 0      
5170:   movb r0, pof [8828.]          src: 4         dst: 0         r0: 4 r1: 0 r2: 0 r3: 0 r4: 0 r5: 65514 sp: 65512 pc: 5174                 N: 0 Z: 0 V: 0 C: 0      
5174:   jsr r5, fcreat [154.]         src: 65514     dst: 4390      r0: 4 r1: 0 r2: 0 r3: 0 r4: 0 r5: 5178 sp: 65510 pc: 154                   N: 0 Z: 0 V: 0 C: 0      
154:    mov r4, -(sp)                 src: 0         dst: 0         r0: 4 r1: 0 r2: 0 r3: 0 r4: 0 r5: 5178 sp: 65508 pc: 156                   N: 0 Z: 1 V: 0 C: 0      
156:    mov (r5)+, r4                 src: 2924      dst: 0         r0: 4 r1: 0 r2: 0 r3: 0 r4: 2924 r5: 5180 sp: 65508 pc: 158                N: 0 Z: 0 V: 0 C: 0      
158:    mov r4, 2884.                 src: 2924      dst: 2913      r0: 4 r1: 0 r2: 0 r3: 0 r4: 2924 r5: 5180 sp: 65508 pc: 162                N: 0 Z: 0 V: 0 C: 0      
162:    sys indir                     ops:           2882,          r0: 4 r1: 0 r2: 0 r3: 0 r4: 2924 r5: 5180 sp: 65508 pc: 2882               N: 0 Z: 0 V: 0 C: 0      
2882:   sys stat                      ops:           a.tmp2, outbuf, r0: 4 r1: 0 r2: 0 r3: 0 r4: 2924 r5: 5180 sp: 65508 pc: 2886               N: 0 Z: 0 V: 0 C: 0      
166:    bcc 182.                      src: 35508                    r0: 4 r1: 0 r2: 0 r3: 0 r4: 2924 r5: 5180 sp: 65508 pc: 182                N: 0 Z: 0 V: 0 C: 0      
182:    incb 9.(r4)                   src: 97                       r0: 4 r1: 0 r2: 0 r3: 0 r4: 2924 r5: 5180 sp: 65508 pc: 186                N: 0 Z: 0 V: 0 C: 0      
186:    cmpb 9.(r4), $122.            src: 98        dst: 122       r0: 4 r1: 0 r2: 0 r3: 0 r4: 2924 r5: 5180 sp: 65508 pc: 192                N: 1 Z: 0 V: 0 C: 1      
192:    blos 162.                     src: 35072                    r0: 4 r1: 0 r2: 0 r3: 0 r4: 2924 r5: 5180 sp: 65508 pc: 162                N: 1 Z: 0 V: 0 C: 1      
162:    sys indir                     ops:           2882,          r0: 4 r1: 0 r2: 0 r3: 0 r4: 2924 r5: 5180 sp: 65508 pc: 2882               N: 1 Z: 0 V: 0 C: 1      
2882:   sys stat                      ops:           a.tmp2, outbuf, r0: 4 r1: 0 r2: 0 r3: 0 r4: 2924 r5: 5180 sp: 65508 pc: 2886               N: 1 Z: 0 V: 0 C: 0      
166:    bcc 182.                      src: 35508                    r0: 4 r1: 0 r2: 0 r3: 0 r4: 2924 r5: 5180 sp: 65508 pc: 182                N: 1 Z: 0 V: 0 C: 0      
182:    incb 9.(r4)                   src: 98                       r0: 4 r1: 0 r2: 0 r3: 0 r4: 2924 r5: 5180 sp: 65508 pc: 186                N: 0 Z: 0 V: 0 C: 0      
186:    cmpb 9.(r4), $122.            src: 99        dst: 122       r0: 4 r1: 0 r2: 0 r3: 0 r4: 2924 r5: 5180 sp: 65508 pc: 192                N: 1 Z: 0 V: 0 C: 1      
192:    blos 162.                     src: 35072                    r0: 4 r1: 0 r2: 0 r3: 0 r4: 2924 r5: 5180 sp: 65508 pc: 162                N: 1 Z: 0 V: 0 C: 1      
162:    sys indir                     ops:           2882,          r0: 4 r1: 0 r2: 0 r3: 0 r4: 2924 r5: 5180 sp: 65508 pc: 2882               N: 1 Z: 0 V: 0 C: 1      
2882:   sys stat                      ops:           a.tmp2, outbuf, r0: 4 r1: 0 r2: 0 r3: 0 r4: 2924 r5: 5180 sp: 65508 pc: 2886               N: 1 Z: 0 V: 0 C: 0      
166:    bcc 182.                      src: 35508                    r0: 4 r1: 0 r2: 0 r3: 0 r4: 2924 r5: 5180 sp: 65508 pc: 182                N: 1 Z: 0 V: 0 C: 0      
182:    incb 9.(r4)                   src: 99                       r0: 4 r1: 0 r2: 0 r3: 0 r4: 2924 r5: 5180 sp: 65508 pc: 186                N: 0 Z: 0 V: 0 C: 0      
186:    cmpb 9.(r4), $122.            src: 100       dst: 122       r0: 4 r1: 0 r2: 0 r3: 0 r4: 2924 r5: 5180 sp: 65508 pc: 192                N: 1 Z: 0 V: 0 C: 1      
192:    blos 162.                     src: 35072                    r0: 4 r1: 0 r2: 0 r3: 0 r4: 2924 r5: 5180 sp: 65508 pc: 162                N: 1 Z: 0 V: 0 C: 1      
162:    sys indir                     ops:           2882,          r0: 4 r1: 0 r2: 0 r3: 0 r4: 2924 r5: 5180 sp: 65508 pc: 2882               N: 1 Z: 0 V: 0 C: 1      
2882:   sys stat                      ops:           a.tmp2, outbuf, r0: 4 r1: 0 r2: 0 r3: 0 r4: 2924 r5: 5180 sp: 65508 pc: 2886               N: 1 Z: 0 V: 0 C: 0      
166:    bcc 182.                      src: 35508                    r0: 4 r1: 0 r2: 0 r3: 0 r4: 2924 r5: 5180 sp: 65508 pc: 182                N: 1 Z: 0 V: 0 C: 0      
182:    incb 9.(r4)                   src: 100                      r0: 4 r1: 0 r2: 0 r3: 0 r4: 2924 r5: 5180 sp: 65508 pc: 186                N: 0 Z: 0 V: 0 C: 0      
186:    cmpb 9.(r4), $122.            src: 101       dst: 122       r0: 4 r1: 0 r2: 0 r3: 0 r4: 2924 r5: 5180 sp: 65508 pc: 192                N: 1 Z: 0 V: 0 C: 1      
192:    blos 162.                     src: 35072                    r0: 4 r1: 0 r2: 0 r3: 0 r4: 2924 r5: 5180 sp: 65508 pc: 162                N: 1 Z: 0 V: 0 C: 1      
162:    sys indir                     ops:           2882,          r0: 4 r1: 0 r2: 0 r3: 0 r4: 2924 r5: 5180 sp: 65508 pc: 2882               N: 1 Z: 0 V: 0 C: 1      
2882:   sys stat                      ops:           a.tmp2, outbuf, r0: 4 r1: 0 r2: 0 r3: 0 r4: 2924 r5: 5180 sp: 65508 pc: 2884               N: 1 Z: 0 V: 0 C: 1      
166:    bcc 182.                      src: 35508                    r0: 4 r1: 0 r2: 0 r3: 0 r4: 2924 r5: 5180 sp: 65508 pc: 168                N: 1 Z: 0 V: 0 C: 1      
168:    mov r4, 2890.                 src: 2924      dst: 2913      r0: 4 r1: 0 r2: 0 r3: 0 r4: 2924 r5: 5180 sp: 65508 pc: 172                N: 0 Z: 0 V: 0 C: 1      
172:    sys indir                     ops:           2888,          r0: 4 r1: 0 r2: 0 r3: 0 r4: 2924 r5: 5180 sp: 65508 pc: 2888               N: 0 Z: 0 V: 0 C: 1      
2888:   sys creat                     ops:           a.tmp2, 292,   r0: 5 r1: 0 r2: 0 r3: 0 r4: 2924 r5: 5180 sp: 65508 pc: 2894               N: 0 Z: 0 V: 0 C: 0      
176:    bcs 182.                      src: 35508                    r0: 5 r1: 0 r2: 0 r3: 0 r4: 2924 r5: 5180 sp: 65508 pc: 178                N: 0 Z: 0 V: 0 C: 0      
178:    mov (sp)+, r4                 src: 0         dst: 2924      r0: 5 r1: 0 r2: 0 r3: 0 r4: 0 r5: 5180 sp: 65510 pc: 180                   N: 0 Z: 1 V: 0 C: 0      
180:    rts r5                        src: 5180                     r0: 5 r1: 0 r2: 0 r3: 0 r4: 0 r5: 65514 sp: 65512 pc: 5180                 N: 0 Z: 1 V: 0 C: 0      
5180:   movb r0, fbfil [8831.]        src: 5         dst: 0         r0: 5 r1: 0 r2: 0 r3: 0 r4: 0 r5: 65514 sp: 65512 pc: 5184                 N: 0 Z: 0 V: 0 C: 0      
5184:   jsr pc, setup [5192.]         src: 5184      dst: 5569      r0: 5 r1: 0 r2: 0 r3: 0 r4: 0 r5: 65514 sp: 65510 pc: 5192                 N: 0 Z: 0 V: 0 C: 0      
5192:   mov $symtab, r1               src: 2970      dst: 0         r0: 5 r1: 2970 r2: 0 r3: 0 r4: 0 r5: 65514 sp: 65510 pc: 5196              N: 0 Z: 0 V: 0 C: 0      
5196:   clr r3                        src: 0                        r0: 5 r1: 2970 r2: 0 r3: 0 r4: 0 r5: 65514 sp: 65510 pc: 5198              N: 0 Z: 1 V: 0 C: 0      
5198:   mov $8., r2                   src: 8         dst: 0         r0: 5 r1: 2970 r2: 8 r3: 0 r4: 0 r5: 65514 sp: 65510 pc: 5202              N: 0 Z: 0 V: 0 C: 0      
5202:   mov r1, -(sp)                 src: 2970      dst: 0         r0: 5 r1: 2970 r2: 8 r3: 0 r4: 0 r5: 65514 sp: 65508 pc: 5204              N: 0 Z: 0 V: 0 C: 0      
5204:   movb (r1)+, r4                src: 46        dst: 0         r0: 5 r1: 2971 r2: 8 r3: 0 r4: 46 r5: 65514 sp: 65508 pc: 5206             N: 0 Z: 0 V: 0 C: 0      
5206:   beq 5214.                     src: 2562                     r0: 5 r1: 2971 r2: 8 r3: 0 r4: 46 r5: 65514 sp: 65508 pc: 5208             N: 0 Z: 0 V: 0 C: 0      
5208:   add r4, r3                    src: 46        dst: 0         r0: 5 r1: 2971 r2: 8 r3: 46 r4: 46 r5: 65514 sp: 65508 pc: 5210            N: 0 Z: 0 V: 0 C: 0      
5210:   swab r3                       src: 46                       r0: 5 r1: 2971 r2: 8 r3: 11776 r4: 46 r5: 65514 sp: 65508 pc: 5212         N: 0 Z: 1 V: 0 C: 0      
5212:   sob r2, 5204.                 src: 8         dst: 68        r0: 5 r1: 2971 r2: 7 r3: 11776 r4: 46 r5: 65514 sp: 65508 pc: 5204         N: 0 Z: 1 V: 0 C: 0      
5204:   movb (r1)+, r4                src: 0         dst: 46        r0: 5 r1: 2972 r2: 7 r3: 11776 r4: 0 r5: 65514 sp: 65508 pc: 5206          N: 0 Z: 1 V: 0 C: 0      
5206:   beq 5214.                     src: 2562                     r0: 5 r1: 2972 r2: 7 r3: 11776 r4: 0 r5: 65514 sp: 65508 pc: 5214          N: 0 Z: 1 V: 0 C: 0      
5214:   clr r2                        src: 7                        r0: 5 r1: 2972 r2: 0 r3: 11776 r4: 0 r5: 65514 sp: 65508 pc: 5216          N: 0 Z: 1 V: 0 C: 0      
5216:   div $hshsiz, r2               src: 1553      dst: 0         r0: 5 r1: 2972 r2: 7 r3: 905 r4: 0 r5: 65514 sp: 65508 pc: 5220            N: 0 Z: 0 V: 0 C: 0      
5220:   ashc $1., r2                  src: 1         dst: 7         r0: 5 r1: 2972 r2: 14 r3: 1810 r4: 0 r5: 65514 sp: 65508 pc: 5224          N: 0 Z: 0 V: 0 C: 0      
5224:   add $hshtab, r3               src: 5722      dst: 1810      r0: 5 r1: 2972 r2: 14 r3: 7532 r4: 0 r5: 65514 sp: 65508 pc: 5228          N: 0 Z: 0 V: 0 C: 0      
5228:   sub r2, r3                    src: 14        dst: 7532      r0: 5 r1: 2972 r2: 14 r3: 7518 r4: 0 r5: 65514 sp: 65508 pc: 5230          N: 0 Z: 0 V: 0 C: 0      
5230:   cmp r3, $hshtab               src: 7518      dst: 5722      r0: 5 r1: 2972 r2: 14 r3: 7518 r4: 0 r5: 65514 sp: 65508 pc: 5234          N: 0 Z: 0 V: 0 C: 0      
5234:   bhi 5240.                     src: 3043                     r0: 5 r1: 2972 r2: 14 r3: 7518 r4: 0 r5: 65514 sp: 65508 pc: 5240          N: 0 Z: 0 V: 0 C: 0      
5240:   tst -(r3)                     src: 0                        r0: 5 r1: 2972 r2: 14 r3: 7516 r4: 0 r5: 65514 sp: 65508 pc: 5242          N: 0 Z: 1 V: 0 C: 0      
5242:   bne 5228.                     src: 57475                    r0: 5 r1: 2972 r2: 14 r3: 7516 r4: 0 r5: 65514 sp: 65508 pc: 5244          N: 0 Z: 1 V: 0 C: 0      
5244:   mov (sp)+, r1                 src: 2970      dst: 2972      r0: 5 r1: 2970 r2: 14 r3: 7516 r4: 0 r5: 65514 sp: 65510 pc: 5246          N: 0 Z: 0 V: 0 C: 0      
5246:   mov r1, (r3)                  src: 2970      dst: 0         r0: 5 r1: 2970 r2: 14 r3: 7516 r4: 0 r5: 65514 sp: 65510 pc: 5248          N: 0 Z: 0 V: 0 C: 0      
5248:   add $12., r1                  src: 12        dst: 2970      r0: 5 r1: 2982 r2: 14 r3: 7516 r4: 0 r5: 65514 sp: 65510 pc: 5252          N: 0 Z: 0 V: 0 C: 0      
5252:   cmp r1, $ebsymtab             src: 2982      dst: 5118      r0: 5 r1: 2982 r2: 14 r3: 7516 r4: 0 r5: 65514 sp: 65510 pc: 5256          N: 1 Z: 0 V: 0 C: 1      
5256:   bcs 5196.                     src: 2563                     r0: 5 r1: 2982 r2: 14 r3: 7516 r4: 0 r5: 65514 sp: 65510 pc: 5196          N: 1 Z: 0 V: 0 C: 1      
5196:   clr r3                        src: 7516                     r0: 5 r1: 2982 r2: 14 r3: 0 r4: 0 r5: 65514 sp: 65510 pc: 5198             N: 0 Z: 1 V: 0 C: 0      
5198:   mov $8., r2                   src: 8         dst: 14        r0: 5 r1: 2982 r2: 8 r3: 0 r4: 0 r5: 65514 sp: 65510 pc: 5202              N: 0 Z: 0 V: 0 C: 0      
5202:   mov r1, -(sp)                 src: 2982      dst: 2970      r0: 5 r1: 2982 r2: 8 r3: 0 r4: 0 r5: 65514 sp: 65508 pc: 5204              N: 0 Z: 0 V: 0 C: 0      
5204:   movb (r1)+, r4                src: 46        dst: 0         r0: 5 r1: 2983 r2: 8 r3: 0 r4: 46 r5: 65514 sp: 65508 pc: 5206             N: 0 Z: 0 V: 0 C: 0      
5206:   beq 5214.                     src: 2562                     r0: 5 r1: 2983 r2: 8 r3: 0 r4: 46 r5: 65514 sp: 65508 pc: 5208             N: 0 Z: 0 V: 0 C: 0      
5208:   add r4, r3                    src: 46        dst: 0         r0: 5 r1: 2983 r2: 8 r3: 46 r4: 46 r5: 65514 sp: 65508 pc: 5210            N: 0 Z: 0 V: 0 C: 0      
5210:   swab r3                       src: 46                       r0: 5 r1: 2983 r2: 8 r3: 11776 r4: 46 r5: 65514 sp: 65508 pc: 5212         N: 0 Z: 1 V: 0 C: 0      
5212:   sob r2, 5204.                 src: 8         dst: 68        r0: 5 r1: 2983 r2: 7 r3: 11776 r4: 46 r5: 65514 sp: 65508 pc: 5204         N: 0 Z: 1 V: 0 C: 0      
5204:   movb (r1)+, r4                src: 46        dst: 46        r0: 5 r1: 2984 r2: 7 r3: 11776 r4: 46 r5: 65514 sp: 65508 pc: 5206         N: 0 Z: 0 V: 0 C: 0      
5206:   beq 5214.                     src: 2562                     r0: 5 r1: 2984 r2: 7 r3: 11776 r4: 46 r5: 65514 sp: 65508 pc: 5208         N: 0 Z: 0 V: 0 C: 0      
5208:   add r4, r3                    src: 46        dst: 11776     r0: 5 r1: 2984 r2: 7 r3: 11822 r4: 46 r5: 65514 sp: 65508 pc: 5210         N: 0 Z: 0 V: 0 C: 0      
5210:   swab r3                       src: 11822                    r0: 5 r1: 2984 r2: 7 r3: 11822 r4: 46 r5: 65514 sp: 65508 pc: 5212         N: 0 Z: 0 V: 0 C: 0      
5212:   sob r2, 5204.                 src: 7         dst: 68        r0: 5 r1: 2984 r2: 6 r3: 11822 r4: 46 r5: 65514 sp: 65508 pc: 5204         N: 0 Z: 0 V: 0 C: 0      
5204:   movb (r1)+, r4                src: 0         dst: 46        r0: 5 r1: 2985 r2: 6 r3: 11822 r4: 0 r5: 65514 sp: 65508 pc: 5206          N: 0 Z: 1 V: 0 C: 0      
5206:   beq 5214.                     src: 2562                     r0: 5 r1: 2985 r2: 6 r3: 11822 r4: 0 r5: 65514 sp: 65508 pc: 5214          N: 0 Z: 1 V: 0 C: 0      
5214:   clr r2                        src: 6                        r0: 5 r1: 2985 r2: 0 r3: 11822 r4: 0 r5: 65514 sp: 65508 pc: 5216          N: 0 Z: 1 V: 0 C: 0      
5216:   div $hshsiz, r2               src: 1553      dst: 0         r0: 5 r1: 2985 r2: 7 r3: 951 r4: 0 r5: 65514 sp: 65508 pc: 5220            N: 0 Z: 0 V: 0 C: 0      
5220:   ashc $1., r2                  src: 1         dst: 7         r0: 5 r1: 2985 r2: 14 r3: 1902 r4: 0 r5: 65514 sp: 65508 pc: 5224          N: 0 Z: 0 V: 0 C: 0      
5224:   add $hshtab, r3               src: 5722      dst: 1902      r0: 5 r1: 2985 r2: 14 r3: 7624 r4: 0 r5: 65514 sp: 65508 pc: 5228          N: 0 Z: 0 V: 0 C: 0      
5228:   sub r2, r3                    src: 14        dst: 7624      r0: 5 r1: 2985 r2: 14 r3: 7610 r4: 0 r5: 65514 sp: 65508 pc: 5230          N: 0 Z: 0 V: 0 C: 0      
5230:   cmp r3, $hshtab               src: 7610      dst: 5722      r0: 5 r1: 2985 r2: 14 r3: 7610 r4: 0 r5: 65514 sp: 65508 pc: 5234          N: 0 Z: 0 V: 0 C: 0      
5234:   bhi 5240.                     src: 3043                     r0: 5 r1: 2985 r2: 14 r3: 7610 r4: 0 r5: 65514 sp: 65508 pc: 5240          N: 0 Z: 0 V: 0 C: 0      
5240:   tst -(r3)                     src: 1                        r0: 5 r1: 2985 r2: 14 r3: 7608 r4: 0 r5: 65514 sp: 65508 pc: 5242          N: 0 Z: 0 V: 0 C: 0      
5242:   bne 5228.                     src: 57475                    r0: 5 r1: 2985 r2: 14 r3: 7608 r4: 0 r5: 65514 sp: 65508 pc: 5228          N: 0 Z: 0 V: 0 C: 0      
5228:   sub r2, r3                    src: 14        dst: 7608      r0: 5 r1: 2985 r2: 14 r3: 7594 r4: 0 r5: 65514 sp: 65508 pc: 5230          N: 0 Z: 0 V: 0 C: 0      
5230:   cmp r3, $hshtab               src: 7594      dst: 5722      r0: 5 r1: 2985 r2: 14 r3: 7594 r4: 0 r5: 65514 sp: 65508 pc: 5234          N: 0 Z: 0 V: 0 C: 0      
5234:   bhi 5240.                     src: 3043                     r0: 5 r1: 2985 r2: 14 r3: 7594 r4: 0 r5: 65514 sp: 65508 pc: 5240          N: 0 Z: 0 V: 0 C: 0      
5240:   tst -(r3)                     src: 0                        r0: 5 r1: 2985 r2: 14 r3: 7592 r4: 0 r5: 65514 sp: 65508 pc: 5242          N: 0 Z: 1 V: 0 C: 0      
5242:   bne 5228.                     src: 57475                    r0: 5 r1: 2985 r2: 14 r3: 7592 r4: 0 r5: 65514 sp: 65508 pc: 5244          N: 0 Z: 1 V: 0 C: 0      
5244:   mov (sp)+, r1                 src: 2982      dst: 2985      r0: 5 r1: 2982 r2: 14 r3: 7592 r4: 0 r5: 65514 sp: 65510 pc: 5246          N: 0 Z: 0 V: 0 C: 0      
5246:   mov r1, (r3)                  src: 2982      dst: 0         r0: 5 r1: 2982 r2: 14 r3: 7592 r4: 0 r5: 65514 sp: 65510 pc: 5248          N: 0 Z: 0 V: 0 C: 0      
5248:   add $12., r1                  src: 12        dst: 2982      r0: 5 r1: 2994 r2: 14 r3: 7592 r4: 0 r5: 65514 sp: 65510 pc: 5252          N: 0 Z: 0 V: 0 C: 0      
5252:   cmp r1, $ebsymtab             src: 2994      dst: 5118      r0: 5 r1: 2994 r2: 14 r3: 7592 r4: 0 r5: 65514 sp: 65510 pc: 5256          N: 1 Z: 0 V: 0 C: 1      
5256:   bcs 5196.                     src: 2563                     r0: 5 r1: 2994 r2: 14 r3: 7592 r4: 0 r5: 65514 sp: 65510 pc: 5196          N: 1 Z: 0 V: 0 C: 1      
5196:   clr r3                        src: 7592                     r0: 5 r1: 2994 r2: 14 r3: 0 r4: 0 r5: 65514 sp: 65510 pc: 5198             N: 0 Z: 1 V: 0 C: 0      
5198:   mov $8., r2                   src: 8         dst: 14        r0: 5 r1: 2994 r2: 8 r3: 0 r4: 0 r5: 65514 sp: 65510 pc: 5202              N: 0 Z: 0 V: 0 C: 0      
5202:   mov r1, -(sp)                 src: 2994      dst: 2982      r0: 5 r1: 2994 r2: 8 r3: 0 r4: 0 r5: 65514 sp: 65508 pc: 5204              N: 0 Z: 0 V: 0 C: 0      
5204:   movb (r1)+, r4                src: 114       dst: 0         r0: 5 r1: 2995 r2: 8 r3: 0 r4: 114 r5: 65514 sp: 65508 pc: 5206            N: 0 Z: 0 V: 0 C: 0      
5206:   beq 5214.                     src: 2562                     r0: 5 r1: 2995 r2: 8 r3: 0 r4: 114 r5: 65514 sp: 65508 pc: 5208            N: 0 Z: 0 V: 0 C: 0      
5208:   add r4, r3                    src: 114       dst: 0         r0: 5 r1: 2995 r2: 8 r3: 114 r4: 114 r5: 65514 sp: 65508 pc: 5210          N: 0 Z: 0 V: 0 C: 0      
5210:   swab r3                       src: 114                      r0: 5 r1: 2995 r2: 8 r3: 29184 r4: 114 r5: 65514 sp: 65508 pc: 5212        N: 0 Z: 1 V: 0 C: 0      
5212:   sob r2, 5204.                 src: 8         dst: 68        r0: 5 r1: 2995 r2: 7 r3: 29184 r4: 114 r5: 65514 sp: 65508 pc: 5204        N: 0 Z: 1 V: 0 C: 0      
5204:   movb (r1)+, r4                src: 48        dst: 114       r0: 5 r1: 2996 r2: 7 r3: 29184 r4: 48 r5: 65514 sp: 65508 pc: 5206         N: 0 Z: 0 V: 0 C: 0      
5206:   beq 5214.                     src: 2562                     r0: 5 r1: 2996 r2: 7 r3: 29184 r4: 48 r5: 65514 sp: 65508 pc: 5208         N: 0 Z: 0 V: 0 C: 0      
5208:   add r4, r3                    src: 48        dst: 29184     r0: 5 r1: 2996 r2: 7 r3: 29232 r4: 48 r5: 65514 sp: 65508 pc: 5210         N: 0 Z: 0 V: 0 C: 0      
5210:   swab r3                       src: 29232                    r0: 5 r1: 2996 r2: 7 r3: 12402 r4: 48 r5: 65514 sp: 65508 pc: 5212         N: 0 Z: 0 V: 0 C: 0      
5212:   sob r2, 5204.                 src: 7         dst: 68        r0: 5 r1: 2996 r2: 6 r3: 12402 r4: 48 r5: 65514 sp: 65508 pc: 5204         N: 0 Z: 0 V: 0 C: 0      
5204:   movb (r1)+, r4                src: 0         dst: 48        r0: 5 r1: 2997 r2: 6 r3: 12402 r4: 0 r5: 65514 sp: 65508 pc: 5206          N: 0 Z: 1 V: 0 C: 0      
5206:   beq 5214.                     src: 2562                     r0: 5 r1: 2997 r2: 6 r3: 12402 r4: 0 r5: 65514 sp: 65508 pc: 5214          N: 0 Z: 1 V: 0 C: 0      
5214:   clr r2                        src: 6                        r0: 5 r1: 2997 r2: 0 r3: 12402 r4: 0 r5: 65514 sp: 65508 pc: 5216          N: 0 Z: 1 V: 0 C: 0      
5216:   div $hshsiz, r2               src: 1553      dst: 0         r0: 5 r1: 2997 r2: 7 r3: 1531 r4: 0 r5: 65514 sp: 65508 pc: 5220           N: 0 Z: 0 V: 0 C: 0      
5220:   ashc $1., r2                  src: 1         dst: 7         r0: 5 r1: 2997 r2: 14 r3: 3062 r4: 0 r5: 65514 sp: 65508 pc: 5224          N: 0 Z: 0 V: 0 C: 0      
5224:   add $hshtab, r3               src: 5722      dst: 3062      r0: 5 r1: 2997 r2: 14 r3: 8784 r4: 0 r5: 65514 sp: 65508 pc: 5228          N: 0 Z: 0 V: 0 C: 0      
5228:   sub r2, r3                    src: 14        dst: 8784      r0: 5 r1: 2997 r2: 14 r3: 8770 r4: 0 r5: 65514 sp: 65508 pc: 5230          N: 0 Z: 0 V: 0 C: 0      
5230:   cmp r3, $hshtab               src: 8770      dst: 5722      r0: 5 r1: 2997 r2: 14 r3: 8770 r4: 0 r5: 65514 sp: 65508 pc: 5234          N: 0 Z: 0 V: 0 C: 0      
5234:   bhi 5240.                     src: 3043                     r0: 5 r1: 2997 r2: 14 r3: 8770 r4: 0 r5: 65514 sp: 65508 pc: 5240          N: 0 Z: 0 V: 0 C: 0      
5240:   tst -(r3)                     src: 0                        r0: 5 r1: 2997 r2: 14 r3: 8768 r4: 0 r5: 65514 sp: 65508 pc: 5242          N: 0 Z: 1 V: 0 C: 0      
5242:   bne 5228.                     src: 57475                    r0: 5 r1: 2997 r2: 14 r3: 8768 r4: 0 r5: 65514 sp: 65508 pc: 5244          N: 0 Z: 1 V: 0 C: 0      
5244:   mov (sp)+, r1                 src: 2994      dst: 2997      r0: 5 r1: 2994 r2: 14 r3: 8768 r4: 0 r5: 65514 sp: 65510 pc: 5246          N: 0 Z: 0 V: 0 C: 0      
5246:   mov r1, (r3)                  src: 2994      dst: 0         r0: 5 r1: 2994 r2: 14 r3: 8768 r4: 0 r5: 65514 sp: 65510 pc: 5248          N: 0 Z: 0 V: 0 C: 0      
5248:   add $12., r1                  src: 12        dst: 2994      r0: 5 r1: 3006 r2: 14 r3: 8768 r4: 0 r5: 65514 sp: 65510 pc: 5252          N: 0 Z: 0 V: 0 C: 0      
5252:   cmp r1, $ebsymtab             src: 3006      dst: 5118      r0: 5 r1: 3006 r2: 14 r3: 8768 r4: 0 r5: 65514 sp: 65510 pc: 5256          N: 1 Z: 0 V: 0 C: 1      
5256:   bcs 5196.                     src: 2563                     r0: 5 r1: 3006 r2: 14 r3: 8768 r4: 0 r5: 65514 sp: 65510 pc: 5196          N: 1 Z: 0 V: 0 C: 1      
5196:   clr r3                        src: 8768                     r0: 5 r1: 3006 r2: 14 r3: 0 r4: 0 r5: 65514 sp: 65510 pc: 5198             N: 0 Z: 1 V: 0 C: 0      
5198:   mov $8., r2                   src: 8         dst: 14        r0: 5 r1: 3006 r2: 8 r3: 0 r4: 0 r5: 65514 sp: 65510 pc: 5202              N: 0 Z: 0 V: 0 C: 0      
5202:   mov r1, -(sp)                 src: 3006      dst: 2994      r0: 5 r1: 3006 r2: 8 r3: 0 r4: 0 r5: 65514 sp: 65508 pc: 5204              N: 0 Z: 0 V: 0 C: 0      
5204:   movb (r1)+, r4                src: 114       dst: 0         r0: 5 r1: 3007 r2: 8 r3: 0 r4: 114 r5: 65514 sp: 65508 pc: 5206            N: 0 Z: 0 V: 0 C: 0      
5206:   beq 5214.                     src: 2562                     r0: 5 r1: 3007 r2: 8 r3: 0 r4: 114 r5: 65514 sp: 65508 pc: 5208            N: 0 Z: 0 V: 0 C: 0      
5208:   add r4, r3                    src: 114       dst: 0         r0: 5 r1: 3007 r2: 8 r3: 114 r4: 114 r5: 65514 sp: 65508 pc: 5210          N: 0 Z: 0 V: 0 C: 0      
5210:   swab r3                       src: 114                      r0: 5 r1: 3007 r2: 8 r3: 29184 r4: 114 r5: 65514 sp: 65508 pc: 5212        N: 0 Z: 1 V: 0 C: 0      
5212:   sob r2, 5204.                 src: 8         dst: 68        r0: 5 r1: 3007 r2: 7 r3: 29184 r4: 114 r5: 65514 sp: 65508 pc: 5204        N: 0 Z: 1 V: 0 C: 0      
5204:   movb (r1)+, r4                src: 49        dst: 114       r0: 5 r1: 3008 r2: 7 r3: 29184 r4: 49 r5: 65514 sp: 65508 pc: 5206         N: 0 Z: 0 V: 0 C: 0      
5206:   beq 5214.                     src: 2562                     r0: 5 r1: 3008 r2: 7 r3: 29184 r4: 49 r5: 65514 sp: 65508 pc: 5208         N: 0 Z: 0 V: 0 C: 0      
5208:   add r4, r3                    src: 49        dst: 29184     r0: 5 r1: 3008 r2: 7 r3: 29233 r4: 49 r5: 65514 sp: 65508 pc: 5210         N: 0 Z: 0 V: 0 C: 0      
5210:   swab r3                       src: 29233                    r0: 5 r1: 3008 r2: 7 r3: 12658 r4: 49 r5: 65514 sp: 65508 pc: 5212         N: 0 Z: 0 V: 0 C: 0      
5212:   sob r2, 5204.                 src: 7         dst: 68        r0: 5 r1: 3008 r2: 6 r3: 12658 r4: 49 r5: 65514 sp: 65508 pc: 5204         N: 0 Z: 0 V: 0 C: 0      
5204:   movb (r1)+, r4                src: 0         dst: 49        r0: 5 r1: 3009 r2: 6 r3: 12658 r4: 0 r5: 65514 sp: 65508 pc: 5206          N: 0 Z: 1 V: 0 C: 0      
5206:   beq 5214.                     src: 2562                     r0: 5 r1: 3009 r2: 6 r3: 12658 r4: 0 r5: 65514 sp: 65508 pc: 5214          N: 0 Z: 1 V: 0 C: 0      
5214:   clr r2                        src: 6                        r0: 5 r1: 3009 r2: 0 r3: 12658 r4: 0 r5: 65514 sp: 65508 pc: 5216          N: 0 Z: 1 V: 0 C: 0      
5216:   div $hshsiz, r2               src: 1553      dst: 0         r0: 5 r1: 3009 r2: 8 r3: 234 r4: 0 r5: 65514 sp: 65508 pc: 5220            N: 0 Z: 0 V: 0 C: 0      
5220:   ashc $1., r2                  src: 1         dst: 8         r0: 5 r1: 3009 r2: 16 r3: 468 r4: 0 r5: 65514 sp: 65508 pc: 5224           N: 0 Z: 0 V: 0 C: 0      
5224:   add $hshtab, r3               src: 5722      dst: 468       r0: 5 r1: 3009 r2: 16 r3: 6190 r4: 0 r5: 65514 sp: 65508 pc: 5228          N: 0 Z: 0 V: 0 C: 0      
5228:   sub r2, r3                    src: 16        dst: 6190      r0: 5 r1: 3009 r2: 16 r3: 6174 r4: 0 r5: 65514 sp: 65508 pc: 5230          N: 0 Z: 0 V: 0 C: 0      
5230:   cmp r3, $hshtab               src: 6174      dst: 5722      r0: 5 r1: 3009 r2: 16 r3: 6174 r4: 0 r5: 65514 sp: 65508 pc: 5234          N: 0 Z: 0 V: 0 C: 0      
5234:   bhi 5240.                     src: 3043                     r0: 5 r1: 3009 r2: 16 r3: 6174 r4: 0 r5: 65514 sp: 65508 pc: 5240          N: 0 Z: 0 V: 0 C: 0      
5240:   tst -(r3)                     src: 1                        r0: 5 r1: 3009 r2: 16 r3: 6172 r4: 0 r5: 65514 sp: 65508 pc: 5242          N: 0 Z: 0 V: 0 C: 0      
5242:   bne 5228.                     src: 57475                    r0: 5 r1: 3009 r2: 16 r3: 6172 r4: 0 r5: 65514 sp: 65508 pc: 5228          N: 0 Z: 0 V: 0 C: 0      
5228:   sub r2, r3                    src: 16        dst: 6172      r0: 5 r1: 3009 r2: 16 r3: 6156 r4: 0 r5: 65514 sp: 65508 pc: 5230          N: 0 Z: 0 V: 0 C: 0      
5230:   cmp r3, $hshtab               src: 6156      dst: 5722      r0: 5 r1: 3009 r2: 16 r3: 6156 r4: 0 r5: 65514 sp: 65508 pc: 5234          N: 0 Z: 0 V: 0 C: 0      
5234:   bhi 5240.                     src: 3043                     r0: 5 r1: 3009 r2: 16 r3: 6156 r4: 0 r5: 65514 sp: 65508 pc: 5240          N: 0 Z: 0 V: 0 C: 0      
5240:   tst -(r3)                     src: 0                        r0: 5 r1: 3009 r2: 16 r3: 6154 r4: 0 r5: 65514 sp: 65508 pc: 5242          N: 0 Z: 1 V: 0 C: 0      
5242:   bne 5228.                     src: 57475                    r0: 5 r1: 3009 r2: 16 r3: 6154 r4: 0 r5: 65514 sp: 65508 pc: 5244          N: 0 Z: 1 V: 0 C: 0      
5244:   mov (sp)+, r1                 src: 3006      dst: 3009      r0: 5 r1: 3006 r2: 16 r3: 6154 r4: 0 r5: 65514 sp: 65510 pc: 5246          N: 0 Z: 0 V: 0 C: 0      
5246:   mov r1, (r3)                  src: 3006      dst: 0         r0: 5 r1: 3006 r2: 16 r3: 6154 r4: 0 r5: 65514 sp: 65510 pc: 5248          N: 0 Z: 0 V: 0 C: 0      
5248:   add $12., r1                  src: 12        dst: 3006      r0: 5 r1: 3018 r2: 16 r3: 6154 r4: 0 r5: 65514 sp: 65510 pc: 5252          N: 0 Z: 0 V: 0 C: 0      
5252:   cmp r1, $ebsymtab             src: 3018      dst: 5118      r0: 5 r1: 3018 r2: 16 r3: 6154 r4: 0 r5: 65514 sp: 65510 pc: 5256          N: 1 Z: 0 V: 0 C: 1      
5256:   bcs 5196.                     src: 2563                     r0: 5 r1: 3018 r2: 16 r3: 6154 r4: 0 r5: 65514 sp: 65510 pc: 5196          N: 1 Z: 0 V: 0 C: 1      
5196:   clr r3                        src: 6154                     r0: 5 r1: 3018 r2: 16 r3: 0 r4: 0 r5: 65514 sp: 65510 pc: 5198             N: 0 Z: 1 V: 0 C: 0      
5198:   mov $8., r2                   src: 8         dst: 16        r0: 5 r1: 3018 r2: 8 r3: 0 r4: 0 r5: 65514 sp: 65510 pc: 5202              N: 0 Z: 0 V: 0 C: 0      
5202:   mov r1, -(sp)                 src: 3018      dst: 3006      r0: 5 r1: 3018 r2: 8 r3: 0 r4: 0 r5: 65514 sp: 65508 pc: 5204              N: 0 Z: 0 V: 0 C: 0      
5204:   movb (r1)+, r4                src: 114       dst: 0         r0: 5 r1: 3019 r2: 8 r3: 0 r4: 114 r5: 65514 sp: 65508 pc: 5206            N: 0 Z: 0 V: 0 C: 0      
5206:   beq 5214.                     src: 2562                     r0: 5 r1: 3019 r2: 8 r3: 0 r4: 114 r5: 65514 sp: 65508 pc: 5208            N: 0 Z: 0 V: 0 C: 0      
5208:   add r4, r3                    src: 114       dst: 0         r0: 5 r1: 3019 r2: 8 r3: 114 r4: 114 r5: 65514 sp: 65508 pc: 5210          N: 0 Z: 0 V: 0 C: 0      
5210:   swab r3                       src: 114                      r0: 5 r1: 3019 r2: 8 r3: 29184 r4: 114 r5: 65514 sp: 65508 pc: 5212        N: 0 Z: 1 V: 0 C: 0      
5212:   sob r2, 5204.                 src: 8         dst: 68        r0: 5 r1: 3019 r2: 7 r3: 29184 r4: 114 r5: 65514 sp: 65508 pc: 5204        N: 0 Z: 1 V: 0 C: 0      
5204:   movb (r1)+, r4                src: 50        dst: 114       r0: 5 r1: 3020 r2: 7 r3: 29184 r4: 50 r5: 65514 sp: 65508 pc: 5206         N: 0 Z: 0 V: 0 C: 0      
5206:   beq 5214.                     src: 2562                     r0: 5 r1: 3020 r2: 7 r3: 29184 r4: 50 r5: 65514 sp: 65508 pc: 5208         N: 0 Z: 0 V: 0 C: 0      
5208:   add r4, r3                    src: 50        dst: 29184     r0: 5 r1: 3020 r2: 7 r3: 29234 r4: 50 r5: 65514 sp: 65508 pc: 5210         N: 0 Z: 0 V: 0 C: 0      
5210:   swab r3                       src: 29234                    r0: 5 r1: 3020 r2: 7 r3: 12914 r4: 50 r5: 65514 sp: 65508 pc: 5212         N: 0 Z: 0 V: 0 C: 0      
5212:   sob r2, 5204.                 src: 7         dst: 68        r0: 5 r1: 3020 r2: 6 r3: 12914 r4: 50 r5: 65514 sp: 65508 pc: 5204         N: 0 Z: 0 V: 0 C: 0      
5204:   movb (r1)+, r4                src: 0         dst: 50        r0: 5 r1: 3021 r2: 6 r3: 12914 r4: 0 r5: 65514 sp: 65508 pc: 5206          N: 0 Z: 1 V: 0 C: 0      
5206:   beq 5214.                     src: 2562                     r0: 5 r1: 3021 r2: 6 r3: 12914 r4: 0 r5: 65514 sp: 65508 pc: 5214          N: 0 Z: 1 V: 0 C: 0      
5214:   clr r2                        src: 6                        r0: 5 r1: 3021 r2: 0 r3: 12914 r4: 0 r5: 65514 sp: 65508 pc: 5216          N: 0 Z: 1 V: 0 C: 0      
5216:   div $hshsiz, r2               src: 1553      dst: 0         r0: 5 r1: 3021 r2: 8 r3: 490 r4: 0 r5: 65514 sp: 65508 pc: 5220            N: 0 Z: 0 V: 0 C: 0      
5220:   ashc $1., r2                  src: 1         dst: 8         r0: 5 r1: 3021 r2: 16 r3: 980 r4: 0 r5: 65514 sp: 65508 pc: 5224           N: 0 Z: 0 V: 0 C: 0      
5224:   add $hshtab, r3               src: 5722      dst: 980       r0: 5 r1: 3021 r2: 16 r3: 6702 r4: 0 r5: 65514 sp: 65508 pc: 5228          N: 0 Z: 0 V: 0 C: 0      
5228:   sub r2, r3                    src: 16        dst: 6702      r0: 5 r1: 3021 r2: 16 r3: 6686 r4: 0 r5: 65514 sp: 65508 pc: 5230          N: 0 Z: 0 V: 0 C: 0      
5230:   cmp r3, $hshtab               src: 6686      dst: 5722      r0: 5 r1: 3021 r2: 16 r3: 6686 r4: 0 r5: 65514 sp: 65508 pc: 5234          N: 0 Z: 0 V: 0 C: 0      
5234:   bhi 5240.                     src: 3043                     r0: 5 r1: 3021 r2: 16 r3: 6686 r4: 0 r5: 65514 sp: 65508 pc: 5240          N: 0 Z: 0 V: 0 C: 0      
5240:   tst -(r3)                     src: 0                        r0: 5 r1: 3021 r2: 16 r3: 6684 r4: 0 r5: 65514 sp: 65508 pc: 5242          N: 0 Z: 1 V: 0 C: 0      
5242:   bne 5228.                     src: 57475                    r0: 5 r1: 3021 r2: 16 r3: 6684 r4: 0 r5: 65514 sp: 65508 pc: 5244          N: 0 Z: 1 V: 0 C: 0      
5244:   mov (sp)+, r1                 src: 3018      dst: 3021      r0: 5 r1: 3018 r2: 16 r3: 6684 r4: 0 r5: 65514 sp: 65510 pc: 5246          N: 0 Z: 0 V: 0 C: 0      
5246:   mov r1, (r3)                  src: 3018      dst: 0         r0: 5 r1: 3018 r2: 16 r3: 6684 r4: 0 r5: 65514 sp: 65510 pc: 5248          N: 0 Z: 0 V: 0 C: 0      
5248:   add $12., r1                  src: 12        dst: 3018      r0: 5 r1: 3030 r2: 16 r3: 6684 r4: 0 r5: 65514 sp: 65510 pc: 5252          N: 0 Z: 0 V: 0 C: 0      
5252:   cmp r1, $ebsymtab             src: 3030      dst: 5118      r0: 5 r1: 3030 r2: 16 r3: 6684 r4: 0 r5: 65514 sp: 65510 pc: 5256          N: 1 Z: 0 V: 0 C: 1      
5256:   bcs 5196.                     src: 2563                     r0: 5 r1: 3030 r2: 16 r3: 6684 r4: 0 r5: 65514 sp: 65510 pc: 5196          N: 1 Z: 0 V: 0 C: 1      
5196:   clr r3                        src: 6684                     r0: 5 r1: 3030 r2: 16 r3: 0 r4: 0 r5: 65514 sp: 65510 pc: 5198             N: 0 Z: 1 V: 0 C: 0      
5198:   mov $8., r2                   src: 8         dst: 16        r0: 5 r1: 3030 r2: 8 r3: 0 r4: 0 r5: 65514 sp: 65510 pc: 5202              N: 0 Z: 0 V: 0 C: 0      
5202:   mov r1, -(sp)                 src: 3030      dst: 3018      r0: 5 r1: 3030 r2: 8 r3: 0 r4: 0 r5: 65514 sp: 65508 pc: 5204              N: 0 Z: 0 V: 0 C: 0      
5204:   movb (r1)+, r4                src: 114       dst: 0         r0: 5 r1: 3031 r2: 8 r3: 0 r4: 114 r5: 65514 sp: 65508 pc: 5206            N: 0 Z: 0 V: 0 C: 0      
5206:   beq 5214.                     src: 2562                     r0: 5 r1: 3031 r2: 8 r3: 0 r4: 114 r5: 65514 sp: 65508 pc: 5208            N: 0 Z: 0 V: 0 C: 0      
5208:   add r4, r3                    src: 114       dst: 0         r0: 5 r1: 3031 r2: 8 r3: 114 r4: 114 r5: 65514 sp: 65508 pc: 5210          N: 0 Z: 0 V: 0 C: 0      
5210:   swab r3                       src: 114                      r0: 5 r1: 3031 r2: 8 r3: 29184 r4: 114 r5: 65514 sp: 65508 pc: 5212        N: 0 Z: 1 V: 0 C: 0      
5212:   sob r2, 5204.                 src: 8         dst: 68        r0: 5 r1: 3031 r2: 7 r3: 29184 r4: 114 r5: 65514 sp: 65508 pc: 5204        N: 0 Z: 1 V: 0 C: 0      
5204:   movb (r1)+, r4                src: 51        dst: 114       r0: 5 r1: 3032 r2: 7 r3: 29184 r4: 51 r5: 65514 sp: 65508 pc: 5206         N: 0 Z: 0 V: 0 C: 0      
5206:   beq 5214.                     src: 2562                     r0: 5 r1: 3032 r2: 7 r3: 29184 r4: 51 r5: 65514 sp: 65508 pc: 5208         N: 0 Z: 0 V: 0 C: 0      
5208:   add r4, r3                    src: 51        dst: 29184     r0: 5 r1: 3032 r2: 7 r3: 29235 r4: 51 r5: 65514 sp: 65508 pc: 5210         N: 0 Z: 0 V: 0 C: 0      
5210:   swab r3                       src: 29235                    r0: 5 r1: 3032 r2: 7 r3: 13170 r4: 51 r5: 65514 sp: 65508 pc: 5212         N: 0 Z: 0 V: 0 C: 0      
5212:   sob r2, 5204.                 src: 7         dst: 68        r0: 5 r1: 3032 r2: 6 r3: 13170 r4: 51 r5: 65514 sp: 65508 pc: 5204         N: 0 Z: 0 V: 0 C: 0      
5204:   movb (r1)+, r4                src: 0         dst: 51        r0: 5 r1: 3033 r2: 6 r3: 13170 r4: 0 r5: 65514 sp: 65508 pc: 5206          N: 0 Z: 1 V: 0 C: 0      
5206:   beq 5214.                     src: 2562                     r0: 5 r1: 3033 r2: 6 r3: 13170 r4: 0 r5: 65514 sp: 65508 pc: 5214          N: 0 Z: 1 V: 0 C: 0      
5214:   clr r2                        src: 6                        r0: 5 r1: 3033 r2: 0 r3: 13170 r4: 0 r5: 65514 sp: 65508 pc: 5216          N: 0 Z: 1 V: 0 C: 0      
5216:   div $hshsiz, r2               src: 1553      dst: 0         r0: 5 r1: 3033 r2: 8 r3: 746 r4: 0 r5: 65514 sp: 65508 pc: 5220            N: 0 Z: 0 V: 0 C: 0      
5220:   ashc $1., r2                  src: 1         dst: 8         r0: 5 r1: 3033 r2: 16 r3: 1492 r4: 0 r5: 65514 sp: 65508 pc: 5224          N: 0 Z: 0 V: 0 C: 0      
5224:   add $hshtab, r3               src: 5722      dst: 1492      r0: 5 r1: 3033 r2: 16 r3: 7214 r4: 0 r5: 65514 sp: 65508 pc: 5228          N: 0 Z: 0 V: 0 C: 0      
5228:   sub r2, r3                    src: 16        dst: 7214      r0: 5 r1: 3033 r2: 16 r3: 7198 r4: 0 r5: 65514 sp: 65508 pc: 5230          N: 0 Z: 0 V: 0 C: 0      
5230:   cmp r3, $hshtab               src: 7198      dst: 5722      r0: 5 r1: 3033 r2: 16 r3: 7198 r4: 0 r5: 65514 sp: 65508 pc: 5234          N: 0 Z: 0 V: 0 C: 0      
5234:   bhi 5240.                     src: 3043                     r0: 5 r1: 3033 r2: 16 r3: 7198 r4: 0 r5: 65514 sp: 65508 pc: 5240          N: 0 Z: 0 V: 0 C: 0      
5240:   tst -(r3)                     src: 0                        r0: 5 r1: 3033 r2: 16 r3: 7196 r4: 0 r5: 65514 sp: 65508 pc: 5242          N: 0 Z: 1 V: 0 C: 0      
5242:   bne 5228.                     src: 57475                    r0: 5 r1: 3033 r2: 16 r3: 7196 r4: 0 r5: 65514 sp: 65508 pc: 5244          N: 0 Z: 1 V: 0 C: 0      
5244:   mov (sp)+, r1                 src: 3030      dst: 3033      r0: 5 r1: 3030 r2: 16 r3: 7196 r4: 0 r5: 65514 sp: 65510 pc: 5246          N: 0 Z: 0 V: 0 C: 0      
5246:   mov r1, (r3)                  src: 3030      dst: 0         r0: 5 r1: 3030 r2: 16 r3: 7196 r4: 0 r5: 65514 sp: 65510 pc: 5248          N: 0 Z: 0 V: 0 C: 0      
5248:   add $12., r1                  src: 12        dst: 3030      r0: 5 r1: 3042 r2: 16 r3: 7196 r4: 0 r5: 65514 sp: 65510 pc: 5252          N: 0 Z: 0 V: 0 C: 0      
5252:   cmp r1, $ebsymtab             src: 3042      dst: 5118      r0: 5 r1: 3042 r2: 16 r3: 7196 r4: 0 r5: 65514 sp: 65510 pc: 5256          N: 1 Z: 0 V: 0 C: 1      
5256:   bcs 5196.                     src: 2563                     r0: 5 r1: 3042 r2: 16 r3: 7196 r4: 0 r5: 65514 sp: 65510 pc: 5196          N: 1 Z: 0 V: 0 C: 1      
5196:   clr r3                        src: 7196                     r0: 5 r1: 3042 r2: 16 r3: 0 r4: 0 r5: 65514 sp: 65510 pc: 5198             N: 0 Z: 1 V: 0 C: 0      
5198:   mov $8., r2                   src: 8         dst: 16        r0: 5 r1: 3042 r2: 8 r3: 0 r4: 0 r5: 65514 sp: 65510 pc: 5202              N: 0 Z: 0 V: 0 C: 0      
5202:   mov r1, -(sp)                 src: 3042      dst: 3030      r0: 5 r1: 3042 r2: 8 r3: 0 r4: 0 r5: 65514 sp: 65508 pc: 5204              N: 0 Z: 0 V: 0 C: 0      
5204:   movb (r1)+, r4                src: 114       dst: 0         r0: 5 r1: 3043 r2: 8 r3: 0 r4: 114 r5: 65514 sp: 65508 pc: 5206            N: 0 Z: 0 V: 0 C: 0      
5206:   beq 5214.                     src: 2562                     r0: 5 r1: 3043 r2: 8 r3: 0 r4: 114 r5: 65514 sp: 65508 pc: 5208            N: 0 Z: 0 V: 0 C: 0      
5208:   add r4, r3                    src: 114       dst: 0         r0: 5 r1: 3043 r2: 8 r3: 114 r4: 114 r5: 65514 sp: 65508 pc: 5210          N: 0 Z: 0 V: 0 C: 0      
5210:   swab r3                       src: 114                      r0: 5 r1: 3043 r2: 8 r3: 29184 r4: 114 r5: 65514 sp: 65508 pc: 5212        N: 0 Z: 1 V: 0 C: 0      
5212:   sob r2, 5204.                 src: 8         dst: 68        r0: 5 r1: 3043 r2: 7 r3: 29184 r4: 114 r5: 65514 sp: 65508 pc: 5204        N: 0 Z: 1 V: 0 C: 0      
5204:   movb (r1)+, r4                src: 52        dst: 114       r0: 5 r1: 3044 r2: 7 r3: 29184 r4: 52 r5: 65514 sp: 65508 pc: 5206         N: 0 Z: 0 V: 0 C: 0      
5206:   beq 5214.                     src: 2562                     r0: 5 r1: 3044 r2: 7 r3: 29184 r4: 52 r5: 65514 sp: 65508 pc: 5208         N: 0 Z: 0 V: 0 C: 0      
5208:   add r4, r3                    src: 52        dst: 29184     r0: 5 r1: 3044 r2: 7 r3: 29236 r4: 52 r5: 65514 sp: 65508 pc: 5210         N: 0 Z: 0 V: 0 C: 0      
5210:   swab r3                       src: 29236                    r0: 5 r1: 3044 r2: 7 r3: 13426 r4: 52 r5: 65514 sp: 65508 pc: 5212         N: 0 Z: 0 V: 0 C: 0      
5212:   sob r2, 5204.                 src: 7         dst: 68        r0: 5 r1: 3044 r2: 6 r3: 13426 r4: 52 r5: 65514 sp: 65508 pc: 5204         N: 0 Z: 0 V: 0 C: 0      
5204:   movb (r1)+, r4                src: 0         dst: 52        r0: 5 r1: 3045 r2: 6 r3: 13426 r4: 0 r5: 65514 sp: 65508 pc: 5206          N: 0 Z: 1 V: 0 C: 0      
5206:   beq 5214.                     src: 2562                     r0: 5 r1: 3045 r2: 6 r3: 13426 r4: 0 r5: 65514 sp: 65508 pc: 5214          N: 0 Z: 1 V: 0 C: 0      
5214:   clr r2                        src: 6                        r0: 5 r1: 3045 r2: 0 r3: 13426 r4: 0 r5: 65514 sp: 65508 pc: 5216          N: 0 Z: 1 V: 0 C: 0      
5216:   div $hshsiz, r2               src: 1553      dst: 0         r0: 5 r1: 3045 r2: 8 r3: 1002 r4: 0 r5: 65514 sp: 65508 pc: 5220           N: 0 Z: 0 V: 0 C: 0      
5220:   ashc $1., r2                  src: 1         dst: 8         r0: 5 r1: 3045 r2: 16 r3: 2004 r4: 0 r5: 65514 sp: 65508 pc: 5224          N: 0 Z: 0 V: 0 C: 0      
5224:   add $hshtab, r3               src: 5722      dst: 2004      r0: 5 r1: 3045 r2: 16 r3: 7726 r4: 0 r5: 65514 sp: 65508 pc: 5228          N: 0 Z: 0 V: 0 C: 0      
5228:   sub r2, r3                    src: 16        dst: 7726      r0: 5 r1: 3045 r2: 16 r3: 7710 r4: 0 r5: 65514 sp: 65508 pc: 5230          N: 0 Z: 0 V: 0 C: 0      
5230:   cmp r3, $hshtab               src: 7710      dst: 5722      r0: 5 r1: 3045 r2: 16 r3: 7710 r4: 0 r5: 65514 sp: 65508 pc: 5234          N: 0 Z: 0 V: 0 C: 0      
5234:   bhi 5240.                     src: 3043                     r0: 5 r1: 3045 r2: 16 r3: 7710 r4: 0 r5: 65514 sp: 65508 pc: 5240          N: 0 Z: 0 V: 0 C: 0      
5240:   tst -(r3)                     src: 1                        r0: 5 r1: 3045 r2: 16 r3: 7708 r4: 0 r5: 65514 sp: 65508 pc: 5242          N: 0 Z: 0 V: 0 C: 0      
5242:   bne 5228.                     src: 57475                    r0: 5 r1: 3045 r2: 16 r3: 7708 r4: 0 r5: 65514 sp: 65508 pc: 5228          N: 0 Z: 0 V: 0 C: 0      
5228:   sub r2, r3                    src: 16        dst: 7708      r0: 5 r1: 3045 r2: 16 r3: 7692 r4: 0 r5: 65514 sp: 65508 pc: 5230          N: 0 Z: 0 V: 0 C: 0      
5230:   cmp r3, $hshtab               src: 7692      dst: 5722      r0: 5 r1: 3045 r2: 16 r3: 7692 r4: 0 r5: 65514 sp: 65508 pc: 5234          N: 0 Z: 0 V: 0 C: 0      
5234:   bhi 5240.                     src: 3043                     r0: 5 r1: 3045 r2: 16 r3: 7692 r4: 0 r5: 65514 sp: 65508 pc: 5240          N: 0 Z: 0 V: 0 C: 0      
5240:   tst -(r3)                     src: 0                        r0: 5 r1: 3045 r2: 16 r3: 7690 r4: 0 r5: 65514 sp: 65508 pc: 5242          N: 0 Z: 1 V: 0 C: 0      
5242:   bne 5228.                     src: 57475                    r0: 5 r1: 3045 r2: 16 r3: 7690 r4: 0 r5: 65514 sp: 65508 pc: 5244          N: 0 Z: 1 V: 0 C: 0      
5244:   mov (sp)+, r1                 src: 3042      dst: 3045      r0: 5 r1: 3042 r2: 16 r3: 7690 r4: 0 r5: 65514 sp: 65510 pc: 5246          N: 0 Z: 0 V: 0 C: 0      
5246:   mov r1, (r3)                  src: 3042      dst: 0         r0: 5 r1: 3042 r2: 16 r3: 7690 r4: 0 r5: 65514 sp: 65510 pc: 5248          N: 0 Z: 0 V: 0 C: 0      
5248:   add $12., r1                  src: 12        dst: 3042      r0: 5 r1: 3054 r2: 16 r3: 7690 r4: 0 r5: 65514 sp: 65510 pc: 5252          N: 0 Z: 0 V: 0 C: 0      
5252:   cmp r1, $ebsymtab             src: 3054      dst: 5118      r0: 5 r1: 3054 r2: 16 r3: 7690 r4: 0 r5: 65514 sp: 65510 pc: 5256          N: 1 Z: 0 V: 0 C: 1      
5256:   bcs 5196.                     src: 2563                     r0: 5 r1: 3054 r2: 16 r3: 7690 r4: 0 r5: 65514 sp: 65510 pc: 5196          N: 1 Z: 0 V: 0 C: 1      
5196:   clr r3                        src: 7690                     r0: 5 r1: 3054 r2: 16 r3: 0 r4: 0 r5: 65514 sp: 65510 pc: 5198             N: 0 Z: 1 V: 0 C: 0      
5198:   mov $8., r2                   src: 8         dst: 16        r0: 5 r1: 3054 r2: 8 r3: 0 r4: 0 r5: 65514 sp: 65510 pc: 5202              N: 0 Z: 0 V: 0 C: 0      
5202:   mov r1, -(sp)                 src: 3054      dst: 3042      r0: 5 r1: 3054 r2: 8 r3: 0 r4: 0 r5: 65514 sp: 65508 pc: 5204              N: 0 Z: 0 V: 0 C: 0      
5204:   movb (r1)+, r4                src: 114       dst: 0         r0: 5 r1: 3055 r2: 8 r3: 0 r4: 114 r5: 65514 sp: 65508 pc: 5206            N: 0 Z: 0 V: 0 C: 0      
5206:   beq 5214.                     src: 2562                     r0: 5 r1: 3055 r2: 8 r3: 0 r4: 114 r5: 65514 sp: 65508 pc: 5208            N: 0 Z: 0 V: 0 C: 0      
5208:   add r4, r3                    src: 114       dst: 0         r0: 5 r1: 3055 r2: 8 r3: 114 r4: 114 r5: 65514 sp: 65508 pc: 5210          N: 0 Z: 0 V: 0 C: 0      
5210:   swab r3                       src: 114                      r0: 5 r1: 3055 r2: 8 r3: 29184 r4: 114 r5: 65514 sp: 65508 pc: 5212        N: 0 Z: 1 V: 0 C: 0      
5212:   sob r2, 5204.                 src: 8         dst: 68        r0: 5 r1: 3055 r2: 7 r3: 29184 r4: 114 r5: 65514 sp: 65508 pc: 5204        N: 0 Z: 1 V: 0 C: 0      
5204:   movb (r1)+, r4                src: 53        dst: 114       r0: 5 r1: 3056 r2: 7 r3: 29184 r4: 53 r5: 65514 sp: 65508 pc: 5206         N: 0 Z: 0 V: 0 C: 0      
5206:   beq 5214.                     src: 2562                     r0: 5 r1: 3056 r2: 7 r3: 29184 r4: 53 r5: 65514 sp: 65508 pc: 5208         N: 0 Z: 0 V: 0 C: 0      
5208:   add r4, r3                    src: 53        dst: 29184     r0: 5 r1: 3056 r2: 7 r3: 29237 r4: 53 r5: 65514 sp: 65508 pc: 5210         N: 0 Z: 0 V: 0 C: 0      
5210:   swab r3                       src: 29237                    r0: 5 r1: 3056 r2: 7 r3: 13682 r4: 53 r5: 65514 sp: 65508 pc: 5212         N: 0 Z: 0 V: 0 C: 0      
5212:   sob r2, 5204.                 src: 7         dst: 68        r0: 5 r1: 3056 r2: 6 r3: 13682 r4: 53 r5: 65514 sp: 65508 pc: 5204         N: 0 Z: 0 V: 0 C: 0      
5204:   movb (r1)+, r4                src: 0         dst: 53        r0: 5 r1: 3057 r2: 6 r3: 13682 r4: 0 r5: 65514 sp: 65508 pc: 5206          N: 0 Z: 1 V: 0 C: 0      
5206:   beq 5214.                     src: 2562                     r0: 5 r1: 3057 r2: 6 r3: 13682 r4: 0 r5: 65514 sp: 65508 pc: 5214          N: 0 Z: 1 V: 0 C: 0      
5214:   clr r2                        src: 6                        r0: 5 r1: 3057 r2: 0 r3: 13682 r4: 0 r5: 65514 sp: 65508 pc: 5216          N: 0 Z: 1 V: 0 C: 0      
5216:   div $hshsiz, r2               src: 1553      dst: 0         r0: 5 r1: 3057 r2: 8 r3: 1258 r4: 0 r5: 65514 sp: 65508 pc: 5220           N: 0 Z: 0 V: 0 C: 0      
5220:   ashc $1., r2                  src: 1         dst: 8         r0: 5 r1: 3057 r2: 16 r3: 2516 r4: 0 r5: 65514 sp: 65508 pc: 5224          N: 0 Z: 0 V: 0 C: 0      
5224:   add $hshtab, r3               src: 5722      dst: 2516      r0: 5 r1: 3057 r2: 16 r3: 8238 r4: 0 r5: 65514 sp: 65508 pc: 5228          N: 0 Z: 0 V: 0 C: 0      
5228:   sub r2, r3                    src: 16        dst: 8238      r0: 5 r1: 3057 r2: 16 r3: 8222 r4: 0 r5: 65514 sp: 65508 pc: 5230          N: 0 Z: 0 V: 0 C: 0      
5230:   cmp r3, $hshtab               src: 8222      dst: 5722      r0: 5 r1: 3057 r2: 16 r3: 8222 r4: 0 r5: 65514 sp: 65508 pc: 5234          N: 0 Z: 0 V: 0 C: 0      
5234:   bhi 5240.                     src: 3043                     r0: 5 r1: 3057 r2: 16 r3: 8222 r4: 0 r5: 65514 sp: 65508 pc: 5240          N: 0 Z: 0 V: 0 C: 0      
5240:   tst -(r3)                     src: 2                        r0: 5 r1: 3057 r2: 16 r3: 8220 r4: 0 r5: 65514 sp: 65508 pc: 5242          N: 0 Z: 0 V: 0 C: 0      
5242:   bne 5228.                     src: 57475                    r0: 5 r1: 3057 r2: 16 r3: 8220 r4: 0 r5: 65514 sp: 65508 pc: 5228          N: 0 Z: 0 V: 0 C: 0      
5228:   sub r2, r3                    src: 16        dst: 8220      r0: 5 r1: 3057 r2: 16 r3: 8204 r4: 0 r5: 65514 sp: 65508 pc: 5230          N: 0 Z: 0 V: 0 C: 0      
5230:   cmp r3, $hshtab               src: 8204      dst: 5722      r0: 5 r1: 3057 r2: 16 r3: 8204 r4: 0 r5: 65514 sp: 65508 pc: 5234          N: 0 Z: 0 V: 0 C: 0      
5234:   bhi 5240.                     src: 3043                     r0: 5 r1: 3057 r2: 16 r3: 8204 r4: 0 r5: 65514 sp: 65508 pc: 5240          N: 0 Z: 0 V: 0 C: 0      
5240:   tst -(r3)                     src: 0                        r0: 5 r1: 3057 r2: 16 r3: 8202 r4: 0 r5: 65514 sp: 65508 pc: 5242          N: 0 Z: 1 V: 0 C: 0      
5242:   bne 5228.                     src: 57475                    r0: 5 r1: 3057 r2: 16 r3: 8202 r4: 0 r5: 65514 sp: 65508 pc: 5244          N: 0 Z: 1 V: 0 C: 0      
5244:   mov (sp)+, r1                 src: 3054      dst: 3057      r0: 5 r1: 3054 r2: 16 r3: 8202 r4: 0 r5: 65514 sp: 65510 pc: 5246          N: 0 Z: 0 V: 0 C: 0      
5246:   mov r1, (r3)                  src: 3054      dst: 0         r0: 5 r1: 3054 r2: 16 r3: 8202 r4: 0 r5: 65514 sp: 65510 pc: 5248          N: 0 Z: 0 V: 0 C: 0      
5248:   add $12., r1                  src: 12        dst: 3054      r0: 5 r1: 3066 r2: 16 r3: 8202 r4: 0 r5: 65514 sp: 65510 pc: 5252          N: 0 Z: 0 V: 0 C: 0      
5252:   cmp r1, $ebsymtab             src: 3066      dst: 5118      r0: 5 r1: 3066 r2: 16 r3: 8202 r4: 0 r5: 65514 sp: 65510 pc: 5256          N: 1 Z: 0 V: 0 C: 1      
5256:   bcs 5196.                     src: 2563                     r0: 5 r1: 3066 r2: 16 r3: 8202 r4: 0 r5: 65514 sp: 65510 pc: 5196          N: 1 Z: 0 V: 0 C: 1      
5196:   clr r3                        src: 8202                     r0: 5 r1: 3066 r2: 16 r3: 0 r4: 0 r5: 65514 sp: 65510 pc: 5198             N: 0 Z: 1 V: 0 C: 0      
5198:   mov $8., r2                   src: 8         dst: 16        r0: 5 r1: 3066 r2: 8 r3: 0 r4: 0 r5: 65514 sp: 65510 pc: 5202              N: 0 Z: 0 V: 0 C: 0      
5202:   mov r1, -(sp)                 src: 3066      dst: 3054      r0: 5 r1: 3066 r2: 8 r3: 0 r4: 0 r5: 65514 sp: 65508 pc: 5204              N: 0 Z: 0 V: 0 C: 0      
5204:   movb (r1)+, r4                src: 115       dst: 0         r0: 5 r1: 3067 r2: 8 r3: 0 r4: 115 r5: 65514 sp: 65508 pc: 5206            N: 0 Z: 0 V: 0 C: 0      
5206:   beq 5214.                     src: 2562                     r0: 5 r1: 3067 r2: 8 r3: 0 r4: 115 r5: 65514 sp: 65508 pc: 5208            N: 0 Z: 0 V: 0 C: 0      
5208:   add r4, r3                    src: 115       dst: 0         r0: 5 r1: 3067 r2: 8 r3: 115 r4: 115 r5: 65514 sp: 65508 pc: 5210          N: 0 Z: 0 V: 0 C: 0      
5210:   swab r3                       src: 115                      r0: 5 r1: 3067 r2: 8 r3: 29440 r4: 115 r5: 65514 sp: 65508 pc: 5212        N: 0 Z: 1 V: 0 C: 0      
5212:   sob r2, 5204.                 src: 8         dst: 68        r0: 5 r1: 3067 r2: 7 r3: 29440 r4: 115 r5: 65514 sp: 65508 pc: 5204        N: 0 Z: 1 V: 0 C: 0      
5204:   movb (r1)+, r4                src: 112       dst: 115       r0: 5 r1: 3068 r2: 7 r3: 29440 r4: 112 r5: 65514 sp: 65508 pc: 5206        N: 0 Z: 0 V: 0 C: 0      
5206:   beq 5214.                     src: 2562                     r0: 5 r1: 3068 r2: 7 r3: 29440 r4: 112 r5: 65514 sp: 65508 pc: 5208        N: 0 Z: 0 V: 0 C: 0      
5208:   add r4, r3                    src: 112       dst: 29440     r0: 5 r1: 3068 r2: 7 r3: 29552 r4: 112 r5: 65514 sp: 65508 pc: 5210        N: 0 Z: 0 V: 0 C: 0      
5210:   swab r3                       src: 29552                    r0: 5 r1: 3068 r2: 7 r3: 28787 r4: 112 r5: 65514 sp: 65508 pc: 5212        N: 0 Z: 0 V: 0 C: 0      
5212:   sob r2, 5204.                 src: 7         dst: 68        r0: 5 r1: 3068 r2: 6 r3: 28787 r4: 112 r5: 65514 sp: 65508 pc: 5204        N: 0 Z: 0 V: 0 C: 0      
5204:   movb (r1)+, r4                src: 0         dst: 112       r0: 5 r1: 3069 r2: 6 r3: 28787 r4: 0 r5: 65514 sp: 65508 pc: 5206          N: 0 Z: 1 V: 0 C: 0      
5206:   beq 5214.                     src: 2562                     r0: 5 r1: 3069 r2: 6 r3: 28787 r4: 0 r5: 65514 sp: 65508 pc: 5214          N: 0 Z: 1 V: 0 C: 0      
5214:   clr r2                        src: 6                        r0: 5 r1: 3069 r2: 0 r3: 28787 r4: 0 r5: 65514 sp: 65508 pc: 5216          N: 0 Z: 1 V: 0 C: 0      
5216:   div $hshsiz, r2               src: 1553      dst: 0         r0: 5 r1: 3069 r2: 18 r3: 833 r4: 0 r5: 65514 sp: 65508 pc: 5220           N: 0 Z: 0 V: 0 C: 0      
5220:   ashc $1., r2                  src: 1         dst: 18        r0: 5 r1: 3069 r2: 36 r3: 1666 r4: 0 r5: 65514 sp: 65508 pc: 5224          N: 0 Z: 0 V: 0 C: 0      
5224:   add $hshtab, r3               src: 5722      dst: 1666      r0: 5 r1: 3069 r2: 36 r3: 7388 r4: 0 r5: 65514 sp: 65508 pc: 5228          N: 0 Z: 0 V: 0 C: 0      
5228:   sub r2, r3                    src: 36        dst: 7388      r0: 5 r1: 3069 r2: 36 r3: 7352 r4: 0 r5: 65514 sp: 65508 pc: 5230          N: 0 Z: 0 V: 0 C: 0      
5230:   cmp r3, $hshtab               src: 7352      dst: 5722      r0: 5 r1: 3069 r2: 36 r3: 7352 r4: 0 r5: 65514 sp: 65508 pc: 5234          N: 0 Z: 0 V: 0 C: 0      
5234:   bhi 5240.                     src: 3043                     r0: 5 r1: 3069 r2: 36 r3: 7352 r4: 0 r5: 65514 sp: 65508 pc: 5240          N: 0 Z: 0 V: 0 C: 0      
5240:   tst -(r3)                     src: 1                        r0: 5 r1: 3069 r2: 36 r3: 7350 r4: 0 r5: 65514 sp: 65508 pc: 5242          N: 0 Z: 0 V: 0 C: 0      
5242:   bne 5228.                     src: 57475                    r0: 5 r1: 3069 r2: 36 r3: 7350 r4: 0 r5: 65514 sp: 65508 pc: 5228          N: 0 Z: 0 V: 0 C: 0      
5228:   sub r2, r3                    src: 36        dst: 7350      r0: 5 r1: 3069 r2: 36 r3: 7314 r4: 0 r5: 65514 sp: 65508 pc: 5230          N: 0 Z: 0 V: 0 C: 0      
5230:   cmp r3, $hshtab               src: 7314      dst: 5722      r0: 5 r1: 3069 r2: 36 r3: 7314 r4: 0 r5: 65514 sp: 65508 pc: 5234          N: 0 Z: 0 V: 0 C: 0      
5234:   bhi 5240.                     src: 3043                     r0: 5 r1: 3069 r2: 36 r3: 7314 r4: 0 r5: 65514 sp: 65508 pc: 5240          N: 0 Z: 0 V: 0 C: 0      
5240:   tst -(r3)                     src: 0                        r0: 5 r1: 3069 r2: 36 r3: 7312 r4: 0 r5: 65514 sp: 65508 pc: 5242          N: 0 Z: 1 V: 0 C: 0      
5242:   bne 5228.                     src: 57475                    r0: 5 r1: 3069 r2: 36 r3: 7312 r4: 0 r5: 65514 sp: 65508 pc: 5244          N: 0 Z: 1 V: 0 C: 0      
5244:   mov (sp)+, r1                 src: 3066      dst: 3069      r0: 5 r1: 3066 r2: 36 r3: 7312 r4: 0 r5: 65514 sp: 65510 pc: 5246          N: 0 Z: 0 V: 0 C: 0      
5246:   mov r1, (r3)                  src: 3066      dst: 0         r0: 5 r1: 3066 r2: 36 r3: 7312 r4: 0 r5: 65514 sp: 65510 pc: 5248          N: 0 Z: 0 V: 0 C: 0      
5248:   add $12., r1                  src: 12        dst: 3066      r0: 5 r1: 3078 r2: 36 r3: 7312 r4: 0 r5: 65514 sp: 65510 pc: 5252          N: 0 Z: 0 V: 0 C: 0      
5252:   cmp r1, $ebsymtab             src: 3078      dst: 5118      r0: 5 r1: 3078 r2: 36 r3: 7312 r4: 0 r5: 65514 sp: 65510 pc: 5256          N: 1 Z: 0 V: 0 C: 1      
5256:   bcs 5196.                     src: 2563                     r0: 5 r1: 3078 r2: 36 r3: 7312 r4: 0 r5: 65514 sp: 65510 pc: 5196          N: 1 Z: 0 V: 0 C: 1      
5196:   clr r3                        src: 7312                     r0: 5 r1: 3078 r2: 36 r3: 0 r4: 0 r5: 65514 sp: 65510 pc: 5198             N: 0 Z: 1 V: 0 C: 0      
5198:   mov $8., r2                   src: 8         dst: 36        r0: 5 r1: 3078 r2: 8 r3: 0 r4: 0 r5: 65514 sp: 65510 pc: 5202              N: 0 Z: 0 V: 0 C: 0      
5202:   mov r1, -(sp)                 src: 3078      dst: 3066      r0: 5 r1: 3078 r2: 8 r3: 0 r4: 0 r5: 65514 sp: 65508 pc: 5204              N: 0 Z: 0 V: 0 C: 0      
5204:   movb (r1)+, r4                src: 112       dst: 0         r0: 5 r1: 3079 r2: 8 r3: 0 r4: 112 r5: 65514 sp: 65508 pc: 5206            N: 0 Z: 0 V: 0 C: 0      
5206:   beq 5214.                     src: 2562                     r0: 5 r1: 3079 r2: 8 r3: 0 r4: 112 r5: 65514 sp: 65508 pc: 5208            N: 0 Z: 0 V: 0 C: 0      
5208:   add r4, r3                    src: 112       dst: 0         r0: 5 r1: 3079 r2: 8 r3: 112 r4: 112 r5: 65514 sp: 65508 pc: 5210          N: 0 Z: 0 V: 0 C: 0      
5210:   swab r3                       src: 112                      r0: 5 r1: 3079 r2: 8 r3: 28672 r4: 112 r5: 65514 sp: 65508 pc: 5212        N: 0 Z: 1 V: 0 C: 0      
5212:   sob r2, 5204.                 src: 8         dst: 68        r0: 5 r1: 3079 r2: 7 r3: 28672 r4: 112 r5: 65514 sp: 65508 pc: 5204        N: 0 Z: 1 V: 0 C: 0      
5204:   movb (r1)+, r4                src: 99        dst: 112       r0: 5 r1: 3080 r2: 7 r3: 28672 r4: 99 r5: 65514 sp: 65508 pc: 5206         N: 0 Z: 0 V: 0 C: 0      
5206:   beq 5214.                     src: 2562                     r0: 5 r1: 3080 r2: 7 r3: 28672 r4: 99 r5: 65514 sp: 65508 pc: 5208         N: 0 Z: 0 V: 0 C: 0      
5208:   add r4, r3                    src: 99        dst: 28672     r0: 5 r1: 3080 r2: 7 r3: 28771 r4: 99 r5: 65514 sp: 65508 pc: 5210         N: 0 Z: 0 V: 0 C: 0      
5210:   swab r3                       src: 28771                    r0: 5 r1: 3080 r2: 7 r3: 25456 r4: 99 r5: 65514 sp: 65508 pc: 5212         N: 0 Z: 0 V: 0 C: 0      
5212:   sob r2, 5204.                 src: 7         dst: 68        r0: 5 r1: 3080 r2: 6 r3: 25456 r4: 99 r5: 65514 sp: 65508 pc: 5204         N: 0 Z: 0 V: 0 C: 0      
5204:   movb (r1)+, r4                src: 0         dst: 99        r0: 5 r1: 3081 r2: 6 r3: 25456 r4: 0 r5: 65514 sp: 65508 pc: 5206          N: 0 Z: 1 V: 0 C: 0      
5206:   beq 5214.                     src: 2562                     r0: 5 r1: 3081 r2: 6 r3: 25456 r4: 0 r5: 65514 sp: 65508 pc: 5214          N: 0 Z: 1 V: 0 C: 0      
5214:   clr r2                        src: 6                        r0: 5 r1: 3081 r2: 0 r3: 25456 r4: 0 r5: 65514 sp: 65508 pc: 5216          N: 0 Z: 1 V: 0 C: 0      
5216:   div $hshsiz, r2               src: 1553      dst: 0         r0: 5 r1: 3081 r2: 16 r3: 608 r4: 0 r5: 65514 sp: 65508 pc: 5220           N: 0 Z: 0 V: 0 C: 0      
5220:   ashc $1., r2                  src: 1         dst: 16        r0: 5 r1: 3081 r2: 32 r3: 1216 r4: 0 r5: 65514 sp: 65508 pc: 5224          N: 0 Z: 0 V: 0 C: 0      
5224:   add $hshtab, r3               src: 5722      dst: 1216      r0: 5 r1: 3081 r2: 32 r3: 6938 r4: 0 r5: 65514 sp: 65508 pc: 5228          N: 0 Z: 0 V: 0 C: 0      
5228:   sub r2, r3                    src: 32        dst: 6938      r0: 5 r1: 3081 r2: 32 r3: 6906 r4: 0 r5: 65514 sp: 65508 pc: 5230          N: 0 Z: 0 V: 0 C: 0      
5230:   cmp r3, $hshtab               src: 6906      dst: 5722      r0: 5 r1: 3081 r2: 32 r3: 6906 r4: 0 r5: 65514 sp: 65508 pc: 5234          N: 0 Z: 0 V: 0 C: 0      
5234:   bhi 5240.                     src: 3043                     r0: 5 r1: 3081 r2: 32 r3: 6906 r4: 0 r5: 65514 sp: 65508 pc: 5240          N: 0 Z: 0 V: 0 C: 0      
5240:   tst -(r3)                     src: 0                        r0: 5 r1: 3081 r2: 32 r3: 6904 r4: 0 r5: 65514 sp: 65508 pc: 5242          N: 0 Z: 1 V: 0 C: 0      
5242:   bne 5228.                     src: 57475                    r0: 5 r1: 3081 r2: 32 r3: 6904 r4: 0 r5: 65514 sp: 65508 pc: 5244          N: 0 Z: 1 V: 0 C: 0      
5244:   mov (sp)+, r1                 src: 3078      dst: 3081      r0: 5 r1: 3078 r2: 32 r3: 6904 r4: 0 r5: 65514 sp: 65510 pc: 5246          N: 0 Z: 0 V: 0 C: 0      
5246:   mov r1, (r3)                  src: 3078      dst: 0         r0: 5 r1: 3078 r2: 32 r3: 6904 r4: 0 r5: 65514 sp: 65510 pc: 5248          N: 0 Z: 0 V: 0 C: 0      
5248:   add $12., r1                  src: 12        dst: 3078      r0: 5 r1: 3090 r2: 32 r3: 6904 r4: 0 r5: 65514 sp: 65510 pc: 5252          N: 0 Z: 0 V: 0 C: 0      
5252:   cmp r1, $ebsymtab             src: 3090      dst: 5118      r0: 5 r1: 3090 r2: 32 r3: 6904 r4: 0 r5: 65514 sp: 65510 pc: 5256          N: 1 Z: 0 V: 0 C: 1      
5256:   bcs 5196.                     src: 2563                     r0: 5 r1: 3090 r2: 32 r3: 6904 r4: 0 r5: 65514 sp: 65510 pc: 5196          N: 1 Z: 0 V: 0 C: 1      
5196:   clr r3                        src: 6904                     r0: 5 r1: 3090 r2: 32 r3: 0 r4: 0 r5: 65514 sp: 65510 pc: 5198             N: 0 Z: 1 V: 0 C: 0      
5198:   mov $8., r2                   src: 8         dst: 32        r0: 5 r1: 3090 r2: 8 r3: 0 r4: 0 r5: 65514 sp: 65510 pc: 5202              N: 0 Z: 0 V: 0 C: 0      
5202:   mov r1, -(sp)                 src: 3090      dst: 3078      r0: 5 r1: 3090 r2: 8 r3: 0 r4: 0 r5: 65514 sp: 65508 pc: 5204              N: 0 Z: 0 V: 0 C: 0      
5204:   movb (r1)+, r4                src: 101       dst: 0         r0: 5 r1: 3091 r2: 8 r3: 0 r4: 101 r5: 65514 sp: 65508 pc: 5206            N: 0 Z: 0 V: 0 C: 0      
5206:   beq 5214.                     src: 2562                     r0: 5 r1: 3091 r2: 8 r3: 0 r4: 101 r5: 65514 sp: 65508 pc: 5208            N: 0 Z: 0 V: 0 C: 0      
5208:   add r4, r3                    src: 101       dst: 0         r0: 5 r1: 3091 r2: 8 r3: 101 r4: 101 r5: 65514 sp: 65508 pc: 5210          N: 0 Z: 0 V: 0 C: 0      
5210:   swab r3                       src: 101                      r0: 5 r1: 3091 r2: 8 r3: 25856 r4: 101 r5: 65514 sp: 65508 pc: 5212        N: 0 Z: 1 V: 0 C: 0      
5212:   sob r2, 5204.                 src: 8         dst: 68        r0: 5 r1: 3091 r2: 7 r3: 25856 r4: 101 r5: 65514 sp: 65508 pc: 5204        N: 0 Z: 1 V: 0 C: 0      
5204:   movb (r1)+, r4                src: 120       dst: 101       r0: 5 r1: 3092 r2: 7 r3: 25856 r4: 120 r5: 65514 sp: 65508 pc: 5206        N: 0 Z: 0 V: 0 C: 0      
5206:   beq 5214.                     src: 2562                     r0: 5 r1: 3092 r2: 7 r3: 25856 r4: 120 r5: 65514 sp: 65508 pc: 5208        N: 0 Z: 0 V: 0 C: 0      
5208:   add r4, r3                    src: 120       dst: 25856     r0: 5 r1: 3092 r2: 7 r3: 25976 r4: 120 r5: 65514 sp: 65508 pc: 5210        N: 0 Z: 0 V: 0 C: 0      
5210:   swab r3                       src: 25976                    r0: 5 r1: 3092 r2: 7 r3: 30821 r4: 120 r5: 65514 sp: 65508 pc: 5212        N: 0 Z: 0 V: 0 C: 0      
5212:   sob r2, 5204.                 src: 7         dst: 68        r0: 5 r1: 3092 r2: 6 r3: 30821 r4: 120 r5: 65514 sp: 65508 pc: 5204        N: 0 Z: 0 V: 0 C: 0      
5204:   movb (r1)+, r4                src: 105       dst: 120       r0: 5 r1: 3093 r2: 6 r3: 30821 r4: 105 r5: 65514 sp: 65508 pc: 5206        N: 0 Z: 0 V: 0 C: 0      
5206:   beq 5214.                     src: 2562                     r0: 5 r1: 3093 r2: 6 r3: 30821 r4: 105 r5: 65514 sp: 65508 pc: 5208        N: 0 Z: 0 V: 0 C: 0      
5208:   add r4, r3                    src: 105       dst: 30821     r0: 5 r1: 3093 r2: 6 r3: 30926 r4: 105 r5: 65514 sp: 65508 pc: 5210        N: 0 Z: 0 V: 0 C: 0      
5210:   swab r3                       src: 30926                    r0: 5 r1: 3093 r2: 6 r3: 52856 r4: 105 r5: 65514 sp: 65508 pc: 5212        N: 0 Z: 0 V: 0 C: 0      
5212:   sob r2, 5204.                 src: 6         dst: 68        r0: 5 r1: 3093 r2: 5 r3: 52856 r4: 105 r5: 65514 sp: 65508 pc: 5204        N: 0 Z: 0 V: 0 C: 0      
5204:   movb (r1)+, r4                src: 116       dst: 105       r0: 5 r1: 3094 r2: 5 r3: 52856 r4: 116 r5: 65514 sp: 65508 pc: 5206        N: 0 Z: 0 V: 0 C: 0      
5206:   beq 5214.                     src: 2562                     r0: 5 r1: 3094 r2: 5 r3: 52856 r4: 116 r5: 65514 sp: 65508 pc: 5208        N: 0 Z: 0 V: 0 C: 0      
5208:   add r4, r3                    src: 116       dst: 52856     r0: 5 r1: 3094 r2: 5 r3: 52972 r4: 116 r5: 65514 sp: 65508 pc: 5210        N: 0 Z: 0 V: 0 C: 0      
5210:   swab r3                       src: 52972                    r0: 5 r1: 3094 r2: 5 r3: 60622 r4: 116 r5: 65514 sp: 65508 pc: 5212        N: 1 Z: 0 V: 0 C: 0      
5212:   sob r2, 5204.                 src: 5         dst: 68        r0: 5 r1: 3094 r2: 4 r3: 60622 r4: 116 r5: 65514 sp: 65508 pc: 5204        N: 1 Z: 0 V: 0 C: 0      
5204:   movb (r1)+, r4                src: 0         dst: 116       r0: 5 r1: 3095 r2: 4 r3: 60622 r4: 0 r5: 65514 sp: 65508 pc: 5206          N: 0 Z: 1 V: 0 C: 0      
5206:   beq 5214.                     src: 2562                     r0: 5 r1: 3095 r2: 4 r3: 60622 r4: 0 r5: 65514 sp: 65508 pc: 5214          N: 0 Z: 1 V: 0 C: 0      
5214:   clr r2                        src: 4                        r0: 5 r1: 3095 r2: 0 r3: 60622 r4: 0 r5: 65514 sp: 65508 pc: 5216          N: 0 Z: 1 V: 0 C: 0      
5216:   div $hshsiz, r2               src: 1553      dst: 0         r0: 5 r1: 3095 r2: 39 r3: 55 r4: 0 r5: 65514 sp: 65508 pc: 5220            N: 0 Z: 0 V: 0 C: 0      
5220:   ashc $1., r2                  src: 1         dst: 39        r0: 5 r1: 3095 r2: 78 r3: 110 r4: 0 r5: 65514 sp: 65508 pc: 5224           N: 0 Z: 0 V: 0 C: 0      
5224:   add $hshtab, r3               src: 5722      dst: 110       r0: 5 r1: 3095 r2: 78 r3: 5832 r4: 0 r5: 65514 sp: 65508 pc: 5228          N: 0 Z: 0 V: 0 C: 0      
5228:   sub r2, r3                    src: 78        dst: 5832      r0: 5 r1: 3095 r2: 78 r3: 5754 r4: 0 r5: 65514 sp: 65508 pc: 5230          N: 0 Z: 0 V: 0 C: 0      
5230:   cmp r3, $hshtab               src: 5754      dst: 5722      r0: 5 r1: 3095 r2: 78 r3: 5754 r4: 0 r5: 65514 sp: 65508 pc: 5234          N: 0 Z: 0 V: 0 C: 0      
5234:   bhi 5240.                     src: 3043                     r0: 5 r1: 3095 r2: 78 r3: 5754 r4: 0 r5: 65514 sp: 65508 pc: 5240          N: 0 Z: 0 V: 0 C: 0      
5240:   tst -(r3)                     src: 1                        r0: 5 r1: 3095 r2: 78 r3: 5752 r4: 0 r5: 65514 sp: 65508 pc: 5242          N: 0 Z: 0 V: 0 C: 0      
5242:   bne 5228.                     src: 57475                    r0: 5 r1: 3095 r2: 78 r3: 5752 r4: 0 r5: 65514 sp: 65508 pc: 5228          N: 0 Z: 0 V: 0 C: 0      
5228:   sub r2, r3                    src: 78        dst: 5752      r0: 5 r1: 3095 r2: 78 r3: 5674 r4: 0 r5: 65514 sp: 65508 pc: 5230          N: 0 Z: 0 V: 0 C: 0      
5230:   cmp r3, $hshtab               src: 5674      dst: 5722      r0: 5 r1: 3095 r2: 78 r3: 5674 r4: 0 r5: 65514 sp: 65508 pc: 5234          N: 1 Z: 0 V: 0 C: 1      
5234:   bhi 5240.                     src: 3043                     r0: 5 r1: 3095 r2: 78 r3: 5674 r4: 0 r5: 65514 sp: 65508 pc: 5236          N: 1 Z: 0 V: 0 C: 1      
5236:   add $3106., r3                src: 3106      dst: 5674      r0: 5 r1: 3095 r2: 78 r3: 8780 r4: 0 r5: 65514 sp: 65508 pc: 5240          N: 0 Z: 0 V: 0 C: 0      
5240:   tst -(r3)                     src: 0                        r0: 5 r1: 3095 r2: 78 r3: 8778 r4: 0 r5: 65514 sp: 65508 pc: 5242          N: 0 Z: 1 V: 0 C: 0      
5242:   bne 5228.                     src: 57475                    r0: 5 r1: 3095 r2: 78 r3: 8778 r4: 0 r5: 65514 sp: 65508 pc: 5244          N: 0 Z: 1 V: 0 C: 0      
5244:   mov (sp)+, r1                 src: 3090      dst: 3095      r0: 5 r1: 3090 r2: 78 r3: 8778 r4: 0 r5: 65514 sp: 65510 pc: 5246          N: 0 Z: 0 V: 0 C: 0      
5246:   mov r1, (r3)                  src: 3090      dst: 0         r0: 5 r1: 3090 r2: 78 r3: 8778 r4: 0 r5: 65514 sp: 65510 pc: 5248          N: 0 Z: 0 V: 0 C: 0      
5248:   add $12., r1                  src: 12        dst: 3090      r0: 5 r1: 3102 r2: 78 r3: 8778 r4: 0 r5: 65514 sp: 65510 pc: 5252          N: 0 Z: 0 V: 0 C: 0      
5252:   cmp r1, $ebsymtab             src: 3102      dst: 5118      r0: 5 r1: 3102 r2: 78 r3: 8778 r4: 0 r5: 65514 sp: 65510 pc: 5256          N: 1 Z: 0 V: 0 C: 1      
5256:   bcs 5196.                     src: 2563                     r0: 5 r1: 3102 r2: 78 r3: 8778 r4: 0 r5: 65514 sp: 65510 pc: 5196          N: 1 Z: 0 V: 0 C: 1      
5196:   clr r3                        src: 8778                     r0: 5 r1: 3102 r2: 78 r3: 0 r4: 0 r5: 65514 sp: 65510 pc: 5198             N: 0 Z: 1 V: 0 C: 0      
5198:   mov $8., r2                   src: 8         dst: 78        r0: 5 r1: 3102 r2: 8 r3: 0 r4: 0 r5: 65514 sp: 65510 pc: 5202              N: 0 Z: 0 V: 0 C: 0      
5202:   mov r1, -(sp)                 src: 3102      dst: 3090      r0: 5 r1: 3102 r2: 8 r3: 0 r4: 0 r5: 65514 sp: 65508 pc: 5204              N: 0 Z: 0 V: 0 C: 0      
5204:   movb (r1)+, r4                src: 102       dst: 0         r0: 5 r1: 3103 r2: 8 r3: 0 r4: 102 r5: 65514 sp: 65508 pc: 5206            N: 0 Z: 0 V: 0 C: 0      
5206:   beq 5214.                     src: 2562                     r0: 5 r1: 3103 r2: 8 r3: 0 r4: 102 r5: 65514 sp: 65508 pc: 5208            N: 0 Z: 0 V: 0 C: 0      
5208:   add r4, r3                    src: 102       dst: 0         r0: 5 r1: 3103 r2: 8 r3: 102 r4: 102 r5: 65514 sp: 65508 pc: 5210          N: 0 Z: 0 V: 0 C: 0      
5210:   swab r3                       src: 102                      r0: 5 r1: 3103 r2: 8 r3: 26112 r4: 102 r5: 65514 sp: 65508 pc: 5212        N: 0 Z: 1 V: 0 C: 0      
5212:   sob r2, 5204.                 src: 8         dst: 68        r0: 5 r1: 3103 r2: 7 r3: 26112 r4: 102 r5: 65514 sp: 65508 pc: 5204        N: 0 Z: 1 V: 0 C: 0      
5204:   movb (r1)+, r4                src: 111       dst: 102       r0: 5 r1: 3104 r2: 7 r3: 26112 r4: 111 r5: 65514 sp: 65508 pc: 5206        N: 0 Z: 0 V: 0 C: 0      
5206:   beq 5214.                     src: 2562                     r0: 5 r1: 3104 r2: 7 r3: 26112 r4: 111 r5: 65514 sp: 65508 pc: 5208        N: 0 Z: 0 V: 0 C: 0      
5208:   add r4, r3                    src: 111       dst: 26112     r0: 5 r1: 3104 r2: 7 r3: 26223 r4: 111 r5: 65514 sp: 65508 pc: 5210        N: 0 Z: 0 V: 0 C: 0      
5210:   swab r3                       src: 26223                    r0: 5 r1: 3104 r2: 7 r3: 28518 r4: 111 r5: 65514 sp: 65508 pc: 5212        N: 0 Z: 0 V: 0 C: 0      
5212:   sob r2, 5204.                 src: 7         dst: 68        r0: 5 r1: 3104 r2: 6 r3: 28518 r4: 111 r5: 65514 sp: 65508 pc: 5204        N: 0 Z: 0 V: 0 C: 0      
5204:   movb (r1)+, r4                src: 114       dst: 111       r0: 5 r1: 3105 r2: 6 r3: 28518 r4: 114 r5: 65514 sp: 65508 pc: 5206        N: 0 Z: 0 V: 0 C: 0      
5206:   beq 5214.                     src: 2562                     r0: 5 r1: 3105 r2: 6 r3: 28518 r4: 114 r5: 65514 sp: 65508 pc: 5208        N: 0 Z: 0 V: 0 C: 0      
5208:   add r4, r3                    src: 114       dst: 28518     r0: 5 r1: 3105 r2: 6 r3: 28632 r4: 114 r5: 65514 sp: 65508 pc: 5210        N: 0 Z: 0 V: 0 C: 0      
5210:   swab r3                       src: 28632                    r0: 5 r1: 3105 r2: 6 r3: 55407 r4: 114 r5: 65514 sp: 65508 pc: 5212        N: 0 Z: 0 V: 0 C: 0      
5212:   sob r2, 5204.                 src: 6         dst: 68        r0: 5 r1: 3105 r2: 5 r3: 55407 r4: 114 r5: 65514 sp: 65508 pc: 5204        N: 0 Z: 0 V: 0 C: 0      
5204:   movb (r1)+, r4                src: 107       dst: 114       r0: 5 r1: 3106 r2: 5 r3: 55407 r4: 107 r5: 65514 sp: 65508 pc: 5206        N: 0 Z: 0 V: 0 C: 0      
5206:   beq 5214.                     src: 2562                     r0: 5 r1: 3106 r2: 5 r3: 55407 r4: 107 r5: 65514 sp: 65508 pc: 5208        N: 0 Z: 0 V: 0 C: 0      
5208:   add r4, r3                    src: 107       dst: 55407     r0: 5 r1: 3106 r2: 5 r3: 55514 r4: 107 r5: 65514 sp: 65508 pc: 5210        N: 0 Z: 0 V: 0 C: 0      
5210:   swab r3                       src: 55514                    r0: 5 r1: 3106 r2: 5 r3: 56024 r4: 107 r5: 65514 sp: 65508 pc: 5212        N: 1 Z: 0 V: 0 C: 0      
5212:   sob r2, 5204.                 src: 5         dst: 68        r0: 5 r1: 3106 r2: 4 r3: 56024 r4: 107 r5: 65514 sp: 65508 pc: 5204        N: 1 Z: 0 V: 0 C: 0      
5204:   movb (r1)+, r4                src: 0         dst: 107       r0: 5 r1: 3107 r2: 4 r3: 56024 r4: 0 r5: 65514 sp: 65508 pc: 5206          N: 0 Z: 1 V: 0 C: 0      
5206:   beq 5214.                     src: 2562                     r0: 5 r1: 3107 r2: 4 r3: 56024 r4: 0 r5: 65514 sp: 65508 pc: 5214          N: 0 Z: 1 V: 0 C: 0      
5214:   clr r2                        src: 4                        r0: 5 r1: 3107 r2: 0 r3: 56024 r4: 0 r5: 65514 sp: 65508 pc: 5216          N: 0 Z: 1 V: 0 C: 0      
5216:   div $hshsiz, r2               src: 1553      dst: 0         r0: 5 r1: 3107 r2: 36 r3: 116 r4: 0 r5: 65514 sp: 65508 pc: 5220           N: 0 Z: 0 V: 0 C: 0      
5220:   ashc $1., r2                  src: 1         dst: 36        r0: 5 r1: 3107 r2: 72 r3: 232 r4: 0 r5: 65514 sp: 65508 pc: 5224           N: 0 Z: 0 V: 0 C: 0      
5224:   add $hshtab, r3               src: 5722      dst: 232       r0: 5 r1: 3107 r2: 72 r3: 5954 r4: 0 r5: 65514 sp: 65508 pc: 5228          N: 0 Z: 0 V: 0 C: 0      
5228:   sub r2, r3                    src: 72        dst: 5954      r0: 5 r1: 3107 r2: 72 r3: 5882 r4: 0 r5: 65514 sp: 65508 pc: 5230          N: 0 Z: 0 V: 0 C: 0      
5230:   cmp r3, $hshtab               src: 5882      dst: 5722      r0: 5 r1: 3107 r2: 72 r3: 5882 r4: 0 r5: 65514 sp: 65508 pc: 5234          N: 0 Z: 0 V: 0 C: 0      
5234:   bhi 5240.                     src: 3043                     r0: 5 r1: 3107 r2: 72 r3: 5882 r4: 0 r5: 65514 sp: 65508 pc: 5240          N: 0 Z: 0 V: 0 C: 0      
5240:   tst -(r3)                     src: 0                        r0: 5 r1: 3107 r2: 72 r3: 5880 r4: 0 r5: 65514 sp: 65508 pc: 5242          N: 0 Z: 1 V: 0 C: 0      
5242:   bne 5228.                     src: 57475                    r0: 5 r1: 3107 r2: 72 r3: 5880 r4: 0 r5: 65514 sp: 65508 pc: 5244          N: 0 Z: 1 V: 0 C: 0      
5244:   mov (sp)+, r1                 src: 3102      dst: 3107      r0: 5 r1: 3102 r2: 72 r3: 5880 r4: 0 r5: 65514 sp: 65510 pc: 5246          N: 0 Z: 0 V: 0 C: 0      
5246:   mov r1, (r3)                  src: 3102      dst: 0         r0: 5 r1: 3102 r2: 72 r3: 5880 r4: 0 r5: 65514 sp: 65510 pc: 5248          N: 0 Z: 0 V: 0 C: 0      
5248:   add $12., r1                  src: 12        dst: 3102      r0: 5 r1: 3114 r2: 72 r3: 5880 r4: 0 r5: 65514 sp: 65510 pc: 5252          N: 0 Z: 0 V: 0 C: 0      
5252:   cmp r1, $ebsymtab             src: 3114      dst: 5118      r0: 5 r1: 3114 r2: 72 r3: 5880 r4: 0 r5: 65514 sp: 65510 pc: 5256          N: 1 Z: 0 V: 0 C: 1      
5256:   bcs 5196.                     src: 2563                     r0: 5 r1: 3114 r2: 72 r3: 5880 r4: 0 r5: 65514 sp: 65510 pc: 5196          N: 1 Z: 0 V: 0 C: 1      
5196:   clr r3                        src: 5880                     r0: 5 r1: 3114 r2: 72 r3: 0 r4: 0 r5: 65514 sp: 65510 pc: 5198             N: 0 Z: 1 V: 0 C: 0      
5198:   mov $8., r2                   src: 8         dst: 72        r0: 5 r1: 3114 r2: 8 r3: 0 r4: 0 r5: 65514 sp: 65510 pc: 5202              N: 0 Z: 0 V: 0 C: 0      
5202:   mov r1, -(sp)                 src: 3114      dst: 3102      r0: 5 r1: 3114 r2: 8 r3: 0 r4: 0 r5: 65514 sp: 65508 pc: 5204              N: 0 Z: 0 V: 0 C: 0      
5204:   movb (r1)+, r4                src: 114       dst: 0         r0: 5 r1: 3115 r2: 8 r3: 0 r4: 114 r5: 65514 sp: 65508 pc: 5206            N: 0 Z: 0 V: 0 C: 0      
5206:   beq 5214.                     src: 2562                     r0: 5 r1: 3115 r2: 8 r3: 0 r4: 114 r5: 65514 sp: 65508 pc: 5208            N: 0 Z: 0 V: 0 C: 0      
5208:   add r4, r3                    src: 114       dst: 0         r0: 5 r1: 3115 r2: 8 r3: 114 r4: 114 r5: 65514 sp: 65508 pc: 5210          N: 0 Z: 0 V: 0 C: 0      
5210:   swab r3                       src: 114                      r0: 5 r1: 3115 r2: 8 r3: 29184 r4: 114 r5: 65514 sp: 65508 pc: 5212        N: 0 Z: 1 V: 0 C: 0      
5212:   sob r2, 5204.                 src: 8         dst: 68        r0: 5 r1: 3115 r2: 7 r3: 29184 r4: 114 r5: 65514 sp: 65508 pc: 5204        N: 0 Z: 1 V: 0 C: 0      
5204:   movb (r1)+, r4                src: 101       dst: 114       r0: 5 r1: 3116 r2: 7 r3: 29184 r4: 101 r5: 65514 sp: 65508 pc: 5206        N: 0 Z: 0 V: 0 C: 0      
5206:   beq 5214.                     src: 2562                     r0: 5 r1: 3116 r2: 7 r3: 29184 r4: 101 r5: 65514 sp: 65508 pc: 5208        N: 0 Z: 0 V: 0 C: 0      
5208:   add r4, r3                    src: 101       dst: 29184     r0: 5 r1: 3116 r2: 7 r3: 29285 r4: 101 r5: 65514 sp: 65508 pc: 5210        N: 0 Z: 0 V: 0 C: 0      
5210:   swab r3                       src: 29285                    r0: 5 r1: 3116 r2: 7 r3: 25970 r4: 101 r5: 65514 sp: 65508 pc: 5212        N: 0 Z: 0 V: 0 C: 0      
5212:   sob r2, 5204.                 src: 7         dst: 68        r0: 5 r1: 3116 r2: 6 r3: 25970 r4: 101 r5: 65514 sp: 65508 pc: 5204        N: 0 Z: 0 V: 0 C: 0      
5204:   movb (r1)+, r4                src: 97        dst: 101       r0: 5 r1: 3117 r2: 6 r3: 25970 r4: 97 r5: 65514 sp: 65508 pc: 5206         N: 0 Z: 0 V: 0 C: 0      
5206:   beq 5214.                     src: 2562                     r0: 5 r1: 3117 r2: 6 r3: 25970 r4: 97 r5: 65514 sp: 65508 pc: 5208         N: 0 Z: 0 V: 0 C: 0      
5208:   add r4, r3                    src: 97        dst: 25970     r0: 5 r1: 3117 r2: 6 r3: 26067 r4: 97 r5: 65514 sp: 65508 pc: 5210         N: 0 Z: 0 V: 0 C: 0      
5210:   swab r3                       src: 26067                    r0: 5 r1: 3117 r2: 6 r3: 54117 r4: 97 r5: 65514 sp: 65508 pc: 5212         N: 0 Z: 0 V: 0 C: 0      
5212:   sob r2, 5204.                 src: 6         dst: 68        r0: 5 r1: 3117 r2: 5 r3: 54117 r4: 97 r5: 65514 sp: 65508 pc: 5204         N: 0 Z: 0 V: 0 C: 0      
5204:   movb (r1)+, r4                src: 100       dst: 97        r0: 5 r1: 3118 r2: 5 r3: 54117 r4: 100 r5: 65514 sp: 65508 pc: 5206        N: 0 Z: 0 V: 0 C: 0      
5206:   beq 5214.                     src: 2562                     r0: 5 r1: 3118 r2: 5 r3: 54117 r4: 100 r5: 65514 sp: 65508 pc: 5208        N: 0 Z: 0 V: 0 C: 0      
5208:   add r4, r3                    src: 100       dst: 54117     r0: 5 r1: 3118 r2: 5 r3: 54217 r4: 100 r5: 65514 sp: 65508 pc: 5210        N: 0 Z: 0 V: 0 C: 0      
5210:   swab r3                       src: 54217                    r0: 5 r1: 3118 r2: 5 r3: 51667 r4: 100 r5: 65514 sp: 65508 pc: 5212        N: 1 Z: 0 V: 0 C: 0      
5212:   sob r2, 5204.                 src: 5         dst: 68        r0: 5 r1: 3118 r2: 4 r3: 51667 r4: 100 r5: 65514 sp: 65508 pc: 5204        N: 1 Z: 0 V: 0 C: 0      
5204:   movb (r1)+, r4                src: 0         dst: 100       r0: 5 r1: 3119 r2: 4 r3: 51667 r4: 0 r5: 65514 sp: 65508 pc: 5206          N: 0 Z: 1 V: 0 C: 0      
5206:   beq 5214.                     src: 2562                     r0: 5 r1: 3119 r2: 4 r3: 51667 r4: 0 r5: 65514 sp: 65508 pc: 5214          N: 0 Z: 1 V: 0 C: 0      
5214:   clr r2                        src: 4                        r0: 5 r1: 3119 r2: 0 r3: 51667 r4: 0 r5: 65514 sp: 65508 pc: 5216          N: 0 Z: 1 V: 0 C: 0      
5216:   div $hshsiz, r2               src: 1553      dst: 0         r0: 5 r1: 3119 r2: 33 r3: 418 r4: 0 r5: 65514 sp: 65508 pc: 5220           N: 0 Z: 0 V: 0 C: 0      
5220:   ashc $1., r2                  src: 1         dst: 33        r0: 5 r1: 3119 r2: 66 r3: 836 r4: 0 r5: 65514 sp: 65508 pc: 5224           N: 0 Z: 0 V: 0 C: 0      
5224:   add $hshtab, r3               src: 5722      dst: 836       r0: 5 r1: 3119 r2: 66 r3: 6558 r4: 0 r5: 65514 sp: 65508 pc: 5228          N: 0 Z: 0 V: 0 C: 0      
5228:   sub r2, r3                    src: 66        dst: 6558      r0: 5 r1: 3119 r2: 66 r3: 6492 r4: 0 r5: 65514 sp: 65508 pc: 5230          N: 0 Z: 0 V: 0 C: 0      
5230:   cmp r3, $hshtab               src: 6492      dst: 5722      r0: 5 r1: 3119 r2: 66 r3: 6492 r4: 0 r5: 65514 sp: 65508 pc: 5234          N: 0 Z: 0 V: 0 C: 0      
5234:   bhi 5240.                     src: 3043                     r0: 5 r1: 3119 r2: 66 r3: 6492 r4: 0 r5: 65514 sp: 65508 pc: 5240          N: 0 Z: 0 V: 0 C: 0      
5240:   tst -(r3)                     src: 0                        r0: 5 r1: 3119 r2: 66 r3: 6490 r4: 0 r5: 65514 sp: 65508 pc: 5242          N: 0 Z: 1 V: 0 C: 0      
5242:   bne 5228.                     src: 57475                    r0: 5 r1: 3119 r2: 66 r3: 6490 r4: 0 r5: 65514 sp: 65508 pc: 5244          N: 0 Z: 1 V: 0 C: 0      
5244:   mov (sp)+, r1                 src: 3114      dst: 3119      r0: 5 r1: 3114 r2: 66 r3: 6490 r4: 0 r5: 65514 sp: 65510 pc: 5246          N: 0 Z: 0 V: 0 C: 0      
5246:   mov r1, (r3)                  src: 3114      dst: 0         r0: 5 r1: 3114 r2: 66 r3: 6490 r4: 0 r5: 65514 sp: 65510 pc: 5248          N: 0 Z: 0 V: 0 C: 0      
5248:   add $12., r1                  src: 12        dst: 3114      r0: 5 r1: 3126 r2: 66 r3: 6490 r4: 0 r5: 65514 sp: 65510 pc: 5252          N: 0 Z: 0 V: 0 C: 0      
5252:   cmp r1, $ebsymtab             src: 3126      dst: 5118      r0: 5 r1: 3126 r2: 66 r3: 6490 r4: 0 r5: 65514 sp: 65510 pc: 5256          N: 1 Z: 0 V: 0 C: 1      
5256:   bcs 5196.                     src: 2563                     r0: 5 r1: 3126 r2: 66 r3: 6490 r4: 0 r5: 65514 sp: 65510 pc: 5196          N: 1 Z: 0 V: 0 C: 1      
5196:   clr r3                        src: 6490                     r0: 5 r1: 3126 r2: 66 r3: 0 r4: 0 r5: 65514 sp: 65510 pc: 5198             N: 0 Z: 1 V: 0 C: 0      
5198:   mov $8., r2                   src: 8         dst: 66        r0: 5 r1: 3126 r2: 8 r3: 0 r4: 0 r5: 65514 sp: 65510 pc: 5202              N: 0 Z: 0 V: 0 C: 0      
5202:   mov r1, -(sp)                 src: 3126      dst: 3114      r0: 5 r1: 3126 r2: 8 r3: 0 r4: 0 r5: 65514 sp: 65508 pc: 5204              N: 0 Z: 0 V: 0 C: 0      
5204:   movb (r1)+, r4                src: 119       dst: 0         r0: 5 r1: 3127 r2: 8 r3: 0 r4: 119 r5: 65514 sp: 65508 pc: 5206            N: 0 Z: 0 V: 0 C: 0      
5206:   beq 5214.                     src: 2562                     r0: 5 r1: 3127 r2: 8 r3: 0 r4: 119 r5: 65514 sp: 65508 pc: 5208            N: 0 Z: 0 V: 0 C: 0      
5208:   add r4, r3                    src: 119       dst: 0         r0: 5 r1: 3127 r2: 8 r3: 119 r4: 119 r5: 65514 sp: 65508 pc: 5210          N: 0 Z: 0 V: 0 C: 0      
5210:   swab r3                       src: 119                      r0: 5 r1: 3127 r2: 8 r3: 30464 r4: 119 r5: 65514 sp: 65508 pc: 5212        N: 0 Z: 1 V: 0 C: 0      
5212:   sob r2, 5204.                 src: 8         dst: 68        r0: 5 r1: 3127 r2: 7 r3: 30464 r4: 119 r5: 65514 sp: 65508 pc: 5204        N: 0 Z: 1 V: 0 C: 0      
5204:   movb (r1)+, r4                src: 114       dst: 119       r0: 5 r1: 3128 r2: 7 r3: 30464 r4: 114 r5: 65514 sp: 65508 pc: 5206        N: 0 Z: 0 V: 0 C: 0      
5206:   beq 5214.                     src: 2562                     r0: 5 r1: 3128 r2: 7 r3: 30464 r4: 114 r5: 65514 sp: 65508 pc: 5208        N: 0 Z: 0 V: 0 C: 0      
5208:   add r4, r3                    src: 114       dst: 30464     r0: 5 r1: 3128 r2: 7 r3: 30578 r4: 114 r5: 65514 sp: 65508 pc: 5210        N: 0 Z: 0 V: 0 C: 0      
5210:   swab r3                       src: 30578                    r0: 5 r1: 3128 r2: 7 r3: 29303 r4: 114 r5: 65514 sp: 65508 pc: 5212        N: 0 Z: 0 V: 0 C: 0      
5212:   sob r2, 5204.                 src: 7         dst: 68        r0: 5 r1: 3128 r2: 6 r3: 29303 r4: 114 r5: 65514 sp: 65508 pc: 5204        N: 0 Z: 0 V: 0 C: 0      
5204:   movb (r1)+, r4                src: 105       dst: 114       r0: 5 r1: 3129 r2: 6 r3: 29303 r4: 105 r5: 65514 sp: 65508 pc: 5206        N: 0 Z: 0 V: 0 C: 0      
5206:   beq 5214.                     src: 2562                     r0: 5 r1: 3129 r2: 6 r3: 29303 r4: 105 r5: 65514 sp: 65508 pc: 5208        N: 0 Z: 0 V: 0 C: 0      
5208:   add r4, r3                    src: 105       dst: 29303     r0: 5 r1: 3129 r2: 6 r3: 29408 r4: 105 r5: 65514 sp: 65508 pc: 5210        N: 0 Z: 0 V: 0 C: 0      
5210:   swab r3                       src: 29408                    r0: 5 r1: 3129 r2: 6 r3: 57458 r4: 105 r5: 65514 sp: 65508 pc: 5212        N: 0 Z: 0 V: 0 C: 0      
5212:   sob r2, 5204.                 src: 6         dst: 68        r0: 5 r1: 3129 r2: 5 r3: 57458 r4: 105 r5: 65514 sp: 65508 pc: 5204        N: 0 Z: 0 V: 0 C: 0      
5204:   movb (r1)+, r4                src: 116       dst: 105       r0: 5 r1: 3130 r2: 5 r3: 57458 r4: 116 r5: 65514 sp: 65508 pc: 5206        N: 0 Z: 0 V: 0 C: 0      
5206:   beq 5214.                     src: 2562                     r0: 5 r1: 3130 r2: 5 r3: 57458 r4: 116 r5: 65514 sp: 65508 pc: 5208        N: 0 Z: 0 V: 0 C: 0      
5208:   add r4, r3                    src: 116       dst: 57458     r0: 5 r1: 3130 r2: 5 r3: 57574 r4: 116 r5: 65514 sp: 65508 pc: 5210        N: 0 Z: 0 V: 0 C: 0      
5210:   swab r3                       src: 57574                    r0: 5 r1: 3130 r2: 5 r3: 59104 r4: 116 r5: 65514 sp: 65508 pc: 5212        N: 1 Z: 0 V: 0 C: 0      
5212:   sob r2, 5204.                 src: 5         dst: 68        r0: 5 r1: 3130 r2: 4 r3: 59104 r4: 116 r5: 65514 sp: 65508 pc: 5204        N: 1 Z: 0 V: 0 C: 0      
5204:   movb (r1)+, r4                src: 101       dst: 116       r0: 5 r1: 3131 r2: 4 r3: 59104 r4: 101 r5: 65514 sp: 65508 pc: 5206        N: 0 Z: 0 V: 0 C: 0      
5206:   beq 5214.                     src: 2562                     r0: 5 r1: 3131 r2: 4 r3: 59104 r4: 101 r5: 65514 sp: 65508 pc: 5208        N: 0 Z: 0 V: 0 C: 0      
5208:   add r4, r3                    src: 101       dst: 59104     r0: 5 r1: 3131 r2: 4 r3: 59205 r4: 101 r5: 65514 sp: 65508 pc: 5210        N: 0 Z: 0 V: 0 C: 0      
5210:   swab r3                       src: 59205                    r0: 5 r1: 3131 r2: 4 r3: 17895 r4: 101 r5: 65514 sp: 65508 pc: 5212        N: 1 Z: 0 V: 0 C: 0      
5212:   sob r2, 5204.                 src: 4         dst: 68        r0: 5 r1: 3131 r2: 3 r3: 17895 r4: 101 r5: 65514 sp: 65508 pc: 5204        N: 1 Z: 0 V: 0 C: 0      
5204:   movb (r1)+, r4                src: 0         dst: 101       r0: 5 r1: 3132 r2: 3 r3: 17895 r4: 0 r5: 65514 sp: 65508 pc: 5206          N: 0 Z: 1 V: 0 C: 0      
5206:   beq 5214.                     src: 2562                     r0: 5 r1: 3132 r2: 3 r3: 17895 r4: 0 r5: 65514 sp: 65508 pc: 5214          N: 0 Z: 1 V: 0 C: 0      
5214:   clr r2                        src: 3                        r0: 5 r1: 3132 r2: 0 r3: 17895 r4: 0 r5: 65514 sp: 65508 pc: 5216          N: 0 Z: 1 V: 0 C: 0      
5216:   div $hshsiz, r2               src: 1553      dst: 0         r0: 5 r1: 3132 r2: 11 r3: 812 r4: 0 r5: 65514 sp: 65508 pc: 5220           N: 0 Z: 0 V: 0 C: 0      
5220:   ashc $1., r2                  src: 1         dst: 11        r0: 5 r1: 3132 r2: 22 r3: 1624 r4: 0 r5: 65514 sp: 65508 pc: 5224          N: 0 Z: 0 V: 0 C: 0      
5224:   add $hshtab, r3               src: 5722      dst: 1624      r0: 5 r1: 3132 r2: 22 r3: 7346 r4: 0 r5: 65514 sp: 65508 pc: 5228          N: 0 Z: 0 V: 0 C: 0      
5228:   sub r2, r3                    src: 22        dst: 7346      r0: 5 r1: 3132 r2: 22 r3: 7324 r4: 0 r5: 65514 sp: 65508 pc: 5230          N: 0 Z: 0 V: 0 C: 0      
5230:   cmp r3, $hshtab               src: 7324      dst: 5722      r0: 5 r1: 3132 r2: 22 r3: 7324 r4: 0 r5: 65514 sp: 65508 pc: 5234          N: 0 Z: 0 V: 0 C: 0      
5234:   bhi 5240.                     src: 3043                     r0: 5 r1: 3132 r2: 22 r3: 7324 r4: 0 r5: 65514 sp: 65508 pc: 5240          N: 0 Z: 0 V: 0 C: 0      
5240:   tst -(r3)                     src: 0                        r0: 5 r1: 3132 r2: 22 r3: 7322 r4: 0 r5: 65514 sp: 65508 pc: 5242          N: 0 Z: 1 V: 0 C: 0      
5242:   bne 5228.                     src: 57475                    r0: 5 r1: 3132 r2: 22 r3: 7322 r4: 0 r5: 65514 sp: 65508 pc: 5244          N: 0 Z: 1 V: 0 C: 0      
5244:   mov (sp)+, r1                 src: 3126      dst: 3132      r0: 5 r1: 3126 r2: 22 r3: 7322 r4: 0 r5: 65514 sp: 65510 pc: 5246          N: 0 Z: 0 V: 0 C: 0      
5246:   mov r1, (r3)                  src: 3126      dst: 0         r0: 5 r1: 3126 r2: 22 r3: 7322 r4: 0 r5: 65514 sp: 65510 pc: 5248          N: 0 Z: 0 V: 0 C: 0      
5248:   add $12., r1                  src: 12        dst: 3126      r0: 5 r1: 3138 r2: 22 r3: 7322 r4: 0 r5: 65514 sp: 65510 pc: 5252          N: 0 Z: 0 V: 0 C: 0      
5252:   cmp r1, $ebsymtab             src: 3138      dst: 5118      r0: 5 r1: 3138 r2: 22 r3: 7322 r4: 0 r5: 65514 sp: 65510 pc: 5256          N: 1 Z: 0 V: 0 C: 1      
5256:   bcs 5196.                     src: 2563                     r0: 5 r1: 3138 r2: 22 r3: 7322 r4: 0 r5: 65514 sp: 65510 pc: 5196          N: 1 Z: 0 V: 0 C: 1      
5196:   clr r3                        src: 7322                     r0: 5 r1: 3138 r2: 22 r3: 0 r4: 0 r5: 65514 sp: 65510 pc: 5198             N: 0 Z: 1 V: 0 C: 0      
5198:   mov $8., r2                   src: 8         dst: 22        r0: 5 r1: 3138 r2: 8 r3: 0 r4: 0 r5: 65514 sp: 65510 pc: 5202              N: 0 Z: 0 V: 0 C: 0      
5202:   mov r1, -(sp)                 src: 3138      dst: 3126      r0: 5 r1: 3138 r2: 8 r3: 0 r4: 0 r5: 65514 sp: 65508 pc: 5204              N: 0 Z: 0 V: 0 C: 0      
5204:   movb (r1)+, r4                src: 111       dst: 0         r0: 5 r1: 3139 r2: 8 r3: 0 r4: 111 r5: 65514 sp: 65508 pc: 5206            N: 0 Z: 0 V: 0 C: 0      
5206:   beq 5214.                     src: 2562                     r0: 5 r1: 3139 r2: 8 r3: 0 r4: 111 r5: 65514 sp: 65508 pc: 5208            N: 0 Z: 0 V: 0 C: 0      
5208:   add r4, r3                    src: 111       dst: 0         r0: 5 r1: 3139 r2: 8 r3: 111 r4: 111 r5: 65514 sp: 65508 pc: 5210          N: 0 Z: 0 V: 0 C: 0      
5210:   swab r3                       src: 111                      r0: 5 r1: 3139 r2: 8 r3: 28416 r4: 111 r5: 65514 sp: 65508 pc: 5212        N: 0 Z: 1 V: 0 C: 0      
5212:   sob r2, 5204.                 src: 8         dst: 68        r0: 5 r1: 3139 r2: 7 r3: 28416 r4: 111 r5: 65514 sp: 65508 pc: 5204        N: 0 Z: 1 V: 0 C: 0      
5204:   movb (r1)+, r4                src: 112       dst: 111       r0: 5 r1: 3140 r2: 7 r3: 28416 r4: 112 r5: 65514 sp: 65508 pc: 5206        N: 0 Z: 0 V: 0 C: 0      
5206:   beq 5214.                     src: 2562                     r0: 5 r1: 3140 r2: 7 r3: 28416 r4: 112 r5: 65514 sp: 65508 pc: 5208        N: 0 Z: 0 V: 0 C: 0      
5208:   add r4, r3                    src: 112       dst: 28416     r0: 5 r1: 3140 r2: 7 r3: 28528 r4: 112 r5: 65514 sp: 65508 pc: 5210        N: 0 Z: 0 V: 0 C: 0      
5210:   swab r3                       src: 28528                    r0: 5 r1: 3140 r2: 7 r3: 28783 r4: 112 r5: 65514 sp: 65508 pc: 5212        N: 0 Z: 0 V: 0 C: 0      
5212:   sob r2, 5204.                 src: 7         dst: 68        r0: 5 r1: 3140 r2: 6 r3: 28783 r4: 112 r5: 65514 sp: 65508 pc: 5204        N: 0 Z: 0 V: 0 C: 0      
5204:   movb (r1)+, r4                src: 101       dst: 112       r0: 5 r1: 3141 r2: 6 r3: 28783 r4: 101 r5: 65514 sp: 65508 pc: 5206        N: 0 Z: 0 V: 0 C: 0      
5206:   beq 5214.                     src: 2562                     r0: 5 r1: 3141 r2: 6 r3: 28783 r4: 101 r5: 65514 sp: 65508 pc: 5208        N: 0 Z: 0 V: 0 C: 0      
5208:   add r4, r3                    src: 101       dst: 28783     r0: 5 r1: 3141 r2: 6 r3: 28884 r4: 101 r5: 65514 sp: 65508 pc: 5210        N: 0 Z: 0 V: 0 C: 0      
5210:   swab r3                       src: 28884                    r0: 5 r1: 3141 r2: 6 r3: 54384 r4: 101 r5: 65514 sp: 65508 pc: 5212        N: 0 Z: 0 V: 0 C: 0      
5212:   sob r2, 5204.                 src: 6         dst: 68        r0: 5 r1: 3141 r2: 5 r3: 54384 r4: 101 r5: 65514 sp: 65508 pc: 5204        N: 0 Z: 0 V: 0 C: 0      
5204:   movb (r1)+, r4                src: 110       dst: 101       r0: 5 r1: 3142 r2: 5 r3: 54384 r4: 110 r5: 65514 sp: 65508 pc: 5206        N: 0 Z: 0 V: 0 C: 0      
5206:   beq 5214.                     src: 2562                     r0: 5 r1: 3142 r2: 5 r3: 54384 r4: 110 r5: 65514 sp: 65508 pc: 5208        N: 0 Z: 0 V: 0 C: 0      
5208:   add r4, r3                    src: 110       dst: 54384     r0: 5 r1: 3142 r2: 5 r3: 54494 r4: 110 r5: 65514 sp: 65508 pc: 5210        N: 0 Z: 0 V: 0 C: 0      
5210:   swab r3                       src: 54494                    r0: 5 r1: 3142 r2: 5 r3: 57044 r4: 110 r5: 65514 sp: 65508 pc: 5212        N: 1 Z: 0 V: 0 C: 0      
5212:   sob r2, 5204.                 src: 5         dst: 68        r0: 5 r1: 3142 r2: 4 r3: 57044 r4: 110 r5: 65514 sp: 65508 pc: 5204        N: 1 Z: 0 V: 0 C: 0      
5204:   movb (r1)+, r4                src: 0         dst: 110       r0: 5 r1: 3143 r2: 4 r3: 57044 r4: 0 r5: 65514 sp: 65508 pc: 5206          N: 0 Z: 1 V: 0 C: 0      
5206:   beq 5214.                     src: 2562                     r0: 5 r1: 3143 r2: 4 r3: 57044 r4: 0 r5: 65514 sp: 65508 pc: 5214          N: 0 Z: 1 V: 0 C: 0      
5214:   clr r2                        src: 4                        r0: 5 r1: 3143 r2: 0 r3: 57044 r4: 0 r5: 65514 sp: 65508 pc: 5216          N: 0 Z: 1 V: 0 C: 0      
5216:   div $hshsiz, r2               src: 1553      dst: 0         r0: 5 r1: 3143 r2: 36 r3: 1136 r4: 0 r5: 65514 sp: 65508 pc: 5220          N: 0 Z: 0 V: 0 C: 0      
5220:   ashc $1., r2                  src: 1         dst: 36        r0: 5 r1: 3143 r2: 72 r3: 2272 r4: 0 r5: 65514 sp: 65508 pc: 5224          N: 0 Z: 0 V: 0 C: 0      
5224:   add $hshtab, r3               src: 5722      dst: 2272      r0: 5 r1: 3143 r2: 72 r3: 7994 r4: 0 r5: 65514 sp: 65508 pc: 5228          N: 0 Z: 0 V: 0 C: 0      
5228:   sub r2, r3                    src: 72        dst: 7994      r0: 5 r1: 3143 r2: 72 r3: 7922 r4: 0 r5: 65514 sp: 65508 pc: 5230          N: 0 Z: 0 V: 0 C: 0      
5230:   cmp r3, $hshtab               src: 7922      dst: 5722      r0: 5 r1: 3143 r2: 72 r3: 7922 r4: 0 r5: 65514 sp: 65508 pc: 5234          N: 0 Z: 0 V: 0 C: 0      
5234:   bhi 5240.                     src: 3043                     r0: 5 r1: 3143 r2: 72 r3: 7922 r4: 0 r5: 65514 sp: 65508 pc: 5240          N: 0 Z: 0 V: 0 C: 0      
5240:   tst -(r3)                     src: 1                        r0: 5 r1: 3143 r2: 72 r3: 7920 r4: 0 r5: 65514 sp: 65508 pc: 5242          N: 0 Z: 0 V: 0 C: 0      
5242:   bne 5228.                     src: 57475                    r0: 5 r1: 3143 r2: 72 r3: 7920 r4: 0 r5: 65514 sp: 65508 pc: 5228          N: 0 Z: 0 V: 0 C: 0      
5228:   sub r2, r3                    src: 72        dst: 7920      r0: 5 r1: 3143 r2: 72 r3: 7848 r4: 0 r5: 65514 sp: 65508 pc: 5230          N: 0 Z: 0 V: 0 C: 0      
5230:   cmp r3, $hshtab               src: 7848      dst: 5722      r0: 5 r1: 3143 r2: 72 r3: 7848 r4: 0 r5: 65514 sp: 65508 pc: 5234          N: 0 Z: 0 V: 0 C: 0      
5234:   bhi 5240.                     src: 3043                     r0: 5 r1: 3143 r2: 72 r3: 7848 r4: 0 r5: 65514 sp: 65508 pc: 5240          N: 0 Z: 0 V: 0 C: 0      
5240:   tst -(r3)                     src: 0                        r0: 5 r1: 3143 r2: 72 r3: 7846 r4: 0 r5: 65514 sp: 65508 pc: 5242          N: 0 Z: 1 V: 0 C: 0      
5242:   bne 5228.                     src: 57475                    r0: 5 r1: 3143 r2: 72 r3: 7846 r4: 0 r5: 65514 sp: 65508 pc: 5244          N: 0 Z: 1 V: 0 C: 0      
5244:   mov (sp)+, r1                 src: 3138      dst: 3143      r0: 5 r1: 3138 r2: 72 r3: 7846 r4: 0 r5: 65514 sp: 65510 pc: 5246          N: 0 Z: 0 V: 0 C: 0      
5246:   mov r1, (r3)                  src: 3138      dst: 0         r0: 5 r1: 3138 r2: 72 r3: 7846 r4: 0 r5: 65514 sp: 65510 pc: 5248          N: 0 Z: 0 V: 0 C: 0      
5248:   add $12., r1                  src: 12        dst: 3138      r0: 5 r1: 3150 r2: 72 r3: 7846 r4: 0 r5: 65514 sp: 65510 pc: 5252          N: 0 Z: 0 V: 0 C: 0      
5252:   cmp r1, $ebsymtab             src: 3150      dst: 5118      r0: 5 r1: 3150 r2: 72 r3: 7846 r4: 0 r5: 65514 sp: 65510 pc: 5256          N: 1 Z: 0 V: 0 C: 1      
5256:   bcs 5196.                     src: 2563                     r0: 5 r1: 3150 r2: 72 r3: 7846 r4: 0 r5: 65514 sp: 65510 pc: 5196          N: 1 Z: 0 V: 0 C: 1      
5196:   clr r3                        src: 7846                     r0: 5 r1: 3150 r2: 72 r3: 0 r4: 0 r5: 65514 sp: 65510 pc: 5198             N: 0 Z: 1 V: 0 C: 0      
5198:   mov $8., r2                   src: 8         dst: 72        r0: 5 r1: 3150 r2: 8 r3: 0 r4: 0 r5: 65514 sp: 65510 pc: 5202              N: 0 Z: 0 V: 0 C: 0      
5202:   mov r1, -(sp)                 src: 3150      dst: 3138      r0: 5 r1: 3150 r2: 8 r3: 0 r4: 0 r5: 65514 sp: 65508 pc: 5204              N: 0 Z: 0 V: 0 C: 0      
5204:   movb (r1)+, r4                src: 99        dst: 0         r0: 5 r1: 3151 r2: 8 r3: 0 r4: 99 r5: 65514 sp: 65508 pc: 5206             N: 0 Z: 0 V: 0 C: 0      
5206:   beq 5214.                     src: 2562                     r0: 5 r1: 3151 r2: 8 r3: 0 r4: 99 r5: 65514 sp: 65508 pc: 5208             N: 0 Z: 0 V: 0 C: 0      
5208:   add r4, r3                    src: 99        dst: 0         r0: 5 r1: 3151 r2: 8 r3: 99 r4: 99 r5: 65514 sp: 65508 pc: 5210            N: 0 Z: 0 V: 0 C: 0      
5210:   swab r3                       src: 99                       r0: 5 r1: 3151 r2: 8 r3: 25344 r4: 99 r5: 65514 sp: 65508 pc: 5212         N: 0 Z: 1 V: 0 C: 0      
5212:   sob r2, 5204.                 src: 8         dst: 68        r0: 5 r1: 3151 r2: 7 r3: 25344 r4: 99 r5: 65514 sp: 65508 pc: 5204         N: 0 Z: 1 V: 0 C: 0      
5204:   movb (r1)+, r4                src: 108       dst: 99        r0: 5 r1: 3152 r2: 7 r3: 25344 r4: 108 r5: 65514 sp: 65508 pc: 5206        N: 0 Z: 0 V: 0 C: 0      
5206:   beq 5214.                     src: 2562                     r0: 5 r1: 3152 r2: 7 r3: 25344 r4: 108 r5: 65514 sp: 65508 pc: 5208        N: 0 Z: 0 V: 0 C: 0      
5208:   add r4, r3                    src: 108       dst: 25344     r0: 5 r1: 3152 r2: 7 r3: 25452 r4: 108 r5: 65514 sp: 65508 pc: 5210        N: 0 Z: 0 V: 0 C: 0      
5210:   swab r3                       src: 25452                    r0: 5 r1: 3152 r2: 7 r3: 27747 r4: 108 r5: 65514 sp: 65508 pc: 5212        N: 0 Z: 0 V: 0 C: 0      
5212:   sob r2, 5204.                 src: 7         dst: 68        r0: 5 r1: 3152 r2: 6 r3: 27747 r4: 108 r5: 65514 sp: 65508 pc: 5204        N: 0 Z: 0 V: 0 C: 0      
5204:   movb (r1)+, r4                src: 111       dst: 108       r0: 5 r1: 3153 r2: 6 r3: 27747 r4: 111 r5: 65514 sp: 65508 pc: 5206        N: 0 Z: 0 V: 0 C: 0      
5206:   beq 5214.                     src: 2562                     r0: 5 r1: 3153 r2: 6 r3: 27747 r4: 111 r5: 65514 sp: 65508 pc: 5208        N: 0 Z: 0 V: 0 C: 0      
5208:   add r4, r3                    src: 111       dst: 27747     r0: 5 r1: 3153 r2: 6 r3: 27858 r4: 111 r5: 65514 sp: 65508 pc: 5210        N: 0 Z: 0 V: 0 C: 0      
5210:   swab r3                       src: 27858                    r0: 5 r1: 3153 r2: 6 r3: 53868 r4: 111 r5: 65514 sp: 65508 pc: 5212        N: 0 Z: 0 V: 0 C: 0      
5212:   sob r2, 5204.                 src: 6         dst: 68        r0: 5 r1: 3153 r2: 5 r3: 53868 r4: 111 r5: 65514 sp: 65508 pc: 5204        N: 0 Z: 0 V: 0 C: 0      
5204:   movb (r1)+, r4                src: 115       dst: 111       r0: 5 r1: 3154 r2: 5 r3: 53868 r4: 115 r5: 65514 sp: 65508 pc: 5206        N: 0 Z: 0 V: 0 C: 0      
5206:   beq 5214.                     src: 2562                     r0: 5 r1: 3154 r2: 5 r3: 53868 r4: 115 r5: 65514 sp: 65508 pc: 5208        N: 0 Z: 0 V: 0 C: 0      
5208:   add r4, r3                    src: 115       dst: 53868     r0: 5 r1: 3154 r2: 5 r3: 53983 r4: 115 r5: 65514 sp: 65508 pc: 5210        N: 0 Z: 0 V: 0 C: 0      
5210:   swab r3                       src: 53983                    r0: 5 r1: 3154 r2: 5 r3: 57298 r4: 115 r5: 65514 sp: 65508 pc: 5212        N: 1 Z: 0 V: 0 C: 0      
5212:   sob r2, 5204.                 src: 5         dst: 68        r0: 5 r1: 3154 r2: 4 r3: 57298 r4: 115 r5: 65514 sp: 65508 pc: 5204        N: 1 Z: 0 V: 0 C: 0      
5204:   movb (r1)+, r4                src: 101       dst: 115       r0: 5 r1: 3155 r2: 4 r3: 57298 r4: 101 r5: 65514 sp: 65508 pc: 5206        N: 0 Z: 0 V: 0 C: 0      
5206:   beq 5214.                     src: 2562                     r0: 5 r1: 3155 r2: 4 r3: 57298 r4: 101 r5: 65514 sp: 65508 pc: 5208        N: 0 Z: 0 V: 0 C: 0      
5208:   add r4, r3                    src: 101       dst: 57298     r0: 5 r1: 3155 r2: 4 r3: 57399 r4: 101 r5: 65514 sp: 65508 pc: 5210        N: 0 Z: 0 V: 0 C: 0      
5210:   swab r3                       src: 57399                    r0: 5 r1: 3155 r2: 4 r3: 14304 r4: 101 r5: 65514 sp: 65508 pc: 5212        N: 1 Z: 0 V: 0 C: 0      
5212:   sob r2, 5204.                 src: 4         dst: 68        r0: 5 r1: 3155 r2: 3 r3: 14304 r4: 101 r5: 65514 sp: 65508 pc: 5204        N: 1 Z: 0 V: 0 C: 0      
5204:   movb (r1)+, r4                src: 0         dst: 101       r0: 5 r1: 3156 r2: 3 r3: 14304 r4: 0 r5: 65514 sp: 65508 pc: 5206          N: 0 Z: 1 V: 0 C: 0      
5206:   beq 5214.                     src: 2562                     r0: 5 r1: 3156 r2: 3 r3: 14304 r4: 0 r5: 65514 sp: 65508 pc: 5214          N: 0 Z: 1 V: 0 C: 0      
5214:   clr r2                        src: 3                        r0: 5 r1: 3156 r2: 0 r3: 14304 r4: 0 r5: 65514 sp: 65508 pc: 5216          N: 0 Z: 1 V: 0 C: 0      
5216:   div $hshsiz, r2               src: 1553      dst: 0         r0: 5 r1: 3156 r2: 9 r3: 327 r4: 0 r5: 65514 sp: 65508 pc: 5220            N: 0 Z: 0 V: 0 C: 0      
5220:   ashc $1., r2                  src: 1         dst: 9         r0: 5 r1: 3156 r2: 18 r3: 654 r4: 0 r5: 65514 sp: 65508 pc: 5224           N: 0 Z: 0 V: 0 C: 0      
5224:   add $hshtab, r3               src: 5722      dst: 654       r0: 5 r1: 3156 r2: 18 r3: 6376 r4: 0 r5: 65514 sp: 65508 pc: 5228          N: 0 Z: 0 V: 0 C: 0      
5228:   sub r2, r3                    src: 18        dst: 6376      r0: 5 r1: 3156 r2: 18 r3: 6358 r4: 0 r5: 65514 sp: 65508 pc: 5230          N: 0 Z: 0 V: 0 C: 0      
5230:   cmp r3, $hshtab               src: 6358      dst: 5722      r0: 5 r1: 3156 r2: 18 r3: 6358 r4: 0 r5: 65514 sp: 65508 pc: 5234          N: 0 Z: 0 V: 0 C: 0      
5234:   bhi 5240.                     src: 3043                     r0: 5 r1: 3156 r2: 18 r3: 6358 r4: 0 r5: 65514 sp: 65508 pc: 5240          N: 0 Z: 0 V: 0 C: 0      
5240:   tst -(r3)                     src: 0                        r0: 5 r1: 3156 r2: 18 r3: 6356 r4: 0 r5: 65514 sp: 65508 pc: 5242          N: 0 Z: 1 V: 0 C: 0      
5242:   bne 5228.                     src: 57475                    r0: 5 r1: 3156 r2: 18 r3: 6356 r4: 0 r5: 65514 sp: 65508 pc: 5244          N: 0 Z: 1 V: 0 C: 0      
5244:   mov (sp)+, r1                 src: 3150      dst: 3156      r0: 5 r1: 3150 r2: 18 r3: 6356 r4: 0 r5: 65514 sp: 65510 pc: 5246          N: 0 Z: 0 V: 0 C: 0      
5246:   mov r1, (r3)                  src: 3150      dst: 0         r0: 5 r1: 3150 r2: 18 r3: 6356 r4: 0 r5: 65514 sp: 65510 pc: 5248          N: 0 Z: 0 V: 0 C: 0      
5248:   add $12., r1                  src: 12        dst: 3150      r0: 5 r1: 3162 r2: 18 r3: 6356 r4: 0 r5: 65514 sp: 65510 pc: 5252          N: 0 Z: 0 V: 0 C: 0      
5252:   cmp r1, $ebsymtab             src: 3162      dst: 5118      r0: 5 r1: 3162 r2: 18 r3: 6356 r4: 0 r5: 65514 sp: 65510 pc: 5256          N: 1 Z: 0 V: 0 C: 1      
5256:   bcs 5196.                     src: 2563                     r0: 5 r1: 3162 r2: 18 r3: 6356 r4: 0 r5: 65514 sp: 65510 pc: 5196          N: 1 Z: 0 V: 0 C: 1      
5196:   clr r3                        src: 6356                     r0: 5 r1: 3162 r2: 18 r3: 0 r4: 0 r5: 65514 sp: 65510 pc: 5198             N: 0 Z: 1 V: 0 C: 0      
5198:   mov $8., r2                   src: 8         dst: 18        r0: 5 r1: 3162 r2: 8 r3: 0 r4: 0 r5: 65514 sp: 65510 pc: 5202              N: 0 Z: 0 V: 0 C: 0      
5202:   mov r1, -(sp)                 src: 3162      dst: 3150      r0: 5 r1: 3162 r2: 8 r3: 0 r4: 0 r5: 65514 sp: 65508 pc: 5204              N: 0 Z: 0 V: 0 C: 0      
5204:   movb (r1)+, r4                src: 119       dst: 0         r0: 5 r1: 3163 r2: 8 r3: 0 r4: 119 r5: 65514 sp: 65508 pc: 5206            N: 0 Z: 0 V: 0 C: 0      
5206:   beq 5214.                     src: 2562                     r0: 5 r1: 3163 r2: 8 r3: 0 r4: 119 r5: 65514 sp: 65508 pc: 5208            N: 0 Z: 0 V: 0 C: 0      
5208:   add r4, r3                    src: 119       dst: 0         r0: 5 r1: 3163 r2: 8 r3: 119 r4: 119 r5: 65514 sp: 65508 pc: 5210          N: 0 Z: 0 V: 0 C: 0      
5210:   swab r3                       src: 119                      r0: 5 r1: 3163 r2: 8 r3: 30464 r4: 119 r5: 65514 sp: 65508 pc: 5212        N: 0 Z: 1 V: 0 C: 0      
5212:   sob r2, 5204.                 src: 8         dst: 68        r0: 5 r1: 3163 r2: 7 r3: 30464 r4: 119 r5: 65514 sp: 65508 pc: 5204        N: 0 Z: 1 V: 0 C: 0      
5204:   movb (r1)+, r4                src: 97        dst: 119       r0: 5 r1: 3164 r2: 7 r3: 30464 r4: 97 r5: 65514 sp: 65508 pc: 5206         N: 0 Z: 0 V: 0 C: 0      
5206:   beq 5214.                     src: 2562                     r0: 5 r1: 3164 r2: 7 r3: 30464 r4: 97 r5: 65514 sp: 65508 pc: 5208         N: 0 Z: 0 V: 0 C: 0      
5208:   add r4, r3                    src: 97        dst: 30464     r0: 5 r1: 3164 r2: 7 r3: 30561 r4: 97 r5: 65514 sp: 65508 pc: 5210         N: 0 Z: 0 V: 0 C: 0      
5210:   swab r3                       src: 30561                    r0: 5 r1: 3164 r2: 7 r3: 24951 r4: 97 r5: 65514 sp: 65508 pc: 5212         N: 0 Z: 0 V: 0 C: 0      
5212:   sob r2, 5204.                 src: 7         dst: 68        r0: 5 r1: 3164 r2: 6 r3: 24951 r4: 97 r5: 65514 sp: 65508 pc: 5204         N: 0 Z: 0 V: 0 C: 0      
5204:   movb (r1)+, r4                src: 105       dst: 97        r0: 5 r1: 3165 r2: 6 r3: 24951 r4: 105 r5: 65514 sp: 65508 pc: 5206        N: 0 Z: 0 V: 0 C: 0      
5206:   beq 5214.                     src: 2562                     r0: 5 r1: 3165 r2: 6 r3: 24951 r4: 105 r5: 65514 sp: 65508 pc: 5208        N: 0 Z: 0 V: 0 C: 0      
5208:   add r4, r3                    src: 105       dst: 24951     r0: 5 r1: 3165 r2: 6 r3: 25056 r4: 105 r5: 65514 sp: 65508 pc: 5210        N: 0 Z: 0 V: 0 C: 0      
5210:   swab r3                       src: 25056                    r0: 5 r1: 3165 r2: 6 r3: 57441 r4: 105 r5: 65514 sp: 65508 pc: 5212        N: 0 Z: 0 V: 0 C: 0      
5212:   sob r2, 5204.                 src: 6         dst: 68        r0: 5 r1: 3165 r2: 5 r3: 57441 r4: 105 r5: 65514 sp: 65508 pc: 5204        N: 0 Z: 0 V: 0 C: 0      
5204:   movb (r1)+, r4                src: 116       dst: 105       r0: 5 r1: 3166 r2: 5 r3: 57441 r4: 116 r5: 65514 sp: 65508 pc: 5206        N: 0 Z: 0 V: 0 C: 0      
5206:   beq 5214.                     src: 2562                     r0: 5 r1: 3166 r2: 5 r3: 57441 r4: 116 r5: 65514 sp: 65508 pc: 5208        N: 0 Z: 0 V: 0 C: 0      
5208:   add r4, r3                    src: 116       dst: 57441     r0: 5 r1: 3166 r2: 5 r3: 57557 r4: 116 r5: 65514 sp: 65508 pc: 5210        N: 0 Z: 0 V: 0 C: 0      
5210:   swab r3                       src: 57557                    r0: 5 r1: 3166 r2: 5 r3: 54752 r4: 116 r5: 65514 sp: 65508 pc: 5212        N: 1 Z: 0 V: 0 C: 0      
5212:   sob r2, 5204.                 src: 5         dst: 68        r0: 5 r1: 3166 r2: 4 r3: 54752 r4: 116 r5: 65514 sp: 65508 pc: 5204        N: 1 Z: 0 V: 0 C: 0      
5204:   movb (r1)+, r4                src: 0         dst: 116       r0: 5 r1: 3167 r2: 4 r3: 54752 r4: 0 r5: 65514 sp: 65508 pc: 5206          N: 0 Z: 1 V: 0 C: 0      
5206:   beq 5214.                     src: 2562                     r0: 5 r1: 3167 r2: 4 r3: 54752 r4: 0 r5: 65514 sp: 65508 pc: 5214          N: 0 Z: 1 V: 0 C: 0      
5214:   clr r2                        src: 4                        r0: 5 r1: 3167 r2: 0 r3: 54752 r4: 0 r5: 65514 sp: 65508 pc: 5216          N: 0 Z: 1 V: 0 C: 0      
5216:   div $hshsiz, r2               src: 1553      dst: 0         r0: 5 r1: 3167 r2: 35 r3: 397 r4: 0 r5: 65514 sp: 65508 pc: 5220           N: 0 Z: 0 V: 0 C: 0      
5220:   ashc $1., r2                  src: 1         dst: 35        r0: 5 r1: 3167 r2: 70 r3: 794 r4: 0 r5: 65514 sp: 65508 pc: 5224           N: 0 Z: 0 V: 0 C: 0      
5224:   add $hshtab, r3               src: 5722      dst: 794       r0: 5 r1: 3167 r2: 70 r3: 6516 r4: 0 r5: 65514 sp: 65508 pc: 5228          N: 0 Z: 0 V: 0 C: 0      
5228:   sub r2, r3                    src: 70        dst: 6516      r0: 5 r1: 3167 r2: 70 r3: 6446 r4: 0 r5: 65514 sp: 65508 pc: 5230          N: 0 Z: 0 V: 0 C: 0      
5230:   cmp r3, $hshtab               src: 6446      dst: 5722      r0: 5 r1: 3167 r2: 70 r3: 6446 r4: 0 r5: 65514 sp: 65508 pc: 5234          N: 0 Z: 0 V: 0 C: 0      
5234:   bhi 5240.                     src: 3043                     r0: 5 r1: 3167 r2: 70 r3: 6446 r4: 0 r5: 65514 sp: 65508 pc: 5240          N: 0 Z: 0 V: 0 C: 0      
5240:   tst -(r3)                     src: 1                        r0: 5 r1: 3167 r2: 70 r3: 6444 r4: 0 r5: 65514 sp: 65508 pc: 5242          N: 0 Z: 0 V: 0 C: 0      
5242:   bne 5228.                     src: 57475                    r0: 5 r1: 3167 r2: 70 r3: 6444 r4: 0 r5: 65514 sp: 65508 pc: 5228          N: 0 Z: 0 V: 0 C: 0      
5228:   sub r2, r3                    src: 70        dst: 6444      r0: 5 r1: 3167 r2: 70 r3: 6374 r4: 0 r5: 65514 sp: 65508 pc: 5230          N: 0 Z: 0 V: 0 C: 0      
5230:   cmp r3, $hshtab               src: 6374      dst: 5722      r0: 5 r1: 3167 r2: 70 r3: 6374 r4: 0 r5: 65514 sp: 65508 pc: 5234          N: 0 Z: 0 V: 0 C: 0      
5234:   bhi 5240.                     src: 3043                     r0: 5 r1: 3167 r2: 70 r3: 6374 r4: 0 r5: 65514 sp: 65508 pc: 5240          N: 0 Z: 0 V: 0 C: 0      
5240:   tst -(r3)                     src: 0                        r0: 5 r1: 3167 r2: 70 r3: 6372 r4: 0 r5: 65514 sp: 65508 pc: 5242          N: 0 Z: 1 V: 0 C: 0      
5242:   bne 5228.                     src: 57475                    r0: 5 r1: 3167 r2: 70 r3: 6372 r4: 0 r5: 65514 sp: 65508 pc: 5244          N: 0 Z: 1 V: 0 C: 0      
5244:   mov (sp)+, r1                 src: 3162      dst: 3167      r0: 5 r1: 3162 r2: 70 r3: 6372 r4: 0 r5: 65514 sp: 65510 pc: 5246          N: 0 Z: 0 V: 0 C: 0      
5246:   mov r1, (r3)                  src: 3162      dst: 0         r0: 5 r1: 3162 r2: 70 r3: 6372 r4: 0 r5: 65514 sp: 65510 pc: 5248          N: 0 Z: 0 V: 0 C: 0      
5248:   add $12., r1                  src: 12        dst: 3162      r0: 5 r1: 3174 r2: 70 r3: 6372 r4: 0 r5: 65514 sp: 65510 pc: 5252          N: 0 Z: 0 V: 0 C: 0      
5252:   cmp r1, $ebsymtab             src: 3174      dst: 5118      r0: 5 r1: 3174 r2: 70 r3: 6372 r4: 0 r5: 65514 sp: 65510 pc: 5256          N: 1 Z: 0 V: 0 C: 1      
5256:   bcs 5196.                     src: 2563                     r0: 5 r1: 3174 r2: 70 r3: 6372 r4: 0 r5: 65514 sp: 65510 pc: 5196          N: 1 Z: 0 V: 0 C: 1      
5196:   clr r3                        src: 6372                     r0: 5 r1: 3174 r2: 70 r3: 0 r4: 0 r5: 65514 sp: 65510 pc: 5198             N: 0 Z: 1 V: 0 C: 0      
5198:   mov $8., r2                   src: 8         dst: 70        r0: 5 r1: 3174 r2: 8 r3: 0 r4: 0 r5: 65514 sp: 65510 pc: 5202              N: 0 Z: 0 V: 0 C: 0      
5202:   mov r1, -(sp)                 src: 3174      dst: 3162      r0: 5 r1: 3174 r2: 8 r3: 0 r4: 0 r5: 65514 sp: 65508 pc: 5204              N: 0 Z: 0 V: 0 C: 0      
5204:   movb (r1)+, r4                src: 99        dst: 0         r0: 5 r1: 3175 r2: 8 r3: 0 r4: 99 r5: 65514 sp: 65508 pc: 5206             N: 0 Z: 0 V: 0 C: 0      
5206:   beq 5214.                     src: 2562                     r0: 5 r1: 3175 r2: 8 r3: 0 r4: 99 r5: 65514 sp: 65508 pc: 5208             N: 0 Z: 0 V: 0 C: 0      
5208:   add r4, r3                    src: 99        dst: 0         r0: 5 r1: 3175 r2: 8 r3: 99 r4: 99 r5: 65514 sp: 65508 pc: 5210            N: 0 Z: 0 V: 0 C: 0      
5210:   swab r3                       src: 99                       r0: 5 r1: 3175 r2: 8 r3: 25344 r4: 99 r5: 65514 sp: 65508 pc: 5212         N: 0 Z: 1 V: 0 C: 0      
5212:   sob r2, 5204.                 src: 8         dst: 68        r0: 5 r1: 3175 r2: 7 r3: 25344 r4: 99 r5: 65514 sp: 65508 pc: 5204         N: 0 Z: 1 V: 0 C: 0      
5204:   movb (r1)+, r4                src: 114       dst: 99        r0: 5 r1: 3176 r2: 7 r3: 25344 r4: 114 r5: 65514 sp: 65508 pc: 5206        N: 0 Z: 0 V: 0 C: 0      
5206:   beq 5214.                     src: 2562                     r0: 5 r1: 3176 r2: 7 r3: 25344 r4: 114 r5: 65514 sp: 65508 pc: 5208        N: 0 Z: 0 V: 0 C: 0      
5208:   add r4, r3                    src: 114       dst: 25344     r0: 5 r1: 3176 r2: 7 r3: 25458 r4: 114 r5: 65514 sp: 65508 pc: 5210        N: 0 Z: 0 V: 0 C: 0      
5210:   swab r3                       src: 25458                    r0: 5 r1: 3176 r2: 7 r3: 29283 r4: 114 r5: 65514 sp: 65508 pc: 5212        N: 0 Z: 0 V: 0 C: 0      
5212:   sob r2, 5204.                 src: 7         dst: 68        r0: 5 r1: 3176 r2: 6 r3: 29283 r4: 114 r5: 65514 sp: 65508 pc: 5204        N: 0 Z: 0 V: 0 C: 0      
5204:   movb (r1)+, r4                src: 101       dst: 114       r0: 5 r1: 3177 r2: 6 r3: 29283 r4: 101 r5: 65514 sp: 65508 pc: 5206        N: 0 Z: 0 V: 0 C: 0      
5206:   beq 5214.                     src: 2562                     r0: 5 r1: 3177 r2: 6 r3: 29283 r4: 101 r5: 65514 sp: 65508 pc: 5208        N: 0 Z: 0 V: 0 C: 0      
5208:   add r4, r3                    src: 101       dst: 29283     r0: 5 r1: 3177 r2: 6 r3: 29384 r4: 101 r5: 65514 sp: 65508 pc: 5210        N: 0 Z: 0 V: 0 C: 0      
5210:   swab r3                       src: 29384                    r0: 5 r1: 3177 r2: 6 r3: 51314 r4: 101 r5: 65514 sp: 65508 pc: 5212        N: 0 Z: 0 V: 0 C: 0      
5212:   sob r2, 5204.                 src: 6         dst: 68        r0: 5 r1: 3177 r2: 5 r3: 51314 r4: 101 r5: 65514 sp: 65508 pc: 5204        N: 0 Z: 0 V: 0 C: 0      
5204:   movb (r1)+, r4                src: 97        dst: 101       r0: 5 r1: 3178 r2: 5 r3: 51314 r4: 97 r5: 65514 sp: 65508 pc: 5206         N: 0 Z: 0 V: 0 C: 0      
5206:   beq 5214.                     src: 2562                     r0: 5 r1: 3178 r2: 5 r3: 51314 r4: 97 r5: 65514 sp: 65508 pc: 5208         N: 0 Z: 0 V: 0 C: 0      
5208:   add r4, r3                    src: 97        dst: 51314     r0: 5 r1: 3178 r2: 5 r3: 51411 r4: 97 r5: 65514 sp: 65508 pc: 5210         N: 0 Z: 0 V: 0 C: 0      
5210:   swab r3                       src: 51411                    r0: 5 r1: 3178 r2: 5 r3: 54216 r4: 97 r5: 65514 sp: 65508 pc: 5212         N: 1 Z: 0 V: 0 C: 0      
5212:   sob r2, 5204.                 src: 5         dst: 68        r0: 5 r1: 3178 r2: 4 r3: 54216 r4: 97 r5: 65514 sp: 65508 pc: 5204         N: 1 Z: 0 V: 0 C: 0      
5204:   movb (r1)+, r4                src: 116       dst: 97        r0: 5 r1: 3179 r2: 4 r3: 54216 r4: 116 r5: 65514 sp: 65508 pc: 5206        N: 0 Z: 0 V: 0 C: 0      
5206:   beq 5214.                     src: 2562                     r0: 5 r1: 3179 r2: 4 r3: 54216 r4: 116 r5: 65514 sp: 65508 pc: 5208        N: 0 Z: 0 V: 0 C: 0      
5208:   add r4, r3                    src: 116       dst: 54216     r0: 5 r1: 3179 r2: 4 r3: 54332 r4: 116 r5: 65514 sp: 65508 pc: 5210        N: 0 Z: 0 V: 0 C: 0      
5210:   swab r3                       src: 54332                    r0: 5 r1: 3179 r2: 4 r3: 15572 r4: 116 r5: 65514 sp: 65508 pc: 5212        N: 1 Z: 0 V: 0 C: 0      
5212:   sob r2, 5204.                 src: 4         dst: 68        r0: 5 r1: 3179 r2: 3 r3: 15572 r4: 116 r5: 65514 sp: 65508 pc: 5204        N: 1 Z: 0 V: 0 C: 0      
5204:   movb (r1)+, r4                src: 0         dst: 116       r0: 5 r1: 3180 r2: 3 r3: 15572 r4: 0 r5: 65514 sp: 65508 pc: 5206          N: 0 Z: 1 V: 0 C: 0      
5206:   beq 5214.                     src: 2562                     r0: 5 r1: 3180 r2: 3 r3: 15572 r4: 0 r5: 65514 sp: 65508 pc: 5214          N: 0 Z: 1 V: 0 C: 0      
5214:   clr r2                        src: 3                        r0: 5 r1: 3180 r2: 0 r3: 15572 r4: 0 r5: 65514 sp: 65508 pc: 5216          N: 0 Z: 1 V: 0 C: 0      
5216:   div $hshsiz, r2               src: 1553      dst: 0         r0: 5 r1: 3180 r2: 10 r3: 42 r4: 0 r5: 65514 sp: 65508 pc: 5220            N: 0 Z: 0 V: 0 C: 0      
5220:   ashc $1., r2                  src: 1         dst: 10        r0: 5 r1: 3180 r2: 20 r3: 84 r4: 0 r5: 65514 sp: 65508 pc: 5224            N: 0 Z: 0 V: 0 C: 0      
5224:   add $hshtab, r3               src: 5722      dst: 84        r0: 5 r1: 3180 r2: 20 r3: 5806 r4: 0 r5: 65514 sp: 65508 pc: 5228          N: 0 Z: 0 V: 0 C: 0      
5228:   sub r2, r3                    src: 20        dst: 5806      r0: 5 r1: 3180 r2: 20 r3: 5786 r4: 0 r5: 65514 sp: 65508 pc: 5230          N: 0 Z: 0 V: 0 C: 0      
5230:   cmp r3, $hshtab               src: 5786      dst: 5722      r0: 5 r1: 3180 r2: 20 r3: 5786 r4: 0 r5: 65514 sp: 65508 pc: 5234          N: 0 Z: 0 V: 0 C: 0      
5234:   bhi 5240.                     src: 3043                     r0: 5 r1: 3180 r2: 20 r3: 5786 r4: 0 r5: 65514 sp: 65508 pc: 5240          N: 0 Z: 0 V: 0 C: 0      
5240:   tst -(r3)                     src: 0                        r0: 5 r1: 3180 r2: 20 r3: 5784 r4: 0 r5: 65514 sp: 65508 pc: 5242          N: 0 Z: 1 V: 0 C: 0      
5242:   bne 5228.                     src: 57475                    r0: 5 r1: 3180 r2: 20 r3: 5784 r4: 0 r5: 65514 sp: 65508 pc: 5244          N: 0 Z: 1 V: 0 C: 0      
5244:   mov (sp)+, r1                 src: 3174      dst: 3180      r0: 5 r1: 3174 r2: 20 r3: 5784 r4: 0 r5: 65514 sp: 65510 pc: 5246          N: 0 Z: 0 V: 0 C: 0      
5246:   mov r1, (r3)                  src: 3174      dst: 0         r0: 5 r1: 3174 r2: 20 r3: 5784 r4: 0 r5: 65514 sp: 65510 pc: 5248          N: 0 Z: 0 V: 0 C: 0      
5248:   add $12., r1                  src: 12        dst: 3174      r0: 5 r1: 3186 r2: 20 r3: 5784 r4: 0 r5: 65514 sp: 65510 pc: 5252          N: 0 Z: 0 V: 0 C: 0      
5252:   cmp r1, $ebsymtab             src: 3186      dst: 5118      r0: 5 r1: 3186 r2: 20 r3: 5784 r4: 0 r5: 65514 sp: 65510 pc: 5256          N: 1 Z: 0 V: 0 C: 1      
5256:   bcs 5196.                     src: 2563                     r0: 5 r1: 3186 r2: 20 r3: 5784 r4: 0 r5: 65514 sp: 65510 pc: 5196          N: 1 Z: 0 V: 0 C: 1      
5196:   clr r3                        src: 5784                     r0: 5 r1: 3186 r2: 20 r3: 0 r4: 0 r5: 65514 sp: 65510 pc: 5198             N: 0 Z: 1 V: 0 C: 0      
5198:   mov $8., r2                   src: 8         dst: 20        r0: 5 r1: 3186 r2: 8 r3: 0 r4: 0 r5: 65514 sp: 65510 pc: 5202              N: 0 Z: 0 V: 0 C: 0      
5202:   mov r1, -(sp)                 src: 3186      dst: 3174      r0: 5 r1: 3186 r2: 8 r3: 0 r4: 0 r5: 65514 sp: 65508 pc: 5204              N: 0 Z: 0 V: 0 C: 0      
5204:   movb (r1)+, r4                src: 108       dst: 0         r0: 5 r1: 3187 r2: 8 r3: 0 r4: 108 r5: 65514 sp: 65508 pc: 5206            N: 0 Z: 0 V: 0 C: 0      
5206:   beq 5214.                     src: 2562                     r0: 5 r1: 3187 r2: 8 r3: 0 r4: 108 r5: 65514 sp: 65508 pc: 5208            N: 0 Z: 0 V: 0 C: 0      
5208:   add r4, r3                    src: 108       dst: 0         r0: 5 r1: 3187 r2: 8 r3: 108 r4: 108 r5: 65514 sp: 65508 pc: 5210          N: 0 Z: 0 V: 0 C: 0      
5210:   swab r3                       src: 108                      r0: 5 r1: 3187 r2: 8 r3: 27648 r4: 108 r5: 65514 sp: 65508 pc: 5212        N: 0 Z: 1 V: 0 C: 0      
5212:   sob r2, 5204.                 src: 8         dst: 68        r0: 5 r1: 3187 r2: 7 r3: 27648 r4: 108 r5: 65514 sp: 65508 pc: 5204        N: 0 Z: 1 V: 0 C: 0      
5204:   movb (r1)+, r4                src: 105       dst: 108       r0: 5 r1: 3188 r2: 7 r3: 27648 r4: 105 r5: 65514 sp: 65508 pc: 5206        N: 0 Z: 0 V: 0 C: 0      
5206:   beq 5214.                     src: 2562                     r0: 5 r1: 3188 r2: 7 r3: 27648 r4: 105 r5: 65514 sp: 65508 pc: 5208        N: 0 Z: 0 V: 0 C: 0      
5208:   add r4, r3                    src: 105       dst: 27648     r0: 5 r1: 3188 r2: 7 r3: 27753 r4: 105 r5: 65514 sp: 65508 pc: 5210        N: 0 Z: 0 V: 0 C: 0      
5210:   swab r3                       src: 27753                    r0: 5 r1: 3188 r2: 7 r3: 26988 r4: 105 r5: 65514 sp: 65508 pc: 5212        N: 0 Z: 0 V: 0 C: 0      
5212:   sob r2, 5204.                 src: 7         dst: 68        r0: 5 r1: 3188 r2: 6 r3: 26988 r4: 105 r5: 65514 sp: 65508 pc: 5204        N: 0 Z: 0 V: 0 C: 0      
5204:   movb (r1)+, r4                src: 110       dst: 105       r0: 5 r1: 3189 r2: 6 r3: 26988 r4: 110 r5: 65514 sp: 65508 pc: 5206        N: 0 Z: 0 V: 0 C: 0      
5206:   beq 5214.                     src: 2562                     r0: 5 r1: 3189 r2: 6 r3: 26988 r4: 110 r5: 65514 sp: 65508 pc: 5208        N: 0 Z: 0 V: 0 C: 0      
5208:   add r4, r3                    src: 110       dst: 26988     r0: 5 r1: 3189 r2: 6 r3: 27098 r4: 110 r5: 65514 sp: 65508 pc: 5210        N: 0 Z: 0 V: 0 C: 0      
5210:   swab r3                       src: 27098                    r0: 5 r1: 3189 r2: 6 r3: 55913 r4: 110 r5: 65514 sp: 65508 pc: 5212        N: 0 Z: 0 V: 0 C: 0      
5212:   sob r2, 5204.                 src: 6         dst: 68        r0: 5 r1: 3189 r2: 5 r3: 55913 r4: 110 r5: 65514 sp: 65508 pc: 5204        N: 0 Z: 0 V: 0 C: 0      
5204:   movb (r1)+, r4                src: 107       dst: 110       r0: 5 r1: 3190 r2: 5 r3: 55913 r4: 107 r5: 65514 sp: 65508 pc: 5206        N: 0 Z: 0 V: 0 C: 0      
5206:   beq 5214.                     src: 2562                     r0: 5 r1: 3190 r2: 5 r3: 55913 r4: 107 r5: 65514 sp: 65508 pc: 5208        N: 0 Z: 0 V: 0 C: 0      
5208:   add r4, r3                    src: 107       dst: 55913     r0: 5 r1: 3190 r2: 5 r3: 56020 r4: 107 r5: 65514 sp: 65508 pc: 5210        N: 0 Z: 0 V: 0 C: 0      
5210:   swab r3                       src: 56020                    r0: 5 r1: 3190 r2: 5 r3: 54490 r4: 107 r5: 65514 sp: 65508 pc: 5212        N: 1 Z: 0 V: 0 C: 0      
5212:   sob r2, 5204.                 src: 5         dst: 68        r0: 5 r1: 3190 r2: 4 r3: 54490 r4: 107 r5: 65514 sp: 65508 pc: 5204        N: 1 Z: 0 V: 0 C: 0      
5204:   movb (r1)+, r4                src: 0         dst: 107       r0: 5 r1: 3191 r2: 4 r3: 54490 r4: 0 r5: 65514 sp: 65508 pc: 5206          N: 0 Z: 1 V: 0 C: 0      
5206:   beq 5214.                     src: 2562                     r0: 5 r1: 3191 r2: 4 r3: 54490 r4: 0 r5: 65514 sp: 65508 pc: 5214          N: 0 Z: 1 V: 0 C: 0      
5214:   clr r2                        src: 4                        r0: 5 r1: 3191 r2: 0 r3: 54490 r4: 0 r5: 65514 sp: 65508 pc: 5216          N: 0 Z: 1 V: 0 C: 0      
5216:   div $hshsiz, r2               src: 1553      dst: 0         r0: 5 r1: 3191 r2: 35 r3: 135 r4: 0 r5: 65514 sp: 65508 pc: 5220           N: 0 Z: 0 V: 0 C: 0      
5220:   ashc $1., r2                  src: 1         dst: 35        r0: 5 r1: 3191 r2: 70 r3: 270 r4: 0 r5: 65514 sp: 65508 pc: 5224           N: 0 Z: 0 V: 0 C: 0      
5224:   add $hshtab, r3               src: 5722      dst: 270       r0: 5 r1: 3191 r2: 70 r3: 5992 r4: 0 r5: 65514 sp: 65508 pc: 5228          N: 0 Z: 0 V: 0 C: 0      
5228:   sub r2, r3                    src: 70        dst: 5992      r0: 5 r1: 3191 r2: 70 r3: 5922 r4: 0 r5: 65514 sp: 65508 pc: 5230          N: 0 Z: 0 V: 0 C: 0      
5230:   cmp r3, $hshtab               src: 5922      dst: 5722      r0: 5 r1: 3191 r2: 70 r3: 5922 r4: 0 r5: 65514 sp: 65508 pc: 5234          N: 0 Z: 0 V: 0 C: 0      
5234:   bhi 5240.                     src: 3043                     r0: 5 r1: 3191 r2: 70 r3: 5922 r4: 0 r5: 65514 sp: 65508 pc: 5240          N: 0 Z: 0 V: 0 C: 0      
5240:   tst -(r3)                     src: 1                        r0: 5 r1: 3191 r2: 70 r3: 5920 r4: 0 r5: 65514 sp: 65508 pc: 5242          N: 0 Z: 0 V: 0 C: 0      
5242:   bne 5228.                     src: 57475                    r0: 5 r1: 3191 r2: 70 r3: 5920 r4: 0 r5: 65514 sp: 65508 pc: 5228          N: 0 Z: 0 V: 0 C: 0      
5228:   sub r2, r3                    src: 70        dst: 5920      r0: 5 r1: 3191 r2: 70 r3: 5850 r4: 0 r5: 65514 sp: 65508 pc: 5230          N: 0 Z: 0 V: 0 C: 0      
5230:   cmp r3, $hshtab               src: 5850      dst: 5722      r0: 5 r1: 3191 r2: 70 r3: 5850 r4: 0 r5: 65514 sp: 65508 pc: 5234          N: 0 Z: 0 V: 0 C: 0      
5234:   bhi 5240.                     src: 3043                     r0: 5 r1: 3191 r2: 70 r3: 5850 r4: 0 r5: 65514 sp: 65508 pc: 5240          N: 0 Z: 0 V: 0 C: 0      
5240:   tst -(r3)                     src: 0                        r0: 5 r1: 3191 r2: 70 r3: 5848 r4: 0 r5: 65514 sp: 65508 pc: 5242          N: 0 Z: 1 V: 0 C: 0      
5242:   bne 5228.                     src: 57475                    r0: 5 r1: 3191 r2: 70 r3: 5848 r4: 0 r5: 65514 sp: 65508 pc: 5244          N: 0 Z: 1 V: 0 C: 0      
5244:   mov (sp)+, r1                 src: 3186      dst: 3191      r0: 5 r1: 3186 r2: 70 r3: 5848 r4: 0 r5: 65514 sp: 65510 pc: 5246          N: 0 Z: 0 V: 0 C: 0      
5246:   mov r1, (r3)                  src: 3186      dst: 0         r0: 5 r1: 3186 r2: 70 r3: 5848 r4: 0 r5: 65514 sp: 65510 pc: 5248          N: 0 Z: 0 V: 0 C: 0      
5248:   add $12., r1                  src: 12        dst: 3186      r0: 5 r1: 3198 r2: 70 r3: 5848 r4: 0 r5: 65514 sp: 65510 pc: 5252          N: 0 Z: 0 V: 0 C: 0      
5252:   cmp r1, $ebsymtab             src: 3198      dst: 5118      r0: 5 r1: 3198 r2: 70 r3: 5848 r4: 0 r5: 65514 sp: 65510 pc: 5256          N: 1 Z: 0 V: 0 C: 1      
5256:   bcs 5196.                     src: 2563                     r0: 5 r1: 3198 r2: 70 r3: 5848 r4: 0 r5: 65514 sp: 65510 pc: 5196          N: 1 Z: 0 V: 0 C: 1      
5196:   clr r3                        src: 5848                     r0: 5 r1: 3198 r2: 70 r3: 0 r4: 0 r5: 65514 sp: 65510 pc: 5198             N: 0 Z: 1 V: 0 C: 0      
5198:   mov $8., r2                   src: 8         dst: 70        r0: 5 r1: 3198 r2: 8 r3: 0 r4: 0 r5: 65514 sp: 65510 pc: 5202              N: 0 Z: 0 V: 0 C: 0      
5202:   mov r1, -(sp)                 src: 3198      dst: 3186      r0: 5 r1: 3198 r2: 8 r3: 0 r4: 0 r5: 65514 sp: 65508 pc: 5204              N: 0 Z: 0 V: 0 C: 0      
5204:   movb (r1)+, r4                src: 117       dst: 0         r0: 5 r1: 3199 r2: 8 r3: 0 r4: 117 r5: 65514 sp: 65508 pc: 5206            N: 0 Z: 0 V: 0 C: 0      
5206:   beq 5214.                     src: 2562                     r0: 5 r1: 3199 r2: 8 r3: 0 r4: 117 r5: 65514 sp: 65508 pc: 5208            N: 0 Z: 0 V: 0 C: 0      
5208:   add r4, r3                    src: 117       dst: 0         r0: 5 r1: 3199 r2: 8 r3: 117 r4: 117 r5: 65514 sp: 65508 pc: 5210          N: 0 Z: 0 V: 0 C: 0      
5210:   swab r3                       src: 117                      r0: 5 r1: 3199 r2: 8 r3: 29952 r4: 117 r5: 65514 sp: 65508 pc: 5212        N: 0 Z: 1 V: 0 C: 0      
5212:   sob r2, 5204.                 src: 8         dst: 68        r0: 5 r1: 3199 r2: 7 r3: 29952 r4: 117 r5: 65514 sp: 65508 pc: 5204        N: 0 Z: 1 V: 0 C: 0      
5204:   movb (r1)+, r4                src: 110       dst: 117       r0: 5 r1: 3200 r2: 7 r3: 29952 r4: 110 r5: 65514 sp: 65508 pc: 5206        N: 0 Z: 0 V: 0 C: 0      
5206:   beq 5214.                     src: 2562                     r0: 5 r1: 3200 r2: 7 r3: 29952 r4: 110 r5: 65514 sp: 65508 pc: 5208        N: 0 Z: 0 V: 0 C: 0      
5208:   add r4, r3                    src: 110       dst: 29952     r0: 5 r1: 3200 r2: 7 r3: 30062 r4: 110 r5: 65514 sp: 65508 pc: 5210        N: 0 Z: 0 V: 0 C: 0      
5210:   swab r3                       src: 30062                    r0: 5 r1: 3200 r2: 7 r3: 28277 r4: 110 r5: 65514 sp: 65508 pc: 5212        N: 0 Z: 0 V: 0 C: 0      
5212:   sob r2, 5204.                 src: 7         dst: 68        r0: 5 r1: 3200 r2: 6 r3: 28277 r4: 110 r5: 65514 sp: 65508 pc: 5204        N: 0 Z: 0 V: 0 C: 0      
5204:   movb (r1)+, r4                src: 108       dst: 110       r0: 5 r1: 3201 r2: 6 r3: 28277 r4: 108 r5: 65514 sp: 65508 pc: 5206        N: 0 Z: 0 V: 0 C: 0      
5206:   beq 5214.                     src: 2562                     r0: 5 r1: 3201 r2: 6 r3: 28277 r4: 108 r5: 65514 sp: 65508 pc: 5208        N: 0 Z: 0 V: 0 C: 0      
5208:   add r4, r3                    src: 108       dst: 28277     r0: 5 r1: 3201 r2: 6 r3: 28385 r4: 108 r5: 65514 sp: 65508 pc: 5210        N: 0 Z: 0 V: 0 C: 0      
5210:   swab r3                       src: 28385                    r0: 5 r1: 3201 r2: 6 r3: 57710 r4: 108 r5: 65514 sp: 65508 pc: 5212        N: 0 Z: 0 V: 0 C: 0      
5212:   sob r2, 5204.                 src: 6         dst: 68        r0: 5 r1: 3201 r2: 5 r3: 57710 r4: 108 r5: 65514 sp: 65508 pc: 5204        N: 0 Z: 0 V: 0 C: 0      
5204:   movb (r1)+, r4                src: 105       dst: 108       r0: 5 r1: 3202 r2: 5 r3: 57710 r4: 105 r5: 65514 sp: 65508 pc: 5206        N: 0 Z: 0 V: 0 C: 0      
5206:   beq 5214.                     src: 2562                     r0: 5 r1: 3202 r2: 5 r3: 57710 r4: 105 r5: 65514 sp: 65508 pc: 5208        N: 0 Z: 0 V: 0 C: 0      
5208:   add r4, r3                    src: 105       dst: 57710     r0: 5 r1: 3202 r2: 5 r3: 57815 r4: 105 r5: 65514 sp: 65508 pc: 5210        N: 0 Z: 0 V: 0 C: 0      
5210:   swab r3                       src: 57815                    r0: 5 r1: 3202 r2: 5 r3: 55265 r4: 105 r5: 65514 sp: 65508 pc: 5212        N: 1 Z: 0 V: 0 C: 0      
5212:   sob r2, 5204.                 src: 5         dst: 68        r0: 5 r1: 3202 r2: 4 r3: 55265 r4: 105 r5: 65514 sp: 65508 pc: 5204        N: 1 Z: 0 V: 0 C: 0      
5204:   movb (r1)+, r4                src: 110       dst: 105       r0: 5 r1: 3203 r2: 4 r3: 55265 r4: 110 r5: 65514 sp: 65508 pc: 5206        N: 0 Z: 0 V: 0 C: 0      
5206:   beq 5214.                     src: 2562                     r0: 5 r1: 3203 r2: 4 r3: 55265 r4: 110 r5: 65514 sp: 65508 pc: 5208        N: 0 Z: 0 V: 0 C: 0      
5208:   add r4, r3                    src: 110       dst: 55265     r0: 5 r1: 3203 r2: 4 r3: 55375 r4: 110 r5: 65514 sp: 65508 pc: 5210        N: 0 Z: 0 V: 0 C: 0      
5210:   swab r3                       src: 55375                    r0: 5 r1: 3203 r2: 4 r3: 20440 r4: 110 r5: 65514 sp: 65508 pc: 5212        N: 1 Z: 0 V: 0 C: 0      
5212:   sob r2, 5204.                 src: 4         dst: 68        r0: 5 r1: 3203 r2: 3 r3: 20440 r4: 110 r5: 65514 sp: 65508 pc: 5204        N: 1 Z: 0 V: 0 C: 0      
5204:   movb (r1)+, r4                src: 107       dst: 110       r0: 5 r1: 3204 r2: 3 r3: 20440 r4: 107 r5: 65514 sp: 65508 pc: 5206        N: 0 Z: 0 V: 0 C: 0      
5206:   beq 5214.                     src: 2562                     r0: 5 r1: 3204 r2: 3 r3: 20440 r4: 107 r5: 65514 sp: 65508 pc: 5208        N: 0 Z: 0 V: 0 C: 0      
5208:   add r4, r3                    src: 107       dst: 20440     r0: 5 r1: 3204 r2: 3 r3: 20547 r4: 107 r5: 65514 sp: 65508 pc: 5210        N: 0 Z: 0 V: 0 C: 0      
5210:   swab r3                       src: 20547                    r0: 5 r1: 3204 r2: 3 r3: 17232 r4: 107 r5: 65514 sp: 65508 pc: 5212        N: 0 Z: 0 V: 0 C: 0      
5212:   sob r2, 5204.                 src: 3         dst: 68        r0: 5 r1: 3204 r2: 2 r3: 17232 r4: 107 r5: 65514 sp: 65508 pc: 5204        N: 0 Z: 0 V: 0 C: 0      
5204:   movb (r1)+, r4                src: 0         dst: 107       r0: 5 r1: 3205 r2: 2 r3: 17232 r4: 0 r5: 65514 sp: 65508 pc: 5206          N: 0 Z: 1 V: 0 C: 0      
5206:   beq 5214.                     src: 2562                     r0: 5 r1: 3205 r2: 2 r3: 17232 r4: 0 r5: 65514 sp: 65508 pc: 5214          N: 0 Z: 1 V: 0 C: 0      
5214:   clr r2                        src: 2                        r0: 5 r1: 3205 r2: 0 r3: 17232 r4: 0 r5: 65514 sp: 65508 pc: 5216          N: 0 Z: 1 V: 0 C: 0      
5216:   div $hshsiz, r2               src: 1553      dst: 0         r0: 5 r1: 3205 r2: 11 r3: 149 r4: 0 r5: 65514 sp: 65508 pc: 5220           N: 0 Z: 0 V: 0 C: 0      
5220:   ashc $1., r2                  src: 1         dst: 11        r0: 5 r1: 3205 r2: 22 r3: 298 r4: 0 r5: 65514 sp: 65508 pc: 5224           N: 0 Z: 0 V: 0 C: 0      
5224:   add $hshtab, r3               src: 5722      dst: 298       r0: 5 r1: 3205 r2: 22 r3: 6020 r4: 0 r5: 65514 sp: 65508 pc: 5228          N: 0 Z: 0 V: 0 C: 0      
5228:   sub r2, r3                    src: 22        dst: 6020      r0: 5 r1: 3205 r2: 22 r3: 5998 r4: 0 r5: 65514 sp: 65508 pc: 5230          N: 0 Z: 0 V: 0 C: 0      
5230:   cmp r3, $hshtab               src: 5998      dst: 5722      r0: 5 r1: 3205 r2: 22 r3: 5998 r4: 0 r5: 65514 sp: 65508 pc: 5234          N: 0 Z: 0 V: 0 C: 0      
5234:   bhi 5240.                     src: 3043                     r0: 5 r1: 3205 r2: 22 r3: 5998 r4: 0 r5: 65514 sp: 65508 pc: 5240          N: 0 Z: 0 V: 0 C: 0      
5240:   tst -(r3)                     src: 0                        r0: 5 r1: 3205 r2: 22 r3: 5996 r4: 0 r5: 65514 sp: 65508 pc: 5242          N: 0 Z: 1 V: 0 C: 0      
5242:   bne 5228.                     src: 57475                    r0: 5 r1: 3205 r2: 22 r3: 5996 r4: 0 r5: 65514 sp: 65508 pc: 5244          N: 0 Z: 1 V: 0 C: 0      
5244:   mov (sp)+, r1                 src: 3198      dst: 3205      r0: 5 r1: 3198 r2: 22 r3: 5996 r4: 0 r5: 65514 sp: 65510 pc: 5246          N: 0 Z: 0 V: 0 C: 0      
5246:   mov r1, (r3)                  src: 3198      dst: 0         r0: 5 r1: 3198 r2: 22 r3: 5996 r4: 0 r5: 65514 sp: 65510 pc: 5248          N: 0 Z: 0 V: 0 C: 0      
5248:   add $12., r1                  src: 12        dst: 3198      r0: 5 r1: 3210 r2: 22 r3: 5996 r4: 0 r5: 65514 sp: 65510 pc: 5252          N: 0 Z: 0 V: 0 C: 0      
5252:   cmp r1, $ebsymtab             src: 3210      dst: 5118      r0: 5 r1: 3210 r2: 22 r3: 5996 r4: 0 r5: 65514 sp: 65510 pc: 5256          N: 1 Z: 0 V: 0 C: 1      
5256:   bcs 5196.                     src: 2563                     r0: 5 r1: 3210 r2: 22 r3: 5996 r4: 0 r5: 65514 sp: 65510 pc: 5196          N: 1 Z: 0 V: 0 C: 1      
5196:   clr r3                        src: 5996                     r0: 5 r1: 3210 r2: 22 r3: 0 r4: 0 r5: 65514 sp: 65510 pc: 5198             N: 0 Z: 1 V: 0 C: 0      
5198:   mov $8., r2                   src: 8         dst: 22        r0: 5 r1: 3210 r2: 8 r3: 0 r4: 0 r5: 65514 sp: 65510 pc: 5202              N: 0 Z: 0 V: 0 C: 0      
5202:   mov r1, -(sp)                 src: 3210      dst: 3198      r0: 5 r1: 3210 r2: 8 r3: 0 r4: 0 r5: 65514 sp: 65508 pc: 5204              N: 0 Z: 0 V: 0 C: 0      
5204:   movb (r1)+, r4                src: 101       dst: 0         r0: 5 r1: 3211 r2: 8 r3: 0 r4: 101 r5: 65514 sp: 65508 pc: 5206            N: 0 Z: 0 V: 0 C: 0      
5206:   beq 5214.                     src: 2562                     r0: 5 r1: 3211 r2: 8 r3: 0 r4: 101 r5: 65514 sp: 65508 pc: 5208            N: 0 Z: 0 V: 0 C: 0      
5208:   add r4, r3                    src: 101       dst: 0         r0: 5 r1: 3211 r2: 8 r3: 101 r4: 101 r5: 65514 sp: 65508 pc: 5210          N: 0 Z: 0 V: 0 C: 0      
5210:   swab r3                       src: 101                      r0: 5 r1: 3211 r2: 8 r3: 25856 r4: 101 r5: 65514 sp: 65508 pc: 5212        N: 0 Z: 1 V: 0 C: 0      
5212:   sob r2, 5204.                 src: 8         dst: 68        r0: 5 r1: 3211 r2: 7 r3: 25856 r4: 101 r5: 65514 sp: 65508 pc: 5204        N: 0 Z: 1 V: 0 C: 0      
5204:   movb (r1)+, r4                src: 120       dst: 101       r0: 5 r1: 3212 r2: 7 r3: 25856 r4: 120 r5: 65514 sp: 65508 pc: 5206        N: 0 Z: 0 V: 0 C: 0      
5206:   beq 5214.                     src: 2562                     r0: 5 r1: 3212 r2: 7 r3: 25856 r4: 120 r5: 65514 sp: 65508 pc: 5208        N: 0 Z: 0 V: 0 C: 0      
5208:   add r4, r3                    src: 120       dst: 25856     r0: 5 r1: 3212 r2: 7 r3: 25976 r4: 120 r5: 65514 sp: 65508 pc: 5210        N: 0 Z: 0 V: 0 C: 0      
5210:   swab r3                       src: 25976                    r0: 5 r1: 3212 r2: 7 r3: 30821 r4: 120 r5: 65514 sp: 65508 pc: 5212        N: 0 Z: 0 V: 0 C: 0      
5212:   sob r2, 5204.                 src: 7         dst: 68        r0: 5 r1: 3212 r2: 6 r3: 30821 r4: 120 r5: 65514 sp: 65508 pc: 5204        N: 0 Z: 0 V: 0 C: 0      
5204:   movb (r1)+, r4                src: 101       dst: 120       r0: 5 r1: 3213 r2: 6 r3: 30821 r4: 101 r5: 65514 sp: 65508 pc: 5206        N: 0 Z: 0 V: 0 C: 0      
5206:   beq 5214.                     src: 2562                     r0: 5 r1: 3213 r2: 6 r3: 30821 r4: 101 r5: 65514 sp: 65508 pc: 5208        N: 0 Z: 0 V: 0 C: 0      
5208:   add r4, r3                    src: 101       dst: 30821     r0: 5 r1: 3213 r2: 6 r3: 30922 r4: 101 r5: 65514 sp: 65508 pc: 5210        N: 0 Z: 0 V: 0 C: 0      
5210:   swab r3                       src: 30922                    r0: 5 r1: 3213 r2: 6 r3: 51832 r4: 101 r5: 65514 sp: 65508 pc: 5212        N: 0 Z: 0 V: 0 C: 0      
5212:   sob r2, 5204.                 src: 6         dst: 68        r0: 5 r1: 3213 r2: 5 r3: 51832 r4: 101 r5: 65514 sp: 65508 pc: 5204        N: 0 Z: 0 V: 0 C: 0      
5204:   movb (r1)+, r4                src: 99        dst: 101       r0: 5 r1: 3214 r2: 5 r3: 51832 r4: 99 r5: 65514 sp: 65508 pc: 5206         N: 0 Z: 0 V: 0 C: 0      
5206:   beq 5214.                     src: 2562                     r0: 5 r1: 3214 r2: 5 r3: 51832 r4: 99 r5: 65514 sp: 65508 pc: 5208         N: 0 Z: 0 V: 0 C: 0      
5208:   add r4, r3                    src: 99        dst: 51832     r0: 5 r1: 3214 r2: 5 r3: 51931 r4: 99 r5: 65514 sp: 65508 pc: 5210         N: 0 Z: 0 V: 0 C: 0      
5210:   swab r3                       src: 51931                    r0: 5 r1: 3214 r2: 5 r3: 56266 r4: 99 r5: 65514 sp: 65508 pc: 5212         N: 1 Z: 0 V: 0 C: 0      
5212:   sob r2, 5204.                 src: 5         dst: 68        r0: 5 r1: 3214 r2: 4 r3: 56266 r4: 99 r5: 65514 sp: 65508 pc: 5204         N: 1 Z: 0 V: 0 C: 0      
5204:   movb (r1)+, r4                src: 0         dst: 99        r0: 5 r1: 3215 r2: 4 r3: 56266 r4: 0 r5: 65514 sp: 65508 pc: 5206          N: 0 Z: 1 V: 0 C: 0      
5206:   beq 5214.                     src: 2562                     r0: 5 r1: 3215 r2: 4 r3: 56266 r4: 0 r5: 65514 sp: 65508 pc: 5214          N: 0 Z: 1 V: 0 C: 0      
5214:   clr r2                        src: 4                        r0: 5 r1: 3215 r2: 0 r3: 56266 r4: 0 r5: 65514 sp: 65508 pc: 5216          N: 0 Z: 1 V: 0 C: 0      
5216:   div $hshsiz, r2               src: 1553      dst: 0         r0: 5 r1: 3215 r2: 36 r3: 358 r4: 0 r5: 65514 sp: 65508 pc: 5220           N: 0 Z: 0 V: 0 C: 0      
5220:   ashc $1., r2                  src: 1         dst: 36        r0: 5 r1: 3215 r2: 72 r3: 716 r4: 0 r5: 65514 sp: 65508 pc: 5224           N: 0 Z: 0 V: 0 C: 0      
5224:   add $hshtab, r3               src: 5722      dst: 716       r0: 5 r1: 3215 r2: 72 r3: 6438 r4: 0 r5: 65514 sp: 65508 pc: 5228          N: 0 Z: 0 V: 0 C: 0      
5228:   sub r2, r3                    src: 72        dst: 6438      r0: 5 r1: 3215 r2: 72 r3: 6366 r4: 0 r5: 65514 sp: 65508 pc: 5230          N: 0 Z: 0 V: 0 C: 0      
5230:   cmp r3, $hshtab               src: 6366      dst: 5722      r0: 5 r1: 3215 r2: 72 r3: 6366 r4: 0 r5: 65514 sp: 65508 pc: 5234          N: 0 Z: 0 V: 0 C: 0      
5234:   bhi 5240.                     src: 3043                     r0: 5 r1: 3215 r2: 72 r3: 6366 r4: 0 r5: 65514 sp: 65508 pc: 5240          N: 0 Z: 0 V: 0 C: 0      
5240:   tst -(r3)                     src: 0                        r0: 5 r1: 3215 r2: 72 r3: 6364 r4: 0 r5: 65514 sp: 65508 pc: 5242          N: 0 Z: 1 V: 0 C: 0      
5242:   bne 5228.                     src: 57475                    r0: 5 r1: 3215 r2: 72 r3: 6364 r4: 0 r5: 65514 sp: 65508 pc: 5244          N: 0 Z: 1 V: 0 C: 0      
5244:   mov (sp)+, r1                 src: 3210      dst: 3215      r0: 5 r1: 3210 r2: 72 r3: 6364 r4: 0 r5: 65514 sp: 65510 pc: 5246          N: 0 Z: 0 V: 0 C: 0      
5246:   mov r1, (r3)                  src: 3210      dst: 0         r0: 5 r1: 3210 r2: 72 r3: 6364 r4: 0 r5: 65514 sp: 65510 pc: 5248          N: 0 Z: 0 V: 0 C: 0      
5248:   add $12., r1                  src: 12        dst: 3210      r0: 5 r1: 3222 r2: 72 r3: 6364 r4: 0 r5: 65514 sp: 65510 pc: 5252          N: 0 Z: 0 V: 0 C: 0      
5252:   cmp r1, $ebsymtab             src: 3222      dst: 5118      r0: 5 r1: 3222 r2: 72 r3: 6364 r4: 0 r5: 65514 sp: 65510 pc: 5256          N: 1 Z: 0 V: 0 C: 1      
5256:   bcs 5196.                     src: 2563                     r0: 5 r1: 3222 r2: 72 r3: 6364 r4: 0 r5: 65514 sp: 65510 pc: 5196          N: 1 Z: 0 V: 0 C: 1      
5196:   clr r3                        src: 6364                     r0: 5 r1: 3222 r2: 72 r3: 0 r4: 0 r5: 65514 sp: 65510 pc: 5198             N: 0 Z: 1 V: 0 C: 0      
5198:   mov $8., r2                   src: 8         dst: 72        r0: 5 r1: 3222 r2: 8 r3: 0 r4: 0 r5: 65514 sp: 65510 pc: 5202              N: 0 Z: 0 V: 0 C: 0      
5202:   mov r1, -(sp)                 src: 3222      dst: 3210      r0: 5 r1: 3222 r2: 8 r3: 0 r4: 0 r5: 65514 sp: 65508 pc: 5204              N: 0 Z: 0 V: 0 C: 0      
5204:   movb (r1)+, r4                src: 99        dst: 0         r0: 5 r1: 3223 r2: 8 r3: 0 r4: 99 r5: 65514 sp: 65508 pc: 5206             N: 0 Z: 0 V: 0 C: 0      
5206:   beq 5214.                     src: 2562                     r0: 5 r1: 3223 r2: 8 r3: 0 r4: 99 r5: 65514 sp: 65508 pc: 5208             N: 0 Z: 0 V: 0 C: 0      
5208:   add r4, r3                    src: 99        dst: 0         r0: 5 r1: 3223 r2: 8 r3: 99 r4: 99 r5: 65514 sp: 65508 pc: 5210            N: 0 Z: 0 V: 0 C: 0      
5210:   swab r3                       src: 99                       r0: 5 r1: 3223 r2: 8 r3: 25344 r4: 99 r5: 65514 sp: 65508 pc: 5212         N: 0 Z: 1 V: 0 C: 0      
5212:   sob r2, 5204.                 src: 8         dst: 68        r0: 5 r1: 3223 r2: 7 r3: 25344 r4: 99 r5: 65514 sp: 65508 pc: 5204         N: 0 Z: 1 V: 0 C: 0      
5204:   movb (r1)+, r4                src: 104       dst: 99        r0: 5 r1: 3224 r2: 7 r3: 25344 r4: 104 r5: 65514 sp: 65508 pc: 5206        N: 0 Z: 0 V: 0 C: 0      
5206:   beq 5214.                     src: 2562                     r0: 5 r1: 3224 r2: 7 r3: 25344 r4: 104 r5: 65514 sp: 65508 pc: 5208        N: 0 Z: 0 V: 0 C: 0      
5208:   add r4, r3                    src: 104       dst: 25344     r0: 5 r1: 3224 r2: 7 r3: 25448 r4: 104 r5: 65514 sp: 65508 pc: 5210        N: 0 Z: 0 V: 0 C: 0      
5210:   swab r3                       src: 25448                    r0: 5 r1: 3224 r2: 7 r3: 26723 r4: 104 r5: 65514 sp: 65508 pc: 5212        N: 0 Z: 0 V: 0 C: 0      
5212:   sob r2, 5204.                 src: 7         dst: 68        r0: 5 r1: 3224 r2: 6 r3: 26723 r4: 104 r5: 65514 sp: 65508 pc: 5204        N: 0 Z: 0 V: 0 C: 0      
5204:   movb (r1)+, r4                src: 100       dst: 104       r0: 5 r1: 3225 r2: 6 r3: 26723 r4: 100 r5: 65514 sp: 65508 pc: 5206        N: 0 Z: 0 V: 0 C: 0      
5206:   beq 5214.                     src: 2562                     r0: 5 r1: 3225 r2: 6 r3: 26723 r4: 100 r5: 65514 sp: 65508 pc: 5208        N: 0 Z: 0 V: 0 C: 0      
5208:   add r4, r3                    src: 100       dst: 26723     r0: 5 r1: 3225 r2: 6 r3: 26823 r4: 100 r5: 65514 sp: 65508 pc: 5210        N: 0 Z: 0 V: 0 C: 0      
5210:   swab r3                       src: 26823                    r0: 5 r1: 3225 r2: 6 r3: 51048 r4: 100 r5: 65514 sp: 65508 pc: 5212        N: 0 Z: 0 V: 0 C: 0      
5212:   sob r2, 5204.                 src: 6         dst: 68        r0: 5 r1: 3225 r2: 5 r3: 51048 r4: 100 r5: 65514 sp: 65508 pc: 5204        N: 0 Z: 0 V: 0 C: 0      
5204:   movb (r1)+, r4                src: 105       dst: 100       r0: 5 r1: 3226 r2: 5 r3: 51048 r4: 105 r5: 65514 sp: 65508 pc: 5206        N: 0 Z: 0 V: 0 C: 0      
5206:   beq 5214.                     src: 2562                     r0: 5 r1: 3226 r2: 5 r3: 51048 r4: 105 r5: 65514 sp: 65508 pc: 5208        N: 0 Z: 0 V: 0 C: 0      
5208:   add r4, r3                    src: 105       dst: 51048     r0: 5 r1: 3226 r2: 5 r3: 51153 r4: 105 r5: 65514 sp: 65508 pc: 5210        N: 0 Z: 0 V: 0 C: 0      
5210:   swab r3                       src: 51153                    r0: 5 r1: 3226 r2: 5 r3: 53703 r4: 105 r5: 65514 sp: 65508 pc: 5212        N: 1 Z: 0 V: 0 C: 0      
5212:   sob r2, 5204.                 src: 5         dst: 68        r0: 5 r1: 3226 r2: 4 r3: 53703 r4: 105 r5: 65514 sp: 65508 pc: 5204        N: 1 Z: 0 V: 0 C: 0      
5204:   movb (r1)+, r4                src: 114       dst: 105       r0: 5 r1: 3227 r2: 4 r3: 53703 r4: 114 r5: 65514 sp: 65508 pc: 5206        N: 0 Z: 0 V: 0 C: 0      
5206:   beq 5214.                     src: 2562                     r0: 5 r1: 3227 r2: 4 r3: 53703 r4: 114 r5: 65514 sp: 65508 pc: 5208        N: 0 Z: 0 V: 0 C: 0      
5208:   add r4, r3                    src: 114       dst: 53703     r0: 5 r1: 3227 r2: 4 r3: 53817 r4: 114 r5: 65514 sp: 65508 pc: 5210        N: 0 Z: 0 V: 0 C: 0      
5210:   swab r3                       src: 53817                    r0: 5 r1: 3227 r2: 4 r3: 14802 r4: 114 r5: 65514 sp: 65508 pc: 5212        N: 1 Z: 0 V: 0 C: 0      
5212:   sob r2, 5204.                 src: 4         dst: 68        r0: 5 r1: 3227 r2: 3 r3: 14802 r4: 114 r5: 65514 sp: 65508 pc: 5204        N: 1 Z: 0 V: 0 C: 0      
5204:   movb (r1)+, r4                src: 0         dst: 114       r0: 5 r1: 3228 r2: 3 r3: 14802 r4: 0 r5: 65514 sp: 65508 pc: 5206          N: 0 Z: 1 V: 0 C: 0      
5206:   beq 5214.                     src: 2562                     r0: 5 r1: 3228 r2: 3 r3: 14802 r4: 0 r5: 65514 sp: 65508 pc: 5214          N: 0 Z: 1 V: 0 C: 0      
5214:   clr r2                        src: 3                        r0: 5 r1: 3228 r2: 0 r3: 14802 r4: 0 r5: 65514 sp: 65508 pc: 5216          N: 0 Z: 1 V: 0 C: 0      
5216:   div $hshsiz, r2               src: 1553      dst: 0         r0: 5 r1: 3228 r2: 9 r3: 825 r4: 0 r5: 65514 sp: 65508 pc: 5220            N: 0 Z: 0 V: 0 C: 0      
5220:   ashc $1., r2                  src: 1         dst: 9         r0: 5 r1: 3228 r2: 18 r3: 1650 r4: 0 r5: 65514 sp: 65508 pc: 5224          N: 0 Z: 0 V: 0 C: 0      
5224:   add $hshtab, r3               src: 5722      dst: 1650      r0: 5 r1: 3228 r2: 18 r3: 7372 r4: 0 r5: 65514 sp: 65508 pc: 5228          N: 0 Z: 0 V: 0 C: 0      
5228:   sub r2, r3                    src: 18        dst: 7372      r0: 5 r1: 3228 r2: 18 r3: 7354 r4: 0 r5: 65514 sp: 65508 pc: 5230          N: 0 Z: 0 V: 0 C: 0      
5230:   cmp r3, $hshtab               src: 7354      dst: 5722      r0: 5 r1: 3228 r2: 18 r3: 7354 r4: 0 r5: 65514 sp: 65508 pc: 5234          N: 0 Z: 0 V: 0 C: 0      
5234:   bhi 5240.                     src: 3043                     r0: 5 r1: 3228 r2: 18 r3: 7354 r4: 0 r5: 65514 sp: 65508 pc: 5240          N: 0 Z: 0 V: 0 C: 0      
5240:   tst -(r3)                     src: 0                        r0: 5 r1: 3228 r2: 18 r3: 7352 r4: 0 r5: 65514 sp: 65508 pc: 5242          N: 0 Z: 1 V: 0 C: 0      
5242:   bne 5228.                     src: 57475                    r0: 5 r1: 3228 r2: 18 r3: 7352 r4: 0 r5: 65514 sp: 65508 pc: 5244          N: 0 Z: 1 V: 0 C: 0      
5244:   mov (sp)+, r1                 src: 3222      dst: 3228      r0: 5 r1: 3222 r2: 18 r3: 7352 r4: 0 r5: 65514 sp: 65510 pc: 5246          N: 0 Z: 0 V: 0 C: 0      
5246:   mov r1, (r3)                  src: 3222      dst: 0         r0: 5 r1: 3222 r2: 18 r3: 7352 r4: 0 r5: 65514 sp: 65510 pc: 5248          N: 0 Z: 0 V: 0 C: 0      
5248:   add $12., r1                  src: 12        dst: 3222      r0: 5 r1: 3234 r2: 18 r3: 7352 r4: 0 r5: 65514 sp: 65510 pc: 5252          N: 0 Z: 0 V: 0 C: 0      
5252:   cmp r1, $ebsymtab             src: 3234      dst: 5118      r0: 5 r1: 3234 r2: 18 r3: 7352 r4: 0 r5: 65514 sp: 65510 pc: 5256          N: 1 Z: 0 V: 0 C: 1      
5256:   bcs 5196.                     src: 2563                     r0: 5 r1: 3234 r2: 18 r3: 7352 r4: 0 r5: 65514 sp: 65510 pc: 5196          N: 1 Z: 0 V: 0 C: 1      
5196:   clr r3                        src: 7352                     r0: 5 r1: 3234 r2: 18 r3: 0 r4: 0 r5: 65514 sp: 65510 pc: 5198             N: 0 Z: 1 V: 0 C: 0      
5198:   mov $8., r2                   src: 8         dst: 18        r0: 5 r1: 3234 r2: 8 r3: 0 r4: 0 r5: 65514 sp: 65510 pc: 5202              N: 0 Z: 0 V: 0 C: 0      
5202:   mov r1, -(sp)                 src: 3234      dst: 3222      r0: 5 r1: 3234 r2: 8 r3: 0 r4: 0 r5: 65514 sp: 65508 pc: 5204              N: 0 Z: 0 V: 0 C: 0      
5204:   movb (r1)+, r4                src: 116       dst: 0         r0: 5 r1: 3235 r2: 8 r3: 0 r4: 116 r5: 65514 sp: 65508 pc: 5206            N: 0 Z: 0 V: 0 C: 0      
5206:   beq 5214.                     src: 2562                     r0: 5 r1: 3235 r2: 8 r3: 0 r4: 116 r5: 65514 sp: 65508 pc: 5208            N: 0 Z: 0 V: 0 C: 0      
5208:   add r4, r3                    src: 116       dst: 0         r0: 5 r1: 3235 r2: 8 r3: 116 r4: 116 r5: 65514 sp: 65508 pc: 5210          N: 0 Z: 0 V: 0 C: 0      
5210:   swab r3                       src: 116                      r0: 5 r1: 3235 r2: 8 r3: 29696 r4: 116 r5: 65514 sp: 65508 pc: 5212        N: 0 Z: 1 V: 0 C: 0      
5212:   sob r2, 5204.                 src: 8         dst: 68        r0: 5 r1: 3235 r2: 7 r3: 29696 r4: 116 r5: 65514 sp: 65508 pc: 5204        N: 0 Z: 1 V: 0 C: 0      
5204:   movb (r1)+, r4                src: 105       dst: 116       r0: 5 r1: 3236 r2: 7 r3: 29696 r4: 105 r5: 65514 sp: 65508 pc: 5206        N: 0 Z: 0 V: 0 C: 0      
5206:   beq 5214.                     src: 2562                     r0: 5 r1: 3236 r2: 7 r3: 29696 r4: 105 r5: 65514 sp: 65508 pc: 5208        N: 0 Z: 0 V: 0 C: 0      
5208:   add r4, r3                    src: 105       dst: 29696     r0: 5 r1: 3236 r2: 7 r3: 29801 r4: 105 r5: 65514 sp: 65508 pc: 5210        N: 0 Z: 0 V: 0 C: 0      
5210:   swab r3                       src: 29801                    r0: 5 r1: 3236 r2: 7 r3: 26996 r4: 105 r5: 65514 sp: 65508 pc: 5212        N: 0 Z: 0 V: 0 C: 0      
5212:   sob r2, 5204.                 src: 7         dst: 68        r0: 5 r1: 3236 r2: 6 r3: 26996 r4: 105 r5: 65514 sp: 65508 pc: 5204        N: 0 Z: 0 V: 0 C: 0      
5204:   movb (r1)+, r4                src: 109       dst: 105       r0: 5 r1: 3237 r2: 6 r3: 26996 r4: 109 r5: 65514 sp: 65508 pc: 5206        N: 0 Z: 0 V: 0 C: 0      
5206:   beq 5214.                     src: 2562                     r0: 5 r1: 3237 r2: 6 r3: 26996 r4: 109 r5: 65514 sp: 65508 pc: 5208        N: 0 Z: 0 V: 0 C: 0      
5208:   add r4, r3                    src: 109       dst: 26996     r0: 5 r1: 3237 r2: 6 r3: 27105 r4: 109 r5: 65514 sp: 65508 pc: 5210        N: 0 Z: 0 V: 0 C: 0      
5210:   swab r3                       src: 27105                    r0: 5 r1: 3237 r2: 6 r3: 57705 r4: 109 r5: 65514 sp: 65508 pc: 5212        N: 0 Z: 0 V: 0 C: 0      
5212:   sob r2, 5204.                 src: 6         dst: 68        r0: 5 r1: 3237 r2: 5 r3: 57705 r4: 109 r5: 65514 sp: 65508 pc: 5204        N: 0 Z: 0 V: 0 C: 0      
5204:   movb (r1)+, r4                src: 101       dst: 109       r0: 5 r1: 3238 r2: 5 r3: 57705 r4: 101 r5: 65514 sp: 65508 pc: 5206        N: 0 Z: 0 V: 0 C: 0      
5206:   beq 5214.                     src: 2562                     r0: 5 r1: 3238 r2: 5 r3: 57705 r4: 101 r5: 65514 sp: 65508 pc: 5208        N: 0 Z: 0 V: 0 C: 0      
5208:   add r4, r3                    src: 101       dst: 57705     r0: 5 r1: 3238 r2: 5 r3: 57806 r4: 101 r5: 65514 sp: 65508 pc: 5210        N: 0 Z: 0 V: 0 C: 0      
5210:   swab r3                       src: 57806                    r0: 5 r1: 3238 r2: 5 r3: 52961 r4: 101 r5: 65514 sp: 65508 pc: 5212        N: 1 Z: 0 V: 0 C: 0      
5212:   sob r2, 5204.                 src: 5         dst: 68        r0: 5 r1: 3238 r2: 4 r3: 52961 r4: 101 r5: 65514 sp: 65508 pc: 5204        N: 1 Z: 0 V: 0 C: 0      
5204:   movb (r1)+, r4                src: 0         dst: 101       r0: 5 r1: 3239 r2: 4 r3: 52961 r4: 0 r5: 65514 sp: 65508 pc: 5206          N: 0 Z: 1 V: 0 C: 0      
5206:   beq 5214.                     src: 2562                     r0: 5 r1: 3239 r2: 4 r3: 52961 r4: 0 r5: 65514 sp: 65508 pc: 5214          N: 0 Z: 1 V: 0 C: 0      
5214:   clr r2                        src: 4                        r0: 5 r1: 3239 r2: 0 r3: 52961 r4: 0 r5: 65514 sp: 65508 pc: 5216          N: 0 Z: 1 V: 0 C: 0      
5216:   div $hshsiz, r2               src: 1553      dst: 0         r0: 5 r1: 3239 r2: 34 r3: 159 r4: 0 r5: 65514 sp: 65508 pc: 5220           N: 0 Z: 0 V: 0 C: 0      
5220:   ashc $1., r2                  src: 1         dst: 34        r0: 5 r1: 3239 r2: 68 r3: 318 r4: 0 r5: 65514 sp: 65508 pc: 5224           N: 0 Z: 0 V: 0 C: 0      
5224:   add $hshtab, r3               src: 5722      dst: 318       r0: 5 r1: 3239 r2: 68 r3: 6040 r4: 0 r5: 65514 sp: 65508 pc: 5228          N: 0 Z: 0 V: 0 C: 0      
5228:   sub r2, r3                    src: 68        dst: 6040      r0: 5 r1: 3239 r2: 68 r3: 5972 r4: 0 r5: 65514 sp: 65508 pc: 5230          N: 0 Z: 0 V: 0 C: 0      
5230:   cmp r3, $hshtab               src: 5972      dst: 5722      r0: 5 r1: 3239 r2: 68 r3: 5972 r4: 0 r5: 65514 sp: 65508 pc: 5234          N: 0 Z: 0 V: 0 C: 0      
5234:   bhi 5240.                     src: 3043                     r0: 5 r1: 3239 r2: 68 r3: 5972 r4: 0 r5: 65514 sp: 65508 pc: 5240          N: 0 Z: 0 V: 0 C: 0      
5240:   tst -(r3)                     src: 0                        r0: 5 r1: 3239 r2: 68 r3: 5970 r4: 0 r5: 65514 sp: 65508 pc: 5242          N: 0 Z: 1 V: 0 C: 0      
5242:   bne 5228.                     src: 57475                    r0: 5 r1: 3239 r2: 68 r3: 5970 r4: 0 r5: 65514 sp: 65508 pc: 5244          N: 0 Z: 1 V: 0 C: 0      
5244:   mov (sp)+, r1                 src: 3234      dst: 3239      r0: 5 r1: 3234 r2: 68 r3: 5970 r4: 0 r5: 65514 sp: 65510 pc: 5246          N: 0 Z: 0 V: 0 C: 0      
5246:   mov r1, (r3)                  src: 3234      dst: 0         r0: 5 r1: 3234 r2: 68 r3: 5970 r4: 0 r5: 65514 sp: 65510 pc: 5248          N: 0 Z: 0 V: 0 C: 0      
5248:   add $12., r1                  src: 12        dst: 3234      r0: 5 r1: 3246 r2: 68 r3: 5970 r4: 0 r5: 65514 sp: 65510 pc: 5252          N: 0 Z: 0 V: 0 C: 0      
5252:   cmp r1, $ebsymtab             src: 3246      dst: 5118      r0: 5 r1: 3246 r2: 68 r3: 5970 r4: 0 r5: 65514 sp: 65510 pc: 5256          N: 1 Z: 0 V: 0 C: 1      
5256:   bcs 5196.                     src: 2563                     r0: 5 r1: 3246 r2: 68 r3: 5970 r4: 0 r5: 65514 sp: 65510 pc: 5196          N: 1 Z: 0 V: 0 C: 1      
5196:   clr r3                        src: 5970                     r0: 5 r1: 3246 r2: 68 r3: 0 r4: 0 r5: 65514 sp: 65510 pc: 5198             N: 0 Z: 1 V: 0 C: 0      
5198:   mov $8., r2                   src: 8         dst: 68        r0: 5 r1: 3246 r2: 8 r3: 0 r4: 0 r5: 65514 sp: 65510 pc: 5202              N: 0 Z: 0 V: 0 C: 0      
5202:   mov r1, -(sp)                 src: 3246      dst: 3234      r0: 5 r1: 3246 r2: 8 r3: 0 r4: 0 r5: 65514 sp: 65508 pc: 5204              N: 0 Z: 0 V: 0 C: 0      
5204:   movb (r1)+, r4                src: 109       dst: 0         r0: 5 r1: 3247 r2: 8 r3: 0 r4: 109 r5: 65514 sp: 65508 pc: 5206            N: 0 Z: 0 V: 0 C: 0      
5206:   beq 5214.                     src: 2562                     r0: 5 r1: 3247 r2: 8 r3: 0 r4: 109 r5: 65514 sp: 65508 pc: 5208            N: 0 Z: 0 V: 0 C: 0      
5208:   add r4, r3                    src: 109       dst: 0         r0: 5 r1: 3247 r2: 8 r3: 109 r4: 109 r5: 65514 sp: 65508 pc: 5210          N: 0 Z: 0 V: 0 C: 0      
5210:   swab r3                       src: 109                      r0: 5 r1: 3247 r2: 8 r3: 27904 r4: 109 r5: 65514 sp: 65508 pc: 5212        N: 0 Z: 1 V: 0 C: 0      
5212:   sob r2, 5204.                 src: 8         dst: 68        r0: 5 r1: 3247 r2: 7 r3: 27904 r4: 109 r5: 65514 sp: 65508 pc: 5204        N: 0 Z: 1 V: 0 C: 0      
5204:   movb (r1)+, r4                src: 97        dst: 109       r0: 5 r1: 3248 r2: 7 r3: 27904 r4: 97 r5: 65514 sp: 65508 pc: 5206         N: 0 Z: 0 V: 0 C: 0      
5206:   beq 5214.                     src: 2562                     r0: 5 r1: 3248 r2: 7 r3: 27904 r4: 97 r5: 65514 sp: 65508 pc: 5208         N: 0 Z: 0 V: 0 C: 0      
5208:   add r4, r3                    src: 97        dst: 27904     r0: 5 r1: 3248 r2: 7 r3: 28001 r4: 97 r5: 65514 sp: 65508 pc: 5210         N: 0 Z: 0 V: 0 C: 0      
5210:   swab r3                       src: 28001                    r0: 5 r1: 3248 r2: 7 r3: 24941 r4: 97 r5: 65514 sp: 65508 pc: 5212         N: 0 Z: 0 V: 0 C: 0      
5212:   sob r2, 5204.                 src: 7         dst: 68        r0: 5 r1: 3248 r2: 6 r3: 24941 r4: 97 r5: 65514 sp: 65508 pc: 5204         N: 0 Z: 0 V: 0 C: 0      
5204:   movb (r1)+, r4                src: 107       dst: 97        r0: 5 r1: 3249 r2: 6 r3: 24941 r4: 107 r5: 65514 sp: 65508 pc: 5206        N: 0 Z: 0 V: 0 C: 0      
5206:   beq 5214.                     src: 2562                     r0: 5 r1: 3249 r2: 6 r3: 24941 r4: 107 r5: 65514 sp: 65508 pc: 5208        N: 0 Z: 0 V: 0 C: 0      
5208:   add r4, r3                    src: 107       dst: 24941     r0: 5 r1: 3249 r2: 6 r3: 25048 r4: 107 r5: 65514 sp: 65508 pc: 5210        N: 0 Z: 0 V: 0 C: 0      
5210:   swab r3                       src: 25048                    r0: 5 r1: 3249 r2: 6 r3: 55393 r4: 107 r5: 65514 sp: 65508 pc: 5212        N: 0 Z: 0 V: 0 C: 0      
5212:   sob r2, 5204.                 src: 6         dst: 68        r0: 5 r1: 3249 r2: 5 r3: 55393 r4: 107 r5: 65514 sp: 65508 pc: 5204        N: 0 Z: 0 V: 0 C: 0      
5204:   movb (r1)+, r4                src: 100       dst: 107       r0: 5 r1: 3250 r2: 5 r3: 55393 r4: 100 r5: 65514 sp: 65508 pc: 5206        N: 0 Z: 0 V: 0 C: 0      
5206:   beq 5214.                     src: 2562                     r0: 5 r1: 3250 r2: 5 r3: 55393 r4: 100 r5: 65514 sp: 65508 pc: 5208        N: 0 Z: 0 V: 0 C: 0      
5208:   add r4, r3                    src: 100       dst: 55393     r0: 5 r1: 3250 r2: 5 r3: 55493 r4: 100 r5: 65514 sp: 65508 pc: 5210        N: 0 Z: 0 V: 0 C: 0      
5210:   swab r3                       src: 55493                    r0: 5 r1: 3250 r2: 5 r3: 50648 r4: 100 r5: 65514 sp: 65508 pc: 5212        N: 1 Z: 0 V: 0 C: 0      
5212:   sob r2, 5204.                 src: 5         dst: 68        r0: 5 r1: 3250 r2: 4 r3: 50648 r4: 100 r5: 65514 sp: 65508 pc: 5204        N: 1 Z: 0 V: 0 C: 0      
5204:   movb (r1)+, r4                src: 105       dst: 100       r0: 5 r1: 3251 r2: 4 r3: 50648 r4: 105 r5: 65514 sp: 65508 pc: 5206        N: 0 Z: 0 V: 0 C: 0      
5206:   beq 5214.                     src: 2562                     r0: 5 r1: 3251 r2: 4 r3: 50648 r4: 105 r5: 65514 sp: 65508 pc: 5208        N: 0 Z: 0 V: 0 C: 0      
5208:   add r4, r3                    src: 105       dst: 50648     r0: 5 r1: 3251 r2: 4 r3: 50753 r4: 105 r5: 65514 sp: 65508 pc: 5210        N: 0 Z: 0 V: 0 C: 0      
5210:   swab r3                       src: 50753                    r0: 5 r1: 3251 r2: 4 r3: 16838 r4: 105 r5: 65514 sp: 65508 pc: 5212        N: 1 Z: 0 V: 0 C: 0      
5212:   sob r2, 5204.                 src: 4         dst: 68        r0: 5 r1: 3251 r2: 3 r3: 16838 r4: 105 r5: 65514 sp: 65508 pc: 5204        N: 1 Z: 0 V: 0 C: 0      
5204:   movb (r1)+, r4                src: 114       dst: 105       r0: 5 r1: 3252 r2: 3 r3: 16838 r4: 114 r5: 65514 sp: 65508 pc: 5206        N: 0 Z: 0 V: 0 C: 0      
5206:   beq 5214.                     src: 2562                     r0: 5 r1: 3252 r2: 3 r3: 16838 r4: 114 r5: 65514 sp: 65508 pc: 5208        N: 0 Z: 0 V: 0 C: 0      
5208:   add r4, r3                    src: 114       dst: 16838     r0: 5 r1: 3252 r2: 3 r3: 16952 r4: 114 r5: 65514 sp: 65508 pc: 5210        N: 0 Z: 0 V: 0 C: 0      
5210:   swab r3                       src: 16952                    r0: 5 r1: 3252 r2: 3 r3: 14402 r4: 114 r5: 65514 sp: 65508 pc: 5212        N: 0 Z: 0 V: 0 C: 0      
5212:   sob r2, 5204.                 src: 3         dst: 68        r0: 5 r1: 3252 r2: 2 r3: 14402 r4: 114 r5: 65514 sp: 65508 pc: 5204        N: 0 Z: 0 V: 0 C: 0      
5204:   movb (r1)+, r4                src: 0         dst: 114       r0: 5 r1: 3253 r2: 2 r3: 14402 r4: 0 r5: 65514 sp: 65508 pc: 5206          N: 0 Z: 1 V: 0 C: 0      
5206:   beq 5214.                     src: 2562                     r0: 5 r1: 3253 r2: 2 r3: 14402 r4: 0 r5: 65514 sp: 65508 pc: 5214          N: 0 Z: 1 V: 0 C: 0      
5214:   clr r2                        src: 2                        r0: 5 r1: 3253 r2: 0 r3: 14402 r4: 0 r5: 65514 sp: 65508 pc: 5216          N: 0 Z: 1 V: 0 C: 0      
5216:   div $hshsiz, r2               src: 1553      dst: 0         r0: 5 r1: 3253 r2: 9 r3: 425 r4: 0 r5: 65514 sp: 65508 pc: 5220            N: 0 Z: 0 V: 0 C: 0      
5220:   ashc $1., r2                  src: 1         dst: 9         r0: 5 r1: 3253 r2: 18 r3: 850 r4: 0 r5: 65514 sp: 65508 pc: 5224           N: 0 Z: 0 V: 0 C: 0      
5224:   add $hshtab, r3               src: 5722      dst: 850       r0: 5 r1: 3253 r2: 18 r3: 6572 r4: 0 r5: 65514 sp: 65508 pc: 5228          N: 0 Z: 0 V: 0 C: 0      
5228:   sub r2, r3                    src: 18        dst: 6572      r0: 5 r1: 3253 r2: 18 r3: 6554 r4: 0 r5: 65514 sp: 65508 pc: 5230          N: 0 Z: 0 V: 0 C: 0      
5230:   cmp r3, $hshtab               src: 6554      dst: 5722      r0: 5 r1: 3253 r2: 18 r3: 6554 r4: 0 r5: 65514 sp: 65508 pc: 5234          N: 0 Z: 0 V: 0 C: 0      
5234:   bhi 5240.                     src: 3043                     r0: 5 r1: 3253 r2: 18 r3: 6554 r4: 0 r5: 65514 sp: 65508 pc: 5240          N: 0 Z: 0 V: 0 C: 0      
5240:   tst -(r3)                     src: 0                        r0: 5 r1: 3253 r2: 18 r3: 6552 r4: 0 r5: 65514 sp: 65508 pc: 5242          N: 0 Z: 1 V: 0 C: 0      
5242:   bne 5228.                     src: 57475                    r0: 5 r1: 3253 r2: 18 r3: 6552 r4: 0 r5: 65514 sp: 65508 pc: 5244          N: 0 Z: 1 V: 0 C: 0      
5244:   mov (sp)+, r1                 src: 3246      dst: 3253      r0: 5 r1: 3246 r2: 18 r3: 6552 r4: 0 r5: 65514 sp: 65510 pc: 5246          N: 0 Z: 0 V: 0 C: 0      
5246:   mov r1, (r3)                  src: 3246      dst: 0         r0: 5 r1: 3246 r2: 18 r3: 6552 r4: 0 r5: 65514 sp: 65510 pc: 5248          N: 0 Z: 0 V: 0 C: 0      
5248:   add $12., r1                  src: 12        dst: 3246      r0: 5 r1: 3258 r2: 18 r3: 6552 r4: 0 r5: 65514 sp: 65510 pc: 5252          N: 0 Z: 0 V: 0 C: 0      
5252:   cmp r1, $ebsymtab             src: 3258      dst: 5118      r0: 5 r1: 3258 r2: 18 r3: 6552 r4: 0 r5: 65514 sp: 65510 pc: 5256          N: 1 Z: 0 V: 0 C: 1      
5256:   bcs 5196.                     src: 2563                     r0: 5 r1: 3258 r2: 18 r3: 6552 r4: 0 r5: 65514 sp: 65510 pc: 5196          N: 1 Z: 0 V: 0 C: 1      
5196:   clr r3                        src: 6552                     r0: 5 r1: 3258 r2: 18 r3: 0 r4: 0 r5: 65514 sp: 65510 pc: 5198             N: 0 Z: 1 V: 0 C: 0      
5198:   mov $8., r2                   src: 8         dst: 18        r0: 5 r1: 3258 r2: 8 r3: 0 r4: 0 r5: 65514 sp: 65510 pc: 5202              N: 0 Z: 0 V: 0 C: 0      
5202:   mov r1, -(sp)                 src: 3258      dst: 3246      r0: 5 r1: 3258 r2: 8 r3: 0 r4: 0 r5: 65514 sp: 65508 pc: 5204              N: 0 Z: 0 V: 0 C: 0      
5204:   movb (r1)+, r4                src: 99        dst: 0         r0: 5 r1: 3259 r2: 8 r3: 0 r4: 99 r5: 65514 sp: 65508 pc: 5206             N: 0 Z: 0 V: 0 C: 0      
5206:   beq 5214.                     src: 2562                     r0: 5 r1: 3259 r2: 8 r3: 0 r4: 99 r5: 65514 sp: 65508 pc: 5208             N: 0 Z: 0 V: 0 C: 0      
5208:   add r4, r3                    src: 99        dst: 0         r0: 5 r1: 3259 r2: 8 r3: 99 r4: 99 r5: 65514 sp: 65508 pc: 5210            N: 0 Z: 0 V: 0 C: 0      
5210:   swab r3                       src: 99                       r0: 5 r1: 3259 r2: 8 r3: 25344 r4: 99 r5: 65514 sp: 65508 pc: 5212         N: 0 Z: 1 V: 0 C: 0      
5212:   sob r2, 5204.                 src: 8         dst: 68        r0: 5 r1: 3259 r2: 7 r3: 25344 r4: 99 r5: 65514 sp: 65508 pc: 5204         N: 0 Z: 1 V: 0 C: 0      
5204:   movb (r1)+, r4                src: 104       dst: 99        r0: 5 r1: 3260 r2: 7 r3: 25344 r4: 104 r5: 65514 sp: 65508 pc: 5206        N: 0 Z: 0 V: 0 C: 0      
5206:   beq 5214.                     src: 2562                     r0: 5 r1: 3260 r2: 7 r3: 25344 r4: 104 r5: 65514 sp: 65508 pc: 5208        N: 0 Z: 0 V: 0 C: 0      
5208:   add r4, r3                    src: 104       dst: 25344     r0: 5 r1: 3260 r2: 7 r3: 25448 r4: 104 r5: 65514 sp: 65508 pc: 5210        N: 0 Z: 0 V: 0 C: 0      
5210:   swab r3                       src: 25448                    r0: 5 r1: 3260 r2: 7 r3: 26723 r4: 104 r5: 65514 sp: 65508 pc: 5212        N: 0 Z: 0 V: 0 C: 0      
5212:   sob r2, 5204.                 src: 7         dst: 68        r0: 5 r1: 3260 r2: 6 r3: 26723 r4: 104 r5: 65514 sp: 65508 pc: 5204        N: 0 Z: 0 V: 0 C: 0      
5204:   movb (r1)+, r4                src: 109       dst: 104       r0: 5 r1: 3261 r2: 6 r3: 26723 r4: 109 r5: 65514 sp: 65508 pc: 5206        N: 0 Z: 0 V: 0 C: 0      
5206:   beq 5214.                     src: 2562                     r0: 5 r1: 3261 r2: 6 r3: 26723 r4: 109 r5: 65514 sp: 65508 pc: 5208        N: 0 Z: 0 V: 0 C: 0      
5208:   add r4, r3                    src: 109       dst: 26723     r0: 5 r1: 3261 r2: 6 r3: 26832 r4: 109 r5: 65514 sp: 65508 pc: 5210        N: 0 Z: 0 V: 0 C: 0      
5210:   swab r3                       src: 26832                    r0: 5 r1: 3261 r2: 6 r3: 53352 r4: 109 r5: 65514 sp: 65508 pc: 5212        N: 0 Z: 0 V: 0 C: 0      
5212:   sob r2, 5204.                 src: 6         dst: 68        r0: 5 r1: 3261 r2: 5 r3: 53352 r4: 109 r5: 65514 sp: 65508 pc: 5204        N: 0 Z: 0 V: 0 C: 0      
5204:   movb (r1)+, r4                src: 111       dst: 109       r0: 5 r1: 3262 r2: 5 r3: 53352 r4: 111 r5: 65514 sp: 65508 pc: 5206        N: 0 Z: 0 V: 0 C: 0      
5206:   beq 5214.                     src: 2562                     r0: 5 r1: 3262 r2: 5 r3: 53352 r4: 111 r5: 65514 sp: 65508 pc: 5208        N: 0 Z: 0 V: 0 C: 0      
5208:   add r4, r3                    src: 111       dst: 53352     r0: 5 r1: 3262 r2: 5 r3: 53463 r4: 111 r5: 65514 sp: 65508 pc: 5210        N: 0 Z: 0 V: 0 C: 0      
5210:   swab r3                       src: 53463                    r0: 5 r1: 3262 r2: 5 r3: 55248 r4: 111 r5: 65514 sp: 65508 pc: 5212        N: 1 Z: 0 V: 0 C: 0      
5212:   sob r2, 5204.                 src: 5         dst: 68        r0: 5 r1: 3262 r2: 4 r3: 55248 r4: 111 r5: 65514 sp: 65508 pc: 5204        N: 1 Z: 0 V: 0 C: 0      
5204:   movb (r1)+, r4                src: 100       dst: 111       r0: 5 r1: 3263 r2: 4 r3: 55248 r4: 100 r5: 65514 sp: 65508 pc: 5206        N: 0 Z: 0 V: 0 C: 0      
5206:   beq 5214.                     src: 2562                     r0: 5 r1: 3263 r2: 4 r3: 55248 r4: 100 r5: 65514 sp: 65508 pc: 5208        N: 0 Z: 0 V: 0 C: 0      
5208:   add r4, r3                    src: 100       dst: 55248     r0: 5 r1: 3263 r2: 4 r3: 55348 r4: 100 r5: 65514 sp: 65508 pc: 5210        N: 0 Z: 0 V: 0 C: 0      
5210:   swab r3                       src: 55348                    r0: 5 r1: 3263 r2: 4 r3: 13528 r4: 100 r5: 65514 sp: 65508 pc: 5212        N: 1 Z: 0 V: 0 C: 0      
5212:   sob r2, 5204.                 src: 4         dst: 68        r0: 5 r1: 3263 r2: 3 r3: 13528 r4: 100 r5: 65514 sp: 65508 pc: 5204        N: 1 Z: 0 V: 0 C: 0      
5204:   movb (r1)+, r4                src: 0         dst: 100       r0: 5 r1: 3264 r2: 3 r3: 13528 r4: 0 r5: 65514 sp: 65508 pc: 5206          N: 0 Z: 1 V: 0 C: 0      
5206:   beq 5214.                     src: 2562                     r0: 5 r1: 3264 r2: 3 r3: 13528 r4: 0 r5: 65514 sp: 65508 pc: 5214          N: 0 Z: 1 V: 0 C: 0      
5214:   clr r2                        src: 3                        r0: 5 r1: 3264 r2: 0 r3: 13528 r4: 0 r5: 65514 sp: 65508 pc: 5216          N: 0 Z: 1 V: 0 C: 0      
5216:   div $hshsiz, r2               src: 1553      dst: 0         r0: 5 r1: 3264 r2: 8 r3: 1104 r4: 0 r5: 65514 sp: 65508 pc: 5220           N: 0 Z: 0 V: 0 C: 0      
5220:   ashc $1., r2                  src: 1         dst: 8         r0: 5 r1: 3264 r2: 16 r3: 2208 r4: 0 r5: 65514 sp: 65508 pc: 5224          N: 0 Z: 0 V: 0 C: 0      
5224:   add $hshtab, r3               src: 5722      dst: 2208      r0: 5 r1: 3264 r2: 16 r3: 7930 r4: 0 r5: 65514 sp: 65508 pc: 5228          N: 0 Z: 0 V: 0 C: 0      
5228:   sub r2, r3                    src: 16        dst: 7930      r0: 5 r1: 3264 r2: 16 r3: 7914 r4: 0 r5: 65514 sp: 65508 pc: 5230          N: 0 Z: 0 V: 0 C: 0      
5230:   cmp r3, $hshtab               src: 7914      dst: 5722      r0: 5 r1: 3264 r2: 16 r3: 7914 r4: 0 r5: 65514 sp: 65508 pc: 5234          N: 0 Z: 0 V: 0 C: 0      
5234:   bhi 5240.                     src: 3043                     r0: 5 r1: 3264 r2: 16 r3: 7914 r4: 0 r5: 65514 sp: 65508 pc: 5240          N: 0 Z: 0 V: 0 C: 0      
5240:   tst -(r3)                     src: 0                        r0: 5 r1: 3264 r2: 16 r3: 7912 r4: 0 r5: 65514 sp: 65508 pc: 5242          N: 0 Z: 1 V: 0 C: 0      
5242:   bne 5228.                     src: 57475                    r0: 5 r1: 3264 r2: 16 r3: 7912 r4: 0 r5: 65514 sp: 65508 pc: 5244          N: 0 Z: 1 V: 0 C: 0      
5244:   mov (sp)+, r1                 src: 3258      dst: 3264      r0: 5 r1: 3258 r2: 16 r3: 7912 r4: 0 r5: 65514 sp: 65510 pc: 5246          N: 0 Z: 0 V: 0 C: 0      
5246:   mov r1, (r3)                  src: 3258      dst: 0         r0: 5 r1: 3258 r2: 16 r3: 7912 r4: 0 r5: 65514 sp: 65510 pc: 5248          N: 0 Z: 0 V: 0 C: 0      
5248:   add $12., r1                  src: 12        dst: 3258      r0: 5 r1: 3270 r2: 16 r3: 7912 r4: 0 r5: 65514 sp: 65510 pc: 5252          N: 0 Z: 0 V: 0 C: 0      
5252:   cmp r1, $ebsymtab             src: 3270      dst: 5118      r0: 5 r1: 3270 r2: 16 r3: 7912 r4: 0 r5: 65514 sp: 65510 pc: 5256          N: 1 Z: 0 V: 0 C: 1      
5256:   bcs 5196.                     src: 2563                     r0: 5 r1: 3270 r2: 16 r3: 7912 r4: 0 r5: 65514 sp: 65510 pc: 5196          N: 1 Z: 0 V: 0 C: 1      
5196:   clr r3                        src: 7912                     r0: 5 r1: 3270 r2: 16 r3: 0 r4: 0 r5: 65514 sp: 65510 pc: 5198             N: 0 Z: 1 V: 0 C: 0      
5198:   mov $8., r2                   src: 8         dst: 16        r0: 5 r1: 3270 r2: 8 r3: 0 r4: 0 r5: 65514 sp: 65510 pc: 5202              N: 0 Z: 0 V: 0 C: 0      
5202:   mov r1, -(sp)                 src: 3270      dst: 3258      r0: 5 r1: 3270 r2: 8 r3: 0 r4: 0 r5: 65514 sp: 65508 pc: 5204              N: 0 Z: 0 V: 0 C: 0      
5204:   movb (r1)+, r4                src: 99        dst: 0         r0: 5 r1: 3271 r2: 8 r3: 0 r4: 99 r5: 65514 sp: 65508 pc: 5206             N: 0 Z: 0 V: 0 C: 0      
5206:   beq 5214.                     src: 2562                     r0: 5 r1: 3271 r2: 8 r3: 0 r4: 99 r5: 65514 sp: 65508 pc: 5208             N: 0 Z: 0 V: 0 C: 0      
5208:   add r4, r3                    src: 99        dst: 0         r0: 5 r1: 3271 r2: 8 r3: 99 r4: 99 r5: 65514 sp: 65508 pc: 5210            N: 0 Z: 0 V: 0 C: 0      
5210:   swab r3                       src: 99                       r0: 5 r1: 3271 r2: 8 r3: 25344 r4: 99 r5: 65514 sp: 65508 pc: 5212         N: 0 Z: 1 V: 0 C: 0      
5212:   sob r2, 5204.                 src: 8         dst: 68        r0: 5 r1: 3271 r2: 7 r3: 25344 r4: 99 r5: 65514 sp: 65508 pc: 5204         N: 0 Z: 1 V: 0 C: 0      
5204:   movb (r1)+, r4                src: 104       dst: 99        r0: 5 r1: 3272 r2: 7 r3: 25344 r4: 104 r5: 65514 sp: 65508 pc: 5206        N: 0 Z: 0 V: 0 C: 0      
5206:   beq 5214.                     src: 2562                     r0: 5 r1: 3272 r2: 7 r3: 25344 r4: 104 r5: 65514 sp: 65508 pc: 5208        N: 0 Z: 0 V: 0 C: 0      
5208:   add r4, r3                    src: 104       dst: 25344     r0: 5 r1: 3272 r2: 7 r3: 25448 r4: 104 r5: 65514 sp: 65508 pc: 5210        N: 0 Z: 0 V: 0 C: 0      
5210:   swab r3                       src: 25448                    r0: 5 r1: 3272 r2: 7 r3: 26723 r4: 104 r5: 65514 sp: 65508 pc: 5212        N: 0 Z: 0 V: 0 C: 0      
5212:   sob r2, 5204.                 src: 7         dst: 68        r0: 5 r1: 3272 r2: 6 r3: 26723 r4: 104 r5: 65514 sp: 65508 pc: 5204        N: 0 Z: 0 V: 0 C: 0      
5204:   movb (r1)+, r4                src: 111       dst: 104       r0: 5 r1: 3273 r2: 6 r3: 26723 r4: 111 r5: 65514 sp: 65508 pc: 5206        N: 0 Z: 0 V: 0 C: 0      
5206:   beq 5214.                     src: 2562                     r0: 5 r1: 3273 r2: 6 r3: 26723 r4: 111 r5: 65514 sp: 65508 pc: 5208        N: 0 Z: 0 V: 0 C: 0      
5208:   add r4, r3                    src: 111       dst: 26723     r0: 5 r1: 3273 r2: 6 r3: 26834 r4: 111 r5: 65514 sp: 65508 pc: 5210        N: 0 Z: 0 V: 0 C: 0      
5210:   swab r3                       src: 26834                    r0: 5 r1: 3273 r2: 6 r3: 53864 r4: 111 r5: 65514 sp: 65508 pc: 5212        N: 0 Z: 0 V: 0 C: 0      
5212:   sob r2, 5204.                 src: 6         dst: 68        r0: 5 r1: 3273 r2: 5 r3: 53864 r4: 111 r5: 65514 sp: 65508 pc: 5204        N: 0 Z: 0 V: 0 C: 0      
5204:   movb (r1)+, r4                src: 119       dst: 111       r0: 5 r1: 3274 r2: 5 r3: 53864 r4: 119 r5: 65514 sp: 65508 pc: 5206        N: 0 Z: 0 V: 0 C: 0      
5206:   beq 5214.                     src: 2562                     r0: 5 r1: 3274 r2: 5 r3: 53864 r4: 119 r5: 65514 sp: 65508 pc: 5208        N: 0 Z: 0 V: 0 C: 0      
5208:   add r4, r3                    src: 119       dst: 53864     r0: 5 r1: 3274 r2: 5 r3: 53983 r4: 119 r5: 65514 sp: 65508 pc: 5210        N: 0 Z: 0 V: 0 C: 0      
5210:   swab r3                       src: 53983                    r0: 5 r1: 3274 r2: 5 r3: 57298 r4: 119 r5: 65514 sp: 65508 pc: 5212        N: 1 Z: 0 V: 0 C: 0      
5212:   sob r2, 5204.                 src: 5         dst: 68        r0: 5 r1: 3274 r2: 4 r3: 57298 r4: 119 r5: 65514 sp: 65508 pc: 5204        N: 1 Z: 0 V: 0 C: 0      
5204:   movb (r1)+, r4                src: 110       dst: 119       r0: 5 r1: 3275 r2: 4 r3: 57298 r4: 110 r5: 65514 sp: 65508 pc: 5206        N: 0 Z: 0 V: 0 C: 0      
5206:   beq 5214.                     src: 2562                     r0: 5 r1: 3275 r2: 4 r3: 57298 r4: 110 r5: 65514 sp: 65508 pc: 5208        N: 0 Z: 0 V: 0 C: 0      
5208:   add r4, r3                    src: 110       dst: 57298     r0: 5 r1: 3275 r2: 4 r3: 57408 r4: 110 r5: 65514 sp: 65508 pc: 5210        N: 0 Z: 0 V: 0 C: 0      
5210:   swab r3                       src: 57408                    r0: 5 r1: 3275 r2: 4 r3: 16608 r4: 110 r5: 65514 sp: 65508 pc: 5212        N: 1 Z: 0 V: 0 C: 0      
5212:   sob r2, 5204.                 src: 4         dst: 68        r0: 5 r1: 3275 r2: 3 r3: 16608 r4: 110 r5: 65514 sp: 65508 pc: 5204        N: 1 Z: 0 V: 0 C: 0      
5204:   movb (r1)+, r4                src: 0         dst: 110       r0: 5 r1: 3276 r2: 3 r3: 16608 r4: 0 r5: 65514 sp: 65508 pc: 5206          N: 0 Z: 1 V: 0 C: 0      
5206:   beq 5214.                     src: 2562                     r0: 5 r1: 3276 r2: 3 r3: 16608 r4: 0 r5: 65514 sp: 65508 pc: 5214          N: 0 Z: 1 V: 0 C: 0      
5214:   clr r2                        src: 3                        r0: 5 r1: 3276 r2: 0 r3: 16608 r4: 0 r5: 65514 sp: 65508 pc: 5216          N: 0 Z: 1 V: 0 C: 0      
5216:   div $hshsiz, r2               src: 1553      dst: 0         r0: 5 r1: 3276 r2: 10 r3: 1078 r4: 0 r5: 65514 sp: 65508 pc: 5220          N: 0 Z: 0 V: 0 C: 0      
5220:   ashc $1., r2                  src: 1         dst: 10        r0: 5 r1: 3276 r2: 20 r3: 2156 r4: 0 r5: 65514 sp: 65508 pc: 5224          N: 0 Z: 0 V: 0 C: 0      
5224:   add $hshtab, r3               src: 5722      dst: 2156      r0: 5 r1: 3276 r2: 20 r3: 7878 r4: 0 r5: 65514 sp: 65508 pc: 5228          N: 0 Z: 0 V: 0 C: 0      
5228:   sub r2, r3                    src: 20        dst: 7878      r0: 5 r1: 3276 r2: 20 r3: 7858 r4: 0 r5: 65514 sp: 65508 pc: 5230          N: 0 Z: 0 V: 0 C: 0      
5230:   cmp r3, $hshtab               src: 7858      dst: 5722      r0: 5 r1: 3276 r2: 20 r3: 7858 r4: 0 r5: 65514 sp: 65508 pc: 5234          N: 0 Z: 0 V: 0 C: 0      
5234:   bhi 5240.                     src: 3043                     r0: 5 r1: 3276 r2: 20 r3: 7858 r4: 0 r5: 65514 sp: 65508 pc: 5240          N: 0 Z: 0 V: 0 C: 0      
5240:   tst -(r3)                     src: 0                        r0: 5 r1: 3276 r2: 20 r3: 7856 r4: 0 r5: 65514 sp: 65508 pc: 5242          N: 0 Z: 1 V: 0 C: 0      
5242:   bne 5228.                     src: 57475                    r0: 5 r1: 3276 r2: 20 r3: 7856 r4: 0 r5: 65514 sp: 65508 pc: 5244          N: 0 Z: 1 V: 0 C: 0      
5244:   mov (sp)+, r1                 src: 3270      dst: 3276      r0: 5 r1: 3270 r2: 20 r3: 7856 r4: 0 r5: 65514 sp: 65510 pc: 5246          N: 0 Z: 0 V: 0 C: 0      
5246:   mov r1, (r3)                  src: 3270      dst: 0         r0: 5 r1: 3270 r2: 20 r3: 7856 r4: 0 r5: 65514 sp: 65510 pc: 5248          N: 0 Z: 0 V: 0 C: 0      
5248:   add $12., r1                  src: 12        dst: 3270      r0: 5 r1: 3282 r2: 20 r3: 7856 r4: 0 r5: 65514 sp: 65510 pc: 5252          N: 0 Z: 0 V: 0 C: 0      
5252:   cmp r1, $ebsymtab             src: 3282      dst: 5118      r0: 5 r1: 3282 r2: 20 r3: 7856 r4: 0 r5: 65514 sp: 65510 pc: 5256          N: 1 Z: 0 V: 0 C: 1      
5256:   bcs 5196.                     src: 2563                     r0: 5 r1: 3282 r2: 20 r3: 7856 r4: 0 r5: 65514 sp: 65510 pc: 5196          N: 1 Z: 0 V: 0 C: 1      
5196:   clr r3                        src: 7856                     r0: 5 r1: 3282 r2: 20 r3: 0 r4: 0 r5: 65514 sp: 65510 pc: 5198             N: 0 Z: 1 V: 0 C: 0      
5198:   mov $8., r2                   src: 8         dst: 20        r0: 5 r1: 3282 r2: 8 r3: 0 r4: 0 r5: 65514 sp: 65510 pc: 5202              N: 0 Z: 0 V: 0 C: 0      
5202:   mov r1, -(sp)                 src: 3282      dst: 3270      r0: 5 r1: 3282 r2: 8 r3: 0 r4: 0 r5: 65514 sp: 65508 pc: 5204              N: 0 Z: 0 V: 0 C: 0      
5204:   movb (r1)+, r4                src: 98        dst: 0         r0: 5 r1: 3283 r2: 8 r3: 0 r4: 98 r5: 65514 sp: 65508 pc: 5206             N: 0 Z: 0 V: 0 C: 0      
5206:   beq 5214.                     src: 2562                     r0: 5 r1: 3283 r2: 8 r3: 0 r4: 98 r5: 65514 sp: 65508 pc: 5208             N: 0 Z: 0 V: 0 C: 0      
5208:   add r4, r3                    src: 98        dst: 0         r0: 5 r1: 3283 r2: 8 r3: 98 r4: 98 r5: 65514 sp: 65508 pc: 5210            N: 0 Z: 0 V: 0 C: 0      
5210:   swab r3                       src: 98                       r0: 5 r1: 3283 r2: 8 r3: 25088 r4: 98 r5: 65514 sp: 65508 pc: 5212         N: 0 Z: 1 V: 0 C: 0      
5212:   sob r2, 5204.                 src: 8         dst: 68        r0: 5 r1: 3283 r2: 7 r3: 25088 r4: 98 r5: 65514 sp: 65508 pc: 5204         N: 0 Z: 1 V: 0 C: 0      
5204:   movb (r1)+, r4                src: 114       dst: 98        r0: 5 r1: 3284 r2: 7 r3: 25088 r4: 114 r5: 65514 sp: 65508 pc: 5206        N: 0 Z: 0 V: 0 C: 0      
5206:   beq 5214.                     src: 2562                     r0: 5 r1: 3284 r2: 7 r3: 25088 r4: 114 r5: 65514 sp: 65508 pc: 5208        N: 0 Z: 0 V: 0 C: 0      
5208:   add r4, r3                    src: 114       dst: 25088     r0: 5 r1: 3284 r2: 7 r3: 25202 r4: 114 r5: 65514 sp: 65508 pc: 5210        N: 0 Z: 0 V: 0 C: 0      
5210:   swab r3                       src: 25202                    r0: 5 r1: 3284 r2: 7 r3: 29282 r4: 114 r5: 65514 sp: 65508 pc: 5212        N: 0 Z: 0 V: 0 C: 0      
5212:   sob r2, 5204.                 src: 7         dst: 68        r0: 5 r1: 3284 r2: 6 r3: 29282 r4: 114 r5: 65514 sp: 65508 pc: 5204        N: 0 Z: 0 V: 0 C: 0      
5204:   movb (r1)+, r4                src: 101       dst: 114       r0: 5 r1: 3285 r2: 6 r3: 29282 r4: 101 r5: 65514 sp: 65508 pc: 5206        N: 0 Z: 0 V: 0 C: 0      
5206:   beq 5214.                     src: 2562                     r0: 5 r1: 3285 r2: 6 r3: 29282 r4: 101 r5: 65514 sp: 65508 pc: 5208        N: 0 Z: 0 V: 0 C: 0      
5208:   add r4, r3                    src: 101       dst: 29282     r0: 5 r1: 3285 r2: 6 r3: 29383 r4: 101 r5: 65514 sp: 65508 pc: 5210        N: 0 Z: 0 V: 0 C: 0      
5210:   swab r3                       src: 29383                    r0: 5 r1: 3285 r2: 6 r3: 51058 r4: 101 r5: 65514 sp: 65508 pc: 5212        N: 0 Z: 0 V: 0 C: 0      
5212:   sob r2, 5204.                 src: 6         dst: 68        r0: 5 r1: 3285 r2: 5 r3: 51058 r4: 101 r5: 65514 sp: 65508 pc: 5204        N: 0 Z: 0 V: 0 C: 0      
5204:   movb (r1)+, r4                src: 97        dst: 101       r0: 5 r1: 3286 r2: 5 r3: 51058 r4: 97 r5: 65514 sp: 65508 pc: 5206         N: 0 Z: 0 V: 0 C: 0      
5206:   beq 5214.                     src: 2562                     r0: 5 r1: 3286 r2: 5 r3: 51058 r4: 97 r5: 65514 sp: 65508 pc: 5208         N: 0 Z: 0 V: 0 C: 0      
5208:   add r4, r3                    src: 97        dst: 51058     r0: 5 r1: 3286 r2: 5 r3: 51155 r4: 97 r5: 65514 sp: 65508 pc: 5210         N: 0 Z: 0 V: 0 C: 0      
5210:   swab r3                       src: 51155                    r0: 5 r1: 3286 r2: 5 r3: 54215 r4: 97 r5: 65514 sp: 65508 pc: 5212         N: 1 Z: 0 V: 0 C: 0      
5212:   sob r2, 5204.                 src: 5         dst: 68        r0: 5 r1: 3286 r2: 4 r3: 54215 r4: 97 r5: 65514 sp: 65508 pc: 5204         N: 1 Z: 0 V: 0 C: 0      
5204:   movb (r1)+, r4                src: 107       dst: 97        r0: 5 r1: 3287 r2: 4 r3: 54215 r4: 107 r5: 65514 sp: 65508 pc: 5206        N: 0 Z: 0 V: 0 C: 0      
5206:   beq 5214.                     src: 2562                     r0: 5 r1: 3287 r2: 4 r3: 54215 r4: 107 r5: 65514 sp: 65508 pc: 5208        N: 0 Z: 0 V: 0 C: 0      
5208:   add r4, r3                    src: 107       dst: 54215     r0: 5 r1: 3287 r2: 4 r3: 54322 r4: 107 r5: 65514 sp: 65508 pc: 5210        N: 0 Z: 0 V: 0 C: 0      
5210:   swab r3                       src: 54322                    r0: 5 r1: 3287 r2: 4 r3: 13012 r4: 107 r5: 65514 sp: 65508 pc: 5212        N: 1 Z: 0 V: 0 C: 0      
5212:   sob r2, 5204.                 src: 4         dst: 68        r0: 5 r1: 3287 r2: 3 r3: 13012 r4: 107 r5: 65514 sp: 65508 pc: 5204        N: 1 Z: 0 V: 0 C: 0      
5204:   movb (r1)+, r4                src: 0         dst: 107       r0: 5 r1: 3288 r2: 3 r3: 13012 r4: 0 r5: 65514 sp: 65508 pc: 5206          N: 0 Z: 1 V: 0 C: 0      
5206:   beq 5214.                     src: 2562                     r0: 5 r1: 3288 r2: 3 r3: 13012 r4: 0 r5: 65514 sp: 65508 pc: 5214          N: 0 Z: 1 V: 0 C: 0      
5214:   clr r2                        src: 3                        r0: 5 r1: 3288 r2: 0 r3: 13012 r4: 0 r5: 65514 sp: 65508 pc: 5216          N: 0 Z: 1 V: 0 C: 0      
5216:   div $hshsiz, r2               src: 1553      dst: 0         r0: 5 r1: 3288 r2: 8 r3: 588 r4: 0 r5: 65514 sp: 65508 pc: 5220            N: 0 Z: 0 V: 0 C: 0      
5220:   ashc $1., r2                  src: 1         dst: 8         r0: 5 r1: 3288 r2: 16 r3: 1176 r4: 0 r5: 65514 sp: 65508 pc: 5224          N: 0 Z: 0 V: 0 C: 0      
5224:   add $hshtab, r3               src: 5722      dst: 1176      r0: 5 r1: 3288 r2: 16 r3: 6898 r4: 0 r5: 65514 sp: 65508 pc: 5228          N: 0 Z: 0 V: 0 C: 0      
5228:   sub r2, r3                    src: 16        dst: 6898      r0: 5 r1: 3288 r2: 16 r3: 6882 r4: 0 r5: 65514 sp: 65508 pc: 5230          N: 0 Z: 0 V: 0 C: 0      
5230:   cmp r3, $hshtab               src: 6882      dst: 5722      r0: 5 r1: 3288 r2: 16 r3: 6882 r4: 0 r5: 65514 sp: 65508 pc: 5234          N: 0 Z: 0 V: 0 C: 0      
5234:   bhi 5240.                     src: 3043                     r0: 5 r1: 3288 r2: 16 r3: 6882 r4: 0 r5: 65514 sp: 65508 pc: 5240          N: 0 Z: 0 V: 0 C: 0      
5240:   tst -(r3)                     src: 0                        r0: 5 r1: 3288 r2: 16 r3: 6880 r4: 0 r5: 65514 sp: 65508 pc: 5242          N: 0 Z: 1 V: 0 C: 0      
5242:   bne 5228.                     src: 57475                    r0: 5 r1: 3288 r2: 16 r3: 6880 r4: 0 r5: 65514 sp: 65508 pc: 5244          N: 0 Z: 1 V: 0 C: 0      
5244:   mov (sp)+, r1                 src: 3282      dst: 3288      r0: 5 r1: 3282 r2: 16 r3: 6880 r4: 0 r5: 65514 sp: 65510 pc: 5246          N: 0 Z: 0 V: 0 C: 0      
5246:   mov r1, (r3)                  src: 3282      dst: 0         r0: 5 r1: 3282 r2: 16 r3: 6880 r4: 0 r5: 65514 sp: 65510 pc: 5248          N: 0 Z: 0 V: 0 C: 0      
5248:   add $12., r1                  src: 12        dst: 3282      r0: 5 r1: 3294 r2: 16 r3: 6880 r4: 0 r5: 65514 sp: 65510 pc: 5252          N: 0 Z: 0 V: 0 C: 0      
5252:   cmp r1, $ebsymtab             src: 3294      dst: 5118      r0: 5 r1: 3294 r2: 16 r3: 6880 r4: 0 r5: 65514 sp: 65510 pc: 5256          N: 1 Z: 0 V: 0 C: 1      
5256:   bcs 5196.                     src: 2563                     r0: 5 r1: 3294 r2: 16 r3: 6880 r4: 0 r5: 65514 sp: 65510 pc: 5196          N: 1 Z: 0 V: 0 C: 1      
5196:   clr r3                        src: 6880                     r0: 5 r1: 3294 r2: 16 r3: 0 r4: 0 r5: 65514 sp: 65510 pc: 5198             N: 0 Z: 1 V: 0 C: 0      
5198:   mov $8., r2                   src: 8         dst: 16        r0: 5 r1: 3294 r2: 8 r3: 0 r4: 0 r5: 65514 sp: 65510 pc: 5202              N: 0 Z: 0 V: 0 C: 0      
5202:   mov r1, -(sp)                 src: 3294      dst: 3282      r0: 5 r1: 3294 r2: 8 r3: 0 r4: 0 r5: 65514 sp: 65508 pc: 5204              N: 0 Z: 0 V: 0 C: 0      
5204:   movb (r1)+, r4                src: 115       dst: 0         r0: 5 r1: 3295 r2: 8 r3: 0 r4: 115 r5: 65514 sp: 65508 pc: 5206            N: 0 Z: 0 V: 0 C: 0      
5206:   beq 5214.                     src: 2562                     r0: 5 r1: 3295 r2: 8 r3: 0 r4: 115 r5: 65514 sp: 65508 pc: 5208            N: 0 Z: 0 V: 0 C: 0      
5208:   add r4, r3                    src: 115       dst: 0         r0: 5 r1: 3295 r2: 8 r3: 115 r4: 115 r5: 65514 sp: 65508 pc: 5210          N: 0 Z: 0 V: 0 C: 0      
5210:   swab r3                       src: 115                      r0: 5 r1: 3295 r2: 8 r3: 29440 r4: 115 r5: 65514 sp: 65508 pc: 5212        N: 0 Z: 1 V: 0 C: 0      
5212:   sob r2, 5204.                 src: 8         dst: 68        r0: 5 r1: 3295 r2: 7 r3: 29440 r4: 115 r5: 65514 sp: 65508 pc: 5204        N: 0 Z: 1 V: 0 C: 0      
5204:   movb (r1)+, r4                src: 116       dst: 115       r0: 5 r1: 3296 r2: 7 r3: 29440 r4: 116 r5: 65514 sp: 65508 pc: 5206        N: 0 Z: 0 V: 0 C: 0      
5206:   beq 5214.                     src: 2562                     r0: 5 r1: 3296 r2: 7 r3: 29440 r4: 116 r5: 65514 sp: 65508 pc: 5208        N: 0 Z: 0 V: 0 C: 0      
5208:   add r4, r3                    src: 116       dst: 29440     r0: 5 r1: 3296 r2: 7 r3: 29556 r4: 116 r5: 65514 sp: 65508 pc: 5210        N: 0 Z: 0 V: 0 C: 0      
5210:   swab r3                       src: 29556                    r0: 5 r1: 3296 r2: 7 r3: 29811 r4: 116 r5: 65514 sp: 65508 pc: 5212        N: 0 Z: 0 V: 0 C: 0      
5212:   sob r2, 5204.                 src: 7         dst: 68        r0: 5 r1: 3296 r2: 6 r3: 29811 r4: 116 r5: 65514 sp: 65508 pc: 5204        N: 0 Z: 0 V: 0 C: 0      
5204:   movb (r1)+, r4                src: 97        dst: 116       r0: 5 r1: 3297 r2: 6 r3: 29811 r4: 97 r5: 65514 sp: 65508 pc: 5206         N: 0 Z: 0 V: 0 C: 0      
5206:   beq 5214.                     src: 2562                     r0: 5 r1: 3297 r2: 6 r3: 29811 r4: 97 r5: 65514 sp: 65508 pc: 5208         N: 0 Z: 0 V: 0 C: 0      
5208:   add r4, r3                    src: 97        dst: 29811     r0: 5 r1: 3297 r2: 6 r3: 29908 r4: 97 r5: 65514 sp: 65508 pc: 5210         N: 0 Z: 0 V: 0 C: 0      
5210:   swab r3                       src: 29908                    r0: 5 r1: 3297 r2: 6 r3: 54388 r4: 97 r5: 65514 sp: 65508 pc: 5212         N: 0 Z: 0 V: 0 C: 0      
5212:   sob r2, 5204.                 src: 6         dst: 68        r0: 5 r1: 3297 r2: 5 r3: 54388 r4: 97 r5: 65514 sp: 65508 pc: 5204         N: 0 Z: 0 V: 0 C: 0      
5204:   movb (r1)+, r4                src: 116       dst: 97        r0: 5 r1: 3298 r2: 5 r3: 54388 r4: 116 r5: 65514 sp: 65508 pc: 5206        N: 0 Z: 0 V: 0 C: 0      
5206:   beq 5214.                     src: 2562                     r0: 5 r1: 3298 r2: 5 r3: 54388 r4: 116 r5: 65514 sp: 65508 pc: 5208        N: 0 Z: 0 V: 0 C: 0      
5208:   add r4, r3                    src: 116       dst: 54388     r0: 5 r1: 3298 r2: 5 r3: 54504 r4: 116 r5: 65514 sp: 65508 pc: 5210        N: 0 Z: 0 V: 0 C: 0      
5210:   swab r3                       src: 54504                    r0: 5 r1: 3298 r2: 5 r3: 59604 r4: 116 r5: 65514 sp: 65508 pc: 5212        N: 1 Z: 0 V: 0 C: 0      
5212:   sob r2, 5204.                 src: 5         dst: 68        r0: 5 r1: 3298 r2: 4 r3: 59604 r4: 116 r5: 65514 sp: 65508 pc: 5204        N: 1 Z: 0 V: 0 C: 0      
5204:   movb (r1)+, r4                src: 0         dst: 116       r0: 5 r1: 3299 r2: 4 r3: 59604 r4: 0 r5: 65514 sp: 65508 pc: 5206          N: 0 Z: 1 V: 0 C: 0      
5206:   beq 5214.                     src: 2562                     r0: 5 r1: 3299 r2: 4 r3: 59604 r4: 0 r5: 65514 sp: 65508 pc: 5214          N: 0 Z: 1 V: 0 C: 0      
5214:   clr r2                        src: 4                        r0: 5 r1: 3299 r2: 0 r3: 59604 r4: 0 r5: 65514 sp: 65508 pc: 5216          N: 0 Z: 1 V: 0 C: 0      
5216:   div $hshsiz, r2               src: 1553      dst: 0         r0: 5 r1: 3299 r2: 38 r3: 590 r4: 0 r5: 65514 sp: 65508 pc: 5220           N: 0 Z: 0 V: 0 C: 0      
5220:   ashc $1., r2                  src: 1         dst: 38        r0: 5 r1: 3299 r2: 76 r3: 1180 r4: 0 r5: 65514 sp: 65508 pc: 5224          N: 0 Z: 0 V: 0 C: 0      
5224:   add $hshtab, r3               src: 5722      dst: 1180      r0: 5 r1: 3299 r2: 76 r3: 6902 r4: 0 r5: 65514 sp: 65508 pc: 5228          N: 0 Z: 0 V: 0 C: 0      
5228:   sub r2, r3                    src: 76        dst: 6902      r0: 5 r1: 3299 r2: 76 r3: 6826 r4: 0 r5: 65514 sp: 65508 pc: 5230          N: 0 Z: 0 V: 0 C: 0      
5230:   cmp r3, $hshtab               src: 6826      dst: 5722      r0: 5 r1: 3299 r2: 76 r3: 6826 r4: 0 r5: 65514 sp: 65508 pc: 5234          N: 0 Z: 0 V: 0 C: 0      
5234:   bhi 5240.                     src: 3043                     r0: 5 r1: 3299 r2: 76 r3: 6826 r4: 0 r5: 65514 sp: 65508 pc: 5240          N: 0 Z: 0 V: 0 C: 0      
5240:   tst -(r3)                     src: 1                        r0: 5 r1: 3299 r2: 76 r3: 6824 r4: 0 r5: 65514 sp: 65508 pc: 5242          N: 0 Z: 0 V: 0 C: 0      
5242:   bne 5228.                     src: 57475                    r0: 5 r1: 3299 r2: 76 r3: 6824 r4: 0 r5: 65514 sp: 65508 pc: 5228          N: 0 Z: 0 V: 0 C: 0      
5228:   sub r2, r3                    src: 76        dst: 6824      r0: 5 r1: 3299 r2: 76 r3: 6748 r4: 0 r5: 65514 sp: 65508 pc: 5230          N: 0 Z: 0 V: 0 C: 0      
5230:   cmp r3, $hshtab               src: 6748      dst: 5722      r0: 5 r1: 3299 r2: 76 r3: 6748 r4: 0 r5: 65514 sp: 65508 pc: 5234          N: 0 Z: 0 V: 0 C: 0      
5234:   bhi 5240.                     src: 3043                     r0: 5 r1: 3299 r2: 76 r3: 6748 r4: 0 r5: 65514 sp: 65508 pc: 5240          N: 0 Z: 0 V: 0 C: 0      
5240:   tst -(r3)                     src: 0                        r0: 5 r1: 3299 r2: 76 r3: 6746 r4: 0 r5: 65514 sp: 65508 pc: 5242          N: 0 Z: 1 V: 0 C: 0      
5242:   bne 5228.                     src: 57475                    r0: 5 r1: 3299 r2: 76 r3: 6746 r4: 0 r5: 65514 sp: 65508 pc: 5244          N: 0 Z: 1 V: 0 C: 0      
5244:   mov (sp)+, r1                 src: 3294      dst: 3299      r0: 5 r1: 3294 r2: 76 r3: 6746 r4: 0 r5: 65514 sp: 65510 pc: 5246          N: 0 Z: 0 V: 0 C: 0      
5246:   mov r1, (r3)                  src: 3294      dst: 0         r0: 5 r1: 3294 r2: 76 r3: 6746 r4: 0 r5: 65514 sp: 65510 pc: 5248          N: 0 Z: 0 V: 0 C: 0      
5248:   add $12., r1                  src: 12        dst: 3294      r0: 5 r1: 3306 r2: 76 r3: 6746 r4: 0 r5: 65514 sp: 65510 pc: 5252          N: 0 Z: 0 V: 0 C: 0      
5252:   cmp r1, $ebsymtab             src: 3306      dst: 5118      r0: 5 r1: 3306 r2: 76 r3: 6746 r4: 0 r5: 65514 sp: 65510 pc: 5256          N: 1 Z: 0 V: 0 C: 1      
5256:   bcs 5196.                     src: 2563                     r0: 5 r1: 3306 r2: 76 r3: 6746 r4: 0 r5: 65514 sp: 65510 pc: 5196          N: 1 Z: 0 V: 0 C: 1      
5196:   clr r3                        src: 6746                     r0: 5 r1: 3306 r2: 76 r3: 0 r4: 0 r5: 65514 sp: 65510 pc: 5198             N: 0 Z: 1 V: 0 C: 0      
5198:   mov $8., r2                   src: 8         dst: 76        r0: 5 r1: 3306 r2: 8 r3: 0 r4: 0 r5: 65514 sp: 65510 pc: 5202              N: 0 Z: 0 V: 0 C: 0      
5202:   mov r1, -(sp)                 src: 3306      dst: 3294      r0: 5 r1: 3306 r2: 8 r3: 0 r4: 0 r5: 65514 sp: 65508 pc: 5204              N: 0 Z: 0 V: 0 C: 0      
5204:   movb (r1)+, r4                src: 115       dst: 0         r0: 5 r1: 3307 r2: 8 r3: 0 r4: 115 r5: 65514 sp: 65508 pc: 5206            N: 0 Z: 0 V: 0 C: 0      
5206:   beq 5214.                     src: 2562                     r0: 5 r1: 3307 r2: 8 r3: 0 r4: 115 r5: 65514 sp: 65508 pc: 5208            N: 0 Z: 0 V: 0 C: 0      
5208:   add r4, r3                    src: 115       dst: 0         r0: 5 r1: 3307 r2: 8 r3: 115 r4: 115 r5: 65514 sp: 65508 pc: 5210          N: 0 Z: 0 V: 0 C: 0      
5210:   swab r3                       src: 115                      r0: 5 r1: 3307 r2: 8 r3: 29440 r4: 115 r5: 65514 sp: 65508 pc: 5212        N: 0 Z: 1 V: 0 C: 0      
5212:   sob r2, 5204.                 src: 8         dst: 68        r0: 5 r1: 3307 r2: 7 r3: 29440 r4: 115 r5: 65514 sp: 65508 pc: 5204        N: 0 Z: 1 V: 0 C: 0      
5204:   movb (r1)+, r4                src: 101       dst: 115       r0: 5 r1: 3308 r2: 7 r3: 29440 r4: 101 r5: 65514 sp: 65508 pc: 5206        N: 0 Z: 0 V: 0 C: 0      
5206:   beq 5214.                     src: 2562                     r0: 5 r1: 3308 r2: 7 r3: 29440 r4: 101 r5: 65514 sp: 65508 pc: 5208        N: 0 Z: 0 V: 0 C: 0      
5208:   add r4, r3                    src: 101       dst: 29440     r0: 5 r1: 3308 r2: 7 r3: 29541 r4: 101 r5: 65514 sp: 65508 pc: 5210        N: 0 Z: 0 V: 0 C: 0      
5210:   swab r3                       src: 29541                    r0: 5 r1: 3308 r2: 7 r3: 25971 r4: 101 r5: 65514 sp: 65508 pc: 5212        N: 0 Z: 0 V: 0 C: 0      
5212:   sob r2, 5204.                 src: 7         dst: 68        r0: 5 r1: 3308 r2: 6 r3: 25971 r4: 101 r5: 65514 sp: 65508 pc: 5204        N: 0 Z: 0 V: 0 C: 0      
5204:   movb (r1)+, r4                src: 101       dst: 101       r0: 5 r1: 3309 r2: 6 r3: 25971 r4: 101 r5: 65514 sp: 65508 pc: 5206        N: 0 Z: 0 V: 0 C: 0      
5206:   beq 5214.                     src: 2562                     r0: 5 r1: 3309 r2: 6 r3: 25971 r4: 101 r5: 65514 sp: 65508 pc: 5208        N: 0 Z: 0 V: 0 C: 0      
5208:   add r4, r3                    src: 101       dst: 25971     r0: 5 r1: 3309 r2: 6 r3: 26072 r4: 101 r5: 65514 sp: 65508 pc: 5210        N: 0 Z: 0 V: 0 C: 0      
5210:   swab r3                       src: 26072                    r0: 5 r1: 3309 r2: 6 r3: 55397 r4: 101 r5: 65514 sp: 65508 pc: 5212        N: 0 Z: 0 V: 0 C: 0      
5212:   sob r2, 5204.                 src: 6         dst: 68        r0: 5 r1: 3309 r2: 5 r3: 55397 r4: 101 r5: 65514 sp: 65508 pc: 5204        N: 0 Z: 0 V: 0 C: 0      
5204:   movb (r1)+, r4                src: 107       dst: 101       r0: 5 r1: 3310 r2: 5 r3: 55397 r4: 107 r5: 65514 sp: 65508 pc: 5206        N: 0 Z: 0 V: 0 C: 0      
5206:   beq 5214.                     src: 2562                     r0: 5 r1: 3310 r2: 5 r3: 55397 r4: 107 r5: 65514 sp: 65508 pc: 5208        N: 0 Z: 0 V: 0 C: 0      
5208:   add r4, r3                    src: 107       dst: 55397     r0: 5 r1: 3310 r2: 5 r3: 55504 r4: 107 r5: 65514 sp: 65508 pc: 5210        N: 0 Z: 0 V: 0 C: 0      
5210:   swab r3                       src: 55504                    r0: 5 r1: 3310 r2: 5 r3: 53464 r4: 107 r5: 65514 sp: 65508 pc: 5212        N: 1 Z: 0 V: 0 C: 0      
5212:   sob r2, 5204.                 src: 5         dst: 68        r0: 5 r1: 3310 r2: 4 r3: 53464 r4: 107 r5: 65514 sp: 65508 pc: 5204        N: 1 Z: 0 V: 0 C: 0      
5204:   movb (r1)+, r4                src: 0         dst: 107       r0: 5 r1: 3311 r2: 4 r3: 53464 r4: 0 r5: 65514 sp: 65508 pc: 5206          N: 0 Z: 1 V: 0 C: 0      
5206:   beq 5214.                     src: 2562                     r0: 5 r1: 3311 r2: 4 r3: 53464 r4: 0 r5: 65514 sp: 65508 pc: 5214          N: 0 Z: 1 V: 0 C: 0      
5214:   clr r2                        src: 4                        r0: 5 r1: 3311 r2: 0 r3: 53464 r4: 0 r5: 65514 sp: 65508 pc: 5216          N: 0 Z: 1 V: 0 C: 0      
5216:   div $hshsiz, r2               src: 1553      dst: 0         r0: 5 r1: 3311 r2: 34 r3: 662 r4: 0 r5: 65514 sp: 65508 pc: 5220           N: 0 Z: 0 V: 0 C: 0      
5220:   ashc $1., r2                  src: 1         dst: 34        r0: 5 r1: 3311 r2: 68 r3: 1324 r4: 0 r5: 65514 sp: 65508 pc: 5224          N: 0 Z: 0 V: 0 C: 0      
5224:   add $hshtab, r3               src: 5722      dst: 1324      r0: 5 r1: 3311 r2: 68 r3: 7046 r4: 0 r5: 65514 sp: 65508 pc: 5228          N: 0 Z: 0 V: 0 C: 0      
5228:   sub r2, r3                    src: 68        dst: 7046      r0: 5 r1: 3311 r2: 68 r3: 6978 r4: 0 r5: 65514 sp: 65508 pc: 5230          N: 0 Z: 0 V: 0 C: 0      
5230:   cmp r3, $hshtab               src: 6978      dst: 5722      r0: 5 r1: 3311 r2: 68 r3: 6978 r4: 0 r5: 65514 sp: 65508 pc: 5234          N: 0 Z: 0 V: 0 C: 0      
5234:   bhi 5240.                     src: 3043                     r0: 5 r1: 3311 r2: 68 r3: 6978 r4: 0 r5: 65514 sp: 65508 pc: 5240          N: 0 Z: 0 V: 0 C: 0      
5240:   tst -(r3)                     src: 0                        r0: 5 r1: 3311 r2: 68 r3: 6976 r4: 0 r5: 65514 sp: 65508 pc: 5242          N: 0 Z: 1 V: 0 C: 0      
5242:   bne 5228.                     src: 57475                    r0: 5 r1: 3311 r2: 68 r3: 6976 r4: 0 r5: 65514 sp: 65508 pc: 5244          N: 0 Z: 1 V: 0 C: 0      
5244:   mov (sp)+, r1                 src: 3306      dst: 3311      r0: 5 r1: 3306 r2: 68 r3: 6976 r4: 0 r5: 65514 sp: 65510 pc: 5246          N: 0 Z: 0 V: 0 C: 0      
5246:   mov r1, (r3)                  src: 3306      dst: 0         r0: 5 r1: 3306 r2: 68 r3: 6976 r4: 0 r5: 65514 sp: 65510 pc: 5248          N: 0 Z: 0 V: 0 C: 0      
5248:   add $12., r1                  src: 12        dst: 3306      r0: 5 r1: 3318 r2: 68 r3: 6976 r4: 0 r5: 65514 sp: 65510 pc: 5252          N: 0 Z: 0 V: 0 C: 0      
5252:   cmp r1, $ebsymtab             src: 3318      dst: 5118      r0: 5 r1: 3318 r2: 68 r3: 6976 r4: 0 r5: 65514 sp: 65510 pc: 5256          N: 1 Z: 0 V: 0 C: 1      
5256:   bcs 5196.                     src: 2563                     r0: 5 r1: 3318 r2: 68 r3: 6976 r4: 0 r5: 65514 sp: 65510 pc: 5196          N: 1 Z: 0 V: 0 C: 1      
5196:   clr r3                        src: 6976                     r0: 5 r1: 3318 r2: 68 r3: 0 r4: 0 r5: 65514 sp: 65510 pc: 5198             N: 0 Z: 1 V: 0 C: 0      
5198:   mov $8., r2                   src: 8         dst: 68        r0: 5 r1: 3318 r2: 8 r3: 0 r4: 0 r5: 65514 sp: 65510 pc: 5202              N: 0 Z: 0 V: 0 C: 0      
5202:   mov r1, -(sp)                 src: 3318      dst: 3306      r0: 5 r1: 3318 r2: 8 r3: 0 r4: 0 r5: 65514 sp: 65508 pc: 5204              N: 0 Z: 0 V: 0 C: 0      
5204:   movb (r1)+, r4                src: 116       dst: 0         r0: 5 r1: 3319 r2: 8 r3: 0 r4: 116 r5: 65514 sp: 65508 pc: 5206            N: 0 Z: 0 V: 0 C: 0      
5206:   beq 5214.                     src: 2562                     r0: 5 r1: 3319 r2: 8 r3: 0 r4: 116 r5: 65514 sp: 65508 pc: 5208            N: 0 Z: 0 V: 0 C: 0      
5208:   add r4, r3                    src: 116       dst: 0         r0: 5 r1: 3319 r2: 8 r3: 116 r4: 116 r5: 65514 sp: 65508 pc: 5210          N: 0 Z: 0 V: 0 C: 0      
5210:   swab r3                       src: 116                      r0: 5 r1: 3319 r2: 8 r3: 29696 r4: 116 r5: 65514 sp: 65508 pc: 5212        N: 0 Z: 1 V: 0 C: 0      
5212:   sob r2, 5204.                 src: 8         dst: 68        r0: 5 r1: 3319 r2: 7 r3: 29696 r4: 116 r5: 65514 sp: 65508 pc: 5204        N: 0 Z: 1 V: 0 C: 0      
5204:   movb (r1)+, r4                src: 101       dst: 116       r0: 5 r1: 3320 r2: 7 r3: 29696 r4: 101 r5: 65514 sp: 65508 pc: 5206        N: 0 Z: 0 V: 0 C: 0      
5206:   beq 5214.                     src: 2562                     r0: 5 r1: 3320 r2: 7 r3: 29696 r4: 101 r5: 65514 sp: 65508 pc: 5208        N: 0 Z: 0 V: 0 C: 0      
5208:   add r4, r3                    src: 101       dst: 29696     r0: 5 r1: 3320 r2: 7 r3: 29797 r4: 101 r5: 65514 sp: 65508 pc: 5210        N: 0 Z: 0 V: 0 C: 0      
5210:   swab r3                       src: 29797                    r0: 5 r1: 3320 r2: 7 r3: 25972 r4: 101 r5: 65514 sp: 65508 pc: 5212        N: 0 Z: 0 V: 0 C: 0      
5212:   sob r2, 5204.                 src: 7         dst: 68        r0: 5 r1: 3320 r2: 6 r3: 25972 r4: 101 r5: 65514 sp: 65508 pc: 5204        N: 0 Z: 0 V: 0 C: 0      
5204:   movb (r1)+, r4                src: 108       dst: 101       r0: 5 r1: 3321 r2: 6 r3: 25972 r4: 108 r5: 65514 sp: 65508 pc: 5206        N: 0 Z: 0 V: 0 C: 0      
5206:   beq 5214.                     src: 2562                     r0: 5 r1: 3321 r2: 6 r3: 25972 r4: 108 r5: 65514 sp: 65508 pc: 5208        N: 0 Z: 0 V: 0 C: 0      
5208:   add r4, r3                    src: 108       dst: 25972     r0: 5 r1: 3321 r2: 6 r3: 26080 r4: 108 r5: 65514 sp: 65508 pc: 5210        N: 0 Z: 0 V: 0 C: 0      
5210:   swab r3                       src: 26080                    r0: 5 r1: 3321 r2: 6 r3: 57445 r4: 108 r5: 65514 sp: 65508 pc: 5212        N: 0 Z: 0 V: 0 C: 0      
5212:   sob r2, 5204.                 src: 6         dst: 68        r0: 5 r1: 3321 r2: 5 r3: 57445 r4: 108 r5: 65514 sp: 65508 pc: 5204        N: 0 Z: 0 V: 0 C: 0      
5204:   movb (r1)+, r4                src: 108       dst: 108       r0: 5 r1: 3322 r2: 5 r3: 57445 r4: 108 r5: 65514 sp: 65508 pc: 5206        N: 0 Z: 0 V: 0 C: 0      
5206:   beq 5214.                     src: 2562                     r0: 5 r1: 3322 r2: 5 r3: 57445 r4: 108 r5: 65514 sp: 65508 pc: 5208        N: 0 Z: 0 V: 0 C: 0      
5208:   add r4, r3                    src: 108       dst: 57445     r0: 5 r1: 3322 r2: 5 r3: 57553 r4: 108 r5: 65514 sp: 65508 pc: 5210        N: 0 Z: 0 V: 0 C: 0      
5210:   swab r3                       src: 57553                    r0: 5 r1: 3322 r2: 5 r3: 53728 r4: 108 r5: 65514 sp: 65508 pc: 5212        N: 1 Z: 0 V: 0 C: 0      
5212:   sob r2, 5204.                 src: 5         dst: 68        r0: 5 r1: 3322 r2: 4 r3: 53728 r4: 108 r5: 65514 sp: 65508 pc: 5204        N: 1 Z: 0 V: 0 C: 0      
5204:   movb (r1)+, r4                src: 0         dst: 108       r0: 5 r1: 3323 r2: 4 r3: 53728 r4: 0 r5: 65514 sp: 65508 pc: 5206          N: 0 Z: 1 V: 0 C: 0      
5206:   beq 5214.                     src: 2562                     r0: 5 r1: 3323 r2: 4 r3: 53728 r4: 0 r5: 65514 sp: 65508 pc: 5214          N: 0 Z: 1 V: 0 C: 0      
5214:   clr r2                        src: 4                        r0: 5 r1: 3323 r2: 0 r3: 53728 r4: 0 r5: 65514 sp: 65508 pc: 5216          N: 0 Z: 1 V: 0 C: 0      
5216:   div $hshsiz, r2               src: 1553      dst: 0         r0: 5 r1: 3323 r2: 34 r3: 926 r4: 0 r5: 65514 sp: 65508 pc: 5220           N: 0 Z: 0 V: 0 C: 0      
5220:   ashc $1., r2                  src: 1         dst: 34        r0: 5 r1: 3323 r2: 68 r3: 1852 r4: 0 r5: 65514 sp: 65508 pc: 5224          N: 0 Z: 0 V: 0 C: 0      
5224:   add $hshtab, r3               src: 5722      dst: 1852      r0: 5 r1: 3323 r2: 68 r3: 7574 r4: 0 r5: 65514 sp: 65508 pc: 5228          N: 0 Z: 0 V: 0 C: 0      
5228:   sub r2, r3                    src: 68        dst: 7574      r0: 5 r1: 3323 r2: 68 r3: 7506 r4: 0 r5: 65514 sp: 65508 pc: 5230          N: 0 Z: 0 V: 0 C: 0      
5230:   cmp r3, $hshtab               src: 7506      dst: 5722      r0: 5 r1: 3323 r2: 68 r3: 7506 r4: 0 r5: 65514 sp: 65508 pc: 5234          N: 0 Z: 0 V: 0 C: 0      
5234:   bhi 5240.                     src: 3043                     r0: 5 r1: 3323 r2: 68 r3: 7506 r4: 0 r5: 65514 sp: 65508 pc: 5240          N: 0 Z: 0 V: 0 C: 0      
5240:   tst -(r3)                     src: 0                        r0: 5 r1: 3323 r2: 68 r3: 7504 r4: 0 r5: 65514 sp: 65508 pc: 5242          N: 0 Z: 1 V: 0 C: 0      
5242:   bne 5228.                     src: 57475                    r0: 5 r1: 3323 r2: 68 r3: 7504 r4: 0 r5: 65514 sp: 65508 pc: 5244          N: 0 Z: 1 V: 0 C: 0      
5244:   mov (sp)+, r1                 src: 3318      dst: 3323      r0: 5 r1: 3318 r2: 68 r3: 7504 r4: 0 r5: 65514 sp: 65510 pc: 5246          N: 0 Z: 0 V: 0 C: 0      
5246:   mov r1, (r3)                  src: 3318      dst: 0         r0: 5 r1: 3318 r2: 68 r3: 7504 r4: 0 r5: 65514 sp: 65510 pc: 5248          N: 0 Z: 0 V: 0 C: 0      
5248:   add $12., r1                  src: 12        dst: 3318      r0: 5 r1: 3330 r2: 68 r3: 7504 r4: 0 r5: 65514 sp: 65510 pc: 5252          N: 0 Z: 0 V: 0 C: 0      
5252:   cmp r1, $ebsymtab             src: 3330      dst: 5118      r0: 5 r1: 3330 r2: 68 r3: 7504 r4: 0 r5: 65514 sp: 65510 pc: 5256          N: 1 Z: 0 V: 0 C: 1      
5256:   bcs 5196.                     src: 2563                     r0: 5 r1: 3330 r2: 68 r3: 7504 r4: 0 r5: 65514 sp: 65510 pc: 5196          N: 1 Z: 0 V: 0 C: 1      
5196:   clr r3                        src: 7504                     r0: 5 r1: 3330 r2: 68 r3: 0 r4: 0 r5: 65514 sp: 65510 pc: 5198             N: 0 Z: 1 V: 0 C: 0      
5198:   mov $8., r2                   src: 8         dst: 68        r0: 5 r1: 3330 r2: 8 r3: 0 r4: 0 r5: 65514 sp: 65510 pc: 5202              N: 0 Z: 0 V: 0 C: 0      
5202:   mov r1, -(sp)                 src: 3330      dst: 3318      r0: 5 r1: 3330 r2: 8 r3: 0 r4: 0 r5: 65514 sp: 65508 pc: 5204              N: 0 Z: 0 V: 0 C: 0      
5204:   movb (r1)+, r4                src: 109       dst: 0         r0: 5 r1: 3331 r2: 8 r3: 0 r4: 109 r5: 65514 sp: 65508 pc: 5206            N: 0 Z: 0 V: 0 C: 0      
5206:   beq 5214.                     src: 2562                     r0: 5 r1: 3331 r2: 8 r3: 0 r4: 109 r5: 65514 sp: 65508 pc: 5208            N: 0 Z: 0 V: 0 C: 0      
5208:   add r4, r3                    src: 109       dst: 0         r0: 5 r1: 3331 r2: 8 r3: 109 r4: 109 r5: 65514 sp: 65508 pc: 5210          N: 0 Z: 0 V: 0 C: 0      
5210:   swab r3                       src: 109                      r0: 5 r1: 3331 r2: 8 r3: 27904 r4: 109 r5: 65514 sp: 65508 pc: 5212        N: 0 Z: 1 V: 0 C: 0      
5212:   sob r2, 5204.                 src: 8         dst: 68        r0: 5 r1: 3331 r2: 7 r3: 27904 r4: 109 r5: 65514 sp: 65508 pc: 5204        N: 0 Z: 1 V: 0 C: 0      
5204:   movb (r1)+, r4                src: 111       dst: 109       r0: 5 r1: 3332 r2: 7 r3: 27904 r4: 111 r5: 65514 sp: 65508 pc: 5206        N: 0 Z: 0 V: 0 C: 0      
5206:   beq 5214.                     src: 2562                     r0: 5 r1: 3332 r2: 7 r3: 27904 r4: 111 r5: 65514 sp: 65508 pc: 5208        N: 0 Z: 0 V: 0 C: 0      
5208:   add r4, r3                    src: 111       dst: 27904     r0: 5 r1: 3332 r2: 7 r3: 28015 r4: 111 r5: 65514 sp: 65508 pc: 5210        N: 0 Z: 0 V: 0 C: 0      
5210:   swab r3                       src: 28015                    r0: 5 r1: 3332 r2: 7 r3: 28525 r4: 111 r5: 65514 sp: 65508 pc: 5212        N: 0 Z: 0 V: 0 C: 0      
5212:   sob r2, 5204.                 src: 7         dst: 68        r0: 5 r1: 3332 r2: 6 r3: 28525 r4: 111 r5: 65514 sp: 65508 pc: 5204        N: 0 Z: 0 V: 0 C: 0      
5204:   movb (r1)+, r4                src: 117       dst: 111       r0: 5 r1: 3333 r2: 6 r3: 28525 r4: 117 r5: 65514 sp: 65508 pc: 5206        N: 0 Z: 0 V: 0 C: 0      
5206:   beq 5214.                     src: 2562                     r0: 5 r1: 3333 r2: 6 r3: 28525 r4: 117 r5: 65514 sp: 65508 pc: 5208        N: 0 Z: 0 V: 0 C: 0      
5208:   add r4, r3                    src: 117       dst: 28525     r0: 5 r1: 3333 r2: 6 r3: 28642 r4: 117 r5: 65514 sp: 65508 pc: 5210        N: 0 Z: 0 V: 0 C: 0      
5210:   swab r3                       src: 28642                    r0: 5 r1: 3333 r2: 6 r3: 57967 r4: 117 r5: 65514 sp: 65508 pc: 5212        N: 0 Z: 0 V: 0 C: 0      
5212:   sob r2, 5204.                 src: 6         dst: 68        r0: 5 r1: 3333 r2: 5 r3: 57967 r4: 117 r5: 65514 sp: 65508 pc: 5204        N: 0 Z: 0 V: 0 C: 0      
5204:   movb (r1)+, r4                src: 110       dst: 117       r0: 5 r1: 3334 r2: 5 r3: 57967 r4: 110 r5: 65514 sp: 65508 pc: 5206        N: 0 Z: 0 V: 0 C: 0      
5206:   beq 5214.                     src: 2562                     r0: 5 r1: 3334 r2: 5 r3: 57967 r4: 110 r5: 65514 sp: 65508 pc: 5208        N: 0 Z: 0 V: 0 C: 0      
5208:   add r4, r3                    src: 110       dst: 57967     r0: 5 r1: 3334 r2: 5 r3: 58077 r4: 110 r5: 65514 sp: 65508 pc: 5210        N: 0 Z: 0 V: 0 C: 0      
5210:   swab r3                       src: 58077                    r0: 5 r1: 3334 r2: 5 r3: 56802 r4: 110 r5: 65514 sp: 65508 pc: 5212        N: 1 Z: 0 V: 0 C: 0      
5212:   sob r2, 5204.                 src: 5         dst: 68        r0: 5 r1: 3334 r2: 4 r3: 56802 r4: 110 r5: 65514 sp: 65508 pc: 5204        N: 1 Z: 0 V: 0 C: 0      
5204:   movb (r1)+, r4                src: 116       dst: 110       r0: 5 r1: 3335 r2: 4 r3: 56802 r4: 116 r5: 65514 sp: 65508 pc: 5206        N: 0 Z: 0 V: 0 C: 0      
5206:   beq 5214.                     src: 2562                     r0: 5 r1: 3335 r2: 4 r3: 56802 r4: 116 r5: 65514 sp: 65508 pc: 5208        N: 0 Z: 0 V: 0 C: 0      
5208:   add r4, r3                    src: 116       dst: 56802     r0: 5 r1: 3335 r2: 4 r3: 56918 r4: 116 r5: 65514 sp: 65508 pc: 5210        N: 0 Z: 0 V: 0 C: 0      
5210:   swab r3                       src: 56918                    r0: 5 r1: 3335 r2: 4 r3: 22238 r4: 116 r5: 65514 sp: 65508 pc: 5212        N: 1 Z: 0 V: 0 C: 0      
5212:   sob r2, 5204.                 src: 4         dst: 68        r0: 5 r1: 3335 r2: 3 r3: 22238 r4: 116 r5: 65514 sp: 65508 pc: 5204        N: 1 Z: 0 V: 0 C: 0      
5204:   movb (r1)+, r4                src: 0         dst: 116       r0: 5 r1: 3336 r2: 3 r3: 22238 r4: 0 r5: 65514 sp: 65508 pc: 5206          N: 0 Z: 1 V: 0 C: 0      
5206:   beq 5214.                     src: 2562                     r0: 5 r1: 3336 r2: 3 r3: 22238 r4: 0 r5: 65514 sp: 65508 pc: 5214          N: 0 Z: 1 V: 0 C: 0      
5214:   clr r2                        src: 3                        r0: 5 r1: 3336 r2: 0 r3: 22238 r4: 0 r5: 65514 sp: 65508 pc: 5216          N: 0 Z: 1 V: 0 C: 0      
5216:   div $hshsiz, r2               src: 1553      dst: 0         r0: 5 r1: 3336 r2: 14 r3: 496 r4: 0 r5: 65514 sp: 65508 pc: 5220           N: 0 Z: 0 V: 0 C: 0      
5220:   ashc $1., r2                  src: 1         dst: 14        r0: 5 r1: 3336 r2: 28 r3: 992 r4: 0 r5: 65514 sp: 65508 pc: 5224           N: 0 Z: 0 V: 0 C: 0      
5224:   add $hshtab, r3               src: 5722      dst: 992       r0: 5 r1: 3336 r2: 28 r3: 6714 r4: 0 r5: 65514 sp: 65508 pc: 5228          N: 0 Z: 0 V: 0 C: 0      
5228:   sub r2, r3                    src: 28        dst: 6714      r0: 5 r1: 3336 r2: 28 r3: 6686 r4: 0 r5: 65514 sp: 65508 pc: 5230          N: 0 Z: 0 V: 0 C: 0      
5230:   cmp r3, $hshtab               src: 6686      dst: 5722      r0: 5 r1: 3336 r2: 28 r3: 6686 r4: 0 r5: 65514 sp: 65508 pc: 5234          N: 0 Z: 0 V: 0 C: 0      
5234:   bhi 5240.                     src: 3043                     r0: 5 r1: 3336 r2: 28 r3: 6686 r4: 0 r5: 65514 sp: 65508 pc: 5240          N: 0 Z: 0 V: 0 C: 0      
5240:   tst -(r3)                     src: 3018                     r0: 5 r1: 3336 r2: 28 r3: 6684 r4: 0 r5: 65514 sp: 65508 pc: 5242          N: 0 Z: 0 V: 0 C: 0      
5242:   bne 5228.                     src: 57475                    r0: 5 r1: 3336 r2: 28 r3: 6684 r4: 0 r5: 65514 sp: 65508 pc: 5228          N: 0 Z: 0 V: 0 C: 0      
5228:   sub r2, r3                    src: 28        dst: 6684      r0: 5 r1: 3336 r2: 28 r3: 6656 r4: 0 r5: 65514 sp: 65508 pc: 5230          N: 0 Z: 0 V: 0 C: 0      
5230:   cmp r3, $hshtab               src: 6656      dst: 5722      r0: 5 r1: 3336 r2: 28 r3: 6656 r4: 0 r5: 65514 sp: 65508 pc: 5234          N: 0 Z: 0 V: 0 C: 0      
5234:   bhi 5240.                     src: 3043                     r0: 5 r1: 3336 r2: 28 r3: 6656 r4: 0 r5: 65514 sp: 65508 pc: 5240          N: 0 Z: 0 V: 0 C: 0      
5240:   tst -(r3)                     src: 0                        r0: 5 r1: 3336 r2: 28 r3: 6654 r4: 0 r5: 65514 sp: 65508 pc: 5242          N: 0 Z: 1 V: 0 C: 0      
5242:   bne 5228.                     src: 57475                    r0: 5 r1: 3336 r2: 28 r3: 6654 r4: 0 r5: 65514 sp: 65508 pc: 5244          N: 0 Z: 1 V: 0 C: 0      
5244:   mov (sp)+, r1                 src: 3330      dst: 3336      r0: 5 r1: 3330 r2: 28 r3: 6654 r4: 0 r5: 65514 sp: 65510 pc: 5246          N: 0 Z: 0 V: 0 C: 0      
5246:   mov r1, (r3)                  src: 3330      dst: 0         r0: 5 r1: 3330 r2: 28 r3: 6654 r4: 0 r5: 65514 sp: 65510 pc: 5248          N: 0 Z: 0 V: 0 C: 0      
5248:   add $12., r1                  src: 12        dst: 3330      r0: 5 r1: 3342 r2: 28 r3: 6654 r4: 0 r5: 65514 sp: 65510 pc: 5252          N: 0 Z: 0 V: 0 C: 0      
5252:   cmp r1, $ebsymtab             src: 3342      dst: 5118      r0: 5 r1: 3342 r2: 28 r3: 6654 r4: 0 r5: 65514 sp: 65510 pc: 5256          N: 1 Z: 0 V: 0 C: 1      
5256:   bcs 5196.                     src: 2563                     r0: 5 r1: 3342 r2: 28 r3: 6654 r4: 0 r5: 65514 sp: 65510 pc: 5196          N: 1 Z: 0 V: 0 C: 1      
5196:   clr r3                        src: 6654                     r0: 5 r1: 3342 r2: 28 r3: 0 r4: 0 r5: 65514 sp: 65510 pc: 5198             N: 0 Z: 1 V: 0 C: 0      
5198:   mov $8., r2                   src: 8         dst: 28        r0: 5 r1: 3342 r2: 8 r3: 0 r4: 0 r5: 65514 sp: 65510 pc: 5202              N: 0 Z: 0 V: 0 C: 0      
5202:   mov r1, -(sp)                 src: 3342      dst: 3330      r0: 5 r1: 3342 r2: 8 r3: 0 r4: 0 r5: 65514 sp: 65508 pc: 5204              N: 0 Z: 0 V: 0 C: 0      
5204:   movb (r1)+, r4                src: 117       dst: 0         r0: 5 r1: 3343 r2: 8 r3: 0 r4: 117 r5: 65514 sp: 65508 pc: 5206            N: 0 Z: 0 V: 0 C: 0      
5206:   beq 5214.                     src: 2562                     r0: 5 r1: 3343 r2: 8 r3: 0 r4: 117 r5: 65514 sp: 65508 pc: 5208            N: 0 Z: 0 V: 0 C: 0      
5208:   add r4, r3                    src: 117       dst: 0         r0: 5 r1: 3343 r2: 8 r3: 117 r4: 117 r5: 65514 sp: 65508 pc: 5210          N: 0 Z: 0 V: 0 C: 0      
5210:   swab r3                       src: 117                      r0: 5 r1: 3343 r2: 8 r3: 29952 r4: 117 r5: 65514 sp: 65508 pc: 5212        N: 0 Z: 1 V: 0 C: 0      
5212:   sob r2, 5204.                 src: 8         dst: 68        r0: 5 r1: 3343 r2: 7 r3: 29952 r4: 117 r5: 65514 sp: 65508 pc: 5204        N: 0 Z: 1 V: 0 C: 0      
5204:   movb (r1)+, r4                src: 109       dst: 117       r0: 5 r1: 3344 r2: 7 r3: 29952 r4: 109 r5: 65514 sp: 65508 pc: 5206        N: 0 Z: 0 V: 0 C: 0      
5206:   beq 5214.                     src: 2562                     r0: 5 r1: 3344 r2: 7 r3: 29952 r4: 109 r5: 65514 sp: 65508 pc: 5208        N: 0 Z: 0 V: 0 C: 0      
5208:   add r4, r3                    src: 109       dst: 29952     r0: 5 r1: 3344 r2: 7 r3: 30061 r4: 109 r5: 65514 sp: 65508 pc: 5210        N: 0 Z: 0 V: 0 C: 0      
5210:   swab r3                       src: 30061                    r0: 5 r1: 3344 r2: 7 r3: 28021 r4: 109 r5: 65514 sp: 65508 pc: 5212        N: 0 Z: 0 V: 0 C: 0      
5212:   sob r2, 5204.                 src: 7         dst: 68        r0: 5 r1: 3344 r2: 6 r3: 28021 r4: 109 r5: 65514 sp: 65508 pc: 5204        N: 0 Z: 0 V: 0 C: 0      
5204:   movb (r1)+, r4                src: 111       dst: 109       r0: 5 r1: 3345 r2: 6 r3: 28021 r4: 111 r5: 65514 sp: 65508 pc: 5206        N: 0 Z: 0 V: 0 C: 0      
5206:   beq 5214.                     src: 2562                     r0: 5 r1: 3345 r2: 6 r3: 28021 r4: 111 r5: 65514 sp: 65508 pc: 5208        N: 0 Z: 0 V: 0 C: 0      
5208:   add r4, r3                    src: 111       dst: 28021     r0: 5 r1: 3345 r2: 6 r3: 28132 r4: 111 r5: 65514 sp: 65508 pc: 5210        N: 0 Z: 0 V: 0 C: 0      
5210:   swab r3                       src: 28132                    r0: 5 r1: 3345 r2: 6 r3: 58477 r4: 111 r5: 65514 sp: 65508 pc: 5212        N: 0 Z: 0 V: 0 C: 0      
5212:   sob r2, 5204.                 src: 6         dst: 68        r0: 5 r1: 3345 r2: 5 r3: 58477 r4: 111 r5: 65514 sp: 65508 pc: 5204        N: 0 Z: 0 V: 0 C: 0      
5204:   movb (r1)+, r4                src: 117       dst: 111       r0: 5 r1: 3346 r2: 5 r3: 58477 r4: 117 r5: 65514 sp: 65508 pc: 5206        N: 0 Z: 0 V: 0 C: 0      
5206:   beq 5214.                     src: 2562                     r0: 5 r1: 3346 r2: 5 r3: 58477 r4: 117 r5: 65514 sp: 65508 pc: 5208        N: 0 Z: 0 V: 0 C: 0      
5208:   add r4, r3                    src: 117       dst: 58477     r0: 5 r1: 3346 r2: 5 r3: 58594 r4: 117 r5: 65514 sp: 65508 pc: 5210        N: 0 Z: 0 V: 0 C: 0      
5210:   swab r3                       src: 58594                    r0: 5 r1: 3346 r2: 5 r3: 58084 r4: 117 r5: 65514 sp: 65508 pc: 5212        N: 1 Z: 0 V: 0 C: 0      
5212:   sob r2, 5204.                 src: 5         dst: 68        r0: 5 r1: 3346 r2: 4 r3: 58084 r4: 117 r5: 65514 sp: 65508 pc: 5204        N: 1 Z: 0 V: 0 C: 0      
5204:   movb (r1)+, r4                src: 110       dst: 117       r0: 5 r1: 3347 r2: 4 r3: 58084 r4: 110 r5: 65514 sp: 65508 pc: 5206        N: 0 Z: 0 V: 0 C: 0      
5206:   beq 5214.                     src: 2562                     r0: 5 r1: 3347 r2: 4 r3: 58084 r4: 110 r5: 65514 sp: 65508 pc: 5208        N: 0 Z: 0 V: 0 C: 0      
5208:   add r4, r3                    src: 110       dst: 58084     r0: 5 r1: 3347 r2: 4 r3: 58194 r4: 110 r5: 65514 sp: 65508 pc: 5210        N: 0 Z: 0 V: 0 C: 0      
5210:   swab r3                       src: 58194                    r0: 5 r1: 3347 r2: 4 r3: 21219 r4: 110 r5: 65514 sp: 65508 pc: 5212        N: 1 Z: 0 V: 0 C: 0      
5212:   sob r2, 5204.                 src: 4         dst: 68        r0: 5 r1: 3347 r2: 3 r3: 21219 r4: 110 r5: 65514 sp: 65508 pc: 5204        N: 1 Z: 0 V: 0 C: 0      
5204:   movb (r1)+, r4                src: 116       dst: 110       r0: 5 r1: 3348 r2: 3 r3: 21219 r4: 116 r5: 65514 sp: 65508 pc: 5206        N: 0 Z: 0 V: 0 C: 0      
5206:   beq 5214.                     src: 2562                     r0: 5 r1: 3348 r2: 3 r3: 21219 r4: 116 r5: 65514 sp: 65508 pc: 5208        N: 0 Z: 0 V: 0 C: 0      
5208:   add r4, r3                    src: 116       dst: 21219     r0: 5 r1: 3348 r2: 3 r3: 21335 r4: 116 r5: 65514 sp: 65508 pc: 5210        N: 0 Z: 0 V: 0 C: 0      
5210:   swab r3                       src: 21335                    r0: 5 r1: 3348 r2: 3 r3: 22355 r4: 116 r5: 65514 sp: 65508 pc: 5212        N: 0 Z: 0 V: 0 C: 0      
5212:   sob r2, 5204.                 src: 3         dst: 68        r0: 5 r1: 3348 r2: 2 r3: 22355 r4: 116 r5: 65514 sp: 65508 pc: 5204        N: 0 Z: 0 V: 0 C: 0      
5204:   movb (r1)+, r4                src: 0         dst: 116       r0: 5 r1: 3349 r2: 2 r3: 22355 r4: 0 r5: 65514 sp: 65508 pc: 5206          N: 0 Z: 1 V: 0 C: 0      
5206:   beq 5214.                     src: 2562                     r0: 5 r1: 3349 r2: 2 r3: 22355 r4: 0 r5: 65514 sp: 65508 pc: 5214          N: 0 Z: 1 V: 0 C: 0      
5214:   clr r2                        src: 2                        r0: 5 r1: 3349 r2: 0 r3: 22355 r4: 0 r5: 65514 sp: 65508 pc: 5216          N: 0 Z: 1 V: 0 C: 0      
5216:   div $hshsiz, r2               src: 1553      dst: 0         r0: 5 r1: 3349 r2: 14 r3: 613 r4: 0 r5: 65514 sp: 65508 pc: 5220           N: 0 Z: 0 V: 0 C: 0      
5220:   ashc $1., r2                  src: 1         dst: 14        r0: 5 r1: 3349 r2: 28 r3: 1226 r4: 0 r5: 65514 sp: 65508 pc: 5224          N: 0 Z: 0 V: 0 C: 0      
5224:   add $hshtab, r3               src: 5722      dst: 1226      r0: 5 r1: 3349 r2: 28 r3: 6948 r4: 0 r5: 65514 sp: 65508 pc: 5228          N: 0 Z: 0 V: 0 C: 0      
5228:   sub r2, r3                    src: 28        dst: 6948      r0: 5 r1: 3349 r2: 28 r3: 6920 r4: 0 r5: 65514 sp: 65508 pc: 5230          N: 0 Z: 0 V: 0 C: 0      
5230:   cmp r3, $hshtab               src: 6920      dst: 5722      r0: 5 r1: 3349 r2: 28 r3: 6920 r4: 0 r5: 65514 sp: 65508 pc: 5234          N: 0 Z: 0 V: 0 C: 0      
5234:   bhi 5240.                     src: 3043                     r0: 5 r1: 3349 r2: 28 r3: 6920 r4: 0 r5: 65514 sp: 65508 pc: 5240          N: 0 Z: 0 V: 0 C: 0      
5240:   tst -(r3)                     src: 0                        r0: 5 r1: 3349 r2: 28 r3: 6918 r4: 0 r5: 65514 sp: 65508 pc: 5242          N: 0 Z: 1 V: 0 C: 0      
5242:   bne 5228.                     src: 57475                    r0: 5 r1: 3349 r2: 28 r3: 6918 r4: 0 r5: 65514 sp: 65508 pc: 5244          N: 0 Z: 1 V: 0 C: 0      
5244:   mov (sp)+, r1                 src: 3342      dst: 3349      r0: 5 r1: 3342 r2: 28 r3: 6918 r4: 0 r5: 65514 sp: 65510 pc: 5246          N: 0 Z: 0 V: 0 C: 0      
5246:   mov r1, (r3)                  src: 3342      dst: 0         r0: 5 r1: 3342 r2: 28 r3: 6918 r4: 0 r5: 65514 sp: 65510 pc: 5248          N: 0 Z: 0 V: 0 C: 0      
5248:   add $12., r1                  src: 12        dst: 3342      r0: 5 r1: 3354 r2: 28 r3: 6918 r4: 0 r5: 65514 sp: 65510 pc: 5252          N: 0 Z: 0 V: 0 C: 0      
5252:   cmp r1, $ebsymtab             src: 3354      dst: 5118      r0: 5 r1: 3354 r2: 28 r3: 6918 r4: 0 r5: 65514 sp: 65510 pc: 5256          N: 1 Z: 0 V: 0 C: 1      
5256:   bcs 5196.                     src: 2563                     r0: 5 r1: 3354 r2: 28 r3: 6918 r4: 0 r5: 65514 sp: 65510 pc: 5196          N: 1 Z: 0 V: 0 C: 1      
5196:   clr r3                        src: 6918                     r0: 5 r1: 3354 r2: 28 r3: 0 r4: 0 r5: 65514 sp: 65510 pc: 5198             N: 0 Z: 1 V: 0 C: 0      
5198:   mov $8., r2                   src: 8         dst: 28        r0: 5 r1: 3354 r2: 8 r3: 0 r4: 0 r5: 65514 sp: 65510 pc: 5202              N: 0 Z: 0 V: 0 C: 0      
5202:   mov r1, -(sp)                 src: 3354      dst: 3342      r0: 5 r1: 3354 r2: 8 r3: 0 r4: 0 r5: 65514 sp: 65508 pc: 5204              N: 0 Z: 0 V: 0 C: 0      
5204:   movb (r1)+, r4                src: 115       dst: 0         r0: 5 r1: 3355 r2: 8 r3: 0 r4: 115 r5: 65514 sp: 65508 pc: 5206            N: 0 Z: 0 V: 0 C: 0      
5206:   beq 5214.                     src: 2562                     r0: 5 r1: 3355 r2: 8 r3: 0 r4: 115 r5: 65514 sp: 65508 pc: 5208            N: 0 Z: 0 V: 0 C: 0      
5208:   add r4, r3                    src: 115       dst: 0         r0: 5 r1: 3355 r2: 8 r3: 115 r4: 115 r5: 65514 sp: 65508 pc: 5210          N: 0 Z: 0 V: 0 C: 0      
5210:   swab r3                       src: 115                      r0: 5 r1: 3355 r2: 8 r3: 29440 r4: 115 r5: 65514 sp: 65508 pc: 5212        N: 0 Z: 1 V: 0 C: 0      
5212:   sob r2, 5204.                 src: 8         dst: 68        r0: 5 r1: 3355 r2: 7 r3: 29440 r4: 115 r5: 65514 sp: 65508 pc: 5204        N: 0 Z: 1 V: 0 C: 0      
5204:   movb (r1)+, r4                src: 101       dst: 115       r0: 5 r1: 3356 r2: 7 r3: 29440 r4: 101 r5: 65514 sp: 65508 pc: 5206        N: 0 Z: 0 V: 0 C: 0      
5206:   beq 5214.                     src: 2562                     r0: 5 r1: 3356 r2: 7 r3: 29440 r4: 101 r5: 65514 sp: 65508 pc: 5208        N: 0 Z: 0 V: 0 C: 0      
5208:   add r4, r3                    src: 101       dst: 29440     r0: 5 r1: 3356 r2: 7 r3: 29541 r4: 101 r5: 65514 sp: 65508 pc: 5210        N: 0 Z: 0 V: 0 C: 0      
5210:   swab r3                       src: 29541                    r0: 5 r1: 3356 r2: 7 r3: 25971 r4: 101 r5: 65514 sp: 65508 pc: 5212        N: 0 Z: 0 V: 0 C: 0      
5212:   sob r2, 5204.                 src: 7         dst: 68        r0: 5 r1: 3356 r2: 6 r3: 25971 r4: 101 r5: 65514 sp: 65508 pc: 5204        N: 0 Z: 0 V: 0 C: 0      
5204:   movb (r1)+, r4                src: 116       dst: 101       r0: 5 r1: 3357 r2: 6 r3: 25971 r4: 116 r5: 65514 sp: 65508 pc: 5206        N: 0 Z: 0 V: 0 C: 0      
5206:   beq 5214.                     src: 2562                     r0: 5 r1: 3357 r2: 6 r3: 25971 r4: 116 r5: 65514 sp: 65508 pc: 5208        N: 0 Z: 0 V: 0 C: 0      
5208:   add r4, r3                    src: 116       dst: 25971     r0: 5 r1: 3357 r2: 6 r3: 26087 r4: 116 r5: 65514 sp: 65508 pc: 5210        N: 0 Z: 0 V: 0 C: 0      
5210:   swab r3                       src: 26087                    r0: 5 r1: 3357 r2: 6 r3: 59237 r4: 116 r5: 65514 sp: 65508 pc: 5212        N: 0 Z: 0 V: 0 C: 0      
5212:   sob r2, 5204.                 src: 6         dst: 68        r0: 5 r1: 3357 r2: 5 r3: 59237 r4: 116 r5: 65514 sp: 65508 pc: 5204        N: 0 Z: 0 V: 0 C: 0      
5204:   movb (r1)+, r4                src: 117       dst: 116       r0: 5 r1: 3358 r2: 5 r3: 59237 r4: 117 r5: 65514 sp: 65508 pc: 5206        N: 0 Z: 0 V: 0 C: 0      
5206:   beq 5214.                     src: 2562                     r0: 5 r1: 3358 r2: 5 r3: 59237 r4: 117 r5: 65514 sp: 65508 pc: 5208        N: 0 Z: 0 V: 0 C: 0      
5208:   add r4, r3                    src: 117       dst: 59237     r0: 5 r1: 3358 r2: 5 r3: 59354 r4: 117 r5: 65514 sp: 65508 pc: 5210        N: 0 Z: 0 V: 0 C: 0      
5210:   swab r3                       src: 59354                    r0: 5 r1: 3358 r2: 5 r3: 56039 r4: 117 r5: 65514 sp: 65508 pc: 5212        N: 1 Z: 0 V: 0 C: 0      
5212:   sob r2, 5204.                 src: 5         dst: 68        r0: 5 r1: 3358 r2: 4 r3: 56039 r4: 117 r5: 65514 sp: 65508 pc: 5204        N: 1 Z: 0 V: 0 C: 0      
5204:   movb (r1)+, r4                src: 105       dst: 117       r0: 5 r1: 3359 r2: 4 r3: 56039 r4: 105 r5: 65514 sp: 65508 pc: 5206        N: 0 Z: 0 V: 0 C: 0      
5206:   beq 5214.                     src: 2562                     r0: 5 r1: 3359 r2: 4 r3: 56039 r4: 105 r5: 65514 sp: 65508 pc: 5208        N: 0 Z: 0 V: 0 C: 0      
5208:   add r4, r3                    src: 105       dst: 56039     r0: 5 r1: 3359 r2: 4 r3: 56144 r4: 105 r5: 65514 sp: 65508 pc: 5210        N: 0 Z: 0 V: 0 C: 0      
5210:   swab r3                       src: 56144                    r0: 5 r1: 3359 r2: 4 r3: 20699 r4: 105 r5: 65514 sp: 65508 pc: 5212        N: 1 Z: 0 V: 0 C: 0      
5212:   sob r2, 5204.                 src: 4         dst: 68        r0: 5 r1: 3359 r2: 3 r3: 20699 r4: 105 r5: 65514 sp: 65508 pc: 5204        N: 1 Z: 0 V: 0 C: 0      
5204:   movb (r1)+, r4                src: 100       dst: 105       r0: 5 r1: 3360 r2: 3 r3: 20699 r4: 100 r5: 65514 sp: 65508 pc: 5206        N: 0 Z: 0 V: 0 C: 0      
5206:   beq 5214.                     src: 2562                     r0: 5 r1: 3360 r2: 3 r3: 20699 r4: 100 r5: 65514 sp: 65508 pc: 5208        N: 0 Z: 0 V: 0 C: 0      
5208:   add r4, r3                    src: 100       dst: 20699     r0: 5 r1: 3360 r2: 3 r3: 20799 r4: 100 r5: 65514 sp: 65508 pc: 5210        N: 0 Z: 0 V: 0 C: 0      
5210:   swab r3                       src: 20799                    r0: 5 r1: 3360 r2: 3 r3: 16209 r4: 100 r5: 65514 sp: 65508 pc: 5212        N: 0 Z: 0 V: 0 C: 0      
5212:   sob r2, 5204.                 src: 3         dst: 68        r0: 5 r1: 3360 r2: 2 r3: 16209 r4: 100 r5: 65514 sp: 65508 pc: 5204        N: 0 Z: 0 V: 0 C: 0      
5204:   movb (r1)+, r4                src: 0         dst: 100       r0: 5 r1: 3361 r2: 2 r3: 16209 r4: 0 r5: 65514 sp: 65508 pc: 5206          N: 0 Z: 1 V: 0 C: 0      
5206:   beq 5214.                     src: 2562                     r0: 5 r1: 3361 r2: 2 r3: 16209 r4: 0 r5: 65514 sp: 65508 pc: 5214          N: 0 Z: 1 V: 0 C: 0      
5214:   clr r2                        src: 2                        r0: 5 r1: 3361 r2: 0 r3: 16209 r4: 0 r5: 65514 sp: 65508 pc: 5216          N: 0 Z: 1 V: 0 C: 0      
5216:   div $hshsiz, r2               src: 1553      dst: 0         r0: 5 r1: 3361 r2: 10 r3: 679 r4: 0 r5: 65514 sp: 65508 pc: 5220           N: 0 Z: 0 V: 0 C: 0      
5220:   ashc $1., r2                  src: 1         dst: 10        r0: 5 r1: 3361 r2: 20 r3: 1358 r4: 0 r5: 65514 sp: 65508 pc: 5224          N: 0 Z: 0 V: 0 C: 0      
5224:   add $hshtab, r3               src: 5722      dst: 1358      r0: 5 r1: 3361 r2: 20 r3: 7080 r4: 0 r5: 65514 sp: 65508 pc: 5228          N: 0 Z: 0 V: 0 C: 0      
5228:   sub r2, r3                    src: 20        dst: 7080      r0: 5 r1: 3361 r2: 20 r3: 7060 r4: 0 r5: 65514 sp: 65508 pc: 5230          N: 0 Z: 0 V: 0 C: 0      
5230:   cmp r3, $hshtab               src: 7060      dst: 5722      r0: 5 r1: 3361 r2: 20 r3: 7060 r4: 0 r5: 65514 sp: 65508 pc: 5234          N: 0 Z: 0 V: 0 C: 0      
5234:   bhi 5240.                     src: 3043                     r0: 5 r1: 3361 r2: 20 r3: 7060 r4: 0 r5: 65514 sp: 65508 pc: 5240          N: 0 Z: 0 V: 0 C: 0      
5240:   tst -(r3)                     src: 0                        r0: 5 r1: 3361 r2: 20 r3: 7058 r4: 0 r5: 65514 sp: 65508 pc: 5242          N: 0 Z: 1 V: 0 C: 0      
5242:   bne 5228.                     src: 57475                    r0: 5 r1: 3361 r2: 20 r3: 7058 r4: 0 r5: 65514 sp: 65508 pc: 5244          N: 0 Z: 1 V: 0 C: 0      
5244:   mov (sp)+, r1                 src: 3354      dst: 3361      r0: 5 r1: 3354 r2: 20 r3: 7058 r4: 0 r5: 65514 sp: 65510 pc: 5246          N: 0 Z: 0 V: 0 C: 0      
5246:   mov r1, (r3)                  src: 3354      dst: 0         r0: 5 r1: 3354 r2: 20 r3: 7058 r4: 0 r5: 65514 sp: 65510 pc: 5248          N: 0 Z: 0 V: 0 C: 0      
5248:   add $12., r1                  src: 12        dst: 3354      r0: 5 r1: 3366 r2: 20 r3: 7058 r4: 0 r5: 65514 sp: 65510 pc: 5252          N: 0 Z: 0 V: 0 C: 0      
5252:   cmp r1, $ebsymtab             src: 3366      dst: 5118      r0: 5 r1: 3366 r2: 20 r3: 7058 r4: 0 r5: 65514 sp: 65510 pc: 5256          N: 1 Z: 0 V: 0 C: 1      
5256:   bcs 5196.                     src: 2563                     r0: 5 r1: 3366 r2: 20 r3: 7058 r4: 0 r5: 65514 sp: 65510 pc: 5196          N: 1 Z: 0 V: 0 C: 1      
5196:   clr r3                        src: 7058                     r0: 5 r1: 3366 r2: 20 r3: 0 r4: 0 r5: 65514 sp: 65510 pc: 5198             N: 0 Z: 1 V: 0 C: 0      
5198:   mov $8., r2                   src: 8         dst: 20        r0: 5 r1: 3366 r2: 8 r3: 0 r4: 0 r5: 65514 sp: 65510 pc: 5202              N: 0 Z: 0 V: 0 C: 0      
5202:   mov r1, -(sp)                 src: 3366      dst: 3354      r0: 5 r1: 3366 r2: 8 r3: 0 r4: 0 r5: 65514 sp: 65508 pc: 5204              N: 0 Z: 0 V: 0 C: 0      
5204:   movb (r1)+, r4                src: 103       dst: 0         r0: 5 r1: 3367 r2: 8 r3: 0 r4: 103 r5: 65514 sp: 65508 pc: 5206            N: 0 Z: 0 V: 0 C: 0      
5206:   beq 5214.                     src: 2562                     r0: 5 r1: 3367 r2: 8 r3: 0 r4: 103 r5: 65514 sp: 65508 pc: 5208            N: 0 Z: 0 V: 0 C: 0      
5208:   add r4, r3                    src: 103       dst: 0         r0: 5 r1: 3367 r2: 8 r3: 103 r4: 103 r5: 65514 sp: 65508 pc: 5210          N: 0 Z: 0 V: 0 C: 0      
5210:   swab r3                       src: 103                      r0: 5 r1: 3367 r2: 8 r3: 26368 r4: 103 r5: 65514 sp: 65508 pc: 5212        N: 0 Z: 1 V: 0 C: 0      
5212:   sob r2, 5204.                 src: 8         dst: 68        r0: 5 r1: 3367 r2: 7 r3: 26368 r4: 103 r5: 65514 sp: 65508 pc: 5204        N: 0 Z: 1 V: 0 C: 0      
5204:   movb (r1)+, r4                src: 101       dst: 103       r0: 5 r1: 3368 r2: 7 r3: 26368 r4: 101 r5: 65514 sp: 65508 pc: 5206        N: 0 Z: 0 V: 0 C: 0      
5206:   beq 5214.                     src: 2562                     r0: 5 r1: 3368 r2: 7 r3: 26368 r4: 101 r5: 65514 sp: 65508 pc: 5208        N: 0 Z: 0 V: 0 C: 0      
5208:   add r4, r3                    src: 101       dst: 26368     r0: 5 r1: 3368 r2: 7 r3: 26469 r4: 101 r5: 65514 sp: 65508 pc: 5210        N: 0 Z: 0 V: 0 C: 0      
5210:   swab r3                       src: 26469                    r0: 5 r1: 3368 r2: 7 r3: 25959 r4: 101 r5: 65514 sp: 65508 pc: 5212        N: 0 Z: 0 V: 0 C: 0      
5212:   sob r2, 5204.                 src: 7         dst: 68        r0: 5 r1: 3368 r2: 6 r3: 25959 r4: 101 r5: 65514 sp: 65508 pc: 5204        N: 0 Z: 0 V: 0 C: 0      
5204:   movb (r1)+, r4                src: 116       dst: 101       r0: 5 r1: 3369 r2: 6 r3: 25959 r4: 116 r5: 65514 sp: 65508 pc: 5206        N: 0 Z: 0 V: 0 C: 0      
5206:   beq 5214.                     src: 2562                     r0: 5 r1: 3369 r2: 6 r3: 25959 r4: 116 r5: 65514 sp: 65508 pc: 5208        N: 0 Z: 0 V: 0 C: 0      
5208:   add r4, r3                    src: 116       dst: 25959     r0: 5 r1: 3369 r2: 6 r3: 26075 r4: 116 r5: 65514 sp: 65508 pc: 5210        N: 0 Z: 0 V: 0 C: 0      
5210:   swab r3                       src: 26075                    r0: 5 r1: 3369 r2: 6 r3: 56165 r4: 116 r5: 65514 sp: 65508 pc: 5212        N: 0 Z: 0 V: 0 C: 0      
5212:   sob r2, 5204.                 src: 6         dst: 68        r0: 5 r1: 3369 r2: 5 r3: 56165 r4: 116 r5: 65514 sp: 65508 pc: 5204        N: 0 Z: 0 V: 0 C: 0      
5204:   movb (r1)+, r4                src: 117       dst: 116       r0: 5 r1: 3370 r2: 5 r3: 56165 r4: 117 r5: 65514 sp: 65508 pc: 5206        N: 0 Z: 0 V: 0 C: 0      
5206:   beq 5214.                     src: 2562                     r0: 5 r1: 3370 r2: 5 r3: 56165 r4: 117 r5: 65514 sp: 65508 pc: 5208        N: 0 Z: 0 V: 0 C: 0      
5208:   add r4, r3                    src: 117       dst: 56165     r0: 5 r1: 3370 r2: 5 r3: 56282 r4: 117 r5: 65514 sp: 65508 pc: 5210        N: 0 Z: 0 V: 0 C: 0      
5210:   swab r3                       src: 56282                    r0: 5 r1: 3370 r2: 5 r3: 56027 r4: 117 r5: 65514 sp: 65508 pc: 5212        N: 1 Z: 0 V: 0 C: 0      
5212:   sob r2, 5204.                 src: 5         dst: 68        r0: 5 r1: 3370 r2: 4 r3: 56027 r4: 117 r5: 65514 sp: 65508 pc: 5204        N: 1 Z: 0 V: 0 C: 0      
5204:   movb (r1)+, r4                src: 105       dst: 117       r0: 5 r1: 3371 r2: 4 r3: 56027 r4: 105 r5: 65514 sp: 65508 pc: 5206        N: 0 Z: 0 V: 0 C: 0      
5206:   beq 5214.                     src: 2562                     r0: 5 r1: 3371 r2: 4 r3: 56027 r4: 105 r5: 65514 sp: 65508 pc: 5208        N: 0 Z: 0 V: 0 C: 0      
5208:   add r4, r3                    src: 105       dst: 56027     r0: 5 r1: 3371 r2: 4 r3: 56132 r4: 105 r5: 65514 sp: 65508 pc: 5210        N: 0 Z: 0 V: 0 C: 0      
5210:   swab r3                       src: 56132                    r0: 5 r1: 3371 r2: 4 r3: 17627 r4: 105 r5: 65514 sp: 65508 pc: 5212        N: 1 Z: 0 V: 0 C: 0      
5212:   sob r2, 5204.                 src: 4         dst: 68        r0: 5 r1: 3371 r2: 3 r3: 17627 r4: 105 r5: 65514 sp: 65508 pc: 5204        N: 1 Z: 0 V: 0 C: 0      
5204:   movb (r1)+, r4                src: 100       dst: 105       r0: 5 r1: 3372 r2: 3 r3: 17627 r4: 100 r5: 65514 sp: 65508 pc: 5206        N: 0 Z: 0 V: 0 C: 0      
5206:   beq 5214.                     src: 2562                     r0: 5 r1: 3372 r2: 3 r3: 17627 r4: 100 r5: 65514 sp: 65508 pc: 5208        N: 0 Z: 0 V: 0 C: 0      
5208:   add r4, r3                    src: 100       dst: 17627     r0: 5 r1: 3372 r2: 3 r3: 17727 r4: 100 r5: 65514 sp: 65508 pc: 5210        N: 0 Z: 0 V: 0 C: 0      
5210:   swab r3                       src: 17727                    r0: 5 r1: 3372 r2: 3 r3: 16197 r4: 100 r5: 65514 sp: 65508 pc: 5212        N: 0 Z: 0 V: 0 C: 0      
5212:   sob r2, 5204.                 src: 3         dst: 68        r0: 5 r1: 3372 r2: 2 r3: 16197 r4: 100 r5: 65514 sp: 65508 pc: 5204        N: 0 Z: 0 V: 0 C: 0      
5204:   movb (r1)+, r4                src: 0         dst: 100       r0: 5 r1: 3373 r2: 2 r3: 16197 r4: 0 r5: 65514 sp: 65508 pc: 5206          N: 0 Z: 1 V: 0 C: 0      
5206:   beq 5214.                     src: 2562                     r0: 5 r1: 3373 r2: 2 r3: 16197 r4: 0 r5: 65514 sp: 65508 pc: 5214          N: 0 Z: 1 V: 0 C: 0      
5214:   clr r2                        src: 2                        r0: 5 r1: 3373 r2: 0 r3: 16197 r4: 0 r5: 65514 sp: 65508 pc: 5216          N: 0 Z: 1 V: 0 C: 0      
5216:   div $hshsiz, r2               src: 1553      dst: 0         r0: 5 r1: 3373 r2: 10 r3: 667 r4: 0 r5: 65514 sp: 65508 pc: 5220           N: 0 Z: 0 V: 0 C: 0      
5220:   ashc $1., r2                  src: 1         dst: 10        r0: 5 r1: 3373 r2: 20 r3: 1334 r4: 0 r5: 65514 sp: 65508 pc: 5224          N: 0 Z: 0 V: 0 C: 0      
5224:   add $hshtab, r3               src: 5722      dst: 1334      r0: 5 r1: 3373 r2: 20 r3: 7056 r4: 0 r5: 65514 sp: 65508 pc: 5228          N: 0 Z: 0 V: 0 C: 0      
5228:   sub r2, r3                    src: 20        dst: 7056      r0: 5 r1: 3373 r2: 20 r3: 7036 r4: 0 r5: 65514 sp: 65508 pc: 5230          N: 0 Z: 0 V: 0 C: 0      
5230:   cmp r3, $hshtab               src: 7036      dst: 5722      r0: 5 r1: 3373 r2: 20 r3: 7036 r4: 0 r5: 65514 sp: 65508 pc: 5234          N: 0 Z: 0 V: 0 C: 0      
5234:   bhi 5240.                     src: 3043                     r0: 5 r1: 3373 r2: 20 r3: 7036 r4: 0 r5: 65514 sp: 65508 pc: 5240          N: 0 Z: 0 V: 0 C: 0      
5240:   tst -(r3)                     src: 0                        r0: 5 r1: 3373 r2: 20 r3: 7034 r4: 0 r5: 65514 sp: 65508 pc: 5242          N: 0 Z: 1 V: 0 C: 0      
5242:   bne 5228.                     src: 57475                    r0: 5 r1: 3373 r2: 20 r3: 7034 r4: 0 r5: 65514 sp: 65508 pc: 5244          N: 0 Z: 1 V: 0 C: 0      
5244:   mov (sp)+, r1                 src: 3366      dst: 3373      r0: 5 r1: 3366 r2: 20 r3: 7034 r4: 0 r5: 65514 sp: 65510 pc: 5246          N: 0 Z: 0 V: 0 C: 0      
5246:   mov r1, (r3)                  src: 3366      dst: 0         r0: 5 r1: 3366 r2: 20 r3: 7034 r4: 0 r5: 65514 sp: 65510 pc: 5248          N: 0 Z: 0 V: 0 C: 0      
5248:   add $12., r1                  src: 12        dst: 3366      r0: 5 r1: 3378 r2: 20 r3: 7034 r4: 0 r5: 65514 sp: 65510 pc: 5252          N: 0 Z: 0 V: 0 C: 0      
5252:   cmp r1, $ebsymtab             src: 3378      dst: 5118      r0: 5 r1: 3378 r2: 20 r3: 7034 r4: 0 r5: 65514 sp: 65510 pc: 5256          N: 1 Z: 0 V: 0 C: 1      
5256:   bcs 5196.                     src: 2563                     r0: 5 r1: 3378 r2: 20 r3: 7034 r4: 0 r5: 65514 sp: 65510 pc: 5196          N: 1 Z: 0 V: 0 C: 1      
5196:   clr r3                        src: 7034                     r0: 5 r1: 3378 r2: 20 r3: 0 r4: 0 r5: 65514 sp: 65510 pc: 5198             N: 0 Z: 1 V: 0 C: 0      
5198:   mov $8., r2                   src: 8         dst: 20        r0: 5 r1: 3378 r2: 8 r3: 0 r4: 0 r5: 65514 sp: 65510 pc: 5202              N: 0 Z: 0 V: 0 C: 0      
5202:   mov r1, -(sp)                 src: 3378      dst: 3366      r0: 5 r1: 3378 r2: 8 r3: 0 r4: 0 r5: 65514 sp: 65508 pc: 5204              N: 0 Z: 0 V: 0 C: 0      
5204:   movb (r1)+, r4                src: 115       dst: 0         r0: 5 r1: 3379 r2: 8 r3: 0 r4: 115 r5: 65514 sp: 65508 pc: 5206            N: 0 Z: 0 V: 0 C: 0      
5206:   beq 5214.                     src: 2562                     r0: 5 r1: 3379 r2: 8 r3: 0 r4: 115 r5: 65514 sp: 65508 pc: 5208            N: 0 Z: 0 V: 0 C: 0      
5208:   add r4, r3                    src: 115       dst: 0         r0: 5 r1: 3379 r2: 8 r3: 115 r4: 115 r5: 65514 sp: 65508 pc: 5210          N: 0 Z: 0 V: 0 C: 0      
5210:   swab r3                       src: 115                      r0: 5 r1: 3379 r2: 8 r3: 29440 r4: 115 r5: 65514 sp: 65508 pc: 5212        N: 0 Z: 1 V: 0 C: 0      
5212:   sob r2, 5204.                 src: 8         dst: 68        r0: 5 r1: 3379 r2: 7 r3: 29440 r4: 115 r5: 65514 sp: 65508 pc: 5204        N: 0 Z: 1 V: 0 C: 0      
5204:   movb (r1)+, r4                src: 116       dst: 115       r0: 5 r1: 3380 r2: 7 r3: 29440 r4: 116 r5: 65514 sp: 65508 pc: 5206        N: 0 Z: 0 V: 0 C: 0      
5206:   beq 5214.                     src: 2562                     r0: 5 r1: 3380 r2: 7 r3: 29440 r4: 116 r5: 65514 sp: 65508 pc: 5208        N: 0 Z: 0 V: 0 C: 0      
5208:   add r4, r3                    src: 116       dst: 29440     r0: 5 r1: 3380 r2: 7 r3: 29556 r4: 116 r5: 65514 sp: 65508 pc: 5210        N: 0 Z: 0 V: 0 C: 0      
5210:   swab r3                       src: 29556                    r0: 5 r1: 3380 r2: 7 r3: 29811 r4: 116 r5: 65514 sp: 65508 pc: 5212        N: 0 Z: 0 V: 0 C: 0      
5212:   sob r2, 5204.                 src: 7         dst: 68        r0: 5 r1: 3380 r2: 6 r3: 29811 r4: 116 r5: 65514 sp: 65508 pc: 5204        N: 0 Z: 0 V: 0 C: 0      
5204:   movb (r1)+, r4                src: 105       dst: 116       r0: 5 r1: 3381 r2: 6 r3: 29811 r4: 105 r5: 65514 sp: 65508 pc: 5206        N: 0 Z: 0 V: 0 C: 0      
5206:   beq 5214.                     src: 2562                     r0: 5 r1: 3381 r2: 6 r3: 29811 r4: 105 r5: 65514 sp: 65508 pc: 5208        N: 0 Z: 0 V: 0 C: 0      
5208:   add r4, r3                    src: 105       dst: 29811     r0: 5 r1: 3381 r2: 6 r3: 29916 r4: 105 r5: 65514 sp: 65508 pc: 5210        N: 0 Z: 0 V: 0 C: 0      
5210:   swab r3                       src: 29916                    r0: 5 r1: 3381 r2: 6 r3: 56436 r4: 105 r5: 65514 sp: 65508 pc: 5212        N: 0 Z: 0 V: 0 C: 0      
5212:   sob r2, 5204.                 src: 6         dst: 68        r0: 5 r1: 3381 r2: 5 r3: 56436 r4: 105 r5: 65514 sp: 65508 pc: 5204        N: 0 Z: 0 V: 0 C: 0      
5204:   movb (r1)+, r4                src: 109       dst: 105       r0: 5 r1: 3382 r2: 5 r3: 56436 r4: 109 r5: 65514 sp: 65508 pc: 5206        N: 0 Z: 0 V: 0 C: 0      
5206:   beq 5214.                     src: 2562                     r0: 5 r1: 3382 r2: 5 r3: 56436 r4: 109 r5: 65514 sp: 65508 pc: 5208        N: 0 Z: 0 V: 0 C: 0      
5208:   add r4, r3                    src: 109       dst: 56436     r0: 5 r1: 3382 r2: 5 r3: 56545 r4: 109 r5: 65514 sp: 65508 pc: 5210        N: 0 Z: 0 V: 0 C: 0      
5210:   swab r3                       src: 56545                    r0: 5 r1: 3382 r2: 5 r3: 57820 r4: 109 r5: 65514 sp: 65508 pc: 5212        N: 1 Z: 0 V: 0 C: 0      
5212:   sob r2, 5204.                 src: 5         dst: 68        r0: 5 r1: 3382 r2: 4 r3: 57820 r4: 109 r5: 65514 sp: 65508 pc: 5204        N: 1 Z: 0 V: 0 C: 0      
5204:   movb (r1)+, r4                src: 101       dst: 109       r0: 5 r1: 3383 r2: 4 r3: 57820 r4: 101 r5: 65514 sp: 65508 pc: 5206        N: 0 Z: 0 V: 0 C: 0      
5206:   beq 5214.                     src: 2562                     r0: 5 r1: 3383 r2: 4 r3: 57820 r4: 101 r5: 65514 sp: 65508 pc: 5208        N: 0 Z: 0 V: 0 C: 0      
5208:   add r4, r3                    src: 101       dst: 57820     r0: 5 r1: 3383 r2: 4 r3: 57921 r4: 101 r5: 65514 sp: 65508 pc: 5210        N: 0 Z: 0 V: 0 C: 0      
5210:   swab r3                       src: 57921                    r0: 5 r1: 3383 r2: 4 r3: 16866 r4: 101 r5: 65514 sp: 65508 pc: 5212        N: 1 Z: 0 V: 0 C: 0      
5212:   sob r2, 5204.                 src: 4         dst: 68        r0: 5 r1: 3383 r2: 3 r3: 16866 r4: 101 r5: 65514 sp: 65508 pc: 5204        N: 1 Z: 0 V: 0 C: 0      
5204:   movb (r1)+, r4                src: 0         dst: 101       r0: 5 r1: 3384 r2: 3 r3: 16866 r4: 0 r5: 65514 sp: 65508 pc: 5206          N: 0 Z: 1 V: 0 C: 0      
5206:   beq 5214.                     src: 2562                     r0: 5 r1: 3384 r2: 3 r3: 16866 r4: 0 r5: 65514 sp: 65508 pc: 5214          N: 0 Z: 1 V: 0 C: 0      
5214:   clr r2                        src: 3                        r0: 5 r1: 3384 r2: 0 r3: 16866 r4: 0 r5: 65514 sp: 65508 pc: 5216          N: 0 Z: 1 V: 0 C: 0      
5216:   div $hshsiz, r2               src: 1553      dst: 0         r0: 5 r1: 3384 r2: 10 r3: 1336 r4: 0 r5: 65514 sp: 65508 pc: 5220          N: 0 Z: 0 V: 0 C: 0      
5220:   ashc $1., r2                  src: 1         dst: 10        r0: 5 r1: 3384 r2: 20 r3: 2672 r4: 0 r5: 65514 sp: 65508 pc: 5224          N: 0 Z: 0 V: 0 C: 0      
5224:   add $hshtab, r3               src: 5722      dst: 2672      r0: 5 r1: 3384 r2: 20 r3: 8394 r4: 0 r5: 65514 sp: 65508 pc: 5228          N: 0 Z: 0 V: 0 C: 0      
5228:   sub r2, r3                    src: 20        dst: 8394      r0: 5 r1: 3384 r2: 20 r3: 8374 r4: 0 r5: 65514 sp: 65508 pc: 5230          N: 0 Z: 0 V: 0 C: 0      
5230:   cmp r3, $hshtab               src: 8374      dst: 5722      r0: 5 r1: 3384 r2: 20 r3: 8374 r4: 0 r5: 65514 sp: 65508 pc: 5234          N: 0 Z: 0 V: 0 C: 0      
5234:   bhi 5240.                     src: 3043                     r0: 5 r1: 3384 r2: 20 r3: 8374 r4: 0 r5: 65514 sp: 65508 pc: 5240          N: 0 Z: 0 V: 0 C: 0      
5240:   tst -(r3)                     src: 0                        r0: 5 r1: 3384 r2: 20 r3: 8372 r4: 0 r5: 65514 sp: 65508 pc: 5242          N: 0 Z: 1 V: 0 C: 0      
5242:   bne 5228.                     src: 57475                    r0: 5 r1: 3384 r2: 20 r3: 8372 r4: 0 r5: 65514 sp: 65508 pc: 5244          N: 0 Z: 1 V: 0 C: 0      
5244:   mov (sp)+, r1                 src: 3378      dst: 3384      r0: 5 r1: 3378 r2: 20 r3: 8372 r4: 0 r5: 65514 sp: 65510 pc: 5246          N: 0 Z: 0 V: 0 C: 0      
5246:   mov r1, (r3)                  src: 3378      dst: 0         r0: 5 r1: 3378 r2: 20 r3: 8372 r4: 0 r5: 65514 sp: 65510 pc: 5248          N: 0 Z: 0 V: 0 C: 0      
5248:   add $12., r1                  src: 12        dst: 3378      r0: 5 r1: 3390 r2: 20 r3: 8372 r4: 0 r5: 65514 sp: 65510 pc: 5252          N: 0 Z: 0 V: 0 C: 0      
5252:   cmp r1, $ebsymtab             src: 3390      dst: 5118      r0: 5 r1: 3390 r2: 20 r3: 8372 r4: 0 r5: 65514 sp: 65510 pc: 5256          N: 1 Z: 0 V: 0 C: 1      
5256:   bcs 5196.                     src: 2563                     r0: 5 r1: 3390 r2: 20 r3: 8372 r4: 0 r5: 65514 sp: 65510 pc: 5196          N: 1 Z: 0 V: 0 C: 1      
5196:   clr r3                        src: 8372                     r0: 5 r1: 3390 r2: 20 r3: 0 r4: 0 r5: 65514 sp: 65510 pc: 5198             N: 0 Z: 1 V: 0 C: 0      
5198:   mov $8., r2                   src: 8         dst: 20        r0: 5 r1: 3390 r2: 8 r3: 0 r4: 0 r5: 65514 sp: 65510 pc: 5202              N: 0 Z: 0 V: 0 C: 0      
5202:   mov r1, -(sp)                 src: 3390      dst: 3378      r0: 5 r1: 3390 r2: 8 r3: 0 r4: 0 r5: 65514 sp: 65508 pc: 5204              N: 0 Z: 0 V: 0 C: 0      
5204:   movb (r1)+, r4                src: 102       dst: 0         r0: 5 r1: 3391 r2: 8 r3: 0 r4: 102 r5: 65514 sp: 65508 pc: 5206            N: 0 Z: 0 V: 0 C: 0      
5206:   beq 5214.                     src: 2562                     r0: 5 r1: 3391 r2: 8 r3: 0 r4: 102 r5: 65514 sp: 65508 pc: 5208            N: 0 Z: 0 V: 0 C: 0      
5208:   add r4, r3                    src: 102       dst: 0         r0: 5 r1: 3391 r2: 8 r3: 102 r4: 102 r5: 65514 sp: 65508 pc: 5210          N: 0 Z: 0 V: 0 C: 0      
5210:   swab r3                       src: 102                      r0: 5 r1: 3391 r2: 8 r3: 26112 r4: 102 r5: 65514 sp: 65508 pc: 5212        N: 0 Z: 1 V: 0 C: 0      
5212:   sob r2, 5204.                 src: 8         dst: 68        r0: 5 r1: 3391 r2: 7 r3: 26112 r4: 102 r5: 65514 sp: 65508 pc: 5204        N: 0 Z: 1 V: 0 C: 0      
5204:   movb (r1)+, r4                src: 115       dst: 102       r0: 5 r1: 3392 r2: 7 r3: 26112 r4: 115 r5: 65514 sp: 65508 pc: 5206        N: 0 Z: 0 V: 0 C: 0      
5206:   beq 5214.                     src: 2562                     r0: 5 r1: 3392 r2: 7 r3: 26112 r4: 115 r5: 65514 sp: 65508 pc: 5208        N: 0 Z: 0 V: 0 C: 0      
5208:   add r4, r3                    src: 115       dst: 26112     r0: 5 r1: 3392 r2: 7 r3: 26227 r4: 115 r5: 65514 sp: 65508 pc: 5210        N: 0 Z: 0 V: 0 C: 0      
5210:   swab r3                       src: 26227                    r0: 5 r1: 3392 r2: 7 r3: 29542 r4: 115 r5: 65514 sp: 65508 pc: 5212        N: 0 Z: 0 V: 0 C: 0      
5212:   sob r2, 5204.                 src: 7         dst: 68        r0: 5 r1: 3392 r2: 6 r3: 29542 r4: 115 r5: 65514 sp: 65508 pc: 5204        N: 0 Z: 0 V: 0 C: 0      
5204:   movb (r1)+, r4                src: 116       dst: 115       r0: 5 r1: 3393 r2: 6 r3: 29542 r4: 116 r5: 65514 sp: 65508 pc: 5206        N: 0 Z: 0 V: 0 C: 0      
5206:   beq 5214.                     src: 2562                     r0: 5 r1: 3393 r2: 6 r3: 29542 r4: 116 r5: 65514 sp: 65508 pc: 5208        N: 0 Z: 0 V: 0 C: 0      
5208:   add r4, r3                    src: 116       dst: 29542     r0: 5 r1: 3393 r2: 6 r3: 29658 r4: 116 r5: 65514 sp: 65508 pc: 5210        N: 0 Z: 0 V: 0 C: 0      
5210:   swab r3                       src: 29658                    r0: 5 r1: 3393 r2: 6 r3: 55923 r4: 116 r5: 65514 sp: 65508 pc: 5212        N: 0 Z: 0 V: 0 C: 0      
5212:   sob r2, 5204.                 src: 6         dst: 68        r0: 5 r1: 3393 r2: 5 r3: 55923 r4: 116 r5: 65514 sp: 65508 pc: 5204        N: 0 Z: 0 V: 0 C: 0      
5204:   movb (r1)+, r4                src: 97        dst: 116       r0: 5 r1: 3394 r2: 5 r3: 55923 r4: 97 r5: 65514 sp: 65508 pc: 5206         N: 0 Z: 0 V: 0 C: 0      
5206:   beq 5214.                     src: 2562                     r0: 5 r1: 3394 r2: 5 r3: 55923 r4: 97 r5: 65514 sp: 65508 pc: 5208         N: 0 Z: 0 V: 0 C: 0      
5208:   add r4, r3                    src: 97        dst: 55923     r0: 5 r1: 3394 r2: 5 r3: 56020 r4: 97 r5: 65514 sp: 65508 pc: 5210         N: 0 Z: 0 V: 0 C: 0      
5210:   swab r3                       src: 56020                    r0: 5 r1: 3394 r2: 5 r3: 54490 r4: 97 r5: 65514 sp: 65508 pc: 5212         N: 1 Z: 0 V: 0 C: 0      
5212:   sob r2, 5204.                 src: 5         dst: 68        r0: 5 r1: 3394 r2: 4 r3: 54490 r4: 97 r5: 65514 sp: 65508 pc: 5204         N: 1 Z: 0 V: 0 C: 0      
5204:   movb (r1)+, r4                src: 116       dst: 97        r0: 5 r1: 3395 r2: 4 r3: 54490 r4: 116 r5: 65514 sp: 65508 pc: 5206        N: 0 Z: 0 V: 0 C: 0      
5206:   beq 5214.                     src: 2562                     r0: 5 r1: 3395 r2: 4 r3: 54490 r4: 116 r5: 65514 sp: 65508 pc: 5208        N: 0 Z: 0 V: 0 C: 0      
5208:   add r4, r3                    src: 116       dst: 54490     r0: 5 r1: 3395 r2: 4 r3: 54606 r4: 116 r5: 65514 sp: 65508 pc: 5210        N: 0 Z: 0 V: 0 C: 0      
5210:   swab r3                       src: 54606                    r0: 5 r1: 3395 r2: 4 r3: 20181 r4: 116 r5: 65514 sp: 65508 pc: 5212        N: 1 Z: 0 V: 0 C: 0      
5212:   sob r2, 5204.                 src: 4         dst: 68        r0: 5 r1: 3395 r2: 3 r3: 20181 r4: 116 r5: 65514 sp: 65508 pc: 5204        N: 1 Z: 0 V: 0 C: 0      
5204:   movb (r1)+, r4                src: 0         dst: 116       r0: 5 r1: 3396 r2: 3 r3: 20181 r4: 0 r5: 65514 sp: 65508 pc: 5206          N: 0 Z: 1 V: 0 C: 0      
5206:   beq 5214.                     src: 2562                     r0: 5 r1: 3396 r2: 3 r3: 20181 r4: 0 r5: 65514 sp: 65508 pc: 5214          N: 0 Z: 1 V: 0 C: 0      
5214:   clr r2                        src: 3                        r0: 5 r1: 3396 r2: 0 r3: 20181 r4: 0 r5: 65514 sp: 65508 pc: 5216          N: 0 Z: 1 V: 0 C: 0      
5216:   div $hshsiz, r2               src: 1553      dst: 0         r0: 5 r1: 3396 r2: 12 r3: 1545 r4: 0 r5: 65514 sp: 65508 pc: 5220          N: 0 Z: 0 V: 0 C: 0      
5220:   ashc $1., r2                  src: 1         dst: 12        r0: 5 r1: 3396 r2: 24 r3: 3090 r4: 0 r5: 65514 sp: 65508 pc: 5224          N: 0 Z: 0 V: 0 C: 0      
5224:   add $hshtab, r3               src: 5722      dst: 3090      r0: 5 r1: 3396 r2: 24 r3: 8812 r4: 0 r5: 65514 sp: 65508 pc: 5228          N: 0 Z: 0 V: 0 C: 0      
5228:   sub r2, r3                    src: 24        dst: 8812      r0: 5 r1: 3396 r2: 24 r3: 8788 r4: 0 r5: 65514 sp: 65508 pc: 5230          N: 0 Z: 0 V: 0 C: 0      
5230:   cmp r3, $hshtab               src: 8788      dst: 5722      r0: 5 r1: 3396 r2: 24 r3: 8788 r4: 0 r5: 65514 sp: 65508 pc: 5234          N: 0 Z: 0 V: 0 C: 0      
5234:   bhi 5240.                     src: 3043                     r0: 5 r1: 3396 r2: 24 r3: 8788 r4: 0 r5: 65514 sp: 65508 pc: 5240          N: 0 Z: 0 V: 0 C: 0      
5240:   tst -(r3)                     src: 0                        r0: 5 r1: 3396 r2: 24 r3: 8786 r4: 0 r5: 65514 sp: 65508 pc: 5242          N: 0 Z: 1 V: 0 C: 0      
5242:   bne 5228.                     src: 57475                    r0: 5 r1: 3396 r2: 24 r3: 8786 r4: 0 r5: 65514 sp: 65508 pc: 5244          N: 0 Z: 1 V: 0 C: 0      
5244:   mov (sp)+, r1                 src: 3390      dst: 3396      r0: 5 r1: 3390 r2: 24 r3: 8786 r4: 0 r5: 65514 sp: 65510 pc: 5246          N: 0 Z: 0 V: 0 C: 0      
5246:   mov r1, (r3)                  src: 3390      dst: 0         r0: 5 r1: 3390 r2: 24 r3: 8786 r4: 0 r5: 65514 sp: 65510 pc: 5248          N: 0 Z: 0 V: 0 C: 0      
5248:   add $12., r1                  src: 12        dst: 3390      r0: 5 r1: 3402 r2: 24 r3: 8786 r4: 0 r5: 65514 sp: 65510 pc: 5252          N: 0 Z: 0 V: 0 C: 0      
5252:   cmp r1, $ebsymtab             src: 3402      dst: 5118      r0: 5 r1: 3402 r2: 24 r3: 8786 r4: 0 r5: 65514 sp: 65510 pc: 5256          N: 1 Z: 0 V: 0 C: 1      
5256:   bcs 5196.                     src: 2563                     r0: 5 r1: 3402 r2: 24 r3: 8786 r4: 0 r5: 65514 sp: 65510 pc: 5196          N: 1 Z: 0 V: 0 C: 1      
5196:   clr r3                        src: 8786                     r0: 5 r1: 3402 r2: 24 r3: 0 r4: 0 r5: 65514 sp: 65510 pc: 5198             N: 0 Z: 1 V: 0 C: 0      
5198:   mov $8., r2                   src: 8         dst: 24        r0: 5 r1: 3402 r2: 8 r3: 0 r4: 0 r5: 65514 sp: 65510 pc: 5202              N: 0 Z: 0 V: 0 C: 0      
5202:   mov r1, -(sp)                 src: 3402      dst: 3390      r0: 5 r1: 3402 r2: 8 r3: 0 r4: 0 r5: 65514 sp: 65508 pc: 5204              N: 0 Z: 0 V: 0 C: 0      
5204:   movb (r1)+, r4                src: 109       dst: 0         r0: 5 r1: 3403 r2: 8 r3: 0 r4: 109 r5: 65514 sp: 65508 pc: 5206            N: 0 Z: 0 V: 0 C: 0      
5206:   beq 5214.                     src: 2562                     r0: 5 r1: 3403 r2: 8 r3: 0 r4: 109 r5: 65514 sp: 65508 pc: 5208            N: 0 Z: 0 V: 0 C: 0      
5208:   add r4, r3                    src: 109       dst: 0         r0: 5 r1: 3403 r2: 8 r3: 109 r4: 109 r5: 65514 sp: 65508 pc: 5210          N: 0 Z: 0 V: 0 C: 0      
5210:   swab r3                       src: 109                      r0: 5 r1: 3403 r2: 8 r3: 27904 r4: 109 r5: 65514 sp: 65508 pc: 5212        N: 0 Z: 1 V: 0 C: 0      
5212:   sob r2, 5204.                 src: 8         dst: 68        r0: 5 r1: 3403 r2: 7 r3: 27904 r4: 109 r5: 65514 sp: 65508 pc: 5204        N: 0 Z: 1 V: 0 C: 0      
5204:   movb (r1)+, r4                src: 100       dst: 109       r0: 5 r1: 3404 r2: 7 r3: 27904 r4: 100 r5: 65514 sp: 65508 pc: 5206        N: 0 Z: 0 V: 0 C: 0      
5206:   beq 5214.                     src: 2562                     r0: 5 r1: 3404 r2: 7 r3: 27904 r4: 100 r5: 65514 sp: 65508 pc: 5208        N: 0 Z: 0 V: 0 C: 0      
5208:   add r4, r3                    src: 100       dst: 27904     r0: 5 r1: 3404 r2: 7 r3: 28004 r4: 100 r5: 65514 sp: 65508 pc: 5210        N: 0 Z: 0 V: 0 C: 0      
5210:   swab r3                       src: 28004                    r0: 5 r1: 3404 r2: 7 r3: 25709 r4: 100 r5: 65514 sp: 65508 pc: 5212        N: 0 Z: 0 V: 0 C: 0      
5212:   sob r2, 5204.                 src: 7         dst: 68        r0: 5 r1: 3404 r2: 6 r3: 25709 r4: 100 r5: 65514 sp: 65508 pc: 5204        N: 0 Z: 0 V: 0 C: 0      
5204:   movb (r1)+, r4                src: 97        dst: 100       r0: 5 r1: 3405 r2: 6 r3: 25709 r4: 97 r5: 65514 sp: 65508 pc: 5206         N: 0 Z: 0 V: 0 C: 0      
5206:   beq 5214.                     src: 2562                     r0: 5 r1: 3405 r2: 6 r3: 25709 r4: 97 r5: 65514 sp: 65508 pc: 5208         N: 0 Z: 0 V: 0 C: 0      
5208:   add r4, r3                    src: 97        dst: 25709     r0: 5 r1: 3405 r2: 6 r3: 25806 r4: 97 r5: 65514 sp: 65508 pc: 5210         N: 0 Z: 0 V: 0 C: 0      
5210:   swab r3                       src: 25806                    r0: 5 r1: 3405 r2: 6 r3: 52836 r4: 97 r5: 65514 sp: 65508 pc: 5212         N: 0 Z: 0 V: 0 C: 0      
5212:   sob r2, 5204.                 src: 6         dst: 68        r0: 5 r1: 3405 r2: 5 r3: 52836 r4: 97 r5: 65514 sp: 65508 pc: 5204         N: 0 Z: 0 V: 0 C: 0      
5204:   movb (r1)+, r4                src: 116       dst: 97        r0: 5 r1: 3406 r2: 5 r3: 52836 r4: 116 r5: 65514 sp: 65508 pc: 5206        N: 0 Z: 0 V: 0 C: 0      
5206:   beq 5214.                     src: 2562                     r0: 5 r1: 3406 r2: 5 r3: 52836 r4: 116 r5: 65514 sp: 65508 pc: 5208        N: 0 Z: 0 V: 0 C: 0      
5208:   add r4, r3                    src: 116       dst: 52836     r0: 5 r1: 3406 r2: 5 r3: 52952 r4: 116 r5: 65514 sp: 65508 pc: 5210        N: 0 Z: 0 V: 0 C: 0      
5210:   swab r3                       src: 52952                    r0: 5 r1: 3406 r2: 5 r3: 55502 r4: 116 r5: 65514 sp: 65508 pc: 5212        N: 1 Z: 0 V: 0 C: 0      
5212:   sob r2, 5204.                 src: 5         dst: 68        r0: 5 r1: 3406 r2: 4 r3: 55502 r4: 116 r5: 65514 sp: 65508 pc: 5204        N: 1 Z: 0 V: 0 C: 0      
5204:   movb (r1)+, r4                src: 101       dst: 116       r0: 5 r1: 3407 r2: 4 r3: 55502 r4: 101 r5: 65514 sp: 65508 pc: 5206        N: 0 Z: 0 V: 0 C: 0      
5206:   beq 5214.                     src: 2562                     r0: 5 r1: 3407 r2: 4 r3: 55502 r4: 101 r5: 65514 sp: 65508 pc: 5208        N: 0 Z: 0 V: 0 C: 0      
5208:   add r4, r3                    src: 101       dst: 55502     r0: 5 r1: 3407 r2: 4 r3: 55603 r4: 101 r5: 65514 sp: 65508 pc: 5210        N: 0 Z: 0 V: 0 C: 0      
5210:   swab r3                       src: 55603                    r0: 5 r1: 3407 r2: 4 r3: 13273 r4: 101 r5: 65514 sp: 65508 pc: 5212        N: 1 Z: 0 V: 0 C: 0      
5212:   sob r2, 5204.                 src: 4         dst: 68        r0: 5 r1: 3407 r2: 3 r3: 13273 r4: 101 r5: 65514 sp: 65508 pc: 5204        N: 1 Z: 0 V: 0 C: 0      
5204:   movb (r1)+, r4                src: 0         dst: 101       r0: 5 r1: 3408 r2: 3 r3: 13273 r4: 0 r5: 65514 sp: 65508 pc: 5206          N: 0 Z: 1 V: 0 C: 0      
5206:   beq 5214.                     src: 2562                     r0: 5 r1: 3408 r2: 3 r3: 13273 r4: 0 r5: 65514 sp: 65508 pc: 5214          N: 0 Z: 1 V: 0 C: 0      
5214:   clr r2                        src: 3                        r0: 5 r1: 3408 r2: 0 r3: 13273 r4: 0 r5: 65514 sp: 65508 pc: 5216          N: 0 Z: 1 V: 0 C: 0      
5216:   div $hshsiz, r2               src: 1553      dst: 0         r0: 5 r1: 3408 r2: 8 r3: 849 r4: 0 r5: 65514 sp: 65508 pc: 5220            N: 0 Z: 0 V: 0 C: 0      
5220:   ashc $1., r2                  src: 1         dst: 8         r0: 5 r1: 3408 r2: 16 r3: 1698 r4: 0 r5: 65514 sp: 65508 pc: 5224          N: 0 Z: 0 V: 0 C: 0      
5224:   add $hshtab, r3               src: 5722      dst: 1698      r0: 5 r1: 3408 r2: 16 r3: 7420 r4: 0 r5: 65514 sp: 65508 pc: 5228          N: 0 Z: 0 V: 0 C: 0      
5228:   sub r2, r3                    src: 16        dst: 7420      r0: 5 r1: 3408 r2: 16 r3: 7404 r4: 0 r5: 65514 sp: 65508 pc: 5230          N: 0 Z: 0 V: 0 C: 0      
5230:   cmp r3, $hshtab               src: 7404      dst: 5722      r0: 5 r1: 3408 r2: 16 r3: 7404 r4: 0 r5: 65514 sp: 65508 pc: 5234          N: 0 Z: 0 V: 0 C: 0      
5234:   bhi 5240.                     src: 3043                     r0: 5 r1: 3408 r2: 16 r3: 7404 r4: 0 r5: 65514 sp: 65508 pc: 5240          N: 0 Z: 0 V: 0 C: 0      
5240:   tst -(r3)                     src: 2                        r0: 5 r1: 3408 r2: 16 r3: 7402 r4: 0 r5: 65514 sp: 65508 pc: 5242          N: 0 Z: 0 V: 0 C: 0      
5242:   bne 5228.                     src: 57475                    r0: 5 r1: 3408 r2: 16 r3: 7402 r4: 0 r5: 65514 sp: 65508 pc: 5228          N: 0 Z: 0 V: 0 C: 0      
5228:   sub r2, r3                    src: 16        dst: 7402      r0: 5 r1: 3408 r2: 16 r3: 7386 r4: 0 r5: 65514 sp: 65508 pc: 5230          N: 0 Z: 0 V: 0 C: 0      
5230:   cmp r3, $hshtab               src: 7386      dst: 5722      r0: 5 r1: 3408 r2: 16 r3: 7386 r4: 0 r5: 65514 sp: 65508 pc: 5234          N: 0 Z: 0 V: 0 C: 0      
5234:   bhi 5240.                     src: 3043                     r0: 5 r1: 3408 r2: 16 r3: 7386 r4: 0 r5: 65514 sp: 65508 pc: 5240          N: 0 Z: 0 V: 0 C: 0      
5240:   tst -(r3)                     src: 2                        r0: 5 r1: 3408 r2: 16 r3: 7384 r4: 0 r5: 65514 sp: 65508 pc: 5242          N: 0 Z: 0 V: 0 C: 0      
5242:   bne 5228.                     src: 57475                    r0: 5 r1: 3408 r2: 16 r3: 7384 r4: 0 r5: 65514 sp: 65508 pc: 5228          N: 0 Z: 0 V: 0 C: 0      
5228:   sub r2, r3                    src: 16        dst: 7384      r0: 5 r1: 3408 r2: 16 r3: 7368 r4: 0 r5: 65514 sp: 65508 pc: 5230          N: 0 Z: 0 V: 0 C: 0      
5230:   cmp r3, $hshtab               src: 7368      dst: 5722      r0: 5 r1: 3408 r2: 16 r3: 7368 r4: 0 r5: 65514 sp: 65508 pc: 5234          N: 0 Z: 0 V: 0 C: 0      
5234:   bhi 5240.                     src: 3043                     r0: 5 r1: 3408 r2: 16 r3: 7368 r4: 0 r5: 65514 sp: 65508 pc: 5240          N: 0 Z: 0 V: 0 C: 0      
5240:   tst -(r3)                     src: 2                        r0: 5 r1: 3408 r2: 16 r3: 7366 r4: 0 r5: 65514 sp: 65508 pc: 5242          N: 0 Z: 0 V: 0 C: 0      
5242:   bne 5228.                     src: 57475                    r0: 5 r1: 3408 r2: 16 r3: 7366 r4: 0 r5: 65514 sp: 65508 pc: 5228          N: 0 Z: 0 V: 0 C: 0      
5228:   sub r2, r3                    src: 16        dst: 7366      r0: 5 r1: 3408 r2: 16 r3: 7350 r4: 0 r5: 65514 sp: 65508 pc: 5230          N: 0 Z: 0 V: 0 C: 0      
5230:   cmp r3, $hshtab               src: 7350      dst: 5722      r0: 5 r1: 3408 r2: 16 r3: 7350 r4: 0 r5: 65514 sp: 65508 pc: 5234          N: 0 Z: 0 V: 0 C: 0      
5234:   bhi 5240.                     src: 3043                     r0: 5 r1: 3408 r2: 16 r3: 7350 r4: 0 r5: 65514 sp: 65508 pc: 5240          N: 0 Z: 0 V: 0 C: 0      
5240:   tst -(r3)                     src: 0                        r0: 5 r1: 3408 r2: 16 r3: 7348 r4: 0 r5: 65514 sp: 65508 pc: 5242          N: 0 Z: 1 V: 0 C: 0      
5242:   bne 5228.                     src: 57475                    r0: 5 r1: 3408 r2: 16 r3: 7348 r4: 0 r5: 65514 sp: 65508 pc: 5244          N: 0 Z: 1 V: 0 C: 0      
5244:   mov (sp)+, r1                 src: 3402      dst: 3408      r0: 5 r1: 3402 r2: 16 r3: 7348 r4: 0 r5: 65514 sp: 65510 pc: 5246          N: 0 Z: 0 V: 0 C: 0      
5246:   mov r1, (r3)                  src: 3402      dst: 0         r0: 5 r1: 3402 r2: 16 r3: 7348 r4: 0 r5: 65514 sp: 65510 pc: 5248          N: 0 Z: 0 V: 0 C: 0      
5248:   add $12., r1                  src: 12        dst: 3402      r0: 5 r1: 3414 r2: 16 r3: 7348 r4: 0 r5: 65514 sp: 65510 pc: 5252          N: 0 Z: 0 V: 0 C: 0      
5252:   cmp r1, $ebsymtab             src: 3414      dst: 5118      r0: 5 r1: 3414 r2: 16 r3: 7348 r4: 0 r5: 65514 sp: 65510 pc: 5256          N: 1 Z: 0 V: 0 C: 1      
5256:   bcs 5196.                     src: 2563                     r0: 5 r1: 3414 r2: 16 r3: 7348 r4: 0 r5: 65514 sp: 65510 pc: 5196          N: 1 Z: 0 V: 0 C: 1      
5196:   clr r3                        src: 7348                     r0: 5 r1: 3414 r2: 16 r3: 0 r4: 0 r5: 65514 sp: 65510 pc: 5198             N: 0 Z: 1 V: 0 C: 0      
5198:   mov $8., r2                   src: 8         dst: 16        r0: 5 r1: 3414 r2: 8 r3: 0 r4: 0 r5: 65514 sp: 65510 pc: 5202              N: 0 Z: 0 V: 0 C: 0      
5202:   mov r1, -(sp)                 src: 3414      dst: 3402      r0: 5 r1: 3414 r2: 8 r3: 0 r4: 0 r5: 65514 sp: 65508 pc: 5204              N: 0 Z: 0 V: 0 C: 0      
5204:   movb (r1)+, r4                src: 115       dst: 0         r0: 5 r1: 3415 r2: 8 r3: 0 r4: 115 r5: 65514 sp: 65508 pc: 5206            N: 0 Z: 0 V: 0 C: 0      
5206:   beq 5214.                     src: 2562                     r0: 5 r1: 3415 r2: 8 r3: 0 r4: 115 r5: 65514 sp: 65508 pc: 5208            N: 0 Z: 0 V: 0 C: 0      
5208:   add r4, r3                    src: 115       dst: 0         r0: 5 r1: 3415 r2: 8 r3: 115 r4: 115 r5: 65514 sp: 65508 pc: 5210          N: 0 Z: 0 V: 0 C: 0      
5210:   swab r3                       src: 115                      r0: 5 r1: 3415 r2: 8 r3: 29440 r4: 115 r5: 65514 sp: 65508 pc: 5212        N: 0 Z: 1 V: 0 C: 0      
5212:   sob r2, 5204.                 src: 8         dst: 68        r0: 5 r1: 3415 r2: 7 r3: 29440 r4: 115 r5: 65514 sp: 65508 pc: 5204        N: 0 Z: 1 V: 0 C: 0      
5204:   movb (r1)+, r4                src: 116       dst: 115       r0: 5 r1: 3416 r2: 7 r3: 29440 r4: 116 r5: 65514 sp: 65508 pc: 5206        N: 0 Z: 0 V: 0 C: 0      
5206:   beq 5214.                     src: 2562                     r0: 5 r1: 3416 r2: 7 r3: 29440 r4: 116 r5: 65514 sp: 65508 pc: 5208        N: 0 Z: 0 V: 0 C: 0      
5208:   add r4, r3                    src: 116       dst: 29440     r0: 5 r1: 3416 r2: 7 r3: 29556 r4: 116 r5: 65514 sp: 65508 pc: 5210        N: 0 Z: 0 V: 0 C: 0      
5210:   swab r3                       src: 29556                    r0: 5 r1: 3416 r2: 7 r3: 29811 r4: 116 r5: 65514 sp: 65508 pc: 5212        N: 0 Z: 0 V: 0 C: 0      
5212:   sob r2, 5204.                 src: 7         dst: 68        r0: 5 r1: 3416 r2: 6 r3: 29811 r4: 116 r5: 65514 sp: 65508 pc: 5204        N: 0 Z: 0 V: 0 C: 0      
5204:   movb (r1)+, r4                src: 116       dst: 116       r0: 5 r1: 3417 r2: 6 r3: 29811 r4: 116 r5: 65514 sp: 65508 pc: 5206        N: 0 Z: 0 V: 0 C: 0      
5206:   beq 5214.                     src: 2562                     r0: 5 r1: 3417 r2: 6 r3: 29811 r4: 116 r5: 65514 sp: 65508 pc: 5208        N: 0 Z: 0 V: 0 C: 0      
5208:   add r4, r3                    src: 116       dst: 29811     r0: 5 r1: 3417 r2: 6 r3: 29927 r4: 116 r5: 65514 sp: 65508 pc: 5210        N: 0 Z: 0 V: 0 C: 0      
5210:   swab r3                       src: 29927                    r0: 5 r1: 3417 r2: 6 r3: 59252 r4: 116 r5: 65514 sp: 65508 pc: 5212        N: 0 Z: 0 V: 0 C: 0      
5212:   sob r2, 5204.                 src: 6         dst: 68        r0: 5 r1: 3417 r2: 5 r3: 59252 r4: 116 r5: 65514 sp: 65508 pc: 5204        N: 0 Z: 0 V: 0 C: 0      
5204:   movb (r1)+, r4                src: 121       dst: 116       r0: 5 r1: 3418 r2: 5 r3: 59252 r4: 121 r5: 65514 sp: 65508 pc: 5206        N: 0 Z: 0 V: 0 C: 0      
5206:   beq 5214.                     src: 2562                     r0: 5 r1: 3418 r2: 5 r3: 59252 r4: 121 r5: 65514 sp: 65508 pc: 5208        N: 0 Z: 0 V: 0 C: 0      
5208:   add r4, r3                    src: 121       dst: 59252     r0: 5 r1: 3418 r2: 5 r3: 59373 r4: 121 r5: 65514 sp: 65508 pc: 5210        N: 0 Z: 0 V: 0 C: 0      
5210:   swab r3                       src: 59373                    r0: 5 r1: 3418 r2: 5 r3: 60903 r4: 121 r5: 65514 sp: 65508 pc: 5212        N: 1 Z: 0 V: 0 C: 0      
5212:   sob r2, 5204.                 src: 5         dst: 68        r0: 5 r1: 3418 r2: 4 r3: 60903 r4: 121 r5: 65514 sp: 65508 pc: 5204        N: 1 Z: 0 V: 0 C: 0      
5204:   movb (r1)+, r4                src: 0         dst: 121       r0: 5 r1: 3419 r2: 4 r3: 60903 r4: 0 r5: 65514 sp: 65508 pc: 5206          N: 0 Z: 1 V: 0 C: 0      
5206:   beq 5214.                     src: 2562                     r0: 5 r1: 3419 r2: 4 r3: 60903 r4: 0 r5: 65514 sp: 65508 pc: 5214          N: 0 Z: 1 V: 0 C: 0      
5214:   clr r2                        src: 4                        r0: 5 r1: 3419 r2: 0 r3: 60903 r4: 0 r5: 65514 sp: 65508 pc: 5216          N: 0 Z: 1 V: 0 C: 0      
5216:   div $hshsiz, r2               src: 1553      dst: 0         r0: 5 r1: 3419 r2: 39 r3: 336 r4: 0 r5: 65514 sp: 65508 pc: 5220           N: 0 Z: 0 V: 0 C: 0      
5220:   ashc $1., r2                  src: 1         dst: 39        r0: 5 r1: 3419 r2: 78 r3: 672 r4: 0 r5: 65514 sp: 65508 pc: 5224           N: 0 Z: 0 V: 0 C: 0      
5224:   add $hshtab, r3               src: 5722      dst: 672       r0: 5 r1: 3419 r2: 78 r3: 6394 r4: 0 r5: 65514 sp: 65508 pc: 5228          N: 0 Z: 0 V: 0 C: 0      
5228:   sub r2, r3                    src: 78        dst: 6394      r0: 5 r1: 3419 r2: 78 r3: 6316 r4: 0 r5: 65514 sp: 65508 pc: 5230          N: 0 Z: 0 V: 0 C: 0      
5230:   cmp r3, $hshtab               src: 6316      dst: 5722      r0: 5 r1: 3419 r2: 78 r3: 6316 r4: 0 r5: 65514 sp: 65508 pc: 5234          N: 0 Z: 0 V: 0 C: 0      
5234:   bhi 5240.                     src: 3043                     r0: 5 r1: 3419 r2: 78 r3: 6316 r4: 0 r5: 65514 sp: 65508 pc: 5240          N: 0 Z: 0 V: 0 C: 0      
5240:   tst -(r3)                     src: 1                        r0: 5 r1: 3419 r2: 78 r3: 6314 r4: 0 r5: 65514 sp: 65508 pc: 5242          N: 0 Z: 0 V: 0 C: 0      
5242:   bne 5228.                     src: 57475                    r0: 5 r1: 3419 r2: 78 r3: 6314 r4: 0 r5: 65514 sp: 65508 pc: 5228          N: 0 Z: 0 V: 0 C: 0      
5228:   sub r2, r3                    src: 78        dst: 6314      r0: 5 r1: 3419 r2: 78 r3: 6236 r4: 0 r5: 65514 sp: 65508 pc: 5230          N: 0 Z: 0 V: 0 C: 0      
5230:   cmp r3, $hshtab               src: 6236      dst: 5722      r0: 5 r1: 3419 r2: 78 r3: 6236 r4: 0 r5: 65514 sp: 65508 pc: 5234          N: 0 Z: 0 V: 0 C: 0      
5234:   bhi 5240.                     src: 3043                     r0: 5 r1: 3419 r2: 78 r3: 6236 r4: 0 r5: 65514 sp: 65508 pc: 5240          N: 0 Z: 0 V: 0 C: 0      
5240:   tst -(r3)                     src: 1                        r0: 5 r1: 3419 r2: 78 r3: 6234 r4: 0 r5: 65514 sp: 65508 pc: 5242          N: 0 Z: 0 V: 0 C: 0      
5242:   bne 5228.                     src: 57475                    r0: 5 r1: 3419 r2: 78 r3: 6234 r4: 0 r5: 65514 sp: 65508 pc: 5228          N: 0 Z: 0 V: 0 C: 0      
5228:   sub r2, r3                    src: 78        dst: 6234      r0: 5 r1: 3419 r2: 78 r3: 6156 r4: 0 r5: 65514 sp: 65508 pc: 5230          N: 0 Z: 0 V: 0 C: 0      
5230:   cmp r3, $hshtab               src: 6156      dst: 5722      r0: 5 r1: 3419 r2: 78 r3: 6156 r4: 0 r5: 65514 sp: 65508 pc: 5234          N: 0 Z: 0 V: 0 C: 0      
5234:   bhi 5240.                     src: 3043                     r0: 5 r1: 3419 r2: 78 r3: 6156 r4: 0 r5: 65514 sp: 65508 pc: 5240          N: 0 Z: 0 V: 0 C: 0      
5240:   tst -(r3)                     src: 3006                     r0: 5 r1: 3419 r2: 78 r3: 6154 r4: 0 r5: 65514 sp: 65508 pc: 5242          N: 0 Z: 0 V: 0 C: 0      
5242:   bne 5228.                     src: 57475                    r0: 5 r1: 3419 r2: 78 r3: 6154 r4: 0 r5: 65514 sp: 65508 pc: 5228          N: 0 Z: 0 V: 0 C: 0      
5228:   sub r2, r3                    src: 78        dst: 6154      r0: 5 r1: 3419 r2: 78 r3: 6076 r4: 0 r5: 65514 sp: 65508 pc: 5230          N: 0 Z: 0 V: 0 C: 0      
5230:   cmp r3, $hshtab               src: 6076      dst: 5722      r0: 5 r1: 3419 r2: 78 r3: 6076 r4: 0 r5: 65514 sp: 65508 pc: 5234          N: 0 Z: 0 V: 0 C: 0      
5234:   bhi 5240.                     src: 3043                     r0: 5 r1: 3419 r2: 78 r3: 6076 r4: 0 r5: 65514 sp: 65508 pc: 5240          N: 0 Z: 0 V: 0 C: 0      
5240:   tst -(r3)                     src: 0                        r0: 5 r1: 3419 r2: 78 r3: 6074 r4: 0 r5: 65514 sp: 65508 pc: 5242          N: 0 Z: 1 V: 0 C: 0      
5242:   bne 5228.                     src: 57475                    r0: 5 r1: 3419 r2: 78 r3: 6074 r4: 0 r5: 65514 sp: 65508 pc: 5244          N: 0 Z: 1 V: 0 C: 0      
5244:   mov (sp)+, r1                 src: 3414      dst: 3419      r0: 5 r1: 3414 r2: 78 r3: 6074 r4: 0 r5: 65514 sp: 65510 pc: 5246          N: 0 Z: 0 V: 0 C: 0      
5246:   mov r1, (r3)                  src: 3414      dst: 0         r0: 5 r1: 3414 r2: 78 r3: 6074 r4: 0 r5: 65514 sp: 65510 pc: 5248          N: 0 Z: 0 V: 0 C: 0      
5248:   add $12., r1                  src: 12        dst: 3414      r0: 5 r1: 3426 r2: 78 r3: 6074 r4: 0 r5: 65514 sp: 65510 pc: 5252          N: 0 Z: 0 V: 0 C: 0      
5252:   cmp r1, $ebsymtab             src: 3426      dst: 5118      r0: 5 r1: 3426 r2: 78 r3: 6074 r4: 0 r5: 65514 sp: 65510 pc: 5256          N: 1 Z: 0 V: 0 C: 1      
5256:   bcs 5196.                     src: 2563                     r0: 5 r1: 3426 r2: 78 r3: 6074 r4: 0 r5: 65514 sp: 65510 pc: 5196          N: 1 Z: 0 V: 0 C: 1      
5196:   clr r3                        src: 6074                     r0: 5 r1: 3426 r2: 78 r3: 0 r4: 0 r5: 65514 sp: 65510 pc: 5198             N: 0 Z: 1 V: 0 C: 0      
5198:   mov $8., r2                   src: 8         dst: 78        r0: 5 r1: 3426 r2: 8 r3: 0 r4: 0 r5: 65514 sp: 65510 pc: 5202              N: 0 Z: 0 V: 0 C: 0      
5202:   mov r1, -(sp)                 src: 3426      dst: 3414      r0: 5 r1: 3426 r2: 8 r3: 0 r4: 0 r5: 65514 sp: 65508 pc: 5204              N: 0 Z: 0 V: 0 C: 0      
5204:   movb (r1)+, r4                src: 103       dst: 0         r0: 5 r1: 3427 r2: 8 r3: 0 r4: 103 r5: 65514 sp: 65508 pc: 5206            N: 0 Z: 0 V: 0 C: 0      
5206:   beq 5214.                     src: 2562                     r0: 5 r1: 3427 r2: 8 r3: 0 r4: 103 r5: 65514 sp: 65508 pc: 5208            N: 0 Z: 0 V: 0 C: 0      
5208:   add r4, r3                    src: 103       dst: 0         r0: 5 r1: 3427 r2: 8 r3: 103 r4: 103 r5: 65514 sp: 65508 pc: 5210          N: 0 Z: 0 V: 0 C: 0      
5210:   swab r3                       src: 103                      r0: 5 r1: 3427 r2: 8 r3: 26368 r4: 103 r5: 65514 sp: 65508 pc: 5212        N: 0 Z: 1 V: 0 C: 0      
5212:   sob r2, 5204.                 src: 8         dst: 68        r0: 5 r1: 3427 r2: 7 r3: 26368 r4: 103 r5: 65514 sp: 65508 pc: 5204        N: 0 Z: 1 V: 0 C: 0      
5204:   movb (r1)+, r4                src: 116       dst: 103       r0: 5 r1: 3428 r2: 7 r3: 26368 r4: 116 r5: 65514 sp: 65508 pc: 5206        N: 0 Z: 0 V: 0 C: 0      
5206:   beq 5214.                     src: 2562                     r0: 5 r1: 3428 r2: 7 r3: 26368 r4: 116 r5: 65514 sp: 65508 pc: 5208        N: 0 Z: 0 V: 0 C: 0      
5208:   add r4, r3                    src: 116       dst: 26368     r0: 5 r1: 3428 r2: 7 r3: 26484 r4: 116 r5: 65514 sp: 65508 pc: 5210        N: 0 Z: 0 V: 0 C: 0      
5210:   swab r3                       src: 26484                    r0: 5 r1: 3428 r2: 7 r3: 29799 r4: 116 r5: 65514 sp: 65508 pc: 5212        N: 0 Z: 0 V: 0 C: 0      
5212:   sob r2, 5204.                 src: 7         dst: 68        r0: 5 r1: 3428 r2: 6 r3: 29799 r4: 116 r5: 65514 sp: 65508 pc: 5204        N: 0 Z: 0 V: 0 C: 0      
5204:   movb (r1)+, r4                src: 116       dst: 116       r0: 5 r1: 3429 r2: 6 r3: 29799 r4: 116 r5: 65514 sp: 65508 pc: 5206        N: 0 Z: 0 V: 0 C: 0      
5206:   beq 5214.                     src: 2562                     r0: 5 r1: 3429 r2: 6 r3: 29799 r4: 116 r5: 65514 sp: 65508 pc: 5208        N: 0 Z: 0 V: 0 C: 0      
5208:   add r4, r3                    src: 116       dst: 29799     r0: 5 r1: 3429 r2: 6 r3: 29915 r4: 116 r5: 65514 sp: 65508 pc: 5210        N: 0 Z: 0 V: 0 C: 0      
5210:   swab r3                       src: 29915                    r0: 5 r1: 3429 r2: 6 r3: 56180 r4: 116 r5: 65514 sp: 65508 pc: 5212        N: 0 Z: 0 V: 0 C: 0      
5212:   sob r2, 5204.                 src: 6         dst: 68        r0: 5 r1: 3429 r2: 5 r3: 56180 r4: 116 r5: 65514 sp: 65508 pc: 5204        N: 0 Z: 0 V: 0 C: 0      
5204:   movb (r1)+, r4                src: 121       dst: 116       r0: 5 r1: 3430 r2: 5 r3: 56180 r4: 121 r5: 65514 sp: 65508 pc: 5206        N: 0 Z: 0 V: 0 C: 0      
5206:   beq 5214.                     src: 2562                     r0: 5 r1: 3430 r2: 5 r3: 56180 r4: 121 r5: 65514 sp: 65508 pc: 5208        N: 0 Z: 0 V: 0 C: 0      
5208:   add r4, r3                    src: 121       dst: 56180     r0: 5 r1: 3430 r2: 5 r3: 56301 r4: 121 r5: 65514 sp: 65508 pc: 5210        N: 0 Z: 0 V: 0 C: 0      
5210:   swab r3                       src: 56301                    r0: 5 r1: 3430 r2: 5 r3: 60891 r4: 121 r5: 65514 sp: 65508 pc: 5212        N: 1 Z: 0 V: 0 C: 0      
5212:   sob r2, 5204.                 src: 5         dst: 68        r0: 5 r1: 3430 r2: 4 r3: 60891 r4: 121 r5: 65514 sp: 65508 pc: 5204        N: 1 Z: 0 V: 0 C: 0      
5204:   movb (r1)+, r4                src: 0         dst: 121       r0: 5 r1: 3431 r2: 4 r3: 60891 r4: 0 r5: 65514 sp: 65508 pc: 5206          N: 0 Z: 1 V: 0 C: 0      
5206:   beq 5214.                     src: 2562                     r0: 5 r1: 3431 r2: 4 r3: 60891 r4: 0 r5: 65514 sp: 65508 pc: 5214          N: 0 Z: 1 V: 0 C: 0      
5214:   clr r2                        src: 4                        r0: 5 r1: 3431 r2: 0 r3: 60891 r4: 0 r5: 65514 sp: 65508 pc: 5216          N: 0 Z: 1 V: 0 C: 0      
5216:   div $hshsiz, r2               src: 1553      dst: 0         r0: 5 r1: 3431 r2: 39 r3: 324 r4: 0 r5: 65514 sp: 65508 pc: 5220           N: 0 Z: 0 V: 0 C: 0      
5220:   ashc $1., r2                  src: 1         dst: 39        r0: 5 r1: 3431 r2: 78 r3: 648 r4: 0 r5: 65514 sp: 65508 pc: 5224           N: 0 Z: 0 V: 0 C: 0      
5224:   add $hshtab, r3               src: 5722      dst: 648       r0: 5 r1: 3431 r2: 78 r3: 6370 r4: 0 r5: 65514 sp: 65508 pc: 5228          N: 0 Z: 0 V: 0 C: 0      
5228:   sub r2, r3                    src: 78        dst: 6370      r0: 5 r1: 3431 r2: 78 r3: 6292 r4: 0 r5: 65514 sp: 65508 pc: 5230          N: 0 Z: 0 V: 0 C: 0      
5230:   cmp r3, $hshtab               src: 6292      dst: 5722      r0: 5 r1: 3431 r2: 78 r3: 6292 r4: 0 r5: 65514 sp: 65508 pc: 5234          N: 0 Z: 0 V: 0 C: 0      
5234:   bhi 5240.                     src: 3043                     r0: 5 r1: 3431 r2: 78 r3: 6292 r4: 0 r5: 65514 sp: 65508 pc: 5240          N: 0 Z: 0 V: 0 C: 0      
5240:   tst -(r3)                     src: 1                        r0: 5 r1: 3431 r2: 78 r3: 6290 r4: 0 r5: 65514 sp: 65508 pc: 5242          N: 0 Z: 0 V: 0 C: 0      
5242:   bne 5228.                     src: 57475                    r0: 5 r1: 3431 r2: 78 r3: 6290 r4: 0 r5: 65514 sp: 65508 pc: 5228          N: 0 Z: 0 V: 0 C: 0      
5228:   sub r2, r3                    src: 78        dst: 6290      r0: 5 r1: 3431 r2: 78 r3: 6212 r4: 0 r5: 65514 sp: 65508 pc: 5230          N: 0 Z: 0 V: 0 C: 0      
5230:   cmp r3, $hshtab               src: 6212      dst: 5722      r0: 5 r1: 3431 r2: 78 r3: 6212 r4: 0 r5: 65514 sp: 65508 pc: 5234          N: 0 Z: 0 V: 0 C: 0      
5234:   bhi 5240.                     src: 3043                     r0: 5 r1: 3431 r2: 78 r3: 6212 r4: 0 r5: 65514 sp: 65508 pc: 5240          N: 0 Z: 0 V: 0 C: 0      
5240:   tst -(r3)                     src: 0                        r0: 5 r1: 3431 r2: 78 r3: 6210 r4: 0 r5: 65514 sp: 65508 pc: 5242          N: 0 Z: 1 V: 0 C: 0      
5242:   bne 5228.                     src: 57475                    r0: 5 r1: 3431 r2: 78 r3: 6210 r4: 0 r5: 65514 sp: 65508 pc: 5244          N: 0 Z: 1 V: 0 C: 0      
5244:   mov (sp)+, r1                 src: 3426      dst: 3431      r0: 5 r1: 3426 r2: 78 r3: 6210 r4: 0 r5: 65514 sp: 65510 pc: 5246          N: 0 Z: 0 V: 0 C: 0      
5246:   mov r1, (r3)                  src: 3426      dst: 0         r0: 5 r1: 3426 r2: 78 r3: 6210 r4: 0 r5: 65514 sp: 65510 pc: 5248          N: 0 Z: 0 V: 0 C: 0      
5248:   add $12., r1                  src: 12        dst: 3426      r0: 5 r1: 3438 r2: 78 r3: 6210 r4: 0 r5: 65514 sp: 65510 pc: 5252          N: 0 Z: 0 V: 0 C: 0      
5252:   cmp r1, $ebsymtab             src: 3438      dst: 5118      r0: 5 r1: 3438 r2: 78 r3: 6210 r4: 0 r5: 65514 sp: 65510 pc: 5256          N: 1 Z: 0 V: 0 C: 1      
5256:   bcs 5196.                     src: 2563                     r0: 5 r1: 3438 r2: 78 r3: 6210 r4: 0 r5: 65514 sp: 65510 pc: 5196          N: 1 Z: 0 V: 0 C: 1      
5196:   clr r3                        src: 6210                     r0: 5 r1: 3438 r2: 78 r3: 0 r4: 0 r5: 65514 sp: 65510 pc: 5198             N: 0 Z: 1 V: 0 C: 0      
5198:   mov $8., r2                   src: 8         dst: 78        r0: 5 r1: 3438 r2: 8 r3: 0 r4: 0 r5: 65514 sp: 65510 pc: 5202              N: 0 Z: 0 V: 0 C: 0      
5202:   mov r1, -(sp)                 src: 3438      dst: 3426      r0: 5 r1: 3438 r2: 8 r3: 0 r4: 0 r5: 65514 sp: 65508 pc: 5204              N: 0 Z: 0 V: 0 C: 0      
5204:   movb (r1)+, r4                src: 110       dst: 0         r0: 5 r1: 3439 r2: 8 r3: 0 r4: 110 r5: 65514 sp: 65508 pc: 5206            N: 0 Z: 0 V: 0 C: 0      
5206:   beq 5214.                     src: 2562                     r0: 5 r1: 3439 r2: 8 r3: 0 r4: 110 r5: 65514 sp: 65508 pc: 5208            N: 0 Z: 0 V: 0 C: 0      
5208:   add r4, r3                    src: 110       dst: 0         r0: 5 r1: 3439 r2: 8 r3: 110 r4: 110 r5: 65514 sp: 65508 pc: 5210          N: 0 Z: 0 V: 0 C: 0      
5210:   swab r3                       src: 110                      r0: 5 r1: 3439 r2: 8 r3: 28160 r4: 110 r5: 65514 sp: 65508 pc: 5212        N: 0 Z: 1 V: 0 C: 0      
5212:   sob r2, 5204.                 src: 8         dst: 68        r0: 5 r1: 3439 r2: 7 r3: 28160 r4: 110 r5: 65514 sp: 65508 pc: 5204        N: 0 Z: 1 V: 0 C: 0      
5204:   movb (r1)+, r4                src: 105       dst: 110       r0: 5 r1: 3440 r2: 7 r3: 28160 r4: 105 r5: 65514 sp: 65508 pc: 5206        N: 0 Z: 0 V: 0 C: 0      
5206:   beq 5214.                     src: 2562                     r0: 5 r1: 3440 r2: 7 r3: 28160 r4: 105 r5: 65514 sp: 65508 pc: 5208        N: 0 Z: 0 V: 0 C: 0      
5208:   add r4, r3                    src: 105       dst: 28160     r0: 5 r1: 3440 r2: 7 r3: 28265 r4: 105 r5: 65514 sp: 65508 pc: 5210        N: 0 Z: 0 V: 0 C: 0      
5210:   swab r3                       src: 28265                    r0: 5 r1: 3440 r2: 7 r3: 26990 r4: 105 r5: 65514 sp: 65508 pc: 5212        N: 0 Z: 0 V: 0 C: 0      
5212:   sob r2, 5204.                 src: 7         dst: 68        r0: 5 r1: 3440 r2: 6 r3: 26990 r4: 105 r5: 65514 sp: 65508 pc: 5204        N: 0 Z: 0 V: 0 C: 0      
5204:   movb (r1)+, r4                src: 99        dst: 105       r0: 5 r1: 3441 r2: 6 r3: 26990 r4: 99 r5: 65514 sp: 65508 pc: 5206         N: 0 Z: 0 V: 0 C: 0      
5206:   beq 5214.                     src: 2562                     r0: 5 r1: 3441 r2: 6 r3: 26990 r4: 99 r5: 65514 sp: 65508 pc: 5208         N: 0 Z: 0 V: 0 C: 0      
5208:   add r4, r3                    src: 99        dst: 26990     r0: 5 r1: 3441 r2: 6 r3: 27089 r4: 99 r5: 65514 sp: 65508 pc: 5210         N: 0 Z: 0 V: 0 C: 0      
5210:   swab r3                       src: 27089                    r0: 5 r1: 3441 r2: 6 r3: 53609 r4: 99 r5: 65514 sp: 65508 pc: 5212         N: 0 Z: 0 V: 0 C: 0      
5212:   sob r2, 5204.                 src: 6         dst: 68        r0: 5 r1: 3441 r2: 5 r3: 53609 r4: 99 r5: 65514 sp: 65508 pc: 5204         N: 0 Z: 0 V: 0 C: 0      
5204:   movb (r1)+, r4                src: 101       dst: 99        r0: 5 r1: 3442 r2: 5 r3: 53609 r4: 101 r5: 65514 sp: 65508 pc: 5206        N: 0 Z: 0 V: 0 C: 0      
5206:   beq 5214.                     src: 2562                     r0: 5 r1: 3442 r2: 5 r3: 53609 r4: 101 r5: 65514 sp: 65508 pc: 5208        N: 0 Z: 0 V: 0 C: 0      
5208:   add r4, r3                    src: 101       dst: 53609     r0: 5 r1: 3442 r2: 5 r3: 53710 r4: 101 r5: 65514 sp: 65508 pc: 5210        N: 0 Z: 0 V: 0 C: 0      
5210:   swab r3                       src: 53710                    r0: 5 r1: 3442 r2: 5 r3: 52945 r4: 101 r5: 65514 sp: 65508 pc: 5212        N: 1 Z: 0 V: 0 C: 0      
5212:   sob r2, 5204.                 src: 5         dst: 68        r0: 5 r1: 3442 r2: 4 r3: 52945 r4: 101 r5: 65514 sp: 65508 pc: 5204        N: 1 Z: 0 V: 0 C: 0      
5204:   movb (r1)+, r4                src: 0         dst: 101       r0: 5 r1: 3443 r2: 4 r3: 52945 r4: 0 r5: 65514 sp: 65508 pc: 5206          N: 0 Z: 1 V: 0 C: 0      
5206:   beq 5214.                     src: 2562                     r0: 5 r1: 3443 r2: 4 r3: 52945 r4: 0 r5: 65514 sp: 65508 pc: 5214          N: 0 Z: 1 V: 0 C: 0      
5214:   clr r2                        src: 4                        r0: 5 r1: 3443 r2: 0 r3: 52945 r4: 0 r5: 65514 sp: 65508 pc: 5216          N: 0 Z: 1 V: 0 C: 0      
5216:   div $hshsiz, r2               src: 1553      dst: 0         r0: 5 r1: 3443 r2: 34 r3: 143 r4: 0 r5: 65514 sp: 65508 pc: 5220           N: 0 Z: 0 V: 0 C: 0      
5220:   ashc $1., r2                  src: 1         dst: 34        r0: 5 r1: 3443 r2: 68 r3: 286 r4: 0 r5: 65514 sp: 65508 pc: 5224           N: 0 Z: 0 V: 0 C: 0      
5224:   add $hshtab, r3               src: 5722      dst: 286       r0: 5 r1: 3443 r2: 68 r3: 6008 r4: 0 r5: 65514 sp: 65508 pc: 5228          N: 0 Z: 0 V: 0 C: 0      
5228:   sub r2, r3                    src: 68        dst: 6008      r0: 5 r1: 3443 r2: 68 r3: 5940 r4: 0 r5: 65514 sp: 65508 pc: 5230          N: 0 Z: 0 V: 0 C: 0      
5230:   cmp r3, $hshtab               src: 5940      dst: 5722      r0: 5 r1: 3443 r2: 68 r3: 5940 r4: 0 r5: 65514 sp: 65508 pc: 5234          N: 0 Z: 0 V: 0 C: 0      
5234:   bhi 5240.                     src: 3043                     r0: 5 r1: 3443 r2: 68 r3: 5940 r4: 0 r5: 65514 sp: 65508 pc: 5240          N: 0 Z: 0 V: 0 C: 0      
5240:   tst -(r3)                     src: 0                        r0: 5 r1: 3443 r2: 68 r3: 5938 r4: 0 r5: 65514 sp: 65508 pc: 5242          N: 0 Z: 1 V: 0 C: 0      
5242:   bne 5228.                     src: 57475                    r0: 5 r1: 3443 r2: 68 r3: 5938 r4: 0 r5: 65514 sp: 65508 pc: 5244          N: 0 Z: 1 V: 0 C: 0      
5244:   mov (sp)+, r1                 src: 3438      dst: 3443      r0: 5 r1: 3438 r2: 68 r3: 5938 r4: 0 r5: 65514 sp: 65510 pc: 5246          N: 0 Z: 0 V: 0 C: 0      
5246:   mov r1, (r3)                  src: 3438      dst: 0         r0: 5 r1: 3438 r2: 68 r3: 5938 r4: 0 r5: 65514 sp: 65510 pc: 5248          N: 0 Z: 0 V: 0 C: 0      
5248:   add $12., r1                  src: 12        dst: 3438      r0: 5 r1: 3450 r2: 68 r3: 5938 r4: 0 r5: 65514 sp: 65510 pc: 5252          N: 0 Z: 0 V: 0 C: 0      
5252:   cmp r1, $ebsymtab             src: 3450      dst: 5118      r0: 5 r1: 3450 r2: 68 r3: 5938 r4: 0 r5: 65514 sp: 65510 pc: 5256          N: 1 Z: 0 V: 0 C: 1      
5256:   bcs 5196.                     src: 2563                     r0: 5 r1: 3450 r2: 68 r3: 5938 r4: 0 r5: 65514 sp: 65510 pc: 5196          N: 1 Z: 0 V: 0 C: 1      
5196:   clr r3                        src: 5938                     r0: 5 r1: 3450 r2: 68 r3: 0 r4: 0 r5: 65514 sp: 65510 pc: 5198             N: 0 Z: 1 V: 0 C: 0      
5198:   mov $8., r2                   src: 8         dst: 68        r0: 5 r1: 3450 r2: 8 r3: 0 r4: 0 r5: 65514 sp: 65510 pc: 5202              N: 0 Z: 0 V: 0 C: 0      
5202:   mov r1, -(sp)                 src: 3450      dst: 3438      r0: 5 r1: 3450 r2: 8 r3: 0 r4: 0 r5: 65514 sp: 65508 pc: 5204              N: 0 Z: 0 V: 0 C: 0      
5204:   movb (r1)+, r4                src: 115       dst: 0         r0: 5 r1: 3451 r2: 8 r3: 0 r4: 115 r5: 65514 sp: 65508 pc: 5206            N: 0 Z: 0 V: 0 C: 0      
5206:   beq 5214.                     src: 2562                     r0: 5 r1: 3451 r2: 8 r3: 0 r4: 115 r5: 65514 sp: 65508 pc: 5208            N: 0 Z: 0 V: 0 C: 0      
5208:   add r4, r3                    src: 115       dst: 0         r0: 5 r1: 3451 r2: 8 r3: 115 r4: 115 r5: 65514 sp: 65508 pc: 5210          N: 0 Z: 0 V: 0 C: 0      
5210:   swab r3                       src: 115                      r0: 5 r1: 3451 r2: 8 r3: 29440 r4: 115 r5: 65514 sp: 65508 pc: 5212        N: 0 Z: 1 V: 0 C: 0      
5212:   sob r2, 5204.                 src: 8         dst: 68        r0: 5 r1: 3451 r2: 7 r3: 29440 r4: 115 r5: 65514 sp: 65508 pc: 5204        N: 0 Z: 1 V: 0 C: 0      
5204:   movb (r1)+, r4                src: 105       dst: 115       r0: 5 r1: 3452 r2: 7 r3: 29440 r4: 105 r5: 65514 sp: 65508 pc: 5206        N: 0 Z: 0 V: 0 C: 0      
5206:   beq 5214.                     src: 2562                     r0: 5 r1: 3452 r2: 7 r3: 29440 r4: 105 r5: 65514 sp: 65508 pc: 5208        N: 0 Z: 0 V: 0 C: 0      
5208:   add r4, r3                    src: 105       dst: 29440     r0: 5 r1: 3452 r2: 7 r3: 29545 r4: 105 r5: 65514 sp: 65508 pc: 5210        N: 0 Z: 0 V: 0 C: 0      
5210:   swab r3                       src: 29545                    r0: 5 r1: 3452 r2: 7 r3: 26995 r4: 105 r5: 65514 sp: 65508 pc: 5212        N: 0 Z: 0 V: 0 C: 0      
5212:   sob r2, 5204.                 src: 7         dst: 68        r0: 5 r1: 3452 r2: 6 r3: 26995 r4: 105 r5: 65514 sp: 65508 pc: 5204        N: 0 Z: 0 V: 0 C: 0      
5204:   movb (r1)+, r4                src: 103       dst: 105       r0: 5 r1: 3453 r2: 6 r3: 26995 r4: 103 r5: 65514 sp: 65508 pc: 5206        N: 0 Z: 0 V: 0 C: 0      
5206:   beq 5214.                     src: 2562                     r0: 5 r1: 3453 r2: 6 r3: 26995 r4: 103 r5: 65514 sp: 65508 pc: 5208        N: 0 Z: 0 V: 0 C: 0      
5208:   add r4, r3                    src: 103       dst: 26995     r0: 5 r1: 3453 r2: 6 r3: 27098 r4: 103 r5: 65514 sp: 65508 pc: 5210        N: 0 Z: 0 V: 0 C: 0      
5210:   swab r3                       src: 27098                    r0: 5 r1: 3453 r2: 6 r3: 55913 r4: 103 r5: 65514 sp: 65508 pc: 5212        N: 0 Z: 0 V: 0 C: 0      
5212:   sob r2, 5204.                 src: 6         dst: 68        r0: 5 r1: 3453 r2: 5 r3: 55913 r4: 103 r5: 65514 sp: 65508 pc: 5204        N: 0 Z: 0 V: 0 C: 0      
5204:   movb (r1)+, r4                src: 110       dst: 103       r0: 5 r1: 3454 r2: 5 r3: 55913 r4: 110 r5: 65514 sp: 65508 pc: 5206        N: 0 Z: 0 V: 0 C: 0      
5206:   beq 5214.                     src: 2562                     r0: 5 r1: 3454 r2: 5 r3: 55913 r4: 110 r5: 65514 sp: 65508 pc: 5208        N: 0 Z: 0 V: 0 C: 0      
5208:   add r4, r3                    src: 110       dst: 55913     r0: 5 r1: 3454 r2: 5 r3: 56023 r4: 110 r5: 65514 sp: 65508 pc: 5210        N: 0 Z: 0 V: 0 C: 0      
5210:   swab r3                       src: 56023                    r0: 5 r1: 3454 r2: 5 r3: 55258 r4: 110 r5: 65514 sp: 65508 pc: 5212        N: 1 Z: 0 V: 0 C: 0      
5212:   sob r2, 5204.                 src: 5         dst: 68        r0: 5 r1: 3454 r2: 4 r3: 55258 r4: 110 r5: 65514 sp: 65508 pc: 5204        N: 1 Z: 0 V: 0 C: 0      
5204:   movb (r1)+, r4                src: 97        dst: 110       r0: 5 r1: 3455 r2: 4 r3: 55258 r4: 97 r5: 65514 sp: 65508 pc: 5206         N: 0 Z: 0 V: 0 C: 0      
5206:   beq 5214.                     src: 2562                     r0: 5 r1: 3455 r2: 4 r3: 55258 r4: 97 r5: 65514 sp: 65508 pc: 5208         N: 0 Z: 0 V: 0 C: 0      
5208:   add r4, r3                    src: 97        dst: 55258     r0: 5 r1: 3455 r2: 4 r3: 55355 r4: 97 r5: 65514 sp: 65508 pc: 5210         N: 0 Z: 0 V: 0 C: 0      
5210:   swab r3                       src: 55355                    r0: 5 r1: 3455 r2: 4 r3: 15320 r4: 97 r5: 65514 sp: 65508 pc: 5212         N: 1 Z: 0 V: 0 C: 0      
5212:   sob r2, 5204.                 src: 4         dst: 68        r0: 5 r1: 3455 r2: 3 r3: 15320 r4: 97 r5: 65514 sp: 65508 pc: 5204         N: 1 Z: 0 V: 0 C: 0      
5204:   movb (r1)+, r4                src: 108       dst: 97        r0: 5 r1: 3456 r2: 3 r3: 15320 r4: 108 r5: 65514 sp: 65508 pc: 5206        N: 0 Z: 0 V: 0 C: 0      
5206:   beq 5214.                     src: 2562                     r0: 5 r1: 3456 r2: 3 r3: 15320 r4: 108 r5: 65514 sp: 65508 pc: 5208        N: 0 Z: 0 V: 0 C: 0      
5208:   add r4, r3                    src: 108       dst: 15320     r0: 5 r1: 3456 r2: 3 r3: 15428 r4: 108 r5: 65514 sp: 65508 pc: 5210        N: 0 Z: 0 V: 0 C: 0      
5210:   swab r3                       src: 15428                    r0: 5 r1: 3456 r2: 3 r3: 17468 r4: 108 r5: 65514 sp: 65508 pc: 5212        N: 0 Z: 0 V: 0 C: 0      
5212:   sob r2, 5204.                 src: 3         dst: 68        r0: 5 r1: 3456 r2: 2 r3: 17468 r4: 108 r5: 65514 sp: 65508 pc: 5204        N: 0 Z: 0 V: 0 C: 0      
5204:   movb (r1)+, r4                src: 0         dst: 108       r0: 5 r1: 3457 r2: 2 r3: 17468 r4: 0 r5: 65514 sp: 65508 pc: 5206          N: 0 Z: 1 V: 0 C: 0      
5206:   beq 5214.                     src: 2562                     r0: 5 r1: 3457 r2: 2 r3: 17468 r4: 0 r5: 65514 sp: 65508 pc: 5214          N: 0 Z: 1 V: 0 C: 0      
5214:   clr r2                        src: 2                        r0: 5 r1: 3457 r2: 0 r3: 17468 r4: 0 r5: 65514 sp: 65508 pc: 5216          N: 0 Z: 1 V: 0 C: 0      
5216:   div $hshsiz, r2               src: 1553      dst: 0         r0: 5 r1: 3457 r2: 11 r3: 385 r4: 0 r5: 65514 sp: 65508 pc: 5220           N: 0 Z: 0 V: 0 C: 0      
5220:   ashc $1., r2                  src: 1         dst: 11        r0: 5 r1: 3457 r2: 22 r3: 770 r4: 0 r5: 65514 sp: 65508 pc: 5224           N: 0 Z: 0 V: 0 C: 0      
5224:   add $hshtab, r3               src: 5722      dst: 770       r0: 5 r1: 3457 r2: 22 r3: 6492 r4: 0 r5: 65514 sp: 65508 pc: 5228          N: 0 Z: 0 V: 0 C: 0      
5228:   sub r2, r3                    src: 22        dst: 6492      r0: 5 r1: 3457 r2: 22 r3: 6470 r4: 0 r5: 65514 sp: 65508 pc: 5230          N: 0 Z: 0 V: 0 C: 0      
5230:   cmp r3, $hshtab               src: 6470      dst: 5722      r0: 5 r1: 3457 r2: 22 r3: 6470 r4: 0 r5: 65514 sp: 65508 pc: 5234          N: 0 Z: 0 V: 0 C: 0      
5234:   bhi 5240.                     src: 3043                     r0: 5 r1: 3457 r2: 22 r3: 6470 r4: 0 r5: 65514 sp: 65508 pc: 5240          N: 0 Z: 0 V: 0 C: 0      
5240:   tst -(r3)                     src: 0                        r0: 5 r1: 3457 r2: 22 r3: 6468 r4: 0 r5: 65514 sp: 65508 pc: 5242          N: 0 Z: 1 V: 0 C: 0      
5242:   bne 5228.                     src: 57475                    r0: 5 r1: 3457 r2: 22 r3: 6468 r4: 0 r5: 65514 sp: 65508 pc: 5244          N: 0 Z: 1 V: 0 C: 0      
5244:   mov (sp)+, r1                 src: 3450      dst: 3457      r0: 5 r1: 3450 r2: 22 r3: 6468 r4: 0 r5: 65514 sp: 65510 pc: 5246          N: 0 Z: 0 V: 0 C: 0      
5246:   mov r1, (r3)                  src: 3450      dst: 0         r0: 5 r1: 3450 r2: 22 r3: 6468 r4: 0 r5: 65514 sp: 65510 pc: 5248          N: 0 Z: 0 V: 0 C: 0      
5248:   add $12., r1                  src: 12        dst: 3450      r0: 5 r1: 3462 r2: 22 r3: 6468 r4: 0 r5: 65514 sp: 65510 pc: 5252          N: 0 Z: 0 V: 0 C: 0      
5252:   cmp r1, $ebsymtab             src: 3462      dst: 5118      r0: 5 r1: 3462 r2: 22 r3: 6468 r4: 0 r5: 65514 sp: 65510 pc: 5256          N: 1 Z: 0 V: 0 C: 1      
5256:   bcs 5196.                     src: 2563                     r0: 5 r1: 3462 r2: 22 r3: 6468 r4: 0 r5: 65514 sp: 65510 pc: 5196          N: 1 Z: 0 V: 0 C: 1      
5196:   clr r3                        src: 6468                     r0: 5 r1: 3462 r2: 22 r3: 0 r4: 0 r5: 65514 sp: 65510 pc: 5198             N: 0 Z: 1 V: 0 C: 0      
5198:   mov $8., r2                   src: 8         dst: 22        r0: 5 r1: 3462 r2: 8 r3: 0 r4: 0 r5: 65514 sp: 65510 pc: 5202              N: 0 Z: 0 V: 0 C: 0      
5202:   mov r1, -(sp)                 src: 3462      dst: 3450      r0: 5 r1: 3462 r2: 8 r3: 0 r4: 0 r5: 65514 sp: 65508 pc: 5204              N: 0 Z: 0 V: 0 C: 0      
5204:   movb (r1)+, r4                src: 109       dst: 0         r0: 5 r1: 3463 r2: 8 r3: 0 r4: 109 r5: 65514 sp: 65508 pc: 5206            N: 0 Z: 0 V: 0 C: 0      
5206:   beq 5214.                     src: 2562                     r0: 5 r1: 3463 r2: 8 r3: 0 r4: 109 r5: 65514 sp: 65508 pc: 5208            N: 0 Z: 0 V: 0 C: 0      
5208:   add r4, r3                    src: 109       dst: 0         r0: 5 r1: 3463 r2: 8 r3: 109 r4: 109 r5: 65514 sp: 65508 pc: 5210          N: 0 Z: 0 V: 0 C: 0      
5210:   swab r3                       src: 109                      r0: 5 r1: 3463 r2: 8 r3: 27904 r4: 109 r5: 65514 sp: 65508 pc: 5212        N: 0 Z: 1 V: 0 C: 0      
5212:   sob r2, 5204.                 src: 8         dst: 68        r0: 5 r1: 3463 r2: 7 r3: 27904 r4: 109 r5: 65514 sp: 65508 pc: 5204        N: 0 Z: 1 V: 0 C: 0      
5204:   movb (r1)+, r4                src: 111       dst: 109       r0: 5 r1: 3464 r2: 7 r3: 27904 r4: 111 r5: 65514 sp: 65508 pc: 5206        N: 0 Z: 0 V: 0 C: 0      
5206:   beq 5214.                     src: 2562                     r0: 5 r1: 3464 r2: 7 r3: 27904 r4: 111 r5: 65514 sp: 65508 pc: 5208        N: 0 Z: 0 V: 0 C: 0      
5208:   add r4, r3                    src: 111       dst: 27904     r0: 5 r1: 3464 r2: 7 r3: 28015 r4: 111 r5: 65514 sp: 65508 pc: 5210        N: 0 Z: 0 V: 0 C: 0      
5210:   swab r3                       src: 28015                    r0: 5 r1: 3464 r2: 7 r3: 28525 r4: 111 r5: 65514 sp: 65508 pc: 5212        N: 0 Z: 0 V: 0 C: 0      
5212:   sob r2, 5204.                 src: 7         dst: 68        r0: 5 r1: 3464 r2: 6 r3: 28525 r4: 111 r5: 65514 sp: 65508 pc: 5204        N: 0 Z: 0 V: 0 C: 0      
5204:   movb (r1)+, r4                src: 118       dst: 111       r0: 5 r1: 3465 r2: 6 r3: 28525 r4: 118 r5: 65514 sp: 65508 pc: 5206        N: 0 Z: 0 V: 0 C: 0      
5206:   beq 5214.                     src: 2562                     r0: 5 r1: 3465 r2: 6 r3: 28525 r4: 118 r5: 65514 sp: 65508 pc: 5208        N: 0 Z: 0 V: 0 C: 0      
5208:   add r4, r3                    src: 118       dst: 28525     r0: 5 r1: 3465 r2: 6 r3: 28643 r4: 118 r5: 65514 sp: 65508 pc: 5210        N: 0 Z: 0 V: 0 C: 0      
5210:   swab r3                       src: 28643                    r0: 5 r1: 3465 r2: 6 r3: 58223 r4: 118 r5: 65514 sp: 65508 pc: 5212        N: 0 Z: 0 V: 0 C: 0      
5212:   sob r2, 5204.                 src: 6         dst: 68        r0: 5 r1: 3465 r2: 5 r3: 58223 r4: 118 r5: 65514 sp: 65508 pc: 5204        N: 0 Z: 0 V: 0 C: 0      
5204:   movb (r1)+, r4                src: 0         dst: 118       r0: 5 r1: 3466 r2: 5 r3: 58223 r4: 0 r5: 65514 sp: 65508 pc: 5206          N: 0 Z: 1 V: 0 C: 0      
5206:   beq 5214.                     src: 2562                     r0: 5 r1: 3466 r2: 5 r3: 58223 r4: 0 r5: 65514 sp: 65508 pc: 5214          N: 0 Z: 1 V: 0 C: 0      
5214:   clr r2                        src: 5                        r0: 5 r1: 3466 r2: 0 r3: 58223 r4: 0 r5: 65514 sp: 65508 pc: 5216          N: 0 Z: 1 V: 0 C: 0      
5216:   div $hshsiz, r2               src: 1553      dst: 0         r0: 5 r1: 3466 r2: 37 r3: 762 r4: 0 r5: 65514 sp: 65508 pc: 5220           N: 0 Z: 0 V: 0 C: 0      
5220:   ashc $1., r2                  src: 1         dst: 37        r0: 5 r1: 3466 r2: 74 r3: 1524 r4: 0 r5: 65514 sp: 65508 pc: 5224          N: 0 Z: 0 V: 0 C: 0      
5224:   add $hshtab, r3               src: 5722      dst: 1524      r0: 5 r1: 3466 r2: 74 r3: 7246 r4: 0 r5: 65514 sp: 65508 pc: 5228          N: 0 Z: 0 V: 0 C: 0      
5228:   sub r2, r3                    src: 74        dst: 7246      r0: 5 r1: 3466 r2: 74 r3: 7172 r4: 0 r5: 65514 sp: 65508 pc: 5230          N: 0 Z: 0 V: 0 C: 0      
5230:   cmp r3, $hshtab               src: 7172      dst: 5722      r0: 5 r1: 3466 r2: 74 r3: 7172 r4: 0 r5: 65514 sp: 65508 pc: 5234          N: 0 Z: 0 V: 0 C: 0      
5234:   bhi 5240.                     src: 3043                     r0: 5 r1: 3466 r2: 74 r3: 7172 r4: 0 r5: 65514 sp: 65508 pc: 5240          N: 0 Z: 0 V: 0 C: 0      
5240:   tst -(r3)                     src: 0                        r0: 5 r1: 3466 r2: 74 r3: 7170 r4: 0 r5: 65514 sp: 65508 pc: 5242          N: 0 Z: 1 V: 0 C: 0      
5242:   bne 5228.                     src: 57475                    r0: 5 r1: 3466 r2: 74 r3: 7170 r4: 0 r5: 65514 sp: 65508 pc: 5244          N: 0 Z: 1 V: 0 C: 0      
5244:   mov (sp)+, r1                 src: 3462      dst: 3466      r0: 5 r1: 3462 r2: 74 r3: 7170 r4: 0 r5: 65514 sp: 65510 pc: 5246          N: 0 Z: 0 V: 0 C: 0      
5246:   mov r1, (r3)                  src: 3462      dst: 0         r0: 5 r1: 3462 r2: 74 r3: 7170 r4: 0 r5: 65514 sp: 65510 pc: 5248          N: 0 Z: 0 V: 0 C: 0      
5248:   add $12., r1                  src: 12        dst: 3462      r0: 5 r1: 3474 r2: 74 r3: 7170 r4: 0 r5: 65514 sp: 65510 pc: 5252          N: 0 Z: 0 V: 0 C: 0      
5252:   cmp r1, $ebsymtab             src: 3474      dst: 5118      r0: 5 r1: 3474 r2: 74 r3: 7170 r4: 0 r5: 65514 sp: 65510 pc: 5256          N: 1 Z: 0 V: 0 C: 1      
5256:   bcs 5196.                     src: 2563                     r0: 5 r1: 3474 r2: 74 r3: 7170 r4: 0 r5: 65514 sp: 65510 pc: 5196          N: 1 Z: 0 V: 0 C: 1      
5196:   clr r3                        src: 7170                     r0: 5 r1: 3474 r2: 74 r3: 0 r4: 0 r5: 65514 sp: 65510 pc: 5198             N: 0 Z: 1 V: 0 C: 0      
5198:   mov $8., r2                   src: 8         dst: 74        r0: 5 r1: 3474 r2: 8 r3: 0 r4: 0 r5: 65514 sp: 65510 pc: 5202              N: 0 Z: 0 V: 0 C: 0      
5202:   mov r1, -(sp)                 src: 3474      dst: 3462      r0: 5 r1: 3474 r2: 8 r3: 0 r4: 0 r5: 65514 sp: 65508 pc: 5204              N: 0 Z: 0 V: 0 C: 0      
5204:   movb (r1)+, r4                src: 109       dst: 0         r0: 5 r1: 3475 r2: 8 r3: 0 r4: 109 r5: 65514 sp: 65508 pc: 5206            N: 0 Z: 0 V: 0 C: 0      
5206:   beq 5214.                     src: 2562                     r0: 5 r1: 3475 r2: 8 r3: 0 r4: 109 r5: 65514 sp: 65508 pc: 5208            N: 0 Z: 0 V: 0 C: 0      
5208:   add r4, r3                    src: 109       dst: 0         r0: 5 r1: 3475 r2: 8 r3: 109 r4: 109 r5: 65514 sp: 65508 pc: 5210          N: 0 Z: 0 V: 0 C: 0      
5210:   swab r3                       src: 109                      r0: 5 r1: 3475 r2: 8 r3: 27904 r4: 109 r5: 65514 sp: 65508 pc: 5212        N: 0 Z: 1 V: 0 C: 0      
5212:   sob r2, 5204.                 src: 8         dst: 68        r0: 5 r1: 3475 r2: 7 r3: 27904 r4: 109 r5: 65514 sp: 65508 pc: 5204        N: 0 Z: 1 V: 0 C: 0      
5204:   movb (r1)+, r4                src: 111       dst: 109       r0: 5 r1: 3476 r2: 7 r3: 27904 r4: 111 r5: 65514 sp: 65508 pc: 5206        N: 0 Z: 0 V: 0 C: 0      
5206:   beq 5214.                     src: 2562                     r0: 5 r1: 3476 r2: 7 r3: 27904 r4: 111 r5: 65514 sp: 65508 pc: 5208        N: 0 Z: 0 V: 0 C: 0      
5208:   add r4, r3                    src: 111       dst: 27904     r0: 5 r1: 3476 r2: 7 r3: 28015 r4: 111 r5: 65514 sp: 65508 pc: 5210        N: 0 Z: 0 V: 0 C: 0      
5210:   swab r3                       src: 28015                    r0: 5 r1: 3476 r2: 7 r3: 28525 r4: 111 r5: 65514 sp: 65508 pc: 5212        N: 0 Z: 0 V: 0 C: 0      
5212:   sob r2, 5204.                 src: 7         dst: 68        r0: 5 r1: 3476 r2: 6 r3: 28525 r4: 111 r5: 65514 sp: 65508 pc: 5204        N: 0 Z: 0 V: 0 C: 0      
5204:   movb (r1)+, r4                src: 118       dst: 111       r0: 5 r1: 3477 r2: 6 r3: 28525 r4: 118 r5: 65514 sp: 65508 pc: 5206        N: 0 Z: 0 V: 0 C: 0      
5206:   beq 5214.                     src: 2562                     r0: 5 r1: 3477 r2: 6 r3: 28525 r4: 118 r5: 65514 sp: 65508 pc: 5208        N: 0 Z: 0 V: 0 C: 0      
5208:   add r4, r3                    src: 118       dst: 28525     r0: 5 r1: 3477 r2: 6 r3: 28643 r4: 118 r5: 65514 sp: 65508 pc: 5210        N: 0 Z: 0 V: 0 C: 0      
5210:   swab r3                       src: 28643                    r0: 5 r1: 3477 r2: 6 r3: 58223 r4: 118 r5: 65514 sp: 65508 pc: 5212        N: 0 Z: 0 V: 0 C: 0      
5212:   sob r2, 5204.                 src: 6         dst: 68        r0: 5 r1: 3477 r2: 5 r3: 58223 r4: 118 r5: 65514 sp: 65508 pc: 5204        N: 0 Z: 0 V: 0 C: 0      
5204:   movb (r1)+, r4                src: 98        dst: 118       r0: 5 r1: 3478 r2: 5 r3: 58223 r4: 98 r5: 65514 sp: 65508 pc: 5206         N: 0 Z: 0 V: 0 C: 0      
5206:   beq 5214.                     src: 2562                     r0: 5 r1: 3478 r2: 5 r3: 58223 r4: 98 r5: 65514 sp: 65508 pc: 5208         N: 0 Z: 0 V: 0 C: 0      
5208:   add r4, r3                    src: 98        dst: 58223     r0: 5 r1: 3478 r2: 5 r3: 58321 r4: 98 r5: 65514 sp: 65508 pc: 5210         N: 0 Z: 0 V: 0 C: 0      
5210:   swab r3                       src: 58321                    r0: 5 r1: 3478 r2: 5 r3: 53731 r4: 98 r5: 65514 sp: 65508 pc: 5212         N: 1 Z: 0 V: 0 C: 0      
5212:   sob r2, 5204.                 src: 5         dst: 68        r0: 5 r1: 3478 r2: 4 r3: 53731 r4: 98 r5: 65514 sp: 65508 pc: 5204         N: 1 Z: 0 V: 0 C: 0      
5204:   movb (r1)+, r4                src: 0         dst: 98        r0: 5 r1: 3479 r2: 4 r3: 53731 r4: 0 r5: 65514 sp: 65508 pc: 5206          N: 0 Z: 1 V: 0 C: 0      
5206:   beq 5214.                     src: 2562                     r0: 5 r1: 3479 r2: 4 r3: 53731 r4: 0 r5: 65514 sp: 65508 pc: 5214          N: 0 Z: 1 V: 0 C: 0      
5214:   clr r2                        src: 4                        r0: 5 r1: 3479 r2: 0 r3: 53731 r4: 0 r5: 65514 sp: 65508 pc: 5216          N: 0 Z: 1 V: 0 C: 0      
5216:   div $hshsiz, r2               src: 1553      dst: 0         r0: 5 r1: 3479 r2: 34 r3: 929 r4: 0 r5: 65514 sp: 65508 pc: 5220           N: 0 Z: 0 V: 0 C: 0      
5220:   ashc $1., r2                  src: 1         dst: 34        r0: 5 r1: 3479 r2: 68 r3: 1858 r4: 0 r5: 65514 sp: 65508 pc: 5224          N: 0 Z: 0 V: 0 C: 0      
5224:   add $hshtab, r3               src: 5722      dst: 1858      r0: 5 r1: 3479 r2: 68 r3: 7580 r4: 0 r5: 65514 sp: 65508 pc: 5228          N: 0 Z: 0 V: 0 C: 0      
5228:   sub r2, r3                    src: 68        dst: 7580      r0: 5 r1: 3479 r2: 68 r3: 7512 r4: 0 r5: 65514 sp: 65508 pc: 5230          N: 0 Z: 0 V: 0 C: 0      
5230:   cmp r3, $hshtab               src: 7512      dst: 5722      r0: 5 r1: 3479 r2: 68 r3: 7512 r4: 0 r5: 65514 sp: 65508 pc: 5234          N: 0 Z: 0 V: 0 C: 0      
5234:   bhi 5240.                     src: 3043                     r0: 5 r1: 3479 r2: 68 r3: 7512 r4: 0 r5: 65514 sp: 65508 pc: 5240          N: 0 Z: 0 V: 0 C: 0      
5240:   tst -(r3)                     src: 0                        r0: 5 r1: 3479 r2: 68 r3: 7510 r4: 0 r5: 65514 sp: 65508 pc: 5242          N: 0 Z: 1 V: 0 C: 0      
5242:   bne 5228.                     src: 57475                    r0: 5 r1: 3479 r2: 68 r3: 7510 r4: 0 r5: 65514 sp: 65508 pc: 5244          N: 0 Z: 1 V: 0 C: 0      
5244:   mov (sp)+, r1                 src: 3474      dst: 3479      r0: 5 r1: 3474 r2: 68 r3: 7510 r4: 0 r5: 65514 sp: 65510 pc: 5246          N: 0 Z: 0 V: 0 C: 0      
5246:   mov r1, (r3)                  src: 3474      dst: 0         r0: 5 r1: 3474 r2: 68 r3: 7510 r4: 0 r5: 65514 sp: 65510 pc: 5248          N: 0 Z: 0 V: 0 C: 0      
5248:   add $12., r1                  src: 12        dst: 3474      r0: 5 r1: 3486 r2: 68 r3: 7510 r4: 0 r5: 65514 sp: 65510 pc: 5252          N: 0 Z: 0 V: 0 C: 0      
5252:   cmp r1, $ebsymtab             src: 3486      dst: 5118      r0: 5 r1: 3486 r2: 68 r3: 7510 r4: 0 r5: 65514 sp: 65510 pc: 5256          N: 1 Z: 0 V: 0 C: 1      
5256:   bcs 5196.                     src: 2563                     r0: 5 r1: 3486 r2: 68 r3: 7510 r4: 0 r5: 65514 sp: 65510 pc: 5196          N: 1 Z: 0 V: 0 C: 1      
5196:   clr r3                        src: 7510                     r0: 5 r1: 3486 r2: 68 r3: 0 r4: 0 r5: 65514 sp: 65510 pc: 5198             N: 0 Z: 1 V: 0 C: 0      
5198:   mov $8., r2                   src: 8         dst: 68        r0: 5 r1: 3486 r2: 8 r3: 0 r4: 0 r5: 65514 sp: 65510 pc: 5202              N: 0 Z: 0 V: 0 C: 0      
5202:   mov r1, -(sp)                 src: 3486      dst: 3474      r0: 5 r1: 3486 r2: 8 r3: 0 r4: 0 r5: 65514 sp: 65508 pc: 5204              N: 0 Z: 0 V: 0 C: 0      
5204:   movb (r1)+, r4                src: 99        dst: 0         r0: 5 r1: 3487 r2: 8 r3: 0 r4: 99 r5: 65514 sp: 65508 pc: 5206             N: 0 Z: 0 V: 0 C: 0      
5206:   beq 5214.                     src: 2562                     r0: 5 r1: 3487 r2: 8 r3: 0 r4: 99 r5: 65514 sp: 65508 pc: 5208             N: 0 Z: 0 V: 0 C: 0      
5208:   add r4, r3                    src: 99        dst: 0         r0: 5 r1: 3487 r2: 8 r3: 99 r4: 99 r5: 65514 sp: 65508 pc: 5210            N: 0 Z: 0 V: 0 C: 0      
5210:   swab r3                       src: 99                       r0: 5 r1: 3487 r2: 8 r3: 25344 r4: 99 r5: 65514 sp: 65508 pc: 5212         N: 0 Z: 1 V: 0 C: 0      
5212:   sob r2, 5204.                 src: 8         dst: 68        r0: 5 r1: 3487 r2: 7 r3: 25344 r4: 99 r5: 65514 sp: 65508 pc: 5204         N: 0 Z: 1 V: 0 C: 0      
5204:   movb (r1)+, r4                src: 109       dst: 99        r0: 5 r1: 3488 r2: 7 r3: 25344 r4: 109 r5: 65514 sp: 65508 pc: 5206        N: 0 Z: 0 V: 0 C: 0      
5206:   beq 5214.                     src: 2562                     r0: 5 r1: 3488 r2: 7 r3: 25344 r4: 109 r5: 65514 sp: 65508 pc: 5208        N: 0 Z: 0 V: 0 C: 0      
5208:   add r4, r3                    src: 109       dst: 25344     r0: 5 r1: 3488 r2: 7 r3: 25453 r4: 109 r5: 65514 sp: 65508 pc: 5210        N: 0 Z: 0 V: 0 C: 0      
5210:   swab r3                       src: 25453                    r0: 5 r1: 3488 r2: 7 r3: 28003 r4: 109 r5: 65514 sp: 65508 pc: 5212        N: 0 Z: 0 V: 0 C: 0      
5212:   sob r2, 5204.                 src: 7         dst: 68        r0: 5 r1: 3488 r2: 6 r3: 28003 r4: 109 r5: 65514 sp: 65508 pc: 5204        N: 0 Z: 0 V: 0 C: 0      
5204:   movb (r1)+, r4                src: 112       dst: 109       r0: 5 r1: 3489 r2: 6 r3: 28003 r4: 112 r5: 65514 sp: 65508 pc: 5206        N: 0 Z: 0 V: 0 C: 0      
5206:   beq 5214.                     src: 2562                     r0: 5 r1: 3489 r2: 6 r3: 28003 r4: 112 r5: 65514 sp: 65508 pc: 5208        N: 0 Z: 0 V: 0 C: 0      
5208:   add r4, r3                    src: 112       dst: 28003     r0: 5 r1: 3489 r2: 6 r3: 28115 r4: 112 r5: 65514 sp: 65508 pc: 5210        N: 0 Z: 0 V: 0 C: 0      
5210:   swab r3                       src: 28115                    r0: 5 r1: 3489 r2: 6 r3: 54125 r4: 112 r5: 65514 sp: 65508 pc: 5212        N: 0 Z: 0 V: 0 C: 0      
5212:   sob r2, 5204.                 src: 6         dst: 68        r0: 5 r1: 3489 r2: 5 r3: 54125 r4: 112 r5: 65514 sp: 65508 pc: 5204        N: 0 Z: 0 V: 0 C: 0      
5204:   movb (r1)+, r4                src: 0         dst: 112       r0: 5 r1: 3490 r2: 5 r3: 54125 r4: 0 r5: 65514 sp: 65508 pc: 5206          N: 0 Z: 1 V: 0 C: 0      
5206:   beq 5214.                     src: 2562                     r0: 5 r1: 3490 r2: 5 r3: 54125 r4: 0 r5: 65514 sp: 65508 pc: 5214          N: 0 Z: 1 V: 0 C: 0      
5214:   clr r2                        src: 5                        r0: 5 r1: 3490 r2: 0 r3: 54125 r4: 0 r5: 65514 sp: 65508 pc: 5216          N: 0 Z: 1 V: 0 C: 0      
5216:   div $hshsiz, r2               src: 1553      dst: 0         r0: 5 r1: 3490 r2: 34 r3: 1323 r4: 0 r5: 65514 sp: 65508 pc: 5220          N: 0 Z: 0 V: 0 C: 0      
5220:   ashc $1., r2                  src: 1         dst: 34        r0: 5 r1: 3490 r2: 68 r3: 2646 r4: 0 r5: 65514 sp: 65508 pc: 5224          N: 0 Z: 0 V: 0 C: 0      
5224:   add $hshtab, r3               src: 5722      dst: 2646      r0: 5 r1: 3490 r2: 68 r3: 8368 r4: 0 r5: 65514 sp: 65508 pc: 5228          N: 0 Z: 0 V: 0 C: 0      
5228:   sub r2, r3                    src: 68        dst: 8368      r0: 5 r1: 3490 r2: 68 r3: 8300 r4: 0 r5: 65514 sp: 65508 pc: 5230          N: 0 Z: 0 V: 0 C: 0      
5230:   cmp r3, $hshtab               src: 8300      dst: 5722      r0: 5 r1: 3490 r2: 68 r3: 8300 r4: 0 r5: 65514 sp: 65508 pc: 5234          N: 0 Z: 0 V: 0 C: 0      
5234:   bhi 5240.                     src: 3043                     r0: 5 r1: 3490 r2: 68 r3: 8300 r4: 0 r5: 65514 sp: 65508 pc: 5240          N: 0 Z: 0 V: 0 C: 0      
5240:   tst -(r3)                     src: 0                        r0: 5 r1: 3490 r2: 68 r3: 8298 r4: 0 r5: 65514 sp: 65508 pc: 5242          N: 0 Z: 1 V: 0 C: 0      
5242:   bne 5228.                     src: 57475                    r0: 5 r1: 3490 r2: 68 r3: 8298 r4: 0 r5: 65514 sp: 65508 pc: 5244          N: 0 Z: 1 V: 0 C: 0      
5244:   mov (sp)+, r1                 src: 3486      dst: 3490      r0: 5 r1: 3486 r2: 68 r3: 8298 r4: 0 r5: 65514 sp: 65510 pc: 5246          N: 0 Z: 0 V: 0 C: 0      
5246:   mov r1, (r3)                  src: 3486      dst: 0         r0: 5 r1: 3486 r2: 68 r3: 8298 r4: 0 r5: 65514 sp: 65510 pc: 5248          N: 0 Z: 0 V: 0 C: 0      
5248:   add $12., r1                  src: 12        dst: 3486      r0: 5 r1: 3498 r2: 68 r3: 8298 r4: 0 r5: 65514 sp: 65510 pc: 5252          N: 0 Z: 0 V: 0 C: 0      
5252:   cmp r1, $ebsymtab             src: 3498      dst: 5118      r0: 5 r1: 3498 r2: 68 r3: 8298 r4: 0 r5: 65514 sp: 65510 pc: 5256          N: 1 Z: 0 V: 0 C: 1      
5256:   bcs 5196.                     src: 2563                     r0: 5 r1: 3498 r2: 68 r3: 8298 r4: 0 r5: 65514 sp: 65510 pc: 5196          N: 1 Z: 0 V: 0 C: 1      
5196:   clr r3                        src: 8298                     r0: 5 r1: 3498 r2: 68 r3: 0 r4: 0 r5: 65514 sp: 65510 pc: 5198             N: 0 Z: 1 V: 0 C: 0      
5198:   mov $8., r2                   src: 8         dst: 68        r0: 5 r1: 3498 r2: 8 r3: 0 r4: 0 r5: 65514 sp: 65510 pc: 5202              N: 0 Z: 0 V: 0 C: 0      
5202:   mov r1, -(sp)                 src: 3498      dst: 3486      r0: 5 r1: 3498 r2: 8 r3: 0 r4: 0 r5: 65514 sp: 65508 pc: 5204              N: 0 Z: 0 V: 0 C: 0      
5204:   movb (r1)+, r4                src: 99        dst: 0         r0: 5 r1: 3499 r2: 8 r3: 0 r4: 99 r5: 65514 sp: 65508 pc: 5206             N: 0 Z: 0 V: 0 C: 0      
5206:   beq 5214.                     src: 2562                     r0: 5 r1: 3499 r2: 8 r3: 0 r4: 99 r5: 65514 sp: 65508 pc: 5208             N: 0 Z: 0 V: 0 C: 0      
5208:   add r4, r3                    src: 99        dst: 0         r0: 5 r1: 3499 r2: 8 r3: 99 r4: 99 r5: 65514 sp: 65508 pc: 5210            N: 0 Z: 0 V: 0 C: 0      
5210:   swab r3                       src: 99                       r0: 5 r1: 3499 r2: 8 r3: 25344 r4: 99 r5: 65514 sp: 65508 pc: 5212         N: 0 Z: 1 V: 0 C: 0      
5212:   sob r2, 5204.                 src: 8         dst: 68        r0: 5 r1: 3499 r2: 7 r3: 25344 r4: 99 r5: 65514 sp: 65508 pc: 5204         N: 0 Z: 1 V: 0 C: 0      
5204:   movb (r1)+, r4                src: 109       dst: 99        r0: 5 r1: 3500 r2: 7 r3: 25344 r4: 109 r5: 65514 sp: 65508 pc: 5206        N: 0 Z: 0 V: 0 C: 0      
5206:   beq 5214.                     src: 2562                     r0: 5 r1: 3500 r2: 7 r3: 25344 r4: 109 r5: 65514 sp: 65508 pc: 5208        N: 0 Z: 0 V: 0 C: 0      
5208:   add r4, r3                    src: 109       dst: 25344     r0: 5 r1: 3500 r2: 7 r3: 25453 r4: 109 r5: 65514 sp: 65508 pc: 5210        N: 0 Z: 0 V: 0 C: 0      
5210:   swab r3                       src: 25453                    r0: 5 r1: 3500 r2: 7 r3: 28003 r4: 109 r5: 65514 sp: 65508 pc: 5212        N: 0 Z: 0 V: 0 C: 0      
5212:   sob r2, 5204.                 src: 7         dst: 68        r0: 5 r1: 3500 r2: 6 r3: 28003 r4: 109 r5: 65514 sp: 65508 pc: 5204        N: 0 Z: 0 V: 0 C: 0      
5204:   movb (r1)+, r4                src: 112       dst: 109       r0: 5 r1: 3501 r2: 6 r3: 28003 r4: 112 r5: 65514 sp: 65508 pc: 5206        N: 0 Z: 0 V: 0 C: 0      
5206:   beq 5214.                     src: 2562                     r0: 5 r1: 3501 r2: 6 r3: 28003 r4: 112 r5: 65514 sp: 65508 pc: 5208        N: 0 Z: 0 V: 0 C: 0      
5208:   add r4, r3                    src: 112       dst: 28003     r0: 5 r1: 3501 r2: 6 r3: 28115 r4: 112 r5: 65514 sp: 65508 pc: 5210        N: 0 Z: 0 V: 0 C: 0      
5210:   swab r3                       src: 28115                    r0: 5 r1: 3501 r2: 6 r3: 54125 r4: 112 r5: 65514 sp: 65508 pc: 5212        N: 0 Z: 0 V: 0 C: 0      
5212:   sob r2, 5204.                 src: 6         dst: 68        r0: 5 r1: 3501 r2: 5 r3: 54125 r4: 112 r5: 65514 sp: 65508 pc: 5204        N: 0 Z: 0 V: 0 C: 0      
5204:   movb (r1)+, r4                src: 98        dst: 112       r0: 5 r1: 3502 r2: 5 r3: 54125 r4: 98 r5: 65514 sp: 65508 pc: 5206         N: 0 Z: 0 V: 0 C: 0      
5206:   beq 5214.                     src: 2562                     r0: 5 r1: 3502 r2: 5 r3: 54125 r4: 98 r5: 65514 sp: 65508 pc: 5208         N: 0 Z: 0 V: 0 C: 0      
5208:   add r4, r3                    src: 98        dst: 54125     r0: 5 r1: 3502 r2: 5 r3: 54223 r4: 98 r5: 65514 sp: 65508 pc: 5210         N: 0 Z: 0 V: 0 C: 0      
5210:   swab r3                       src: 54223                    r0: 5 r1: 3502 r2: 5 r3: 53203 r4: 98 r5: 65514 sp: 65508 pc: 5212         N: 1 Z: 0 V: 0 C: 0      
5212:   sob r2, 5204.                 src: 5         dst: 68        r0: 5 r1: 3502 r2: 4 r3: 53203 r4: 98 r5: 65514 sp: 65508 pc: 5204         N: 1 Z: 0 V: 0 C: 0      
5204:   movb (r1)+, r4                src: 0         dst: 98        r0: 5 r1: 3503 r2: 4 r3: 53203 r4: 0 r5: 65514 sp: 65508 pc: 5206          N: 0 Z: 1 V: 0 C: 0      
5206:   beq 5214.                     src: 2562                     r0: 5 r1: 3503 r2: 4 r3: 53203 r4: 0 r5: 65514 sp: 65508 pc: 5214          N: 0 Z: 1 V: 0 C: 0      
5214:   clr r2                        src: 4                        r0: 5 r1: 3503 r2: 0 r3: 53203 r4: 0 r5: 65514 sp: 65508 pc: 5216          N: 0 Z: 1 V: 0 C: 0      
5216:   div $hshsiz, r2               src: 1553      dst: 0         r0: 5 r1: 3503 r2: 34 r3: 401 r4: 0 r5: 65514 sp: 65508 pc: 5220           N: 0 Z: 0 V: 0 C: 0      
5220:   ashc $1., r2                  src: 1         dst: 34        r0: 5 r1: 3503 r2: 68 r3: 802 r4: 0 r5: 65514 sp: 65508 pc: 5224           N: 0 Z: 0 V: 0 C: 0      
5224:   add $hshtab, r3               src: 5722      dst: 802       r0: 5 r1: 3503 r2: 68 r3: 6524 r4: 0 r5: 65514 sp: 65508 pc: 5228          N: 0 Z: 0 V: 0 C: 0      
5228:   sub r2, r3                    src: 68        dst: 6524      r0: 5 r1: 3503 r2: 68 r3: 6456 r4: 0 r5: 65514 sp: 65508 pc: 5230          N: 0 Z: 0 V: 0 C: 0      
5230:   cmp r3, $hshtab               src: 6456      dst: 5722      r0: 5 r1: 3503 r2: 68 r3: 6456 r4: 0 r5: 65514 sp: 65508 pc: 5234          N: 0 Z: 0 V: 0 C: 0      
5234:   bhi 5240.                     src: 3043                     r0: 5 r1: 3503 r2: 68 r3: 6456 r4: 0 r5: 65514 sp: 65508 pc: 5240          N: 0 Z: 0 V: 0 C: 0      
5240:   tst -(r3)                     src: 0                        r0: 5 r1: 3503 r2: 68 r3: 6454 r4: 0 r5: 65514 sp: 65508 pc: 5242          N: 0 Z: 1 V: 0 C: 0      
5242:   bne 5228.                     src: 57475                    r0: 5 r1: 3503 r2: 68 r3: 6454 r4: 0 r5: 65514 sp: 65508 pc: 5244          N: 0 Z: 1 V: 0 C: 0      
5244:   mov (sp)+, r1                 src: 3498      dst: 3503      r0: 5 r1: 3498 r2: 68 r3: 6454 r4: 0 r5: 65514 sp: 65510 pc: 5246          N: 0 Z: 0 V: 0 C: 0      
5246:   mov r1, (r3)                  src: 3498      dst: 0         r0: 5 r1: 3498 r2: 68 r3: 6454 r4: 0 r5: 65514 sp: 65510 pc: 5248          N: 0 Z: 0 V: 0 C: 0      
5248:   add $12., r1                  src: 12        dst: 3498      r0: 5 r1: 3510 r2: 68 r3: 6454 r4: 0 r5: 65514 sp: 65510 pc: 5252          N: 0 Z: 0 V: 0 C: 0      
5252:   cmp r1, $ebsymtab             src: 3510      dst: 5118      r0: 5 r1: 3510 r2: 68 r3: 6454 r4: 0 r5: 65514 sp: 65510 pc: 5256          N: 1 Z: 0 V: 0 C: 1      
5256:   bcs 5196.                     src: 2563                     r0: 5 r1: 3510 r2: 68 r3: 6454 r4: 0 r5: 65514 sp: 65510 pc: 5196          N: 1 Z: 0 V: 0 C: 1      
5196:   clr r3                        src: 6454                     r0: 5 r1: 3510 r2: 68 r3: 0 r4: 0 r5: 65514 sp: 65510 pc: 5198             N: 0 Z: 1 V: 0 C: 0      
5198:   mov $8., r2                   src: 8         dst: 68        r0: 5 r1: 3510 r2: 8 r3: 0 r4: 0 r5: 65514 sp: 65510 pc: 5202              N: 0 Z: 0 V: 0 C: 0      
5202:   mov r1, -(sp)                 src: 3510      dst: 3498      r0: 5 r1: 3510 r2: 8 r3: 0 r4: 0 r5: 65514 sp: 65508 pc: 5204              N: 0 Z: 0 V: 0 C: 0      
5204:   movb (r1)+, r4                src: 98        dst: 0         r0: 5 r1: 3511 r2: 8 r3: 0 r4: 98 r5: 65514 sp: 65508 pc: 5206             N: 0 Z: 0 V: 0 C: 0      
5206:   beq 5214.                     src: 2562                     r0: 5 r1: 3511 r2: 8 r3: 0 r4: 98 r5: 65514 sp: 65508 pc: 5208             N: 0 Z: 0 V: 0 C: 0      
5208:   add r4, r3                    src: 98        dst: 0         r0: 5 r1: 3511 r2: 8 r3: 98 r4: 98 r5: 65514 sp: 65508 pc: 5210            N: 0 Z: 0 V: 0 C: 0      
5210:   swab r3                       src: 98                       r0: 5 r1: 3511 r2: 8 r3: 25088 r4: 98 r5: 65514 sp: 65508 pc: 5212         N: 0 Z: 1 V: 0 C: 0      
5212:   sob r2, 5204.                 src: 8         dst: 68        r0: 5 r1: 3511 r2: 7 r3: 25088 r4: 98 r5: 65514 sp: 65508 pc: 5204         N: 0 Z: 1 V: 0 C: 0      
5204:   movb (r1)+, r4                src: 105       dst: 98        r0: 5 r1: 3512 r2: 7 r3: 25088 r4: 105 r5: 65514 sp: 65508 pc: 5206        N: 0 Z: 0 V: 0 C: 0      
5206:   beq 5214.                     src: 2562                     r0: 5 r1: 3512 r2: 7 r3: 25088 r4: 105 r5: 65514 sp: 65508 pc: 5208        N: 0 Z: 0 V: 0 C: 0      
5208:   add r4, r3                    src: 105       dst: 25088     r0: 5 r1: 3512 r2: 7 r3: 25193 r4: 105 r5: 65514 sp: 65508 pc: 5210        N: 0 Z: 0 V: 0 C: 0      
5210:   swab r3                       src: 25193                    r0: 5 r1: 3512 r2: 7 r3: 26978 r4: 105 r5: 65514 sp: 65508 pc: 5212        N: 0 Z: 0 V: 0 C: 0      
5212:   sob r2, 5204.                 src: 7         dst: 68        r0: 5 r1: 3512 r2: 6 r3: 26978 r4: 105 r5: 65514 sp: 65508 pc: 5204        N: 0 Z: 0 V: 0 C: 0      
5204:   movb (r1)+, r4                src: 116       dst: 105       r0: 5 r1: 3513 r2: 6 r3: 26978 r4: 116 r5: 65514 sp: 65508 pc: 5206        N: 0 Z: 0 V: 0 C: 0      
5206:   beq 5214.                     src: 2562                     r0: 5 r1: 3513 r2: 6 r3: 26978 r4: 116 r5: 65514 sp: 65508 pc: 5208        N: 0 Z: 0 V: 0 C: 0      
5208:   add r4, r3                    src: 116       dst: 26978     r0: 5 r1: 3513 r2: 6 r3: 27094 r4: 116 r5: 65514 sp: 65508 pc: 5210        N: 0 Z: 0 V: 0 C: 0      
5210:   swab r3                       src: 27094                    r0: 5 r1: 3513 r2: 6 r3: 54889 r4: 116 r5: 65514 sp: 65508 pc: 5212        N: 0 Z: 0 V: 0 C: 0      
5212:   sob r2, 5204.                 src: 6         dst: 68        r0: 5 r1: 3513 r2: 5 r3: 54889 r4: 116 r5: 65514 sp: 65508 pc: 5204        N: 0 Z: 0 V: 0 C: 0      
5204:   movb (r1)+, r4                src: 0         dst: 116       r0: 5 r1: 3514 r2: 5 r3: 54889 r4: 0 r5: 65514 sp: 65508 pc: 5206          N: 0 Z: 1 V: 0 C: 0      
5206:   beq 5214.                     src: 2562                     r0: 5 r1: 3514 r2: 5 r3: 54889 r4: 0 r5: 65514 sp: 65508 pc: 5214          N: 0 Z: 1 V: 0 C: 0      
5214:   clr r2                        src: 5                        r0: 5 r1: 3514 r2: 0 r3: 54889 r4: 0 r5: 65514 sp: 65508 pc: 5216          N: 0 Z: 1 V: 0 C: 0      
5216:   div $hshsiz, r2               src: 1553      dst: 0         r0: 5 r1: 3514 r2: 35 r3: 534 r4: 0 r5: 65514 sp: 65508 pc: 5220           N: 0 Z: 0 V: 0 C: 0      
5220:   ashc $1., r2                  src: 1         dst: 35        r0: 5 r1: 3514 r2: 70 r3: 1068 r4: 0 r5: 65514 sp: 65508 pc: 5224          N: 0 Z: 0 V: 0 C: 0      
5224:   add $hshtab, r3               src: 5722      dst: 1068      r0: 5 r1: 3514 r2: 70 r3: 6790 r4: 0 r5: 65514 sp: 65508 pc: 5228          N: 0 Z: 0 V: 0 C: 0      
5228:   sub r2, r3                    src: 70        dst: 6790      r0: 5 r1: 3514 r2: 70 r3: 6720 r4: 0 r5: 65514 sp: 65508 pc: 5230          N: 0 Z: 0 V: 0 C: 0      
5230:   cmp r3, $hshtab               src: 6720      dst: 5722      r0: 5 r1: 3514 r2: 70 r3: 6720 r4: 0 r5: 65514 sp: 65508 pc: 5234          N: 0 Z: 0 V: 0 C: 0      
5234:   bhi 5240.                     src: 3043                     r0: 5 r1: 3514 r2: 70 r3: 6720 r4: 0 r5: 65514 sp: 65508 pc: 5240          N: 0 Z: 0 V: 0 C: 0      
5240:   tst -(r3)                     src: 0                        r0: 5 r1: 3514 r2: 70 r3: 6718 r4: 0 r5: 65514 sp: 65508 pc: 5242          N: 0 Z: 1 V: 0 C: 0      
5242:   bne 5228.                     src: 57475                    r0: 5 r1: 3514 r2: 70 r3: 6718 r4: 0 r5: 65514 sp: 65508 pc: 5244          N: 0 Z: 1 V: 0 C: 0      
5244:   mov (sp)+, r1                 src: 3510      dst: 3514      r0: 5 r1: 3510 r2: 70 r3: 6718 r4: 0 r5: 65514 sp: 65510 pc: 5246          N: 0 Z: 0 V: 0 C: 0      
5246:   mov r1, (r3)                  src: 3510      dst: 0         r0: 5 r1: 3510 r2: 70 r3: 6718 r4: 0 r5: 65514 sp: 65510 pc: 5248          N: 0 Z: 0 V: 0 C: 0      
5248:   add $12., r1                  src: 12        dst: 3510      r0: 5 r1: 3522 r2: 70 r3: 6718 r4: 0 r5: 65514 sp: 65510 pc: 5252          N: 0 Z: 0 V: 0 C: 0      
5252:   cmp r1, $ebsymtab             src: 3522      dst: 5118      r0: 5 r1: 3522 r2: 70 r3: 6718 r4: 0 r5: 65514 sp: 65510 pc: 5256          N: 1 Z: 0 V: 0 C: 1      
5256:   bcs 5196.                     src: 2563                     r0: 5 r1: 3522 r2: 70 r3: 6718 r4: 0 r5: 65514 sp: 65510 pc: 5196          N: 1 Z: 0 V: 0 C: 1      
5196:   clr r3                        src: 6718                     r0: 5 r1: 3522 r2: 70 r3: 0 r4: 0 r5: 65514 sp: 65510 pc: 5198             N: 0 Z: 1 V: 0 C: 0      
5198:   mov $8., r2                   src: 8         dst: 70        r0: 5 r1: 3522 r2: 8 r3: 0 r4: 0 r5: 65514 sp: 65510 pc: 5202              N: 0 Z: 0 V: 0 C: 0      
5202:   mov r1, -(sp)                 src: 3522      dst: 3510      r0: 5 r1: 3522 r2: 8 r3: 0 r4: 0 r5: 65514 sp: 65508 pc: 5204              N: 0 Z: 0 V: 0 C: 0      
5204:   movb (r1)+, r4                src: 98        dst: 0         r0: 5 r1: 3523 r2: 8 r3: 0 r4: 98 r5: 65514 sp: 65508 pc: 5206             N: 0 Z: 0 V: 0 C: 0      
5206:   beq 5214.                     src: 2562                     r0: 5 r1: 3523 r2: 8 r3: 0 r4: 98 r5: 65514 sp: 65508 pc: 5208             N: 0 Z: 0 V: 0 C: 0      
5208:   add r4, r3                    src: 98        dst: 0         r0: 5 r1: 3523 r2: 8 r3: 98 r4: 98 r5: 65514 sp: 65508 pc: 5210            N: 0 Z: 0 V: 0 C: 0      
5210:   swab r3                       src: 98                       r0: 5 r1: 3523 r2: 8 r3: 25088 r4: 98 r5: 65514 sp: 65508 pc: 5212         N: 0 Z: 1 V: 0 C: 0      
5212:   sob r2, 5204.                 src: 8         dst: 68        r0: 5 r1: 3523 r2: 7 r3: 25088 r4: 98 r5: 65514 sp: 65508 pc: 5204         N: 0 Z: 1 V: 0 C: 0      
5204:   movb (r1)+, r4                src: 105       dst: 98        r0: 5 r1: 3524 r2: 7 r3: 25088 r4: 105 r5: 65514 sp: 65508 pc: 5206        N: 0 Z: 0 V: 0 C: 0      
5206:   beq 5214.                     src: 2562                     r0: 5 r1: 3524 r2: 7 r3: 25088 r4: 105 r5: 65514 sp: 65508 pc: 5208        N: 0 Z: 0 V: 0 C: 0      
5208:   add r4, r3                    src: 105       dst: 25088     r0: 5 r1: 3524 r2: 7 r3: 25193 r4: 105 r5: 65514 sp: 65508 pc: 5210        N: 0 Z: 0 V: 0 C: 0      
5210:   swab r3                       src: 25193                    r0: 5 r1: 3524 r2: 7 r3: 26978 r4: 105 r5: 65514 sp: 65508 pc: 5212        N: 0 Z: 0 V: 0 C: 0      
5212:   sob r2, 5204.                 src: 7         dst: 68        r0: 5 r1: 3524 r2: 6 r3: 26978 r4: 105 r5: 65514 sp: 65508 pc: 5204        N: 0 Z: 0 V: 0 C: 0      
5204:   movb (r1)+, r4                src: 116       dst: 105       r0: 5 r1: 3525 r2: 6 r3: 26978 r4: 116 r5: 65514 sp: 65508 pc: 5206        N: 0 Z: 0 V: 0 C: 0      
5206:   beq 5214.                     src: 2562                     r0: 5 r1: 3525 r2: 6 r3: 26978 r4: 116 r5: 65514 sp: 65508 pc: 5208        N: 0 Z: 0 V: 0 C: 0      
5208:   add r4, r3                    src: 116       dst: 26978     r0: 5 r1: 3525 r2: 6 r3: 27094 r4: 116 r5: 65514 sp: 65508 pc: 5210        N: 0 Z: 0 V: 0 C: 0      
5210:   swab r3                       src: 27094                    r0: 5 r1: 3525 r2: 6 r3: 54889 r4: 116 r5: 65514 sp: 65508 pc: 5212        N: 0 Z: 0 V: 0 C: 0      
5212:   sob r2, 5204.                 src: 6         dst: 68        r0: 5 r1: 3525 r2: 5 r3: 54889 r4: 116 r5: 65514 sp: 65508 pc: 5204        N: 0 Z: 0 V: 0 C: 0      
5204:   movb (r1)+, r4                src: 98        dst: 116       r0: 5 r1: 3526 r2: 5 r3: 54889 r4: 98 r5: 65514 sp: 65508 pc: 5206         N: 0 Z: 0 V: 0 C: 0      
5206:   beq 5214.                     src: 2562                     r0: 5 r1: 3526 r2: 5 r3: 54889 r4: 98 r5: 65514 sp: 65508 pc: 5208         N: 0 Z: 0 V: 0 C: 0      
5208:   add r4, r3                    src: 98        dst: 54889     r0: 5 r1: 3526 r2: 5 r3: 54987 r4: 98 r5: 65514 sp: 65508 pc: 5210         N: 0 Z: 0 V: 0 C: 0      
5210:   swab r3                       src: 54987                    r0: 5 r1: 3526 r2: 5 r3: 52182 r4: 98 r5: 65514 sp: 65508 pc: 5212         N: 1 Z: 0 V: 0 C: 0      
5212:   sob r2, 5204.                 src: 5         dst: 68        r0: 5 r1: 3526 r2: 4 r3: 52182 r4: 98 r5: 65514 sp: 65508 pc: 5204         N: 1 Z: 0 V: 0 C: 0      
5204:   movb (r1)+, r4                src: 0         dst: 98        r0: 5 r1: 3527 r2: 4 r3: 52182 r4: 0 r5: 65514 sp: 65508 pc: 5206          N: 0 Z: 1 V: 0 C: 0      
5206:   beq 5214.                     src: 2562                     r0: 5 r1: 3527 r2: 4 r3: 52182 r4: 0 r5: 65514 sp: 65508 pc: 5214          N: 0 Z: 1 V: 0 C: 0      
5214:   clr r2                        src: 4                        r0: 5 r1: 3527 r2: 0 r3: 52182 r4: 0 r5: 65514 sp: 65508 pc: 5216          N: 0 Z: 1 V: 0 C: 0      
5216:   div $hshsiz, r2               src: 1553      dst: 0         r0: 5 r1: 3527 r2: 33 r3: 933 r4: 0 r5: 65514 sp: 65508 pc: 5220           N: 0 Z: 0 V: 0 C: 0      
5220:   ashc $1., r2                  src: 1         dst: 33        r0: 5 r1: 3527 r2: 66 r3: 1866 r4: 0 r5: 65514 sp: 65508 pc: 5224          N: 0 Z: 0 V: 0 C: 0      
5224:   add $hshtab, r3               src: 5722      dst: 1866      r0: 5 r1: 3527 r2: 66 r3: 7588 r4: 0 r5: 65514 sp: 65508 pc: 5228          N: 0 Z: 0 V: 0 C: 0      
5228:   sub r2, r3                    src: 66        dst: 7588      r0: 5 r1: 3527 r2: 66 r3: 7522 r4: 0 r5: 65514 sp: 65508 pc: 5230          N: 0 Z: 0 V: 0 C: 0      
5230:   cmp r3, $hshtab               src: 7522      dst: 5722      r0: 5 r1: 3527 r2: 66 r3: 7522 r4: 0 r5: 65514 sp: 65508 pc: 5234          N: 0 Z: 0 V: 0 C: 0      
5234:   bhi 5240.                     src: 3043                     r0: 5 r1: 3527 r2: 66 r3: 7522 r4: 0 r5: 65514 sp: 65508 pc: 5240          N: 0 Z: 0 V: 0 C: 0      
5240:   tst -(r3)                     src: 0                        r0: 5 r1: 3527 r2: 66 r3: 7520 r4: 0 r5: 65514 sp: 65508 pc: 5242          N: 0 Z: 1 V: 0 C: 0      
5242:   bne 5228.                     src: 57475                    r0: 5 r1: 3527 r2: 66 r3: 7520 r4: 0 r5: 65514 sp: 65508 pc: 5244          N: 0 Z: 1 V: 0 C: 0      
5244:   mov (sp)+, r1                 src: 3522      dst: 3527      r0: 5 r1: 3522 r2: 66 r3: 7520 r4: 0 r5: 65514 sp: 65510 pc: 5246          N: 0 Z: 0 V: 0 C: 0      
5246:   mov r1, (r3)                  src: 3522      dst: 0         r0: 5 r1: 3522 r2: 66 r3: 7520 r4: 0 r5: 65514 sp: 65510 pc: 5248          N: 0 Z: 0 V: 0 C: 0      
5248:   add $12., r1                  src: 12        dst: 3522      r0: 5 r1: 3534 r2: 66 r3: 7520 r4: 0 r5: 65514 sp: 65510 pc: 5252          N: 0 Z: 0 V: 0 C: 0      
5252:   cmp r1, $ebsymtab             src: 3534      dst: 5118      r0: 5 r1: 3534 r2: 66 r3: 7520 r4: 0 r5: 65514 sp: 65510 pc: 5256          N: 1 Z: 0 V: 0 C: 1      
5256:   bcs 5196.                     src: 2563                     r0: 5 r1: 3534 r2: 66 r3: 7520 r4: 0 r5: 65514 sp: 65510 pc: 5196          N: 1 Z: 0 V: 0 C: 1      
5196:   clr r3                        src: 7520                     r0: 5 r1: 3534 r2: 66 r3: 0 r4: 0 r5: 65514 sp: 65510 pc: 5198             N: 0 Z: 1 V: 0 C: 0      
5198:   mov $8., r2                   src: 8         dst: 66        r0: 5 r1: 3534 r2: 8 r3: 0 r4: 0 r5: 65514 sp: 65510 pc: 5202              N: 0 Z: 0 V: 0 C: 0      
5202:   mov r1, -(sp)                 src: 3534      dst: 3522      r0: 5 r1: 3534 r2: 8 r3: 0 r4: 0 r5: 65514 sp: 65508 pc: 5204              N: 0 Z: 0 V: 0 C: 0      
5204:   movb (r1)+, r4                src: 98        dst: 0         r0: 5 r1: 3535 r2: 8 r3: 0 r4: 98 r5: 65514 sp: 65508 pc: 5206             N: 0 Z: 0 V: 0 C: 0      
5206:   beq 5214.                     src: 2562                     r0: 5 r1: 3535 r2: 8 r3: 0 r4: 98 r5: 65514 sp: 65508 pc: 5208             N: 0 Z: 0 V: 0 C: 0      
5208:   add r4, r3                    src: 98        dst: 0         r0: 5 r1: 3535 r2: 8 r3: 98 r4: 98 r5: 65514 sp: 65508 pc: 5210            N: 0 Z: 0 V: 0 C: 0      
5210:   swab r3                       src: 98                       r0: 5 r1: 3535 r2: 8 r3: 25088 r4: 98 r5: 65514 sp: 65508 pc: 5212         N: 0 Z: 1 V: 0 C: 0      
5212:   sob r2, 5204.                 src: 8         dst: 68        r0: 5 r1: 3535 r2: 7 r3: 25088 r4: 98 r5: 65514 sp: 65508 pc: 5204         N: 0 Z: 1 V: 0 C: 0      
5204:   movb (r1)+, r4                src: 105       dst: 98        r0: 5 r1: 3536 r2: 7 r3: 25088 r4: 105 r5: 65514 sp: 65508 pc: 5206        N: 0 Z: 0 V: 0 C: 0      
5206:   beq 5214.                     src: 2562                     r0: 5 r1: 3536 r2: 7 r3: 25088 r4: 105 r5: 65514 sp: 65508 pc: 5208        N: 0 Z: 0 V: 0 C: 0      
5208:   add r4, r3                    src: 105       dst: 25088     r0: 5 r1: 3536 r2: 7 r3: 25193 r4: 105 r5: 65514 sp: 65508 pc: 5210        N: 0 Z: 0 V: 0 C: 0      
5210:   swab r3                       src: 25193                    r0: 5 r1: 3536 r2: 7 r3: 26978 r4: 105 r5: 65514 sp: 65508 pc: 5212        N: 0 Z: 0 V: 0 C: 0      
5212:   sob r2, 5204.                 src: 7         dst: 68        r0: 5 r1: 3536 r2: 6 r3: 26978 r4: 105 r5: 65514 sp: 65508 pc: 5204        N: 0 Z: 0 V: 0 C: 0      
5204:   movb (r1)+, r4                src: 99        dst: 105       r0: 5 r1: 3537 r2: 6 r3: 26978 r4: 99 r5: 65514 sp: 65508 pc: 5206         N: 0 Z: 0 V: 0 C: 0      
5206:   beq 5214.                     src: 2562                     r0: 5 r1: 3537 r2: 6 r3: 26978 r4: 99 r5: 65514 sp: 65508 pc: 5208         N: 0 Z: 0 V: 0 C: 0      
5208:   add r4, r3                    src: 99        dst: 26978     r0: 5 r1: 3537 r2: 6 r3: 27077 r4: 99 r5: 65514 sp: 65508 pc: 5210         N: 0 Z: 0 V: 0 C: 0      
5210:   swab r3                       src: 27077                    r0: 5 r1: 3537 r2: 6 r3: 50537 r4: 99 r5: 65514 sp: 65508 pc: 5212         N: 0 Z: 0 V: 0 C: 0      
5212:   sob r2, 5204.                 src: 6         dst: 68        r0: 5 r1: 3537 r2: 5 r3: 50537 r4: 99 r5: 65514 sp: 65508 pc: 5204         N: 0 Z: 0 V: 0 C: 0      
5204:   movb (r1)+, r4                src: 0         dst: 99        r0: 5 r1: 3538 r2: 5 r3: 50537 r4: 0 r5: 65514 sp: 65508 pc: 5206          N: 0 Z: 1 V: 0 C: 0      
5206:   beq 5214.                     src: 2562                     r0: 5 r1: 3538 r2: 5 r3: 50537 r4: 0 r5: 65514 sp: 65508 pc: 5214          N: 0 Z: 1 V: 0 C: 0      
5214:   clr r2                        src: 5                        r0: 5 r1: 3538 r2: 0 r3: 50537 r4: 0 r5: 65514 sp: 65508 pc: 5216          N: 0 Z: 1 V: 0 C: 0      
5216:   div $hshsiz, r2               src: 1553      dst: 0         r0: 5 r1: 3538 r2: 32 r3: 841 r4: 0 r5: 65514 sp: 65508 pc: 5220           N: 0 Z: 0 V: 0 C: 0      
5220:   ashc $1., r2                  src: 1         dst: 32        r0: 5 r1: 3538 r2: 64 r3: 1682 r4: 0 r5: 65514 sp: 65508 pc: 5224          N: 0 Z: 0 V: 0 C: 0      
5224:   add $hshtab, r3               src: 5722      dst: 1682      r0: 5 r1: 3538 r2: 64 r3: 7404 r4: 0 r5: 65514 sp: 65508 pc: 5228          N: 0 Z: 0 V: 0 C: 0      
5228:   sub r2, r3                    src: 64        dst: 7404      r0: 5 r1: 3538 r2: 64 r3: 7340 r4: 0 r5: 65514 sp: 65508 pc: 5230          N: 0 Z: 0 V: 0 C: 0      
5230:   cmp r3, $hshtab               src: 7340      dst: 5722      r0: 5 r1: 3538 r2: 64 r3: 7340 r4: 0 r5: 65514 sp: 65508 pc: 5234          N: 0 Z: 0 V: 0 C: 0      
5234:   bhi 5240.                     src: 3043                     r0: 5 r1: 3538 r2: 64 r3: 7340 r4: 0 r5: 65514 sp: 65508 pc: 5240          N: 0 Z: 0 V: 0 C: 0      
5240:   tst -(r3)                     src: 1                        r0: 5 r1: 3538 r2: 64 r3: 7338 r4: 0 r5: 65514 sp: 65508 pc: 5242          N: 0 Z: 0 V: 0 C: 0      
5242:   bne 5228.                     src: 57475                    r0: 5 r1: 3538 r2: 64 r3: 7338 r4: 0 r5: 65514 sp: 65508 pc: 5228          N: 0 Z: 0 V: 0 C: 0      
5228:   sub r2, r3                    src: 64        dst: 7338      r0: 5 r1: 3538 r2: 64 r3: 7274 r4: 0 r5: 65514 sp: 65508 pc: 5230          N: 0 Z: 0 V: 0 C: 0      
5230:   cmp r3, $hshtab               src: 7274      dst: 5722      r0: 5 r1: 3538 r2: 64 r3: 7274 r4: 0 r5: 65514 sp: 65508 pc: 5234          N: 0 Z: 0 V: 0 C: 0      
5234:   bhi 5240.                     src: 3043                     r0: 5 r1: 3538 r2: 64 r3: 7274 r4: 0 r5: 65514 sp: 65508 pc: 5240          N: 0 Z: 0 V: 0 C: 0      
5240:   tst -(r3)                     src: 0                        r0: 5 r1: 3538 r2: 64 r3: 7272 r4: 0 r5: 65514 sp: 65508 pc: 5242          N: 0 Z: 1 V: 0 C: 0      
5242:   bne 5228.                     src: 57475                    r0: 5 r1: 3538 r2: 64 r3: 7272 r4: 0 r5: 65514 sp: 65508 pc: 5244          N: 0 Z: 1 V: 0 C: 0      
5244:   mov (sp)+, r1                 src: 3534      dst: 3538      r0: 5 r1: 3534 r2: 64 r3: 7272 r4: 0 r5: 65514 sp: 65510 pc: 5246          N: 0 Z: 0 V: 0 C: 0      
5246:   mov r1, (r3)                  src: 3534      dst: 0         r0: 5 r1: 3534 r2: 64 r3: 7272 r4: 0 r5: 65514 sp: 65510 pc: 5248          N: 0 Z: 0 V: 0 C: 0      
5248:   add $12., r1                  src: 12        dst: 3534      r0: 5 r1: 3546 r2: 64 r3: 7272 r4: 0 r5: 65514 sp: 65510 pc: 5252          N: 0 Z: 0 V: 0 C: 0      
5252:   cmp r1, $ebsymtab             src: 3546      dst: 5118      r0: 5 r1: 3546 r2: 64 r3: 7272 r4: 0 r5: 65514 sp: 65510 pc: 5256          N: 1 Z: 0 V: 0 C: 1      
5256:   bcs 5196.                     src: 2563                     r0: 5 r1: 3546 r2: 64 r3: 7272 r4: 0 r5: 65514 sp: 65510 pc: 5196          N: 1 Z: 0 V: 0 C: 1      
5196:   clr r3                        src: 7272                     r0: 5 r1: 3546 r2: 64 r3: 0 r4: 0 r5: 65514 sp: 65510 pc: 5198             N: 0 Z: 1 V: 0 C: 0      
5198:   mov $8., r2                   src: 8         dst: 64        r0: 5 r1: 3546 r2: 8 r3: 0 r4: 0 r5: 65514 sp: 65510 pc: 5202              N: 0 Z: 0 V: 0 C: 0      
5202:   mov r1, -(sp)                 src: 3546      dst: 3534      r0: 5 r1: 3546 r2: 8 r3: 0 r4: 0 r5: 65514 sp: 65508 pc: 5204              N: 0 Z: 0 V: 0 C: 0      
5204:   movb (r1)+, r4                src: 98        dst: 0         r0: 5 r1: 3547 r2: 8 r3: 0 r4: 98 r5: 65514 sp: 65508 pc: 5206             N: 0 Z: 0 V: 0 C: 0      
5206:   beq 5214.                     src: 2562                     r0: 5 r1: 3547 r2: 8 r3: 0 r4: 98 r5: 65514 sp: 65508 pc: 5208             N: 0 Z: 0 V: 0 C: 0      
5208:   add r4, r3                    src: 98        dst: 0         r0: 5 r1: 3547 r2: 8 r3: 98 r4: 98 r5: 65514 sp: 65508 pc: 5210            N: 0 Z: 0 V: 0 C: 0      
5210:   swab r3                       src: 98                       r0: 5 r1: 3547 r2: 8 r3: 25088 r4: 98 r5: 65514 sp: 65508 pc: 5212         N: 0 Z: 1 V: 0 C: 0      
5212:   sob r2, 5204.                 src: 8         dst: 68        r0: 5 r1: 3547 r2: 7 r3: 25088 r4: 98 r5: 65514 sp: 65508 pc: 5204         N: 0 Z: 1 V: 0 C: 0      
5204:   movb (r1)+, r4                src: 105       dst: 98        r0: 5 r1: 3548 r2: 7 r3: 25088 r4: 105 r5: 65514 sp: 65508 pc: 5206        N: 0 Z: 0 V: 0 C: 0      
5206:   beq 5214.                     src: 2562                     r0: 5 r1: 3548 r2: 7 r3: 25088 r4: 105 r5: 65514 sp: 65508 pc: 5208        N: 0 Z: 0 V: 0 C: 0      
5208:   add r4, r3                    src: 105       dst: 25088     r0: 5 r1: 3548 r2: 7 r3: 25193 r4: 105 r5: 65514 sp: 65508 pc: 5210        N: 0 Z: 0 V: 0 C: 0      
5210:   swab r3                       src: 25193                    r0: 5 r1: 3548 r2: 7 r3: 26978 r4: 105 r5: 65514 sp: 65508 pc: 5212        N: 0 Z: 0 V: 0 C: 0      
5212:   sob r2, 5204.                 src: 7         dst: 68        r0: 5 r1: 3548 r2: 6 r3: 26978 r4: 105 r5: 65514 sp: 65508 pc: 5204        N: 0 Z: 0 V: 0 C: 0      
5204:   movb (r1)+, r4                src: 99        dst: 105       r0: 5 r1: 3549 r2: 6 r3: 26978 r4: 99 r5: 65514 sp: 65508 pc: 5206         N: 0 Z: 0 V: 0 C: 0      
5206:   beq 5214.                     src: 2562                     r0: 5 r1: 3549 r2: 6 r3: 26978 r4: 99 r5: 65514 sp: 65508 pc: 5208         N: 0 Z: 0 V: 0 C: 0      
5208:   add r4, r3                    src: 99        dst: 26978     r0: 5 r1: 3549 r2: 6 r3: 27077 r4: 99 r5: 65514 sp: 65508 pc: 5210         N: 0 Z: 0 V: 0 C: 0      
5210:   swab r3                       src: 27077                    r0: 5 r1: 3549 r2: 6 r3: 50537 r4: 99 r5: 65514 sp: 65508 pc: 5212         N: 0 Z: 0 V: 0 C: 0      
5212:   sob r2, 5204.                 src: 6         dst: 68        r0: 5 r1: 3549 r2: 5 r3: 50537 r4: 99 r5: 65514 sp: 65508 pc: 5204         N: 0 Z: 0 V: 0 C: 0      
5204:   movb (r1)+, r4                src: 98        dst: 99        r0: 5 r1: 3550 r2: 5 r3: 50537 r4: 98 r5: 65514 sp: 65508 pc: 5206         N: 0 Z: 0 V: 0 C: 0      
5206:   beq 5214.                     src: 2562                     r0: 5 r1: 3550 r2: 5 r3: 50537 r4: 98 r5: 65514 sp: 65508 pc: 5208         N: 0 Z: 0 V: 0 C: 0      
5208:   add r4, r3                    src: 98        dst: 50537     r0: 5 r1: 3550 r2: 5 r3: 50635 r4: 98 r5: 65514 sp: 65508 pc: 5210         N: 0 Z: 0 V: 0 C: 0      
5210:   swab r3                       src: 50635                    r0: 5 r1: 3550 r2: 5 r3: 52165 r4: 98 r5: 65514 sp: 65508 pc: 5212         N: 1 Z: 0 V: 0 C: 0      
5212:   sob r2, 5204.                 src: 5         dst: 68        r0: 5 r1: 3550 r2: 4 r3: 52165 r4: 98 r5: 65514 sp: 65508 pc: 5204         N: 1 Z: 0 V: 0 C: 0      
5204:   movb (r1)+, r4                src: 0         dst: 98        r0: 5 r1: 3551 r2: 4 r3: 52165 r4: 0 r5: 65514 sp: 65508 pc: 5206          N: 0 Z: 1 V: 0 C: 0      
5206:   beq 5214.                     src: 2562                     r0: 5 r1: 3551 r2: 4 r3: 52165 r4: 0 r5: 65514 sp: 65508 pc: 5214          N: 0 Z: 1 V: 0 C: 0      
5214:   clr r2                        src: 4                        r0: 5 r1: 3551 r2: 0 r3: 52165 r4: 0 r5: 65514 sp: 65508 pc: 5216          N: 0 Z: 1 V: 0 C: 0      
5216:   div $hshsiz, r2               src: 1553      dst: 0         r0: 5 r1: 3551 r2: 33 r3: 916 r4: 0 r5: 65514 sp: 65508 pc: 5220           N: 0 Z: 0 V: 0 C: 0      
5220:   ashc $1., r2                  src: 1         dst: 33        r0: 5 r1: 3551 r2: 66 r3: 1832 r4: 0 r5: 65514 sp: 65508 pc: 5224          N: 0 Z: 0 V: 0 C: 0      
5224:   add $hshtab, r3               src: 5722      dst: 1832      r0: 5 r1: 3551 r2: 66 r3: 7554 r4: 0 r5: 65514 sp: 65508 pc: 5228          N: 0 Z: 0 V: 0 C: 0      
5228:   sub r2, r3                    src: 66        dst: 7554      r0: 5 r1: 3551 r2: 66 r3: 7488 r4: 0 r5: 65514 sp: 65508 pc: 5230          N: 0 Z: 0 V: 0 C: 0      
5230:   cmp r3, $hshtab               src: 7488      dst: 5722      r0: 5 r1: 3551 r2: 66 r3: 7488 r4: 0 r5: 65514 sp: 65508 pc: 5234          N: 0 Z: 0 V: 0 C: 0      
5234:   bhi 5240.                     src: 3043                     r0: 5 r1: 3551 r2: 66 r3: 7488 r4: 0 r5: 65514 sp: 65508 pc: 5240          N: 0 Z: 0 V: 0 C: 0      
5240:   tst -(r3)                     src: 0                        r0: 5 r1: 3551 r2: 66 r3: 7486 r4: 0 r5: 65514 sp: 65508 pc: 5242          N: 0 Z: 1 V: 0 C: 0      
5242:   bne 5228.                     src: 57475                    r0: 5 r1: 3551 r2: 66 r3: 7486 r4: 0 r5: 65514 sp: 65508 pc: 5244          N: 0 Z: 1 V: 0 C: 0      
5244:   mov (sp)+, r1                 src: 3546      dst: 3551      r0: 5 r1: 3546 r2: 66 r3: 7486 r4: 0 r5: 65514 sp: 65510 pc: 5246          N: 0 Z: 0 V: 0 C: 0      
5246:   mov r1, (r3)                  src: 3546      dst: 0         r0: 5 r1: 3546 r2: 66 r3: 7486 r4: 0 r5: 65514 sp: 65510 pc: 5248          N: 0 Z: 0 V: 0 C: 0      
5248:   add $12., r1                  src: 12        dst: 3546      r0: 5 r1: 3558 r2: 66 r3: 7486 r4: 0 r5: 65514 sp: 65510 pc: 5252          N: 0 Z: 0 V: 0 C: 0      
5252:   cmp r1, $ebsymtab             src: 3558      dst: 5118      r0: 5 r1: 3558 r2: 66 r3: 7486 r4: 0 r5: 65514 sp: 65510 pc: 5256          N: 1 Z: 0 V: 0 C: 1      
5256:   bcs 5196.                     src: 2563                     r0: 5 r1: 3558 r2: 66 r3: 7486 r4: 0 r5: 65514 sp: 65510 pc: 5196          N: 1 Z: 0 V: 0 C: 1      
5196:   clr r3                        src: 7486                     r0: 5 r1: 3558 r2: 66 r3: 0 r4: 0 r5: 65514 sp: 65510 pc: 5198             N: 0 Z: 1 V: 0 C: 0      
5198:   mov $8., r2                   src: 8         dst: 66        r0: 5 r1: 3558 r2: 8 r3: 0 r4: 0 r5: 65514 sp: 65510 pc: 5202              N: 0 Z: 0 V: 0 C: 0      
5202:   mov r1, -(sp)                 src: 3558      dst: 3546      r0: 5 r1: 3558 r2: 8 r3: 0 r4: 0 r5: 65514 sp: 65508 pc: 5204              N: 0 Z: 0 V: 0 C: 0      
5204:   movb (r1)+, r4                src: 98        dst: 0         r0: 5 r1: 3559 r2: 8 r3: 0 r4: 98 r5: 65514 sp: 65508 pc: 5206             N: 0 Z: 0 V: 0 C: 0      
5206:   beq 5214.                     src: 2562                     r0: 5 r1: 3559 r2: 8 r3: 0 r4: 98 r5: 65514 sp: 65508 pc: 5208             N: 0 Z: 0 V: 0 C: 0      
5208:   add r4, r3                    src: 98        dst: 0         r0: 5 r1: 3559 r2: 8 r3: 98 r4: 98 r5: 65514 sp: 65508 pc: 5210            N: 0 Z: 0 V: 0 C: 0      
5210:   swab r3                       src: 98                       r0: 5 r1: 3559 r2: 8 r3: 25088 r4: 98 r5: 65514 sp: 65508 pc: 5212         N: 0 Z: 1 V: 0 C: 0      
5212:   sob r2, 5204.                 src: 8         dst: 68        r0: 5 r1: 3559 r2: 7 r3: 25088 r4: 98 r5: 65514 sp: 65508 pc: 5204         N: 0 Z: 1 V: 0 C: 0      
5204:   movb (r1)+, r4                src: 105       dst: 98        r0: 5 r1: 3560 r2: 7 r3: 25088 r4: 105 r5: 65514 sp: 65508 pc: 5206        N: 0 Z: 0 V: 0 C: 0      
5206:   beq 5214.                     src: 2562                     r0: 5 r1: 3560 r2: 7 r3: 25088 r4: 105 r5: 65514 sp: 65508 pc: 5208        N: 0 Z: 0 V: 0 C: 0      
5208:   add r4, r3                    src: 105       dst: 25088     r0: 5 r1: 3560 r2: 7 r3: 25193 r4: 105 r5: 65514 sp: 65508 pc: 5210        N: 0 Z: 0 V: 0 C: 0      
5210:   swab r3                       src: 25193                    r0: 5 r1: 3560 r2: 7 r3: 26978 r4: 105 r5: 65514 sp: 65508 pc: 5212        N: 0 Z: 0 V: 0 C: 0      
5212:   sob r2, 5204.                 src: 7         dst: 68        r0: 5 r1: 3560 r2: 6 r3: 26978 r4: 105 r5: 65514 sp: 65508 pc: 5204        N: 0 Z: 0 V: 0 C: 0      
5204:   movb (r1)+, r4                src: 115       dst: 105       r0: 5 r1: 3561 r2: 6 r3: 26978 r4: 115 r5: 65514 sp: 65508 pc: 5206        N: 0 Z: 0 V: 0 C: 0      
5206:   beq 5214.                     src: 2562                     r0: 5 r1: 3561 r2: 6 r3: 26978 r4: 115 r5: 65514 sp: 65508 pc: 5208        N: 0 Z: 0 V: 0 C: 0      
5208:   add r4, r3                    src: 115       dst: 26978     r0: 5 r1: 3561 r2: 6 r3: 27093 r4: 115 r5: 65514 sp: 65508 pc: 5210        N: 0 Z: 0 V: 0 C: 0      
5210:   swab r3                       src: 27093                    r0: 5 r1: 3561 r2: 6 r3: 54633 r4: 115 r5: 65514 sp: 65508 pc: 5212        N: 0 Z: 0 V: 0 C: 0      
5212:   sob r2, 5204.                 src: 6         dst: 68        r0: 5 r1: 3561 r2: 5 r3: 54633 r4: 115 r5: 65514 sp: 65508 pc: 5204        N: 0 Z: 0 V: 0 C: 0      
5204:   movb (r1)+, r4                src: 0         dst: 115       r0: 5 r1: 3562 r2: 5 r3: 54633 r4: 0 r5: 65514 sp: 65508 pc: 5206          N: 0 Z: 1 V: 0 C: 0      
5206:   beq 5214.                     src: 2562                     r0: 5 r1: 3562 r2: 5 r3: 54633 r4: 0 r5: 65514 sp: 65508 pc: 5214          N: 0 Z: 1 V: 0 C: 0      
5214:   clr r2                        src: 5                        r0: 5 r1: 3562 r2: 0 r3: 54633 r4: 0 r5: 65514 sp: 65508 pc: 5216          N: 0 Z: 1 V: 0 C: 0      
5216:   div $hshsiz, r2               src: 1553      dst: 0         r0: 5 r1: 3562 r2: 35 r3: 278 r4: 0 r5: 65514 sp: 65508 pc: 5220           N: 0 Z: 0 V: 0 C: 0      
5220:   ashc $1., r2                  src: 1         dst: 35        r0: 5 r1: 3562 r2: 70 r3: 556 r4: 0 r5: 65514 sp: 65508 pc: 5224           N: 0 Z: 0 V: 0 C: 0      
5224:   add $hshtab, r3               src: 5722      dst: 556       r0: 5 r1: 3562 r2: 70 r3: 6278 r4: 0 r5: 65514 sp: 65508 pc: 5228          N: 0 Z: 0 V: 0 C: 0      
5228:   sub r2, r3                    src: 70        dst: 6278      r0: 5 r1: 3562 r2: 70 r3: 6208 r4: 0 r5: 65514 sp: 65508 pc: 5230          N: 0 Z: 0 V: 0 C: 0      
5230:   cmp r3, $hshtab               src: 6208      dst: 5722      r0: 5 r1: 3562 r2: 70 r3: 6208 r4: 0 r5: 65514 sp: 65508 pc: 5234          N: 0 Z: 0 V: 0 C: 0      
5234:   bhi 5240.                     src: 3043                     r0: 5 r1: 3562 r2: 70 r3: 6208 r4: 0 r5: 65514 sp: 65508 pc: 5240          N: 0 Z: 0 V: 0 C: 0      
5240:   tst -(r3)                     src: 0                        r0: 5 r1: 3562 r2: 70 r3: 6206 r4: 0 r5: 65514 sp: 65508 pc: 5242          N: 0 Z: 1 V: 0 C: 0      
5242:   bne 5228.                     src: 57475                    r0: 5 r1: 3562 r2: 70 r3: 6206 r4: 0 r5: 65514 sp: 65508 pc: 5244          N: 0 Z: 1 V: 0 C: 0      
5244:   mov (sp)+, r1                 src: 3558      dst: 3562      r0: 5 r1: 3558 r2: 70 r3: 6206 r4: 0 r5: 65514 sp: 65510 pc: 5246          N: 0 Z: 0 V: 0 C: 0      
5246:   mov r1, (r3)                  src: 3558      dst: 0         r0: 5 r1: 3558 r2: 70 r3: 6206 r4: 0 r5: 65514 sp: 65510 pc: 5248          N: 0 Z: 0 V: 0 C: 0      
5248:   add $12., r1                  src: 12        dst: 3558      r0: 5 r1: 3570 r2: 70 r3: 6206 r4: 0 r5: 65514 sp: 65510 pc: 5252          N: 0 Z: 0 V: 0 C: 0      
5252:   cmp r1, $ebsymtab             src: 3570      dst: 5118      r0: 5 r1: 3570 r2: 70 r3: 6206 r4: 0 r5: 65514 sp: 65510 pc: 5256          N: 1 Z: 0 V: 0 C: 1      
5256:   bcs 5196.                     src: 2563                     r0: 5 r1: 3570 r2: 70 r3: 6206 r4: 0 r5: 65514 sp: 65510 pc: 5196          N: 1 Z: 0 V: 0 C: 1      
5196:   clr r3                        src: 6206                     r0: 5 r1: 3570 r2: 70 r3: 0 r4: 0 r5: 65514 sp: 65510 pc: 5198             N: 0 Z: 1 V: 0 C: 0      
5198:   mov $8., r2                   src: 8         dst: 70        r0: 5 r1: 3570 r2: 8 r3: 0 r4: 0 r5: 65514 sp: 65510 pc: 5202              N: 0 Z: 0 V: 0 C: 0      
5202:   mov r1, -(sp)                 src: 3570      dst: 3558      r0: 5 r1: 3570 r2: 8 r3: 0 r4: 0 r5: 65514 sp: 65508 pc: 5204              N: 0 Z: 0 V: 0 C: 0      
5204:   movb (r1)+, r4                src: 98        dst: 0         r0: 5 r1: 3571 r2: 8 r3: 0 r4: 98 r5: 65514 sp: 65508 pc: 5206             N: 0 Z: 0 V: 0 C: 0      
5206:   beq 5214.                     src: 2562                     r0: 5 r1: 3571 r2: 8 r3: 0 r4: 98 r5: 65514 sp: 65508 pc: 5208             N: 0 Z: 0 V: 0 C: 0      
5208:   add r4, r3                    src: 98        dst: 0         r0: 5 r1: 3571 r2: 8 r3: 98 r4: 98 r5: 65514 sp: 65508 pc: 5210            N: 0 Z: 0 V: 0 C: 0      
5210:   swab r3                       src: 98                       r0: 5 r1: 3571 r2: 8 r3: 25088 r4: 98 r5: 65514 sp: 65508 pc: 5212         N: 0 Z: 1 V: 0 C: 0      
5212:   sob r2, 5204.                 src: 8         dst: 68        r0: 5 r1: 3571 r2: 7 r3: 25088 r4: 98 r5: 65514 sp: 65508 pc: 5204         N: 0 Z: 1 V: 0 C: 0      
5204:   movb (r1)+, r4                src: 105       dst: 98        r0: 5 r1: 3572 r2: 7 r3: 25088 r4: 105 r5: 65514 sp: 65508 pc: 5206        N: 0 Z: 0 V: 0 C: 0      
5206:   beq 5214.                     src: 2562                     r0: 5 r1: 3572 r2: 7 r3: 25088 r4: 105 r5: 65514 sp: 65508 pc: 5208        N: 0 Z: 0 V: 0 C: 0      
5208:   add r4, r3                    src: 105       dst: 25088     r0: 5 r1: 3572 r2: 7 r3: 25193 r4: 105 r5: 65514 sp: 65508 pc: 5210        N: 0 Z: 0 V: 0 C: 0      
5210:   swab r3                       src: 25193                    r0: 5 r1: 3572 r2: 7 r3: 26978 r4: 105 r5: 65514 sp: 65508 pc: 5212        N: 0 Z: 0 V: 0 C: 0      
5212:   sob r2, 5204.                 src: 7         dst: 68        r0: 5 r1: 3572 r2: 6 r3: 26978 r4: 105 r5: 65514 sp: 65508 pc: 5204        N: 0 Z: 0 V: 0 C: 0      
5204:   movb (r1)+, r4                src: 115       dst: 105       r0: 5 r1: 3573 r2: 6 r3: 26978 r4: 115 r5: 65514 sp: 65508 pc: 5206        N: 0 Z: 0 V: 0 C: 0      
5206:   beq 5214.                     src: 2562                     r0: 5 r1: 3573 r2: 6 r3: 26978 r4: 115 r5: 65514 sp: 65508 pc: 5208        N: 0 Z: 0 V: 0 C: 0      
5208:   add r4, r3                    src: 115       dst: 26978     r0: 5 r1: 3573 r2: 6 r3: 27093 r4: 115 r5: 65514 sp: 65508 pc: 5210        N: 0 Z: 0 V: 0 C: 0      
5210:   swab r3                       src: 27093                    r0: 5 r1: 3573 r2: 6 r3: 54633 r4: 115 r5: 65514 sp: 65508 pc: 5212        N: 0 Z: 0 V: 0 C: 0      
5212:   sob r2, 5204.                 src: 6         dst: 68        r0: 5 r1: 3573 r2: 5 r3: 54633 r4: 115 r5: 65514 sp: 65508 pc: 5204        N: 0 Z: 0 V: 0 C: 0      
5204:   movb (r1)+, r4                src: 98        dst: 115       r0: 5 r1: 3574 r2: 5 r3: 54633 r4: 98 r5: 65514 sp: 65508 pc: 5206         N: 0 Z: 0 V: 0 C: 0      
5206:   beq 5214.                     src: 2562                     r0: 5 r1: 3574 r2: 5 r3: 54633 r4: 98 r5: 65514 sp: 65508 pc: 5208         N: 0 Z: 0 V: 0 C: 0      
5208:   add r4, r3                    src: 98        dst: 54633     r0: 5 r1: 3574 r2: 5 r3: 54731 r4: 98 r5: 65514 sp: 65508 pc: 5210         N: 0 Z: 0 V: 0 C: 0      
5210:   swab r3                       src: 54731                    r0: 5 r1: 3574 r2: 5 r3: 52181 r4: 98 r5: 65514 sp: 65508 pc: 5212         N: 1 Z: 0 V: 0 C: 0      
5212:   sob r2, 5204.                 src: 5         dst: 68        r0: 5 r1: 3574 r2: 4 r3: 52181 r4: 98 r5: 65514 sp: 65508 pc: 5204         N: 1 Z: 0 V: 0 C: 0      
5204:   movb (r1)+, r4                src: 0         dst: 98        r0: 5 r1: 3575 r2: 4 r3: 52181 r4: 0 r5: 65514 sp: 65508 pc: 5206          N: 0 Z: 1 V: 0 C: 0      
5206:   beq 5214.                     src: 2562                     r0: 5 r1: 3575 r2: 4 r3: 52181 r4: 0 r5: 65514 sp: 65508 pc: 5214          N: 0 Z: 1 V: 0 C: 0      
5214:   clr r2                        src: 4                        r0: 5 r1: 3575 r2: 0 r3: 52181 r4: 0 r5: 65514 sp: 65508 pc: 5216          N: 0 Z: 1 V: 0 C: 0      
5216:   div $hshsiz, r2               src: 1553      dst: 0         r0: 5 r1: 3575 r2: 33 r3: 932 r4: 0 r5: 65514 sp: 65508 pc: 5220           N: 0 Z: 0 V: 0 C: 0      
5220:   ashc $1., r2                  src: 1         dst: 33        r0: 5 r1: 3575 r2: 66 r3: 1864 r4: 0 r5: 65514 sp: 65508 pc: 5224          N: 0 Z: 0 V: 0 C: 0      
5224:   add $hshtab, r3               src: 5722      dst: 1864      r0: 5 r1: 3575 r2: 66 r3: 7586 r4: 0 r5: 65514 sp: 65508 pc: 5228          N: 0 Z: 0 V: 0 C: 0      
5228:   sub r2, r3                    src: 66        dst: 7586      r0: 5 r1: 3575 r2: 66 r3: 7520 r4: 0 r5: 65514 sp: 65508 pc: 5230          N: 0 Z: 0 V: 0 C: 0      
5230:   cmp r3, $hshtab               src: 7520      dst: 5722      r0: 5 r1: 3575 r2: 66 r3: 7520 r4: 0 r5: 65514 sp: 65508 pc: 5234          N: 0 Z: 0 V: 0 C: 0      
5234:   bhi 5240.                     src: 3043                     r0: 5 r1: 3575 r2: 66 r3: 7520 r4: 0 r5: 65514 sp: 65508 pc: 5240          N: 0 Z: 0 V: 0 C: 0      
5240:   tst -(r3)                     src: 1                        r0: 5 r1: 3575 r2: 66 r3: 7518 r4: 0 r5: 65514 sp: 65508 pc: 5242          N: 0 Z: 0 V: 0 C: 0      
5242:   bne 5228.                     src: 57475                    r0: 5 r1: 3575 r2: 66 r3: 7518 r4: 0 r5: 65514 sp: 65508 pc: 5228          N: 0 Z: 0 V: 0 C: 0      
5228:   sub r2, r3                    src: 66        dst: 7518      r0: 5 r1: 3575 r2: 66 r3: 7452 r4: 0 r5: 65514 sp: 65508 pc: 5230          N: 0 Z: 0 V: 0 C: 0      
5230:   cmp r3, $hshtab               src: 7452      dst: 5722      r0: 5 r1: 3575 r2: 66 r3: 7452 r4: 0 r5: 65514 sp: 65508 pc: 5234          N: 0 Z: 0 V: 0 C: 0      
5234:   bhi 5240.                     src: 3043                     r0: 5 r1: 3575 r2: 66 r3: 7452 r4: 0 r5: 65514 sp: 65508 pc: 5240          N: 0 Z: 0 V: 0 C: 0      
5240:   tst -(r3)                     src: 1                        r0: 5 r1: 3575 r2: 66 r3: 7450 r4: 0 r5: 65514 sp: 65508 pc: 5242          N: 0 Z: 0 V: 0 C: 0      
5242:   bne 5228.                     src: 57475                    r0: 5 r1: 3575 r2: 66 r3: 7450 r4: 0 r5: 65514 sp: 65508 pc: 5228          N: 0 Z: 0 V: 0 C: 0      
5228:   sub r2, r3                    src: 66        dst: 7450      r0: 5 r1: 3575 r2: 66 r3: 7384 r4: 0 r5: 65514 sp: 65508 pc: 5230          N: 0 Z: 0 V: 0 C: 0      
5230:   cmp r3, $hshtab               src: 7384      dst: 5722      r0: 5 r1: 3575 r2: 66 r3: 7384 r4: 0 r5: 65514 sp: 65508 pc: 5234          N: 0 Z: 0 V: 0 C: 0      
5234:   bhi 5240.                     src: 3043                     r0: 5 r1: 3575 r2: 66 r3: 7384 r4: 0 r5: 65514 sp: 65508 pc: 5240          N: 0 Z: 0 V: 0 C: 0      
5240:   tst -(r3)                     src: 2                        r0: 5 r1: 3575 r2: 66 r3: 7382 r4: 0 r5: 65514 sp: 65508 pc: 5242          N: 0 Z: 0 V: 0 C: 0      
5242:   bne 5228.                     src: 57475                    r0: 5 r1: 3575 r2: 66 r3: 7382 r4: 0 r5: 65514 sp: 65508 pc: 5228          N: 0 Z: 0 V: 0 C: 0      
5228:   sub r2, r3                    src: 66        dst: 7382      r0: 5 r1: 3575 r2: 66 r3: 7316 r4: 0 r5: 65514 sp: 65508 pc: 5230          N: 0 Z: 0 V: 0 C: 0      
5230:   cmp r3, $hshtab               src: 7316      dst: 5722      r0: 5 r1: 3575 r2: 66 r3: 7316 r4: 0 r5: 65514 sp: 65508 pc: 5234          N: 0 Z: 0 V: 0 C: 0      
5234:   bhi 5240.                     src: 3043                     r0: 5 r1: 3575 r2: 66 r3: 7316 r4: 0 r5: 65514 sp: 65508 pc: 5240          N: 0 Z: 0 V: 0 C: 0      
5240:   tst -(r3)                     src: 1                        r0: 5 r1: 3575 r2: 66 r3: 7314 r4: 0 r5: 65514 sp: 65508 pc: 5242          N: 0 Z: 0 V: 0 C: 0      
5242:   bne 5228.                     src: 57475                    r0: 5 r1: 3575 r2: 66 r3: 7314 r4: 0 r5: 65514 sp: 65508 pc: 5228          N: 0 Z: 0 V: 0 C: 0      
5228:   sub r2, r3                    src: 66        dst: 7314      r0: 5 r1: 3575 r2: 66 r3: 7248 r4: 0 r5: 65514 sp: 65508 pc: 5230          N: 0 Z: 0 V: 0 C: 0      
5230:   cmp r3, $hshtab               src: 7248      dst: 5722      r0: 5 r1: 3575 r2: 66 r3: 7248 r4: 0 r5: 65514 sp: 65508 pc: 5234          N: 0 Z: 0 V: 0 C: 0      
5234:   bhi 5240.                     src: 3043                     r0: 5 r1: 3575 r2: 66 r3: 7248 r4: 0 r5: 65514 sp: 65508 pc: 5240          N: 0 Z: 0 V: 0 C: 0      
5240:   tst -(r3)                     src: 0                        r0: 5 r1: 3575 r2: 66 r3: 7246 r4: 0 r5: 65514 sp: 65508 pc: 5242          N: 0 Z: 1 V: 0 C: 0      
5242:   bne 5228.                     src: 57475                    r0: 5 r1: 3575 r2: 66 r3: 7246 r4: 0 r5: 65514 sp: 65508 pc: 5244          N: 0 Z: 1 V: 0 C: 0      
5244:   mov (sp)+, r1                 src: 3570      dst: 3575      r0: 5 r1: 3570 r2: 66 r3: 7246 r4: 0 r5: 65514 sp: 65510 pc: 5246          N: 0 Z: 0 V: 0 C: 0      
5246:   mov r1, (r3)                  src: 3570      dst: 0         r0: 5 r1: 3570 r2: 66 r3: 7246 r4: 0 r5: 65514 sp: 65510 pc: 5248          N: 0 Z: 0 V: 0 C: 0      
5248:   add $12., r1                  src: 12        dst: 3570      r0: 5 r1: 3582 r2: 66 r3: 7246 r4: 0 r5: 65514 sp: 65510 pc: 5252          N: 0 Z: 0 V: 0 C: 0      
5252:   cmp r1, $ebsymtab             src: 3582      dst: 5118      r0: 5 r1: 3582 r2: 66 r3: 7246 r4: 0 r5: 65514 sp: 65510 pc: 5256          N: 1 Z: 0 V: 0 C: 1      
5256:   bcs 5196.                     src: 2563                     r0: 5 r1: 3582 r2: 66 r3: 7246 r4: 0 r5: 65514 sp: 65510 pc: 5196          N: 1 Z: 0 V: 0 C: 1      
5196:   clr r3                        src: 7246                     r0: 5 r1: 3582 r2: 66 r3: 0 r4: 0 r5: 65514 sp: 65510 pc: 5198             N: 0 Z: 1 V: 0 C: 0      
5198:   mov $8., r2                   src: 8         dst: 66        r0: 5 r1: 3582 r2: 8 r3: 0 r4: 0 r5: 65514 sp: 65510 pc: 5202              N: 0 Z: 0 V: 0 C: 0      
5202:   mov r1, -(sp)                 src: 3582      dst: 3570      r0: 5 r1: 3582 r2: 8 r3: 0 r4: 0 r5: 65514 sp: 65508 pc: 5204              N: 0 Z: 0 V: 0 C: 0      
5204:   movb (r1)+, r4                src: 97        dst: 0         r0: 5 r1: 3583 r2: 8 r3: 0 r4: 97 r5: 65514 sp: 65508 pc: 5206             N: 0 Z: 0 V: 0 C: 0      
5206:   beq 5214.                     src: 2562                     r0: 5 r1: 3583 r2: 8 r3: 0 r4: 97 r5: 65514 sp: 65508 pc: 5208             N: 0 Z: 0 V: 0 C: 0      
5208:   add r4, r3                    src: 97        dst: 0         r0: 5 r1: 3583 r2: 8 r3: 97 r4: 97 r5: 65514 sp: 65508 pc: 5210            N: 0 Z: 0 V: 0 C: 0      
5210:   swab r3                       src: 97                       r0: 5 r1: 3583 r2: 8 r3: 24832 r4: 97 r5: 65514 sp: 65508 pc: 5212         N: 0 Z: 1 V: 0 C: 0      
5212:   sob r2, 5204.                 src: 8         dst: 68        r0: 5 r1: 3583 r2: 7 r3: 24832 r4: 97 r5: 65514 sp: 65508 pc: 5204         N: 0 Z: 1 V: 0 C: 0      
5204:   movb (r1)+, r4                src: 100       dst: 97        r0: 5 r1: 3584 r2: 7 r3: 24832 r4: 100 r5: 65514 sp: 65508 pc: 5206        N: 0 Z: 0 V: 0 C: 0      
5206:   beq 5214.                     src: 2562                     r0: 5 r1: 3584 r2: 7 r3: 24832 r4: 100 r5: 65514 sp: 65508 pc: 5208        N: 0 Z: 0 V: 0 C: 0      
5208:   add r4, r3                    src: 100       dst: 24832     r0: 5 r1: 3584 r2: 7 r3: 24932 r4: 100 r5: 65514 sp: 65508 pc: 5210        N: 0 Z: 0 V: 0 C: 0      
5210:   swab r3                       src: 24932                    r0: 5 r1: 3584 r2: 7 r3: 25697 r4: 100 r5: 65514 sp: 65508 pc: 5212        N: 0 Z: 0 V: 0 C: 0      
5212:   sob r2, 5204.                 src: 7         dst: 68        r0: 5 r1: 3584 r2: 6 r3: 25697 r4: 100 r5: 65514 sp: 65508 pc: 5204        N: 0 Z: 0 V: 0 C: 0      
5204:   movb (r1)+, r4                src: 100       dst: 100       r0: 5 r1: 3585 r2: 6 r3: 25697 r4: 100 r5: 65514 sp: 65508 pc: 5206        N: 0 Z: 0 V: 0 C: 0      
5206:   beq 5214.                     src: 2562                     r0: 5 r1: 3585 r2: 6 r3: 25697 r4: 100 r5: 65514 sp: 65508 pc: 5208        N: 0 Z: 0 V: 0 C: 0      
5208:   add r4, r3                    src: 100       dst: 25697     r0: 5 r1: 3585 r2: 6 r3: 25797 r4: 100 r5: 65514 sp: 65508 pc: 5210        N: 0 Z: 0 V: 0 C: 0      
5210:   swab r3                       src: 25797                    r0: 5 r1: 3585 r2: 6 r3: 50532 r4: 100 r5: 65514 sp: 65508 pc: 5212        N: 0 Z: 0 V: 0 C: 0      
5212:   sob r2, 5204.                 src: 6         dst: 68        r0: 5 r1: 3585 r2: 5 r3: 50532 r4: 100 r5: 65514 sp: 65508 pc: 5204        N: 0 Z: 0 V: 0 C: 0      
5204:   movb (r1)+, r4                src: 0         dst: 100       r0: 5 r1: 3586 r2: 5 r3: 50532 r4: 0 r5: 65514 sp: 65508 pc: 5206          N: 0 Z: 1 V: 0 C: 0      
5206:   beq 5214.                     src: 2562                     r0: 5 r1: 3586 r2: 5 r3: 50532 r4: 0 r5: 65514 sp: 65508 pc: 5214          N: 0 Z: 1 V: 0 C: 0      
5214:   clr r2                        src: 5                        r0: 5 r1: 3586 r2: 0 r3: 50532 r4: 0 r5: 65514 sp: 65508 pc: 5216          N: 0 Z: 1 V: 0 C: 0      
5216:   div $hshsiz, r2               src: 1553      dst: 0         r0: 5 r1: 3586 r2: 32 r3: 836 r4: 0 r5: 65514 sp: 65508 pc: 5220           N: 0 Z: 0 V: 0 C: 0      
5220:   ashc $1., r2                  src: 1         dst: 32        r0: 5 r1: 3586 r2: 64 r3: 1672 r4: 0 r5: 65514 sp: 65508 pc: 5224          N: 0 Z: 0 V: 0 C: 0      
5224:   add $hshtab, r3               src: 5722      dst: 1672      r0: 5 r1: 3586 r2: 64 r3: 7394 r4: 0 r5: 65514 sp: 65508 pc: 5228          N: 0 Z: 0 V: 0 C: 0      
5228:   sub r2, r3                    src: 64        dst: 7394      r0: 5 r1: 3586 r2: 64 r3: 7330 r4: 0 r5: 65514 sp: 65508 pc: 5230          N: 0 Z: 0 V: 0 C: 0      
5230:   cmp r3, $hshtab               src: 7330      dst: 5722      r0: 5 r1: 3586 r2: 64 r3: 7330 r4: 0 r5: 65514 sp: 65508 pc: 5234          N: 0 Z: 0 V: 0 C: 0      
5234:   bhi 5240.                     src: 3043                     r0: 5 r1: 3586 r2: 64 r3: 7330 r4: 0 r5: 65514 sp: 65508 pc: 5240          N: 0 Z: 0 V: 0 C: 0      
5240:   tst -(r3)                     src: 0                        r0: 5 r1: 3586 r2: 64 r3: 7328 r4: 0 r5: 65514 sp: 65508 pc: 5242          N: 0 Z: 1 V: 0 C: 0      
5242:   bne 5228.                     src: 57475                    r0: 5 r1: 3586 r2: 64 r3: 7328 r4: 0 r5: 65514 sp: 65508 pc: 5244          N: 0 Z: 1 V: 0 C: 0      
5244:   mov (sp)+, r1                 src: 3582      dst: 3586      r0: 5 r1: 3582 r2: 64 r3: 7328 r4: 0 r5: 65514 sp: 65510 pc: 5246          N: 0 Z: 0 V: 0 C: 0      
5246:   mov r1, (r3)                  src: 3582      dst: 0         r0: 5 r1: 3582 r2: 64 r3: 7328 r4: 0 r5: 65514 sp: 65510 pc: 5248          N: 0 Z: 0 V: 0 C: 0      
5248:   add $12., r1                  src: 12        dst: 3582      r0: 5 r1: 3594 r2: 64 r3: 7328 r4: 0 r5: 65514 sp: 65510 pc: 5252          N: 0 Z: 0 V: 0 C: 0      
5252:   cmp r1, $ebsymtab             src: 3594      dst: 5118      r0: 5 r1: 3594 r2: 64 r3: 7328 r4: 0 r5: 65514 sp: 65510 pc: 5256          N: 1 Z: 0 V: 0 C: 1      
5256:   bcs 5196.                     src: 2563                     r0: 5 r1: 3594 r2: 64 r3: 7328 r4: 0 r5: 65514 sp: 65510 pc: 5196          N: 1 Z: 0 V: 0 C: 1      
5196:   clr r3                        src: 7328                     r0: 5 r1: 3594 r2: 64 r3: 0 r4: 0 r5: 65514 sp: 65510 pc: 5198             N: 0 Z: 1 V: 0 C: 0      
5198:   mov $8., r2                   src: 8         dst: 64        r0: 5 r1: 3594 r2: 8 r3: 0 r4: 0 r5: 65514 sp: 65510 pc: 5202              N: 0 Z: 0 V: 0 C: 0      
5202:   mov r1, -(sp)                 src: 3594      dst: 3582      r0: 5 r1: 3594 r2: 8 r3: 0 r4: 0 r5: 65514 sp: 65508 pc: 5204              N: 0 Z: 0 V: 0 C: 0      
5204:   movb (r1)+, r4                src: 115       dst: 0         r0: 5 r1: 3595 r2: 8 r3: 0 r4: 115 r5: 65514 sp: 65508 pc: 5206            N: 0 Z: 0 V: 0 C: 0      
5206:   beq 5214.                     src: 2562                     r0: 5 r1: 3595 r2: 8 r3: 0 r4: 115 r5: 65514 sp: 65508 pc: 5208            N: 0 Z: 0 V: 0 C: 0      
5208:   add r4, r3                    src: 115       dst: 0         r0: 5 r1: 3595 r2: 8 r3: 115 r4: 115 r5: 65514 sp: 65508 pc: 5210          N: 0 Z: 0 V: 0 C: 0      
5210:   swab r3                       src: 115                      r0: 5 r1: 3595 r2: 8 r3: 29440 r4: 115 r5: 65514 sp: 65508 pc: 5212        N: 0 Z: 1 V: 0 C: 0      
5212:   sob r2, 5204.                 src: 8         dst: 68        r0: 5 r1: 3595 r2: 7 r3: 29440 r4: 115 r5: 65514 sp: 65508 pc: 5204        N: 0 Z: 1 V: 0 C: 0      
5204:   movb (r1)+, r4                src: 117       dst: 115       r0: 5 r1: 3596 r2: 7 r3: 29440 r4: 117 r5: 65514 sp: 65508 pc: 5206        N: 0 Z: 0 V: 0 C: 0      
5206:   beq 5214.                     src: 2562                     r0: 5 r1: 3596 r2: 7 r3: 29440 r4: 117 r5: 65514 sp: 65508 pc: 5208        N: 0 Z: 0 V: 0 C: 0      
5208:   add r4, r3                    src: 117       dst: 29440     r0: 5 r1: 3596 r2: 7 r3: 29557 r4: 117 r5: 65514 sp: 65508 pc: 5210        N: 0 Z: 0 V: 0 C: 0      
5210:   swab r3                       src: 29557                    r0: 5 r1: 3596 r2: 7 r3: 30067 r4: 117 r5: 65514 sp: 65508 pc: 5212        N: 0 Z: 0 V: 0 C: 0      
5212:   sob r2, 5204.                 src: 7         dst: 68        r0: 5 r1: 3596 r2: 6 r3: 30067 r4: 117 r5: 65514 sp: 65508 pc: 5204        N: 0 Z: 0 V: 0 C: 0      
5204:   movb (r1)+, r4                src: 98        dst: 117       r0: 5 r1: 3597 r2: 6 r3: 30067 r4: 98 r5: 65514 sp: 65508 pc: 5206         N: 0 Z: 0 V: 0 C: 0      
5206:   beq 5214.                     src: 2562                     r0: 5 r1: 3597 r2: 6 r3: 30067 r4: 98 r5: 65514 sp: 65508 pc: 5208         N: 0 Z: 0 V: 0 C: 0      
5208:   add r4, r3                    src: 98        dst: 30067     r0: 5 r1: 3597 r2: 6 r3: 30165 r4: 98 r5: 65514 sp: 65508 pc: 5210         N: 0 Z: 0 V: 0 C: 0      
5210:   swab r3                       src: 30165                    r0: 5 r1: 3597 r2: 6 r3: 54645 r4: 98 r5: 65514 sp: 65508 pc: 5212         N: 0 Z: 0 V: 0 C: 0      
5212:   sob r2, 5204.                 src: 6         dst: 68        r0: 5 r1: 3597 r2: 5 r3: 54645 r4: 98 r5: 65514 sp: 65508 pc: 5204         N: 0 Z: 0 V: 0 C: 0      
5204:   movb (r1)+, r4                src: 0         dst: 98        r0: 5 r1: 3598 r2: 5 r3: 54645 r4: 0 r5: 65514 sp: 65508 pc: 5206          N: 0 Z: 1 V: 0 C: 0      
5206:   beq 5214.                     src: 2562                     r0: 5 r1: 3598 r2: 5 r3: 54645 r4: 0 r5: 65514 sp: 65508 pc: 5214          N: 0 Z: 1 V: 0 C: 0      
5214:   clr r2                        src: 5                        r0: 5 r1: 3598 r2: 0 r3: 54645 r4: 0 r5: 65514 sp: 65508 pc: 5216          N: 0 Z: 1 V: 0 C: 0      
5216:   div $hshsiz, r2               src: 1553      dst: 0         r0: 5 r1: 3598 r2: 35 r3: 290 r4: 0 r5: 65514 sp: 65508 pc: 5220           N: 0 Z: 0 V: 0 C: 0      
5220:   ashc $1., r2                  src: 1         dst: 35        r0: 5 r1: 3598 r2: 70 r3: 580 r4: 0 r5: 65514 sp: 65508 pc: 5224           N: 0 Z: 0 V: 0 C: 0      
5224:   add $hshtab, r3               src: 5722      dst: 580       r0: 5 r1: 3598 r2: 70 r3: 6302 r4: 0 r5: 65514 sp: 65508 pc: 5228          N: 0 Z: 0 V: 0 C: 0      
5228:   sub r2, r3                    src: 70        dst: 6302      r0: 5 r1: 3598 r2: 70 r3: 6232 r4: 0 r5: 65514 sp: 65508 pc: 5230          N: 0 Z: 0 V: 0 C: 0      
5230:   cmp r3, $hshtab               src: 6232      dst: 5722      r0: 5 r1: 3598 r2: 70 r3: 6232 r4: 0 r5: 65514 sp: 65508 pc: 5234          N: 0 Z: 0 V: 0 C: 0      
5234:   bhi 5240.                     src: 3043                     r0: 5 r1: 3598 r2: 70 r3: 6232 r4: 0 r5: 65514 sp: 65508 pc: 5240          N: 0 Z: 0 V: 0 C: 0      
5240:   tst -(r3)                     src: 1                        r0: 5 r1: 3598 r2: 70 r3: 6230 r4: 0 r5: 65514 sp: 65508 pc: 5242          N: 0 Z: 0 V: 0 C: 0      
5242:   bne 5228.                     src: 57475                    r0: 5 r1: 3598 r2: 70 r3: 6230 r4: 0 r5: 65514 sp: 65508 pc: 5228          N: 0 Z: 0 V: 0 C: 0      
5228:   sub r2, r3                    src: 70        dst: 6230      r0: 5 r1: 3598 r2: 70 r3: 6160 r4: 0 r5: 65514 sp: 65508 pc: 5230          N: 0 Z: 0 V: 0 C: 0      
5230:   cmp r3, $hshtab               src: 6160      dst: 5722      r0: 5 r1: 3598 r2: 70 r3: 6160 r4: 0 r5: 65514 sp: 65508 pc: 5234          N: 0 Z: 0 V: 0 C: 0      
5234:   bhi 5240.                     src: 3043                     r0: 5 r1: 3598 r2: 70 r3: 6160 r4: 0 r5: 65514 sp: 65508 pc: 5240          N: 0 Z: 0 V: 0 C: 0      
5240:   tst -(r3)                     src: 0                        r0: 5 r1: 3598 r2: 70 r3: 6158 r4: 0 r5: 65514 sp: 65508 pc: 5242          N: 0 Z: 1 V: 0 C: 0      
5242:   bne 5228.                     src: 57475                    r0: 5 r1: 3598 r2: 70 r3: 6158 r4: 0 r5: 65514 sp: 65508 pc: 5244          N: 0 Z: 1 V: 0 C: 0      
5244:   mov (sp)+, r1                 src: 3594      dst: 3598      r0: 5 r1: 3594 r2: 70 r3: 6158 r4: 0 r5: 65514 sp: 65510 pc: 5246          N: 0 Z: 0 V: 0 C: 0      
5246:   mov r1, (r3)                  src: 3594      dst: 0         r0: 5 r1: 3594 r2: 70 r3: 6158 r4: 0 r5: 65514 sp: 65510 pc: 5248          N: 0 Z: 0 V: 0 C: 0      
5248:   add $12., r1                  src: 12        dst: 3594      r0: 5 r1: 3606 r2: 70 r3: 6158 r4: 0 r5: 65514 sp: 65510 pc: 5252          N: 0 Z: 0 V: 0 C: 0      
5252:   cmp r1, $ebsymtab             src: 3606      dst: 5118      r0: 5 r1: 3606 r2: 70 r3: 6158 r4: 0 r5: 65514 sp: 65510 pc: 5256          N: 1 Z: 0 V: 0 C: 1      
5256:   bcs 5196.                     src: 2563                     r0: 5 r1: 3606 r2: 70 r3: 6158 r4: 0 r5: 65514 sp: 65510 pc: 5196          N: 1 Z: 0 V: 0 C: 1      
5196:   clr r3                        src: 6158                     r0: 5 r1: 3606 r2: 70 r3: 0 r4: 0 r5: 65514 sp: 65510 pc: 5198             N: 0 Z: 1 V: 0 C: 0      
5198:   mov $8., r2                   src: 8         dst: 70        r0: 5 r1: 3606 r2: 8 r3: 0 r4: 0 r5: 65514 sp: 65510 pc: 5202              N: 0 Z: 0 V: 0 C: 0      
5202:   mov r1, -(sp)                 src: 3606      dst: 3594      r0: 5 r1: 3606 r2: 8 r3: 0 r4: 0 r5: 65514 sp: 65508 pc: 5204              N: 0 Z: 0 V: 0 C: 0      
5204:   movb (r1)+, r4                src: 98        dst: 0         r0: 5 r1: 3607 r2: 8 r3: 0 r4: 98 r5: 65514 sp: 65508 pc: 5206             N: 0 Z: 0 V: 0 C: 0      
5206:   beq 5214.                     src: 2562                     r0: 5 r1: 3607 r2: 8 r3: 0 r4: 98 r5: 65514 sp: 65508 pc: 5208             N: 0 Z: 0 V: 0 C: 0      
5208:   add r4, r3                    src: 98        dst: 0         r0: 5 r1: 3607 r2: 8 r3: 98 r4: 98 r5: 65514 sp: 65508 pc: 5210            N: 0 Z: 0 V: 0 C: 0      
5210:   swab r3                       src: 98                       r0: 5 r1: 3607 r2: 8 r3: 25088 r4: 98 r5: 65514 sp: 65508 pc: 5212         N: 0 Z: 1 V: 0 C: 0      
5212:   sob r2, 5204.                 src: 8         dst: 68        r0: 5 r1: 3607 r2: 7 r3: 25088 r4: 98 r5: 65514 sp: 65508 pc: 5204         N: 0 Z: 1 V: 0 C: 0      
5204:   movb (r1)+, r4                src: 114       dst: 98        r0: 5 r1: 3608 r2: 7 r3: 25088 r4: 114 r5: 65514 sp: 65508 pc: 5206        N: 0 Z: 0 V: 0 C: 0      
5206:   beq 5214.                     src: 2562                     r0: 5 r1: 3608 r2: 7 r3: 25088 r4: 114 r5: 65514 sp: 65508 pc: 5208        N: 0 Z: 0 V: 0 C: 0      
5208:   add r4, r3                    src: 114       dst: 25088     r0: 5 r1: 3608 r2: 7 r3: 25202 r4: 114 r5: 65514 sp: 65508 pc: 5210        N: 0 Z: 0 V: 0 C: 0      
5210:   swab r3                       src: 25202                    r0: 5 r1: 3608 r2: 7 r3: 29282 r4: 114 r5: 65514 sp: 65508 pc: 5212        N: 0 Z: 0 V: 0 C: 0      
5212:   sob r2, 5204.                 src: 7         dst: 68        r0: 5 r1: 3608 r2: 6 r3: 29282 r4: 114 r5: 65514 sp: 65508 pc: 5204        N: 0 Z: 0 V: 0 C: 0      
5204:   movb (r1)+, r4                src: 0         dst: 114       r0: 5 r1: 3609 r2: 6 r3: 29282 r4: 0 r5: 65514 sp: 65508 pc: 5206          N: 0 Z: 1 V: 0 C: 0      
5206:   beq 5214.                     src: 2562                     r0: 5 r1: 3609 r2: 6 r3: 29282 r4: 0 r5: 65514 sp: 65508 pc: 5214          N: 0 Z: 1 V: 0 C: 0      
5214:   clr r2                        src: 6                        r0: 5 r1: 3609 r2: 0 r3: 29282 r4: 0 r5: 65514 sp: 65508 pc: 5216          N: 0 Z: 1 V: 0 C: 0      
5216:   div $hshsiz, r2               src: 1553      dst: 0         r0: 5 r1: 3609 r2: 18 r3: 1328 r4: 0 r5: 65514 sp: 65508 pc: 5220          N: 0 Z: 0 V: 0 C: 0      
5220:   ashc $1., r2                  src: 1         dst: 18        r0: 5 r1: 3609 r2: 36 r3: 2656 r4: 0 r5: 65514 sp: 65508 pc: 5224          N: 0 Z: 0 V: 0 C: 0      
5224:   add $hshtab, r3               src: 5722      dst: 2656      r0: 5 r1: 3609 r2: 36 r3: 8378 r4: 0 r5: 65514 sp: 65508 pc: 5228          N: 0 Z: 0 V: 0 C: 0      
5228:   sub r2, r3                    src: 36        dst: 8378      r0: 5 r1: 3609 r2: 36 r3: 8342 r4: 0 r5: 65514 sp: 65508 pc: 5230          N: 0 Z: 0 V: 0 C: 0      
5230:   cmp r3, $hshtab               src: 8342      dst: 5722      r0: 5 r1: 3609 r2: 36 r3: 8342 r4: 0 r5: 65514 sp: 65508 pc: 5234          N: 0 Z: 0 V: 0 C: 0      
5234:   bhi 5240.                     src: 3043                     r0: 5 r1: 3609 r2: 36 r3: 8342 r4: 0 r5: 65514 sp: 65508 pc: 5240          N: 0 Z: 0 V: 0 C: 0      
5240:   tst -(r3)                     src: 1                        r0: 5 r1: 3609 r2: 36 r3: 8340 r4: 0 r5: 65514 sp: 65508 pc: 5242          N: 0 Z: 0 V: 0 C: 0      
5242:   bne 5228.                     src: 57475                    r0: 5 r1: 3609 r2: 36 r3: 8340 r4: 0 r5: 65514 sp: 65508 pc: 5228          N: 0 Z: 0 V: 0 C: 0      
5228:   sub r2, r3                    src: 36        dst: 8340      r0: 5 r1: 3609 r2: 36 r3: 8304 r4: 0 r5: 65514 sp: 65508 pc: 5230          N: 0 Z: 0 V: 0 C: 0      
5230:   cmp r3, $hshtab               src: 8304      dst: 5722      r0: 5 r1: 3609 r2: 36 r3: 8304 r4: 0 r5: 65514 sp: 65508 pc: 5234          N: 0 Z: 0 V: 0 C: 0      
5234:   bhi 5240.                     src: 3043                     r0: 5 r1: 3609 r2: 36 r3: 8304 r4: 0 r5: 65514 sp: 65508 pc: 5240          N: 0 Z: 0 V: 0 C: 0      
5240:   tst -(r3)                     src: 0                        r0: 5 r1: 3609 r2: 36 r3: 8302 r4: 0 r5: 65514 sp: 65508 pc: 5242          N: 0 Z: 1 V: 0 C: 0      
5242:   bne 5228.                     src: 57475                    r0: 5 r1: 3609 r2: 36 r3: 8302 r4: 0 r5: 65514 sp: 65508 pc: 5244          N: 0 Z: 1 V: 0 C: 0      
5244:   mov (sp)+, r1                 src: 3606      dst: 3609      r0: 5 r1: 3606 r2: 36 r3: 8302 r4: 0 r5: 65514 sp: 65510 pc: 5246          N: 0 Z: 0 V: 0 C: 0      
5246:   mov r1, (r3)                  src: 3606      dst: 0         r0: 5 r1: 3606 r2: 36 r3: 8302 r4: 0 r5: 65514 sp: 65510 pc: 5248          N: 0 Z: 0 V: 0 C: 0      
5248:   add $12., r1                  src: 12        dst: 3606      r0: 5 r1: 3618 r2: 36 r3: 8302 r4: 0 r5: 65514 sp: 65510 pc: 5252          N: 0 Z: 0 V: 0 C: 0      
5252:   cmp r1, $ebsymtab             src: 3618      dst: 5118      r0: 5 r1: 3618 r2: 36 r3: 8302 r4: 0 r5: 65514 sp: 65510 pc: 5256          N: 1 Z: 0 V: 0 C: 1      
5256:   bcs 5196.                     src: 2563                     r0: 5 r1: 3618 r2: 36 r3: 8302 r4: 0 r5: 65514 sp: 65510 pc: 5196          N: 1 Z: 0 V: 0 C: 1      
5196:   clr r3                        src: 8302                     r0: 5 r1: 3618 r2: 36 r3: 0 r4: 0 r5: 65514 sp: 65510 pc: 5198             N: 0 Z: 1 V: 0 C: 0      
5198:   mov $8., r2                   src: 8         dst: 36        r0: 5 r1: 3618 r2: 8 r3: 0 r4: 0 r5: 65514 sp: 65510 pc: 5202              N: 0 Z: 0 V: 0 C: 0      
5202:   mov r1, -(sp)                 src: 3618      dst: 3606      r0: 5 r1: 3618 r2: 8 r3: 0 r4: 0 r5: 65514 sp: 65508 pc: 5204              N: 0 Z: 0 V: 0 C: 0      
5204:   movb (r1)+, r4                src: 98        dst: 0         r0: 5 r1: 3619 r2: 8 r3: 0 r4: 98 r5: 65514 sp: 65508 pc: 5206             N: 0 Z: 0 V: 0 C: 0      
5206:   beq 5214.                     src: 2562                     r0: 5 r1: 3619 r2: 8 r3: 0 r4: 98 r5: 65514 sp: 65508 pc: 5208             N: 0 Z: 0 V: 0 C: 0      
5208:   add r4, r3                    src: 98        dst: 0         r0: 5 r1: 3619 r2: 8 r3: 98 r4: 98 r5: 65514 sp: 65508 pc: 5210            N: 0 Z: 0 V: 0 C: 0      
5210:   swab r3                       src: 98                       r0: 5 r1: 3619 r2: 8 r3: 25088 r4: 98 r5: 65514 sp: 65508 pc: 5212         N: 0 Z: 1 V: 0 C: 0      
5212:   sob r2, 5204.                 src: 8         dst: 68        r0: 5 r1: 3619 r2: 7 r3: 25088 r4: 98 r5: 65514 sp: 65508 pc: 5204         N: 0 Z: 1 V: 0 C: 0      
5204:   movb (r1)+, r4                src: 110       dst: 98        r0: 5 r1: 3620 r2: 7 r3: 25088 r4: 110 r5: 65514 sp: 65508 pc: 5206        N: 0 Z: 0 V: 0 C: 0      
5206:   beq 5214.                     src: 2562                     r0: 5 r1: 3620 r2: 7 r3: 25088 r4: 110 r5: 65514 sp: 65508 pc: 5208        N: 0 Z: 0 V: 0 C: 0      
5208:   add r4, r3                    src: 110       dst: 25088     r0: 5 r1: 3620 r2: 7 r3: 25198 r4: 110 r5: 65514 sp: 65508 pc: 5210        N: 0 Z: 0 V: 0 C: 0      
5210:   swab r3                       src: 25198                    r0: 5 r1: 3620 r2: 7 r3: 28258 r4: 110 r5: 65514 sp: 65508 pc: 5212        N: 0 Z: 0 V: 0 C: 0      
5212:   sob r2, 5204.                 src: 7         dst: 68        r0: 5 r1: 3620 r2: 6 r3: 28258 r4: 110 r5: 65514 sp: 65508 pc: 5204        N: 0 Z: 0 V: 0 C: 0      
5204:   movb (r1)+, r4                src: 101       dst: 110       r0: 5 r1: 3621 r2: 6 r3: 28258 r4: 101 r5: 65514 sp: 65508 pc: 5206        N: 0 Z: 0 V: 0 C: 0      
5206:   beq 5214.                     src: 2562                     r0: 5 r1: 3621 r2: 6 r3: 28258 r4: 101 r5: 65514 sp: 65508 pc: 5208        N: 0 Z: 0 V: 0 C: 0      
5208:   add r4, r3                    src: 101       dst: 28258     r0: 5 r1: 3621 r2: 6 r3: 28359 r4: 101 r5: 65514 sp: 65508 pc: 5210        N: 0 Z: 0 V: 0 C: 0      
5210:   swab r3                       src: 28359                    r0: 5 r1: 3621 r2: 6 r3: 51054 r4: 101 r5: 65514 sp: 65508 pc: 5212        N: 0 Z: 0 V: 0 C: 0      
5212:   sob r2, 5204.                 src: 6         dst: 68        r0: 5 r1: 3621 r2: 5 r3: 51054 r4: 101 r5: 65514 sp: 65508 pc: 5204        N: 0 Z: 0 V: 0 C: 0      
5204:   movb (r1)+, r4                src: 0         dst: 101       r0: 5 r1: 3622 r2: 5 r3: 51054 r4: 0 r5: 65514 sp: 65508 pc: 5206          N: 0 Z: 1 V: 0 C: 0      
5206:   beq 5214.                     src: 2562                     r0: 5 r1: 3622 r2: 5 r3: 51054 r4: 0 r5: 65514 sp: 65508 pc: 5214          N: 0 Z: 1 V: 0 C: 0      
5214:   clr r2                        src: 5                        r0: 5 r1: 3622 r2: 0 r3: 51054 r4: 0 r5: 65514 sp: 65508 pc: 5216          N: 0 Z: 1 V: 0 C: 0      
5216:   div $hshsiz, r2               src: 1553      dst: 0         r0: 5 r1: 3622 r2: 32 r3: 1358 r4: 0 r5: 65514 sp: 65508 pc: 5220          N: 0 Z: 0 V: 0 C: 0      
5220:   ashc $1., r2                  src: 1         dst: 32        r0: 5 r1: 3622 r2: 64 r3: 2716 r4: 0 r5: 65514 sp: 65508 pc: 5224          N: 0 Z: 0 V: 0 C: 0      
5224:   add $hshtab, r3               src: 5722      dst: 2716      r0: 5 r1: 3622 r2: 64 r3: 8438 r4: 0 r5: 65514 sp: 65508 pc: 5228          N: 0 Z: 0 V: 0 C: 0      
5228:   sub r2, r3                    src: 64        dst: 8438      r0: 5 r1: 3622 r2: 64 r3: 8374 r4: 0 r5: 65514 sp: 65508 pc: 5230          N: 0 Z: 0 V: 0 C: 0      
5230:   cmp r3, $hshtab               src: 8374      dst: 5722      r0: 5 r1: 3622 r2: 64 r3: 8374 r4: 0 r5: 65514 sp: 65508 pc: 5234          N: 0 Z: 0 V: 0 C: 0      
5234:   bhi 5240.                     src: 3043                     r0: 5 r1: 3622 r2: 64 r3: 8374 r4: 0 r5: 65514 sp: 65508 pc: 5240          N: 0 Z: 0 V: 0 C: 0      
5240:   tst -(r3)                     src: 3378                     r0: 5 r1: 3622 r2: 64 r3: 8372 r4: 0 r5: 65514 sp: 65508 pc: 5242          N: 0 Z: 0 V: 0 C: 0      
5242:   bne 5228.                     src: 57475                    r0: 5 r1: 3622 r2: 64 r3: 8372 r4: 0 r5: 65514 sp: 65508 pc: 5228          N: 0 Z: 0 V: 0 C: 0      
5228:   sub r2, r3                    src: 64        dst: 8372      r0: 5 r1: 3622 r2: 64 r3: 8308 r4: 0 r5: 65514 sp: 65508 pc: 5230          N: 0 Z: 0 V: 0 C: 0      
5230:   cmp r3, $hshtab               src: 8308      dst: 5722      r0: 5 r1: 3622 r2: 64 r3: 8308 r4: 0 r5: 65514 sp: 65508 pc: 5234          N: 0 Z: 0 V: 0 C: 0      
5234:   bhi 5240.                     src: 3043                     r0: 5 r1: 3622 r2: 64 r3: 8308 r4: 0 r5: 65514 sp: 65508 pc: 5240          N: 0 Z: 0 V: 0 C: 0      
5240:   tst -(r3)                     src: 1                        r0: 5 r1: 3622 r2: 64 r3: 8306 r4: 0 r5: 65514 sp: 65508 pc: 5242          N: 0 Z: 0 V: 0 C: 0      
5242:   bne 5228.                     src: 57475                    r0: 5 r1: 3622 r2: 64 r3: 8306 r4: 0 r5: 65514 sp: 65508 pc: 5228          N: 0 Z: 0 V: 0 C: 0      
5228:   sub r2, r3                    src: 64        dst: 8306      r0: 5 r1: 3622 r2: 64 r3: 8242 r4: 0 r5: 65514 sp: 65508 pc: 5230          N: 0 Z: 0 V: 0 C: 0      
5230:   cmp r3, $hshtab               src: 8242      dst: 5722      r0: 5 r1: 3622 r2: 64 r3: 8242 r4: 0 r5: 65514 sp: 65508 pc: 5234          N: 0 Z: 0 V: 0 C: 0      
5234:   bhi 5240.                     src: 3043                     r0: 5 r1: 3622 r2: 64 r3: 8242 r4: 0 r5: 65514 sp: 65508 pc: 5240          N: 0 Z: 0 V: 0 C: 0      
5240:   tst -(r3)                     src: 0                        r0: 5 r1: 3622 r2: 64 r3: 8240 r4: 0 r5: 65514 sp: 65508 pc: 5242          N: 0 Z: 1 V: 0 C: 0      
5242:   bne 5228.                     src: 57475                    r0: 5 r1: 3622 r2: 64 r3: 8240 r4: 0 r5: 65514 sp: 65508 pc: 5244          N: 0 Z: 1 V: 0 C: 0      
5244:   mov (sp)+, r1                 src: 3618      dst: 3622      r0: 5 r1: 3618 r2: 64 r3: 8240 r4: 0 r5: 65514 sp: 65510 pc: 5246          N: 0 Z: 0 V: 0 C: 0      
5246:   mov r1, (r3)                  src: 3618      dst: 0         r0: 5 r1: 3618 r2: 64 r3: 8240 r4: 0 r5: 65514 sp: 65510 pc: 5248          N: 0 Z: 0 V: 0 C: 0      
5248:   add $12., r1                  src: 12        dst: 3618      r0: 5 r1: 3630 r2: 64 r3: 8240 r4: 0 r5: 65514 sp: 65510 pc: 5252          N: 0 Z: 0 V: 0 C: 0      
5252:   cmp r1, $ebsymtab             src: 3630      dst: 5118      r0: 5 r1: 3630 r2: 64 r3: 8240 r4: 0 r5: 65514 sp: 65510 pc: 5256          N: 1 Z: 0 V: 0 C: 1      
5256:   bcs 5196.                     src: 2563                     r0: 5 r1: 3630 r2: 64 r3: 8240 r4: 0 r5: 65514 sp: 65510 pc: 5196          N: 1 Z: 0 V: 0 C: 1      
5196:   clr r3                        src: 8240                     r0: 5 r1: 3630 r2: 64 r3: 0 r4: 0 r5: 65514 sp: 65510 pc: 5198             N: 0 Z: 1 V: 0 C: 0      
5198:   mov $8., r2                   src: 8         dst: 64        r0: 5 r1: 3630 r2: 8 r3: 0 r4: 0 r5: 65514 sp: 65510 pc: 5202              N: 0 Z: 0 V: 0 C: 0      
5202:   mov r1, -(sp)                 src: 3630      dst: 3618      r0: 5 r1: 3630 r2: 8 r3: 0 r4: 0 r5: 65514 sp: 65508 pc: 5204              N: 0 Z: 0 V: 0 C: 0      
5204:   movb (r1)+, r4                src: 98        dst: 0         r0: 5 r1: 3631 r2: 8 r3: 0 r4: 98 r5: 65514 sp: 65508 pc: 5206             N: 0 Z: 0 V: 0 C: 0      
5206:   beq 5214.                     src: 2562                     r0: 5 r1: 3631 r2: 8 r3: 0 r4: 98 r5: 65514 sp: 65508 pc: 5208             N: 0 Z: 0 V: 0 C: 0      
5208:   add r4, r3                    src: 98        dst: 0         r0: 5 r1: 3631 r2: 8 r3: 98 r4: 98 r5: 65514 sp: 65508 pc: 5210            N: 0 Z: 0 V: 0 C: 0      
5210:   swab r3                       src: 98                       r0: 5 r1: 3631 r2: 8 r3: 25088 r4: 98 r5: 65514 sp: 65508 pc: 5212         N: 0 Z: 1 V: 0 C: 0      
5212:   sob r2, 5204.                 src: 8         dst: 68        r0: 5 r1: 3631 r2: 7 r3: 25088 r4: 98 r5: 65514 sp: 65508 pc: 5204         N: 0 Z: 1 V: 0 C: 0      
5204:   movb (r1)+, r4                src: 101       dst: 98        r0: 5 r1: 3632 r2: 7 r3: 25088 r4: 101 r5: 65514 sp: 65508 pc: 5206        N: 0 Z: 0 V: 0 C: 0      
5206:   beq 5214.                     src: 2562                     r0: 5 r1: 3632 r2: 7 r3: 25088 r4: 101 r5: 65514 sp: 65508 pc: 5208        N: 0 Z: 0 V: 0 C: 0      
5208:   add r4, r3                    src: 101       dst: 25088     r0: 5 r1: 3632 r2: 7 r3: 25189 r4: 101 r5: 65514 sp: 65508 pc: 5210        N: 0 Z: 0 V: 0 C: 0      
5210:   swab r3                       src: 25189                    r0: 5 r1: 3632 r2: 7 r3: 25954 r4: 101 r5: 65514 sp: 65508 pc: 5212        N: 0 Z: 0 V: 0 C: 0      
5212:   sob r2, 5204.                 src: 7         dst: 68        r0: 5 r1: 3632 r2: 6 r3: 25954 r4: 101 r5: 65514 sp: 65508 pc: 5204        N: 0 Z: 0 V: 0 C: 0      
5204:   movb (r1)+, r4                src: 113       dst: 101       r0: 5 r1: 3633 r2: 6 r3: 25954 r4: 113 r5: 65514 sp: 65508 pc: 5206        N: 0 Z: 0 V: 0 C: 0      
5206:   beq 5214.                     src: 2562                     r0: 5 r1: 3633 r2: 6 r3: 25954 r4: 113 r5: 65514 sp: 65508 pc: 5208        N: 0 Z: 0 V: 0 C: 0      
5208:   add r4, r3                    src: 113       dst: 25954     r0: 5 r1: 3633 r2: 6 r3: 26067 r4: 113 r5: 65514 sp: 65508 pc: 5210        N: 0 Z: 0 V: 0 C: 0      
5210:   swab r3                       src: 26067                    r0: 5 r1: 3633 r2: 6 r3: 54117 r4: 113 r5: 65514 sp: 65508 pc: 5212        N: 0 Z: 0 V: 0 C: 0      
5212:   sob r2, 5204.                 src: 6         dst: 68        r0: 5 r1: 3633 r2: 5 r3: 54117 r4: 113 r5: 65514 sp: 65508 pc: 5204        N: 0 Z: 0 V: 0 C: 0      
5204:   movb (r1)+, r4                src: 0         dst: 113       r0: 5 r1: 3634 r2: 5 r3: 54117 r4: 0 r5: 65514 sp: 65508 pc: 5206          N: 0 Z: 1 V: 0 C: 0      
5206:   beq 5214.                     src: 2562                     r0: 5 r1: 3634 r2: 5 r3: 54117 r4: 0 r5: 65514 sp: 65508 pc: 5214          N: 0 Z: 1 V: 0 C: 0      
5214:   clr r2                        src: 5                        r0: 5 r1: 3634 r2: 0 r3: 54117 r4: 0 r5: 65514 sp: 65508 pc: 5216          N: 0 Z: 1 V: 0 C: 0      
5216:   div $hshsiz, r2               src: 1553      dst: 0         r0: 5 r1: 3634 r2: 34 r3: 1315 r4: 0 r5: 65514 sp: 65508 pc: 5220          N: 0 Z: 0 V: 0 C: 0      
5220:   ashc $1., r2                  src: 1         dst: 34        r0: 5 r1: 3634 r2: 68 r3: 2630 r4: 0 r5: 65514 sp: 65508 pc: 5224          N: 0 Z: 0 V: 0 C: 0      
5224:   add $hshtab, r3               src: 5722      dst: 2630      r0: 5 r1: 3634 r2: 68 r3: 8352 r4: 0 r5: 65514 sp: 65508 pc: 5228          N: 0 Z: 0 V: 0 C: 0      
5228:   sub r2, r3                    src: 68        dst: 8352      r0: 5 r1: 3634 r2: 68 r3: 8284 r4: 0 r5: 65514 sp: 65508 pc: 5230          N: 0 Z: 0 V: 0 C: 0      
5230:   cmp r3, $hshtab               src: 8284      dst: 5722      r0: 5 r1: 3634 r2: 68 r3: 8284 r4: 0 r5: 65514 sp: 65508 pc: 5234          N: 0 Z: 0 V: 0 C: 0      
5234:   bhi 5240.                     src: 3043                     r0: 5 r1: 3634 r2: 68 r3: 8284 r4: 0 r5: 65514 sp: 65508 pc: 5240          N: 0 Z: 0 V: 0 C: 0      
5240:   tst -(r3)                     src: 0                        r0: 5 r1: 3634 r2: 68 r3: 8282 r4: 0 r5: 65514 sp: 65508 pc: 5242          N: 0 Z: 1 V: 0 C: 0      
5242:   bne 5228.                     src: 57475                    r0: 5 r1: 3634 r2: 68 r3: 8282 r4: 0 r5: 65514 sp: 65508 pc: 5244          N: 0 Z: 1 V: 0 C: 0      
5244:   mov (sp)+, r1                 src: 3630      dst: 3634      r0: 5 r1: 3630 r2: 68 r3: 8282 r4: 0 r5: 65514 sp: 65510 pc: 5246          N: 0 Z: 0 V: 0 C: 0      
5246:   mov r1, (r3)                  src: 3630      dst: 0         r0: 5 r1: 3630 r2: 68 r3: 8282 r4: 0 r5: 65514 sp: 65510 pc: 5248          N: 0 Z: 0 V: 0 C: 0      
5248:   add $12., r1                  src: 12        dst: 3630      r0: 5 r1: 3642 r2: 68 r3: 8282 r4: 0 r5: 65514 sp: 65510 pc: 5252          N: 0 Z: 0 V: 0 C: 0      
5252:   cmp r1, $ebsymtab             src: 3642      dst: 5118      r0: 5 r1: 3642 r2: 68 r3: 8282 r4: 0 r5: 65514 sp: 65510 pc: 5256          N: 1 Z: 0 V: 0 C: 1      
5256:   bcs 5196.                     src: 2563                     r0: 5 r1: 3642 r2: 68 r3: 8282 r4: 0 r5: 65514 sp: 65510 pc: 5196          N: 1 Z: 0 V: 0 C: 1      
5196:   clr r3                        src: 8282                     r0: 5 r1: 3642 r2: 68 r3: 0 r4: 0 r5: 65514 sp: 65510 pc: 5198             N: 0 Z: 1 V: 0 C: 0      
5198:   mov $8., r2                   src: 8         dst: 68        r0: 5 r1: 3642 r2: 8 r3: 0 r4: 0 r5: 65514 sp: 65510 pc: 5202              N: 0 Z: 0 V: 0 C: 0      
5202:   mov r1, -(sp)                 src: 3642      dst: 3630      r0: 5 r1: 3642 r2: 8 r3: 0 r4: 0 r5: 65514 sp: 65508 pc: 5204              N: 0 Z: 0 V: 0 C: 0      
5204:   movb (r1)+, r4                src: 98        dst: 0         r0: 5 r1: 3643 r2: 8 r3: 0 r4: 98 r5: 65514 sp: 65508 pc: 5206             N: 0 Z: 0 V: 0 C: 0      
5206:   beq 5214.                     src: 2562                     r0: 5 r1: 3643 r2: 8 r3: 0 r4: 98 r5: 65514 sp: 65508 pc: 5208             N: 0 Z: 0 V: 0 C: 0      
5208:   add r4, r3                    src: 98        dst: 0         r0: 5 r1: 3643 r2: 8 r3: 98 r4: 98 r5: 65514 sp: 65508 pc: 5210            N: 0 Z: 0 V: 0 C: 0      
5210:   swab r3                       src: 98                       r0: 5 r1: 3643 r2: 8 r3: 25088 r4: 98 r5: 65514 sp: 65508 pc: 5212         N: 0 Z: 1 V: 0 C: 0      
5212:   sob r2, 5204.                 src: 8         dst: 68        r0: 5 r1: 3643 r2: 7 r3: 25088 r4: 98 r5: 65514 sp: 65508 pc: 5204         N: 0 Z: 1 V: 0 C: 0      
5204:   movb (r1)+, r4                src: 103       dst: 98        r0: 5 r1: 3644 r2: 7 r3: 25088 r4: 103 r5: 65514 sp: 65508 pc: 5206        N: 0 Z: 0 V: 0 C: 0      
5206:   beq 5214.                     src: 2562                     r0: 5 r1: 3644 r2: 7 r3: 25088 r4: 103 r5: 65514 sp: 65508 pc: 5208        N: 0 Z: 0 V: 0 C: 0      
5208:   add r4, r3                    src: 103       dst: 25088     r0: 5 r1: 3644 r2: 7 r3: 25191 r4: 103 r5: 65514 sp: 65508 pc: 5210        N: 0 Z: 0 V: 0 C: 0      
5210:   swab r3                       src: 25191                    r0: 5 r1: 3644 r2: 7 r3: 26466 r4: 103 r5: 65514 sp: 65508 pc: 5212        N: 0 Z: 0 V: 0 C: 0      
5212:   sob r2, 5204.                 src: 7         dst: 68        r0: 5 r1: 3644 r2: 6 r3: 26466 r4: 103 r5: 65514 sp: 65508 pc: 5204        N: 0 Z: 0 V: 0 C: 0      
5204:   movb (r1)+, r4                src: 101       dst: 103       r0: 5 r1: 3645 r2: 6 r3: 26466 r4: 101 r5: 65514 sp: 65508 pc: 5206        N: 0 Z: 0 V: 0 C: 0      
5206:   beq 5214.                     src: 2562                     r0: 5 r1: 3645 r2: 6 r3: 26466 r4: 101 r5: 65514 sp: 65508 pc: 5208        N: 0 Z: 0 V: 0 C: 0      
5208:   add r4, r3                    src: 101       dst: 26466     r0: 5 r1: 3645 r2: 6 r3: 26567 r4: 101 r5: 65514 sp: 65508 pc: 5210        N: 0 Z: 0 V: 0 C: 0      
5210:   swab r3                       src: 26567                    r0: 5 r1: 3645 r2: 6 r3: 51047 r4: 101 r5: 65514 sp: 65508 pc: 5212        N: 0 Z: 0 V: 0 C: 0      
5212:   sob r2, 5204.                 src: 6         dst: 68        r0: 5 r1: 3645 r2: 5 r3: 51047 r4: 101 r5: 65514 sp: 65508 pc: 5204        N: 0 Z: 0 V: 0 C: 0      
5204:   movb (r1)+, r4                src: 0         dst: 101       r0: 5 r1: 3646 r2: 5 r3: 51047 r4: 0 r5: 65514 sp: 65508 pc: 5206          N: 0 Z: 1 V: 0 C: 0      
5206:   beq 5214.                     src: 2562                     r0: 5 r1: 3646 r2: 5 r3: 51047 r4: 0 r5: 65514 sp: 65508 pc: 5214          N: 0 Z: 1 V: 0 C: 0      
5214:   clr r2                        src: 5                        r0: 5 r1: 3646 r2: 0 r3: 51047 r4: 0 r5: 65514 sp: 65508 pc: 5216          N: 0 Z: 1 V: 0 C: 0      
5216:   div $hshsiz, r2               src: 1553      dst: 0         r0: 5 r1: 3646 r2: 32 r3: 1351 r4: 0 r5: 65514 sp: 65508 pc: 5220          N: 0 Z: 0 V: 0 C: 0      
5220:   ashc $1., r2                  src: 1         dst: 32        r0: 5 r1: 3646 r2: 64 r3: 2702 r4: 0 r5: 65514 sp: 65508 pc: 5224          N: 0 Z: 0 V: 0 C: 0      
5224:   add $hshtab, r3               src: 5722      dst: 2702      r0: 5 r1: 3646 r2: 64 r3: 8424 r4: 0 r5: 65514 sp: 65508 pc: 5228          N: 0 Z: 0 V: 0 C: 0      
5228:   sub r2, r3                    src: 64        dst: 8424      r0: 5 r1: 3646 r2: 64 r3: 8360 r4: 0 r5: 65514 sp: 65508 pc: 5230          N: 0 Z: 0 V: 0 C: 0      
5230:   cmp r3, $hshtab               src: 8360      dst: 5722      r0: 5 r1: 3646 r2: 64 r3: 8360 r4: 0 r5: 65514 sp: 65508 pc: 5234          N: 0 Z: 0 V: 0 C: 0      
5234:   bhi 5240.                     src: 3043                     r0: 5 r1: 3646 r2: 64 r3: 8360 r4: 0 r5: 65514 sp: 65508 pc: 5240          N: 0 Z: 0 V: 0 C: 0      
5240:   tst -(r3)                     src: 1                        r0: 5 r1: 3646 r2: 64 r3: 8358 r4: 0 r5: 65514 sp: 65508 pc: 5242          N: 0 Z: 0 V: 0 C: 0      
5242:   bne 5228.                     src: 57475                    r0: 5 r1: 3646 r2: 64 r3: 8358 r4: 0 r5: 65514 sp: 65508 pc: 5228          N: 0 Z: 0 V: 0 C: 0      
5228:   sub r2, r3                    src: 64        dst: 8358      r0: 5 r1: 3646 r2: 64 r3: 8294 r4: 0 r5: 65514 sp: 65508 pc: 5230          N: 0 Z: 0 V: 0 C: 0      
5230:   cmp r3, $hshtab               src: 8294      dst: 5722      r0: 5 r1: 3646 r2: 64 r3: 8294 r4: 0 r5: 65514 sp: 65508 pc: 5234          N: 0 Z: 0 V: 0 C: 0      
5234:   bhi 5240.                     src: 3043                     r0: 5 r1: 3646 r2: 64 r3: 8294 r4: 0 r5: 65514 sp: 65508 pc: 5240          N: 0 Z: 0 V: 0 C: 0      
5240:   tst -(r3)                     src: 0                        r0: 5 r1: 3646 r2: 64 r3: 8292 r4: 0 r5: 65514 sp: 65508 pc: 5242          N: 0 Z: 1 V: 0 C: 0      
5242:   bne 5228.                     src: 57475                    r0: 5 r1: 3646 r2: 64 r3: 8292 r4: 0 r5: 65514 sp: 65508 pc: 5244          N: 0 Z: 1 V: 0 C: 0      
5244:   mov (sp)+, r1                 src: 3642      dst: 3646      r0: 5 r1: 3642 r2: 64 r3: 8292 r4: 0 r5: 65514 sp: 65510 pc: 5246          N: 0 Z: 0 V: 0 C: 0      
5246:   mov r1, (r3)                  src: 3642      dst: 0         r0: 5 r1: 3642 r2: 64 r3: 8292 r4: 0 r5: 65514 sp: 65510 pc: 5248          N: 0 Z: 0 V: 0 C: 0      
5248:   add $12., r1                  src: 12        dst: 3642      r0: 5 r1: 3654 r2: 64 r3: 8292 r4: 0 r5: 65514 sp: 65510 pc: 5252          N: 0 Z: 0 V: 0 C: 0      
5252:   cmp r1, $ebsymtab             src: 3654      dst: 5118      r0: 5 r1: 3654 r2: 64 r3: 8292 r4: 0 r5: 65514 sp: 65510 pc: 5256          N: 1 Z: 0 V: 0 C: 1      
5256:   bcs 5196.                     src: 2563                     r0: 5 r1: 3654 r2: 64 r3: 8292 r4: 0 r5: 65514 sp: 65510 pc: 5196          N: 1 Z: 0 V: 0 C: 1      
5196:   clr r3                        src: 8292                     r0: 5 r1: 3654 r2: 64 r3: 0 r4: 0 r5: 65514 sp: 65510 pc: 5198             N: 0 Z: 1 V: 0 C: 0      
5198:   mov $8., r2                   src: 8         dst: 64        r0: 5 r1: 3654 r2: 8 r3: 0 r4: 0 r5: 65514 sp: 65510 pc: 5202              N: 0 Z: 0 V: 0 C: 0      
5202:   mov r1, -(sp)                 src: 3654      dst: 3642      r0: 5 r1: 3654 r2: 8 r3: 0 r4: 0 r5: 65514 sp: 65508 pc: 5204              N: 0 Z: 0 V: 0 C: 0      
5204:   movb (r1)+, r4                src: 98        dst: 0         r0: 5 r1: 3655 r2: 8 r3: 0 r4: 98 r5: 65514 sp: 65508 pc: 5206             N: 0 Z: 0 V: 0 C: 0      
5206:   beq 5214.                     src: 2562                     r0: 5 r1: 3655 r2: 8 r3: 0 r4: 98 r5: 65514 sp: 65508 pc: 5208             N: 0 Z: 0 V: 0 C: 0      
5208:   add r4, r3                    src: 98        dst: 0         r0: 5 r1: 3655 r2: 8 r3: 98 r4: 98 r5: 65514 sp: 65508 pc: 5210            N: 0 Z: 0 V: 0 C: 0      
5210:   swab r3                       src: 98                       r0: 5 r1: 3655 r2: 8 r3: 25088 r4: 98 r5: 65514 sp: 65508 pc: 5212         N: 0 Z: 1 V: 0 C: 0      
5212:   sob r2, 5204.                 src: 8         dst: 68        r0: 5 r1: 3655 r2: 7 r3: 25088 r4: 98 r5: 65514 sp: 65508 pc: 5204         N: 0 Z: 1 V: 0 C: 0      
5204:   movb (r1)+, r4                src: 108       dst: 98        r0: 5 r1: 3656 r2: 7 r3: 25088 r4: 108 r5: 65514 sp: 65508 pc: 5206        N: 0 Z: 0 V: 0 C: 0      
5206:   beq 5214.                     src: 2562                     r0: 5 r1: 3656 r2: 7 r3: 25088 r4: 108 r5: 65514 sp: 65508 pc: 5208        N: 0 Z: 0 V: 0 C: 0      
5208:   add r4, r3                    src: 108       dst: 25088     r0: 5 r1: 3656 r2: 7 r3: 25196 r4: 108 r5: 65514 sp: 65508 pc: 5210        N: 0 Z: 0 V: 0 C: 0      
5210:   swab r3                       src: 25196                    r0: 5 r1: 3656 r2: 7 r3: 27746 r4: 108 r5: 65514 sp: 65508 pc: 5212        N: 0 Z: 0 V: 0 C: 0      
5212:   sob r2, 5204.                 src: 7         dst: 68        r0: 5 r1: 3656 r2: 6 r3: 27746 r4: 108 r5: 65514 sp: 65508 pc: 5204        N: 0 Z: 0 V: 0 C: 0      
5204:   movb (r1)+, r4                src: 116       dst: 108       r0: 5 r1: 3657 r2: 6 r3: 27746 r4: 116 r5: 65514 sp: 65508 pc: 5206        N: 0 Z: 0 V: 0 C: 0      
5206:   beq 5214.                     src: 2562                     r0: 5 r1: 3657 r2: 6 r3: 27746 r4: 116 r5: 65514 sp: 65508 pc: 5208        N: 0 Z: 0 V: 0 C: 0      
5208:   add r4, r3                    src: 116       dst: 27746     r0: 5 r1: 3657 r2: 6 r3: 27862 r4: 116 r5: 65514 sp: 65508 pc: 5210        N: 0 Z: 0 V: 0 C: 0      
5210:   swab r3                       src: 27862                    r0: 5 r1: 3657 r2: 6 r3: 54892 r4: 116 r5: 65514 sp: 65508 pc: 5212        N: 0 Z: 0 V: 0 C: 0      
5212:   sob r2, 5204.                 src: 6         dst: 68        r0: 5 r1: 3657 r2: 5 r3: 54892 r4: 116 r5: 65514 sp: 65508 pc: 5204        N: 0 Z: 0 V: 0 C: 0      
5204:   movb (r1)+, r4                src: 0         dst: 116       r0: 5 r1: 3658 r2: 5 r3: 54892 r4: 0 r5: 65514 sp: 65508 pc: 5206          N: 0 Z: 1 V: 0 C: 0      
5206:   beq 5214.                     src: 2562                     r0: 5 r1: 3658 r2: 5 r3: 54892 r4: 0 r5: 65514 sp: 65508 pc: 5214          N: 0 Z: 1 V: 0 C: 0      
5214:   clr r2                        src: 5                        r0: 5 r1: 3658 r2: 0 r3: 54892 r4: 0 r5: 65514 sp: 65508 pc: 5216          N: 0 Z: 1 V: 0 C: 0      
5216:   div $hshsiz, r2               src: 1553      dst: 0         r0: 5 r1: 3658 r2: 35 r3: 537 r4: 0 r5: 65514 sp: 65508 pc: 5220           N: 0 Z: 0 V: 0 C: 0      
5220:   ashc $1., r2                  src: 1         dst: 35        r0: 5 r1: 3658 r2: 70 r3: 1074 r4: 0 r5: 65514 sp: 65508 pc: 5224          N: 0 Z: 0 V: 0 C: 0      
5224:   add $hshtab, r3               src: 5722      dst: 1074      r0: 5 r1: 3658 r2: 70 r3: 6796 r4: 0 r5: 65514 sp: 65508 pc: 5228          N: 0 Z: 0 V: 0 C: 0      
5228:   sub r2, r3                    src: 70        dst: 6796      r0: 5 r1: 3658 r2: 70 r3: 6726 r4: 0 r5: 65514 sp: 65508 pc: 5230          N: 0 Z: 0 V: 0 C: 0      
5230:   cmp r3, $hshtab               src: 6726      dst: 5722      r0: 5 r1: 3658 r2: 70 r3: 6726 r4: 0 r5: 65514 sp: 65508 pc: 5234          N: 0 Z: 0 V: 0 C: 0      
5234:   bhi 5240.                     src: 3043                     r0: 5 r1: 3658 r2: 70 r3: 6726 r4: 0 r5: 65514 sp: 65508 pc: 5240          N: 0 Z: 0 V: 0 C: 0      
5240:   tst -(r3)                     src: 0                        r0: 5 r1: 3658 r2: 70 r3: 6724 r4: 0 r5: 65514 sp: 65508 pc: 5242          N: 0 Z: 1 V: 0 C: 0      
5242:   bne 5228.                     src: 57475                    r0: 5 r1: 3658 r2: 70 r3: 6724 r4: 0 r5: 65514 sp: 65508 pc: 5244          N: 0 Z: 1 V: 0 C: 0      
5244:   mov (sp)+, r1                 src: 3654      dst: 3658      r0: 5 r1: 3654 r2: 70 r3: 6724 r4: 0 r5: 65514 sp: 65510 pc: 5246          N: 0 Z: 0 V: 0 C: 0      
5246:   mov r1, (r3)                  src: 3654      dst: 0         r0: 5 r1: 3654 r2: 70 r3: 6724 r4: 0 r5: 65514 sp: 65510 pc: 5248          N: 0 Z: 0 V: 0 C: 0      
5248:   add $12., r1                  src: 12        dst: 3654      r0: 5 r1: 3666 r2: 70 r3: 6724 r4: 0 r5: 65514 sp: 65510 pc: 5252          N: 0 Z: 0 V: 0 C: 0      
5252:   cmp r1, $ebsymtab             src: 3666      dst: 5118      r0: 5 r1: 3666 r2: 70 r3: 6724 r4: 0 r5: 65514 sp: 65510 pc: 5256          N: 1 Z: 0 V: 0 C: 1      
5256:   bcs 5196.                     src: 2563                     r0: 5 r1: 3666 r2: 70 r3: 6724 r4: 0 r5: 65514 sp: 65510 pc: 5196          N: 1 Z: 0 V: 0 C: 1      
5196:   clr r3                        src: 6724                     r0: 5 r1: 3666 r2: 70 r3: 0 r4: 0 r5: 65514 sp: 65510 pc: 5198             N: 0 Z: 1 V: 0 C: 0      
5198:   mov $8., r2                   src: 8         dst: 70        r0: 5 r1: 3666 r2: 8 r3: 0 r4: 0 r5: 65514 sp: 65510 pc: 5202              N: 0 Z: 0 V: 0 C: 0      
5202:   mov r1, -(sp)                 src: 3666      dst: 3654      r0: 5 r1: 3666 r2: 8 r3: 0 r4: 0 r5: 65514 sp: 65508 pc: 5204              N: 0 Z: 0 V: 0 C: 0      
5204:   movb (r1)+, r4                src: 98        dst: 0         r0: 5 r1: 3667 r2: 8 r3: 0 r4: 98 r5: 65514 sp: 65508 pc: 5206             N: 0 Z: 0 V: 0 C: 0      
5206:   beq 5214.                     src: 2562                     r0: 5 r1: 3667 r2: 8 r3: 0 r4: 98 r5: 65514 sp: 65508 pc: 5208             N: 0 Z: 0 V: 0 C: 0      
5208:   add r4, r3                    src: 98        dst: 0         r0: 5 r1: 3667 r2: 8 r3: 98 r4: 98 r5: 65514 sp: 65508 pc: 5210            N: 0 Z: 0 V: 0 C: 0      
5210:   swab r3                       src: 98                       r0: 5 r1: 3667 r2: 8 r3: 25088 r4: 98 r5: 65514 sp: 65508 pc: 5212         N: 0 Z: 1 V: 0 C: 0      
5212:   sob r2, 5204.                 src: 8         dst: 68        r0: 5 r1: 3667 r2: 7 r3: 25088 r4: 98 r5: 65514 sp: 65508 pc: 5204         N: 0 Z: 1 V: 0 C: 0      
5204:   movb (r1)+, r4                src: 103       dst: 98        r0: 5 r1: 3668 r2: 7 r3: 25088 r4: 103 r5: 65514 sp: 65508 pc: 5206        N: 0 Z: 0 V: 0 C: 0      
5206:   beq 5214.                     src: 2562                     r0: 5 r1: 3668 r2: 7 r3: 25088 r4: 103 r5: 65514 sp: 65508 pc: 5208        N: 0 Z: 0 V: 0 C: 0      
5208:   add r4, r3                    src: 103       dst: 25088     r0: 5 r1: 3668 r2: 7 r3: 25191 r4: 103 r5: 65514 sp: 65508 pc: 5210        N: 0 Z: 0 V: 0 C: 0      
5210:   swab r3                       src: 25191                    r0: 5 r1: 3668 r2: 7 r3: 26466 r4: 103 r5: 65514 sp: 65508 pc: 5212        N: 0 Z: 0 V: 0 C: 0      
5212:   sob r2, 5204.                 src: 7         dst: 68        r0: 5 r1: 3668 r2: 6 r3: 26466 r4: 103 r5: 65514 sp: 65508 pc: 5204        N: 0 Z: 0 V: 0 C: 0      
5204:   movb (r1)+, r4                src: 116       dst: 103       r0: 5 r1: 3669 r2: 6 r3: 26466 r4: 116 r5: 65514 sp: 65508 pc: 5206        N: 0 Z: 0 V: 0 C: 0      
5206:   beq 5214.                     src: 2562                     r0: 5 r1: 3669 r2: 6 r3: 26466 r4: 116 r5: 65514 sp: 65508 pc: 5208        N: 0 Z: 0 V: 0 C: 0      
5208:   add r4, r3                    src: 116       dst: 26466     r0: 5 r1: 3669 r2: 6 r3: 26582 r4: 116 r5: 65514 sp: 65508 pc: 5210        N: 0 Z: 0 V: 0 C: 0      
5210:   swab r3                       src: 26582                    r0: 5 r1: 3669 r2: 6 r3: 54887 r4: 116 r5: 65514 sp: 65508 pc: 5212        N: 0 Z: 0 V: 0 C: 0      
5212:   sob r2, 5204.                 src: 6         dst: 68        r0: 5 r1: 3669 r2: 5 r3: 54887 r4: 116 r5: 65514 sp: 65508 pc: 5204        N: 0 Z: 0 V: 0 C: 0      
5204:   movb (r1)+, r4                src: 0         dst: 116       r0: 5 r1: 3670 r2: 5 r3: 54887 r4: 0 r5: 65514 sp: 65508 pc: 5206          N: 0 Z: 1 V: 0 C: 0      
5206:   beq 5214.                     src: 2562                     r0: 5 r1: 3670 r2: 5 r3: 54887 r4: 0 r5: 65514 sp: 65508 pc: 5214          N: 0 Z: 1 V: 0 C: 0      
5214:   clr r2                        src: 5                        r0: 5 r1: 3670 r2: 0 r3: 54887 r4: 0 r5: 65514 sp: 65508 pc: 5216          N: 0 Z: 1 V: 0 C: 0      
5216:   div $hshsiz, r2               src: 1553      dst: 0         r0: 5 r1: 3670 r2: 35 r3: 532 r4: 0 r5: 65514 sp: 65508 pc: 5220           N: 0 Z: 0 V: 0 C: 0      
5220:   ashc $1., r2                  src: 1         dst: 35        r0: 5 r1: 3670 r2: 70 r3: 1064 r4: 0 r5: 65514 sp: 65508 pc: 5224          N: 0 Z: 0 V: 0 C: 0      
5224:   add $hshtab, r3               src: 5722      dst: 1064      r0: 5 r1: 3670 r2: 70 r3: 6786 r4: 0 r5: 65514 sp: 65508 pc: 5228          N: 0 Z: 0 V: 0 C: 0      
5228:   sub r2, r3                    src: 70        dst: 6786      r0: 5 r1: 3670 r2: 70 r3: 6716 r4: 0 r5: 65514 sp: 65508 pc: 5230          N: 0 Z: 0 V: 0 C: 0      
5230:   cmp r3, $hshtab               src: 6716      dst: 5722      r0: 5 r1: 3670 r2: 70 r3: 6716 r4: 0 r5: 65514 sp: 65508 pc: 5234          N: 0 Z: 0 V: 0 C: 0      
5234:   bhi 5240.                     src: 3043                     r0: 5 r1: 3670 r2: 70 r3: 6716 r4: 0 r5: 65514 sp: 65508 pc: 5240          N: 0 Z: 0 V: 0 C: 0      
5240:   tst -(r3)                     src: 0                        r0: 5 r1: 3670 r2: 70 r3: 6714 r4: 0 r5: 65514 sp: 65508 pc: 5242          N: 0 Z: 1 V: 0 C: 0      
5242:   bne 5228.                     src: 57475                    r0: 5 r1: 3670 r2: 70 r3: 6714 r4: 0 r5: 65514 sp: 65508 pc: 5244          N: 0 Z: 1 V: 0 C: 0      
5244:   mov (sp)+, r1                 src: 3666      dst: 3670      r0: 5 r1: 3666 r2: 70 r3: 6714 r4: 0 r5: 65514 sp: 65510 pc: 5246          N: 0 Z: 0 V: 0 C: 0      
5246:   mov r1, (r3)                  src: 3666      dst: 0         r0: 5 r1: 3666 r2: 70 r3: 6714 r4: 0 r5: 65514 sp: 65510 pc: 5248          N: 0 Z: 0 V: 0 C: 0      
5248:   add $12., r1                  src: 12        dst: 3666      r0: 5 r1: 3678 r2: 70 r3: 6714 r4: 0 r5: 65514 sp: 65510 pc: 5252          N: 0 Z: 0 V: 0 C: 0      
5252:   cmp r1, $ebsymtab             src: 3678      dst: 5118      r0: 5 r1: 3678 r2: 70 r3: 6714 r4: 0 r5: 65514 sp: 65510 pc: 5256          N: 1 Z: 0 V: 0 C: 1      
5256:   bcs 5196.                     src: 2563                     r0: 5 r1: 3678 r2: 70 r3: 6714 r4: 0 r5: 65514 sp: 65510 pc: 5196          N: 1 Z: 0 V: 0 C: 1      
5196:   clr r3                        src: 6714                     r0: 5 r1: 3678 r2: 70 r3: 0 r4: 0 r5: 65514 sp: 65510 pc: 5198             N: 0 Z: 1 V: 0 C: 0      
5198:   mov $8., r2                   src: 8         dst: 70        r0: 5 r1: 3678 r2: 8 r3: 0 r4: 0 r5: 65514 sp: 65510 pc: 5202              N: 0 Z: 0 V: 0 C: 0      
5202:   mov r1, -(sp)                 src: 3678      dst: 3666      r0: 5 r1: 3678 r2: 8 r3: 0 r4: 0 r5: 65514 sp: 65508 pc: 5204              N: 0 Z: 0 V: 0 C: 0      
5204:   movb (r1)+, r4                src: 98        dst: 0         r0: 5 r1: 3679 r2: 8 r3: 0 r4: 98 r5: 65514 sp: 65508 pc: 5206             N: 0 Z: 0 V: 0 C: 0      
5206:   beq 5214.                     src: 2562                     r0: 5 r1: 3679 r2: 8 r3: 0 r4: 98 r5: 65514 sp: 65508 pc: 5208             N: 0 Z: 0 V: 0 C: 0      
5208:   add r4, r3                    src: 98        dst: 0         r0: 5 r1: 3679 r2: 8 r3: 98 r4: 98 r5: 65514 sp: 65508 pc: 5210            N: 0 Z: 0 V: 0 C: 0      
5210:   swab r3                       src: 98                       r0: 5 r1: 3679 r2: 8 r3: 25088 r4: 98 r5: 65514 sp: 65508 pc: 5212         N: 0 Z: 1 V: 0 C: 0      
5212:   sob r2, 5204.                 src: 8         dst: 68        r0: 5 r1: 3679 r2: 7 r3: 25088 r4: 98 r5: 65514 sp: 65508 pc: 5204         N: 0 Z: 1 V: 0 C: 0      
5204:   movb (r1)+, r4                src: 108       dst: 98        r0: 5 r1: 3680 r2: 7 r3: 25088 r4: 108 r5: 65514 sp: 65508 pc: 5206        N: 0 Z: 0 V: 0 C: 0      
5206:   beq 5214.                     src: 2562                     r0: 5 r1: 3680 r2: 7 r3: 25088 r4: 108 r5: 65514 sp: 65508 pc: 5208        N: 0 Z: 0 V: 0 C: 0      
5208:   add r4, r3                    src: 108       dst: 25088     r0: 5 r1: 3680 r2: 7 r3: 25196 r4: 108 r5: 65514 sp: 65508 pc: 5210        N: 0 Z: 0 V: 0 C: 0      
5210:   swab r3                       src: 25196                    r0: 5 r1: 3680 r2: 7 r3: 27746 r4: 108 r5: 65514 sp: 65508 pc: 5212        N: 0 Z: 0 V: 0 C: 0      
5212:   sob r2, 5204.                 src: 7         dst: 68        r0: 5 r1: 3680 r2: 6 r3: 27746 r4: 108 r5: 65514 sp: 65508 pc: 5204        N: 0 Z: 0 V: 0 C: 0      
5204:   movb (r1)+, r4                src: 101       dst: 108       r0: 5 r1: 3681 r2: 6 r3: 27746 r4: 101 r5: 65514 sp: 65508 pc: 5206        N: 0 Z: 0 V: 0 C: 0      
5206:   beq 5214.                     src: 2562                     r0: 5 r1: 3681 r2: 6 r3: 27746 r4: 101 r5: 65514 sp: 65508 pc: 5208        N: 0 Z: 0 V: 0 C: 0      
5208:   add r4, r3                    src: 101       dst: 27746     r0: 5 r1: 3681 r2: 6 r3: 27847 r4: 101 r5: 65514 sp: 65508 pc: 5210        N: 0 Z: 0 V: 0 C: 0      
5210:   swab r3                       src: 27847                    r0: 5 r1: 3681 r2: 6 r3: 51052 r4: 101 r5: 65514 sp: 65508 pc: 5212        N: 0 Z: 0 V: 0 C: 0      
5212:   sob r2, 5204.                 src: 6         dst: 68        r0: 5 r1: 3681 r2: 5 r3: 51052 r4: 101 r5: 65514 sp: 65508 pc: 5204        N: 0 Z: 0 V: 0 C: 0      
5204:   movb (r1)+, r4                src: 0         dst: 101       r0: 5 r1: 3682 r2: 5 r3: 51052 r4: 0 r5: 65514 sp: 65508 pc: 5206          N: 0 Z: 1 V: 0 C: 0      
5206:   beq 5214.                     src: 2562                     r0: 5 r1: 3682 r2: 5 r3: 51052 r4: 0 r5: 65514 sp: 65508 pc: 5214          N: 0 Z: 1 V: 0 C: 0      
5214:   clr r2                        src: 5                        r0: 5 r1: 3682 r2: 0 r3: 51052 r4: 0 r5: 65514 sp: 65508 pc: 5216          N: 0 Z: 1 V: 0 C: 0      
5216:   div $hshsiz, r2               src: 1553      dst: 0         r0: 5 r1: 3682 r2: 32 r3: 1356 r4: 0 r5: 65514 sp: 65508 pc: 5220          N: 0 Z: 0 V: 0 C: 0      
5220:   ashc $1., r2                  src: 1         dst: 32        r0: 5 r1: 3682 r2: 64 r3: 2712 r4: 0 r5: 65514 sp: 65508 pc: 5224          N: 0 Z: 0 V: 0 C: 0      
5224:   add $hshtab, r3               src: 5722      dst: 2712      r0: 5 r1: 3682 r2: 64 r3: 8434 r4: 0 r5: 65514 sp: 65508 pc: 5228          N: 0 Z: 0 V: 0 C: 0      
5228:   sub r2, r3                    src: 64        dst: 8434      r0: 5 r1: 3682 r2: 64 r3: 8370 r4: 0 r5: 65514 sp: 65508 pc: 5230          N: 0 Z: 0 V: 0 C: 0      
5230:   cmp r3, $hshtab               src: 8370      dst: 5722      r0: 5 r1: 3682 r2: 64 r3: 8370 r4: 0 r5: 65514 sp: 65508 pc: 5234          N: 0 Z: 0 V: 0 C: 0      
5234:   bhi 5240.                     src: 3043                     r0: 5 r1: 3682 r2: 64 r3: 8370 r4: 0 r5: 65514 sp: 65508 pc: 5240          N: 0 Z: 0 V: 0 C: 0      
5240:   tst -(r3)                     src: 0                        r0: 5 r1: 3682 r2: 64 r3: 8368 r4: 0 r5: 65514 sp: 65508 pc: 5242          N: 0 Z: 1 V: 0 C: 0      
5242:   bne 5228.                     src: 57475                    r0: 5 r1: 3682 r2: 64 r3: 8368 r4: 0 r5: 65514 sp: 65508 pc: 5244          N: 0 Z: 1 V: 0 C: 0      
5244:   mov (sp)+, r1                 src: 3678      dst: 3682      r0: 5 r1: 3678 r2: 64 r3: 8368 r4: 0 r5: 65514 sp: 65510 pc: 5246          N: 0 Z: 0 V: 0 C: 0      
5246:   mov r1, (r3)                  src: 3678      dst: 0         r0: 5 r1: 3678 r2: 64 r3: 8368 r4: 0 r5: 65514 sp: 65510 pc: 5248          N: 0 Z: 0 V: 0 C: 0      
5248:   add $12., r1                  src: 12        dst: 3678      r0: 5 r1: 3690 r2: 64 r3: 8368 r4: 0 r5: 65514 sp: 65510 pc: 5252          N: 0 Z: 0 V: 0 C: 0      
5252:   cmp r1, $ebsymtab             src: 3690      dst: 5118      r0: 5 r1: 3690 r2: 64 r3: 8368 r4: 0 r5: 65514 sp: 65510 pc: 5256          N: 1 Z: 0 V: 0 C: 1      
5256:   bcs 5196.                     src: 2563                     r0: 5 r1: 3690 r2: 64 r3: 8368 r4: 0 r5: 65514 sp: 65510 pc: 5196          N: 1 Z: 0 V: 0 C: 1      
5196:   clr r3                        src: 8368                     r0: 5 r1: 3690 r2: 64 r3: 0 r4: 0 r5: 65514 sp: 65510 pc: 5198             N: 0 Z: 1 V: 0 C: 0      
5198:   mov $8., r2                   src: 8         dst: 64        r0: 5 r1: 3690 r2: 8 r3: 0 r4: 0 r5: 65514 sp: 65510 pc: 5202              N: 0 Z: 0 V: 0 C: 0      
5202:   mov r1, -(sp)                 src: 3690      dst: 3678      r0: 5 r1: 3690 r2: 8 r3: 0 r4: 0 r5: 65514 sp: 65508 pc: 5204              N: 0 Z: 0 V: 0 C: 0      
5204:   movb (r1)+, r4                src: 98        dst: 0         r0: 5 r1: 3691 r2: 8 r3: 0 r4: 98 r5: 65514 sp: 65508 pc: 5206             N: 0 Z: 0 V: 0 C: 0      
5206:   beq 5214.                     src: 2562                     r0: 5 r1: 3691 r2: 8 r3: 0 r4: 98 r5: 65514 sp: 65508 pc: 5208             N: 0 Z: 0 V: 0 C: 0      
5208:   add r4, r3                    src: 98        dst: 0         r0: 5 r1: 3691 r2: 8 r3: 98 r4: 98 r5: 65514 sp: 65508 pc: 5210            N: 0 Z: 0 V: 0 C: 0      
5210:   swab r3                       src: 98                       r0: 5 r1: 3691 r2: 8 r3: 25088 r4: 98 r5: 65514 sp: 65508 pc: 5212         N: 0 Z: 1 V: 0 C: 0      
5212:   sob r2, 5204.                 src: 8         dst: 68        r0: 5 r1: 3691 r2: 7 r3: 25088 r4: 98 r5: 65514 sp: 65508 pc: 5204         N: 0 Z: 1 V: 0 C: 0      
5204:   movb (r1)+, r4                src: 112       dst: 98        r0: 5 r1: 3692 r2: 7 r3: 25088 r4: 112 r5: 65514 sp: 65508 pc: 5206        N: 0 Z: 0 V: 0 C: 0      
5206:   beq 5214.                     src: 2562                     r0: 5 r1: 3692 r2: 7 r3: 25088 r4: 112 r5: 65514 sp: 65508 pc: 5208        N: 0 Z: 0 V: 0 C: 0      
5208:   add r4, r3                    src: 112       dst: 25088     r0: 5 r1: 3692 r2: 7 r3: 25200 r4: 112 r5: 65514 sp: 65508 pc: 5210        N: 0 Z: 0 V: 0 C: 0      
5210:   swab r3                       src: 25200                    r0: 5 r1: 3692 r2: 7 r3: 28770 r4: 112 r5: 65514 sp: 65508 pc: 5212        N: 0 Z: 0 V: 0 C: 0      
5212:   sob r2, 5204.                 src: 7         dst: 68        r0: 5 r1: 3692 r2: 6 r3: 28770 r4: 112 r5: 65514 sp: 65508 pc: 5204        N: 0 Z: 0 V: 0 C: 0      
5204:   movb (r1)+, r4                src: 108       dst: 112       r0: 5 r1: 3693 r2: 6 r3: 28770 r4: 108 r5: 65514 sp: 65508 pc: 5206        N: 0 Z: 0 V: 0 C: 0      
5206:   beq 5214.                     src: 2562                     r0: 5 r1: 3693 r2: 6 r3: 28770 r4: 108 r5: 65514 sp: 65508 pc: 5208        N: 0 Z: 0 V: 0 C: 0      
5208:   add r4, r3                    src: 108       dst: 28770     r0: 5 r1: 3693 r2: 6 r3: 28878 r4: 108 r5: 65514 sp: 65508 pc: 5210        N: 0 Z: 0 V: 0 C: 0      
5210:   swab r3                       src: 28878                    r0: 5 r1: 3693 r2: 6 r3: 52848 r4: 108 r5: 65514 sp: 65508 pc: 5212        N: 0 Z: 0 V: 0 C: 0      
5212:   sob r2, 5204.                 src: 6         dst: 68        r0: 5 r1: 3693 r2: 5 r3: 52848 r4: 108 r5: 65514 sp: 65508 pc: 5204        N: 0 Z: 0 V: 0 C: 0      
5204:   movb (r1)+, r4                src: 0         dst: 108       r0: 5 r1: 3694 r2: 5 r3: 52848 r4: 0 r5: 65514 sp: 65508 pc: 5206          N: 0 Z: 1 V: 0 C: 0      
5206:   beq 5214.                     src: 2562                     r0: 5 r1: 3694 r2: 5 r3: 52848 r4: 0 r5: 65514 sp: 65508 pc: 5214          N: 0 Z: 1 V: 0 C: 0      
5214:   clr r2                        src: 5                        r0: 5 r1: 3694 r2: 0 r3: 52848 r4: 0 r5: 65514 sp: 65508 pc: 5216          N: 0 Z: 1 V: 0 C: 0      
5216:   div $hshsiz, r2               src: 1553      dst: 0         r0: 5 r1: 3694 r2: 34 r3: 46 r4: 0 r5: 65514 sp: 65508 pc: 5220            N: 0 Z: 0 V: 0 C: 0      
5220:   ashc $1., r2                  src: 1         dst: 34        r0: 5 r1: 3694 r2: 68 r3: 92 r4: 0 r5: 65514 sp: 65508 pc: 5224            N: 0 Z: 0 V: 0 C: 0      
5224:   add $hshtab, r3               src: 5722      dst: 92        r0: 5 r1: 3694 r2: 68 r3: 5814 r4: 0 r5: 65514 sp: 65508 pc: 5228          N: 0 Z: 0 V: 0 C: 0      
5228:   sub r2, r3                    src: 68        dst: 5814      r0: 5 r1: 3694 r2: 68 r3: 5746 r4: 0 r5: 65514 sp: 65508 pc: 5230          N: 0 Z: 0 V: 0 C: 0      
5230:   cmp r3, $hshtab               src: 5746      dst: 5722      r0: 5 r1: 3694 r2: 68 r3: 5746 r4: 0 r5: 65514 sp: 65508 pc: 5234          N: 0 Z: 0 V: 0 C: 0      
5234:   bhi 5240.                     src: 3043                     r0: 5 r1: 3694 r2: 68 r3: 5746 r4: 0 r5: 65514 sp: 65508 pc: 5240          N: 0 Z: 0 V: 0 C: 0      
5240:   tst -(r3)                     src: 4                        r0: 5 r1: 3694 r2: 68 r3: 5744 r4: 0 r5: 65514 sp: 65508 pc: 5242          N: 0 Z: 0 V: 0 C: 0      
5242:   bne 5228.                     src: 57475                    r0: 5 r1: 3694 r2: 68 r3: 5744 r4: 0 r5: 65514 sp: 65508 pc: 5228          N: 0 Z: 0 V: 0 C: 0      
5228:   sub r2, r3                    src: 68        dst: 5744      r0: 5 r1: 3694 r2: 68 r3: 5676 r4: 0 r5: 65514 sp: 65508 pc: 5230          N: 0 Z: 0 V: 0 C: 0      
5230:   cmp r3, $hshtab               src: 5676      dst: 5722      r0: 5 r1: 3694 r2: 68 r3: 5676 r4: 0 r5: 65514 sp: 65508 pc: 5234          N: 1 Z: 0 V: 0 C: 1      
5234:   bhi 5240.                     src: 3043                     r0: 5 r1: 3694 r2: 68 r3: 5676 r4: 0 r5: 65514 sp: 65508 pc: 5236          N: 1 Z: 0 V: 0 C: 1      
5236:   add $3106., r3                src: 3106      dst: 5676      r0: 5 r1: 3694 r2: 68 r3: 8782 r4: 0 r5: 65514 sp: 65508 pc: 5240          N: 0 Z: 0 V: 0 C: 0      
5240:   tst -(r3)                     src: 0                        r0: 5 r1: 3694 r2: 68 r3: 8780 r4: 0 r5: 65514 sp: 65508 pc: 5242          N: 0 Z: 1 V: 0 C: 0      
5242:   bne 5228.                     src: 57475                    r0: 5 r1: 3694 r2: 68 r3: 8780 r4: 0 r5: 65514 sp: 65508 pc: 5244          N: 0 Z: 1 V: 0 C: 0      
5244:   mov (sp)+, r1                 src: 3690      dst: 3694      r0: 5 r1: 3690 r2: 68 r3: 8780 r4: 0 r5: 65514 sp: 65510 pc: 5246          N: 0 Z: 0 V: 0 C: 0      
5246:   mov r1, (r3)                  src: 3690      dst: 0         r0: 5 r1: 3690 r2: 68 r3: 8780 r4: 0 r5: 65514 sp: 65510 pc: 5248          N: 0 Z: 0 V: 0 C: 0      
5248:   add $12., r1                  src: 12        dst: 3690      r0: 5 r1: 3702 r2: 68 r3: 8780 r4: 0 r5: 65514 sp: 65510 pc: 5252          N: 0 Z: 0 V: 0 C: 0      
5252:   cmp r1, $ebsymtab             src: 3702      dst: 5118      r0: 5 r1: 3702 r2: 68 r3: 8780 r4: 0 r5: 65514 sp: 65510 pc: 5256          N: 1 Z: 0 V: 0 C: 1      
5256:   bcs 5196.                     src: 2563                     r0: 5 r1: 3702 r2: 68 r3: 8780 r4: 0 r5: 65514 sp: 65510 pc: 5196          N: 1 Z: 0 V: 0 C: 1      
5196:   clr r3                        src: 8780                     r0: 5 r1: 3702 r2: 68 r3: 0 r4: 0 r5: 65514 sp: 65510 pc: 5198             N: 0 Z: 1 V: 0 C: 0      
5198:   mov $8., r2                   src: 8         dst: 68        r0: 5 r1: 3702 r2: 8 r3: 0 r4: 0 r5: 65514 sp: 65510 pc: 5202              N: 0 Z: 0 V: 0 C: 0      
5202:   mov r1, -(sp)                 src: 3702      dst: 3690      r0: 5 r1: 3702 r2: 8 r3: 0 r4: 0 r5: 65514 sp: 65508 pc: 5204              N: 0 Z: 0 V: 0 C: 0      
5204:   movb (r1)+, r4                src: 98        dst: 0         r0: 5 r1: 3703 r2: 8 r3: 0 r4: 98 r5: 65514 sp: 65508 pc: 5206             N: 0 Z: 0 V: 0 C: 0      
5206:   beq 5214.                     src: 2562                     r0: 5 r1: 3703 r2: 8 r3: 0 r4: 98 r5: 65514 sp: 65508 pc: 5208             N: 0 Z: 0 V: 0 C: 0      
5208:   add r4, r3                    src: 98        dst: 0         r0: 5 r1: 3703 r2: 8 r3: 98 r4: 98 r5: 65514 sp: 65508 pc: 5210            N: 0 Z: 0 V: 0 C: 0      
5210:   swab r3                       src: 98                       r0: 5 r1: 3703 r2: 8 r3: 25088 r4: 98 r5: 65514 sp: 65508 pc: 5212         N: 0 Z: 1 V: 0 C: 0      
5212:   sob r2, 5204.                 src: 8         dst: 68        r0: 5 r1: 3703 r2: 7 r3: 25088 r4: 98 r5: 65514 sp: 65508 pc: 5204         N: 0 Z: 1 V: 0 C: 0      
5204:   movb (r1)+, r4                src: 109       dst: 98        r0: 5 r1: 3704 r2: 7 r3: 25088 r4: 109 r5: 65514 sp: 65508 pc: 5206        N: 0 Z: 0 V: 0 C: 0      
5206:   beq 5214.                     src: 2562                     r0: 5 r1: 3704 r2: 7 r3: 25088 r4: 109 r5: 65514 sp: 65508 pc: 5208        N: 0 Z: 0 V: 0 C: 0      
5208:   add r4, r3                    src: 109       dst: 25088     r0: 5 r1: 3704 r2: 7 r3: 25197 r4: 109 r5: 65514 sp: 65508 pc: 5210        N: 0 Z: 0 V: 0 C: 0      
5210:   swab r3                       src: 25197                    r0: 5 r1: 3704 r2: 7 r3: 28002 r4: 109 r5: 65514 sp: 65508 pc: 5212        N: 0 Z: 0 V: 0 C: 0      
5212:   sob r2, 5204.                 src: 7         dst: 68        r0: 5 r1: 3704 r2: 6 r3: 28002 r4: 109 r5: 65514 sp: 65508 pc: 5204        N: 0 Z: 0 V: 0 C: 0      
5204:   movb (r1)+, r4                src: 105       dst: 109       r0: 5 r1: 3705 r2: 6 r3: 28002 r4: 105 r5: 65514 sp: 65508 pc: 5206        N: 0 Z: 0 V: 0 C: 0      
5206:   beq 5214.                     src: 2562                     r0: 5 r1: 3705 r2: 6 r3: 28002 r4: 105 r5: 65514 sp: 65508 pc: 5208        N: 0 Z: 0 V: 0 C: 0      
5208:   add r4, r3                    src: 105       dst: 28002     r0: 5 r1: 3705 r2: 6 r3: 28107 r4: 105 r5: 65514 sp: 65508 pc: 5210        N: 0 Z: 0 V: 0 C: 0      
5210:   swab r3                       src: 28107                    r0: 5 r1: 3705 r2: 6 r3: 52077 r4: 105 r5: 65514 sp: 65508 pc: 5212        N: 0 Z: 0 V: 0 C: 0      
5212:   sob r2, 5204.                 src: 6         dst: 68        r0: 5 r1: 3705 r2: 5 r3: 52077 r4: 105 r5: 65514 sp: 65508 pc: 5204        N: 0 Z: 0 V: 0 C: 0      
5204:   movb (r1)+, r4                src: 0         dst: 105       r0: 5 r1: 3706 r2: 5 r3: 52077 r4: 0 r5: 65514 sp: 65508 pc: 5206          N: 0 Z: 1 V: 0 C: 0      
5206:   beq 5214.                     src: 2562                     r0: 5 r1: 3706 r2: 5 r3: 52077 r4: 0 r5: 65514 sp: 65508 pc: 5214          N: 0 Z: 1 V: 0 C: 0      
5214:   clr r2                        src: 5                        r0: 5 r1: 3706 r2: 0 r3: 52077 r4: 0 r5: 65514 sp: 65508 pc: 5216          N: 0 Z: 1 V: 0 C: 0      
5216:   div $hshsiz, r2               src: 1553      dst: 0         r0: 5 r1: 3706 r2: 33 r3: 828 r4: 0 r5: 65514 sp: 65508 pc: 5220           N: 0 Z: 0 V: 0 C: 0      
5220:   ashc $1., r2                  src: 1         dst: 33        r0: 5 r1: 3706 r2: 66 r3: 1656 r4: 0 r5: 65514 sp: 65508 pc: 5224          N: 0 Z: 0 V: 0 C: 0      
5224:   add $hshtab, r3               src: 5722      dst: 1656      r0: 5 r1: 3706 r2: 66 r3: 7378 r4: 0 r5: 65514 sp: 65508 pc: 5228          N: 0 Z: 0 V: 0 C: 0      
5228:   sub r2, r3                    src: 66        dst: 7378      r0: 5 r1: 3706 r2: 66 r3: 7312 r4: 0 r5: 65514 sp: 65508 pc: 5230          N: 0 Z: 0 V: 0 C: 0      
5230:   cmp r3, $hshtab               src: 7312      dst: 5722      r0: 5 r1: 3706 r2: 66 r3: 7312 r4: 0 r5: 65514 sp: 65508 pc: 5234          N: 0 Z: 0 V: 0 C: 0      
5234:   bhi 5240.                     src: 3043                     r0: 5 r1: 3706 r2: 66 r3: 7312 r4: 0 r5: 65514 sp: 65508 pc: 5240          N: 0 Z: 0 V: 0 C: 0      
5240:   tst -(r3)                     src: 0                        r0: 5 r1: 3706 r2: 66 r3: 7310 r4: 0 r5: 65514 sp: 65508 pc: 5242          N: 0 Z: 1 V: 0 C: 0      
5242:   bne 5228.                     src: 57475                    r0: 5 r1: 3706 r2: 66 r3: 7310 r4: 0 r5: 65514 sp: 65508 pc: 5244          N: 0 Z: 1 V: 0 C: 0      
5244:   mov (sp)+, r1                 src: 3702      dst: 3706      r0: 5 r1: 3702 r2: 66 r3: 7310 r4: 0 r5: 65514 sp: 65510 pc: 5246          N: 0 Z: 0 V: 0 C: 0      
5246:   mov r1, (r3)                  src: 3702      dst: 0         r0: 5 r1: 3702 r2: 66 r3: 7310 r4: 0 r5: 65514 sp: 65510 pc: 5248          N: 0 Z: 0 V: 0 C: 0      
5248:   add $12., r1                  src: 12        dst: 3702      r0: 5 r1: 3714 r2: 66 r3: 7310 r4: 0 r5: 65514 sp: 65510 pc: 5252          N: 0 Z: 0 V: 0 C: 0      
5252:   cmp r1, $ebsymtab             src: 3714      dst: 5118      r0: 5 r1: 3714 r2: 66 r3: 7310 r4: 0 r5: 65514 sp: 65510 pc: 5256          N: 1 Z: 0 V: 0 C: 1      
5256:   bcs 5196.                     src: 2563                     r0: 5 r1: 3714 r2: 66 r3: 7310 r4: 0 r5: 65514 sp: 65510 pc: 5196          N: 1 Z: 0 V: 0 C: 1      
5196:   clr r3                        src: 7310                     r0: 5 r1: 3714 r2: 66 r3: 0 r4: 0 r5: 65514 sp: 65510 pc: 5198             N: 0 Z: 1 V: 0 C: 0      
5198:   mov $8., r2                   src: 8         dst: 66        r0: 5 r1: 3714 r2: 8 r3: 0 r4: 0 r5: 65514 sp: 65510 pc: 5202              N: 0 Z: 0 V: 0 C: 0      
5202:   mov r1, -(sp)                 src: 3714      dst: 3702      r0: 5 r1: 3714 r2: 8 r3: 0 r4: 0 r5: 65514 sp: 65508 pc: 5204              N: 0 Z: 0 V: 0 C: 0      
5204:   movb (r1)+, r4                src: 98        dst: 0         r0: 5 r1: 3715 r2: 8 r3: 0 r4: 98 r5: 65514 sp: 65508 pc: 5206             N: 0 Z: 0 V: 0 C: 0      
5206:   beq 5214.                     src: 2562                     r0: 5 r1: 3715 r2: 8 r3: 0 r4: 98 r5: 65514 sp: 65508 pc: 5208             N: 0 Z: 0 V: 0 C: 0      
5208:   add r4, r3                    src: 98        dst: 0         r0: 5 r1: 3715 r2: 8 r3: 98 r4: 98 r5: 65514 sp: 65508 pc: 5210            N: 0 Z: 0 V: 0 C: 0      
5210:   swab r3                       src: 98                       r0: 5 r1: 3715 r2: 8 r3: 25088 r4: 98 r5: 65514 sp: 65508 pc: 5212         N: 0 Z: 1 V: 0 C: 0      
5212:   sob r2, 5204.                 src: 8         dst: 68        r0: 5 r1: 3715 r2: 7 r3: 25088 r4: 98 r5: 65514 sp: 65508 pc: 5204         N: 0 Z: 1 V: 0 C: 0      
5204:   movb (r1)+, r4                src: 104       dst: 98        r0: 5 r1: 3716 r2: 7 r3: 25088 r4: 104 r5: 65514 sp: 65508 pc: 5206        N: 0 Z: 0 V: 0 C: 0      
5206:   beq 5214.                     src: 2562                     r0: 5 r1: 3716 r2: 7 r3: 25088 r4: 104 r5: 65514 sp: 65508 pc: 5208        N: 0 Z: 0 V: 0 C: 0      
5208:   add r4, r3                    src: 104       dst: 25088     r0: 5 r1: 3716 r2: 7 r3: 25192 r4: 104 r5: 65514 sp: 65508 pc: 5210        N: 0 Z: 0 V: 0 C: 0      
5210:   swab r3                       src: 25192                    r0: 5 r1: 3716 r2: 7 r3: 26722 r4: 104 r5: 65514 sp: 65508 pc: 5212        N: 0 Z: 0 V: 0 C: 0      
5212:   sob r2, 5204.                 src: 7         dst: 68        r0: 5 r1: 3716 r2: 6 r3: 26722 r4: 104 r5: 65514 sp: 65508 pc: 5204        N: 0 Z: 0 V: 0 C: 0      
5204:   movb (r1)+, r4                src: 105       dst: 104       r0: 5 r1: 3717 r2: 6 r3: 26722 r4: 105 r5: 65514 sp: 65508 pc: 5206        N: 0 Z: 0 V: 0 C: 0      
5206:   beq 5214.                     src: 2562                     r0: 5 r1: 3717 r2: 6 r3: 26722 r4: 105 r5: 65514 sp: 65508 pc: 5208        N: 0 Z: 0 V: 0 C: 0      
5208:   add r4, r3                    src: 105       dst: 26722     r0: 5 r1: 3717 r2: 6 r3: 26827 r4: 105 r5: 65514 sp: 65508 pc: 5210        N: 0 Z: 0 V: 0 C: 0      
5210:   swab r3                       src: 26827                    r0: 5 r1: 3717 r2: 6 r3: 52072 r4: 105 r5: 65514 sp: 65508 pc: 5212        N: 0 Z: 0 V: 0 C: 0      
5212:   sob r2, 5204.                 src: 6         dst: 68        r0: 5 r1: 3717 r2: 5 r3: 52072 r4: 105 r5: 65514 sp: 65508 pc: 5204        N: 0 Z: 0 V: 0 C: 0      
5204:   movb (r1)+, r4                src: 0         dst: 105       r0: 5 r1: 3718 r2: 5 r3: 52072 r4: 0 r5: 65514 sp: 65508 pc: 5206          N: 0 Z: 1 V: 0 C: 0      
5206:   beq 5214.                     src: 2562                     r0: 5 r1: 3718 r2: 5 r3: 52072 r4: 0 r5: 65514 sp: 65508 pc: 5214          N: 0 Z: 1 V: 0 C: 0      
5214:   clr r2                        src: 5                        r0: 5 r1: 3718 r2: 0 r3: 52072 r4: 0 r5: 65514 sp: 65508 pc: 5216          N: 0 Z: 1 V: 0 C: 0      
5216:   div $hshsiz, r2               src: 1553      dst: 0         r0: 5 r1: 3718 r2: 33 r3: 823 r4: 0 r5: 65514 sp: 65508 pc: 5220           N: 0 Z: 0 V: 0 C: 0      
5220:   ashc $1., r2                  src: 1         dst: 33        r0: 5 r1: 3718 r2: 66 r3: 1646 r4: 0 r5: 65514 sp: 65508 pc: 5224          N: 0 Z: 0 V: 0 C: 0      
5224:   add $hshtab, r3               src: 5722      dst: 1646      r0: 5 r1: 3718 r2: 66 r3: 7368 r4: 0 r5: 65514 sp: 65508 pc: 5228          N: 0 Z: 0 V: 0 C: 0      
5228:   sub r2, r3                    src: 66        dst: 7368      r0: 5 r1: 3718 r2: 66 r3: 7302 r4: 0 r5: 65514 sp: 65508 pc: 5230          N: 0 Z: 0 V: 0 C: 0      
5230:   cmp r3, $hshtab               src: 7302      dst: 5722      r0: 5 r1: 3718 r2: 66 r3: 7302 r4: 0 r5: 65514 sp: 65508 pc: 5234          N: 0 Z: 0 V: 0 C: 0      
5234:   bhi 5240.                     src: 3043                     r0: 5 r1: 3718 r2: 66 r3: 7302 r4: 0 r5: 65514 sp: 65508 pc: 5240          N: 0 Z: 0 V: 0 C: 0      
5240:   tst -(r3)                     src: 0                        r0: 5 r1: 3718 r2: 66 r3: 7300 r4: 0 r5: 65514 sp: 65508 pc: 5242          N: 0 Z: 1 V: 0 C: 0      
5242:   bne 5228.                     src: 57475                    r0: 5 r1: 3718 r2: 66 r3: 7300 r4: 0 r5: 65514 sp: 65508 pc: 5244          N: 0 Z: 1 V: 0 C: 0      
5244:   mov (sp)+, r1                 src: 3714      dst: 3718      r0: 5 r1: 3714 r2: 66 r3: 7300 r4: 0 r5: 65514 sp: 65510 pc: 5246          N: 0 Z: 0 V: 0 C: 0      
5246:   mov r1, (r3)                  src: 3714      dst: 0         r0: 5 r1: 3714 r2: 66 r3: 7300 r4: 0 r5: 65514 sp: 65510 pc: 5248          N: 0 Z: 0 V: 0 C: 0      
5248:   add $12., r1                  src: 12        dst: 3714      r0: 5 r1: 3726 r2: 66 r3: 7300 r4: 0 r5: 65514 sp: 65510 pc: 5252          N: 0 Z: 0 V: 0 C: 0      
5252:   cmp r1, $ebsymtab             src: 3726      dst: 5118      r0: 5 r1: 3726 r2: 66 r3: 7300 r4: 0 r5: 65514 sp: 65510 pc: 5256          N: 1 Z: 0 V: 0 C: 1      
5256:   bcs 5196.                     src: 2563                     r0: 5 r1: 3726 r2: 66 r3: 7300 r4: 0 r5: 65514 sp: 65510 pc: 5196          N: 1 Z: 0 V: 0 C: 1      
5196:   clr r3                        src: 7300                     r0: 5 r1: 3726 r2: 66 r3: 0 r4: 0 r5: 65514 sp: 65510 pc: 5198             N: 0 Z: 1 V: 0 C: 0      
5198:   mov $8., r2                   src: 8         dst: 66        r0: 5 r1: 3726 r2: 8 r3: 0 r4: 0 r5: 65514 sp: 65510 pc: 5202              N: 0 Z: 0 V: 0 C: 0      
5202:   mov r1, -(sp)                 src: 3726      dst: 3714      r0: 5 r1: 3726 r2: 8 r3: 0 r4: 0 r5: 65514 sp: 65508 pc: 5204              N: 0 Z: 0 V: 0 C: 0      
5204:   movb (r1)+, r4                src: 98        dst: 0         r0: 5 r1: 3727 r2: 8 r3: 0 r4: 98 r5: 65514 sp: 65508 pc: 5206             N: 0 Z: 0 V: 0 C: 0      
5206:   beq 5214.                     src: 2562                     r0: 5 r1: 3727 r2: 8 r3: 0 r4: 98 r5: 65514 sp: 65508 pc: 5208             N: 0 Z: 0 V: 0 C: 0      
5208:   add r4, r3                    src: 98        dst: 0         r0: 5 r1: 3727 r2: 8 r3: 98 r4: 98 r5: 65514 sp: 65508 pc: 5210            N: 0 Z: 0 V: 0 C: 0      
5210:   swab r3                       src: 98                       r0: 5 r1: 3727 r2: 8 r3: 25088 r4: 98 r5: 65514 sp: 65508 pc: 5212         N: 0 Z: 1 V: 0 C: 0      
5212:   sob r2, 5204.                 src: 8         dst: 68        r0: 5 r1: 3727 r2: 7 r3: 25088 r4: 98 r5: 65514 sp: 65508 pc: 5204         N: 0 Z: 1 V: 0 C: 0      
5204:   movb (r1)+, r4                src: 108       dst: 98        r0: 5 r1: 3728 r2: 7 r3: 25088 r4: 108 r5: 65514 sp: 65508 pc: 5206        N: 0 Z: 0 V: 0 C: 0      
5206:   beq 5214.                     src: 2562                     r0: 5 r1: 3728 r2: 7 r3: 25088 r4: 108 r5: 65514 sp: 65508 pc: 5208        N: 0 Z: 0 V: 0 C: 0      
5208:   add r4, r3                    src: 108       dst: 25088     r0: 5 r1: 3728 r2: 7 r3: 25196 r4: 108 r5: 65514 sp: 65508 pc: 5210        N: 0 Z: 0 V: 0 C: 0      
5210:   swab r3                       src: 25196                    r0: 5 r1: 3728 r2: 7 r3: 27746 r4: 108 r5: 65514 sp: 65508 pc: 5212        N: 0 Z: 0 V: 0 C: 0      
5212:   sob r2, 5204.                 src: 7         dst: 68        r0: 5 r1: 3728 r2: 6 r3: 27746 r4: 108 r5: 65514 sp: 65508 pc: 5204        N: 0 Z: 0 V: 0 C: 0      
5204:   movb (r1)+, r4                src: 111       dst: 108       r0: 5 r1: 3729 r2: 6 r3: 27746 r4: 111 r5: 65514 sp: 65508 pc: 5206        N: 0 Z: 0 V: 0 C: 0      
5206:   beq 5214.                     src: 2562                     r0: 5 r1: 3729 r2: 6 r3: 27746 r4: 111 r5: 65514 sp: 65508 pc: 5208        N: 0 Z: 0 V: 0 C: 0      
5208:   add r4, r3                    src: 111       dst: 27746     r0: 5 r1: 3729 r2: 6 r3: 27857 r4: 111 r5: 65514 sp: 65508 pc: 5210        N: 0 Z: 0 V: 0 C: 0      
5210:   swab r3                       src: 27857                    r0: 5 r1: 3729 r2: 6 r3: 53612 r4: 111 r5: 65514 sp: 65508 pc: 5212        N: 0 Z: 0 V: 0 C: 0      
5212:   sob r2, 5204.                 src: 6         dst: 68        r0: 5 r1: 3729 r2: 5 r3: 53612 r4: 111 r5: 65514 sp: 65508 pc: 5204        N: 0 Z: 0 V: 0 C: 0      
5204:   movb (r1)+, r4                src: 115       dst: 111       r0: 5 r1: 3730 r2: 5 r3: 53612 r4: 115 r5: 65514 sp: 65508 pc: 5206        N: 0 Z: 0 V: 0 C: 0      
5206:   beq 5214.                     src: 2562                     r0: 5 r1: 3730 r2: 5 r3: 53612 r4: 115 r5: 65514 sp: 65508 pc: 5208        N: 0 Z: 0 V: 0 C: 0      
5208:   add r4, r3                    src: 115       dst: 53612     r0: 5 r1: 3730 r2: 5 r3: 53727 r4: 115 r5: 65514 sp: 65508 pc: 5210        N: 0 Z: 0 V: 0 C: 0      
5210:   swab r3                       src: 53727                    r0: 5 r1: 3730 r2: 5 r3: 57297 r4: 115 r5: 65514 sp: 65508 pc: 5212        N: 1 Z: 0 V: 0 C: 0      
5212:   sob r2, 5204.                 src: 5         dst: 68        r0: 5 r1: 3730 r2: 4 r3: 57297 r4: 115 r5: 65514 sp: 65508 pc: 5204        N: 1 Z: 0 V: 0 C: 0      
5204:   movb (r1)+, r4                src: 0         dst: 115       r0: 5 r1: 3731 r2: 4 r3: 57297 r4: 0 r5: 65514 sp: 65508 pc: 5206          N: 0 Z: 1 V: 0 C: 0      
5206:   beq 5214.                     src: 2562                     r0: 5 r1: 3731 r2: 4 r3: 57297 r4: 0 r5: 65514 sp: 65508 pc: 5214          N: 0 Z: 1 V: 0 C: 0      
5214:   clr r2                        src: 4                        r0: 5 r1: 3731 r2: 0 r3: 57297 r4: 0 r5: 65514 sp: 65508 pc: 5216          N: 0 Z: 1 V: 0 C: 0      
5216:   div $hshsiz, r2               src: 1553      dst: 0         r0: 5 r1: 3731 r2: 36 r3: 1389 r4: 0 r5: 65514 sp: 65508 pc: 5220          N: 0 Z: 0 V: 0 C: 0      
5220:   ashc $1., r2                  src: 1         dst: 36        r0: 5 r1: 3731 r2: 72 r3: 2778 r4: 0 r5: 65514 sp: 65508 pc: 5224          N: 0 Z: 0 V: 0 C: 0      
5224:   add $hshtab, r3               src: 5722      dst: 2778      r0: 5 r1: 3731 r2: 72 r3: 8500 r4: 0 r5: 65514 sp: 65508 pc: 5228          N: 0 Z: 0 V: 0 C: 0      
5228:   sub r2, r3                    src: 72        dst: 8500      r0: 5 r1: 3731 r2: 72 r3: 8428 r4: 0 r5: 65514 sp: 65508 pc: 5230          N: 0 Z: 0 V: 0 C: 0      
5230:   cmp r3, $hshtab               src: 8428      dst: 5722      r0: 5 r1: 3731 r2: 72 r3: 8428 r4: 0 r5: 65514 sp: 65508 pc: 5234          N: 0 Z: 0 V: 0 C: 0      
5234:   bhi 5240.                     src: 3043                     r0: 5 r1: 3731 r2: 72 r3: 8428 r4: 0 r5: 65514 sp: 65508 pc: 5240          N: 0 Z: 0 V: 0 C: 0      
5240:   tst -(r3)                     src: 0                        r0: 5 r1: 3731 r2: 72 r3: 8426 r4: 0 r5: 65514 sp: 65508 pc: 5242          N: 0 Z: 1 V: 0 C: 0      
5242:   bne 5228.                     src: 57475                    r0: 5 r1: 3731 r2: 72 r3: 8426 r4: 0 r5: 65514 sp: 65508 pc: 5244          N: 0 Z: 1 V: 0 C: 0      
5244:   mov (sp)+, r1                 src: 3726      dst: 3731      r0: 5 r1: 3726 r2: 72 r3: 8426 r4: 0 r5: 65514 sp: 65510 pc: 5246          N: 0 Z: 0 V: 0 C: 0      
5246:   mov r1, (r3)                  src: 3726      dst: 0         r0: 5 r1: 3726 r2: 72 r3: 8426 r4: 0 r5: 65514 sp: 65510 pc: 5248          N: 0 Z: 0 V: 0 C: 0      
5248:   add $12., r1                  src: 12        dst: 3726      r0: 5 r1: 3738 r2: 72 r3: 8426 r4: 0 r5: 65514 sp: 65510 pc: 5252          N: 0 Z: 0 V: 0 C: 0      
5252:   cmp r1, $ebsymtab             src: 3738      dst: 5118      r0: 5 r1: 3738 r2: 72 r3: 8426 r4: 0 r5: 65514 sp: 65510 pc: 5256          N: 1 Z: 0 V: 0 C: 1      
5256:   bcs 5196.                     src: 2563                     r0: 5 r1: 3738 r2: 72 r3: 8426 r4: 0 r5: 65514 sp: 65510 pc: 5196          N: 1 Z: 0 V: 0 C: 1      
5196:   clr r3                        src: 8426                     r0: 5 r1: 3738 r2: 72 r3: 0 r4: 0 r5: 65514 sp: 65510 pc: 5198             N: 0 Z: 1 V: 0 C: 0      
5198:   mov $8., r2                   src: 8         dst: 72        r0: 5 r1: 3738 r2: 8 r3: 0 r4: 0 r5: 65514 sp: 65510 pc: 5202              N: 0 Z: 0 V: 0 C: 0      
5202:   mov r1, -(sp)                 src: 3738      dst: 3726      r0: 5 r1: 3738 r2: 8 r3: 0 r4: 0 r5: 65514 sp: 65508 pc: 5204              N: 0 Z: 0 V: 0 C: 0      
5204:   movb (r1)+, r4                src: 98        dst: 0         r0: 5 r1: 3739 r2: 8 r3: 0 r4: 98 r5: 65514 sp: 65508 pc: 5206             N: 0 Z: 0 V: 0 C: 0      
5206:   beq 5214.                     src: 2562                     r0: 5 r1: 3739 r2: 8 r3: 0 r4: 98 r5: 65514 sp: 65508 pc: 5208             N: 0 Z: 0 V: 0 C: 0      
5208:   add r4, r3                    src: 98        dst: 0         r0: 5 r1: 3739 r2: 8 r3: 98 r4: 98 r5: 65514 sp: 65508 pc: 5210            N: 0 Z: 0 V: 0 C: 0      
5210:   swab r3                       src: 98                       r0: 5 r1: 3739 r2: 8 r3: 25088 r4: 98 r5: 65514 sp: 65508 pc: 5212         N: 0 Z: 1 V: 0 C: 0      
5212:   sob r2, 5204.                 src: 8         dst: 68        r0: 5 r1: 3739 r2: 7 r3: 25088 r4: 98 r5: 65514 sp: 65508 pc: 5204         N: 0 Z: 1 V: 0 C: 0      
5204:   movb (r1)+, r4                src: 118       dst: 98        r0: 5 r1: 3740 r2: 7 r3: 25088 r4: 118 r5: 65514 sp: 65508 pc: 5206        N: 0 Z: 0 V: 0 C: 0      
5206:   beq 5214.                     src: 2562                     r0: 5 r1: 3740 r2: 7 r3: 25088 r4: 118 r5: 65514 sp: 65508 pc: 5208        N: 0 Z: 0 V: 0 C: 0      
5208:   add r4, r3                    src: 118       dst: 25088     r0: 5 r1: 3740 r2: 7 r3: 25206 r4: 118 r5: 65514 sp: 65508 pc: 5210        N: 0 Z: 0 V: 0 C: 0      
5210:   swab r3                       src: 25206                    r0: 5 r1: 3740 r2: 7 r3: 30306 r4: 118 r5: 65514 sp: 65508 pc: 5212        N: 0 Z: 0 V: 0 C: 0      
5212:   sob r2, 5204.                 src: 7         dst: 68        r0: 5 r1: 3740 r2: 6 r3: 30306 r4: 118 r5: 65514 sp: 65508 pc: 5204        N: 0 Z: 0 V: 0 C: 0      
5204:   movb (r1)+, r4                src: 99        dst: 118       r0: 5 r1: 3741 r2: 6 r3: 30306 r4: 99 r5: 65514 sp: 65508 pc: 5206         N: 0 Z: 0 V: 0 C: 0      
5206:   beq 5214.                     src: 2562                     r0: 5 r1: 3741 r2: 6 r3: 30306 r4: 99 r5: 65514 sp: 65508 pc: 5208         N: 0 Z: 0 V: 0 C: 0      
5208:   add r4, r3                    src: 99        dst: 30306     r0: 5 r1: 3741 r2: 6 r3: 30405 r4: 99 r5: 65514 sp: 65508 pc: 5210         N: 0 Z: 0 V: 0 C: 0      
5210:   swab r3                       src: 30405                    r0: 5 r1: 3741 r2: 6 r3: 50550 r4: 99 r5: 65514 sp: 65508 pc: 5212         N: 0 Z: 0 V: 0 C: 0      
5212:   sob r2, 5204.                 src: 6         dst: 68        r0: 5 r1: 3741 r2: 5 r3: 50550 r4: 99 r5: 65514 sp: 65508 pc: 5204         N: 0 Z: 0 V: 0 C: 0      
5204:   movb (r1)+, r4                src: 0         dst: 99        r0: 5 r1: 3742 r2: 5 r3: 50550 r4: 0 r5: 65514 sp: 65508 pc: 5206          N: 0 Z: 1 V: 0 C: 0      
5206:   beq 5214.                     src: 2562                     r0: 5 r1: 3742 r2: 5 r3: 50550 r4: 0 r5: 65514 sp: 65508 pc: 5214          N: 0 Z: 1 V: 0 C: 0      
5214:   clr r2                        src: 5                        r0: 5 r1: 3742 r2: 0 r3: 50550 r4: 0 r5: 65514 sp: 65508 pc: 5216          N: 0 Z: 1 V: 0 C: 0      
5216:   div $hshsiz, r2               src: 1553      dst: 0         r0: 5 r1: 3742 r2: 32 r3: 854 r4: 0 r5: 65514 sp: 65508 pc: 5220           N: 0 Z: 0 V: 0 C: 0      
5220:   ashc $1., r2                  src: 1         dst: 32        r0: 5 r1: 3742 r2: 64 r3: 1708 r4: 0 r5: 65514 sp: 65508 pc: 5224          N: 0 Z: 0 V: 0 C: 0      
5224:   add $hshtab, r3               src: 5722      dst: 1708      r0: 5 r1: 3742 r2: 64 r3: 7430 r4: 0 r5: 65514 sp: 65508 pc: 5228          N: 0 Z: 0 V: 0 C: 0      
5228:   sub r2, r3                    src: 64        dst: 7430      r0: 5 r1: 3742 r2: 64 r3: 7366 r4: 0 r5: 65514 sp: 65508 pc: 5230          N: 0 Z: 0 V: 0 C: 0      
5230:   cmp r3, $hshtab               src: 7366      dst: 5722      r0: 5 r1: 3742 r2: 64 r3: 7366 r4: 0 r5: 65514 sp: 65508 pc: 5234          N: 0 Z: 0 V: 0 C: 0      
5234:   bhi 5240.                     src: 3043                     r0: 5 r1: 3742 r2: 64 r3: 7366 r4: 0 r5: 65514 sp: 65508 pc: 5240          N: 0 Z: 0 V: 0 C: 0      
5240:   tst -(r3)                     src: 2                        r0: 5 r1: 3742 r2: 64 r3: 7364 r4: 0 r5: 65514 sp: 65508 pc: 5242          N: 0 Z: 0 V: 0 C: 0      
5242:   bne 5228.                     src: 57475                    r0: 5 r1: 3742 r2: 64 r3: 7364 r4: 0 r5: 65514 sp: 65508 pc: 5228          N: 0 Z: 0 V: 0 C: 0      
5228:   sub r2, r3                    src: 64        dst: 7364      r0: 5 r1: 3742 r2: 64 r3: 7300 r4: 0 r5: 65514 sp: 65508 pc: 5230          N: 0 Z: 0 V: 0 C: 0      
5230:   cmp r3, $hshtab               src: 7300      dst: 5722      r0: 5 r1: 3742 r2: 64 r3: 7300 r4: 0 r5: 65514 sp: 65508 pc: 5234          N: 0 Z: 0 V: 0 C: 0      
5234:   bhi 5240.                     src: 3043                     r0: 5 r1: 3742 r2: 64 r3: 7300 r4: 0 r5: 65514 sp: 65508 pc: 5240          N: 0 Z: 0 V: 0 C: 0      
5240:   tst -(r3)                     src: 1                        r0: 5 r1: 3742 r2: 64 r3: 7298 r4: 0 r5: 65514 sp: 65508 pc: 5242          N: 0 Z: 0 V: 0 C: 0      
5242:   bne 5228.                     src: 57475                    r0: 5 r1: 3742 r2: 64 r3: 7298 r4: 0 r5: 65514 sp: 65508 pc: 5228          N: 0 Z: 0 V: 0 C: 0      
5228:   sub r2, r3                    src: 64        dst: 7298      r0: 5 r1: 3742 r2: 64 r3: 7234 r4: 0 r5: 65514 sp: 65508 pc: 5230          N: 0 Z: 0 V: 0 C: 0      
5230:   cmp r3, $hshtab               src: 7234      dst: 5722      r0: 5 r1: 3742 r2: 64 r3: 7234 r4: 0 r5: 65514 sp: 65508 pc: 5234          N: 0 Z: 0 V: 0 C: 0      
5234:   bhi 5240.                     src: 3043                     r0: 5 r1: 3742 r2: 64 r3: 7234 r4: 0 r5: 65514 sp: 65508 pc: 5240          N: 0 Z: 0 V: 0 C: 0      
5240:   tst -(r3)                     src: 0                        r0: 5 r1: 3742 r2: 64 r3: 7232 r4: 0 r5: 65514 sp: 65508 pc: 5242          N: 0 Z: 1 V: 0 C: 0      
5242:   bne 5228.                     src: 57475                    r0: 5 r1: 3742 r2: 64 r3: 7232 r4: 0 r5: 65514 sp: 65508 pc: 5244          N: 0 Z: 1 V: 0 C: 0      
5244:   mov (sp)+, r1                 src: 3738      dst: 3742      r0: 5 r1: 3738 r2: 64 r3: 7232 r4: 0 r5: 65514 sp: 65510 pc: 5246          N: 0 Z: 0 V: 0 C: 0      
5246:   mov r1, (r3)                  src: 3738      dst: 0         r0: 5 r1: 3738 r2: 64 r3: 7232 r4: 0 r5: 65514 sp: 65510 pc: 5248          N: 0 Z: 0 V: 0 C: 0      
5248:   add $12., r1                  src: 12        dst: 3738      r0: 5 r1: 3750 r2: 64 r3: 7232 r4: 0 r5: 65514 sp: 65510 pc: 5252          N: 0 Z: 0 V: 0 C: 0      
5252:   cmp r1, $ebsymtab             src: 3750      dst: 5118      r0: 5 r1: 3750 r2: 64 r3: 7232 r4: 0 r5: 65514 sp: 65510 pc: 5256          N: 1 Z: 0 V: 0 C: 1      
5256:   bcs 5196.                     src: 2563                     r0: 5 r1: 3750 r2: 64 r3: 7232 r4: 0 r5: 65514 sp: 65510 pc: 5196          N: 1 Z: 0 V: 0 C: 1      
5196:   clr r3                        src: 7232                     r0: 5 r1: 3750 r2: 64 r3: 0 r4: 0 r5: 65514 sp: 65510 pc: 5198             N: 0 Z: 1 V: 0 C: 0      
5198:   mov $8., r2                   src: 8         dst: 64        r0: 5 r1: 3750 r2: 8 r3: 0 r4: 0 r5: 65514 sp: 65510 pc: 5202              N: 0 Z: 0 V: 0 C: 0      
5202:   mov r1, -(sp)                 src: 3750      dst: 3738      r0: 5 r1: 3750 r2: 8 r3: 0 r4: 0 r5: 65514 sp: 65508 pc: 5204              N: 0 Z: 0 V: 0 C: 0      
5204:   movb (r1)+, r4                src: 98        dst: 0         r0: 5 r1: 3751 r2: 8 r3: 0 r4: 98 r5: 65514 sp: 65508 pc: 5206             N: 0 Z: 0 V: 0 C: 0      
5206:   beq 5214.                     src: 2562                     r0: 5 r1: 3751 r2: 8 r3: 0 r4: 98 r5: 65514 sp: 65508 pc: 5208             N: 0 Z: 0 V: 0 C: 0      
5208:   add r4, r3                    src: 98        dst: 0         r0: 5 r1: 3751 r2: 8 r3: 98 r4: 98 r5: 65514 sp: 65508 pc: 5210            N: 0 Z: 0 V: 0 C: 0      
5210:   swab r3                       src: 98                       r0: 5 r1: 3751 r2: 8 r3: 25088 r4: 98 r5: 65514 sp: 65508 pc: 5212         N: 0 Z: 1 V: 0 C: 0      
5212:   sob r2, 5204.                 src: 8         dst: 68        r0: 5 r1: 3751 r2: 7 r3: 25088 r4: 98 r5: 65514 sp: 65508 pc: 5204         N: 0 Z: 1 V: 0 C: 0      
5204:   movb (r1)+, r4                src: 118       dst: 98        r0: 5 r1: 3752 r2: 7 r3: 25088 r4: 118 r5: 65514 sp: 65508 pc: 5206        N: 0 Z: 0 V: 0 C: 0      
5206:   beq 5214.                     src: 2562                     r0: 5 r1: 3752 r2: 7 r3: 25088 r4: 118 r5: 65514 sp: 65508 pc: 5208        N: 0 Z: 0 V: 0 C: 0      
5208:   add r4, r3                    src: 118       dst: 25088     r0: 5 r1: 3752 r2: 7 r3: 25206 r4: 118 r5: 65514 sp: 65508 pc: 5210        N: 0 Z: 0 V: 0 C: 0      
5210:   swab r3                       src: 25206                    r0: 5 r1: 3752 r2: 7 r3: 30306 r4: 118 r5: 65514 sp: 65508 pc: 5212        N: 0 Z: 0 V: 0 C: 0      
5212:   sob r2, 5204.                 src: 7         dst: 68        r0: 5 r1: 3752 r2: 6 r3: 30306 r4: 118 r5: 65514 sp: 65508 pc: 5204        N: 0 Z: 0 V: 0 C: 0      
5204:   movb (r1)+, r4                src: 115       dst: 118       r0: 5 r1: 3753 r2: 6 r3: 30306 r4: 115 r5: 65514 sp: 65508 pc: 5206        N: 0 Z: 0 V: 0 C: 0      
5206:   beq 5214.                     src: 2562                     r0: 5 r1: 3753 r2: 6 r3: 30306 r4: 115 r5: 65514 sp: 65508 pc: 5208        N: 0 Z: 0 V: 0 C: 0      
5208:   add r4, r3                    src: 115       dst: 30306     r0: 5 r1: 3753 r2: 6 r3: 30421 r4: 115 r5: 65514 sp: 65508 pc: 5210        N: 0 Z: 0 V: 0 C: 0      
5210:   swab r3                       src: 30421                    r0: 5 r1: 3753 r2: 6 r3: 54646 r4: 115 r5: 65514 sp: 65508 pc: 5212        N: 0 Z: 0 V: 0 C: 0      
5212:   sob r2, 5204.                 src: 6         dst: 68        r0: 5 r1: 3753 r2: 5 r3: 54646 r4: 115 r5: 65514 sp: 65508 pc: 5204        N: 0 Z: 0 V: 0 C: 0      
5204:   movb (r1)+, r4                src: 0         dst: 115       r0: 5 r1: 3754 r2: 5 r3: 54646 r4: 0 r5: 65514 sp: 65508 pc: 5206          N: 0 Z: 1 V: 0 C: 0      
5206:   beq 5214.                     src: 2562                     r0: 5 r1: 3754 r2: 5 r3: 54646 r4: 0 r5: 65514 sp: 65508 pc: 5214          N: 0 Z: 1 V: 0 C: 0      
5214:   clr r2                        src: 5                        r0: 5 r1: 3754 r2: 0 r3: 54646 r4: 0 r5: 65514 sp: 65508 pc: 5216          N: 0 Z: 1 V: 0 C: 0      
5216:   div $hshsiz, r2               src: 1553      dst: 0         r0: 5 r1: 3754 r2: 35 r3: 291 r4: 0 r5: 65514 sp: 65508 pc: 5220           N: 0 Z: 0 V: 0 C: 0      
5220:   ashc $1., r2                  src: 1         dst: 35        r0: 5 r1: 3754 r2: 70 r3: 582 r4: 0 r5: 65514 sp: 65508 pc: 5224           N: 0 Z: 0 V: 0 C: 0      
5224:   add $hshtab, r3               src: 5722      dst: 582       r0: 5 r1: 3754 r2: 70 r3: 6304 r4: 0 r5: 65514 sp: 65508 pc: 5228          N: 0 Z: 0 V: 0 C: 0      
5228:   sub r2, r3                    src: 70        dst: 6304      r0: 5 r1: 3754 r2: 70 r3: 6234 r4: 0 r5: 65514 sp: 65508 pc: 5230          N: 0 Z: 0 V: 0 C: 0      
5230:   cmp r3, $hshtab               src: 6234      dst: 5722      r0: 5 r1: 3754 r2: 70 r3: 6234 r4: 0 r5: 65514 sp: 65508 pc: 5234          N: 0 Z: 0 V: 0 C: 0      
5234:   bhi 5240.                     src: 3043                     r0: 5 r1: 3754 r2: 70 r3: 6234 r4: 0 r5: 65514 sp: 65508 pc: 5240          N: 0 Z: 0 V: 0 C: 0      
5240:   tst -(r3)                     src: 0                        r0: 5 r1: 3754 r2: 70 r3: 6232 r4: 0 r5: 65514 sp: 65508 pc: 5242          N: 0 Z: 1 V: 0 C: 0      
5242:   bne 5228.                     src: 57475                    r0: 5 r1: 3754 r2: 70 r3: 6232 r4: 0 r5: 65514 sp: 65508 pc: 5244          N: 0 Z: 1 V: 0 C: 0      
5244:   mov (sp)+, r1                 src: 3750      dst: 3754      r0: 5 r1: 3750 r2: 70 r3: 6232 r4: 0 r5: 65514 sp: 65510 pc: 5246          N: 0 Z: 0 V: 0 C: 0      
5246:   mov r1, (r3)                  src: 3750      dst: 0         r0: 5 r1: 3750 r2: 70 r3: 6232 r4: 0 r5: 65514 sp: 65510 pc: 5248          N: 0 Z: 0 V: 0 C: 0      
5248:   add $12., r1                  src: 12        dst: 3750      r0: 5 r1: 3762 r2: 70 r3: 6232 r4: 0 r5: 65514 sp: 65510 pc: 5252          N: 0 Z: 0 V: 0 C: 0      
5252:   cmp r1, $ebsymtab             src: 3762      dst: 5118      r0: 5 r1: 3762 r2: 70 r3: 6232 r4: 0 r5: 65514 sp: 65510 pc: 5256          N: 1 Z: 0 V: 0 C: 1      
5256:   bcs 5196.                     src: 2563                     r0: 5 r1: 3762 r2: 70 r3: 6232 r4: 0 r5: 65514 sp: 65510 pc: 5196          N: 1 Z: 0 V: 0 C: 1      
5196:   clr r3                        src: 6232                     r0: 5 r1: 3762 r2: 70 r3: 0 r4: 0 r5: 65514 sp: 65510 pc: 5198             N: 0 Z: 1 V: 0 C: 0      
5198:   mov $8., r2                   src: 8         dst: 70        r0: 5 r1: 3762 r2: 8 r3: 0 r4: 0 r5: 65514 sp: 65510 pc: 5202              N: 0 Z: 0 V: 0 C: 0      
5202:   mov r1, -(sp)                 src: 3762      dst: 3750      r0: 5 r1: 3762 r2: 8 r3: 0 r4: 0 r5: 65514 sp: 65508 pc: 5204              N: 0 Z: 0 V: 0 C: 0      
5204:   movb (r1)+, r4                src: 98        dst: 0         r0: 5 r1: 3763 r2: 8 r3: 0 r4: 98 r5: 65514 sp: 65508 pc: 5206             N: 0 Z: 0 V: 0 C: 0      
5206:   beq 5214.                     src: 2562                     r0: 5 r1: 3763 r2: 8 r3: 0 r4: 98 r5: 65514 sp: 65508 pc: 5208             N: 0 Z: 0 V: 0 C: 0      
5208:   add r4, r3                    src: 98        dst: 0         r0: 5 r1: 3763 r2: 8 r3: 98 r4: 98 r5: 65514 sp: 65508 pc: 5210            N: 0 Z: 0 V: 0 C: 0      
5210:   swab r3                       src: 98                       r0: 5 r1: 3763 r2: 8 r3: 25088 r4: 98 r5: 65514 sp: 65508 pc: 5212         N: 0 Z: 1 V: 0 C: 0      
5212:   sob r2, 5204.                 src: 8         dst: 68        r0: 5 r1: 3763 r2: 7 r3: 25088 r4: 98 r5: 65514 sp: 65508 pc: 5204         N: 0 Z: 1 V: 0 C: 0      
5204:   movb (r1)+, r4                src: 104       dst: 98        r0: 5 r1: 3764 r2: 7 r3: 25088 r4: 104 r5: 65514 sp: 65508 pc: 5206        N: 0 Z: 0 V: 0 C: 0      
5206:   beq 5214.                     src: 2562                     r0: 5 r1: 3764 r2: 7 r3: 25088 r4: 104 r5: 65514 sp: 65508 pc: 5208        N: 0 Z: 0 V: 0 C: 0      
5208:   add r4, r3                    src: 104       dst: 25088     r0: 5 r1: 3764 r2: 7 r3: 25192 r4: 104 r5: 65514 sp: 65508 pc: 5210        N: 0 Z: 0 V: 0 C: 0      
5210:   swab r3                       src: 25192                    r0: 5 r1: 3764 r2: 7 r3: 26722 r4: 104 r5: 65514 sp: 65508 pc: 5212        N: 0 Z: 0 V: 0 C: 0      
5212:   sob r2, 5204.                 src: 7         dst: 68        r0: 5 r1: 3764 r2: 6 r3: 26722 r4: 104 r5: 65514 sp: 65508 pc: 5204        N: 0 Z: 0 V: 0 C: 0      
5204:   movb (r1)+, r4                src: 105       dst: 104       r0: 5 r1: 3765 r2: 6 r3: 26722 r4: 105 r5: 65514 sp: 65508 pc: 5206        N: 0 Z: 0 V: 0 C: 0      
5206:   beq 5214.                     src: 2562                     r0: 5 r1: 3765 r2: 6 r3: 26722 r4: 105 r5: 65514 sp: 65508 pc: 5208        N: 0 Z: 0 V: 0 C: 0      
5208:   add r4, r3                    src: 105       dst: 26722     r0: 5 r1: 3765 r2: 6 r3: 26827 r4: 105 r5: 65514 sp: 65508 pc: 5210        N: 0 Z: 0 V: 0 C: 0      
5210:   swab r3                       src: 26827                    r0: 5 r1: 3765 r2: 6 r3: 52072 r4: 105 r5: 65514 sp: 65508 pc: 5212        N: 0 Z: 0 V: 0 C: 0      
5212:   sob r2, 5204.                 src: 6         dst: 68        r0: 5 r1: 3765 r2: 5 r3: 52072 r4: 105 r5: 65514 sp: 65508 pc: 5204        N: 0 Z: 0 V: 0 C: 0      
5204:   movb (r1)+, r4                src: 115       dst: 105       r0: 5 r1: 3766 r2: 5 r3: 52072 r4: 115 r5: 65514 sp: 65508 pc: 5206        N: 0 Z: 0 V: 0 C: 0      
5206:   beq 5214.                     src: 2562                     r0: 5 r1: 3766 r2: 5 r3: 52072 r4: 115 r5: 65514 sp: 65508 pc: 5208        N: 0 Z: 0 V: 0 C: 0      
5208:   add r4, r3                    src: 115       dst: 52072     r0: 5 r1: 3766 r2: 5 r3: 52187 r4: 115 r5: 65514 sp: 65508 pc: 5210        N: 0 Z: 0 V: 0 C: 0      
5210:   swab r3                       src: 52187                    r0: 5 r1: 3766 r2: 5 r3: 56267 r4: 115 r5: 65514 sp: 65508 pc: 5212        N: 1 Z: 0 V: 0 C: 0      
5212:   sob r2, 5204.                 src: 5         dst: 68        r0: 5 r1: 3766 r2: 4 r3: 56267 r4: 115 r5: 65514 sp: 65508 pc: 5204        N: 1 Z: 0 V: 0 C: 0      
5204:   movb (r1)+, r4                src: 0         dst: 115       r0: 5 r1: 3767 r2: 4 r3: 56267 r4: 0 r5: 65514 sp: 65508 pc: 5206          N: 0 Z: 1 V: 0 C: 0      
5206:   beq 5214.                     src: 2562                     r0: 5 r1: 3767 r2: 4 r3: 56267 r4: 0 r5: 65514 sp: 65508 pc: 5214          N: 0 Z: 1 V: 0 C: 0      
5214:   clr r2                        src: 4                        r0: 5 r1: 3767 r2: 0 r3: 56267 r4: 0 r5: 65514 sp: 65508 pc: 5216          N: 0 Z: 1 V: 0 C: 0      
5216:   div $hshsiz, r2               src: 1553      dst: 0         r0: 5 r1: 3767 r2: 36 r3: 359 r4: 0 r5: 65514 sp: 65508 pc: 5220           N: 0 Z: 0 V: 0 C: 0      
5220:   ashc $1., r2                  src: 1         dst: 36        r0: 5 r1: 3767 r2: 72 r3: 718 r4: 0 r5: 65514 sp: 65508 pc: 5224           N: 0 Z: 0 V: 0 C: 0      
5224:   add $hshtab, r3               src: 5722      dst: 718       r0: 5 r1: 3767 r2: 72 r3: 6440 r4: 0 r5: 65514 sp: 65508 pc: 5228          N: 0 Z: 0 V: 0 C: 0      
5228:   sub r2, r3                    src: 72        dst: 6440      r0: 5 r1: 3767 r2: 72 r3: 6368 r4: 0 r5: 65514 sp: 65508 pc: 5230          N: 0 Z: 0 V: 0 C: 0      
5230:   cmp r3, $hshtab               src: 6368      dst: 5722      r0: 5 r1: 3767 r2: 72 r3: 6368 r4: 0 r5: 65514 sp: 65508 pc: 5234          N: 0 Z: 0 V: 0 C: 0      
5234:   bhi 5240.                     src: 3043                     r0: 5 r1: 3767 r2: 72 r3: 6368 r4: 0 r5: 65514 sp: 65508 pc: 5240          N: 0 Z: 0 V: 0 C: 0      
5240:   tst -(r3)                     src: 0                        r0: 5 r1: 3767 r2: 72 r3: 6366 r4: 0 r5: 65514 sp: 65508 pc: 5242          N: 0 Z: 1 V: 0 C: 0      
5242:   bne 5228.                     src: 57475                    r0: 5 r1: 3767 r2: 72 r3: 6366 r4: 0 r5: 65514 sp: 65508 pc: 5244          N: 0 Z: 1 V: 0 C: 0      
5244:   mov (sp)+, r1                 src: 3762      dst: 3767      r0: 5 r1: 3762 r2: 72 r3: 6366 r4: 0 r5: 65514 sp: 65510 pc: 5246          N: 0 Z: 0 V: 0 C: 0      
5246:   mov r1, (r3)                  src: 3762      dst: 0         r0: 5 r1: 3762 r2: 72 r3: 6366 r4: 0 r5: 65514 sp: 65510 pc: 5248          N: 0 Z: 0 V: 0 C: 0      
5248:   add $12., r1                  src: 12        dst: 3762      r0: 5 r1: 3774 r2: 72 r3: 6366 r4: 0 r5: 65514 sp: 65510 pc: 5252          N: 0 Z: 0 V: 0 C: 0      
5252:   cmp r1, $ebsymtab             src: 3774      dst: 5118      r0: 5 r1: 3774 r2: 72 r3: 6366 r4: 0 r5: 65514 sp: 65510 pc: 5256          N: 1 Z: 0 V: 0 C: 1      
5256:   bcs 5196.                     src: 2563                     r0: 5 r1: 3774 r2: 72 r3: 6366 r4: 0 r5: 65514 sp: 65510 pc: 5196          N: 1 Z: 0 V: 0 C: 1      
5196:   clr r3                        src: 6366                     r0: 5 r1: 3774 r2: 72 r3: 0 r4: 0 r5: 65514 sp: 65510 pc: 5198             N: 0 Z: 1 V: 0 C: 0      
5198:   mov $8., r2                   src: 8         dst: 72        r0: 5 r1: 3774 r2: 8 r3: 0 r4: 0 r5: 65514 sp: 65510 pc: 5202              N: 0 Z: 0 V: 0 C: 0      
5202:   mov r1, -(sp)                 src: 3774      dst: 3762      r0: 5 r1: 3774 r2: 8 r3: 0 r4: 0 r5: 65514 sp: 65508 pc: 5204              N: 0 Z: 0 V: 0 C: 0      
5204:   movb (r1)+, r4                src: 98        dst: 0         r0: 5 r1: 3775 r2: 8 r3: 0 r4: 98 r5: 65514 sp: 65508 pc: 5206             N: 0 Z: 0 V: 0 C: 0      
5206:   beq 5214.                     src: 2562                     r0: 5 r1: 3775 r2: 8 r3: 0 r4: 98 r5: 65514 sp: 65508 pc: 5208             N: 0 Z: 0 V: 0 C: 0      
5208:   add r4, r3                    src: 98        dst: 0         r0: 5 r1: 3775 r2: 8 r3: 98 r4: 98 r5: 65514 sp: 65508 pc: 5210            N: 0 Z: 0 V: 0 C: 0      
5210:   swab r3                       src: 98                       r0: 5 r1: 3775 r2: 8 r3: 25088 r4: 98 r5: 65514 sp: 65508 pc: 5212         N: 0 Z: 1 V: 0 C: 0      
5212:   sob r2, 5204.                 src: 8         dst: 68        r0: 5 r1: 3775 r2: 7 r3: 25088 r4: 98 r5: 65514 sp: 65508 pc: 5204         N: 0 Z: 1 V: 0 C: 0      
5204:   movb (r1)+, r4                src: 101       dst: 98        r0: 5 r1: 3776 r2: 7 r3: 25088 r4: 101 r5: 65514 sp: 65508 pc: 5206        N: 0 Z: 0 V: 0 C: 0      
5206:   beq 5214.                     src: 2562                     r0: 5 r1: 3776 r2: 7 r3: 25088 r4: 101 r5: 65514 sp: 65508 pc: 5208        N: 0 Z: 0 V: 0 C: 0      
5208:   add r4, r3                    src: 101       dst: 25088     r0: 5 r1: 3776 r2: 7 r3: 25189 r4: 101 r5: 65514 sp: 65508 pc: 5210        N: 0 Z: 0 V: 0 C: 0      
5210:   swab r3                       src: 25189                    r0: 5 r1: 3776 r2: 7 r3: 25954 r4: 101 r5: 65514 sp: 65508 pc: 5212        N: 0 Z: 0 V: 0 C: 0      
5212:   sob r2, 5204.                 src: 7         dst: 68        r0: 5 r1: 3776 r2: 6 r3: 25954 r4: 101 r5: 65514 sp: 65508 pc: 5204        N: 0 Z: 0 V: 0 C: 0      
5204:   movb (r1)+, r4                src: 99        dst: 101       r0: 5 r1: 3777 r2: 6 r3: 25954 r4: 99 r5: 65514 sp: 65508 pc: 5206         N: 0 Z: 0 V: 0 C: 0      
5206:   beq 5214.                     src: 2562                     r0: 5 r1: 3777 r2: 6 r3: 25954 r4: 99 r5: 65514 sp: 65508 pc: 5208         N: 0 Z: 0 V: 0 C: 0      
5208:   add r4, r3                    src: 99        dst: 25954     r0: 5 r1: 3777 r2: 6 r3: 26053 r4: 99 r5: 65514 sp: 65508 pc: 5210         N: 0 Z: 0 V: 0 C: 0      
5210:   swab r3                       src: 26053                    r0: 5 r1: 3777 r2: 6 r3: 50533 r4: 99 r5: 65514 sp: 65508 pc: 5212         N: 0 Z: 0 V: 0 C: 0      
5212:   sob r2, 5204.                 src: 6         dst: 68        r0: 5 r1: 3777 r2: 5 r3: 50533 r4: 99 r5: 65514 sp: 65508 pc: 5204         N: 0 Z: 0 V: 0 C: 0      
5204:   movb (r1)+, r4                src: 0         dst: 99        r0: 5 r1: 3778 r2: 5 r3: 50533 r4: 0 r5: 65514 sp: 65508 pc: 5206          N: 0 Z: 1 V: 0 C: 0      
5206:   beq 5214.                     src: 2562                     r0: 5 r1: 3778 r2: 5 r3: 50533 r4: 0 r5: 65514 sp: 65508 pc: 5214          N: 0 Z: 1 V: 0 C: 0      
5214:   clr r2                        src: 5                        r0: 5 r1: 3778 r2: 0 r3: 50533 r4: 0 r5: 65514 sp: 65508 pc: 5216          N: 0 Z: 1 V: 0 C: 0      
5216:   div $hshsiz, r2               src: 1553      dst: 0         r0: 5 r1: 3778 r2: 32 r3: 837 r4: 0 r5: 65514 sp: 65508 pc: 5220           N: 0 Z: 0 V: 0 C: 0      
5220:   ashc $1., r2                  src: 1         dst: 32        r0: 5 r1: 3778 r2: 64 r3: 1674 r4: 0 r5: 65514 sp: 65508 pc: 5224          N: 0 Z: 0 V: 0 C: 0      
5224:   add $hshtab, r3               src: 5722      dst: 1674      r0: 5 r1: 3778 r2: 64 r3: 7396 r4: 0 r5: 65514 sp: 65508 pc: 5228          N: 0 Z: 0 V: 0 C: 0      
5228:   sub r2, r3                    src: 64        dst: 7396      r0: 5 r1: 3778 r2: 64 r3: 7332 r4: 0 r5: 65514 sp: 65508 pc: 5230          N: 0 Z: 0 V: 0 C: 0      
5230:   cmp r3, $hshtab               src: 7332      dst: 5722      r0: 5 r1: 3778 r2: 64 r3: 7332 r4: 0 r5: 65514 sp: 65508 pc: 5234          N: 0 Z: 0 V: 0 C: 0      
5234:   bhi 5240.                     src: 3043                     r0: 5 r1: 3778 r2: 64 r3: 7332 r4: 0 r5: 65514 sp: 65508 pc: 5240          N: 0 Z: 0 V: 0 C: 0      
5240:   tst -(r3)                     src: 0                        r0: 5 r1: 3778 r2: 64 r3: 7330 r4: 0 r5: 65514 sp: 65508 pc: 5242          N: 0 Z: 1 V: 0 C: 0      
5242:   bne 5228.                     src: 57475                    r0: 5 r1: 3778 r2: 64 r3: 7330 r4: 0 r5: 65514 sp: 65508 pc: 5244          N: 0 Z: 1 V: 0 C: 0      
5244:   mov (sp)+, r1                 src: 3774      dst: 3778      r0: 5 r1: 3774 r2: 64 r3: 7330 r4: 0 r5: 65514 sp: 65510 pc: 5246          N: 0 Z: 0 V: 0 C: 0      
5246:   mov r1, (r3)                  src: 3774      dst: 0         r0: 5 r1: 3774 r2: 64 r3: 7330 r4: 0 r5: 65514 sp: 65510 pc: 5248          N: 0 Z: 0 V: 0 C: 0      
5248:   add $12., r1                  src: 12        dst: 3774      r0: 5 r1: 3786 r2: 64 r3: 7330 r4: 0 r5: 65514 sp: 65510 pc: 5252          N: 0 Z: 0 V: 0 C: 0      
5252:   cmp r1, $ebsymtab             src: 3786      dst: 5118      r0: 5 r1: 3786 r2: 64 r3: 7330 r4: 0 r5: 65514 sp: 65510 pc: 5256          N: 1 Z: 0 V: 0 C: 1      
5256:   bcs 5196.                     src: 2563                     r0: 5 r1: 3786 r2: 64 r3: 7330 r4: 0 r5: 65514 sp: 65510 pc: 5196          N: 1 Z: 0 V: 0 C: 1      
5196:   clr r3                        src: 7330                     r0: 5 r1: 3786 r2: 64 r3: 0 r4: 0 r5: 65514 sp: 65510 pc: 5198             N: 0 Z: 1 V: 0 C: 0      
5198:   mov $8., r2                   src: 8         dst: 64        r0: 5 r1: 3786 r2: 8 r3: 0 r4: 0 r5: 65514 sp: 65510 pc: 5202              N: 0 Z: 0 V: 0 C: 0      
5202:   mov r1, -(sp)                 src: 3786      dst: 3774      r0: 5 r1: 3786 r2: 8 r3: 0 r4: 0 r5: 65514 sp: 65508 pc: 5204              N: 0 Z: 0 V: 0 C: 0      
5204:   movb (r1)+, r4                src: 98        dst: 0         r0: 5 r1: 3787 r2: 8 r3: 0 r4: 98 r5: 65514 sp: 65508 pc: 5206             N: 0 Z: 0 V: 0 C: 0      
5206:   beq 5214.                     src: 2562                     r0: 5 r1: 3787 r2: 8 r3: 0 r4: 98 r5: 65514 sp: 65508 pc: 5208             N: 0 Z: 0 V: 0 C: 0      
5208:   add r4, r3                    src: 98        dst: 0         r0: 5 r1: 3787 r2: 8 r3: 98 r4: 98 r5: 65514 sp: 65508 pc: 5210            N: 0 Z: 0 V: 0 C: 0      
5210:   swab r3                       src: 98                       r0: 5 r1: 3787 r2: 8 r3: 25088 r4: 98 r5: 65514 sp: 65508 pc: 5212         N: 0 Z: 1 V: 0 C: 0      
5212:   sob r2, 5204.                 src: 8         dst: 68        r0: 5 r1: 3787 r2: 7 r3: 25088 r4: 98 r5: 65514 sp: 65508 pc: 5204         N: 0 Z: 1 V: 0 C: 0      
5204:   movb (r1)+, r4                src: 99        dst: 98        r0: 5 r1: 3788 r2: 7 r3: 25088 r4: 99 r5: 65514 sp: 65508 pc: 5206         N: 0 Z: 0 V: 0 C: 0      
5206:   beq 5214.                     src: 2562                     r0: 5 r1: 3788 r2: 7 r3: 25088 r4: 99 r5: 65514 sp: 65508 pc: 5208         N: 0 Z: 0 V: 0 C: 0      
5208:   add r4, r3                    src: 99        dst: 25088     r0: 5 r1: 3788 r2: 7 r3: 25187 r4: 99 r5: 65514 sp: 65508 pc: 5210         N: 0 Z: 0 V: 0 C: 0      
5210:   swab r3                       src: 25187                    r0: 5 r1: 3788 r2: 7 r3: 25442 r4: 99 r5: 65514 sp: 65508 pc: 5212         N: 0 Z: 0 V: 0 C: 0      
5212:   sob r2, 5204.                 src: 7         dst: 68        r0: 5 r1: 3788 r2: 6 r3: 25442 r4: 99 r5: 65514 sp: 65508 pc: 5204         N: 0 Z: 0 V: 0 C: 0      
5204:   movb (r1)+, r4                src: 99        dst: 99        r0: 5 r1: 3789 r2: 6 r3: 25442 r4: 99 r5: 65514 sp: 65508 pc: 5206         N: 0 Z: 0 V: 0 C: 0      
5206:   beq 5214.                     src: 2562                     r0: 5 r1: 3789 r2: 6 r3: 25442 r4: 99 r5: 65514 sp: 65508 pc: 5208         N: 0 Z: 0 V: 0 C: 0      
5208:   add r4, r3                    src: 99        dst: 25442     r0: 5 r1: 3789 r2: 6 r3: 25541 r4: 99 r5: 65514 sp: 65508 pc: 5210         N: 0 Z: 0 V: 0 C: 0      
5210:   swab r3                       src: 25541                    r0: 5 r1: 3789 r2: 6 r3: 50531 r4: 99 r5: 65514 sp: 65508 pc: 5212         N: 0 Z: 0 V: 0 C: 0      
5212:   sob r2, 5204.                 src: 6         dst: 68        r0: 5 r1: 3789 r2: 5 r3: 50531 r4: 99 r5: 65514 sp: 65508 pc: 5204         N: 0 Z: 0 V: 0 C: 0      
5204:   movb (r1)+, r4                src: 0         dst: 99        r0: 5 r1: 3790 r2: 5 r3: 50531 r4: 0 r5: 65514 sp: 65508 pc: 5206          N: 0 Z: 1 V: 0 C: 0      
5206:   beq 5214.                     src: 2562                     r0: 5 r1: 3790 r2: 5 r3: 50531 r4: 0 r5: 65514 sp: 65508 pc: 5214          N: 0 Z: 1 V: 0 C: 0      
5214:   clr r2                        src: 5                        r0: 5 r1: 3790 r2: 0 r3: 50531 r4: 0 r5: 65514 sp: 65508 pc: 5216          N: 0 Z: 1 V: 0 C: 0      
5216:   div $hshsiz, r2               src: 1553      dst: 0         r0: 5 r1: 3790 r2: 32 r3: 835 r4: 0 r5: 65514 sp: 65508 pc: 5220           N: 0 Z: 0 V: 0 C: 0      
5220:   ashc $1., r2                  src: 1         dst: 32        r0: 5 r1: 3790 r2: 64 r3: 1670 r4: 0 r5: 65514 sp: 65508 pc: 5224          N: 0 Z: 0 V: 0 C: 0      
5224:   add $hshtab, r3               src: 5722      dst: 1670      r0: 5 r1: 3790 r2: 64 r3: 7392 r4: 0 r5: 65514 sp: 65508 pc: 5228          N: 0 Z: 0 V: 0 C: 0      
5228:   sub r2, r3                    src: 64        dst: 7392      r0: 5 r1: 3790 r2: 64 r3: 7328 r4: 0 r5: 65514 sp: 65508 pc: 5230          N: 0 Z: 0 V: 0 C: 0      
5230:   cmp r3, $hshtab               src: 7328      dst: 5722      r0: 5 r1: 3790 r2: 64 r3: 7328 r4: 0 r5: 65514 sp: 65508 pc: 5234          N: 0 Z: 0 V: 0 C: 0      
5234:   bhi 5240.                     src: 3043                     r0: 5 r1: 3790 r2: 64 r3: 7328 r4: 0 r5: 65514 sp: 65508 pc: 5240          N: 0 Z: 0 V: 0 C: 0      
5240:   tst -(r3)                     src: 0                        r0: 5 r1: 3790 r2: 64 r3: 7326 r4: 0 r5: 65514 sp: 65508 pc: 5242          N: 0 Z: 1 V: 0 C: 0      
5242:   bne 5228.                     src: 57475                    r0: 5 r1: 3790 r2: 64 r3: 7326 r4: 0 r5: 65514 sp: 65508 pc: 5244          N: 0 Z: 1 V: 0 C: 0      
5244:   mov (sp)+, r1                 src: 3786      dst: 3790      r0: 5 r1: 3786 r2: 64 r3: 7326 r4: 0 r5: 65514 sp: 65510 pc: 5246          N: 0 Z: 0 V: 0 C: 0      
5246:   mov r1, (r3)                  src: 3786      dst: 0         r0: 5 r1: 3786 r2: 64 r3: 7326 r4: 0 r5: 65514 sp: 65510 pc: 5248          N: 0 Z: 0 V: 0 C: 0      
5248:   add $12., r1                  src: 12        dst: 3786      r0: 5 r1: 3798 r2: 64 r3: 7326 r4: 0 r5: 65514 sp: 65510 pc: 5252          N: 0 Z: 0 V: 0 C: 0      
5252:   cmp r1, $ebsymtab             src: 3798      dst: 5118      r0: 5 r1: 3798 r2: 64 r3: 7326 r4: 0 r5: 65514 sp: 65510 pc: 5256          N: 1 Z: 0 V: 0 C: 1      
5256:   bcs 5196.                     src: 2563                     r0: 5 r1: 3798 r2: 64 r3: 7326 r4: 0 r5: 65514 sp: 65510 pc: 5196          N: 1 Z: 0 V: 0 C: 1      
5196:   clr r3                        src: 7326                     r0: 5 r1: 3798 r2: 64 r3: 0 r4: 0 r5: 65514 sp: 65510 pc: 5198             N: 0 Z: 1 V: 0 C: 0      
5198:   mov $8., r2                   src: 8         dst: 64        r0: 5 r1: 3798 r2: 8 r3: 0 r4: 0 r5: 65514 sp: 65510 pc: 5202              N: 0 Z: 0 V: 0 C: 0      
5202:   mov r1, -(sp)                 src: 3798      dst: 3786      r0: 5 r1: 3798 r2: 8 r3: 0 r4: 0 r5: 65514 sp: 65508 pc: 5204              N: 0 Z: 0 V: 0 C: 0      
5204:   movb (r1)+, r4                src: 98        dst: 0         r0: 5 r1: 3799 r2: 8 r3: 0 r4: 98 r5: 65514 sp: 65508 pc: 5206             N: 0 Z: 0 V: 0 C: 0      
5206:   beq 5214.                     src: 2562                     r0: 5 r1: 3799 r2: 8 r3: 0 r4: 98 r5: 65514 sp: 65508 pc: 5208             N: 0 Z: 0 V: 0 C: 0      
5208:   add r4, r3                    src: 98        dst: 0         r0: 5 r1: 3799 r2: 8 r3: 98 r4: 98 r5: 65514 sp: 65508 pc: 5210            N: 0 Z: 0 V: 0 C: 0      
5210:   swab r3                       src: 98                       r0: 5 r1: 3799 r2: 8 r3: 25088 r4: 98 r5: 65514 sp: 65508 pc: 5212         N: 0 Z: 1 V: 0 C: 0      
5212:   sob r2, 5204.                 src: 8         dst: 68        r0: 5 r1: 3799 r2: 7 r3: 25088 r4: 98 r5: 65514 sp: 65508 pc: 5204         N: 0 Z: 1 V: 0 C: 0      
5204:   movb (r1)+, r4                src: 108       dst: 98        r0: 5 r1: 3800 r2: 7 r3: 25088 r4: 108 r5: 65514 sp: 65508 pc: 5206        N: 0 Z: 0 V: 0 C: 0      
5206:   beq 5214.                     src: 2562                     r0: 5 r1: 3800 r2: 7 r3: 25088 r4: 108 r5: 65514 sp: 65508 pc: 5208        N: 0 Z: 0 V: 0 C: 0      
5208:   add r4, r3                    src: 108       dst: 25088     r0: 5 r1: 3800 r2: 7 r3: 25196 r4: 108 r5: 65514 sp: 65508 pc: 5210        N: 0 Z: 0 V: 0 C: 0      
5210:   swab r3                       src: 25196                    r0: 5 r1: 3800 r2: 7 r3: 27746 r4: 108 r5: 65514 sp: 65508 pc: 5212        N: 0 Z: 0 V: 0 C: 0      
5212:   sob r2, 5204.                 src: 7         dst: 68        r0: 5 r1: 3800 r2: 6 r3: 27746 r4: 108 r5: 65514 sp: 65508 pc: 5204        N: 0 Z: 0 V: 0 C: 0      
5204:   movb (r1)+, r4                src: 111       dst: 108       r0: 5 r1: 3801 r2: 6 r3: 27746 r4: 111 r5: 65514 sp: 65508 pc: 5206        N: 0 Z: 0 V: 0 C: 0      
5206:   beq 5214.                     src: 2562                     r0: 5 r1: 3801 r2: 6 r3: 27746 r4: 111 r5: 65514 sp: 65508 pc: 5208        N: 0 Z: 0 V: 0 C: 0      
5208:   add r4, r3                    src: 111       dst: 27746     r0: 5 r1: 3801 r2: 6 r3: 27857 r4: 111 r5: 65514 sp: 65508 pc: 5210        N: 0 Z: 0 V: 0 C: 0      
5210:   swab r3                       src: 27857                    r0: 5 r1: 3801 r2: 6 r3: 53612 r4: 111 r5: 65514 sp: 65508 pc: 5212        N: 0 Z: 0 V: 0 C: 0      
5212:   sob r2, 5204.                 src: 6         dst: 68        r0: 5 r1: 3801 r2: 5 r3: 53612 r4: 111 r5: 65514 sp: 65508 pc: 5204        N: 0 Z: 0 V: 0 C: 0      
5204:   movb (r1)+, r4                src: 0         dst: 111       r0: 5 r1: 3802 r2: 5 r3: 53612 r4: 0 r5: 65514 sp: 65508 pc: 5206          N: 0 Z: 1 V: 0 C: 0      
5206:   beq 5214.                     src: 2562                     r0: 5 r1: 3802 r2: 5 r3: 53612 r4: 0 r5: 65514 sp: 65508 pc: 5214          N: 0 Z: 1 V: 0 C: 0      
5214:   clr r2                        src: 5                        r0: 5 r1: 3802 r2: 0 r3: 53612 r4: 0 r5: 65514 sp: 65508 pc: 5216          N: 0 Z: 1 V: 0 C: 0      
5216:   div $hshsiz, r2               src: 1553      dst: 0         r0: 5 r1: 3802 r2: 34 r3: 810 r4: 0 r5: 65514 sp: 65508 pc: 5220           N: 0 Z: 0 V: 0 C: 0      
5220:   ashc $1., r2                  src: 1         dst: 34        r0: 5 r1: 3802 r2: 68 r3: 1620 r4: 0 r5: 65514 sp: 65508 pc: 5224          N: 0 Z: 0 V: 0 C: 0      
5224:   add $hshtab, r3               src: 5722      dst: 1620      r0: 5 r1: 3802 r2: 68 r3: 7342 r4: 0 r5: 65514 sp: 65508 pc: 5228          N: 0 Z: 0 V: 0 C: 0      
5228:   sub r2, r3                    src: 68        dst: 7342      r0: 5 r1: 3802 r2: 68 r3: 7274 r4: 0 r5: 65514 sp: 65508 pc: 5230          N: 0 Z: 0 V: 0 C: 0      
5230:   cmp r3, $hshtab               src: 7274      dst: 5722      r0: 5 r1: 3802 r2: 68 r3: 7274 r4: 0 r5: 65514 sp: 65508 pc: 5234          N: 0 Z: 0 V: 0 C: 0      
5234:   bhi 5240.                     src: 3043                     r0: 5 r1: 3802 r2: 68 r3: 7274 r4: 0 r5: 65514 sp: 65508 pc: 5240          N: 0 Z: 0 V: 0 C: 0      
5240:   tst -(r3)                     src: 3534                     r0: 5 r1: 3802 r2: 68 r3: 7272 r4: 0 r5: 65514 sp: 65508 pc: 5242          N: 0 Z: 0 V: 0 C: 0      
5242:   bne 5228.                     src: 57475                    r0: 5 r1: 3802 r2: 68 r3: 7272 r4: 0 r5: 65514 sp: 65508 pc: 5228          N: 0 Z: 0 V: 0 C: 0      
5228:   sub r2, r3                    src: 68        dst: 7272      r0: 5 r1: 3802 r2: 68 r3: 7204 r4: 0 r5: 65514 sp: 65508 pc: 5230          N: 0 Z: 0 V: 0 C: 0      
5230:   cmp r3, $hshtab               src: 7204      dst: 5722      r0: 5 r1: 3802 r2: 68 r3: 7204 r4: 0 r5: 65514 sp: 65508 pc: 5234          N: 0 Z: 0 V: 0 C: 0      
5234:   bhi 5240.                     src: 3043                     r0: 5 r1: 3802 r2: 68 r3: 7204 r4: 0 r5: 65514 sp: 65508 pc: 5240          N: 0 Z: 0 V: 0 C: 0      
5240:   tst -(r3)                     src: 0                        r0: 5 r1: 3802 r2: 68 r3: 7202 r4: 0 r5: 65514 sp: 65508 pc: 5242          N: 0 Z: 1 V: 0 C: 0      
5242:   bne 5228.                     src: 57475                    r0: 5 r1: 3802 r2: 68 r3: 7202 r4: 0 r5: 65514 sp: 65508 pc: 5244          N: 0 Z: 1 V: 0 C: 0      
5244:   mov (sp)+, r1                 src: 3798      dst: 3802      r0: 5 r1: 3798 r2: 68 r3: 7202 r4: 0 r5: 65514 sp: 65510 pc: 5246          N: 0 Z: 0 V: 0 C: 0      
5246:   mov r1, (r3)                  src: 3798      dst: 0         r0: 5 r1: 3798 r2: 68 r3: 7202 r4: 0 r5: 65514 sp: 65510 pc: 5248          N: 0 Z: 0 V: 0 C: 0      
5248:   add $12., r1                  src: 12        dst: 3798      r0: 5 r1: 3810 r2: 68 r3: 7202 r4: 0 r5: 65514 sp: 65510 pc: 5252          N: 0 Z: 0 V: 0 C: 0      
5252:   cmp r1, $ebsymtab             src: 3810      dst: 5118      r0: 5 r1: 3810 r2: 68 r3: 7202 r4: 0 r5: 65514 sp: 65510 pc: 5256          N: 1 Z: 0 V: 0 C: 1      
5256:   bcs 5196.                     src: 2563                     r0: 5 r1: 3810 r2: 68 r3: 7202 r4: 0 r5: 65514 sp: 65510 pc: 5196          N: 1 Z: 0 V: 0 C: 1      
5196:   clr r3                        src: 7202                     r0: 5 r1: 3810 r2: 68 r3: 0 r4: 0 r5: 65514 sp: 65510 pc: 5198             N: 0 Z: 1 V: 0 C: 0      
5198:   mov $8., r2                   src: 8         dst: 68        r0: 5 r1: 3810 r2: 8 r3: 0 r4: 0 r5: 65514 sp: 65510 pc: 5202              N: 0 Z: 0 V: 0 C: 0      
5202:   mov r1, -(sp)                 src: 3810      dst: 3798      r0: 5 r1: 3810 r2: 8 r3: 0 r4: 0 r5: 65514 sp: 65508 pc: 5204              N: 0 Z: 0 V: 0 C: 0      
5204:   movb (r1)+, r4                src: 98        dst: 0         r0: 5 r1: 3811 r2: 8 r3: 0 r4: 98 r5: 65514 sp: 65508 pc: 5206             N: 0 Z: 0 V: 0 C: 0      
5206:   beq 5214.                     src: 2562                     r0: 5 r1: 3811 r2: 8 r3: 0 r4: 98 r5: 65514 sp: 65508 pc: 5208             N: 0 Z: 0 V: 0 C: 0      
5208:   add r4, r3                    src: 98        dst: 0         r0: 5 r1: 3811 r2: 8 r3: 98 r4: 98 r5: 65514 sp: 65508 pc: 5210            N: 0 Z: 0 V: 0 C: 0      
5210:   swab r3                       src: 98                       r0: 5 r1: 3811 r2: 8 r3: 25088 r4: 98 r5: 65514 sp: 65508 pc: 5212         N: 0 Z: 1 V: 0 C: 0      
5212:   sob r2, 5204.                 src: 8         dst: 68        r0: 5 r1: 3811 r2: 7 r3: 25088 r4: 98 r5: 65514 sp: 65508 pc: 5204         N: 0 Z: 1 V: 0 C: 0      
5204:   movb (r1)+, r4                src: 99        dst: 98        r0: 5 r1: 3812 r2: 7 r3: 25088 r4: 99 r5: 65514 sp: 65508 pc: 5206         N: 0 Z: 0 V: 0 C: 0      
5206:   beq 5214.                     src: 2562                     r0: 5 r1: 3812 r2: 7 r3: 25088 r4: 99 r5: 65514 sp: 65508 pc: 5208         N: 0 Z: 0 V: 0 C: 0      
5208:   add r4, r3                    src: 99        dst: 25088     r0: 5 r1: 3812 r2: 7 r3: 25187 r4: 99 r5: 65514 sp: 65508 pc: 5210         N: 0 Z: 0 V: 0 C: 0      
5210:   swab r3                       src: 25187                    r0: 5 r1: 3812 r2: 7 r3: 25442 r4: 99 r5: 65514 sp: 65508 pc: 5212         N: 0 Z: 0 V: 0 C: 0      
5212:   sob r2, 5204.                 src: 7         dst: 68        r0: 5 r1: 3812 r2: 6 r3: 25442 r4: 99 r5: 65514 sp: 65508 pc: 5204         N: 0 Z: 0 V: 0 C: 0      
5204:   movb (r1)+, r4                src: 115       dst: 99        r0: 5 r1: 3813 r2: 6 r3: 25442 r4: 115 r5: 65514 sp: 65508 pc: 5206        N: 0 Z: 0 V: 0 C: 0      
5206:   beq 5214.                     src: 2562                     r0: 5 r1: 3813 r2: 6 r3: 25442 r4: 115 r5: 65514 sp: 65508 pc: 5208        N: 0 Z: 0 V: 0 C: 0      
5208:   add r4, r3                    src: 115       dst: 25442     r0: 5 r1: 3813 r2: 6 r3: 25557 r4: 115 r5: 65514 sp: 65508 pc: 5210        N: 0 Z: 0 V: 0 C: 0      
5210:   swab r3                       src: 25557                    r0: 5 r1: 3813 r2: 6 r3: 54627 r4: 115 r5: 65514 sp: 65508 pc: 5212        N: 0 Z: 0 V: 0 C: 0      
5212:   sob r2, 5204.                 src: 6         dst: 68        r0: 5 r1: 3813 r2: 5 r3: 54627 r4: 115 r5: 65514 sp: 65508 pc: 5204        N: 0 Z: 0 V: 0 C: 0      
5204:   movb (r1)+, r4                src: 0         dst: 115       r0: 5 r1: 3814 r2: 5 r3: 54627 r4: 0 r5: 65514 sp: 65508 pc: 5206          N: 0 Z: 1 V: 0 C: 0      
5206:   beq 5214.                     src: 2562                     r0: 5 r1: 3814 r2: 5 r3: 54627 r4: 0 r5: 65514 sp: 65508 pc: 5214          N: 0 Z: 1 V: 0 C: 0      
5214:   clr r2                        src: 5                        r0: 5 r1: 3814 r2: 0 r3: 54627 r4: 0 r5: 65514 sp: 65508 pc: 5216          N: 0 Z: 1 V: 0 C: 0      
5216:   div $hshsiz, r2               src: 1553      dst: 0         r0: 5 r1: 3814 r2: 35 r3: 272 r4: 0 r5: 65514 sp: 65508 pc: 5220           N: 0 Z: 0 V: 0 C: 0      
5220:   ashc $1., r2                  src: 1         dst: 35        r0: 5 r1: 3814 r2: 70 r3: 544 r4: 0 r5: 65514 sp: 65508 pc: 5224           N: 0 Z: 0 V: 0 C: 0      
5224:   add $hshtab, r3               src: 5722      dst: 544       r0: 5 r1: 3814 r2: 70 r3: 6266 r4: 0 r5: 65514 sp: 65508 pc: 5228          N: 0 Z: 0 V: 0 C: 0      
5228:   sub r2, r3                    src: 70        dst: 6266      r0: 5 r1: 3814 r2: 70 r3: 6196 r4: 0 r5: 65514 sp: 65508 pc: 5230          N: 0 Z: 0 V: 0 C: 0      
5230:   cmp r3, $hshtab               src: 6196      dst: 5722      r0: 5 r1: 3814 r2: 70 r3: 6196 r4: 0 r5: 65514 sp: 65508 pc: 5234          N: 0 Z: 0 V: 0 C: 0      
5234:   bhi 5240.                     src: 3043                     r0: 5 r1: 3814 r2: 70 r3: 6196 r4: 0 r5: 65514 sp: 65508 pc: 5240          N: 0 Z: 0 V: 0 C: 0      
5240:   tst -(r3)                     src: 0                        r0: 5 r1: 3814 r2: 70 r3: 6194 r4: 0 r5: 65514 sp: 65508 pc: 5242          N: 0 Z: 1 V: 0 C: 0      
5242:   bne 5228.                     src: 57475                    r0: 5 r1: 3814 r2: 70 r3: 6194 r4: 0 r5: 65514 sp: 65508 pc: 5244          N: 0 Z: 1 V: 0 C: 0      
5244:   mov (sp)+, r1                 src: 3810      dst: 3814      r0: 5 r1: 3810 r2: 70 r3: 6194 r4: 0 r5: 65514 sp: 65510 pc: 5246          N: 0 Z: 0 V: 0 C: 0      
5246:   mov r1, (r3)                  src: 3810      dst: 0         r0: 5 r1: 3810 r2: 70 r3: 6194 r4: 0 r5: 65514 sp: 65510 pc: 5248          N: 0 Z: 0 V: 0 C: 0      
5248:   add $12., r1                  src: 12        dst: 3810      r0: 5 r1: 3822 r2: 70 r3: 6194 r4: 0 r5: 65514 sp: 65510 pc: 5252          N: 0 Z: 0 V: 0 C: 0      
5252:   cmp r1, $ebsymtab             src: 3822      dst: 5118      r0: 5 r1: 3822 r2: 70 r3: 6194 r4: 0 r5: 65514 sp: 65510 pc: 5256          N: 1 Z: 0 V: 0 C: 1      
5256:   bcs 5196.                     src: 2563                     r0: 5 r1: 3822 r2: 70 r3: 6194 r4: 0 r5: 65514 sp: 65510 pc: 5196          N: 1 Z: 0 V: 0 C: 1      
5196:   clr r3                        src: 6194                     r0: 5 r1: 3822 r2: 70 r3: 0 r4: 0 r5: 65514 sp: 65510 pc: 5198             N: 0 Z: 1 V: 0 C: 0      
5198:   mov $8., r2                   src: 8         dst: 70        r0: 5 r1: 3822 r2: 8 r3: 0 r4: 0 r5: 65514 sp: 65510 pc: 5202              N: 0 Z: 0 V: 0 C: 0      
5202:   mov r1, -(sp)                 src: 3822      dst: 3810      r0: 5 r1: 3822 r2: 8 r3: 0 r4: 0 r5: 65514 sp: 65508 pc: 5204              N: 0 Z: 0 V: 0 C: 0      
5204:   movb (r1)+, r4                src: 98        dst: 0         r0: 5 r1: 3823 r2: 8 r3: 0 r4: 98 r5: 65514 sp: 65508 pc: 5206             N: 0 Z: 0 V: 0 C: 0      
5206:   beq 5214.                     src: 2562                     r0: 5 r1: 3823 r2: 8 r3: 0 r4: 98 r5: 65514 sp: 65508 pc: 5208             N: 0 Z: 0 V: 0 C: 0      
5208:   add r4, r3                    src: 98        dst: 0         r0: 5 r1: 3823 r2: 8 r3: 98 r4: 98 r5: 65514 sp: 65508 pc: 5210            N: 0 Z: 0 V: 0 C: 0      
5210:   swab r3                       src: 98                       r0: 5 r1: 3823 r2: 8 r3: 25088 r4: 98 r5: 65514 sp: 65508 pc: 5212         N: 0 Z: 1 V: 0 C: 0      
5212:   sob r2, 5204.                 src: 8         dst: 68        r0: 5 r1: 3823 r2: 7 r3: 25088 r4: 98 r5: 65514 sp: 65508 pc: 5204         N: 0 Z: 1 V: 0 C: 0      
5204:   movb (r1)+, r4                src: 101       dst: 98        r0: 5 r1: 3824 r2: 7 r3: 25088 r4: 101 r5: 65514 sp: 65508 pc: 5206        N: 0 Z: 0 V: 0 C: 0      
5206:   beq 5214.                     src: 2562                     r0: 5 r1: 3824 r2: 7 r3: 25088 r4: 101 r5: 65514 sp: 65508 pc: 5208        N: 0 Z: 0 V: 0 C: 0      
5208:   add r4, r3                    src: 101       dst: 25088     r0: 5 r1: 3824 r2: 7 r3: 25189 r4: 101 r5: 65514 sp: 65508 pc: 5210        N: 0 Z: 0 V: 0 C: 0      
5210:   swab r3                       src: 25189                    r0: 5 r1: 3824 r2: 7 r3: 25954 r4: 101 r5: 65514 sp: 65508 pc: 5212        N: 0 Z: 0 V: 0 C: 0      
5212:   sob r2, 5204.                 src: 7         dst: 68        r0: 5 r1: 3824 r2: 6 r3: 25954 r4: 101 r5: 65514 sp: 65508 pc: 5204        N: 0 Z: 0 V: 0 C: 0      
5204:   movb (r1)+, r4                src: 115       dst: 101       r0: 5 r1: 3825 r2: 6 r3: 25954 r4: 115 r5: 65514 sp: 65508 pc: 5206        N: 0 Z: 0 V: 0 C: 0      
5206:   beq 5214.                     src: 2562                     r0: 5 r1: 3825 r2: 6 r3: 25954 r4: 115 r5: 65514 sp: 65508 pc: 5208        N: 0 Z: 0 V: 0 C: 0      
5208:   add r4, r3                    src: 115       dst: 25954     r0: 5 r1: 3825 r2: 6 r3: 26069 r4: 115 r5: 65514 sp: 65508 pc: 5210        N: 0 Z: 0 V: 0 C: 0      
5210:   swab r3                       src: 26069                    r0: 5 r1: 3825 r2: 6 r3: 54629 r4: 115 r5: 65514 sp: 65508 pc: 5212        N: 0 Z: 0 V: 0 C: 0      
5212:   sob r2, 5204.                 src: 6         dst: 68        r0: 5 r1: 3825 r2: 5 r3: 54629 r4: 115 r5: 65514 sp: 65508 pc: 5204        N: 0 Z: 0 V: 0 C: 0      
5204:   movb (r1)+, r4                src: 0         dst: 115       r0: 5 r1: 3826 r2: 5 r3: 54629 r4: 0 r5: 65514 sp: 65508 pc: 5206          N: 0 Z: 1 V: 0 C: 0      
5206:   beq 5214.                     src: 2562                     r0: 5 r1: 3826 r2: 5 r3: 54629 r4: 0 r5: 65514 sp: 65508 pc: 5214          N: 0 Z: 1 V: 0 C: 0      
5214:   clr r2                        src: 5                        r0: 5 r1: 3826 r2: 0 r3: 54629 r4: 0 r5: 65514 sp: 65508 pc: 5216          N: 0 Z: 1 V: 0 C: 0      
5216:   div $hshsiz, r2               src: 1553      dst: 0         r0: 5 r1: 3826 r2: 35 r3: 274 r4: 0 r5: 65514 sp: 65508 pc: 5220           N: 0 Z: 0 V: 0 C: 0      
5220:   ashc $1., r2                  src: 1         dst: 35        r0: 5 r1: 3826 r2: 70 r3: 548 r4: 0 r5: 65514 sp: 65508 pc: 5224           N: 0 Z: 0 V: 0 C: 0      
5224:   add $hshtab, r3               src: 5722      dst: 548       r0: 5 r1: 3826 r2: 70 r3: 6270 r4: 0 r5: 65514 sp: 65508 pc: 5228          N: 0 Z: 0 V: 0 C: 0      
5228:   sub r2, r3                    src: 70        dst: 6270      r0: 5 r1: 3826 r2: 70 r3: 6200 r4: 0 r5: 65514 sp: 65508 pc: 5230          N: 0 Z: 0 V: 0 C: 0      
5230:   cmp r3, $hshtab               src: 6200      dst: 5722      r0: 5 r1: 3826 r2: 70 r3: 6200 r4: 0 r5: 65514 sp: 65508 pc: 5234          N: 0 Z: 0 V: 0 C: 0      
5234:   bhi 5240.                     src: 3043                     r0: 5 r1: 3826 r2: 70 r3: 6200 r4: 0 r5: 65514 sp: 65508 pc: 5240          N: 0 Z: 0 V: 0 C: 0      
5240:   tst -(r3)                     src: 1                        r0: 5 r1: 3826 r2: 70 r3: 6198 r4: 0 r5: 65514 sp: 65508 pc: 5242          N: 0 Z: 0 V: 0 C: 0      
5242:   bne 5228.                     src: 57475                    r0: 5 r1: 3826 r2: 70 r3: 6198 r4: 0 r5: 65514 sp: 65508 pc: 5228          N: 0 Z: 0 V: 0 C: 0      
5228:   sub r2, r3                    src: 70        dst: 6198      r0: 5 r1: 3826 r2: 70 r3: 6128 r4: 0 r5: 65514 sp: 65508 pc: 5230          N: 0 Z: 0 V: 0 C: 0      
5230:   cmp r3, $hshtab               src: 6128      dst: 5722      r0: 5 r1: 3826 r2: 70 r3: 6128 r4: 0 r5: 65514 sp: 65508 pc: 5234          N: 0 Z: 0 V: 0 C: 0      
5234:   bhi 5240.                     src: 3043                     r0: 5 r1: 3826 r2: 70 r3: 6128 r4: 0 r5: 65514 sp: 65508 pc: 5240          N: 0 Z: 0 V: 0 C: 0      
5240:   tst -(r3)                     src: 0                        r0: 5 r1: 3826 r2: 70 r3: 6126 r4: 0 r5: 65514 sp: 65508 pc: 5242          N: 0 Z: 1 V: 0 C: 0      
5242:   bne 5228.                     src: 57475                    r0: 5 r1: 3826 r2: 70 r3: 6126 r4: 0 r5: 65514 sp: 65508 pc: 5244          N: 0 Z: 1 V: 0 C: 0      
5244:   mov (sp)+, r1                 src: 3822      dst: 3826      r0: 5 r1: 3822 r2: 70 r3: 6126 r4: 0 r5: 65514 sp: 65510 pc: 5246          N: 0 Z: 0 V: 0 C: 0      
5246:   mov r1, (r3)                  src: 3822      dst: 0         r0: 5 r1: 3822 r2: 70 r3: 6126 r4: 0 r5: 65514 sp: 65510 pc: 5248          N: 0 Z: 0 V: 0 C: 0      
5248:   add $12., r1                  src: 12        dst: 3822      r0: 5 r1: 3834 r2: 70 r3: 6126 r4: 0 r5: 65514 sp: 65510 pc: 5252          N: 0 Z: 0 V: 0 C: 0      
5252:   cmp r1, $ebsymtab             src: 3834      dst: 5118      r0: 5 r1: 3834 r2: 70 r3: 6126 r4: 0 r5: 65514 sp: 65510 pc: 5256          N: 1 Z: 0 V: 0 C: 1      
5256:   bcs 5196.                     src: 2563                     r0: 5 r1: 3834 r2: 70 r3: 6126 r4: 0 r5: 65514 sp: 65510 pc: 5196          N: 1 Z: 0 V: 0 C: 1      
5196:   clr r3                        src: 6126                     r0: 5 r1: 3834 r2: 70 r3: 0 r4: 0 r5: 65514 sp: 65510 pc: 5198             N: 0 Z: 1 V: 0 C: 0      
5198:   mov $8., r2                   src: 8         dst: 70        r0: 5 r1: 3834 r2: 8 r3: 0 r4: 0 r5: 65514 sp: 65510 pc: 5202              N: 0 Z: 0 V: 0 C: 0      
5202:   mov r1, -(sp)                 src: 3834      dst: 3822      r0: 5 r1: 3834 r2: 8 r3: 0 r4: 0 r5: 65514 sp: 65508 pc: 5204              N: 0 Z: 0 V: 0 C: 0      
5204:   movb (r1)+, r4                src: 106       dst: 0         r0: 5 r1: 3835 r2: 8 r3: 0 r4: 106 r5: 65514 sp: 65508 pc: 5206            N: 0 Z: 0 V: 0 C: 0      
5206:   beq 5214.                     src: 2562                     r0: 5 r1: 3835 r2: 8 r3: 0 r4: 106 r5: 65514 sp: 65508 pc: 5208            N: 0 Z: 0 V: 0 C: 0      
5208:   add r4, r3                    src: 106       dst: 0         r0: 5 r1: 3835 r2: 8 r3: 106 r4: 106 r5: 65514 sp: 65508 pc: 5210          N: 0 Z: 0 V: 0 C: 0      
5210:   swab r3                       src: 106                      r0: 5 r1: 3835 r2: 8 r3: 27136 r4: 106 r5: 65514 sp: 65508 pc: 5212        N: 0 Z: 1 V: 0 C: 0      
5212:   sob r2, 5204.                 src: 8         dst: 68        r0: 5 r1: 3835 r2: 7 r3: 27136 r4: 106 r5: 65514 sp: 65508 pc: 5204        N: 0 Z: 1 V: 0 C: 0      
5204:   movb (r1)+, r4                src: 98        dst: 106       r0: 5 r1: 3836 r2: 7 r3: 27136 r4: 98 r5: 65514 sp: 65508 pc: 5206         N: 0 Z: 0 V: 0 C: 0      
5206:   beq 5214.                     src: 2562                     r0: 5 r1: 3836 r2: 7 r3: 27136 r4: 98 r5: 65514 sp: 65508 pc: 5208         N: 0 Z: 0 V: 0 C: 0      
5208:   add r4, r3                    src: 98        dst: 27136     r0: 5 r1: 3836 r2: 7 r3: 27234 r4: 98 r5: 65514 sp: 65508 pc: 5210         N: 0 Z: 0 V: 0 C: 0      
5210:   swab r3                       src: 27234                    r0: 5 r1: 3836 r2: 7 r3: 25194 r4: 98 r5: 65514 sp: 65508 pc: 5212         N: 0 Z: 0 V: 0 C: 0      
5212:   sob r2, 5204.                 src: 7         dst: 68        r0: 5 r1: 3836 r2: 6 r3: 25194 r4: 98 r5: 65514 sp: 65508 pc: 5204         N: 0 Z: 0 V: 0 C: 0      
5204:   movb (r1)+, r4                src: 114       dst: 98        r0: 5 r1: 3837 r2: 6 r3: 25194 r4: 114 r5: 65514 sp: 65508 pc: 5206        N: 0 Z: 0 V: 0 C: 0      
5206:   beq 5214.                     src: 2562                     r0: 5 r1: 3837 r2: 6 r3: 25194 r4: 114 r5: 65514 sp: 65508 pc: 5208        N: 0 Z: 0 V: 0 C: 0      
5208:   add r4, r3                    src: 114       dst: 25194     r0: 5 r1: 3837 r2: 6 r3: 25308 r4: 114 r5: 65514 sp: 65508 pc: 5210        N: 0 Z: 0 V: 0 C: 0      
5210:   swab r3                       src: 25308                    r0: 5 r1: 3837 r2: 6 r3: 56418 r4: 114 r5: 65514 sp: 65508 pc: 5212        N: 0 Z: 0 V: 0 C: 0      
5212:   sob r2, 5204.                 src: 6         dst: 68        r0: 5 r1: 3837 r2: 5 r3: 56418 r4: 114 r5: 65514 sp: 65508 pc: 5204        N: 0 Z: 0 V: 0 C: 0      
5204:   movb (r1)+, r4                src: 0         dst: 114       r0: 5 r1: 3838 r2: 5 r3: 56418 r4: 0 r5: 65514 sp: 65508 pc: 5206          N: 0 Z: 1 V: 0 C: 0      
5206:   beq 5214.                     src: 2562                     r0: 5 r1: 3838 r2: 5 r3: 56418 r4: 0 r5: 65514 sp: 65508 pc: 5214          N: 0 Z: 1 V: 0 C: 0      
5214:   clr r2                        src: 5                        r0: 5 r1: 3838 r2: 0 r3: 56418 r4: 0 r5: 65514 sp: 65508 pc: 5216          N: 0 Z: 1 V: 0 C: 0      
5216:   div $hshsiz, r2               src: 1553      dst: 0         r0: 5 r1: 3838 r2: 36 r3: 510 r4: 0 r5: 65514 sp: 65508 pc: 5220           N: 0 Z: 0 V: 0 C: 0      
5220:   ashc $1., r2                  src: 1         dst: 36        r0: 5 r1: 3838 r2: 72 r3: 1020 r4: 0 r5: 65514 sp: 65508 pc: 5224          N: 0 Z: 0 V: 0 C: 0      
5224:   add $hshtab, r3               src: 5722      dst: 1020      r0: 5 r1: 3838 r2: 72 r3: 6742 r4: 0 r5: 65514 sp: 65508 pc: 5228          N: 0 Z: 0 V: 0 C: 0      
5228:   sub r2, r3                    src: 72        dst: 6742      r0: 5 r1: 3838 r2: 72 r3: 6670 r4: 0 r5: 65514 sp: 65508 pc: 5230          N: 0 Z: 0 V: 0 C: 0      
5230:   cmp r3, $hshtab               src: 6670      dst: 5722      r0: 5 r1: 3838 r2: 72 r3: 6670 r4: 0 r5: 65514 sp: 65508 pc: 5234          N: 0 Z: 0 V: 0 C: 0      
5234:   bhi 5240.                     src: 3043                     r0: 5 r1: 3838 r2: 72 r3: 6670 r4: 0 r5: 65514 sp: 65508 pc: 5240          N: 0 Z: 0 V: 0 C: 0      
5240:   tst -(r3)                     src: 0                        r0: 5 r1: 3838 r2: 72 r3: 6668 r4: 0 r5: 65514 sp: 65508 pc: 5242          N: 0 Z: 1 V: 0 C: 0      
5242:   bne 5228.                     src: 57475                    r0: 5 r1: 3838 r2: 72 r3: 6668 r4: 0 r5: 65514 sp: 65508 pc: 5244          N: 0 Z: 1 V: 0 C: 0      
5244:   mov (sp)+, r1                 src: 3834      dst: 3838      r0: 5 r1: 3834 r2: 72 r3: 6668 r4: 0 r5: 65514 sp: 65510 pc: 5246          N: 0 Z: 0 V: 0 C: 0      
5246:   mov r1, (r3)                  src: 3834      dst: 0         r0: 5 r1: 3834 r2: 72 r3: 6668 r4: 0 r5: 65514 sp: 65510 pc: 5248          N: 0 Z: 0 V: 0 C: 0      
5248:   add $12., r1                  src: 12        dst: 3834      r0: 5 r1: 3846 r2: 72 r3: 6668 r4: 0 r5: 65514 sp: 65510 pc: 5252          N: 0 Z: 0 V: 0 C: 0      
5252:   cmp r1, $ebsymtab             src: 3846      dst: 5118      r0: 5 r1: 3846 r2: 72 r3: 6668 r4: 0 r5: 65514 sp: 65510 pc: 5256          N: 1 Z: 0 V: 0 C: 1      
5256:   bcs 5196.                     src: 2563                     r0: 5 r1: 3846 r2: 72 r3: 6668 r4: 0 r5: 65514 sp: 65510 pc: 5196          N: 1 Z: 0 V: 0 C: 1      
5196:   clr r3                        src: 6668                     r0: 5 r1: 3846 r2: 72 r3: 0 r4: 0 r5: 65514 sp: 65510 pc: 5198             N: 0 Z: 1 V: 0 C: 0      
5198:   mov $8., r2                   src: 8         dst: 72        r0: 5 r1: 3846 r2: 8 r3: 0 r4: 0 r5: 65514 sp: 65510 pc: 5202              N: 0 Z: 0 V: 0 C: 0      
5202:   mov r1, -(sp)                 src: 3846      dst: 3834      r0: 5 r1: 3846 r2: 8 r3: 0 r4: 0 r5: 65514 sp: 65508 pc: 5204              N: 0 Z: 0 V: 0 C: 0      
5204:   movb (r1)+, r4                src: 106       dst: 0         r0: 5 r1: 3847 r2: 8 r3: 0 r4: 106 r5: 65514 sp: 65508 pc: 5206            N: 0 Z: 0 V: 0 C: 0      
5206:   beq 5214.                     src: 2562                     r0: 5 r1: 3847 r2: 8 r3: 0 r4: 106 r5: 65514 sp: 65508 pc: 5208            N: 0 Z: 0 V: 0 C: 0      
5208:   add r4, r3                    src: 106       dst: 0         r0: 5 r1: 3847 r2: 8 r3: 106 r4: 106 r5: 65514 sp: 65508 pc: 5210          N: 0 Z: 0 V: 0 C: 0      
5210:   swab r3                       src: 106                      r0: 5 r1: 3847 r2: 8 r3: 27136 r4: 106 r5: 65514 sp: 65508 pc: 5212        N: 0 Z: 1 V: 0 C: 0      
5212:   sob r2, 5204.                 src: 8         dst: 68        r0: 5 r1: 3847 r2: 7 r3: 27136 r4: 106 r5: 65514 sp: 65508 pc: 5204        N: 0 Z: 1 V: 0 C: 0      
5204:   movb (r1)+, r4                src: 110       dst: 106       r0: 5 r1: 3848 r2: 7 r3: 27136 r4: 110 r5: 65514 sp: 65508 pc: 5206        N: 0 Z: 0 V: 0 C: 0      
5206:   beq 5214.                     src: 2562                     r0: 5 r1: 3848 r2: 7 r3: 27136 r4: 110 r5: 65514 sp: 65508 pc: 5208        N: 0 Z: 0 V: 0 C: 0      
5208:   add r4, r3                    src: 110       dst: 27136     r0: 5 r1: 3848 r2: 7 r3: 27246 r4: 110 r5: 65514 sp: 65508 pc: 5210        N: 0 Z: 0 V: 0 C: 0      
5210:   swab r3                       src: 27246                    r0: 5 r1: 3848 r2: 7 r3: 28266 r4: 110 r5: 65514 sp: 65508 pc: 5212        N: 0 Z: 0 V: 0 C: 0      
5212:   sob r2, 5204.                 src: 7         dst: 68        r0: 5 r1: 3848 r2: 6 r3: 28266 r4: 110 r5: 65514 sp: 65508 pc: 5204        N: 0 Z: 0 V: 0 C: 0      
5204:   movb (r1)+, r4                src: 101       dst: 110       r0: 5 r1: 3849 r2: 6 r3: 28266 r4: 101 r5: 65514 sp: 65508 pc: 5206        N: 0 Z: 0 V: 0 C: 0      
5206:   beq 5214.                     src: 2562                     r0: 5 r1: 3849 r2: 6 r3: 28266 r4: 101 r5: 65514 sp: 65508 pc: 5208        N: 0 Z: 0 V: 0 C: 0      
5208:   add r4, r3                    src: 101       dst: 28266     r0: 5 r1: 3849 r2: 6 r3: 28367 r4: 101 r5: 65514 sp: 65508 pc: 5210        N: 0 Z: 0 V: 0 C: 0      
5210:   swab r3                       src: 28367                    r0: 5 r1: 3849 r2: 6 r3: 53102 r4: 101 r5: 65514 sp: 65508 pc: 5212        N: 0 Z: 0 V: 0 C: 0      
5212:   sob r2, 5204.                 src: 6         dst: 68        r0: 5 r1: 3849 r2: 5 r3: 53102 r4: 101 r5: 65514 sp: 65508 pc: 5204        N: 0 Z: 0 V: 0 C: 0      
5204:   movb (r1)+, r4                src: 0         dst: 101       r0: 5 r1: 3850 r2: 5 r3: 53102 r4: 0 r5: 65514 sp: 65508 pc: 5206          N: 0 Z: 1 V: 0 C: 0      
5206:   beq 5214.                     src: 2562                     r0: 5 r1: 3850 r2: 5 r3: 53102 r4: 0 r5: 65514 sp: 65508 pc: 5214          N: 0 Z: 1 V: 0 C: 0      
5214:   clr r2                        src: 5                        r0: 5 r1: 3850 r2: 0 r3: 53102 r4: 0 r5: 65514 sp: 65508 pc: 5216          N: 0 Z: 1 V: 0 C: 0      
5216:   div $hshsiz, r2               src: 1553      dst: 0         r0: 5 r1: 3850 r2: 34 r3: 300 r4: 0 r5: 65514 sp: 65508 pc: 5220           N: 0 Z: 0 V: 0 C: 0      
5220:   ashc $1., r2                  src: 1         dst: 34        r0: 5 r1: 3850 r2: 68 r3: 600 r4: 0 r5: 65514 sp: 65508 pc: 5224           N: 0 Z: 0 V: 0 C: 0      
5224:   add $hshtab, r3               src: 5722      dst: 600       r0: 5 r1: 3850 r2: 68 r3: 6322 r4: 0 r5: 65514 sp: 65508 pc: 5228          N: 0 Z: 0 V: 0 C: 0      
5228:   sub r2, r3                    src: 68        dst: 6322      r0: 5 r1: 3850 r2: 68 r3: 6254 r4: 0 r5: 65514 sp: 65508 pc: 5230          N: 0 Z: 0 V: 0 C: 0      
5230:   cmp r3, $hshtab               src: 6254      dst: 5722      r0: 5 r1: 3850 r2: 68 r3: 6254 r4: 0 r5: 65514 sp: 65508 pc: 5234          N: 0 Z: 0 V: 0 C: 0      
5234:   bhi 5240.                     src: 3043                     r0: 5 r1: 3850 r2: 68 r3: 6254 r4: 0 r5: 65514 sp: 65508 pc: 5240          N: 0 Z: 0 V: 0 C: 0      
5240:   tst -(r3)                     src: 0                        r0: 5 r1: 3850 r2: 68 r3: 6252 r4: 0 r5: 65514 sp: 65508 pc: 5242          N: 0 Z: 1 V: 0 C: 0      
5242:   bne 5228.                     src: 57475                    r0: 5 r1: 3850 r2: 68 r3: 6252 r4: 0 r5: 65514 sp: 65508 pc: 5244          N: 0 Z: 1 V: 0 C: 0      
5244:   mov (sp)+, r1                 src: 3846      dst: 3850      r0: 5 r1: 3846 r2: 68 r3: 6252 r4: 0 r5: 65514 sp: 65510 pc: 5246          N: 0 Z: 0 V: 0 C: 0      
5246:   mov r1, (r3)                  src: 3846      dst: 0         r0: 5 r1: 3846 r2: 68 r3: 6252 r4: 0 r5: 65514 sp: 65510 pc: 5248          N: 0 Z: 0 V: 0 C: 0      
5248:   add $12., r1                  src: 12        dst: 3846      r0: 5 r1: 3858 r2: 68 r3: 6252 r4: 0 r5: 65514 sp: 65510 pc: 5252          N: 0 Z: 0 V: 0 C: 0      
5252:   cmp r1, $ebsymtab             src: 3858      dst: 5118      r0: 5 r1: 3858 r2: 68 r3: 6252 r4: 0 r5: 65514 sp: 65510 pc: 5256          N: 1 Z: 0 V: 0 C: 1      
5256:   bcs 5196.                     src: 2563                     r0: 5 r1: 3858 r2: 68 r3: 6252 r4: 0 r5: 65514 sp: 65510 pc: 5196          N: 1 Z: 0 V: 0 C: 1      
5196:   clr r3                        src: 6252                     r0: 5 r1: 3858 r2: 68 r3: 0 r4: 0 r5: 65514 sp: 65510 pc: 5198             N: 0 Z: 1 V: 0 C: 0      
5198:   mov $8., r2                   src: 8         dst: 68        r0: 5 r1: 3858 r2: 8 r3: 0 r4: 0 r5: 65514 sp: 65510 pc: 5202              N: 0 Z: 0 V: 0 C: 0      
5202:   mov r1, -(sp)                 src: 3858      dst: 3846      r0: 5 r1: 3858 r2: 8 r3: 0 r4: 0 r5: 65514 sp: 65508 pc: 5204              N: 0 Z: 0 V: 0 C: 0      
5204:   movb (r1)+, r4                src: 106       dst: 0         r0: 5 r1: 3859 r2: 8 r3: 0 r4: 106 r5: 65514 sp: 65508 pc: 5206            N: 0 Z: 0 V: 0 C: 0      
5206:   beq 5214.                     src: 2562                     r0: 5 r1: 3859 r2: 8 r3: 0 r4: 106 r5: 65514 sp: 65508 pc: 5208            N: 0 Z: 0 V: 0 C: 0      
5208:   add r4, r3                    src: 106       dst: 0         r0: 5 r1: 3859 r2: 8 r3: 106 r4: 106 r5: 65514 sp: 65508 pc: 5210          N: 0 Z: 0 V: 0 C: 0      
5210:   swab r3                       src: 106                      r0: 5 r1: 3859 r2: 8 r3: 27136 r4: 106 r5: 65514 sp: 65508 pc: 5212        N: 0 Z: 1 V: 0 C: 0      
5212:   sob r2, 5204.                 src: 8         dst: 68        r0: 5 r1: 3859 r2: 7 r3: 27136 r4: 106 r5: 65514 sp: 65508 pc: 5204        N: 0 Z: 1 V: 0 C: 0      
5204:   movb (r1)+, r4                src: 101       dst: 106       r0: 5 r1: 3860 r2: 7 r3: 27136 r4: 101 r5: 65514 sp: 65508 pc: 5206        N: 0 Z: 0 V: 0 C: 0      
5206:   beq 5214.                     src: 2562                     r0: 5 r1: 3860 r2: 7 r3: 27136 r4: 101 r5: 65514 sp: 65508 pc: 5208        N: 0 Z: 0 V: 0 C: 0      
5208:   add r4, r3                    src: 101       dst: 27136     r0: 5 r1: 3860 r2: 7 r3: 27237 r4: 101 r5: 65514 sp: 65508 pc: 5210        N: 0 Z: 0 V: 0 C: 0      
5210:   swab r3                       src: 27237                    r0: 5 r1: 3860 r2: 7 r3: 25962 r4: 101 r5: 65514 sp: 65508 pc: 5212        N: 0 Z: 0 V: 0 C: 0      
5212:   sob r2, 5204.                 src: 7         dst: 68        r0: 5 r1: 3860 r2: 6 r3: 25962 r4: 101 r5: 65514 sp: 65508 pc: 5204        N: 0 Z: 0 V: 0 C: 0      
5204:   movb (r1)+, r4                src: 113       dst: 101       r0: 5 r1: 3861 r2: 6 r3: 25962 r4: 113 r5: 65514 sp: 65508 pc: 5206        N: 0 Z: 0 V: 0 C: 0      
5206:   beq 5214.                     src: 2562                     r0: 5 r1: 3861 r2: 6 r3: 25962 r4: 113 r5: 65514 sp: 65508 pc: 5208        N: 0 Z: 0 V: 0 C: 0      
5208:   add r4, r3                    src: 113       dst: 25962     r0: 5 r1: 3861 r2: 6 r3: 26075 r4: 113 r5: 65514 sp: 65508 pc: 5210        N: 0 Z: 0 V: 0 C: 0      
5210:   swab r3                       src: 26075                    r0: 5 r1: 3861 r2: 6 r3: 56165 r4: 113 r5: 65514 sp: 65508 pc: 5212        N: 0 Z: 0 V: 0 C: 0      
5212:   sob r2, 5204.                 src: 6         dst: 68        r0: 5 r1: 3861 r2: 5 r3: 56165 r4: 113 r5: 65514 sp: 65508 pc: 5204        N: 0 Z: 0 V: 0 C: 0      
5204:   movb (r1)+, r4                src: 0         dst: 113       r0: 5 r1: 3862 r2: 5 r3: 56165 r4: 0 r5: 65514 sp: 65508 pc: 5206          N: 0 Z: 1 V: 0 C: 0      
5206:   beq 5214.                     src: 2562                     r0: 5 r1: 3862 r2: 5 r3: 56165 r4: 0 r5: 65514 sp: 65508 pc: 5214          N: 0 Z: 1 V: 0 C: 0      
5214:   clr r2                        src: 5                        r0: 5 r1: 3862 r2: 0 r3: 56165 r4: 0 r5: 65514 sp: 65508 pc: 5216          N: 0 Z: 1 V: 0 C: 0      
5216:   div $hshsiz, r2               src: 1553      dst: 0         r0: 5 r1: 3862 r2: 36 r3: 257 r4: 0 r5: 65514 sp: 65508 pc: 5220           N: 0 Z: 0 V: 0 C: 0      
5220:   ashc $1., r2                  src: 1         dst: 36        r0: 5 r1: 3862 r2: 72 r3: 514 r4: 0 r5: 65514 sp: 65508 pc: 5224           N: 0 Z: 0 V: 0 C: 0      
5224:   add $hshtab, r3               src: 5722      dst: 514       r0: 5 r1: 3862 r2: 72 r3: 6236 r4: 0 r5: 65514 sp: 65508 pc: 5228          N: 0 Z: 0 V: 0 C: 0      
5228:   sub r2, r3                    src: 72        dst: 6236      r0: 5 r1: 3862 r2: 72 r3: 6164 r4: 0 r5: 65514 sp: 65508 pc: 5230          N: 0 Z: 0 V: 0 C: 0      
5230:   cmp r3, $hshtab               src: 6164      dst: 5722      r0: 5 r1: 3862 r2: 72 r3: 6164 r4: 0 r5: 65514 sp: 65508 pc: 5234          N: 0 Z: 0 V: 0 C: 0      
5234:   bhi 5240.                     src: 3043                     r0: 5 r1: 3862 r2: 72 r3: 6164 r4: 0 r5: 65514 sp: 65508 pc: 5240          N: 0 Z: 0 V: 0 C: 0      
5240:   tst -(r3)                     src: 1                        r0: 5 r1: 3862 r2: 72 r3: 6162 r4: 0 r5: 65514 sp: 65508 pc: 5242          N: 0 Z: 0 V: 0 C: 0      
5242:   bne 5228.                     src: 57475                    r0: 5 r1: 3862 r2: 72 r3: 6162 r4: 0 r5: 65514 sp: 65508 pc: 5228          N: 0 Z: 0 V: 0 C: 0      
5228:   sub r2, r3                    src: 72        dst: 6162      r0: 5 r1: 3862 r2: 72 r3: 6090 r4: 0 r5: 65514 sp: 65508 pc: 5230          N: 0 Z: 0 V: 0 C: 0      
5230:   cmp r3, $hshtab               src: 6090      dst: 5722      r0: 5 r1: 3862 r2: 72 r3: 6090 r4: 0 r5: 65514 sp: 65508 pc: 5234          N: 0 Z: 0 V: 0 C: 0      
5234:   bhi 5240.                     src: 3043                     r0: 5 r1: 3862 r2: 72 r3: 6090 r4: 0 r5: 65514 sp: 65508 pc: 5240          N: 0 Z: 0 V: 0 C: 0      
5240:   tst -(r3)                     src: 1                        r0: 5 r1: 3862 r2: 72 r3: 6088 r4: 0 r5: 65514 sp: 65508 pc: 5242          N: 0 Z: 0 V: 0 C: 0      
5242:   bne 5228.                     src: 57475                    r0: 5 r1: 3862 r2: 72 r3: 6088 r4: 0 r5: 65514 sp: 65508 pc: 5228          N: 0 Z: 0 V: 0 C: 0      
5228:   sub r2, r3                    src: 72        dst: 6088      r0: 5 r1: 3862 r2: 72 r3: 6016 r4: 0 r5: 65514 sp: 65508 pc: 5230          N: 0 Z: 0 V: 0 C: 0      
5230:   cmp r3, $hshtab               src: 6016      dst: 5722      r0: 5 r1: 3862 r2: 72 r3: 6016 r4: 0 r5: 65514 sp: 65508 pc: 5234          N: 0 Z: 0 V: 0 C: 0      
5234:   bhi 5240.                     src: 3043                     r0: 5 r1: 3862 r2: 72 r3: 6016 r4: 0 r5: 65514 sp: 65508 pc: 5240          N: 0 Z: 0 V: 0 C: 0      
5240:   tst -(r3)                     src: 0                        r0: 5 r1: 3862 r2: 72 r3: 6014 r4: 0 r5: 65514 sp: 65508 pc: 5242          N: 0 Z: 1 V: 0 C: 0      
5242:   bne 5228.                     src: 57475                    r0: 5 r1: 3862 r2: 72 r3: 6014 r4: 0 r5: 65514 sp: 65508 pc: 5244          N: 0 Z: 1 V: 0 C: 0      
5244:   mov (sp)+, r1                 src: 3858      dst: 3862      r0: 5 r1: 3858 r2: 72 r3: 6014 r4: 0 r5: 65514 sp: 65510 pc: 5246          N: 0 Z: 0 V: 0 C: 0      
5246:   mov r1, (r3)                  src: 3858      dst: 0         r0: 5 r1: 3858 r2: 72 r3: 6014 r4: 0 r5: 65514 sp: 65510 pc: 5248          N: 0 Z: 0 V: 0 C: 0      
5248:   add $12., r1                  src: 12        dst: 3858      r0: 5 r1: 3870 r2: 72 r3: 6014 r4: 0 r5: 65514 sp: 65510 pc: 5252          N: 0 Z: 0 V: 0 C: 0      
5252:   cmp r1, $ebsymtab             src: 3870      dst: 5118      r0: 5 r1: 3870 r2: 72 r3: 6014 r4: 0 r5: 65514 sp: 65510 pc: 5256          N: 1 Z: 0 V: 0 C: 1      
5256:   bcs 5196.                     src: 2563                     r0: 5 r1: 3870 r2: 72 r3: 6014 r4: 0 r5: 65514 sp: 65510 pc: 5196          N: 1 Z: 0 V: 0 C: 1      
5196:   clr r3                        src: 6014                     r0: 5 r1: 3870 r2: 72 r3: 0 r4: 0 r5: 65514 sp: 65510 pc: 5198             N: 0 Z: 1 V: 0 C: 0      
5198:   mov $8., r2                   src: 8         dst: 72        r0: 5 r1: 3870 r2: 8 r3: 0 r4: 0 r5: 65514 sp: 65510 pc: 5202              N: 0 Z: 0 V: 0 C: 0      
5202:   mov r1, -(sp)                 src: 3870      dst: 3858      r0: 5 r1: 3870 r2: 8 r3: 0 r4: 0 r5: 65514 sp: 65508 pc: 5204              N: 0 Z: 0 V: 0 C: 0      
5204:   movb (r1)+, r4                src: 106       dst: 0         r0: 5 r1: 3871 r2: 8 r3: 0 r4: 106 r5: 65514 sp: 65508 pc: 5206            N: 0 Z: 0 V: 0 C: 0      
5206:   beq 5214.                     src: 2562                     r0: 5 r1: 3871 r2: 8 r3: 0 r4: 106 r5: 65514 sp: 65508 pc: 5208            N: 0 Z: 0 V: 0 C: 0      
5208:   add r4, r3                    src: 106       dst: 0         r0: 5 r1: 3871 r2: 8 r3: 106 r4: 106 r5: 65514 sp: 65508 pc: 5210          N: 0 Z: 0 V: 0 C: 0      
5210:   swab r3                       src: 106                      r0: 5 r1: 3871 r2: 8 r3: 27136 r4: 106 r5: 65514 sp: 65508 pc: 5212        N: 0 Z: 1 V: 0 C: 0      
5212:   sob r2, 5204.                 src: 8         dst: 68        r0: 5 r1: 3871 r2: 7 r3: 27136 r4: 106 r5: 65514 sp: 65508 pc: 5204        N: 0 Z: 1 V: 0 C: 0      
5204:   movb (r1)+, r4                src: 103       dst: 106       r0: 5 r1: 3872 r2: 7 r3: 27136 r4: 103 r5: 65514 sp: 65508 pc: 5206        N: 0 Z: 0 V: 0 C: 0      
5206:   beq 5214.                     src: 2562                     r0: 5 r1: 3872 r2: 7 r3: 27136 r4: 103 r5: 65514 sp: 65508 pc: 5208        N: 0 Z: 0 V: 0 C: 0      
5208:   add r4, r3                    src: 103       dst: 27136     r0: 5 r1: 3872 r2: 7 r3: 27239 r4: 103 r5: 65514 sp: 65508 pc: 5210        N: 0 Z: 0 V: 0 C: 0      
5210:   swab r3                       src: 27239                    r0: 5 r1: 3872 r2: 7 r3: 26474 r4: 103 r5: 65514 sp: 65508 pc: 5212        N: 0 Z: 0 V: 0 C: 0      
5212:   sob r2, 5204.                 src: 7         dst: 68        r0: 5 r1: 3872 r2: 6 r3: 26474 r4: 103 r5: 65514 sp: 65508 pc: 5204        N: 0 Z: 0 V: 0 C: 0      
5204:   movb (r1)+, r4                src: 101       dst: 103       r0: 5 r1: 3873 r2: 6 r3: 26474 r4: 101 r5: 65514 sp: 65508 pc: 5206        N: 0 Z: 0 V: 0 C: 0      
5206:   beq 5214.                     src: 2562                     r0: 5 r1: 3873 r2: 6 r3: 26474 r4: 101 r5: 65514 sp: 65508 pc: 5208        N: 0 Z: 0 V: 0 C: 0      
5208:   add r4, r3                    src: 101       dst: 26474     r0: 5 r1: 3873 r2: 6 r3: 26575 r4: 101 r5: 65514 sp: 65508 pc: 5210        N: 0 Z: 0 V: 0 C: 0      
5210:   swab r3                       src: 26575                    r0: 5 r1: 3873 r2: 6 r3: 53095 r4: 101 r5: 65514 sp: 65508 pc: 5212        N: 0 Z: 0 V: 0 C: 0      
5212:   sob r2, 5204.                 src: 6         dst: 68        r0: 5 r1: 3873 r2: 5 r3: 53095 r4: 101 r5: 65514 sp: 65508 pc: 5204        N: 0 Z: 0 V: 0 C: 0      
5204:   movb (r1)+, r4                src: 0         dst: 101       r0: 5 r1: 3874 r2: 5 r3: 53095 r4: 0 r5: 65514 sp: 65508 pc: 5206          N: 0 Z: 1 V: 0 C: 0      
5206:   beq 5214.                     src: 2562                     r0: 5 r1: 3874 r2: 5 r3: 53095 r4: 0 r5: 65514 sp: 65508 pc: 5214          N: 0 Z: 1 V: 0 C: 0      
5214:   clr r2                        src: 5                        r0: 5 r1: 3874 r2: 0 r3: 53095 r4: 0 r5: 65514 sp: 65508 pc: 5216          N: 0 Z: 1 V: 0 C: 0      
5216:   div $hshsiz, r2               src: 1553      dst: 0         r0: 5 r1: 3874 r2: 34 r3: 293 r4: 0 r5: 65514 sp: 65508 pc: 5220           N: 0 Z: 0 V: 0 C: 0      
5220:   ashc $1., r2                  src: 1         dst: 34        r0: 5 r1: 3874 r2: 68 r3: 586 r4: 0 r5: 65514 sp: 65508 pc: 5224           N: 0 Z: 0 V: 0 C: 0      
5224:   add $hshtab, r3               src: 5722      dst: 586       r0: 5 r1: 3874 r2: 68 r3: 6308 r4: 0 r5: 65514 sp: 65508 pc: 5228          N: 0 Z: 0 V: 0 C: 0      
5228:   sub r2, r3                    src: 68        dst: 6308      r0: 5 r1: 3874 r2: 68 r3: 6240 r4: 0 r5: 65514 sp: 65508 pc: 5230          N: 0 Z: 0 V: 0 C: 0      
5230:   cmp r3, $hshtab               src: 6240      dst: 5722      r0: 5 r1: 3874 r2: 68 r3: 6240 r4: 0 r5: 65514 sp: 65508 pc: 5234          N: 0 Z: 0 V: 0 C: 0      
5234:   bhi 5240.                     src: 3043                     r0: 5 r1: 3874 r2: 68 r3: 6240 r4: 0 r5: 65514 sp: 65508 pc: 5240          N: 0 Z: 0 V: 0 C: 0      
5240:   tst -(r3)                     src: 0                        r0: 5 r1: 3874 r2: 68 r3: 6238 r4: 0 r5: 65514 sp: 65508 pc: 5242          N: 0 Z: 1 V: 0 C: 0      
5242:   bne 5228.                     src: 57475                    r0: 5 r1: 3874 r2: 68 r3: 6238 r4: 0 r5: 65514 sp: 65508 pc: 5244          N: 0 Z: 1 V: 0 C: 0      
5244:   mov (sp)+, r1                 src: 3870      dst: 3874      r0: 5 r1: 3870 r2: 68 r3: 6238 r4: 0 r5: 65514 sp: 65510 pc: 5246          N: 0 Z: 0 V: 0 C: 0      
5246:   mov r1, (r3)                  src: 3870      dst: 0         r0: 5 r1: 3870 r2: 68 r3: 6238 r4: 0 r5: 65514 sp: 65510 pc: 5248          N: 0 Z: 0 V: 0 C: 0      
5248:   add $12., r1                  src: 12        dst: 3870      r0: 5 r1: 3882 r2: 68 r3: 6238 r4: 0 r5: 65514 sp: 65510 pc: 5252          N: 0 Z: 0 V: 0 C: 0      
5252:   cmp r1, $ebsymtab             src: 3882      dst: 5118      r0: 5 r1: 3882 r2: 68 r3: 6238 r4: 0 r5: 65514 sp: 65510 pc: 5256          N: 1 Z: 0 V: 0 C: 1      
5256:   bcs 5196.                     src: 2563                     r0: 5 r1: 3882 r2: 68 r3: 6238 r4: 0 r5: 65514 sp: 65510 pc: 5196          N: 1 Z: 0 V: 0 C: 1      
5196:   clr r3                        src: 6238                     r0: 5 r1: 3882 r2: 68 r3: 0 r4: 0 r5: 65514 sp: 65510 pc: 5198             N: 0 Z: 1 V: 0 C: 0      
5198:   mov $8., r2                   src: 8         dst: 68        r0: 5 r1: 3882 r2: 8 r3: 0 r4: 0 r5: 65514 sp: 65510 pc: 5202              N: 0 Z: 0 V: 0 C: 0      
5202:   mov r1, -(sp)                 src: 3882      dst: 3870      r0: 5 r1: 3882 r2: 8 r3: 0 r4: 0 r5: 65514 sp: 65508 pc: 5204              N: 0 Z: 0 V: 0 C: 0      
5204:   movb (r1)+, r4                src: 106       dst: 0         r0: 5 r1: 3883 r2: 8 r3: 0 r4: 106 r5: 65514 sp: 65508 pc: 5206            N: 0 Z: 0 V: 0 C: 0      
5206:   beq 5214.                     src: 2562                     r0: 5 r1: 3883 r2: 8 r3: 0 r4: 106 r5: 65514 sp: 65508 pc: 5208            N: 0 Z: 0 V: 0 C: 0      
5208:   add r4, r3                    src: 106       dst: 0         r0: 5 r1: 3883 r2: 8 r3: 106 r4: 106 r5: 65514 sp: 65508 pc: 5210          N: 0 Z: 0 V: 0 C: 0      
5210:   swab r3                       src: 106                      r0: 5 r1: 3883 r2: 8 r3: 27136 r4: 106 r5: 65514 sp: 65508 pc: 5212        N: 0 Z: 1 V: 0 C: 0      
5212:   sob r2, 5204.                 src: 8         dst: 68        r0: 5 r1: 3883 r2: 7 r3: 27136 r4: 106 r5: 65514 sp: 65508 pc: 5204        N: 0 Z: 1 V: 0 C: 0      
5204:   movb (r1)+, r4                src: 108       dst: 106       r0: 5 r1: 3884 r2: 7 r3: 27136 r4: 108 r5: 65514 sp: 65508 pc: 5206        N: 0 Z: 0 V: 0 C: 0      
5206:   beq 5214.                     src: 2562                     r0: 5 r1: 3884 r2: 7 r3: 27136 r4: 108 r5: 65514 sp: 65508 pc: 5208        N: 0 Z: 0 V: 0 C: 0      
5208:   add r4, r3                    src: 108       dst: 27136     r0: 5 r1: 3884 r2: 7 r3: 27244 r4: 108 r5: 65514 sp: 65508 pc: 5210        N: 0 Z: 0 V: 0 C: 0      
5210:   swab r3                       src: 27244                    r0: 5 r1: 3884 r2: 7 r3: 27754 r4: 108 r5: 65514 sp: 65508 pc: 5212        N: 0 Z: 0 V: 0 C: 0      
5212:   sob r2, 5204.                 src: 7         dst: 68        r0: 5 r1: 3884 r2: 6 r3: 27754 r4: 108 r5: 65514 sp: 65508 pc: 5204        N: 0 Z: 0 V: 0 C: 0      
5204:   movb (r1)+, r4                src: 116       dst: 108       r0: 5 r1: 3885 r2: 6 r3: 27754 r4: 116 r5: 65514 sp: 65508 pc: 5206        N: 0 Z: 0 V: 0 C: 0      
5206:   beq 5214.                     src: 2562                     r0: 5 r1: 3885 r2: 6 r3: 27754 r4: 116 r5: 65514 sp: 65508 pc: 5208        N: 0 Z: 0 V: 0 C: 0      
5208:   add r4, r3                    src: 116       dst: 27754     r0: 5 r1: 3885 r2: 6 r3: 27870 r4: 116 r5: 65514 sp: 65508 pc: 5210        N: 0 Z: 0 V: 0 C: 0      
5210:   swab r3                       src: 27870                    r0: 5 r1: 3885 r2: 6 r3: 56940 r4: 116 r5: 65514 sp: 65508 pc: 5212        N: 0 Z: 0 V: 0 C: 0      
5212:   sob r2, 5204.                 src: 6         dst: 68        r0: 5 r1: 3885 r2: 5 r3: 56940 r4: 116 r5: 65514 sp: 65508 pc: 5204        N: 0 Z: 0 V: 0 C: 0      
5204:   movb (r1)+, r4                src: 0         dst: 116       r0: 5 r1: 3886 r2: 5 r3: 56940 r4: 0 r5: 65514 sp: 65508 pc: 5206          N: 0 Z: 1 V: 0 C: 0      
5206:   beq 5214.                     src: 2562                     r0: 5 r1: 3886 r2: 5 r3: 56940 r4: 0 r5: 65514 sp: 65508 pc: 5214          N: 0 Z: 1 V: 0 C: 0      
5214:   clr r2                        src: 5                        r0: 5 r1: 3886 r2: 0 r3: 56940 r4: 0 r5: 65514 sp: 65508 pc: 5216          N: 0 Z: 1 V: 0 C: 0      
5216:   div $hshsiz, r2               src: 1553      dst: 0         r0: 5 r1: 3886 r2: 36 r3: 1032 r4: 0 r5: 65514 sp: 65508 pc: 5220          N: 0 Z: 0 V: 0 C: 0      
5220:   ashc $1., r2                  src: 1         dst: 36        r0: 5 r1: 3886 r2: 72 r3: 2064 r4: 0 r5: 65514 sp: 65508 pc: 5224          N: 0 Z: 0 V: 0 C: 0      
5224:   add $hshtab, r3               src: 5722      dst: 2064      r0: 5 r1: 3886 r2: 72 r3: 7786 r4: 0 r5: 65514 sp: 65508 pc: 5228          N: 0 Z: 0 V: 0 C: 0      
5228:   sub r2, r3                    src: 72        dst: 7786      r0: 5 r1: 3886 r2: 72 r3: 7714 r4: 0 r5: 65514 sp: 65508 pc: 5230          N: 0 Z: 0 V: 0 C: 0      
5230:   cmp r3, $hshtab               src: 7714      dst: 5722      r0: 5 r1: 3886 r2: 72 r3: 7714 r4: 0 r5: 65514 sp: 65508 pc: 5234          N: 0 Z: 0 V: 0 C: 0      
5234:   bhi 5240.                     src: 3043                     r0: 5 r1: 3886 r2: 72 r3: 7714 r4: 0 r5: 65514 sp: 65508 pc: 5240          N: 0 Z: 0 V: 0 C: 0      
5240:   tst -(r3)                     src: 0                        r0: 5 r1: 3886 r2: 72 r3: 7712 r4: 0 r5: 65514 sp: 65508 pc: 5242          N: 0 Z: 1 V: 0 C: 0      
5242:   bne 5228.                     src: 57475                    r0: 5 r1: 3886 r2: 72 r3: 7712 r4: 0 r5: 65514 sp: 65508 pc: 5244          N: 0 Z: 1 V: 0 C: 0      
5244:   mov (sp)+, r1                 src: 3882      dst: 3886      r0: 5 r1: 3882 r2: 72 r3: 7712 r4: 0 r5: 65514 sp: 65510 pc: 5246          N: 0 Z: 0 V: 0 C: 0      
5246:   mov r1, (r3)                  src: 3882      dst: 0         r0: 5 r1: 3882 r2: 72 r3: 7712 r4: 0 r5: 65514 sp: 65510 pc: 5248          N: 0 Z: 0 V: 0 C: 0      
5248:   add $12., r1                  src: 12        dst: 3882      r0: 5 r1: 3894 r2: 72 r3: 7712 r4: 0 r5: 65514 sp: 65510 pc: 5252          N: 0 Z: 0 V: 0 C: 0      
5252:   cmp r1, $ebsymtab             src: 3894      dst: 5118      r0: 5 r1: 3894 r2: 72 r3: 7712 r4: 0 r5: 65514 sp: 65510 pc: 5256          N: 1 Z: 0 V: 0 C: 1      
5256:   bcs 5196.                     src: 2563                     r0: 5 r1: 3894 r2: 72 r3: 7712 r4: 0 r5: 65514 sp: 65510 pc: 5196          N: 1 Z: 0 V: 0 C: 1      
5196:   clr r3                        src: 7712                     r0: 5 r1: 3894 r2: 72 r3: 0 r4: 0 r5: 65514 sp: 65510 pc: 5198             N: 0 Z: 1 V: 0 C: 0      
5198:   mov $8., r2                   src: 8         dst: 72        r0: 5 r1: 3894 r2: 8 r3: 0 r4: 0 r5: 65514 sp: 65510 pc: 5202              N: 0 Z: 0 V: 0 C: 0      
5202:   mov r1, -(sp)                 src: 3894      dst: 3882      r0: 5 r1: 3894 r2: 8 r3: 0 r4: 0 r5: 65514 sp: 65508 pc: 5204              N: 0 Z: 0 V: 0 C: 0      
5204:   movb (r1)+, r4                src: 106       dst: 0         r0: 5 r1: 3895 r2: 8 r3: 0 r4: 106 r5: 65514 sp: 65508 pc: 5206            N: 0 Z: 0 V: 0 C: 0      
5206:   beq 5214.                     src: 2562                     r0: 5 r1: 3895 r2: 8 r3: 0 r4: 106 r5: 65514 sp: 65508 pc: 5208            N: 0 Z: 0 V: 0 C: 0      
5208:   add r4, r3                    src: 106       dst: 0         r0: 5 r1: 3895 r2: 8 r3: 106 r4: 106 r5: 65514 sp: 65508 pc: 5210          N: 0 Z: 0 V: 0 C: 0      
5210:   swab r3                       src: 106                      r0: 5 r1: 3895 r2: 8 r3: 27136 r4: 106 r5: 65514 sp: 65508 pc: 5212        N: 0 Z: 1 V: 0 C: 0      
5212:   sob r2, 5204.                 src: 8         dst: 68        r0: 5 r1: 3895 r2: 7 r3: 27136 r4: 106 r5: 65514 sp: 65508 pc: 5204        N: 0 Z: 1 V: 0 C: 0      
5204:   movb (r1)+, r4                src: 103       dst: 106       r0: 5 r1: 3896 r2: 7 r3: 27136 r4: 103 r5: 65514 sp: 65508 pc: 5206        N: 0 Z: 0 V: 0 C: 0      
5206:   beq 5214.                     src: 2562                     r0: 5 r1: 3896 r2: 7 r3: 27136 r4: 103 r5: 65514 sp: 65508 pc: 5208        N: 0 Z: 0 V: 0 C: 0      
5208:   add r4, r3                    src: 103       dst: 27136     r0: 5 r1: 3896 r2: 7 r3: 27239 r4: 103 r5: 65514 sp: 65508 pc: 5210        N: 0 Z: 0 V: 0 C: 0      
5210:   swab r3                       src: 27239                    r0: 5 r1: 3896 r2: 7 r3: 26474 r4: 103 r5: 65514 sp: 65508 pc: 5212        N: 0 Z: 0 V: 0 C: 0      
5212:   sob r2, 5204.                 src: 7         dst: 68        r0: 5 r1: 3896 r2: 6 r3: 26474 r4: 103 r5: 65514 sp: 65508 pc: 5204        N: 0 Z: 0 V: 0 C: 0      
5204:   movb (r1)+, r4                src: 116       dst: 103       r0: 5 r1: 3897 r2: 6 r3: 26474 r4: 116 r5: 65514 sp: 65508 pc: 5206        N: 0 Z: 0 V: 0 C: 0      
5206:   beq 5214.                     src: 2562                     r0: 5 r1: 3897 r2: 6 r3: 26474 r4: 116 r5: 65514 sp: 65508 pc: 5208        N: 0 Z: 0 V: 0 C: 0      
5208:   add r4, r3                    src: 116       dst: 26474     r0: 5 r1: 3897 r2: 6 r3: 26590 r4: 116 r5: 65514 sp: 65508 pc: 5210        N: 0 Z: 0 V: 0 C: 0      
5210:   swab r3                       src: 26590                    r0: 5 r1: 3897 r2: 6 r3: 56935 r4: 116 r5: 65514 sp: 65508 pc: 5212        N: 0 Z: 0 V: 0 C: 0      
5212:   sob r2, 5204.                 src: 6         dst: 68        r0: 5 r1: 3897 r2: 5 r3: 56935 r4: 116 r5: 65514 sp: 65508 pc: 5204        N: 0 Z: 0 V: 0 C: 0      
5204:   movb (r1)+, r4                src: 0         dst: 116       r0: 5 r1: 3898 r2: 5 r3: 56935 r4: 0 r5: 65514 sp: 65508 pc: 5206          N: 0 Z: 1 V: 0 C: 0      
5206:   beq 5214.                     src: 2562                     r0: 5 r1: 3898 r2: 5 r3: 56935 r4: 0 r5: 65514 sp: 65508 pc: 5214          N: 0 Z: 1 V: 0 C: 0      
5214:   clr r2                        src: 5                        r0: 5 r1: 3898 r2: 0 r3: 56935 r4: 0 r5: 65514 sp: 65508 pc: 5216          N: 0 Z: 1 V: 0 C: 0      
5216:   div $hshsiz, r2               src: 1553      dst: 0         r0: 5 r1: 3898 r2: 36 r3: 1027 r4: 0 r5: 65514 sp: 65508 pc: 5220          N: 0 Z: 0 V: 0 C: 0      
5220:   ashc $1., r2                  src: 1         dst: 36        r0: 5 r1: 3898 r2: 72 r3: 2054 r4: 0 r5: 65514 sp: 65508 pc: 5224          N: 0 Z: 0 V: 0 C: 0      
5224:   add $hshtab, r3               src: 5722      dst: 2054      r0: 5 r1: 3898 r2: 72 r3: 7776 r4: 0 r5: 65514 sp: 65508 pc: 5228          N: 0 Z: 0 V: 0 C: 0      
5228:   sub r2, r3                    src: 72        dst: 7776      r0: 5 r1: 3898 r2: 72 r3: 7704 r4: 0 r5: 65514 sp: 65508 pc: 5230          N: 0 Z: 0 V: 0 C: 0      
5230:   cmp r3, $hshtab               src: 7704      dst: 5722      r0: 5 r1: 3898 r2: 72 r3: 7704 r4: 0 r5: 65514 sp: 65508 pc: 5234          N: 0 Z: 0 V: 0 C: 0      
5234:   bhi 5240.                     src: 3043                     r0: 5 r1: 3898 r2: 72 r3: 7704 r4: 0 r5: 65514 sp: 65508 pc: 5240          N: 0 Z: 0 V: 0 C: 0      
5240:   tst -(r3)                     src: 0                        r0: 5 r1: 3898 r2: 72 r3: 7702 r4: 0 r5: 65514 sp: 65508 pc: 5242          N: 0 Z: 1 V: 0 C: 0      
5242:   bne 5228.                     src: 57475                    r0: 5 r1: 3898 r2: 72 r3: 7702 r4: 0 r5: 65514 sp: 65508 pc: 5244          N: 0 Z: 1 V: 0 C: 0      
5244:   mov (sp)+, r1                 src: 3894      dst: 3898      r0: 5 r1: 3894 r2: 72 r3: 7702 r4: 0 r5: 65514 sp: 65510 pc: 5246          N: 0 Z: 0 V: 0 C: 0      
5246:   mov r1, (r3)                  src: 3894      dst: 0         r0: 5 r1: 3894 r2: 72 r3: 7702 r4: 0 r5: 65514 sp: 65510 pc: 5248          N: 0 Z: 0 V: 0 C: 0      
5248:   add $12., r1                  src: 12        dst: 3894      r0: 5 r1: 3906 r2: 72 r3: 7702 r4: 0 r5: 65514 sp: 65510 pc: 5252          N: 0 Z: 0 V: 0 C: 0      
5252:   cmp r1, $ebsymtab             src: 3906      dst: 5118      r0: 5 r1: 3906 r2: 72 r3: 7702 r4: 0 r5: 65514 sp: 65510 pc: 5256          N: 1 Z: 0 V: 0 C: 1      
5256:   bcs 5196.                     src: 2563                     r0: 5 r1: 3906 r2: 72 r3: 7702 r4: 0 r5: 65514 sp: 65510 pc: 5196          N: 1 Z: 0 V: 0 C: 1      
5196:   clr r3                        src: 7702                     r0: 5 r1: 3906 r2: 72 r3: 0 r4: 0 r5: 65514 sp: 65510 pc: 5198             N: 0 Z: 1 V: 0 C: 0      
5198:   mov $8., r2                   src: 8         dst: 72        r0: 5 r1: 3906 r2: 8 r3: 0 r4: 0 r5: 65514 sp: 65510 pc: 5202              N: 0 Z: 0 V: 0 C: 0      
5202:   mov r1, -(sp)                 src: 3906      dst: 3894      r0: 5 r1: 3906 r2: 8 r3: 0 r4: 0 r5: 65514 sp: 65508 pc: 5204              N: 0 Z: 0 V: 0 C: 0      
5204:   movb (r1)+, r4                src: 106       dst: 0         r0: 5 r1: 3907 r2: 8 r3: 0 r4: 106 r5: 65514 sp: 65508 pc: 5206            N: 0 Z: 0 V: 0 C: 0      
5206:   beq 5214.                     src: 2562                     r0: 5 r1: 3907 r2: 8 r3: 0 r4: 106 r5: 65514 sp: 65508 pc: 5208            N: 0 Z: 0 V: 0 C: 0      
5208:   add r4, r3                    src: 106       dst: 0         r0: 5 r1: 3907 r2: 8 r3: 106 r4: 106 r5: 65514 sp: 65508 pc: 5210          N: 0 Z: 0 V: 0 C: 0      
5210:   swab r3                       src: 106                      r0: 5 r1: 3907 r2: 8 r3: 27136 r4: 106 r5: 65514 sp: 65508 pc: 5212        N: 0 Z: 1 V: 0 C: 0      
5212:   sob r2, 5204.                 src: 8         dst: 68        r0: 5 r1: 3907 r2: 7 r3: 27136 r4: 106 r5: 65514 sp: 65508 pc: 5204        N: 0 Z: 1 V: 0 C: 0      
5204:   movb (r1)+, r4                src: 108       dst: 106       r0: 5 r1: 3908 r2: 7 r3: 27136 r4: 108 r5: 65514 sp: 65508 pc: 5206        N: 0 Z: 0 V: 0 C: 0      
5206:   beq 5214.                     src: 2562                     r0: 5 r1: 3908 r2: 7 r3: 27136 r4: 108 r5: 65514 sp: 65508 pc: 5208        N: 0 Z: 0 V: 0 C: 0      
5208:   add r4, r3                    src: 108       dst: 27136     r0: 5 r1: 3908 r2: 7 r3: 27244 r4: 108 r5: 65514 sp: 65508 pc: 5210        N: 0 Z: 0 V: 0 C: 0      
5210:   swab r3                       src: 27244                    r0: 5 r1: 3908 r2: 7 r3: 27754 r4: 108 r5: 65514 sp: 65508 pc: 5212        N: 0 Z: 0 V: 0 C: 0      
5212:   sob r2, 5204.                 src: 7         dst: 68        r0: 5 r1: 3908 r2: 6 r3: 27754 r4: 108 r5: 65514 sp: 65508 pc: 5204        N: 0 Z: 0 V: 0 C: 0      
5204:   movb (r1)+, r4                src: 101       dst: 108       r0: 5 r1: 3909 r2: 6 r3: 27754 r4: 101 r5: 65514 sp: 65508 pc: 5206        N: 0 Z: 0 V: 0 C: 0      
5206:   beq 5214.                     src: 2562                     r0: 5 r1: 3909 r2: 6 r3: 27754 r4: 101 r5: 65514 sp: 65508 pc: 5208        N: 0 Z: 0 V: 0 C: 0      
5208:   add r4, r3                    src: 101       dst: 27754     r0: 5 r1: 3909 r2: 6 r3: 27855 r4: 101 r5: 65514 sp: 65508 pc: 5210        N: 0 Z: 0 V: 0 C: 0      
5210:   swab r3                       src: 27855                    r0: 5 r1: 3909 r2: 6 r3: 53100 r4: 101 r5: 65514 sp: 65508 pc: 5212        N: 0 Z: 0 V: 0 C: 0      
5212:   sob r2, 5204.                 src: 6         dst: 68        r0: 5 r1: 3909 r2: 5 r3: 53100 r4: 101 r5: 65514 sp: 65508 pc: 5204        N: 0 Z: 0 V: 0 C: 0      
5204:   movb (r1)+, r4                src: 0         dst: 101       r0: 5 r1: 3910 r2: 5 r3: 53100 r4: 0 r5: 65514 sp: 65508 pc: 5206          N: 0 Z: 1 V: 0 C: 0      
5206:   beq 5214.                     src: 2562                     r0: 5 r1: 3910 r2: 5 r3: 53100 r4: 0 r5: 65514 sp: 65508 pc: 5214          N: 0 Z: 1 V: 0 C: 0      
5214:   clr r2                        src: 5                        r0: 5 r1: 3910 r2: 0 r3: 53100 r4: 0 r5: 65514 sp: 65508 pc: 5216          N: 0 Z: 1 V: 0 C: 0      
5216:   div $hshsiz, r2               src: 1553      dst: 0         r0: 5 r1: 3910 r2: 34 r3: 298 r4: 0 r5: 65514 sp: 65508 pc: 5220           N: 0 Z: 0 V: 0 C: 0      
5220:   ashc $1., r2                  src: 1         dst: 34        r0: 5 r1: 3910 r2: 68 r3: 596 r4: 0 r5: 65514 sp: 65508 pc: 5224           N: 0 Z: 0 V: 0 C: 0      
5224:   add $hshtab, r3               src: 5722      dst: 596       r0: 5 r1: 3910 r2: 68 r3: 6318 r4: 0 r5: 65514 sp: 65508 pc: 5228          N: 0 Z: 0 V: 0 C: 0      
5228:   sub r2, r3                    src: 68        dst: 6318      r0: 5 r1: 3910 r2: 68 r3: 6250 r4: 0 r5: 65514 sp: 65508 pc: 5230          N: 0 Z: 0 V: 0 C: 0      
5230:   cmp r3, $hshtab               src: 6250      dst: 5722      r0: 5 r1: 3910 r2: 68 r3: 6250 r4: 0 r5: 65514 sp: 65508 pc: 5234          N: 0 Z: 0 V: 0 C: 0      
5234:   bhi 5240.                     src: 3043                     r0: 5 r1: 3910 r2: 68 r3: 6250 r4: 0 r5: 65514 sp: 65508 pc: 5240          N: 0 Z: 0 V: 0 C: 0      
5240:   tst -(r3)                     src: 0                        r0: 5 r1: 3910 r2: 68 r3: 6248 r4: 0 r5: 65514 sp: 65508 pc: 5242          N: 0 Z: 1 V: 0 C: 0      
5242:   bne 5228.                     src: 57475                    r0: 5 r1: 3910 r2: 68 r3: 6248 r4: 0 r5: 65514 sp: 65508 pc: 5244          N: 0 Z: 1 V: 0 C: 0      
5244:   mov (sp)+, r1                 src: 3906      dst: 3910      r0: 5 r1: 3906 r2: 68 r3: 6248 r4: 0 r5: 65514 sp: 65510 pc: 5246          N: 0 Z: 0 V: 0 C: 0      
5246:   mov r1, (r3)                  src: 3906      dst: 0         r0: 5 r1: 3906 r2: 68 r3: 6248 r4: 0 r5: 65514 sp: 65510 pc: 5248          N: 0 Z: 0 V: 0 C: 0      
5248:   add $12., r1                  src: 12        dst: 3906      r0: 5 r1: 3918 r2: 68 r3: 6248 r4: 0 r5: 65514 sp: 65510 pc: 5252          N: 0 Z: 0 V: 0 C: 0      
5252:   cmp r1, $ebsymtab             src: 3918      dst: 5118      r0: 5 r1: 3918 r2: 68 r3: 6248 r4: 0 r5: 65514 sp: 65510 pc: 5256          N: 1 Z: 0 V: 0 C: 1      
5256:   bcs 5196.                     src: 2563                     r0: 5 r1: 3918 r2: 68 r3: 6248 r4: 0 r5: 65514 sp: 65510 pc: 5196          N: 1 Z: 0 V: 0 C: 1      
5196:   clr r3                        src: 6248                     r0: 5 r1: 3918 r2: 68 r3: 0 r4: 0 r5: 65514 sp: 65510 pc: 5198             N: 0 Z: 1 V: 0 C: 0      
5198:   mov $8., r2                   src: 8         dst: 68        r0: 5 r1: 3918 r2: 8 r3: 0 r4: 0 r5: 65514 sp: 65510 pc: 5202              N: 0 Z: 0 V: 0 C: 0      
5202:   mov r1, -(sp)                 src: 3918      dst: 3906      r0: 5 r1: 3918 r2: 8 r3: 0 r4: 0 r5: 65514 sp: 65508 pc: 5204              N: 0 Z: 0 V: 0 C: 0      
5204:   movb (r1)+, r4                src: 106       dst: 0         r0: 5 r1: 3919 r2: 8 r3: 0 r4: 106 r5: 65514 sp: 65508 pc: 5206            N: 0 Z: 0 V: 0 C: 0      
5206:   beq 5214.                     src: 2562                     r0: 5 r1: 3919 r2: 8 r3: 0 r4: 106 r5: 65514 sp: 65508 pc: 5208            N: 0 Z: 0 V: 0 C: 0      
5208:   add r4, r3                    src: 106       dst: 0         r0: 5 r1: 3919 r2: 8 r3: 106 r4: 106 r5: 65514 sp: 65508 pc: 5210          N: 0 Z: 0 V: 0 C: 0      
5210:   swab r3                       src: 106                      r0: 5 r1: 3919 r2: 8 r3: 27136 r4: 106 r5: 65514 sp: 65508 pc: 5212        N: 0 Z: 1 V: 0 C: 0      
5212:   sob r2, 5204.                 src: 8         dst: 68        r0: 5 r1: 3919 r2: 7 r3: 27136 r4: 106 r5: 65514 sp: 65508 pc: 5204        N: 0 Z: 1 V: 0 C: 0      
5204:   movb (r1)+, r4                src: 112       dst: 106       r0: 5 r1: 3920 r2: 7 r3: 27136 r4: 112 r5: 65514 sp: 65508 pc: 5206        N: 0 Z: 0 V: 0 C: 0      
5206:   beq 5214.                     src: 2562                     r0: 5 r1: 3920 r2: 7 r3: 27136 r4: 112 r5: 65514 sp: 65508 pc: 5208        N: 0 Z: 0 V: 0 C: 0      
5208:   add r4, r3                    src: 112       dst: 27136     r0: 5 r1: 3920 r2: 7 r3: 27248 r4: 112 r5: 65514 sp: 65508 pc: 5210        N: 0 Z: 0 V: 0 C: 0      
5210:   swab r3                       src: 27248                    r0: 5 r1: 3920 r2: 7 r3: 28778 r4: 112 r5: 65514 sp: 65508 pc: 5212        N: 0 Z: 0 V: 0 C: 0      
5212:   sob r2, 5204.                 src: 7         dst: 68        r0: 5 r1: 3920 r2: 6 r3: 28778 r4: 112 r5: 65514 sp: 65508 pc: 5204        N: 0 Z: 0 V: 0 C: 0      
5204:   movb (r1)+, r4                src: 108       dst: 112       r0: 5 r1: 3921 r2: 6 r3: 28778 r4: 108 r5: 65514 sp: 65508 pc: 5206        N: 0 Z: 0 V: 0 C: 0      
5206:   beq 5214.                     src: 2562                     r0: 5 r1: 3921 r2: 6 r3: 28778 r4: 108 r5: 65514 sp: 65508 pc: 5208        N: 0 Z: 0 V: 0 C: 0      
5208:   add r4, r3                    src: 108       dst: 28778     r0: 5 r1: 3921 r2: 6 r3: 28886 r4: 108 r5: 65514 sp: 65508 pc: 5210        N: 0 Z: 0 V: 0 C: 0      
5210:   swab r3                       src: 28886                    r0: 5 r1: 3921 r2: 6 r3: 54896 r4: 108 r5: 65514 sp: 65508 pc: 5212        N: 0 Z: 0 V: 0 C: 0      
5212:   sob r2, 5204.                 src: 6         dst: 68        r0: 5 r1: 3921 r2: 5 r3: 54896 r4: 108 r5: 65514 sp: 65508 pc: 5204        N: 0 Z: 0 V: 0 C: 0      
5204:   movb (r1)+, r4                src: 0         dst: 108       r0: 5 r1: 3922 r2: 5 r3: 54896 r4: 0 r5: 65514 sp: 65508 pc: 5206          N: 0 Z: 1 V: 0 C: 0      
5206:   beq 5214.                     src: 2562                     r0: 5 r1: 3922 r2: 5 r3: 54896 r4: 0 r5: 65514 sp: 65508 pc: 5214          N: 0 Z: 1 V: 0 C: 0      
5214:   clr r2                        src: 5                        r0: 5 r1: 3922 r2: 0 r3: 54896 r4: 0 r5: 65514 sp: 65508 pc: 5216          N: 0 Z: 1 V: 0 C: 0      
5216:   div $hshsiz, r2               src: 1553      dst: 0         r0: 5 r1: 3922 r2: 35 r3: 541 r4: 0 r5: 65514 sp: 65508 pc: 5220           N: 0 Z: 0 V: 0 C: 0      
5220:   ashc $1., r2                  src: 1         dst: 35        r0: 5 r1: 3922 r2: 70 r3: 1082 r4: 0 r5: 65514 sp: 65508 pc: 5224          N: 0 Z: 0 V: 0 C: 0      
5224:   add $hshtab, r3               src: 5722      dst: 1082      r0: 5 r1: 3922 r2: 70 r3: 6804 r4: 0 r5: 65514 sp: 65508 pc: 5228          N: 0 Z: 0 V: 0 C: 0      
5228:   sub r2, r3                    src: 70        dst: 6804      r0: 5 r1: 3922 r2: 70 r3: 6734 r4: 0 r5: 65514 sp: 65508 pc: 5230          N: 0 Z: 0 V: 0 C: 0      
5230:   cmp r3, $hshtab               src: 6734      dst: 5722      r0: 5 r1: 3922 r2: 70 r3: 6734 r4: 0 r5: 65514 sp: 65508 pc: 5234          N: 0 Z: 0 V: 0 C: 0      
5234:   bhi 5240.                     src: 3043                     r0: 5 r1: 3922 r2: 70 r3: 6734 r4: 0 r5: 65514 sp: 65508 pc: 5240          N: 0 Z: 0 V: 0 C: 0      
5240:   tst -(r3)                     src: 0                        r0: 5 r1: 3922 r2: 70 r3: 6732 r4: 0 r5: 65514 sp: 65508 pc: 5242          N: 0 Z: 1 V: 0 C: 0      
5242:   bne 5228.                     src: 57475                    r0: 5 r1: 3922 r2: 70 r3: 6732 r4: 0 r5: 65514 sp: 65508 pc: 5244          N: 0 Z: 1 V: 0 C: 0      
5244:   mov (sp)+, r1                 src: 3918      dst: 3922      r0: 5 r1: 3918 r2: 70 r3: 6732 r4: 0 r5: 65514 sp: 65510 pc: 5246          N: 0 Z: 0 V: 0 C: 0      
5246:   mov r1, (r3)                  src: 3918      dst: 0         r0: 5 r1: 3918 r2: 70 r3: 6732 r4: 0 r5: 65514 sp: 65510 pc: 5248          N: 0 Z: 0 V: 0 C: 0      
5248:   add $12., r1                  src: 12        dst: 3918      r0: 5 r1: 3930 r2: 70 r3: 6732 r4: 0 r5: 65514 sp: 65510 pc: 5252          N: 0 Z: 0 V: 0 C: 0      
5252:   cmp r1, $ebsymtab             src: 3930      dst: 5118      r0: 5 r1: 3930 r2: 70 r3: 6732 r4: 0 r5: 65514 sp: 65510 pc: 5256          N: 1 Z: 0 V: 0 C: 1      
5256:   bcs 5196.                     src: 2563                     r0: 5 r1: 3930 r2: 70 r3: 6732 r4: 0 r5: 65514 sp: 65510 pc: 5196          N: 1 Z: 0 V: 0 C: 1      
5196:   clr r3                        src: 6732                     r0: 5 r1: 3930 r2: 70 r3: 0 r4: 0 r5: 65514 sp: 65510 pc: 5198             N: 0 Z: 1 V: 0 C: 0      
5198:   mov $8., r2                   src: 8         dst: 70        r0: 5 r1: 3930 r2: 8 r3: 0 r4: 0 r5: 65514 sp: 65510 pc: 5202              N: 0 Z: 0 V: 0 C: 0      
5202:   mov r1, -(sp)                 src: 3930      dst: 3918      r0: 5 r1: 3930 r2: 8 r3: 0 r4: 0 r5: 65514 sp: 65508 pc: 5204              N: 0 Z: 0 V: 0 C: 0      
5204:   movb (r1)+, r4                src: 106       dst: 0         r0: 5 r1: 3931 r2: 8 r3: 0 r4: 106 r5: 65514 sp: 65508 pc: 5206            N: 0 Z: 0 V: 0 C: 0      
5206:   beq 5214.                     src: 2562                     r0: 5 r1: 3931 r2: 8 r3: 0 r4: 106 r5: 65514 sp: 65508 pc: 5208            N: 0 Z: 0 V: 0 C: 0      
5208:   add r4, r3                    src: 106       dst: 0         r0: 5 r1: 3931 r2: 8 r3: 106 r4: 106 r5: 65514 sp: 65508 pc: 5210          N: 0 Z: 0 V: 0 C: 0      
5210:   swab r3                       src: 106                      r0: 5 r1: 3931 r2: 8 r3: 27136 r4: 106 r5: 65514 sp: 65508 pc: 5212        N: 0 Z: 1 V: 0 C: 0      
5212:   sob r2, 5204.                 src: 8         dst: 68        r0: 5 r1: 3931 r2: 7 r3: 27136 r4: 106 r5: 65514 sp: 65508 pc: 5204        N: 0 Z: 1 V: 0 C: 0      
5204:   movb (r1)+, r4                src: 109       dst: 106       r0: 5 r1: 3932 r2: 7 r3: 27136 r4: 109 r5: 65514 sp: 65508 pc: 5206        N: 0 Z: 0 V: 0 C: 0      
5206:   beq 5214.                     src: 2562                     r0: 5 r1: 3932 r2: 7 r3: 27136 r4: 109 r5: 65514 sp: 65508 pc: 5208        N: 0 Z: 0 V: 0 C: 0      
5208:   add r4, r3                    src: 109       dst: 27136     r0: 5 r1: 3932 r2: 7 r3: 27245 r4: 109 r5: 65514 sp: 65508 pc: 5210        N: 0 Z: 0 V: 0 C: 0      
5210:   swab r3                       src: 27245                    r0: 5 r1: 3932 r2: 7 r3: 28010 r4: 109 r5: 65514 sp: 65508 pc: 5212        N: 0 Z: 0 V: 0 C: 0      
5212:   sob r2, 5204.                 src: 7         dst: 68        r0: 5 r1: 3932 r2: 6 r3: 28010 r4: 109 r5: 65514 sp: 65508 pc: 5204        N: 0 Z: 0 V: 0 C: 0      
5204:   movb (r1)+, r4                src: 105       dst: 109       r0: 5 r1: 3933 r2: 6 r3: 28010 r4: 105 r5: 65514 sp: 65508 pc: 5206        N: 0 Z: 0 V: 0 C: 0      
5206:   beq 5214.                     src: 2562                     r0: 5 r1: 3933 r2: 6 r3: 28010 r4: 105 r5: 65514 sp: 65508 pc: 5208        N: 0 Z: 0 V: 0 C: 0      
5208:   add r4, r3                    src: 105       dst: 28010     r0: 5 r1: 3933 r2: 6 r3: 28115 r4: 105 r5: 65514 sp: 65508 pc: 5210        N: 0 Z: 0 V: 0 C: 0      
5210:   swab r3                       src: 28115                    r0: 5 r1: 3933 r2: 6 r3: 54125 r4: 105 r5: 65514 sp: 65508 pc: 5212        N: 0 Z: 0 V: 0 C: 0      
5212:   sob r2, 5204.                 src: 6         dst: 68        r0: 5 r1: 3933 r2: 5 r3: 54125 r4: 105 r5: 65514 sp: 65508 pc: 5204        N: 0 Z: 0 V: 0 C: 0      
5204:   movb (r1)+, r4                src: 0         dst: 105       r0: 5 r1: 3934 r2: 5 r3: 54125 r4: 0 r5: 65514 sp: 65508 pc: 5206          N: 0 Z: 1 V: 0 C: 0      
5206:   beq 5214.                     src: 2562                     r0: 5 r1: 3934 r2: 5 r3: 54125 r4: 0 r5: 65514 sp: 65508 pc: 5214          N: 0 Z: 1 V: 0 C: 0      
5214:   clr r2                        src: 5                        r0: 5 r1: 3934 r2: 0 r3: 54125 r4: 0 r5: 65514 sp: 65508 pc: 5216          N: 0 Z: 1 V: 0 C: 0      
5216:   div $hshsiz, r2               src: 1553      dst: 0         r0: 5 r1: 3934 r2: 34 r3: 1323 r4: 0 r5: 65514 sp: 65508 pc: 5220          N: 0 Z: 0 V: 0 C: 0      
5220:   ashc $1., r2                  src: 1         dst: 34        r0: 5 r1: 3934 r2: 68 r3: 2646 r4: 0 r5: 65514 sp: 65508 pc: 5224          N: 0 Z: 0 V: 0 C: 0      
5224:   add $hshtab, r3               src: 5722      dst: 2646      r0: 5 r1: 3934 r2: 68 r3: 8368 r4: 0 r5: 65514 sp: 65508 pc: 5228          N: 0 Z: 0 V: 0 C: 0      
5228:   sub r2, r3                    src: 68        dst: 8368      r0: 5 r1: 3934 r2: 68 r3: 8300 r4: 0 r5: 65514 sp: 65508 pc: 5230          N: 0 Z: 0 V: 0 C: 0      
5230:   cmp r3, $hshtab               src: 8300      dst: 5722      r0: 5 r1: 3934 r2: 68 r3: 8300 r4: 0 r5: 65514 sp: 65508 pc: 5234          N: 0 Z: 0 V: 0 C: 0      
5234:   bhi 5240.                     src: 3043                     r0: 5 r1: 3934 r2: 68 r3: 8300 r4: 0 r5: 65514 sp: 65508 pc: 5240          N: 0 Z: 0 V: 0 C: 0      
5240:   tst -(r3)                     src: 3486                     r0: 5 r1: 3934 r2: 68 r3: 8298 r4: 0 r5: 65514 sp: 65508 pc: 5242          N: 0 Z: 0 V: 0 C: 0      
5242:   bne 5228.                     src: 57475                    r0: 5 r1: 3934 r2: 68 r3: 8298 r4: 0 r5: 65514 sp: 65508 pc: 5228          N: 0 Z: 0 V: 0 C: 0      
5228:   sub r2, r3                    src: 68        dst: 8298      r0: 5 r1: 3934 r2: 68 r3: 8230 r4: 0 r5: 65514 sp: 65508 pc: 5230          N: 0 Z: 0 V: 0 C: 0      
5230:   cmp r3, $hshtab               src: 8230      dst: 5722      r0: 5 r1: 3934 r2: 68 r3: 8230 r4: 0 r5: 65514 sp: 65508 pc: 5234          N: 0 Z: 0 V: 0 C: 0      
5234:   bhi 5240.                     src: 3043                     r0: 5 r1: 3934 r2: 68 r3: 8230 r4: 0 r5: 65514 sp: 65508 pc: 5240          N: 0 Z: 0 V: 0 C: 0      
5240:   tst -(r3)                     src: 2                        r0: 5 r1: 3934 r2: 68 r3: 8228 r4: 0 r5: 65514 sp: 65508 pc: 5242          N: 0 Z: 0 V: 0 C: 0      
5242:   bne 5228.                     src: 57475                    r0: 5 r1: 3934 r2: 68 r3: 8228 r4: 0 r5: 65514 sp: 65508 pc: 5228          N: 0 Z: 0 V: 0 C: 0      
5228:   sub r2, r3                    src: 68        dst: 8228      r0: 5 r1: 3934 r2: 68 r3: 8160 r4: 0 r5: 65514 sp: 65508 pc: 5230          N: 0 Z: 0 V: 0 C: 0      
5230:   cmp r3, $hshtab               src: 8160      dst: 5722      r0: 5 r1: 3934 r2: 68 r3: 8160 r4: 0 r5: 65514 sp: 65508 pc: 5234          N: 0 Z: 0 V: 0 C: 0      
5234:   bhi 5240.                     src: 3043                     r0: 5 r1: 3934 r2: 68 r3: 8160 r4: 0 r5: 65514 sp: 65508 pc: 5240          N: 0 Z: 0 V: 0 C: 0      
5240:   tst -(r3)                     src: 0                        r0: 5 r1: 3934 r2: 68 r3: 8158 r4: 0 r5: 65514 sp: 65508 pc: 5242          N: 0 Z: 1 V: 0 C: 0      
5242:   bne 5228.                     src: 57475                    r0: 5 r1: 3934 r2: 68 r3: 8158 r4: 0 r5: 65514 sp: 65508 pc: 5244          N: 0 Z: 1 V: 0 C: 0      
5244:   mov (sp)+, r1                 src: 3930      dst: 3934      r0: 5 r1: 3930 r2: 68 r3: 8158 r4: 0 r5: 65514 sp: 65510 pc: 5246          N: 0 Z: 0 V: 0 C: 0      
5246:   mov r1, (r3)                  src: 3930      dst: 0         r0: 5 r1: 3930 r2: 68 r3: 8158 r4: 0 r5: 65514 sp: 65510 pc: 5248          N: 0 Z: 0 V: 0 C: 0      
5248:   add $12., r1                  src: 12        dst: 3930      r0: 5 r1: 3942 r2: 68 r3: 8158 r4: 0 r5: 65514 sp: 65510 pc: 5252          N: 0 Z: 0 V: 0 C: 0      
5252:   cmp r1, $ebsymtab             src: 3942      dst: 5118      r0: 5 r1: 3942 r2: 68 r3: 8158 r4: 0 r5: 65514 sp: 65510 pc: 5256          N: 1 Z: 0 V: 0 C: 1      
5256:   bcs 5196.                     src: 2563                     r0: 5 r1: 3942 r2: 68 r3: 8158 r4: 0 r5: 65514 sp: 65510 pc: 5196          N: 1 Z: 0 V: 0 C: 1      
5196:   clr r3                        src: 8158                     r0: 5 r1: 3942 r2: 68 r3: 0 r4: 0 r5: 65514 sp: 65510 pc: 5198             N: 0 Z: 1 V: 0 C: 0      
5198:   mov $8., r2                   src: 8         dst: 68        r0: 5 r1: 3942 r2: 8 r3: 0 r4: 0 r5: 65514 sp: 65510 pc: 5202              N: 0 Z: 0 V: 0 C: 0      
5202:   mov r1, -(sp)                 src: 3942      dst: 3930      r0: 5 r1: 3942 r2: 8 r3: 0 r4: 0 r5: 65514 sp: 65508 pc: 5204              N: 0 Z: 0 V: 0 C: 0      
5204:   movb (r1)+, r4                src: 106       dst: 0         r0: 5 r1: 3943 r2: 8 r3: 0 r4: 106 r5: 65514 sp: 65508 pc: 5206            N: 0 Z: 0 V: 0 C: 0      
5206:   beq 5214.                     src: 2562                     r0: 5 r1: 3943 r2: 8 r3: 0 r4: 106 r5: 65514 sp: 65508 pc: 5208            N: 0 Z: 0 V: 0 C: 0      
5208:   add r4, r3                    src: 106       dst: 0         r0: 5 r1: 3943 r2: 8 r3: 106 r4: 106 r5: 65514 sp: 65508 pc: 5210          N: 0 Z: 0 V: 0 C: 0      
5210:   swab r3                       src: 106                      r0: 5 r1: 3943 r2: 8 r3: 27136 r4: 106 r5: 65514 sp: 65508 pc: 5212        N: 0 Z: 1 V: 0 C: 0      
5212:   sob r2, 5204.                 src: 8         dst: 68        r0: 5 r1: 3943 r2: 7 r3: 27136 r4: 106 r5: 65514 sp: 65508 pc: 5204        N: 0 Z: 1 V: 0 C: 0      
5204:   movb (r1)+, r4                src: 104       dst: 106       r0: 5 r1: 3944 r2: 7 r3: 27136 r4: 104 r5: 65514 sp: 65508 pc: 5206        N: 0 Z: 0 V: 0 C: 0      
5206:   beq 5214.                     src: 2562                     r0: 5 r1: 3944 r2: 7 r3: 27136 r4: 104 r5: 65514 sp: 65508 pc: 5208        N: 0 Z: 0 V: 0 C: 0      
5208:   add r4, r3                    src: 104       dst: 27136     r0: 5 r1: 3944 r2: 7 r3: 27240 r4: 104 r5: 65514 sp: 65508 pc: 5210        N: 0 Z: 0 V: 0 C: 0      
5210:   swab r3                       src: 27240                    r0: 5 r1: 3944 r2: 7 r3: 26730 r4: 104 r5: 65514 sp: 65508 pc: 5212        N: 0 Z: 0 V: 0 C: 0      
5212:   sob r2, 5204.                 src: 7         dst: 68        r0: 5 r1: 3944 r2: 6 r3: 26730 r4: 104 r5: 65514 sp: 65508 pc: 5204        N: 0 Z: 0 V: 0 C: 0      
5204:   movb (r1)+, r4                src: 105       dst: 104       r0: 5 r1: 3945 r2: 6 r3: 26730 r4: 105 r5: 65514 sp: 65508 pc: 5206        N: 0 Z: 0 V: 0 C: 0      
5206:   beq 5214.                     src: 2562                     r0: 5 r1: 3945 r2: 6 r3: 26730 r4: 105 r5: 65514 sp: 65508 pc: 5208        N: 0 Z: 0 V: 0 C: 0      
5208:   add r4, r3                    src: 105       dst: 26730     r0: 5 r1: 3945 r2: 6 r3: 26835 r4: 105 r5: 65514 sp: 65508 pc: 5210        N: 0 Z: 0 V: 0 C: 0      
5210:   swab r3                       src: 26835                    r0: 5 r1: 3945 r2: 6 r3: 54120 r4: 105 r5: 65514 sp: 65508 pc: 5212        N: 0 Z: 0 V: 0 C: 0      
5212:   sob r2, 5204.                 src: 6         dst: 68        r0: 5 r1: 3945 r2: 5 r3: 54120 r4: 105 r5: 65514 sp: 65508 pc: 5204        N: 0 Z: 0 V: 0 C: 0      
5204:   movb (r1)+, r4                src: 0         dst: 105       r0: 5 r1: 3946 r2: 5 r3: 54120 r4: 0 r5: 65514 sp: 65508 pc: 5206          N: 0 Z: 1 V: 0 C: 0      
5206:   beq 5214.                     src: 2562                     r0: 5 r1: 3946 r2: 5 r3: 54120 r4: 0 r5: 65514 sp: 65508 pc: 5214          N: 0 Z: 1 V: 0 C: 0      
5214:   clr r2                        src: 5                        r0: 5 r1: 3946 r2: 0 r3: 54120 r4: 0 r5: 65514 sp: 65508 pc: 5216          N: 0 Z: 1 V: 0 C: 0      
5216:   div $hshsiz, r2               src: 1553      dst: 0         r0: 5 r1: 3946 r2: 34 r3: 1318 r4: 0 r5: 65514 sp: 65508 pc: 5220          N: 0 Z: 0 V: 0 C: 0      
5220:   ashc $1., r2                  src: 1         dst: 34        r0: 5 r1: 3946 r2: 68 r3: 2636 r4: 0 r5: 65514 sp: 65508 pc: 5224          N: 0 Z: 0 V: 0 C: 0      
5224:   add $hshtab, r3               src: 5722      dst: 2636      r0: 5 r1: 3946 r2: 68 r3: 8358 r4: 0 r5: 65514 sp: 65508 pc: 5228          N: 0 Z: 0 V: 0 C: 0      
5228:   sub r2, r3                    src: 68        dst: 8358      r0: 5 r1: 3946 r2: 68 r3: 8290 r4: 0 r5: 65514 sp: 65508 pc: 5230          N: 0 Z: 0 V: 0 C: 0      
5230:   cmp r3, $hshtab               src: 8290      dst: 5722      r0: 5 r1: 3946 r2: 68 r3: 8290 r4: 0 r5: 65514 sp: 65508 pc: 5234          N: 0 Z: 0 V: 0 C: 0      
5234:   bhi 5240.                     src: 3043                     r0: 5 r1: 3946 r2: 68 r3: 8290 r4: 0 r5: 65514 sp: 65508 pc: 5240          N: 0 Z: 0 V: 0 C: 0      
5240:   tst -(r3)                     src: 0                        r0: 5 r1: 3946 r2: 68 r3: 8288 r4: 0 r5: 65514 sp: 65508 pc: 5242          N: 0 Z: 1 V: 0 C: 0      
5242:   bne 5228.                     src: 57475                    r0: 5 r1: 3946 r2: 68 r3: 8288 r4: 0 r5: 65514 sp: 65508 pc: 5244          N: 0 Z: 1 V: 0 C: 0      
5244:   mov (sp)+, r1                 src: 3942      dst: 3946      r0: 5 r1: 3942 r2: 68 r3: 8288 r4: 0 r5: 65514 sp: 65510 pc: 5246          N: 0 Z: 0 V: 0 C: 0      
5246:   mov r1, (r3)                  src: 3942      dst: 0         r0: 5 r1: 3942 r2: 68 r3: 8288 r4: 0 r5: 65514 sp: 65510 pc: 5248          N: 0 Z: 0 V: 0 C: 0      
5248:   add $12., r1                  src: 12        dst: 3942      r0: 5 r1: 3954 r2: 68 r3: 8288 r4: 0 r5: 65514 sp: 65510 pc: 5252          N: 0 Z: 0 V: 0 C: 0      
5252:   cmp r1, $ebsymtab             src: 3954      dst: 5118      r0: 5 r1: 3954 r2: 68 r3: 8288 r4: 0 r5: 65514 sp: 65510 pc: 5256          N: 1 Z: 0 V: 0 C: 1      
5256:   bcs 5196.                     src: 2563                     r0: 5 r1: 3954 r2: 68 r3: 8288 r4: 0 r5: 65514 sp: 65510 pc: 5196          N: 1 Z: 0 V: 0 C: 1      
5196:   clr r3                        src: 8288                     r0: 5 r1: 3954 r2: 68 r3: 0 r4: 0 r5: 65514 sp: 65510 pc: 5198             N: 0 Z: 1 V: 0 C: 0      
5198:   mov $8., r2                   src: 8         dst: 68        r0: 5 r1: 3954 r2: 8 r3: 0 r4: 0 r5: 65514 sp: 65510 pc: 5202              N: 0 Z: 0 V: 0 C: 0      
5202:   mov r1, -(sp)                 src: 3954      dst: 3942      r0: 5 r1: 3954 r2: 8 r3: 0 r4: 0 r5: 65514 sp: 65508 pc: 5204              N: 0 Z: 0 V: 0 C: 0      
5204:   movb (r1)+, r4                src: 106       dst: 0         r0: 5 r1: 3955 r2: 8 r3: 0 r4: 106 r5: 65514 sp: 65508 pc: 5206            N: 0 Z: 0 V: 0 C: 0      
5206:   beq 5214.                     src: 2562                     r0: 5 r1: 3955 r2: 8 r3: 0 r4: 106 r5: 65514 sp: 65508 pc: 5208            N: 0 Z: 0 V: 0 C: 0      
5208:   add r4, r3                    src: 106       dst: 0         r0: 5 r1: 3955 r2: 8 r3: 106 r4: 106 r5: 65514 sp: 65508 pc: 5210          N: 0 Z: 0 V: 0 C: 0      
5210:   swab r3                       src: 106                      r0: 5 r1: 3955 r2: 8 r3: 27136 r4: 106 r5: 65514 sp: 65508 pc: 5212        N: 0 Z: 1 V: 0 C: 0      
5212:   sob r2, 5204.                 src: 8         dst: 68        r0: 5 r1: 3955 r2: 7 r3: 27136 r4: 106 r5: 65514 sp: 65508 pc: 5204        N: 0 Z: 1 V: 0 C: 0      
5204:   movb (r1)+, r4                src: 108       dst: 106       r0: 5 r1: 3956 r2: 7 r3: 27136 r4: 108 r5: 65514 sp: 65508 pc: 5206        N: 0 Z: 0 V: 0 C: 0      
5206:   beq 5214.                     src: 2562                     r0: 5 r1: 3956 r2: 7 r3: 27136 r4: 108 r5: 65514 sp: 65508 pc: 5208        N: 0 Z: 0 V: 0 C: 0      
5208:   add r4, r3                    src: 108       dst: 27136     r0: 5 r1: 3956 r2: 7 r3: 27244 r4: 108 r5: 65514 sp: 65508 pc: 5210        N: 0 Z: 0 V: 0 C: 0      
5210:   swab r3                       src: 27244                    r0: 5 r1: 3956 r2: 7 r3: 27754 r4: 108 r5: 65514 sp: 65508 pc: 5212        N: 0 Z: 0 V: 0 C: 0      
5212:   sob r2, 5204.                 src: 7         dst: 68        r0: 5 r1: 3956 r2: 6 r3: 27754 r4: 108 r5: 65514 sp: 65508 pc: 5204        N: 0 Z: 0 V: 0 C: 0      
5204:   movb (r1)+, r4                src: 111       dst: 108       r0: 5 r1: 3957 r2: 6 r3: 27754 r4: 111 r5: 65514 sp: 65508 pc: 5206        N: 0 Z: 0 V: 0 C: 0      
5206:   beq 5214.                     src: 2562                     r0: 5 r1: 3957 r2: 6 r3: 27754 r4: 111 r5: 65514 sp: 65508 pc: 5208        N: 0 Z: 0 V: 0 C: 0      
5208:   add r4, r3                    src: 111       dst: 27754     r0: 5 r1: 3957 r2: 6 r3: 27865 r4: 111 r5: 65514 sp: 65508 pc: 5210        N: 0 Z: 0 V: 0 C: 0      
5210:   swab r3                       src: 27865                    r0: 5 r1: 3957 r2: 6 r3: 55660 r4: 111 r5: 65514 sp: 65508 pc: 5212        N: 0 Z: 0 V: 0 C: 0      
5212:   sob r2, 5204.                 src: 6         dst: 68        r0: 5 r1: 3957 r2: 5 r3: 55660 r4: 111 r5: 65514 sp: 65508 pc: 5204        N: 0 Z: 0 V: 0 C: 0      
5204:   movb (r1)+, r4                src: 115       dst: 111       r0: 5 r1: 3958 r2: 5 r3: 55660 r4: 115 r5: 65514 sp: 65508 pc: 5206        N: 0 Z: 0 V: 0 C: 0      
5206:   beq 5214.                     src: 2562                     r0: 5 r1: 3958 r2: 5 r3: 55660 r4: 115 r5: 65514 sp: 65508 pc: 5208        N: 0 Z: 0 V: 0 C: 0      
5208:   add r4, r3                    src: 115       dst: 55660     r0: 5 r1: 3958 r2: 5 r3: 55775 r4: 115 r5: 65514 sp: 65508 pc: 5210        N: 0 Z: 0 V: 0 C: 0      
5210:   swab r3                       src: 55775                    r0: 5 r1: 3958 r2: 5 r3: 57305 r4: 115 r5: 65514 sp: 65508 pc: 5212        N: 1 Z: 0 V: 0 C: 0      
5212:   sob r2, 5204.                 src: 5         dst: 68        r0: 5 r1: 3958 r2: 4 r3: 57305 r4: 115 r5: 65514 sp: 65508 pc: 5204        N: 1 Z: 0 V: 0 C: 0      
5204:   movb (r1)+, r4                src: 0         dst: 115       r0: 5 r1: 3959 r2: 4 r3: 57305 r4: 0 r5: 65514 sp: 65508 pc: 5206          N: 0 Z: 1 V: 0 C: 0      
5206:   beq 5214.                     src: 2562                     r0: 5 r1: 3959 r2: 4 r3: 57305 r4: 0 r5: 65514 sp: 65508 pc: 5214          N: 0 Z: 1 V: 0 C: 0      
5214:   clr r2                        src: 4                        r0: 5 r1: 3959 r2: 0 r3: 57305 r4: 0 r5: 65514 sp: 65508 pc: 5216          N: 0 Z: 1 V: 0 C: 0      
5216:   div $hshsiz, r2               src: 1553      dst: 0         r0: 5 r1: 3959 r2: 36 r3: 1397 r4: 0 r5: 65514 sp: 65508 pc: 5220          N: 0 Z: 0 V: 0 C: 0      
5220:   ashc $1., r2                  src: 1         dst: 36        r0: 5 r1: 3959 r2: 72 r3: 2794 r4: 0 r5: 65514 sp: 65508 pc: 5224          N: 0 Z: 0 V: 0 C: 0      
5224:   add $hshtab, r3               src: 5722      dst: 2794      r0: 5 r1: 3959 r2: 72 r3: 8516 r4: 0 r5: 65514 sp: 65508 pc: 5228          N: 0 Z: 0 V: 0 C: 0      
5228:   sub r2, r3                    src: 72        dst: 8516      r0: 5 r1: 3959 r2: 72 r3: 8444 r4: 0 r5: 65514 sp: 65508 pc: 5230          N: 0 Z: 0 V: 0 C: 0      
5230:   cmp r3, $hshtab               src: 8444      dst: 5722      r0: 5 r1: 3959 r2: 72 r3: 8444 r4: 0 r5: 65514 sp: 65508 pc: 5234          N: 0 Z: 0 V: 0 C: 0      
5234:   bhi 5240.                     src: 3043                     r0: 5 r1: 3959 r2: 72 r3: 8444 r4: 0 r5: 65514 sp: 65508 pc: 5240          N: 0 Z: 0 V: 0 C: 0      
5240:   tst -(r3)                     src: 0                        r0: 5 r1: 3959 r2: 72 r3: 8442 r4: 0 r5: 65514 sp: 65508 pc: 5242          N: 0 Z: 1 V: 0 C: 0      
5242:   bne 5228.                     src: 57475                    r0: 5 r1: 3959 r2: 72 r3: 8442 r4: 0 r5: 65514 sp: 65508 pc: 5244          N: 0 Z: 1 V: 0 C: 0      
5244:   mov (sp)+, r1                 src: 3954      dst: 3959      r0: 5 r1: 3954 r2: 72 r3: 8442 r4: 0 r5: 65514 sp: 65510 pc: 5246          N: 0 Z: 0 V: 0 C: 0      
5246:   mov r1, (r3)                  src: 3954      dst: 0         r0: 5 r1: 3954 r2: 72 r3: 8442 r4: 0 r5: 65514 sp: 65510 pc: 5248          N: 0 Z: 0 V: 0 C: 0      
5248:   add $12., r1                  src: 12        dst: 3954      r0: 5 r1: 3966 r2: 72 r3: 8442 r4: 0 r5: 65514 sp: 65510 pc: 5252          N: 0 Z: 0 V: 0 C: 0      
5252:   cmp r1, $ebsymtab             src: 3966      dst: 5118      r0: 5 r1: 3966 r2: 72 r3: 8442 r4: 0 r5: 65514 sp: 65510 pc: 5256          N: 1 Z: 0 V: 0 C: 1      
5256:   bcs 5196.                     src: 2563                     r0: 5 r1: 3966 r2: 72 r3: 8442 r4: 0 r5: 65514 sp: 65510 pc: 5196          N: 1 Z: 0 V: 0 C: 1      
5196:   clr r3                        src: 8442                     r0: 5 r1: 3966 r2: 72 r3: 0 r4: 0 r5: 65514 sp: 65510 pc: 5198             N: 0 Z: 1 V: 0 C: 0      
5198:   mov $8., r2                   src: 8         dst: 72        r0: 5 r1: 3966 r2: 8 r3: 0 r4: 0 r5: 65514 sp: 65510 pc: 5202              N: 0 Z: 0 V: 0 C: 0      
5202:   mov r1, -(sp)                 src: 3966      dst: 3954      r0: 5 r1: 3966 r2: 8 r3: 0 r4: 0 r5: 65514 sp: 65508 pc: 5204              N: 0 Z: 0 V: 0 C: 0      
5204:   movb (r1)+, r4                src: 106       dst: 0         r0: 5 r1: 3967 r2: 8 r3: 0 r4: 106 r5: 65514 sp: 65508 pc: 5206            N: 0 Z: 0 V: 0 C: 0      
5206:   beq 5214.                     src: 2562                     r0: 5 r1: 3967 r2: 8 r3: 0 r4: 106 r5: 65514 sp: 65508 pc: 5208            N: 0 Z: 0 V: 0 C: 0      
5208:   add r4, r3                    src: 106       dst: 0         r0: 5 r1: 3967 r2: 8 r3: 106 r4: 106 r5: 65514 sp: 65508 pc: 5210          N: 0 Z: 0 V: 0 C: 0      
5210:   swab r3                       src: 106                      r0: 5 r1: 3967 r2: 8 r3: 27136 r4: 106 r5: 65514 sp: 65508 pc: 5212        N: 0 Z: 1 V: 0 C: 0      
5212:   sob r2, 5204.                 src: 8         dst: 68        r0: 5 r1: 3967 r2: 7 r3: 27136 r4: 106 r5: 65514 sp: 65508 pc: 5204        N: 0 Z: 1 V: 0 C: 0      
5204:   movb (r1)+, r4                src: 118       dst: 106       r0: 5 r1: 3968 r2: 7 r3: 27136 r4: 118 r5: 65514 sp: 65508 pc: 5206        N: 0 Z: 0 V: 0 C: 0      
5206:   beq 5214.                     src: 2562                     r0: 5 r1: 3968 r2: 7 r3: 27136 r4: 118 r5: 65514 sp: 65508 pc: 5208        N: 0 Z: 0 V: 0 C: 0      
5208:   add r4, r3                    src: 118       dst: 27136     r0: 5 r1: 3968 r2: 7 r3: 27254 r4: 118 r5: 65514 sp: 65508 pc: 5210        N: 0 Z: 0 V: 0 C: 0      
5210:   swab r3                       src: 27254                    r0: 5 r1: 3968 r2: 7 r3: 30314 r4: 118 r5: 65514 sp: 65508 pc: 5212        N: 0 Z: 0 V: 0 C: 0      
5212:   sob r2, 5204.                 src: 7         dst: 68        r0: 5 r1: 3968 r2: 6 r3: 30314 r4: 118 r5: 65514 sp: 65508 pc: 5204        N: 0 Z: 0 V: 0 C: 0      
5204:   movb (r1)+, r4                src: 99        dst: 118       r0: 5 r1: 3969 r2: 6 r3: 30314 r4: 99 r5: 65514 sp: 65508 pc: 5206         N: 0 Z: 0 V: 0 C: 0      
5206:   beq 5214.                     src: 2562                     r0: 5 r1: 3969 r2: 6 r3: 30314 r4: 99 r5: 65514 sp: 65508 pc: 5208         N: 0 Z: 0 V: 0 C: 0      
5208:   add r4, r3                    src: 99        dst: 30314     r0: 5 r1: 3969 r2: 6 r3: 30413 r4: 99 r5: 65514 sp: 65508 pc: 5210         N: 0 Z: 0 V: 0 C: 0      
5210:   swab r3                       src: 30413                    r0: 5 r1: 3969 r2: 6 r3: 52598 r4: 99 r5: 65514 sp: 65508 pc: 5212         N: 0 Z: 0 V: 0 C: 0      
5212:   sob r2, 5204.                 src: 6         dst: 68        r0: 5 r1: 3969 r2: 5 r3: 52598 r4: 99 r5: 65514 sp: 65508 pc: 5204         N: 0 Z: 0 V: 0 C: 0      
5204:   movb (r1)+, r4                src: 0         dst: 99        r0: 5 r1: 3970 r2: 5 r3: 52598 r4: 0 r5: 65514 sp: 65508 pc: 5206          N: 0 Z: 1 V: 0 C: 0      
5206:   beq 5214.                     src: 2562                     r0: 5 r1: 3970 r2: 5 r3: 52598 r4: 0 r5: 65514 sp: 65508 pc: 5214          N: 0 Z: 1 V: 0 C: 0      
5214:   clr r2                        src: 5                        r0: 5 r1: 3970 r2: 0 r3: 52598 r4: 0 r5: 65514 sp: 65508 pc: 5216          N: 0 Z: 1 V: 0 C: 0      
5216:   div $hshsiz, r2               src: 1553      dst: 0         r0: 5 r1: 3970 r2: 33 r3: 1349 r4: 0 r5: 65514 sp: 65508 pc: 5220          N: 0 Z: 0 V: 0 C: 0      
5220:   ashc $1., r2                  src: 1         dst: 33        r0: 5 r1: 3970 r2: 66 r3: 2698 r4: 0 r5: 65514 sp: 65508 pc: 5224          N: 0 Z: 0 V: 0 C: 0      
5224:   add $hshtab, r3               src: 5722      dst: 2698      r0: 5 r1: 3970 r2: 66 r3: 8420 r4: 0 r5: 65514 sp: 65508 pc: 5228          N: 0 Z: 0 V: 0 C: 0      
5228:   sub r2, r3                    src: 66        dst: 8420      r0: 5 r1: 3970 r2: 66 r3: 8354 r4: 0 r5: 65514 sp: 65508 pc: 5230          N: 0 Z: 0 V: 0 C: 0      
5230:   cmp r3, $hshtab               src: 8354      dst: 5722      r0: 5 r1: 3970 r2: 66 r3: 8354 r4: 0 r5: 65514 sp: 65508 pc: 5234          N: 0 Z: 0 V: 0 C: 0      
5234:   bhi 5240.                     src: 3043                     r0: 5 r1: 3970 r2: 66 r3: 8354 r4: 0 r5: 65514 sp: 65508 pc: 5240          N: 0 Z: 0 V: 0 C: 0      
5240:   tst -(r3)                     src: 0                        r0: 5 r1: 3970 r2: 66 r3: 8352 r4: 0 r5: 65514 sp: 65508 pc: 5242          N: 0 Z: 1 V: 0 C: 0      
5242:   bne 5228.                     src: 57475                    r0: 5 r1: 3970 r2: 66 r3: 8352 r4: 0 r5: 65514 sp: 65508 pc: 5244          N: 0 Z: 1 V: 0 C: 0      
5244:   mov (sp)+, r1                 src: 3966      dst: 3970      r0: 5 r1: 3966 r2: 66 r3: 8352 r4: 0 r5: 65514 sp: 65510 pc: 5246          N: 0 Z: 0 V: 0 C: 0      
5246:   mov r1, (r3)                  src: 3966      dst: 0         r0: 5 r1: 3966 r2: 66 r3: 8352 r4: 0 r5: 65514 sp: 65510 pc: 5248          N: 0 Z: 0 V: 0 C: 0      
5248:   add $12., r1                  src: 12        dst: 3966      r0: 5 r1: 3978 r2: 66 r3: 8352 r4: 0 r5: 65514 sp: 65510 pc: 5252          N: 0 Z: 0 V: 0 C: 0      
5252:   cmp r1, $ebsymtab             src: 3978      dst: 5118      r0: 5 r1: 3978 r2: 66 r3: 8352 r4: 0 r5: 65514 sp: 65510 pc: 5256          N: 1 Z: 0 V: 0 C: 1      
5256:   bcs 5196.                     src: 2563                     r0: 5 r1: 3978 r2: 66 r3: 8352 r4: 0 r5: 65514 sp: 65510 pc: 5196          N: 1 Z: 0 V: 0 C: 1      
5196:   clr r3                        src: 8352                     r0: 5 r1: 3978 r2: 66 r3: 0 r4: 0 r5: 65514 sp: 65510 pc: 5198             N: 0 Z: 1 V: 0 C: 0      
5198:   mov $8., r2                   src: 8         dst: 66        r0: 5 r1: 3978 r2: 8 r3: 0 r4: 0 r5: 65514 sp: 65510 pc: 5202              N: 0 Z: 0 V: 0 C: 0      
5202:   mov r1, -(sp)                 src: 3978      dst: 3966      r0: 5 r1: 3978 r2: 8 r3: 0 r4: 0 r5: 65514 sp: 65508 pc: 5204              N: 0 Z: 0 V: 0 C: 0      
5204:   movb (r1)+, r4                src: 106       dst: 0         r0: 5 r1: 3979 r2: 8 r3: 0 r4: 106 r5: 65514 sp: 65508 pc: 5206            N: 0 Z: 0 V: 0 C: 0      
5206:   beq 5214.                     src: 2562                     r0: 5 r1: 3979 r2: 8 r3: 0 r4: 106 r5: 65514 sp: 65508 pc: 5208            N: 0 Z: 0 V: 0 C: 0      
5208:   add r4, r3                    src: 106       dst: 0         r0: 5 r1: 3979 r2: 8 r3: 106 r4: 106 r5: 65514 sp: 65508 pc: 5210          N: 0 Z: 0 V: 0 C: 0      
5210:   swab r3                       src: 106                      r0: 5 r1: 3979 r2: 8 r3: 27136 r4: 106 r5: 65514 sp: 65508 pc: 5212        N: 0 Z: 1 V: 0 C: 0      
5212:   sob r2, 5204.                 src: 8         dst: 68        r0: 5 r1: 3979 r2: 7 r3: 27136 r4: 106 r5: 65514 sp: 65508 pc: 5204        N: 0 Z: 1 V: 0 C: 0      
5204:   movb (r1)+, r4                src: 118       dst: 106       r0: 5 r1: 3980 r2: 7 r3: 27136 r4: 118 r5: 65514 sp: 65508 pc: 5206        N: 0 Z: 0 V: 0 C: 0      
5206:   beq 5214.                     src: 2562                     r0: 5 r1: 3980 r2: 7 r3: 27136 r4: 118 r5: 65514 sp: 65508 pc: 5208        N: 0 Z: 0 V: 0 C: 0      
5208:   add r4, r3                    src: 118       dst: 27136     r0: 5 r1: 3980 r2: 7 r3: 27254 r4: 118 r5: 65514 sp: 65508 pc: 5210        N: 0 Z: 0 V: 0 C: 0      
5210:   swab r3                       src: 27254                    r0: 5 r1: 3980 r2: 7 r3: 30314 r4: 118 r5: 65514 sp: 65508 pc: 5212        N: 0 Z: 0 V: 0 C: 0      
5212:   sob r2, 5204.                 src: 7         dst: 68        r0: 5 r1: 3980 r2: 6 r3: 30314 r4: 118 r5: 65514 sp: 65508 pc: 5204        N: 0 Z: 0 V: 0 C: 0      
5204:   movb (r1)+, r4                src: 115       dst: 118       r0: 5 r1: 3981 r2: 6 r3: 30314 r4: 115 r5: 65514 sp: 65508 pc: 5206        N: 0 Z: 0 V: 0 C: 0      
5206:   beq 5214.                     src: 2562                     r0: 5 r1: 3981 r2: 6 r3: 30314 r4: 115 r5: 65514 sp: 65508 pc: 5208        N: 0 Z: 0 V: 0 C: 0      
5208:   add r4, r3                    src: 115       dst: 30314     r0: 5 r1: 3981 r2: 6 r3: 30429 r4: 115 r5: 65514 sp: 65508 pc: 5210        N: 0 Z: 0 V: 0 C: 0      
5210:   swab r3                       src: 30429                    r0: 5 r1: 3981 r2: 6 r3: 56694 r4: 115 r5: 65514 sp: 65508 pc: 5212        N: 0 Z: 0 V: 0 C: 0      
5212:   sob r2, 5204.                 src: 6         dst: 68        r0: 5 r1: 3981 r2: 5 r3: 56694 r4: 115 r5: 65514 sp: 65508 pc: 5204        N: 0 Z: 0 V: 0 C: 0      
5204:   movb (r1)+, r4                src: 0         dst: 115       r0: 5 r1: 3982 r2: 5 r3: 56694 r4: 0 r5: 65514 sp: 65508 pc: 5206          N: 0 Z: 1 V: 0 C: 0      
5206:   beq 5214.                     src: 2562                     r0: 5 r1: 3982 r2: 5 r3: 56694 r4: 0 r5: 65514 sp: 65508 pc: 5214          N: 0 Z: 1 V: 0 C: 0      
5214:   clr r2                        src: 5                        r0: 5 r1: 3982 r2: 0 r3: 56694 r4: 0 r5: 65514 sp: 65508 pc: 5216          N: 0 Z: 1 V: 0 C: 0      
5216:   div $hshsiz, r2               src: 1553      dst: 0         r0: 5 r1: 3982 r2: 36 r3: 786 r4: 0 r5: 65514 sp: 65508 pc: 5220           N: 0 Z: 0 V: 0 C: 0      
5220:   ashc $1., r2                  src: 1         dst: 36        r0: 5 r1: 3982 r2: 72 r3: 1572 r4: 0 r5: 65514 sp: 65508 pc: 5224          N: 0 Z: 0 V: 0 C: 0      
5224:   add $hshtab, r3               src: 5722      dst: 1572      r0: 5 r1: 3982 r2: 72 r3: 7294 r4: 0 r5: 65514 sp: 65508 pc: 5228          N: 0 Z: 0 V: 0 C: 0      
5228:   sub r2, r3                    src: 72        dst: 7294      r0: 5 r1: 3982 r2: 72 r3: 7222 r4: 0 r5: 65514 sp: 65508 pc: 5230          N: 0 Z: 0 V: 0 C: 0      
5230:   cmp r3, $hshtab               src: 7222      dst: 5722      r0: 5 r1: 3982 r2: 72 r3: 7222 r4: 0 r5: 65514 sp: 65508 pc: 5234          N: 0 Z: 0 V: 0 C: 0      
5234:   bhi 5240.                     src: 3043                     r0: 5 r1: 3982 r2: 72 r3: 7222 r4: 0 r5: 65514 sp: 65508 pc: 5240          N: 0 Z: 0 V: 0 C: 0      
5240:   tst -(r3)                     src: 0                        r0: 5 r1: 3982 r2: 72 r3: 7220 r4: 0 r5: 65514 sp: 65508 pc: 5242          N: 0 Z: 1 V: 0 C: 0      
5242:   bne 5228.                     src: 57475                    r0: 5 r1: 3982 r2: 72 r3: 7220 r4: 0 r5: 65514 sp: 65508 pc: 5244          N: 0 Z: 1 V: 0 C: 0      
5244:   mov (sp)+, r1                 src: 3978      dst: 3982      r0: 5 r1: 3978 r2: 72 r3: 7220 r4: 0 r5: 65514 sp: 65510 pc: 5246          N: 0 Z: 0 V: 0 C: 0      
5246:   mov r1, (r3)                  src: 3978      dst: 0         r0: 5 r1: 3978 r2: 72 r3: 7220 r4: 0 r5: 65514 sp: 65510 pc: 5248          N: 0 Z: 0 V: 0 C: 0      
5248:   add $12., r1                  src: 12        dst: 3978      r0: 5 r1: 3990 r2: 72 r3: 7220 r4: 0 r5: 65514 sp: 65510 pc: 5252          N: 0 Z: 0 V: 0 C: 0      
5252:   cmp r1, $ebsymtab             src: 3990      dst: 5118      r0: 5 r1: 3990 r2: 72 r3: 7220 r4: 0 r5: 65514 sp: 65510 pc: 5256          N: 1 Z: 0 V: 0 C: 1      
5256:   bcs 5196.                     src: 2563                     r0: 5 r1: 3990 r2: 72 r3: 7220 r4: 0 r5: 65514 sp: 65510 pc: 5196          N: 1 Z: 0 V: 0 C: 1      
5196:   clr r3                        src: 7220                     r0: 5 r1: 3990 r2: 72 r3: 0 r4: 0 r5: 65514 sp: 65510 pc: 5198             N: 0 Z: 1 V: 0 C: 0      
5198:   mov $8., r2                   src: 8         dst: 72        r0: 5 r1: 3990 r2: 8 r3: 0 r4: 0 r5: 65514 sp: 65510 pc: 5202              N: 0 Z: 0 V: 0 C: 0      
5202:   mov r1, -(sp)                 src: 3990      dst: 3978      r0: 5 r1: 3990 r2: 8 r3: 0 r4: 0 r5: 65514 sp: 65508 pc: 5204              N: 0 Z: 0 V: 0 C: 0      
5204:   movb (r1)+, r4                src: 106       dst: 0         r0: 5 r1: 3991 r2: 8 r3: 0 r4: 106 r5: 65514 sp: 65508 pc: 5206            N: 0 Z: 0 V: 0 C: 0      
5206:   beq 5214.                     src: 2562                     r0: 5 r1: 3991 r2: 8 r3: 0 r4: 106 r5: 65514 sp: 65508 pc: 5208            N: 0 Z: 0 V: 0 C: 0      
5208:   add r4, r3                    src: 106       dst: 0         r0: 5 r1: 3991 r2: 8 r3: 106 r4: 106 r5: 65514 sp: 65508 pc: 5210          N: 0 Z: 0 V: 0 C: 0      
5210:   swab r3                       src: 106                      r0: 5 r1: 3991 r2: 8 r3: 27136 r4: 106 r5: 65514 sp: 65508 pc: 5212        N: 0 Z: 1 V: 0 C: 0      
5212:   sob r2, 5204.                 src: 8         dst: 68        r0: 5 r1: 3991 r2: 7 r3: 27136 r4: 106 r5: 65514 sp: 65508 pc: 5204        N: 0 Z: 1 V: 0 C: 0      
5204:   movb (r1)+, r4                src: 104       dst: 106       r0: 5 r1: 3992 r2: 7 r3: 27136 r4: 104 r5: 65514 sp: 65508 pc: 5206        N: 0 Z: 0 V: 0 C: 0      
5206:   beq 5214.                     src: 2562                     r0: 5 r1: 3992 r2: 7 r3: 27136 r4: 104 r5: 65514 sp: 65508 pc: 5208        N: 0 Z: 0 V: 0 C: 0      
5208:   add r4, r3                    src: 104       dst: 27136     r0: 5 r1: 3992 r2: 7 r3: 27240 r4: 104 r5: 65514 sp: 65508 pc: 5210        N: 0 Z: 0 V: 0 C: 0      
5210:   swab r3                       src: 27240                    r0: 5 r1: 3992 r2: 7 r3: 26730 r4: 104 r5: 65514 sp: 65508 pc: 5212        N: 0 Z: 0 V: 0 C: 0      
5212:   sob r2, 5204.                 src: 7         dst: 68        r0: 5 r1: 3992 r2: 6 r3: 26730 r4: 104 r5: 65514 sp: 65508 pc: 5204        N: 0 Z: 0 V: 0 C: 0      
5204:   movb (r1)+, r4                src: 105       dst: 104       r0: 5 r1: 3993 r2: 6 r3: 26730 r4: 105 r5: 65514 sp: 65508 pc: 5206        N: 0 Z: 0 V: 0 C: 0      
5206:   beq 5214.                     src: 2562                     r0: 5 r1: 3993 r2: 6 r3: 26730 r4: 105 r5: 65514 sp: 65508 pc: 5208        N: 0 Z: 0 V: 0 C: 0      
5208:   add r4, r3                    src: 105       dst: 26730     r0: 5 r1: 3993 r2: 6 r3: 26835 r4: 105 r5: 65514 sp: 65508 pc: 5210        N: 0 Z: 0 V: 0 C: 0      
5210:   swab r3                       src: 26835                    r0: 5 r1: 3993 r2: 6 r3: 54120 r4: 105 r5: 65514 sp: 65508 pc: 5212        N: 0 Z: 0 V: 0 C: 0      
5212:   sob r2, 5204.                 src: 6         dst: 68        r0: 5 r1: 3993 r2: 5 r3: 54120 r4: 105 r5: 65514 sp: 65508 pc: 5204        N: 0 Z: 0 V: 0 C: 0      
5204:   movb (r1)+, r4                src: 115       dst: 105       r0: 5 r1: 3994 r2: 5 r3: 54120 r4: 115 r5: 65514 sp: 65508 pc: 5206        N: 0 Z: 0 V: 0 C: 0      
5206:   beq 5214.                     src: 2562                     r0: 5 r1: 3994 r2: 5 r3: 54120 r4: 115 r5: 65514 sp: 65508 pc: 5208        N: 0 Z: 0 V: 0 C: 0      
5208:   add r4, r3                    src: 115       dst: 54120     r0: 5 r1: 3994 r2: 5 r3: 54235 r4: 115 r5: 65514 sp: 65508 pc: 5210        N: 0 Z: 0 V: 0 C: 0      
5210:   swab r3                       src: 54235                    r0: 5 r1: 3994 r2: 5 r3: 56275 r4: 115 r5: 65514 sp: 65508 pc: 5212        N: 1 Z: 0 V: 0 C: 0      
5212:   sob r2, 5204.                 src: 5         dst: 68        r0: 5 r1: 3994 r2: 4 r3: 56275 r4: 115 r5: 65514 sp: 65508 pc: 5204        N: 1 Z: 0 V: 0 C: 0      
5204:   movb (r1)+, r4                src: 0         dst: 115       r0: 5 r1: 3995 r2: 4 r3: 56275 r4: 0 r5: 65514 sp: 65508 pc: 5206          N: 0 Z: 1 V: 0 C: 0      
5206:   beq 5214.                     src: 2562                     r0: 5 r1: 3995 r2: 4 r3: 56275 r4: 0 r5: 65514 sp: 65508 pc: 5214          N: 0 Z: 1 V: 0 C: 0      
5214:   clr r2                        src: 4                        r0: 5 r1: 3995 r2: 0 r3: 56275 r4: 0 r5: 65514 sp: 65508 pc: 5216          N: 0 Z: 1 V: 0 C: 0      
5216:   div $hshsiz, r2               src: 1553      dst: 0         r0: 5 r1: 3995 r2: 36 r3: 367 r4: 0 r5: 65514 sp: 65508 pc: 5220           N: 0 Z: 0 V: 0 C: 0      
5220:   ashc $1., r2                  src: 1         dst: 36        r0: 5 r1: 3995 r2: 72 r3: 734 r4: 0 r5: 65514 sp: 65508 pc: 5224           N: 0 Z: 0 V: 0 C: 0      
5224:   add $hshtab, r3               src: 5722      dst: 734       r0: 5 r1: 3995 r2: 72 r3: 6456 r4: 0 r5: 65514 sp: 65508 pc: 5228          N: 0 Z: 0 V: 0 C: 0      
5228:   sub r2, r3                    src: 72        dst: 6456      r0: 5 r1: 3995 r2: 72 r3: 6384 r4: 0 r5: 65514 sp: 65508 pc: 5230          N: 0 Z: 0 V: 0 C: 0      
5230:   cmp r3, $hshtab               src: 6384      dst: 5722      r0: 5 r1: 3995 r2: 72 r3: 6384 r4: 0 r5: 65514 sp: 65508 pc: 5234          N: 0 Z: 0 V: 0 C: 0      
5234:   bhi 5240.                     src: 3043                     r0: 5 r1: 3995 r2: 72 r3: 6384 r4: 0 r5: 65514 sp: 65508 pc: 5240          N: 0 Z: 0 V: 0 C: 0      
5240:   tst -(r3)                     src: 0                        r0: 5 r1: 3995 r2: 72 r3: 6382 r4: 0 r5: 65514 sp: 65508 pc: 5242          N: 0 Z: 1 V: 0 C: 0      
5242:   bne 5228.                     src: 57475                    r0: 5 r1: 3995 r2: 72 r3: 6382 r4: 0 r5: 65514 sp: 65508 pc: 5244          N: 0 Z: 1 V: 0 C: 0      
5244:   mov (sp)+, r1                 src: 3990      dst: 3995      r0: 5 r1: 3990 r2: 72 r3: 6382 r4: 0 r5: 65514 sp: 65510 pc: 5246          N: 0 Z: 0 V: 0 C: 0      
5246:   mov r1, (r3)                  src: 3990      dst: 0         r0: 5 r1: 3990 r2: 72 r3: 6382 r4: 0 r5: 65514 sp: 65510 pc: 5248          N: 0 Z: 0 V: 0 C: 0      
5248:   add $12., r1                  src: 12        dst: 3990      r0: 5 r1: 4002 r2: 72 r3: 6382 r4: 0 r5: 65514 sp: 65510 pc: 5252          N: 0 Z: 0 V: 0 C: 0      
5252:   cmp r1, $ebsymtab             src: 4002      dst: 5118      r0: 5 r1: 4002 r2: 72 r3: 6382 r4: 0 r5: 65514 sp: 65510 pc: 5256          N: 1 Z: 0 V: 0 C: 1      
5256:   bcs 5196.                     src: 2563                     r0: 5 r1: 4002 r2: 72 r3: 6382 r4: 0 r5: 65514 sp: 65510 pc: 5196          N: 1 Z: 0 V: 0 C: 1      
5196:   clr r3                        src: 6382                     r0: 5 r1: 4002 r2: 72 r3: 0 r4: 0 r5: 65514 sp: 65510 pc: 5198             N: 0 Z: 1 V: 0 C: 0      
5198:   mov $8., r2                   src: 8         dst: 72        r0: 5 r1: 4002 r2: 8 r3: 0 r4: 0 r5: 65514 sp: 65510 pc: 5202              N: 0 Z: 0 V: 0 C: 0      
5202:   mov r1, -(sp)                 src: 4002      dst: 3990      r0: 5 r1: 4002 r2: 8 r3: 0 r4: 0 r5: 65514 sp: 65508 pc: 5204              N: 0 Z: 0 V: 0 C: 0      
5204:   movb (r1)+, r4                src: 106       dst: 0         r0: 5 r1: 4003 r2: 8 r3: 0 r4: 106 r5: 65514 sp: 65508 pc: 5206            N: 0 Z: 0 V: 0 C: 0      
5206:   beq 5214.                     src: 2562                     r0: 5 r1: 4003 r2: 8 r3: 0 r4: 106 r5: 65514 sp: 65508 pc: 5208            N: 0 Z: 0 V: 0 C: 0      
5208:   add r4, r3                    src: 106       dst: 0         r0: 5 r1: 4003 r2: 8 r3: 106 r4: 106 r5: 65514 sp: 65508 pc: 5210          N: 0 Z: 0 V: 0 C: 0      
5210:   swab r3                       src: 106                      r0: 5 r1: 4003 r2: 8 r3: 27136 r4: 106 r5: 65514 sp: 65508 pc: 5212        N: 0 Z: 1 V: 0 C: 0      
5212:   sob r2, 5204.                 src: 8         dst: 68        r0: 5 r1: 4003 r2: 7 r3: 27136 r4: 106 r5: 65514 sp: 65508 pc: 5204        N: 0 Z: 1 V: 0 C: 0      
5204:   movb (r1)+, r4                src: 101       dst: 106       r0: 5 r1: 4004 r2: 7 r3: 27136 r4: 101 r5: 65514 sp: 65508 pc: 5206        N: 0 Z: 0 V: 0 C: 0      
5206:   beq 5214.                     src: 2562                     r0: 5 r1: 4004 r2: 7 r3: 27136 r4: 101 r5: 65514 sp: 65508 pc: 5208        N: 0 Z: 0 V: 0 C: 0      
5208:   add r4, r3                    src: 101       dst: 27136     r0: 5 r1: 4004 r2: 7 r3: 27237 r4: 101 r5: 65514 sp: 65508 pc: 5210        N: 0 Z: 0 V: 0 C: 0      
5210:   swab r3                       src: 27237                    r0: 5 r1: 4004 r2: 7 r3: 25962 r4: 101 r5: 65514 sp: 65508 pc: 5212        N: 0 Z: 0 V: 0 C: 0      
5212:   sob r2, 5204.                 src: 7         dst: 68        r0: 5 r1: 4004 r2: 6 r3: 25962 r4: 101 r5: 65514 sp: 65508 pc: 5204        N: 0 Z: 0 V: 0 C: 0      
5204:   movb (r1)+, r4                src: 99        dst: 101       r0: 5 r1: 4005 r2: 6 r3: 25962 r4: 99 r5: 65514 sp: 65508 pc: 5206         N: 0 Z: 0 V: 0 C: 0      
5206:   beq 5214.                     src: 2562                     r0: 5 r1: 4005 r2: 6 r3: 25962 r4: 99 r5: 65514 sp: 65508 pc: 5208         N: 0 Z: 0 V: 0 C: 0      
5208:   add r4, r3                    src: 99        dst: 25962     r0: 5 r1: 4005 r2: 6 r3: 26061 r4: 99 r5: 65514 sp: 65508 pc: 5210         N: 0 Z: 0 V: 0 C: 0      
5210:   swab r3                       src: 26061                    r0: 5 r1: 4005 r2: 6 r3: 52581 r4: 99 r5: 65514 sp: 65508 pc: 5212         N: 0 Z: 0 V: 0 C: 0      
5212:   sob r2, 5204.                 src: 6         dst: 68        r0: 5 r1: 4005 r2: 5 r3: 52581 r4: 99 r5: 65514 sp: 65508 pc: 5204         N: 0 Z: 0 V: 0 C: 0      
5204:   movb (r1)+, r4                src: 0         dst: 99        r0: 5 r1: 4006 r2: 5 r3: 52581 r4: 0 r5: 65514 sp: 65508 pc: 5206          N: 0 Z: 1 V: 0 C: 0      
5206:   beq 5214.                     src: 2562                     r0: 5 r1: 4006 r2: 5 r3: 52581 r4: 0 r5: 65514 sp: 65508 pc: 5214          N: 0 Z: 1 V: 0 C: 0      
5214:   clr r2                        src: 5                        r0: 5 r1: 4006 r2: 0 r3: 52581 r4: 0 r5: 65514 sp: 65508 pc: 5216          N: 0 Z: 1 V: 0 C: 0      
5216:   div $hshsiz, r2               src: 1553      dst: 0         r0: 5 r1: 4006 r2: 33 r3: 1332 r4: 0 r5: 65514 sp: 65508 pc: 5220          N: 0 Z: 0 V: 0 C: 0      
5220:   ashc $1., r2                  src: 1         dst: 33        r0: 5 r1: 4006 r2: 66 r3: 2664 r4: 0 r5: 65514 sp: 65508 pc: 5224          N: 0 Z: 0 V: 0 C: 0      
5224:   add $hshtab, r3               src: 5722      dst: 2664      r0: 5 r1: 4006 r2: 66 r3: 8386 r4: 0 r5: 65514 sp: 65508 pc: 5228          N: 0 Z: 0 V: 0 C: 0      
5228:   sub r2, r3                    src: 66        dst: 8386      r0: 5 r1: 4006 r2: 66 r3: 8320 r4: 0 r5: 65514 sp: 65508 pc: 5230          N: 0 Z: 0 V: 0 C: 0      
5230:   cmp r3, $hshtab               src: 8320      dst: 5722      r0: 5 r1: 4006 r2: 66 r3: 8320 r4: 0 r5: 65514 sp: 65508 pc: 5234          N: 0 Z: 0 V: 0 C: 0      
5234:   bhi 5240.                     src: 3043                     r0: 5 r1: 4006 r2: 66 r3: 8320 r4: 0 r5: 65514 sp: 65508 pc: 5240          N: 0 Z: 0 V: 0 C: 0      
5240:   tst -(r3)                     src: 1                        r0: 5 r1: 4006 r2: 66 r3: 8318 r4: 0 r5: 65514 sp: 65508 pc: 5242          N: 0 Z: 0 V: 0 C: 0      
5242:   bne 5228.                     src: 57475                    r0: 5 r1: 4006 r2: 66 r3: 8318 r4: 0 r5: 65514 sp: 65508 pc: 5228          N: 0 Z: 0 V: 0 C: 0      
5228:   sub r2, r3                    src: 66        dst: 8318      r0: 5 r1: 4006 r2: 66 r3: 8252 r4: 0 r5: 65514 sp: 65508 pc: 5230          N: 0 Z: 0 V: 0 C: 0      
5230:   cmp r3, $hshtab               src: 8252      dst: 5722      r0: 5 r1: 4006 r2: 66 r3: 8252 r4: 0 r5: 65514 sp: 65508 pc: 5234          N: 0 Z: 0 V: 0 C: 0      
5234:   bhi 5240.                     src: 3043                     r0: 5 r1: 4006 r2: 66 r3: 8252 r4: 0 r5: 65514 sp: 65508 pc: 5240          N: 0 Z: 0 V: 0 C: 0      
5240:   tst -(r3)                     src: 0                        r0: 5 r1: 4006 r2: 66 r3: 8250 r4: 0 r5: 65514 sp: 65508 pc: 5242          N: 0 Z: 1 V: 0 C: 0      
5242:   bne 5228.                     src: 57475                    r0: 5 r1: 4006 r2: 66 r3: 8250 r4: 0 r5: 65514 sp: 65508 pc: 5244          N: 0 Z: 1 V: 0 C: 0      
5244:   mov (sp)+, r1                 src: 4002      dst: 4006      r0: 5 r1: 4002 r2: 66 r3: 8250 r4: 0 r5: 65514 sp: 65510 pc: 5246          N: 0 Z: 0 V: 0 C: 0      
5246:   mov r1, (r3)                  src: 4002      dst: 0         r0: 5 r1: 4002 r2: 66 r3: 8250 r4: 0 r5: 65514 sp: 65510 pc: 5248          N: 0 Z: 0 V: 0 C: 0      
5248:   add $12., r1                  src: 12        dst: 4002      r0: 5 r1: 4014 r2: 66 r3: 8250 r4: 0 r5: 65514 sp: 65510 pc: 5252          N: 0 Z: 0 V: 0 C: 0      
5252:   cmp r1, $ebsymtab             src: 4014      dst: 5118      r0: 5 r1: 4014 r2: 66 r3: 8250 r4: 0 r5: 65514 sp: 65510 pc: 5256          N: 1 Z: 0 V: 0 C: 1      
5256:   bcs 5196.                     src: 2563                     r0: 5 r1: 4014 r2: 66 r3: 8250 r4: 0 r5: 65514 sp: 65510 pc: 5196          N: 1 Z: 0 V: 0 C: 1      
5196:   clr r3                        src: 8250                     r0: 5 r1: 4014 r2: 66 r3: 0 r4: 0 r5: 65514 sp: 65510 pc: 5198             N: 0 Z: 1 V: 0 C: 0      
5198:   mov $8., r2                   src: 8         dst: 66        r0: 5 r1: 4014 r2: 8 r3: 0 r4: 0 r5: 65514 sp: 65510 pc: 5202              N: 0 Z: 0 V: 0 C: 0      
5202:   mov r1, -(sp)                 src: 4014      dst: 4002      r0: 5 r1: 4014 r2: 8 r3: 0 r4: 0 r5: 65514 sp: 65508 pc: 5204              N: 0 Z: 0 V: 0 C: 0      
5204:   movb (r1)+, r4                src: 106       dst: 0         r0: 5 r1: 4015 r2: 8 r3: 0 r4: 106 r5: 65514 sp: 65508 pc: 5206            N: 0 Z: 0 V: 0 C: 0      
5206:   beq 5214.                     src: 2562                     r0: 5 r1: 4015 r2: 8 r3: 0 r4: 106 r5: 65514 sp: 65508 pc: 5208            N: 0 Z: 0 V: 0 C: 0      
5208:   add r4, r3                    src: 106       dst: 0         r0: 5 r1: 4015 r2: 8 r3: 106 r4: 106 r5: 65514 sp: 65508 pc: 5210          N: 0 Z: 0 V: 0 C: 0      
5210:   swab r3                       src: 106                      r0: 5 r1: 4015 r2: 8 r3: 27136 r4: 106 r5: 65514 sp: 65508 pc: 5212        N: 0 Z: 1 V: 0 C: 0      
5212:   sob r2, 5204.                 src: 8         dst: 68        r0: 5 r1: 4015 r2: 7 r3: 27136 r4: 106 r5: 65514 sp: 65508 pc: 5204        N: 0 Z: 1 V: 0 C: 0      
5204:   movb (r1)+, r4                src: 99        dst: 106       r0: 5 r1: 4016 r2: 7 r3: 27136 r4: 99 r5: 65514 sp: 65508 pc: 5206         N: 0 Z: 0 V: 0 C: 0      
5206:   beq 5214.                     src: 2562                     r0: 5 r1: 4016 r2: 7 r3: 27136 r4: 99 r5: 65514 sp: 65508 pc: 5208         N: 0 Z: 0 V: 0 C: 0      
5208:   add r4, r3                    src: 99        dst: 27136     r0: 5 r1: 4016 r2: 7 r3: 27235 r4: 99 r5: 65514 sp: 65508 pc: 5210         N: 0 Z: 0 V: 0 C: 0      
5210:   swab r3                       src: 27235                    r0: 5 r1: 4016 r2: 7 r3: 25450 r4: 99 r5: 65514 sp: 65508 pc: 5212         N: 0 Z: 0 V: 0 C: 0      
5212:   sob r2, 5204.                 src: 7         dst: 68        r0: 5 r1: 4016 r2: 6 r3: 25450 r4: 99 r5: 65514 sp: 65508 pc: 5204         N: 0 Z: 0 V: 0 C: 0      
5204:   movb (r1)+, r4                src: 99        dst: 99        r0: 5 r1: 4017 r2: 6 r3: 25450 r4: 99 r5: 65514 sp: 65508 pc: 5206         N: 0 Z: 0 V: 0 C: 0      
5206:   beq 5214.                     src: 2562                     r0: 5 r1: 4017 r2: 6 r3: 25450 r4: 99 r5: 65514 sp: 65508 pc: 5208         N: 0 Z: 0 V: 0 C: 0      
5208:   add r4, r3                    src: 99        dst: 25450     r0: 5 r1: 4017 r2: 6 r3: 25549 r4: 99 r5: 65514 sp: 65508 pc: 5210         N: 0 Z: 0 V: 0 C: 0      
5210:   swab r3                       src: 25549                    r0: 5 r1: 4017 r2: 6 r3: 52579 r4: 99 r5: 65514 sp: 65508 pc: 5212         N: 0 Z: 0 V: 0 C: 0      
5212:   sob r2, 5204.                 src: 6         dst: 68        r0: 5 r1: 4017 r2: 5 r3: 52579 r4: 99 r5: 65514 sp: 65508 pc: 5204         N: 0 Z: 0 V: 0 C: 0      
5204:   movb (r1)+, r4                src: 0         dst: 99        r0: 5 r1: 4018 r2: 5 r3: 52579 r4: 0 r5: 65514 sp: 65508 pc: 5206          N: 0 Z: 1 V: 0 C: 0      
5206:   beq 5214.                     src: 2562                     r0: 5 r1: 4018 r2: 5 r3: 52579 r4: 0 r5: 65514 sp: 65508 pc: 5214          N: 0 Z: 1 V: 0 C: 0      
5214:   clr r2                        src: 5                        r0: 5 r1: 4018 r2: 0 r3: 52579 r4: 0 r5: 65514 sp: 65508 pc: 5216          N: 0 Z: 1 V: 0 C: 0      
5216:   div $hshsiz, r2               src: 1553      dst: 0         r0: 5 r1: 4018 r2: 33 r3: 1330 r4: 0 r5: 65514 sp: 65508 pc: 5220          N: 0 Z: 0 V: 0 C: 0      
5220:   ashc $1., r2                  src: 1         dst: 33        r0: 5 r1: 4018 r2: 66 r3: 2660 r4: 0 r5: 65514 sp: 65508 pc: 5224          N: 0 Z: 0 V: 0 C: 0      
5224:   add $hshtab, r3               src: 5722      dst: 2660      r0: 5 r1: 4018 r2: 66 r3: 8382 r4: 0 r5: 65514 sp: 65508 pc: 5228          N: 0 Z: 0 V: 0 C: 0      
5228:   sub r2, r3                    src: 66        dst: 8382      r0: 5 r1: 4018 r2: 66 r3: 8316 r4: 0 r5: 65514 sp: 65508 pc: 5230          N: 0 Z: 0 V: 0 C: 0      
5230:   cmp r3, $hshtab               src: 8316      dst: 5722      r0: 5 r1: 4018 r2: 66 r3: 8316 r4: 0 r5: 65514 sp: 65508 pc: 5234          N: 0 Z: 0 V: 0 C: 0      
5234:   bhi 5240.                     src: 3043                     r0: 5 r1: 4018 r2: 66 r3: 8316 r4: 0 r5: 65514 sp: 65508 pc: 5240          N: 0 Z: 0 V: 0 C: 0      
5240:   tst -(r3)                     src: 0                        r0: 5 r1: 4018 r2: 66 r3: 8314 r4: 0 r5: 65514 sp: 65508 pc: 5242          N: 0 Z: 1 V: 0 C: 0      
5242:   bne 5228.                     src: 57475                    r0: 5 r1: 4018 r2: 66 r3: 8314 r4: 0 r5: 65514 sp: 65508 pc: 5244          N: 0 Z: 1 V: 0 C: 0      
5244:   mov (sp)+, r1                 src: 4014      dst: 4018      r0: 5 r1: 4014 r2: 66 r3: 8314 r4: 0 r5: 65514 sp: 65510 pc: 5246          N: 0 Z: 0 V: 0 C: 0      
5246:   mov r1, (r3)                  src: 4014      dst: 0         r0: 5 r1: 4014 r2: 66 r3: 8314 r4: 0 r5: 65514 sp: 65510 pc: 5248          N: 0 Z: 0 V: 0 C: 0      
5248:   add $12., r1                  src: 12        dst: 4014      r0: 5 r1: 4026 r2: 66 r3: 8314 r4: 0 r5: 65514 sp: 65510 pc: 5252          N: 0 Z: 0 V: 0 C: 0      
5252:   cmp r1, $ebsymtab             src: 4026      dst: 5118      r0: 5 r1: 4026 r2: 66 r3: 8314 r4: 0 r5: 65514 sp: 65510 pc: 5256          N: 1 Z: 0 V: 0 C: 1      
5256:   bcs 5196.                     src: 2563                     r0: 5 r1: 4026 r2: 66 r3: 8314 r4: 0 r5: 65514 sp: 65510 pc: 5196          N: 1 Z: 0 V: 0 C: 1      
5196:   clr r3                        src: 8314                     r0: 5 r1: 4026 r2: 66 r3: 0 r4: 0 r5: 65514 sp: 65510 pc: 5198             N: 0 Z: 1 V: 0 C: 0      
5198:   mov $8., r2                   src: 8         dst: 66        r0: 5 r1: 4026 r2: 8 r3: 0 r4: 0 r5: 65514 sp: 65510 pc: 5202              N: 0 Z: 0 V: 0 C: 0      
5202:   mov r1, -(sp)                 src: 4026      dst: 4014      r0: 5 r1: 4026 r2: 8 r3: 0 r4: 0 r5: 65514 sp: 65508 pc: 5204              N: 0 Z: 0 V: 0 C: 0      
5204:   movb (r1)+, r4                src: 106       dst: 0         r0: 5 r1: 4027 r2: 8 r3: 0 r4: 106 r5: 65514 sp: 65508 pc: 5206            N: 0 Z: 0 V: 0 C: 0      
5206:   beq 5214.                     src: 2562                     r0: 5 r1: 4027 r2: 8 r3: 0 r4: 106 r5: 65514 sp: 65508 pc: 5208            N: 0 Z: 0 V: 0 C: 0      
5208:   add r4, r3                    src: 106       dst: 0         r0: 5 r1: 4027 r2: 8 r3: 106 r4: 106 r5: 65514 sp: 65508 pc: 5210          N: 0 Z: 0 V: 0 C: 0      
5210:   swab r3                       src: 106                      r0: 5 r1: 4027 r2: 8 r3: 27136 r4: 106 r5: 65514 sp: 65508 pc: 5212        N: 0 Z: 1 V: 0 C: 0      
5212:   sob r2, 5204.                 src: 8         dst: 68        r0: 5 r1: 4027 r2: 7 r3: 27136 r4: 106 r5: 65514 sp: 65508 pc: 5204        N: 0 Z: 1 V: 0 C: 0      
5204:   movb (r1)+, r4                src: 108       dst: 106       r0: 5 r1: 4028 r2: 7 r3: 27136 r4: 108 r5: 65514 sp: 65508 pc: 5206        N: 0 Z: 0 V: 0 C: 0      
5206:   beq 5214.                     src: 2562                     r0: 5 r1: 4028 r2: 7 r3: 27136 r4: 108 r5: 65514 sp: 65508 pc: 5208        N: 0 Z: 0 V: 0 C: 0      
5208:   add r4, r3                    src: 108       dst: 27136     r0: 5 r1: 4028 r2: 7 r3: 27244 r4: 108 r5: 65514 sp: 65508 pc: 5210        N: 0 Z: 0 V: 0 C: 0      
5210:   swab r3                       src: 27244                    r0: 5 r1: 4028 r2: 7 r3: 27754 r4: 108 r5: 65514 sp: 65508 pc: 5212        N: 0 Z: 0 V: 0 C: 0      
5212:   sob r2, 5204.                 src: 7         dst: 68        r0: 5 r1: 4028 r2: 6 r3: 27754 r4: 108 r5: 65514 sp: 65508 pc: 5204        N: 0 Z: 0 V: 0 C: 0      
5204:   movb (r1)+, r4                src: 111       dst: 108       r0: 5 r1: 4029 r2: 6 r3: 27754 r4: 111 r5: 65514 sp: 65508 pc: 5206        N: 0 Z: 0 V: 0 C: 0      
5206:   beq 5214.                     src: 2562                     r0: 5 r1: 4029 r2: 6 r3: 27754 r4: 111 r5: 65514 sp: 65508 pc: 5208        N: 0 Z: 0 V: 0 C: 0      
5208:   add r4, r3                    src: 111       dst: 27754     r0: 5 r1: 4029 r2: 6 r3: 27865 r4: 111 r5: 65514 sp: 65508 pc: 5210        N: 0 Z: 0 V: 0 C: 0      
5210:   swab r3                       src: 27865                    r0: 5 r1: 4029 r2: 6 r3: 55660 r4: 111 r5: 65514 sp: 65508 pc: 5212        N: 0 Z: 0 V: 0 C: 0      
5212:   sob r2, 5204.                 src: 6         dst: 68        r0: 5 r1: 4029 r2: 5 r3: 55660 r4: 111 r5: 65514 sp: 65508 pc: 5204        N: 0 Z: 0 V: 0 C: 0      
5204:   movb (r1)+, r4                src: 0         dst: 111       r0: 5 r1: 4030 r2: 5 r3: 55660 r4: 0 r5: 65514 sp: 65508 pc: 5206          N: 0 Z: 1 V: 0 C: 0      
5206:   beq 5214.                     src: 2562                     r0: 5 r1: 4030 r2: 5 r3: 55660 r4: 0 r5: 65514 sp: 65508 pc: 5214          N: 0 Z: 1 V: 0 C: 0      
5214:   clr r2                        src: 5                        r0: 5 r1: 4030 r2: 0 r3: 55660 r4: 0 r5: 65514 sp: 65508 pc: 5216          N: 0 Z: 1 V: 0 C: 0      
5216:   div $hshsiz, r2               src: 1553      dst: 0         r0: 5 r1: 4030 r2: 35 r3: 1305 r4: 0 r5: 65514 sp: 65508 pc: 5220          N: 0 Z: 0 V: 0 C: 0      
5220:   ashc $1., r2                  src: 1         dst: 35        r0: 5 r1: 4030 r2: 70 r3: 2610 r4: 0 r5: 65514 sp: 65508 pc: 5224          N: 0 Z: 0 V: 0 C: 0      
5224:   add $hshtab, r3               src: 5722      dst: 2610      r0: 5 r1: 4030 r2: 70 r3: 8332 r4: 0 r5: 65514 sp: 65508 pc: 5228          N: 0 Z: 0 V: 0 C: 0      
5228:   sub r2, r3                    src: 70        dst: 8332      r0: 5 r1: 4030 r2: 70 r3: 8262 r4: 0 r5: 65514 sp: 65508 pc: 5230          N: 0 Z: 0 V: 0 C: 0      
5230:   cmp r3, $hshtab               src: 8262      dst: 5722      r0: 5 r1: 4030 r2: 70 r3: 8262 r4: 0 r5: 65514 sp: 65508 pc: 5234          N: 0 Z: 0 V: 0 C: 0      
5234:   bhi 5240.                     src: 3043                     r0: 5 r1: 4030 r2: 70 r3: 8262 r4: 0 r5: 65514 sp: 65508 pc: 5240          N: 0 Z: 0 V: 0 C: 0      
5240:   tst -(r3)                     src: 0                        r0: 5 r1: 4030 r2: 70 r3: 8260 r4: 0 r5: 65514 sp: 65508 pc: 5242          N: 0 Z: 1 V: 0 C: 0      
5242:   bne 5228.                     src: 57475                    r0: 5 r1: 4030 r2: 70 r3: 8260 r4: 0 r5: 65514 sp: 65508 pc: 5244          N: 0 Z: 1 V: 0 C: 0      
5244:   mov (sp)+, r1                 src: 4026      dst: 4030      r0: 5 r1: 4026 r2: 70 r3: 8260 r4: 0 r5: 65514 sp: 65510 pc: 5246          N: 0 Z: 0 V: 0 C: 0      
5246:   mov r1, (r3)                  src: 4026      dst: 0         r0: 5 r1: 4026 r2: 70 r3: 8260 r4: 0 r5: 65514 sp: 65510 pc: 5248          N: 0 Z: 0 V: 0 C: 0      
5248:   add $12., r1                  src: 12        dst: 4026      r0: 5 r1: 4038 r2: 70 r3: 8260 r4: 0 r5: 65514 sp: 65510 pc: 5252          N: 0 Z: 0 V: 0 C: 0      
5252:   cmp r1, $ebsymtab             src: 4038      dst: 5118      r0: 5 r1: 4038 r2: 70 r3: 8260 r4: 0 r5: 65514 sp: 65510 pc: 5256          N: 1 Z: 0 V: 0 C: 1      
5256:   bcs 5196.                     src: 2563                     r0: 5 r1: 4038 r2: 70 r3: 8260 r4: 0 r5: 65514 sp: 65510 pc: 5196          N: 1 Z: 0 V: 0 C: 1      
5196:   clr r3                        src: 8260                     r0: 5 r1: 4038 r2: 70 r3: 0 r4: 0 r5: 65514 sp: 65510 pc: 5198             N: 0 Z: 1 V: 0 C: 0      
5198:   mov $8., r2                   src: 8         dst: 70        r0: 5 r1: 4038 r2: 8 r3: 0 r4: 0 r5: 65514 sp: 65510 pc: 5202              N: 0 Z: 0 V: 0 C: 0      
5202:   mov r1, -(sp)                 src: 4038      dst: 4026      r0: 5 r1: 4038 r2: 8 r3: 0 r4: 0 r5: 65514 sp: 65508 pc: 5204              N: 0 Z: 0 V: 0 C: 0      
5204:   movb (r1)+, r4                src: 106       dst: 0         r0: 5 r1: 4039 r2: 8 r3: 0 r4: 106 r5: 65514 sp: 65508 pc: 5206            N: 0 Z: 0 V: 0 C: 0      
5206:   beq 5214.                     src: 2562                     r0: 5 r1: 4039 r2: 8 r3: 0 r4: 106 r5: 65514 sp: 65508 pc: 5208            N: 0 Z: 0 V: 0 C: 0      
5208:   add r4, r3                    src: 106       dst: 0         r0: 5 r1: 4039 r2: 8 r3: 106 r4: 106 r5: 65514 sp: 65508 pc: 5210          N: 0 Z: 0 V: 0 C: 0      
5210:   swab r3                       src: 106                      r0: 5 r1: 4039 r2: 8 r3: 27136 r4: 106 r5: 65514 sp: 65508 pc: 5212        N: 0 Z: 1 V: 0 C: 0      
5212:   sob r2, 5204.                 src: 8         dst: 68        r0: 5 r1: 4039 r2: 7 r3: 27136 r4: 106 r5: 65514 sp: 65508 pc: 5204        N: 0 Z: 1 V: 0 C: 0      
5204:   movb (r1)+, r4                src: 99        dst: 106       r0: 5 r1: 4040 r2: 7 r3: 27136 r4: 99 r5: 65514 sp: 65508 pc: 5206         N: 0 Z: 0 V: 0 C: 0      
5206:   beq 5214.                     src: 2562                     r0: 5 r1: 4040 r2: 7 r3: 27136 r4: 99 r5: 65514 sp: 65508 pc: 5208         N: 0 Z: 0 V: 0 C: 0      
5208:   add r4, r3                    src: 99        dst: 27136     r0: 5 r1: 4040 r2: 7 r3: 27235 r4: 99 r5: 65514 sp: 65508 pc: 5210         N: 0 Z: 0 V: 0 C: 0      
5210:   swab r3                       src: 27235                    r0: 5 r1: 4040 r2: 7 r3: 25450 r4: 99 r5: 65514 sp: 65508 pc: 5212         N: 0 Z: 0 V: 0 C: 0      
5212:   sob r2, 5204.                 src: 7         dst: 68        r0: 5 r1: 4040 r2: 6 r3: 25450 r4: 99 r5: 65514 sp: 65508 pc: 5204         N: 0 Z: 0 V: 0 C: 0      
5204:   movb (r1)+, r4                src: 115       dst: 99        r0: 5 r1: 4041 r2: 6 r3: 25450 r4: 115 r5: 65514 sp: 65508 pc: 5206        N: 0 Z: 0 V: 0 C: 0      
5206:   beq 5214.                     src: 2562                     r0: 5 r1: 4041 r2: 6 r3: 25450 r4: 115 r5: 65514 sp: 65508 pc: 5208        N: 0 Z: 0 V: 0 C: 0      
5208:   add r4, r3                    src: 115       dst: 25450     r0: 5 r1: 4041 r2: 6 r3: 25565 r4: 115 r5: 65514 sp: 65508 pc: 5210        N: 0 Z: 0 V: 0 C: 0      
5210:   swab r3                       src: 25565                    r0: 5 r1: 4041 r2: 6 r3: 56675 r4: 115 r5: 65514 sp: 65508 pc: 5212        N: 0 Z: 0 V: 0 C: 0      
5212:   sob r2, 5204.                 src: 6         dst: 68        r0: 5 r1: 4041 r2: 5 r3: 56675 r4: 115 r5: 65514 sp: 65508 pc: 5204        N: 0 Z: 0 V: 0 C: 0      
5204:   movb (r1)+, r4                src: 0         dst: 115       r0: 5 r1: 4042 r2: 5 r3: 56675 r4: 0 r5: 65514 sp: 65508 pc: 5206          N: 0 Z: 1 V: 0 C: 0      
5206:   beq 5214.                     src: 2562                     r0: 5 r1: 4042 r2: 5 r3: 56675 r4: 0 r5: 65514 sp: 65508 pc: 5214          N: 0 Z: 1 V: 0 C: 0      
5214:   clr r2                        src: 5                        r0: 5 r1: 4042 r2: 0 r3: 56675 r4: 0 r5: 65514 sp: 65508 pc: 5216          N: 0 Z: 1 V: 0 C: 0      
5216:   div $hshsiz, r2               src: 1553      dst: 0         r0: 5 r1: 4042 r2: 36 r3: 767 r4: 0 r5: 65514 sp: 65508 pc: 5220           N: 0 Z: 0 V: 0 C: 0      
5220:   ashc $1., r2                  src: 1         dst: 36        r0: 5 r1: 4042 r2: 72 r3: 1534 r4: 0 r5: 65514 sp: 65508 pc: 5224          N: 0 Z: 0 V: 0 C: 0      
5224:   add $hshtab, r3               src: 5722      dst: 1534      r0: 5 r1: 4042 r2: 72 r3: 7256 r4: 0 r5: 65514 sp: 65508 pc: 5228          N: 0 Z: 0 V: 0 C: 0      
5228:   sub r2, r3                    src: 72        dst: 7256      r0: 5 r1: 4042 r2: 72 r3: 7184 r4: 0 r5: 65514 sp: 65508 pc: 5230          N: 0 Z: 0 V: 0 C: 0      
5230:   cmp r3, $hshtab               src: 7184      dst: 5722      r0: 5 r1: 4042 r2: 72 r3: 7184 r4: 0 r5: 65514 sp: 65508 pc: 5234          N: 0 Z: 0 V: 0 C: 0      
5234:   bhi 5240.                     src: 3043                     r0: 5 r1: 4042 r2: 72 r3: 7184 r4: 0 r5: 65514 sp: 65508 pc: 5240          N: 0 Z: 0 V: 0 C: 0      
5240:   tst -(r3)                     src: 0                        r0: 5 r1: 4042 r2: 72 r3: 7182 r4: 0 r5: 65514 sp: 65508 pc: 5242          N: 0 Z: 1 V: 0 C: 0      
5242:   bne 5228.                     src: 57475                    r0: 5 r1: 4042 r2: 72 r3: 7182 r4: 0 r5: 65514 sp: 65508 pc: 5244          N: 0 Z: 1 V: 0 C: 0      
5244:   mov (sp)+, r1                 src: 4038      dst: 4042      r0: 5 r1: 4038 r2: 72 r3: 7182 r4: 0 r5: 65514 sp: 65510 pc: 5246          N: 0 Z: 0 V: 0 C: 0      
5246:   mov r1, (r3)                  src: 4038      dst: 0         r0: 5 r1: 4038 r2: 72 r3: 7182 r4: 0 r5: 65514 sp: 65510 pc: 5248          N: 0 Z: 0 V: 0 C: 0      
5248:   add $12., r1                  src: 12        dst: 4038      r0: 5 r1: 4050 r2: 72 r3: 7182 r4: 0 r5: 65514 sp: 65510 pc: 5252          N: 0 Z: 0 V: 0 C: 0      
5252:   cmp r1, $ebsymtab             src: 4050      dst: 5118      r0: 5 r1: 4050 r2: 72 r3: 7182 r4: 0 r5: 65514 sp: 65510 pc: 5256          N: 1 Z: 0 V: 0 C: 1      
5256:   bcs 5196.                     src: 2563                     r0: 5 r1: 4050 r2: 72 r3: 7182 r4: 0 r5: 65514 sp: 65510 pc: 5196          N: 1 Z: 0 V: 0 C: 1      
5196:   clr r3                        src: 7182                     r0: 5 r1: 4050 r2: 72 r3: 0 r4: 0 r5: 65514 sp: 65510 pc: 5198             N: 0 Z: 1 V: 0 C: 0      
5198:   mov $8., r2                   src: 8         dst: 72        r0: 5 r1: 4050 r2: 8 r3: 0 r4: 0 r5: 65514 sp: 65510 pc: 5202              N: 0 Z: 0 V: 0 C: 0      
5202:   mov r1, -(sp)                 src: 4050      dst: 4038      r0: 5 r1: 4050 r2: 8 r3: 0 r4: 0 r5: 65514 sp: 65508 pc: 5204              N: 0 Z: 0 V: 0 C: 0      
5204:   movb (r1)+, r4                src: 106       dst: 0         r0: 5 r1: 4051 r2: 8 r3: 0 r4: 106 r5: 65514 sp: 65508 pc: 5206            N: 0 Z: 0 V: 0 C: 0      
5206:   beq 5214.                     src: 2562                     r0: 5 r1: 4051 r2: 8 r3: 0 r4: 106 r5: 65514 sp: 65508 pc: 5208            N: 0 Z: 0 V: 0 C: 0      
5208:   add r4, r3                    src: 106       dst: 0         r0: 5 r1: 4051 r2: 8 r3: 106 r4: 106 r5: 65514 sp: 65508 pc: 5210          N: 0 Z: 0 V: 0 C: 0      
5210:   swab r3                       src: 106                      r0: 5 r1: 4051 r2: 8 r3: 27136 r4: 106 r5: 65514 sp: 65508 pc: 5212        N: 0 Z: 1 V: 0 C: 0      
5212:   sob r2, 5204.                 src: 8         dst: 68        r0: 5 r1: 4051 r2: 7 r3: 27136 r4: 106 r5: 65514 sp: 65508 pc: 5204        N: 0 Z: 1 V: 0 C: 0      
5204:   movb (r1)+, r4                src: 101       dst: 106       r0: 5 r1: 4052 r2: 7 r3: 27136 r4: 101 r5: 65514 sp: 65508 pc: 5206        N: 0 Z: 0 V: 0 C: 0      
5206:   beq 5214.                     src: 2562                     r0: 5 r1: 4052 r2: 7 r3: 27136 r4: 101 r5: 65514 sp: 65508 pc: 5208        N: 0 Z: 0 V: 0 C: 0      
5208:   add r4, r3                    src: 101       dst: 27136     r0: 5 r1: 4052 r2: 7 r3: 27237 r4: 101 r5: 65514 sp: 65508 pc: 5210        N: 0 Z: 0 V: 0 C: 0      
5210:   swab r3                       src: 27237                    r0: 5 r1: 4052 r2: 7 r3: 25962 r4: 101 r5: 65514 sp: 65508 pc: 5212        N: 0 Z: 0 V: 0 C: 0      
5212:   sob r2, 5204.                 src: 7         dst: 68        r0: 5 r1: 4052 r2: 6 r3: 25962 r4: 101 r5: 65514 sp: 65508 pc: 5204        N: 0 Z: 0 V: 0 C: 0      
5204:   movb (r1)+, r4                src: 115       dst: 101       r0: 5 r1: 4053 r2: 6 r3: 25962 r4: 115 r5: 65514 sp: 65508 pc: 5206        N: 0 Z: 0 V: 0 C: 0      
5206:   beq 5214.                     src: 2562                     r0: 5 r1: 4053 r2: 6 r3: 25962 r4: 115 r5: 65514 sp: 65508 pc: 5208        N: 0 Z: 0 V: 0 C: 0      
5208:   add r4, r3                    src: 115       dst: 25962     r0: 5 r1: 4053 r2: 6 r3: 26077 r4: 115 r5: 65514 sp: 65508 pc: 5210        N: 0 Z: 0 V: 0 C: 0      
5210:   swab r3                       src: 26077                    r0: 5 r1: 4053 r2: 6 r3: 56677 r4: 115 r5: 65514 sp: 65508 pc: 5212        N: 0 Z: 0 V: 0 C: 0      
5212:   sob r2, 5204.                 src: 6         dst: 68        r0: 5 r1: 4053 r2: 5 r3: 56677 r4: 115 r5: 65514 sp: 65508 pc: 5204        N: 0 Z: 0 V: 0 C: 0      
5204:   movb (r1)+, r4                src: 0         dst: 115       r0: 5 r1: 4054 r2: 5 r3: 56677 r4: 0 r5: 65514 sp: 65508 pc: 5206          N: 0 Z: 1 V: 0 C: 0      
5206:   beq 5214.                     src: 2562                     r0: 5 r1: 4054 r2: 5 r3: 56677 r4: 0 r5: 65514 sp: 65508 pc: 5214          N: 0 Z: 1 V: 0 C: 0      
5214:   clr r2                        src: 5                        r0: 5 r1: 4054 r2: 0 r3: 56677 r4: 0 r5: 65514 sp: 65508 pc: 5216          N: 0 Z: 1 V: 0 C: 0      
5216:   div $hshsiz, r2               src: 1553      dst: 0         r0: 5 r1: 4054 r2: 36 r3: 769 r4: 0 r5: 65514 sp: 65508 pc: 5220           N: 0 Z: 0 V: 0 C: 0      
5220:   ashc $1., r2                  src: 1         dst: 36        r0: 5 r1: 4054 r2: 72 r3: 1538 r4: 0 r5: 65514 sp: 65508 pc: 5224          N: 0 Z: 0 V: 0 C: 0      
5224:   add $hshtab, r3               src: 5722      dst: 1538      r0: 5 r1: 4054 r2: 72 r3: 7260 r4: 0 r5: 65514 sp: 65508 pc: 5228          N: 0 Z: 0 V: 0 C: 0      
5228:   sub r2, r3                    src: 72        dst: 7260      r0: 5 r1: 4054 r2: 72 r3: 7188 r4: 0 r5: 65514 sp: 65508 pc: 5230          N: 0 Z: 0 V: 0 C: 0      
5230:   cmp r3, $hshtab               src: 7188      dst: 5722      r0: 5 r1: 4054 r2: 72 r3: 7188 r4: 0 r5: 65514 sp: 65508 pc: 5234          N: 0 Z: 0 V: 0 C: 0      
5234:   bhi 5240.                     src: 3043                     r0: 5 r1: 4054 r2: 72 r3: 7188 r4: 0 r5: 65514 sp: 65508 pc: 5240          N: 0 Z: 0 V: 0 C: 0      
5240:   tst -(r3)                     src: 1                        r0: 5 r1: 4054 r2: 72 r3: 7186 r4: 0 r5: 65514 sp: 65508 pc: 5242          N: 0 Z: 0 V: 0 C: 0      
5242:   bne 5228.                     src: 57475                    r0: 5 r1: 4054 r2: 72 r3: 7186 r4: 0 r5: 65514 sp: 65508 pc: 5228          N: 0 Z: 0 V: 0 C: 0      
5228:   sub r2, r3                    src: 72        dst: 7186      r0: 5 r1: 4054 r2: 72 r3: 7114 r4: 0 r5: 65514 sp: 65508 pc: 5230          N: 0 Z: 0 V: 0 C: 0      
5230:   cmp r3, $hshtab               src: 7114      dst: 5722      r0: 5 r1: 4054 r2: 72 r3: 7114 r4: 0 r5: 65514 sp: 65508 pc: 5234          N: 0 Z: 0 V: 0 C: 0      
5234:   bhi 5240.                     src: 3043                     r0: 5 r1: 4054 r2: 72 r3: 7114 r4: 0 r5: 65514 sp: 65508 pc: 5240          N: 0 Z: 0 V: 0 C: 0      
5240:   tst -(r3)                     src: 1                        r0: 5 r1: 4054 r2: 72 r3: 7112 r4: 0 r5: 65514 sp: 65508 pc: 5242          N: 0 Z: 0 V: 0 C: 0      
5242:   bne 5228.                     src: 57475                    r0: 5 r1: 4054 r2: 72 r3: 7112 r4: 0 r5: 65514 sp: 65508 pc: 5228          N: 0 Z: 0 V: 0 C: 0      
5228:   sub r2, r3                    src: 72        dst: 7112      r0: 5 r1: 4054 r2: 72 r3: 7040 r4: 0 r5: 65514 sp: 65508 pc: 5230          N: 0 Z: 0 V: 0 C: 0      
5230:   cmp r3, $hshtab               src: 7040      dst: 5722      r0: 5 r1: 4054 r2: 72 r3: 7040 r4: 0 r5: 65514 sp: 65508 pc: 5234          N: 0 Z: 0 V: 0 C: 0      
5234:   bhi 5240.                     src: 3043                     r0: 5 r1: 4054 r2: 72 r3: 7040 r4: 0 r5: 65514 sp: 65508 pc: 5240          N: 0 Z: 0 V: 0 C: 0      
5240:   tst -(r3)                     src: 0                        r0: 5 r1: 4054 r2: 72 r3: 7038 r4: 0 r5: 65514 sp: 65508 pc: 5242          N: 0 Z: 1 V: 0 C: 0      
5242:   bne 5228.                     src: 57475                    r0: 5 r1: 4054 r2: 72 r3: 7038 r4: 0 r5: 65514 sp: 65508 pc: 5244          N: 0 Z: 1 V: 0 C: 0      
5244:   mov (sp)+, r1                 src: 4050      dst: 4054      r0: 5 r1: 4050 r2: 72 r3: 7038 r4: 0 r5: 65514 sp: 65510 pc: 5246          N: 0 Z: 0 V: 0 C: 0      
5246:   mov r1, (r3)                  src: 4050      dst: 0         r0: 5 r1: 4050 r2: 72 r3: 7038 r4: 0 r5: 65514 sp: 65510 pc: 5248          N: 0 Z: 0 V: 0 C: 0      
5248:   add $12., r1                  src: 12        dst: 4050      r0: 5 r1: 4062 r2: 72 r3: 7038 r4: 0 r5: 65514 sp: 65510 pc: 5252          N: 0 Z: 0 V: 0 C: 0      
5252:   cmp r1, $ebsymtab             src: 4062      dst: 5118      r0: 5 r1: 4062 r2: 72 r3: 7038 r4: 0 r5: 65514 sp: 65510 pc: 5256          N: 1 Z: 0 V: 0 C: 1      
5256:   bcs 5196.                     src: 2563                     r0: 5 r1: 4062 r2: 72 r3: 7038 r4: 0 r5: 65514 sp: 65510 pc: 5196          N: 1 Z: 0 V: 0 C: 1      
5196:   clr r3                        src: 7038                     r0: 5 r1: 4062 r2: 72 r3: 0 r4: 0 r5: 65514 sp: 65510 pc: 5198             N: 0 Z: 1 V: 0 C: 0      
5198:   mov $8., r2                   src: 8         dst: 72        r0: 5 r1: 4062 r2: 8 r3: 0 r4: 0 r5: 65514 sp: 65510 pc: 5202              N: 0 Z: 0 V: 0 C: 0      
5202:   mov r1, -(sp)                 src: 4062      dst: 4050      r0: 5 r1: 4062 r2: 8 r3: 0 r4: 0 r5: 65514 sp: 65508 pc: 5204              N: 0 Z: 0 V: 0 C: 0      
5204:   movb (r1)+, r4                src: 99        dst: 0         r0: 5 r1: 4063 r2: 8 r3: 0 r4: 99 r5: 65514 sp: 65508 pc: 5206             N: 0 Z: 0 V: 0 C: 0      
5206:   beq 5214.                     src: 2562                     r0: 5 r1: 4063 r2: 8 r3: 0 r4: 99 r5: 65514 sp: 65508 pc: 5208             N: 0 Z: 0 V: 0 C: 0      
5208:   add r4, r3                    src: 99        dst: 0         r0: 5 r1: 4063 r2: 8 r3: 99 r4: 99 r5: 65514 sp: 65508 pc: 5210            N: 0 Z: 0 V: 0 C: 0      
5210:   swab r3                       src: 99                       r0: 5 r1: 4063 r2: 8 r3: 25344 r4: 99 r5: 65514 sp: 65508 pc: 5212         N: 0 Z: 1 V: 0 C: 0      
5212:   sob r2, 5204.                 src: 8         dst: 68        r0: 5 r1: 4063 r2: 7 r3: 25344 r4: 99 r5: 65514 sp: 65508 pc: 5204         N: 0 Z: 1 V: 0 C: 0      
5204:   movb (r1)+, r4                src: 108       dst: 99        r0: 5 r1: 4064 r2: 7 r3: 25344 r4: 108 r5: 65514 sp: 65508 pc: 5206        N: 0 Z: 0 V: 0 C: 0      
5206:   beq 5214.                     src: 2562                     r0: 5 r1: 4064 r2: 7 r3: 25344 r4: 108 r5: 65514 sp: 65508 pc: 5208        N: 0 Z: 0 V: 0 C: 0      
5208:   add r4, r3                    src: 108       dst: 25344     r0: 5 r1: 4064 r2: 7 r3: 25452 r4: 108 r5: 65514 sp: 65508 pc: 5210        N: 0 Z: 0 V: 0 C: 0      
5210:   swab r3                       src: 25452                    r0: 5 r1: 4064 r2: 7 r3: 27747 r4: 108 r5: 65514 sp: 65508 pc: 5212        N: 0 Z: 0 V: 0 C: 0      
5212:   sob r2, 5204.                 src: 7         dst: 68        r0: 5 r1: 4064 r2: 6 r3: 27747 r4: 108 r5: 65514 sp: 65508 pc: 5204        N: 0 Z: 0 V: 0 C: 0      
5204:   movb (r1)+, r4                src: 114       dst: 108       r0: 5 r1: 4065 r2: 6 r3: 27747 r4: 114 r5: 65514 sp: 65508 pc: 5206        N: 0 Z: 0 V: 0 C: 0      
5206:   beq 5214.                     src: 2562                     r0: 5 r1: 4065 r2: 6 r3: 27747 r4: 114 r5: 65514 sp: 65508 pc: 5208        N: 0 Z: 0 V: 0 C: 0      
5208:   add r4, r3                    src: 114       dst: 27747     r0: 5 r1: 4065 r2: 6 r3: 27861 r4: 114 r5: 65514 sp: 65508 pc: 5210        N: 0 Z: 0 V: 0 C: 0      
5210:   swab r3                       src: 27861                    r0: 5 r1: 4065 r2: 6 r3: 54636 r4: 114 r5: 65514 sp: 65508 pc: 5212        N: 0 Z: 0 V: 0 C: 0      
5212:   sob r2, 5204.                 src: 6         dst: 68        r0: 5 r1: 4065 r2: 5 r3: 54636 r4: 114 r5: 65514 sp: 65508 pc: 5204        N: 0 Z: 0 V: 0 C: 0      
5204:   movb (r1)+, r4                src: 0         dst: 114       r0: 5 r1: 4066 r2: 5 r3: 54636 r4: 0 r5: 65514 sp: 65508 pc: 5206          N: 0 Z: 1 V: 0 C: 0      
5206:   beq 5214.                     src: 2562                     r0: 5 r1: 4066 r2: 5 r3: 54636 r4: 0 r5: 65514 sp: 65508 pc: 5214          N: 0 Z: 1 V: 0 C: 0      
5214:   clr r2                        src: 5                        r0: 5 r1: 4066 r2: 0 r3: 54636 r4: 0 r5: 65514 sp: 65508 pc: 5216          N: 0 Z: 1 V: 0 C: 0      
5216:   div $hshsiz, r2               src: 1553      dst: 0         r0: 5 r1: 4066 r2: 35 r3: 281 r4: 0 r5: 65514 sp: 65508 pc: 5220           N: 0 Z: 0 V: 0 C: 0      
5220:   ashc $1., r2                  src: 1         dst: 35        r0: 5 r1: 4066 r2: 70 r3: 562 r4: 0 r5: 65514 sp: 65508 pc: 5224           N: 0 Z: 0 V: 0 C: 0      
5224:   add $hshtab, r3               src: 5722      dst: 562       r0: 5 r1: 4066 r2: 70 r3: 6284 r4: 0 r5: 65514 sp: 65508 pc: 5228          N: 0 Z: 0 V: 0 C: 0      
5228:   sub r2, r3                    src: 70        dst: 6284      r0: 5 r1: 4066 r2: 70 r3: 6214 r4: 0 r5: 65514 sp: 65508 pc: 5230          N: 0 Z: 0 V: 0 C: 0      
5230:   cmp r3, $hshtab               src: 6214      dst: 5722      r0: 5 r1: 4066 r2: 70 r3: 6214 r4: 0 r5: 65514 sp: 65508 pc: 5234          N: 0 Z: 0 V: 0 C: 0      
5234:   bhi 5240.                     src: 3043                     r0: 5 r1: 4066 r2: 70 r3: 6214 r4: 0 r5: 65514 sp: 65508 pc: 5240          N: 0 Z: 0 V: 0 C: 0      
5240:   tst -(r3)                     src: 1                        r0: 5 r1: 4066 r2: 70 r3: 6212 r4: 0 r5: 65514 sp: 65508 pc: 5242          N: 0 Z: 0 V: 0 C: 0      
5242:   bne 5228.                     src: 57475                    r0: 5 r1: 4066 r2: 70 r3: 6212 r4: 0 r5: 65514 sp: 65508 pc: 5228          N: 0 Z: 0 V: 0 C: 0      
5228:   sub r2, r3                    src: 70        dst: 6212      r0: 5 r1: 4066 r2: 70 r3: 6142 r4: 0 r5: 65514 sp: 65508 pc: 5230          N: 0 Z: 0 V: 0 C: 0      
5230:   cmp r3, $hshtab               src: 6142      dst: 5722      r0: 5 r1: 4066 r2: 70 r3: 6142 r4: 0 r5: 65514 sp: 65508 pc: 5234          N: 0 Z: 0 V: 0 C: 0      
5234:   bhi 5240.                     src: 3043                     r0: 5 r1: 4066 r2: 70 r3: 6142 r4: 0 r5: 65514 sp: 65508 pc: 5240          N: 0 Z: 0 V: 0 C: 0      
5240:   tst -(r3)                     src: 0                        r0: 5 r1: 4066 r2: 70 r3: 6140 r4: 0 r5: 65514 sp: 65508 pc: 5242          N: 0 Z: 1 V: 0 C: 0      
5242:   bne 5228.                     src: 57475                    r0: 5 r1: 4066 r2: 70 r3: 6140 r4: 0 r5: 65514 sp: 65508 pc: 5244          N: 0 Z: 1 V: 0 C: 0      
5244:   mov (sp)+, r1                 src: 4062      dst: 4066      r0: 5 r1: 4062 r2: 70 r3: 6140 r4: 0 r5: 65514 sp: 65510 pc: 5246          N: 0 Z: 0 V: 0 C: 0      
5246:   mov r1, (r3)                  src: 4062      dst: 0         r0: 5 r1: 4062 r2: 70 r3: 6140 r4: 0 r5: 65514 sp: 65510 pc: 5248          N: 0 Z: 0 V: 0 C: 0      
5248:   add $12., r1                  src: 12        dst: 4062      r0: 5 r1: 4074 r2: 70 r3: 6140 r4: 0 r5: 65514 sp: 65510 pc: 5252          N: 0 Z: 0 V: 0 C: 0      
5252:   cmp r1, $ebsymtab             src: 4074      dst: 5118      r0: 5 r1: 4074 r2: 70 r3: 6140 r4: 0 r5: 65514 sp: 65510 pc: 5256          N: 1 Z: 0 V: 0 C: 1      
5256:   bcs 5196.                     src: 2563                     r0: 5 r1: 4074 r2: 70 r3: 6140 r4: 0 r5: 65514 sp: 65510 pc: 5196          N: 1 Z: 0 V: 0 C: 1      
5196:   clr r3                        src: 6140                     r0: 5 r1: 4074 r2: 70 r3: 0 r4: 0 r5: 65514 sp: 65510 pc: 5198             N: 0 Z: 1 V: 0 C: 0      
5198:   mov $8., r2                   src: 8         dst: 70        r0: 5 r1: 4074 r2: 8 r3: 0 r4: 0 r5: 65514 sp: 65510 pc: 5202              N: 0 Z: 0 V: 0 C: 0      
5202:   mov r1, -(sp)                 src: 4074      dst: 4062      r0: 5 r1: 4074 r2: 8 r3: 0 r4: 0 r5: 65514 sp: 65508 pc: 5204              N: 0 Z: 0 V: 0 C: 0      
5204:   movb (r1)+, r4                src: 99        dst: 0         r0: 5 r1: 4075 r2: 8 r3: 0 r4: 99 r5: 65514 sp: 65508 pc: 5206             N: 0 Z: 0 V: 0 C: 0      
5206:   beq 5214.                     src: 2562                     r0: 5 r1: 4075 r2: 8 r3: 0 r4: 99 r5: 65514 sp: 65508 pc: 5208             N: 0 Z: 0 V: 0 C: 0      
5208:   add r4, r3                    src: 99        dst: 0         r0: 5 r1: 4075 r2: 8 r3: 99 r4: 99 r5: 65514 sp: 65508 pc: 5210            N: 0 Z: 0 V: 0 C: 0      
5210:   swab r3                       src: 99                       r0: 5 r1: 4075 r2: 8 r3: 25344 r4: 99 r5: 65514 sp: 65508 pc: 5212         N: 0 Z: 1 V: 0 C: 0      
5212:   sob r2, 5204.                 src: 8         dst: 68        r0: 5 r1: 4075 r2: 7 r3: 25344 r4: 99 r5: 65514 sp: 65508 pc: 5204         N: 0 Z: 1 V: 0 C: 0      
5204:   movb (r1)+, r4                src: 108       dst: 99        r0: 5 r1: 4076 r2: 7 r3: 25344 r4: 108 r5: 65514 sp: 65508 pc: 5206        N: 0 Z: 0 V: 0 C: 0      
5206:   beq 5214.                     src: 2562                     r0: 5 r1: 4076 r2: 7 r3: 25344 r4: 108 r5: 65514 sp: 65508 pc: 5208        N: 0 Z: 0 V: 0 C: 0      
5208:   add r4, r3                    src: 108       dst: 25344     r0: 5 r1: 4076 r2: 7 r3: 25452 r4: 108 r5: 65514 sp: 65508 pc: 5210        N: 0 Z: 0 V: 0 C: 0      
5210:   swab r3                       src: 25452                    r0: 5 r1: 4076 r2: 7 r3: 27747 r4: 108 r5: 65514 sp: 65508 pc: 5212        N: 0 Z: 0 V: 0 C: 0      
5212:   sob r2, 5204.                 src: 7         dst: 68        r0: 5 r1: 4076 r2: 6 r3: 27747 r4: 108 r5: 65514 sp: 65508 pc: 5204        N: 0 Z: 0 V: 0 C: 0      
5204:   movb (r1)+, r4                src: 114       dst: 108       r0: 5 r1: 4077 r2: 6 r3: 27747 r4: 114 r5: 65514 sp: 65508 pc: 5206        N: 0 Z: 0 V: 0 C: 0      
5206:   beq 5214.                     src: 2562                     r0: 5 r1: 4077 r2: 6 r3: 27747 r4: 114 r5: 65514 sp: 65508 pc: 5208        N: 0 Z: 0 V: 0 C: 0      
5208:   add r4, r3                    src: 114       dst: 27747     r0: 5 r1: 4077 r2: 6 r3: 27861 r4: 114 r5: 65514 sp: 65508 pc: 5210        N: 0 Z: 0 V: 0 C: 0      
5210:   swab r3                       src: 27861                    r0: 5 r1: 4077 r2: 6 r3: 54636 r4: 114 r5: 65514 sp: 65508 pc: 5212        N: 0 Z: 0 V: 0 C: 0      
5212:   sob r2, 5204.                 src: 6         dst: 68        r0: 5 r1: 4077 r2: 5 r3: 54636 r4: 114 r5: 65514 sp: 65508 pc: 5204        N: 0 Z: 0 V: 0 C: 0      
5204:   movb (r1)+, r4                src: 98        dst: 114       r0: 5 r1: 4078 r2: 5 r3: 54636 r4: 98 r5: 65514 sp: 65508 pc: 5206         N: 0 Z: 0 V: 0 C: 0      
5206:   beq 5214.                     src: 2562                     r0: 5 r1: 4078 r2: 5 r3: 54636 r4: 98 r5: 65514 sp: 65508 pc: 5208         N: 0 Z: 0 V: 0 C: 0      
5208:   add r4, r3                    src: 98        dst: 54636     r0: 5 r1: 4078 r2: 5 r3: 54734 r4: 98 r5: 65514 sp: 65508 pc: 5210         N: 0 Z: 0 V: 0 C: 0      
5210:   swab r3                       src: 54734                    r0: 5 r1: 4078 r2: 5 r3: 52949 r4: 98 r5: 65514 sp: 65508 pc: 5212         N: 1 Z: 0 V: 0 C: 0      
5212:   sob r2, 5204.                 src: 5         dst: 68        r0: 5 r1: 4078 r2: 4 r3: 52949 r4: 98 r5: 65514 sp: 65508 pc: 5204         N: 1 Z: 0 V: 0 C: 0      
5204:   movb (r1)+, r4                src: 0         dst: 98        r0: 5 r1: 4079 r2: 4 r3: 52949 r4: 0 r5: 65514 sp: 65508 pc: 5206          N: 0 Z: 1 V: 0 C: 0      
5206:   beq 5214.                     src: 2562                     r0: 5 r1: 4079 r2: 4 r3: 52949 r4: 0 r5: 65514 sp: 65508 pc: 5214          N: 0 Z: 1 V: 0 C: 0      
5214:   clr r2                        src: 4                        r0: 5 r1: 4079 r2: 0 r3: 52949 r4: 0 r5: 65514 sp: 65508 pc: 5216          N: 0 Z: 1 V: 0 C: 0      
5216:   div $hshsiz, r2               src: 1553      dst: 0         r0: 5 r1: 4079 r2: 34 r3: 147 r4: 0 r5: 65514 sp: 65508 pc: 5220           N: 0 Z: 0 V: 0 C: 0      
5220:   ashc $1., r2                  src: 1         dst: 34        r0: 5 r1: 4079 r2: 68 r3: 294 r4: 0 r5: 65514 sp: 65508 pc: 5224           N: 0 Z: 0 V: 0 C: 0      
5224:   add $hshtab, r3               src: 5722      dst: 294       r0: 5 r1: 4079 r2: 68 r3: 6016 r4: 0 r5: 65514 sp: 65508 pc: 5228          N: 0 Z: 0 V: 0 C: 0      
5228:   sub r2, r3                    src: 68        dst: 6016      r0: 5 r1: 4079 r2: 68 r3: 5948 r4: 0 r5: 65514 sp: 65508 pc: 5230          N: 0 Z: 0 V: 0 C: 0      
5230:   cmp r3, $hshtab               src: 5948      dst: 5722      r0: 5 r1: 4079 r2: 68 r3: 5948 r4: 0 r5: 65514 sp: 65508 pc: 5234          N: 0 Z: 0 V: 0 C: 0      
5234:   bhi 5240.                     src: 3043                     r0: 5 r1: 4079 r2: 68 r3: 5948 r4: 0 r5: 65514 sp: 65508 pc: 5240          N: 0 Z: 0 V: 0 C: 0      
5240:   tst -(r3)                     src: 0                        r0: 5 r1: 4079 r2: 68 r3: 5946 r4: 0 r5: 65514 sp: 65508 pc: 5242          N: 0 Z: 1 V: 0 C: 0      
5242:   bne 5228.                     src: 57475                    r0: 5 r1: 4079 r2: 68 r3: 5946 r4: 0 r5: 65514 sp: 65508 pc: 5244          N: 0 Z: 1 V: 0 C: 0      
5244:   mov (sp)+, r1                 src: 4074      dst: 4079      r0: 5 r1: 4074 r2: 68 r3: 5946 r4: 0 r5: 65514 sp: 65510 pc: 5246          N: 0 Z: 0 V: 0 C: 0      
5246:   mov r1, (r3)                  src: 4074      dst: 0         r0: 5 r1: 4074 r2: 68 r3: 5946 r4: 0 r5: 65514 sp: 65510 pc: 5248          N: 0 Z: 0 V: 0 C: 0      
5248:   add $12., r1                  src: 12        dst: 4074      r0: 5 r1: 4086 r2: 68 r3: 5946 r4: 0 r5: 65514 sp: 65510 pc: 5252          N: 0 Z: 0 V: 0 C: 0      
5252:   cmp r1, $ebsymtab             src: 4086      dst: 5118      r0: 5 r1: 4086 r2: 68 r3: 5946 r4: 0 r5: 65514 sp: 65510 pc: 5256          N: 1 Z: 0 V: 0 C: 1      
5256:   bcs 5196.                     src: 2563                     r0: 5 r1: 4086 r2: 68 r3: 5946 r4: 0 r5: 65514 sp: 65510 pc: 5196          N: 1 Z: 0 V: 0 C: 1      
5196:   clr r3                        src: 5946                     r0: 5 r1: 4086 r2: 68 r3: 0 r4: 0 r5: 65514 sp: 65510 pc: 5198             N: 0 Z: 1 V: 0 C: 0      
5198:   mov $8., r2                   src: 8         dst: 68        r0: 5 r1: 4086 r2: 8 r3: 0 r4: 0 r5: 65514 sp: 65510 pc: 5202              N: 0 Z: 0 V: 0 C: 0      
5202:   mov r1, -(sp)                 src: 4086      dst: 4074      r0: 5 r1: 4086 r2: 8 r3: 0 r4: 0 r5: 65514 sp: 65508 pc: 5204              N: 0 Z: 0 V: 0 C: 0      
5204:   movb (r1)+, r4                src: 99        dst: 0         r0: 5 r1: 4087 r2: 8 r3: 0 r4: 99 r5: 65514 sp: 65508 pc: 5206             N: 0 Z: 0 V: 0 C: 0      
5206:   beq 5214.                     src: 2562                     r0: 5 r1: 4087 r2: 8 r3: 0 r4: 99 r5: 65514 sp: 65508 pc: 5208             N: 0 Z: 0 V: 0 C: 0      
5208:   add r4, r3                    src: 99        dst: 0         r0: 5 r1: 4087 r2: 8 r3: 99 r4: 99 r5: 65514 sp: 65508 pc: 5210            N: 0 Z: 0 V: 0 C: 0      
5210:   swab r3                       src: 99                       r0: 5 r1: 4087 r2: 8 r3: 25344 r4: 99 r5: 65514 sp: 65508 pc: 5212         N: 0 Z: 1 V: 0 C: 0      
5212:   sob r2, 5204.                 src: 8         dst: 68        r0: 5 r1: 4087 r2: 7 r3: 25344 r4: 99 r5: 65514 sp: 65508 pc: 5204         N: 0 Z: 1 V: 0 C: 0      
5204:   movb (r1)+, r4                src: 111       dst: 99        r0: 5 r1: 4088 r2: 7 r3: 25344 r4: 111 r5: 65514 sp: 65508 pc: 5206        N: 0 Z: 0 V: 0 C: 0      
5206:   beq 5214.                     src: 2562                     r0: 5 r1: 4088 r2: 7 r3: 25344 r4: 111 r5: 65514 sp: 65508 pc: 5208        N: 0 Z: 0 V: 0 C: 0      
5208:   add r4, r3                    src: 111       dst: 25344     r0: 5 r1: 4088 r2: 7 r3: 25455 r4: 111 r5: 65514 sp: 65508 pc: 5210        N: 0 Z: 0 V: 0 C: 0      
5210:   swab r3                       src: 25455                    r0: 5 r1: 4088 r2: 7 r3: 28515 r4: 111 r5: 65514 sp: 65508 pc: 5212        N: 0 Z: 0 V: 0 C: 0      
5212:   sob r2, 5204.                 src: 7         dst: 68        r0: 5 r1: 4088 r2: 6 r3: 28515 r4: 111 r5: 65514 sp: 65508 pc: 5204        N: 0 Z: 0 V: 0 C: 0      
5204:   movb (r1)+, r4                src: 109       dst: 111       r0: 5 r1: 4089 r2: 6 r3: 28515 r4: 109 r5: 65514 sp: 65508 pc: 5206        N: 0 Z: 0 V: 0 C: 0      
5206:   beq 5214.                     src: 2562                     r0: 5 r1: 4089 r2: 6 r3: 28515 r4: 109 r5: 65514 sp: 65508 pc: 5208        N: 0 Z: 0 V: 0 C: 0      
5208:   add r4, r3                    src: 109       dst: 28515     r0: 5 r1: 4089 r2: 6 r3: 28624 r4: 109 r5: 65514 sp: 65508 pc: 5210        N: 0 Z: 0 V: 0 C: 0      
5210:   swab r3                       src: 28624                    r0: 5 r1: 4089 r2: 6 r3: 53359 r4: 109 r5: 65514 sp: 65508 pc: 5212        N: 0 Z: 0 V: 0 C: 0      
5212:   sob r2, 5204.                 src: 6         dst: 68        r0: 5 r1: 4089 r2: 5 r3: 53359 r4: 109 r5: 65514 sp: 65508 pc: 5204        N: 0 Z: 0 V: 0 C: 0      
5204:   movb (r1)+, r4                src: 0         dst: 109       r0: 5 r1: 4090 r2: 5 r3: 53359 r4: 0 r5: 65514 sp: 65508 pc: 5206          N: 0 Z: 1 V: 0 C: 0      
5206:   beq 5214.                     src: 2562                     r0: 5 r1: 4090 r2: 5 r3: 53359 r4: 0 r5: 65514 sp: 65508 pc: 5214          N: 0 Z: 1 V: 0 C: 0      
5214:   clr r2                        src: 5                        r0: 5 r1: 4090 r2: 0 r3: 53359 r4: 0 r5: 65514 sp: 65508 pc: 5216          N: 0 Z: 1 V: 0 C: 0      
5216:   div $hshsiz, r2               src: 1553      dst: 0         r0: 5 r1: 4090 r2: 34 r3: 557 r4: 0 r5: 65514 sp: 65508 pc: 5220           N: 0 Z: 0 V: 0 C: 0      
5220:   ashc $1., r2                  src: 1         dst: 34        r0: 5 r1: 4090 r2: 68 r3: 1114 r4: 0 r5: 65514 sp: 65508 pc: 5224          N: 0 Z: 0 V: 0 C: 0      
5224:   add $hshtab, r3               src: 5722      dst: 1114      r0: 5 r1: 4090 r2: 68 r3: 6836 r4: 0 r5: 65514 sp: 65508 pc: 5228          N: 0 Z: 0 V: 0 C: 0      
5228:   sub r2, r3                    src: 68        dst: 6836      r0: 5 r1: 4090 r2: 68 r3: 6768 r4: 0 r5: 65514 sp: 65508 pc: 5230          N: 0 Z: 0 V: 0 C: 0      
5230:   cmp r3, $hshtab               src: 6768      dst: 5722      r0: 5 r1: 4090 r2: 68 r3: 6768 r4: 0 r5: 65514 sp: 65508 pc: 5234          N: 0 Z: 0 V: 0 C: 0      
5234:   bhi 5240.                     src: 3043                     r0: 5 r1: 4090 r2: 68 r3: 6768 r4: 0 r5: 65514 sp: 65508 pc: 5240          N: 0 Z: 0 V: 0 C: 0      
5240:   tst -(r3)                     src: 1                        r0: 5 r1: 4090 r2: 68 r3: 6766 r4: 0 r5: 65514 sp: 65508 pc: 5242          N: 0 Z: 0 V: 0 C: 0      
5242:   bne 5228.                     src: 57475                    r0: 5 r1: 4090 r2: 68 r3: 6766 r4: 0 r5: 65514 sp: 65508 pc: 5228          N: 0 Z: 0 V: 0 C: 0      
5228:   sub r2, r3                    src: 68        dst: 6766      r0: 5 r1: 4090 r2: 68 r3: 6698 r4: 0 r5: 65514 sp: 65508 pc: 5230          N: 0 Z: 0 V: 0 C: 0      
5230:   cmp r3, $hshtab               src: 6698      dst: 5722      r0: 5 r1: 4090 r2: 68 r3: 6698 r4: 0 r5: 65514 sp: 65508 pc: 5234          N: 0 Z: 0 V: 0 C: 0      
5234:   bhi 5240.                     src: 3043                     r0: 5 r1: 4090 r2: 68 r3: 6698 r4: 0 r5: 65514 sp: 65508 pc: 5240          N: 0 Z: 0 V: 0 C: 0      
5240:   tst -(r3)                     src: 0                        r0: 5 r1: 4090 r2: 68 r3: 6696 r4: 0 r5: 65514 sp: 65508 pc: 5242          N: 0 Z: 1 V: 0 C: 0      
5242:   bne 5228.                     src: 57475                    r0: 5 r1: 4090 r2: 68 r3: 6696 r4: 0 r5: 65514 sp: 65508 pc: 5244          N: 0 Z: 1 V: 0 C: 0      
5244:   mov (sp)+, r1                 src: 4086      dst: 4090      r0: 5 r1: 4086 r2: 68 r3: 6696 r4: 0 r5: 65514 sp: 65510 pc: 5246          N: 0 Z: 0 V: 0 C: 0      
5246:   mov r1, (r3)                  src: 4086      dst: 0         r0: 5 r1: 4086 r2: 68 r3: 6696 r4: 0 r5: 65514 sp: 65510 pc: 5248          N: 0 Z: 0 V: 0 C: 0      
5248:   add $12., r1                  src: 12        dst: 4086      r0: 5 r1: 4098 r2: 68 r3: 6696 r4: 0 r5: 65514 sp: 65510 pc: 5252          N: 0 Z: 0 V: 0 C: 0      
5252:   cmp r1, $ebsymtab             src: 4098      dst: 5118      r0: 5 r1: 4098 r2: 68 r3: 6696 r4: 0 r5: 65514 sp: 65510 pc: 5256          N: 1 Z: 0 V: 0 C: 1      
5256:   bcs 5196.                     src: 2563                     r0: 5 r1: 4098 r2: 68 r3: 6696 r4: 0 r5: 65514 sp: 65510 pc: 5196          N: 1 Z: 0 V: 0 C: 1      
5196:   clr r3                        src: 6696                     r0: 5 r1: 4098 r2: 68 r3: 0 r4: 0 r5: 65514 sp: 65510 pc: 5198             N: 0 Z: 1 V: 0 C: 0      
5198:   mov $8., r2                   src: 8         dst: 68        r0: 5 r1: 4098 r2: 8 r3: 0 r4: 0 r5: 65514 sp: 65510 pc: 5202              N: 0 Z: 0 V: 0 C: 0      
5202:   mov r1, -(sp)                 src: 4098      dst: 4086      r0: 5 r1: 4098 r2: 8 r3: 0 r4: 0 r5: 65514 sp: 65508 pc: 5204              N: 0 Z: 0 V: 0 C: 0      
5204:   movb (r1)+, r4                src: 99        dst: 0         r0: 5 r1: 4099 r2: 8 r3: 0 r4: 99 r5: 65514 sp: 65508 pc: 5206             N: 0 Z: 0 V: 0 C: 0      
5206:   beq 5214.                     src: 2562                     r0: 5 r1: 4099 r2: 8 r3: 0 r4: 99 r5: 65514 sp: 65508 pc: 5208             N: 0 Z: 0 V: 0 C: 0      
5208:   add r4, r3                    src: 99        dst: 0         r0: 5 r1: 4099 r2: 8 r3: 99 r4: 99 r5: 65514 sp: 65508 pc: 5210            N: 0 Z: 0 V: 0 C: 0      
5210:   swab r3                       src: 99                       r0: 5 r1: 4099 r2: 8 r3: 25344 r4: 99 r5: 65514 sp: 65508 pc: 5212         N: 0 Z: 1 V: 0 C: 0      
5212:   sob r2, 5204.                 src: 8         dst: 68        r0: 5 r1: 4099 r2: 7 r3: 25344 r4: 99 r5: 65514 sp: 65508 pc: 5204         N: 0 Z: 1 V: 0 C: 0      
5204:   movb (r1)+, r4                src: 111       dst: 99        r0: 5 r1: 4100 r2: 7 r3: 25344 r4: 111 r5: 65514 sp: 65508 pc: 5206        N: 0 Z: 0 V: 0 C: 0      
5206:   beq 5214.                     src: 2562                     r0: 5 r1: 4100 r2: 7 r3: 25344 r4: 111 r5: 65514 sp: 65508 pc: 5208        N: 0 Z: 0 V: 0 C: 0      
5208:   add r4, r3                    src: 111       dst: 25344     r0: 5 r1: 4100 r2: 7 r3: 25455 r4: 111 r5: 65514 sp: 65508 pc: 5210        N: 0 Z: 0 V: 0 C: 0      
5210:   swab r3                       src: 25455                    r0: 5 r1: 4100 r2: 7 r3: 28515 r4: 111 r5: 65514 sp: 65508 pc: 5212        N: 0 Z: 0 V: 0 C: 0      
5212:   sob r2, 5204.                 src: 7         dst: 68        r0: 5 r1: 4100 r2: 6 r3: 28515 r4: 111 r5: 65514 sp: 65508 pc: 5204        N: 0 Z: 0 V: 0 C: 0      
5204:   movb (r1)+, r4                src: 109       dst: 111       r0: 5 r1: 4101 r2: 6 r3: 28515 r4: 109 r5: 65514 sp: 65508 pc: 5206        N: 0 Z: 0 V: 0 C: 0      
5206:   beq 5214.                     src: 2562                     r0: 5 r1: 4101 r2: 6 r3: 28515 r4: 109 r5: 65514 sp: 65508 pc: 5208        N: 0 Z: 0 V: 0 C: 0      
5208:   add r4, r3                    src: 109       dst: 28515     r0: 5 r1: 4101 r2: 6 r3: 28624 r4: 109 r5: 65514 sp: 65508 pc: 5210        N: 0 Z: 0 V: 0 C: 0      
5210:   swab r3                       src: 28624                    r0: 5 r1: 4101 r2: 6 r3: 53359 r4: 109 r5: 65514 sp: 65508 pc: 5212        N: 0 Z: 0 V: 0 C: 0      
5212:   sob r2, 5204.                 src: 6         dst: 68        r0: 5 r1: 4101 r2: 5 r3: 53359 r4: 109 r5: 65514 sp: 65508 pc: 5204        N: 0 Z: 0 V: 0 C: 0      
5204:   movb (r1)+, r4                src: 98        dst: 109       r0: 5 r1: 4102 r2: 5 r3: 53359 r4: 98 r5: 65514 sp: 65508 pc: 5206         N: 0 Z: 0 V: 0 C: 0      
5206:   beq 5214.                     src: 2562                     r0: 5 r1: 4102 r2: 5 r3: 53359 r4: 98 r5: 65514 sp: 65508 pc: 5208         N: 0 Z: 0 V: 0 C: 0      
5208:   add r4, r3                    src: 98        dst: 53359     r0: 5 r1: 4102 r2: 5 r3: 53457 r4: 98 r5: 65514 sp: 65508 pc: 5210         N: 0 Z: 0 V: 0 C: 0      
5210:   swab r3                       src: 53457                    r0: 5 r1: 4102 r2: 5 r3: 53712 r4: 98 r5: 65514 sp: 65508 pc: 5212         N: 1 Z: 0 V: 0 C: 0      
5212:   sob r2, 5204.                 src: 5         dst: 68        r0: 5 r1: 4102 r2: 4 r3: 53712 r4: 98 r5: 65514 sp: 65508 pc: 5204         N: 1 Z: 0 V: 0 C: 0      
5204:   movb (r1)+, r4                src: 0         dst: 98        r0: 5 r1: 4103 r2: 4 r3: 53712 r4: 0 r5: 65514 sp: 65508 pc: 5206          N: 0 Z: 1 V: 0 C: 0      
5206:   beq 5214.                     src: 2562                     r0: 5 r1: 4103 r2: 4 r3: 53712 r4: 0 r5: 65514 sp: 65508 pc: 5214          N: 0 Z: 1 V: 0 C: 0      
5214:   clr r2                        src: 4                        r0: 5 r1: 4103 r2: 0 r3: 53712 r4: 0 r5: 65514 sp: 65508 pc: 5216          N: 0 Z: 1 V: 0 C: 0      
5216:   div $hshsiz, r2               src: 1553      dst: 0         r0: 5 r1: 4103 r2: 34 r3: 910 r4: 0 r5: 65514 sp: 65508 pc: 5220           N: 0 Z: 0 V: 0 C: 0      
5220:   ashc $1., r2                  src: 1         dst: 34        r0: 5 r1: 4103 r2: 68 r3: 1820 r4: 0 r5: 65514 sp: 65508 pc: 5224          N: 0 Z: 0 V: 0 C: 0      
5224:   add $hshtab, r3               src: 5722      dst: 1820      r0: 5 r1: 4103 r2: 68 r3: 7542 r4: 0 r5: 65514 sp: 65508 pc: 5228          N: 0 Z: 0 V: 0 C: 0      
5228:   sub r2, r3                    src: 68        dst: 7542      r0: 5 r1: 4103 r2: 68 r3: 7474 r4: 0 r5: 65514 sp: 65508 pc: 5230          N: 0 Z: 0 V: 0 C: 0      
5230:   cmp r3, $hshtab               src: 7474      dst: 5722      r0: 5 r1: 4103 r2: 68 r3: 7474 r4: 0 r5: 65514 sp: 65508 pc: 5234          N: 0 Z: 0 V: 0 C: 0      
5234:   bhi 5240.                     src: 3043                     r0: 5 r1: 4103 r2: 68 r3: 7474 r4: 0 r5: 65514 sp: 65508 pc: 5240          N: 0 Z: 0 V: 0 C: 0      
5240:   tst -(r3)                     src: 1                        r0: 5 r1: 4103 r2: 68 r3: 7472 r4: 0 r5: 65514 sp: 65508 pc: 5242          N: 0 Z: 0 V: 0 C: 0      
5242:   bne 5228.                     src: 57475                    r0: 5 r1: 4103 r2: 68 r3: 7472 r4: 0 r5: 65514 sp: 65508 pc: 5228          N: 0 Z: 0 V: 0 C: 0      
5228:   sub r2, r3                    src: 68        dst: 7472      r0: 5 r1: 4103 r2: 68 r3: 7404 r4: 0 r5: 65514 sp: 65508 pc: 5230          N: 0 Z: 0 V: 0 C: 0      
5230:   cmp r3, $hshtab               src: 7404      dst: 5722      r0: 5 r1: 4103 r2: 68 r3: 7404 r4: 0 r5: 65514 sp: 65508 pc: 5234          N: 0 Z: 0 V: 0 C: 0      
5234:   bhi 5240.                     src: 3043                     r0: 5 r1: 4103 r2: 68 r3: 7404 r4: 0 r5: 65514 sp: 65508 pc: 5240          N: 0 Z: 0 V: 0 C: 0      
5240:   tst -(r3)                     src: 2                        r0: 5 r1: 4103 r2: 68 r3: 7402 r4: 0 r5: 65514 sp: 65508 pc: 5242          N: 0 Z: 0 V: 0 C: 0      
5242:   bne 5228.                     src: 57475                    r0: 5 r1: 4103 r2: 68 r3: 7402 r4: 0 r5: 65514 sp: 65508 pc: 5228          N: 0 Z: 0 V: 0 C: 0      
5228:   sub r2, r3                    src: 68        dst: 7402      r0: 5 r1: 4103 r2: 68 r3: 7334 r4: 0 r5: 65514 sp: 65508 pc: 5230          N: 0 Z: 0 V: 0 C: 0      
5230:   cmp r3, $hshtab               src: 7334      dst: 5722      r0: 5 r1: 4103 r2: 68 r3: 7334 r4: 0 r5: 65514 sp: 65508 pc: 5234          N: 0 Z: 0 V: 0 C: 0      
5234:   bhi 5240.                     src: 3043                     r0: 5 r1: 4103 r2: 68 r3: 7334 r4: 0 r5: 65514 sp: 65508 pc: 5240          N: 0 Z: 0 V: 0 C: 0      
5240:   tst -(r3)                     src: 0                        r0: 5 r1: 4103 r2: 68 r3: 7332 r4: 0 r5: 65514 sp: 65508 pc: 5242          N: 0 Z: 1 V: 0 C: 0      
5242:   bne 5228.                     src: 57475                    r0: 5 r1: 4103 r2: 68 r3: 7332 r4: 0 r5: 65514 sp: 65508 pc: 5244          N: 0 Z: 1 V: 0 C: 0      
5244:   mov (sp)+, r1                 src: 4098      dst: 4103      r0: 5 r1: 4098 r2: 68 r3: 7332 r4: 0 r5: 65514 sp: 65510 pc: 5246          N: 0 Z: 0 V: 0 C: 0      
5246:   mov r1, (r3)                  src: 4098      dst: 0         r0: 5 r1: 4098 r2: 68 r3: 7332 r4: 0 r5: 65514 sp: 65510 pc: 5248          N: 0 Z: 0 V: 0 C: 0      
5248:   add $12., r1                  src: 12        dst: 4098      r0: 5 r1: 4110 r2: 68 r3: 7332 r4: 0 r5: 65514 sp: 65510 pc: 5252          N: 0 Z: 0 V: 0 C: 0      
5252:   cmp r1, $ebsymtab             src: 4110      dst: 5118      r0: 5 r1: 4110 r2: 68 r3: 7332 r4: 0 r5: 65514 sp: 65510 pc: 5256          N: 1 Z: 0 V: 0 C: 1      
5256:   bcs 5196.                     src: 2563                     r0: 5 r1: 4110 r2: 68 r3: 7332 r4: 0 r5: 65514 sp: 65510 pc: 5196          N: 1 Z: 0 V: 0 C: 1      
5196:   clr r3                        src: 7332                     r0: 5 r1: 4110 r2: 68 r3: 0 r4: 0 r5: 65514 sp: 65510 pc: 5198             N: 0 Z: 1 V: 0 C: 0      
5198:   mov $8., r2                   src: 8         dst: 68        r0: 5 r1: 4110 r2: 8 r3: 0 r4: 0 r5: 65514 sp: 65510 pc: 5202              N: 0 Z: 0 V: 0 C: 0      
5202:   mov r1, -(sp)                 src: 4110      dst: 4098      r0: 5 r1: 4110 r2: 8 r3: 0 r4: 0 r5: 65514 sp: 65508 pc: 5204              N: 0 Z: 0 V: 0 C: 0      
5204:   movb (r1)+, r4                src: 105       dst: 0         r0: 5 r1: 4111 r2: 8 r3: 0 r4: 105 r5: 65514 sp: 65508 pc: 5206            N: 0 Z: 0 V: 0 C: 0      
5206:   beq 5214.                     src: 2562                     r0: 5 r1: 4111 r2: 8 r3: 0 r4: 105 r5: 65514 sp: 65508 pc: 5208            N: 0 Z: 0 V: 0 C: 0      
5208:   add r4, r3                    src: 105       dst: 0         r0: 5 r1: 4111 r2: 8 r3: 105 r4: 105 r5: 65514 sp: 65508 pc: 5210          N: 0 Z: 0 V: 0 C: 0      
5210:   swab r3                       src: 105                      r0: 5 r1: 4111 r2: 8 r3: 26880 r4: 105 r5: 65514 sp: 65508 pc: 5212        N: 0 Z: 1 V: 0 C: 0      
5212:   sob r2, 5204.                 src: 8         dst: 68        r0: 5 r1: 4111 r2: 7 r3: 26880 r4: 105 r5: 65514 sp: 65508 pc: 5204        N: 0 Z: 1 V: 0 C: 0      
5204:   movb (r1)+, r4                src: 110       dst: 105       r0: 5 r1: 4112 r2: 7 r3: 26880 r4: 110 r5: 65514 sp: 65508 pc: 5206        N: 0 Z: 0 V: 0 C: 0      
5206:   beq 5214.                     src: 2562                     r0: 5 r1: 4112 r2: 7 r3: 26880 r4: 110 r5: 65514 sp: 65508 pc: 5208        N: 0 Z: 0 V: 0 C: 0      
5208:   add r4, r3                    src: 110       dst: 26880     r0: 5 r1: 4112 r2: 7 r3: 26990 r4: 110 r5: 65514 sp: 65508 pc: 5210        N: 0 Z: 0 V: 0 C: 0      
5210:   swab r3                       src: 26990                    r0: 5 r1: 4112 r2: 7 r3: 28265 r4: 110 r5: 65514 sp: 65508 pc: 5212        N: 0 Z: 0 V: 0 C: 0      
5212:   sob r2, 5204.                 src: 7         dst: 68        r0: 5 r1: 4112 r2: 6 r3: 28265 r4: 110 r5: 65514 sp: 65508 pc: 5204        N: 0 Z: 0 V: 0 C: 0      
5204:   movb (r1)+, r4                src: 99        dst: 110       r0: 5 r1: 4113 r2: 6 r3: 28265 r4: 99 r5: 65514 sp: 65508 pc: 5206         N: 0 Z: 0 V: 0 C: 0      
5206:   beq 5214.                     src: 2562                     r0: 5 r1: 4113 r2: 6 r3: 28265 r4: 99 r5: 65514 sp: 65508 pc: 5208         N: 0 Z: 0 V: 0 C: 0      
5208:   add r4, r3                    src: 99        dst: 28265     r0: 5 r1: 4113 r2: 6 r3: 28364 r4: 99 r5: 65514 sp: 65508 pc: 5210         N: 0 Z: 0 V: 0 C: 0      
5210:   swab r3                       src: 28364                    r0: 5 r1: 4113 r2: 6 r3: 52334 r4: 99 r5: 65514 sp: 65508 pc: 5212         N: 0 Z: 0 V: 0 C: 0      
5212:   sob r2, 5204.                 src: 6         dst: 68        r0: 5 r1: 4113 r2: 5 r3: 52334 r4: 99 r5: 65514 sp: 65508 pc: 5204         N: 0 Z: 0 V: 0 C: 0      
5204:   movb (r1)+, r4                src: 0         dst: 99        r0: 5 r1: 4114 r2: 5 r3: 52334 r4: 0 r5: 65514 sp: 65508 pc: 5206          N: 0 Z: 1 V: 0 C: 0      
5206:   beq 5214.                     src: 2562                     r0: 5 r1: 4114 r2: 5 r3: 52334 r4: 0 r5: 65514 sp: 65508 pc: 5214          N: 0 Z: 1 V: 0 C: 0      
5214:   clr r2                        src: 5                        r0: 5 r1: 4114 r2: 0 r3: 52334 r4: 0 r5: 65514 sp: 65508 pc: 5216          N: 0 Z: 1 V: 0 C: 0      
5216:   div $hshsiz, r2               src: 1553      dst: 0         r0: 5 r1: 4114 r2: 33 r3: 1085 r4: 0 r5: 65514 sp: 65508 pc: 5220          N: 0 Z: 0 V: 0 C: 0      
5220:   ashc $1., r2                  src: 1         dst: 33        r0: 5 r1: 4114 r2: 66 r3: 2170 r4: 0 r5: 65514 sp: 65508 pc: 5224          N: 0 Z: 0 V: 0 C: 0      
5224:   add $hshtab, r3               src: 5722      dst: 2170      r0: 5 r1: 4114 r2: 66 r3: 7892 r4: 0 r5: 65514 sp: 65508 pc: 5228          N: 0 Z: 0 V: 0 C: 0      
5228:   sub r2, r3                    src: 66        dst: 7892      r0: 5 r1: 4114 r2: 66 r3: 7826 r4: 0 r5: 65514 sp: 65508 pc: 5230          N: 0 Z: 0 V: 0 C: 0      
5230:   cmp r3, $hshtab               src: 7826      dst: 5722      r0: 5 r1: 4114 r2: 66 r3: 7826 r4: 0 r5: 65514 sp: 65508 pc: 5234          N: 0 Z: 0 V: 0 C: 0      
5234:   bhi 5240.                     src: 3043                     r0: 5 r1: 4114 r2: 66 r3: 7826 r4: 0 r5: 65514 sp: 65508 pc: 5240          N: 0 Z: 0 V: 0 C: 0      
5240:   tst -(r3)                     src: 1                        r0: 5 r1: 4114 r2: 66 r3: 7824 r4: 0 r5: 65514 sp: 65508 pc: 5242          N: 0 Z: 0 V: 0 C: 0      
5242:   bne 5228.                     src: 57475                    r0: 5 r1: 4114 r2: 66 r3: 7824 r4: 0 r5: 65514 sp: 65508 pc: 5228          N: 0 Z: 0 V: 0 C: 0      
5228:   sub r2, r3                    src: 66        dst: 7824      r0: 5 r1: 4114 r2: 66 r3: 7758 r4: 0 r5: 65514 sp: 65508 pc: 5230          N: 0 Z: 0 V: 0 C: 0      
5230:   cmp r3, $hshtab               src: 7758      dst: 5722      r0: 5 r1: 4114 r2: 66 r3: 7758 r4: 0 r5: 65514 sp: 65508 pc: 5234          N: 0 Z: 0 V: 0 C: 0      
5234:   bhi 5240.                     src: 3043                     r0: 5 r1: 4114 r2: 66 r3: 7758 r4: 0 r5: 65514 sp: 65508 pc: 5240          N: 0 Z: 0 V: 0 C: 0      
5240:   tst -(r3)                     src: 0                        r0: 5 r1: 4114 r2: 66 r3: 7756 r4: 0 r5: 65514 sp: 65508 pc: 5242          N: 0 Z: 1 V: 0 C: 0      
5242:   bne 5228.                     src: 57475                    r0: 5 r1: 4114 r2: 66 r3: 7756 r4: 0 r5: 65514 sp: 65508 pc: 5244          N: 0 Z: 1 V: 0 C: 0      
5244:   mov (sp)+, r1                 src: 4110      dst: 4114      r0: 5 r1: 4110 r2: 66 r3: 7756 r4: 0 r5: 65514 sp: 65510 pc: 5246          N: 0 Z: 0 V: 0 C: 0      
5246:   mov r1, (r3)                  src: 4110      dst: 0         r0: 5 r1: 4110 r2: 66 r3: 7756 r4: 0 r5: 65514 sp: 65510 pc: 5248          N: 0 Z: 0 V: 0 C: 0      
5248:   add $12., r1                  src: 12        dst: 4110      r0: 5 r1: 4122 r2: 66 r3: 7756 r4: 0 r5: 65514 sp: 65510 pc: 5252          N: 0 Z: 0 V: 0 C: 0      
5252:   cmp r1, $ebsymtab             src: 4122      dst: 5118      r0: 5 r1: 4122 r2: 66 r3: 7756 r4: 0 r5: 65514 sp: 65510 pc: 5256          N: 1 Z: 0 V: 0 C: 1      
5256:   bcs 5196.                     src: 2563                     r0: 5 r1: 4122 r2: 66 r3: 7756 r4: 0 r5: 65514 sp: 65510 pc: 5196          N: 1 Z: 0 V: 0 C: 1      
5196:   clr r3                        src: 7756                     r0: 5 r1: 4122 r2: 66 r3: 0 r4: 0 r5: 65514 sp: 65510 pc: 5198             N: 0 Z: 1 V: 0 C: 0      
5198:   mov $8., r2                   src: 8         dst: 66        r0: 5 r1: 4122 r2: 8 r3: 0 r4: 0 r5: 65514 sp: 65510 pc: 5202              N: 0 Z: 0 V: 0 C: 0      
5202:   mov r1, -(sp)                 src: 4122      dst: 4110      r0: 5 r1: 4122 r2: 8 r3: 0 r4: 0 r5: 65514 sp: 65508 pc: 5204              N: 0 Z: 0 V: 0 C: 0      
5204:   movb (r1)+, r4                src: 105       dst: 0         r0: 5 r1: 4123 r2: 8 r3: 0 r4: 105 r5: 65514 sp: 65508 pc: 5206            N: 0 Z: 0 V: 0 C: 0      
5206:   beq 5214.                     src: 2562                     r0: 5 r1: 4123 r2: 8 r3: 0 r4: 105 r5: 65514 sp: 65508 pc: 5208            N: 0 Z: 0 V: 0 C: 0      
5208:   add r4, r3                    src: 105       dst: 0         r0: 5 r1: 4123 r2: 8 r3: 105 r4: 105 r5: 65514 sp: 65508 pc: 5210          N: 0 Z: 0 V: 0 C: 0      
5210:   swab r3                       src: 105                      r0: 5 r1: 4123 r2: 8 r3: 26880 r4: 105 r5: 65514 sp: 65508 pc: 5212        N: 0 Z: 1 V: 0 C: 0      
5212:   sob r2, 5204.                 src: 8         dst: 68        r0: 5 r1: 4123 r2: 7 r3: 26880 r4: 105 r5: 65514 sp: 65508 pc: 5204        N: 0 Z: 1 V: 0 C: 0      
5204:   movb (r1)+, r4                src: 110       dst: 105       r0: 5 r1: 4124 r2: 7 r3: 26880 r4: 110 r5: 65514 sp: 65508 pc: 5206        N: 0 Z: 0 V: 0 C: 0      
5206:   beq 5214.                     src: 2562                     r0: 5 r1: 4124 r2: 7 r3: 26880 r4: 110 r5: 65514 sp: 65508 pc: 5208        N: 0 Z: 0 V: 0 C: 0      
5208:   add r4, r3                    src: 110       dst: 26880     r0: 5 r1: 4124 r2: 7 r3: 26990 r4: 110 r5: 65514 sp: 65508 pc: 5210        N: 0 Z: 0 V: 0 C: 0      
5210:   swab r3                       src: 26990                    r0: 5 r1: 4124 r2: 7 r3: 28265 r4: 110 r5: 65514 sp: 65508 pc: 5212        N: 0 Z: 0 V: 0 C: 0      
5212:   sob r2, 5204.                 src: 7         dst: 68        r0: 5 r1: 4124 r2: 6 r3: 28265 r4: 110 r5: 65514 sp: 65508 pc: 5204        N: 0 Z: 0 V: 0 C: 0      
5204:   movb (r1)+, r4                src: 99        dst: 110       r0: 5 r1: 4125 r2: 6 r3: 28265 r4: 99 r5: 65514 sp: 65508 pc: 5206         N: 0 Z: 0 V: 0 C: 0      
5206:   beq 5214.                     src: 2562                     r0: 5 r1: 4125 r2: 6 r3: 28265 r4: 99 r5: 65514 sp: 65508 pc: 5208         N: 0 Z: 0 V: 0 C: 0      
5208:   add r4, r3                    src: 99        dst: 28265     r0: 5 r1: 4125 r2: 6 r3: 28364 r4: 99 r5: 65514 sp: 65508 pc: 5210         N: 0 Z: 0 V: 0 C: 0      
5210:   swab r3                       src: 28364                    r0: 5 r1: 4125 r2: 6 r3: 52334 r4: 99 r5: 65514 sp: 65508 pc: 5212         N: 0 Z: 0 V: 0 C: 0      
5212:   sob r2, 5204.                 src: 6         dst: 68        r0: 5 r1: 4125 r2: 5 r3: 52334 r4: 99 r5: 65514 sp: 65508 pc: 5204         N: 0 Z: 0 V: 0 C: 0      
5204:   movb (r1)+, r4                src: 98        dst: 99        r0: 5 r1: 4126 r2: 5 r3: 52334 r4: 98 r5: 65514 sp: 65508 pc: 5206         N: 0 Z: 0 V: 0 C: 0      
5206:   beq 5214.                     src: 2562                     r0: 5 r1: 4126 r2: 5 r3: 52334 r4: 98 r5: 65514 sp: 65508 pc: 5208         N: 0 Z: 0 V: 0 C: 0      
5208:   add r4, r3                    src: 98        dst: 52334     r0: 5 r1: 4126 r2: 5 r3: 52432 r4: 98 r5: 65514 sp: 65508 pc: 5210         N: 0 Z: 0 V: 0 C: 0      
5210:   swab r3                       src: 52432                    r0: 5 r1: 4126 r2: 5 r3: 53452 r4: 98 r5: 65514 sp: 65508 pc: 5212         N: 1 Z: 0 V: 0 C: 0      
5212:   sob r2, 5204.                 src: 5         dst: 68        r0: 5 r1: 4126 r2: 4 r3: 53452 r4: 98 r5: 65514 sp: 65508 pc: 5204         N: 1 Z: 0 V: 0 C: 0      
5204:   movb (r1)+, r4                src: 0         dst: 98        r0: 5 r1: 4127 r2: 4 r3: 53452 r4: 0 r5: 65514 sp: 65508 pc: 5206          N: 0 Z: 1 V: 0 C: 0      
5206:   beq 5214.                     src: 2562                     r0: 5 r1: 4127 r2: 4 r3: 53452 r4: 0 r5: 65514 sp: 65508 pc: 5214          N: 0 Z: 1 V: 0 C: 0      
5214:   clr r2                        src: 4                        r0: 5 r1: 4127 r2: 0 r3: 53452 r4: 0 r5: 65514 sp: 65508 pc: 5216          N: 0 Z: 1 V: 0 C: 0      
5216:   div $hshsiz, r2               src: 1553      dst: 0         r0: 5 r1: 4127 r2: 34 r3: 650 r4: 0 r5: 65514 sp: 65508 pc: 5220           N: 0 Z: 0 V: 0 C: 0      
5220:   ashc $1., r2                  src: 1         dst: 34        r0: 5 r1: 4127 r2: 68 r3: 1300 r4: 0 r5: 65514 sp: 65508 pc: 5224          N: 0 Z: 0 V: 0 C: 0      
5224:   add $hshtab, r3               src: 5722      dst: 1300      r0: 5 r1: 4127 r2: 68 r3: 7022 r4: 0 r5: 65514 sp: 65508 pc: 5228          N: 0 Z: 0 V: 0 C: 0      
5228:   sub r2, r3                    src: 68        dst: 7022      r0: 5 r1: 4127 r2: 68 r3: 6954 r4: 0 r5: 65514 sp: 65508 pc: 5230          N: 0 Z: 0 V: 0 C: 0      
5230:   cmp r3, $hshtab               src: 6954      dst: 5722      r0: 5 r1: 4127 r2: 68 r3: 6954 r4: 0 r5: 65514 sp: 65508 pc: 5234          N: 0 Z: 0 V: 0 C: 0      
5234:   bhi 5240.                     src: 3043                     r0: 5 r1: 4127 r2: 68 r3: 6954 r4: 0 r5: 65514 sp: 65508 pc: 5240          N: 0 Z: 0 V: 0 C: 0      
5240:   tst -(r3)                     src: 0                        r0: 5 r1: 4127 r2: 68 r3: 6952 r4: 0 r5: 65514 sp: 65508 pc: 5242          N: 0 Z: 1 V: 0 C: 0      
5242:   bne 5228.                     src: 57475                    r0: 5 r1: 4127 r2: 68 r3: 6952 r4: 0 r5: 65514 sp: 65508 pc: 5244          N: 0 Z: 1 V: 0 C: 0      
5244:   mov (sp)+, r1                 src: 4122      dst: 4127      r0: 5 r1: 4122 r2: 68 r3: 6952 r4: 0 r5: 65514 sp: 65510 pc: 5246          N: 0 Z: 0 V: 0 C: 0      
5246:   mov r1, (r3)                  src: 4122      dst: 0         r0: 5 r1: 4122 r2: 68 r3: 6952 r4: 0 r5: 65514 sp: 65510 pc: 5248          N: 0 Z: 0 V: 0 C: 0      
5248:   add $12., r1                  src: 12        dst: 4122      r0: 5 r1: 4134 r2: 68 r3: 6952 r4: 0 r5: 65514 sp: 65510 pc: 5252          N: 0 Z: 0 V: 0 C: 0      
5252:   cmp r1, $ebsymtab             src: 4134      dst: 5118      r0: 5 r1: 4134 r2: 68 r3: 6952 r4: 0 r5: 65514 sp: 65510 pc: 5256          N: 1 Z: 0 V: 0 C: 1      
5256:   bcs 5196.                     src: 2563                     r0: 5 r1: 4134 r2: 68 r3: 6952 r4: 0 r5: 65514 sp: 65510 pc: 5196          N: 1 Z: 0 V: 0 C: 1      
5196:   clr r3                        src: 6952                     r0: 5 r1: 4134 r2: 68 r3: 0 r4: 0 r5: 65514 sp: 65510 pc: 5198             N: 0 Z: 1 V: 0 C: 0      
5198:   mov $8., r2                   src: 8         dst: 68        r0: 5 r1: 4134 r2: 8 r3: 0 r4: 0 r5: 65514 sp: 65510 pc: 5202              N: 0 Z: 0 V: 0 C: 0      
5202:   mov r1, -(sp)                 src: 4134      dst: 4122      r0: 5 r1: 4134 r2: 8 r3: 0 r4: 0 r5: 65514 sp: 65508 pc: 5204              N: 0 Z: 0 V: 0 C: 0      
5204:   movb (r1)+, r4                src: 100       dst: 0         r0: 5 r1: 4135 r2: 8 r3: 0 r4: 100 r5: 65514 sp: 65508 pc: 5206            N: 0 Z: 0 V: 0 C: 0      
5206:   beq 5214.                     src: 2562                     r0: 5 r1: 4135 r2: 8 r3: 0 r4: 100 r5: 65514 sp: 65508 pc: 5208            N: 0 Z: 0 V: 0 C: 0      
5208:   add r4, r3                    src: 100       dst: 0         r0: 5 r1: 4135 r2: 8 r3: 100 r4: 100 r5: 65514 sp: 65508 pc: 5210          N: 0 Z: 0 V: 0 C: 0      
5210:   swab r3                       src: 100                      r0: 5 r1: 4135 r2: 8 r3: 25600 r4: 100 r5: 65514 sp: 65508 pc: 5212        N: 0 Z: 1 V: 0 C: 0      
5212:   sob r2, 5204.                 src: 8         dst: 68        r0: 5 r1: 4135 r2: 7 r3: 25600 r4: 100 r5: 65514 sp: 65508 pc: 5204        N: 0 Z: 1 V: 0 C: 0      
5204:   movb (r1)+, r4                src: 101       dst: 100       r0: 5 r1: 4136 r2: 7 r3: 25600 r4: 101 r5: 65514 sp: 65508 pc: 5206        N: 0 Z: 0 V: 0 C: 0      
5206:   beq 5214.                     src: 2562                     r0: 5 r1: 4136 r2: 7 r3: 25600 r4: 101 r5: 65514 sp: 65508 pc: 5208        N: 0 Z: 0 V: 0 C: 0      
5208:   add r4, r3                    src: 101       dst: 25600     r0: 5 r1: 4136 r2: 7 r3: 25701 r4: 101 r5: 65514 sp: 65508 pc: 5210        N: 0 Z: 0 V: 0 C: 0      
5210:   swab r3                       src: 25701                    r0: 5 r1: 4136 r2: 7 r3: 25956 r4: 101 r5: 65514 sp: 65508 pc: 5212        N: 0 Z: 0 V: 0 C: 0      
5212:   sob r2, 5204.                 src: 7         dst: 68        r0: 5 r1: 4136 r2: 6 r3: 25956 r4: 101 r5: 65514 sp: 65508 pc: 5204        N: 0 Z: 0 V: 0 C: 0      
5204:   movb (r1)+, r4                src: 99        dst: 101       r0: 5 r1: 4137 r2: 6 r3: 25956 r4: 99 r5: 65514 sp: 65508 pc: 5206         N: 0 Z: 0 V: 0 C: 0      
5206:   beq 5214.                     src: 2562                     r0: 5 r1: 4137 r2: 6 r3: 25956 r4: 99 r5: 65514 sp: 65508 pc: 5208         N: 0 Z: 0 V: 0 C: 0      
5208:   add r4, r3                    src: 99        dst: 25956     r0: 5 r1: 4137 r2: 6 r3: 26055 r4: 99 r5: 65514 sp: 65508 pc: 5210         N: 0 Z: 0 V: 0 C: 0      
5210:   swab r3                       src: 26055                    r0: 5 r1: 4137 r2: 6 r3: 51045 r4: 99 r5: 65514 sp: 65508 pc: 5212         N: 0 Z: 0 V: 0 C: 0      
5212:   sob r2, 5204.                 src: 6         dst: 68        r0: 5 r1: 4137 r2: 5 r3: 51045 r4: 99 r5: 65514 sp: 65508 pc: 5204         N: 0 Z: 0 V: 0 C: 0      
5204:   movb (r1)+, r4                src: 0         dst: 99        r0: 5 r1: 4138 r2: 5 r3: 51045 r4: 0 r5: 65514 sp: 65508 pc: 5206          N: 0 Z: 1 V: 0 C: 0      
5206:   beq 5214.                     src: 2562                     r0: 5 r1: 4138 r2: 5 r3: 51045 r4: 0 r5: 65514 sp: 65508 pc: 5214          N: 0 Z: 1 V: 0 C: 0      
5214:   clr r2                        src: 5                        r0: 5 r1: 4138 r2: 0 r3: 51045 r4: 0 r5: 65514 sp: 65508 pc: 5216          N: 0 Z: 1 V: 0 C: 0      
5216:   div $hshsiz, r2               src: 1553      dst: 0         r0: 5 r1: 4138 r2: 32 r3: 1349 r4: 0 r5: 65514 sp: 65508 pc: 5220          N: 0 Z: 0 V: 0 C: 0      
5220:   ashc $1., r2                  src: 1         dst: 32        r0: 5 r1: 4138 r2: 64 r3: 2698 r4: 0 r5: 65514 sp: 65508 pc: 5224          N: 0 Z: 0 V: 0 C: 0      
5224:   add $hshtab, r3               src: 5722      dst: 2698      r0: 5 r1: 4138 r2: 64 r3: 8420 r4: 0 r5: 65514 sp: 65508 pc: 5228          N: 0 Z: 0 V: 0 C: 0      
5228:   sub r2, r3                    src: 64        dst: 8420      r0: 5 r1: 4138 r2: 64 r3: 8356 r4: 0 r5: 65514 sp: 65508 pc: 5230          N: 0 Z: 0 V: 0 C: 0      
5230:   cmp r3, $hshtab               src: 8356      dst: 5722      r0: 5 r1: 4138 r2: 64 r3: 8356 r4: 0 r5: 65514 sp: 65508 pc: 5234          N: 0 Z: 0 V: 0 C: 0      
5234:   bhi 5240.                     src: 3043                     r0: 5 r1: 4138 r2: 64 r3: 8356 r4: 0 r5: 65514 sp: 65508 pc: 5240          N: 0 Z: 0 V: 0 C: 0      
5240:   tst -(r3)                     src: 0                        r0: 5 r1: 4138 r2: 64 r3: 8354 r4: 0 r5: 65514 sp: 65508 pc: 5242          N: 0 Z: 1 V: 0 C: 0      
5242:   bne 5228.                     src: 57475                    r0: 5 r1: 4138 r2: 64 r3: 8354 r4: 0 r5: 65514 sp: 65508 pc: 5244          N: 0 Z: 1 V: 0 C: 0      
5244:   mov (sp)+, r1                 src: 4134      dst: 4138      r0: 5 r1: 4134 r2: 64 r3: 8354 r4: 0 r5: 65514 sp: 65510 pc: 5246          N: 0 Z: 0 V: 0 C: 0      
5246:   mov r1, (r3)                  src: 4134      dst: 0         r0: 5 r1: 4134 r2: 64 r3: 8354 r4: 0 r5: 65514 sp: 65510 pc: 5248          N: 0 Z: 0 V: 0 C: 0      
5248:   add $12., r1                  src: 12        dst: 4134      r0: 5 r1: 4146 r2: 64 r3: 8354 r4: 0 r5: 65514 sp: 65510 pc: 5252          N: 0 Z: 0 V: 0 C: 0      
5252:   cmp r1, $ebsymtab             src: 4146      dst: 5118      r0: 5 r1: 4146 r2: 64 r3: 8354 r4: 0 r5: 65514 sp: 65510 pc: 5256          N: 1 Z: 0 V: 0 C: 1      
5256:   bcs 5196.                     src: 2563                     r0: 5 r1: 4146 r2: 64 r3: 8354 r4: 0 r5: 65514 sp: 65510 pc: 5196          N: 1 Z: 0 V: 0 C: 1      
5196:   clr r3                        src: 8354                     r0: 5 r1: 4146 r2: 64 r3: 0 r4: 0 r5: 65514 sp: 65510 pc: 5198             N: 0 Z: 1 V: 0 C: 0      
5198:   mov $8., r2                   src: 8         dst: 64        r0: 5 r1: 4146 r2: 8 r3: 0 r4: 0 r5: 65514 sp: 65510 pc: 5202              N: 0 Z: 0 V: 0 C: 0      
5202:   mov r1, -(sp)                 src: 4146      dst: 4134      r0: 5 r1: 4146 r2: 8 r3: 0 r4: 0 r5: 65514 sp: 65508 pc: 5204              N: 0 Z: 0 V: 0 C: 0      
5204:   movb (r1)+, r4                src: 100       dst: 0         r0: 5 r1: 4147 r2: 8 r3: 0 r4: 100 r5: 65514 sp: 65508 pc: 5206            N: 0 Z: 0 V: 0 C: 0      
5206:   beq 5214.                     src: 2562                     r0: 5 r1: 4147 r2: 8 r3: 0 r4: 100 r5: 65514 sp: 65508 pc: 5208            N: 0 Z: 0 V: 0 C: 0      
5208:   add r4, r3                    src: 100       dst: 0         r0: 5 r1: 4147 r2: 8 r3: 100 r4: 100 r5: 65514 sp: 65508 pc: 5210          N: 0 Z: 0 V: 0 C: 0      
5210:   swab r3                       src: 100                      r0: 5 r1: 4147 r2: 8 r3: 25600 r4: 100 r5: 65514 sp: 65508 pc: 5212        N: 0 Z: 1 V: 0 C: 0      
5212:   sob r2, 5204.                 src: 8         dst: 68        r0: 5 r1: 4147 r2: 7 r3: 25600 r4: 100 r5: 65514 sp: 65508 pc: 5204        N: 0 Z: 1 V: 0 C: 0      
5204:   movb (r1)+, r4                src: 101       dst: 100       r0: 5 r1: 4148 r2: 7 r3: 25600 r4: 101 r5: 65514 sp: 65508 pc: 5206        N: 0 Z: 0 V: 0 C: 0      
5206:   beq 5214.                     src: 2562                     r0: 5 r1: 4148 r2: 7 r3: 25600 r4: 101 r5: 65514 sp: 65508 pc: 5208        N: 0 Z: 0 V: 0 C: 0      
5208:   add r4, r3                    src: 101       dst: 25600     r0: 5 r1: 4148 r2: 7 r3: 25701 r4: 101 r5: 65514 sp: 65508 pc: 5210        N: 0 Z: 0 V: 0 C: 0      
5210:   swab r3                       src: 25701                    r0: 5 r1: 4148 r2: 7 r3: 25956 r4: 101 r5: 65514 sp: 65508 pc: 5212        N: 0 Z: 0 V: 0 C: 0      
5212:   sob r2, 5204.                 src: 7         dst: 68        r0: 5 r1: 4148 r2: 6 r3: 25956 r4: 101 r5: 65514 sp: 65508 pc: 5204        N: 0 Z: 0 V: 0 C: 0      
5204:   movb (r1)+, r4                src: 99        dst: 101       r0: 5 r1: 4149 r2: 6 r3: 25956 r4: 99 r5: 65514 sp: 65508 pc: 5206         N: 0 Z: 0 V: 0 C: 0      
5206:   beq 5214.                     src: 2562                     r0: 5 r1: 4149 r2: 6 r3: 25956 r4: 99 r5: 65514 sp: 65508 pc: 5208         N: 0 Z: 0 V: 0 C: 0      
5208:   add r4, r3                    src: 99        dst: 25956     r0: 5 r1: 4149 r2: 6 r3: 26055 r4: 99 r5: 65514 sp: 65508 pc: 5210         N: 0 Z: 0 V: 0 C: 0      
5210:   swab r3                       src: 26055                    r0: 5 r1: 4149 r2: 6 r3: 51045 r4: 99 r5: 65514 sp: 65508 pc: 5212         N: 0 Z: 0 V: 0 C: 0      
5212:   sob r2, 5204.                 src: 6         dst: 68        r0: 5 r1: 4149 r2: 5 r3: 51045 r4: 99 r5: 65514 sp: 65508 pc: 5204         N: 0 Z: 0 V: 0 C: 0      
5204:   movb (r1)+, r4                src: 98        dst: 99        r0: 5 r1: 4150 r2: 5 r3: 51045 r4: 98 r5: 65514 sp: 65508 pc: 5206         N: 0 Z: 0 V: 0 C: 0      
5206:   beq 5214.                     src: 2562                     r0: 5 r1: 4150 r2: 5 r3: 51045 r4: 98 r5: 65514 sp: 65508 pc: 5208         N: 0 Z: 0 V: 0 C: 0      
5208:   add r4, r3                    src: 98        dst: 51045     r0: 5 r1: 4150 r2: 5 r3: 51143 r4: 98 r5: 65514 sp: 65508 pc: 5210         N: 0 Z: 0 V: 0 C: 0      
5210:   swab r3                       src: 51143                    r0: 5 r1: 4150 r2: 5 r3: 51143 r4: 98 r5: 65514 sp: 65508 pc: 5212         N: 1 Z: 0 V: 0 C: 0      
5212:   sob r2, 5204.                 src: 5         dst: 68        r0: 5 r1: 4150 r2: 4 r3: 51143 r4: 98 r5: 65514 sp: 65508 pc: 5204         N: 1 Z: 0 V: 0 C: 0      
5204:   movb (r1)+, r4                src: 0         dst: 98        r0: 5 r1: 4151 r2: 4 r3: 51143 r4: 0 r5: 65514 sp: 65508 pc: 5206          N: 0 Z: 1 V: 0 C: 0      
5206:   beq 5214.                     src: 2562                     r0: 5 r1: 4151 r2: 4 r3: 51143 r4: 0 r5: 65514 sp: 65508 pc: 5214          N: 0 Z: 1 V: 0 C: 0      
5214:   clr r2                        src: 4                        r0: 5 r1: 4151 r2: 0 r3: 51143 r4: 0 r5: 65514 sp: 65508 pc: 5216          N: 0 Z: 1 V: 0 C: 0      
5216:   div $hshsiz, r2               src: 1553      dst: 0         r0: 5 r1: 4151 r2: 32 r3: 1447 r4: 0 r5: 65514 sp: 65508 pc: 5220          N: 0 Z: 0 V: 0 C: 0      
5220:   ashc $1., r2                  src: 1         dst: 32        r0: 5 r1: 4151 r2: 64 r3: 2894 r4: 0 r5: 65514 sp: 65508 pc: 5224          N: 0 Z: 0 V: 0 C: 0      
5224:   add $hshtab, r3               src: 5722      dst: 2894      r0: 5 r1: 4151 r2: 64 r3: 8616 r4: 0 r5: 65514 sp: 65508 pc: 5228          N: 0 Z: 0 V: 0 C: 0      
5228:   sub r2, r3                    src: 64        dst: 8616      r0: 5 r1: 4151 r2: 64 r3: 8552 r4: 0 r5: 65514 sp: 65508 pc: 5230          N: 0 Z: 0 V: 0 C: 0      
5230:   cmp r3, $hshtab               src: 8552      dst: 5722      r0: 5 r1: 4151 r2: 64 r3: 8552 r4: 0 r5: 65514 sp: 65508 pc: 5234          N: 0 Z: 0 V: 0 C: 0      
5234:   bhi 5240.                     src: 3043                     r0: 5 r1: 4151 r2: 64 r3: 8552 r4: 0 r5: 65514 sp: 65508 pc: 5240          N: 0 Z: 0 V: 0 C: 0      
5240:   tst -(r3)                     src: 0                        r0: 5 r1: 4151 r2: 64 r3: 8550 r4: 0 r5: 65514 sp: 65508 pc: 5242          N: 0 Z: 1 V: 0 C: 0      
5242:   bne 5228.                     src: 57475                    r0: 5 r1: 4151 r2: 64 r3: 8550 r4: 0 r5: 65514 sp: 65508 pc: 5244          N: 0 Z: 1 V: 0 C: 0      
5244:   mov (sp)+, r1                 src: 4146      dst: 4151      r0: 5 r1: 4146 r2: 64 r3: 8550 r4: 0 r5: 65514 sp: 65510 pc: 5246          N: 0 Z: 0 V: 0 C: 0      
5246:   mov r1, (r3)                  src: 4146      dst: 0         r0: 5 r1: 4146 r2: 64 r3: 8550 r4: 0 r5: 65514 sp: 65510 pc: 5248          N: 0 Z: 0 V: 0 C: 0      
5248:   add $12., r1                  src: 12        dst: 4146      r0: 5 r1: 4158 r2: 64 r3: 8550 r4: 0 r5: 65514 sp: 65510 pc: 5252          N: 0 Z: 0 V: 0 C: 0      
5252:   cmp r1, $ebsymtab             src: 4158      dst: 5118      r0: 5 r1: 4158 r2: 64 r3: 8550 r4: 0 r5: 65514 sp: 65510 pc: 5256          N: 1 Z: 0 V: 0 C: 1      
5256:   bcs 5196.                     src: 2563                     r0: 5 r1: 4158 r2: 64 r3: 8550 r4: 0 r5: 65514 sp: 65510 pc: 5196          N: 1 Z: 0 V: 0 C: 1      
5196:   clr r3                        src: 8550                     r0: 5 r1: 4158 r2: 64 r3: 0 r4: 0 r5: 65514 sp: 65510 pc: 5198             N: 0 Z: 1 V: 0 C: 0      
5198:   mov $8., r2                   src: 8         dst: 64        r0: 5 r1: 4158 r2: 8 r3: 0 r4: 0 r5: 65514 sp: 65510 pc: 5202              N: 0 Z: 0 V: 0 C: 0      
5202:   mov r1, -(sp)                 src: 4158      dst: 4146      r0: 5 r1: 4158 r2: 8 r3: 0 r4: 0 r5: 65514 sp: 65508 pc: 5204              N: 0 Z: 0 V: 0 C: 0      
5204:   movb (r1)+, r4                src: 110       dst: 0         r0: 5 r1: 4159 r2: 8 r3: 0 r4: 110 r5: 65514 sp: 65508 pc: 5206            N: 0 Z: 0 V: 0 C: 0      
5206:   beq 5214.                     src: 2562                     r0: 5 r1: 4159 r2: 8 r3: 0 r4: 110 r5: 65514 sp: 65508 pc: 5208            N: 0 Z: 0 V: 0 C: 0      
5208:   add r4, r3                    src: 110       dst: 0         r0: 5 r1: 4159 r2: 8 r3: 110 r4: 110 r5: 65514 sp: 65508 pc: 5210          N: 0 Z: 0 V: 0 C: 0      
5210:   swab r3                       src: 110                      r0: 5 r1: 4159 r2: 8 r3: 28160 r4: 110 r5: 65514 sp: 65508 pc: 5212        N: 0 Z: 1 V: 0 C: 0      
5212:   sob r2, 5204.                 src: 8         dst: 68        r0: 5 r1: 4159 r2: 7 r3: 28160 r4: 110 r5: 65514 sp: 65508 pc: 5204        N: 0 Z: 1 V: 0 C: 0      
5204:   movb (r1)+, r4                src: 101       dst: 110       r0: 5 r1: 4160 r2: 7 r3: 28160 r4: 101 r5: 65514 sp: 65508 pc: 5206        N: 0 Z: 0 V: 0 C: 0      
5206:   beq 5214.                     src: 2562                     r0: 5 r1: 4160 r2: 7 r3: 28160 r4: 101 r5: 65514 sp: 65508 pc: 5208        N: 0 Z: 0 V: 0 C: 0      
5208:   add r4, r3                    src: 101       dst: 28160     r0: 5 r1: 4160 r2: 7 r3: 28261 r4: 101 r5: 65514 sp: 65508 pc: 5210        N: 0 Z: 0 V: 0 C: 0      
5210:   swab r3                       src: 28261                    r0: 5 r1: 4160 r2: 7 r3: 25966 r4: 101 r5: 65514 sp: 65508 pc: 5212        N: 0 Z: 0 V: 0 C: 0      
5212:   sob r2, 5204.                 src: 7         dst: 68        r0: 5 r1: 4160 r2: 6 r3: 25966 r4: 101 r5: 65514 sp: 65508 pc: 5204        N: 0 Z: 0 V: 0 C: 0      
5204:   movb (r1)+, r4                src: 103       dst: 101       r0: 5 r1: 4161 r2: 6 r3: 25966 r4: 103 r5: 65514 sp: 65508 pc: 5206        N: 0 Z: 0 V: 0 C: 0      
5206:   beq 5214.                     src: 2562                     r0: 5 r1: 4161 r2: 6 r3: 25966 r4: 103 r5: 65514 sp: 65508 pc: 5208        N: 0 Z: 0 V: 0 C: 0      
5208:   add r4, r3                    src: 103       dst: 25966     r0: 5 r1: 4161 r2: 6 r3: 26069 r4: 103 r5: 65514 sp: 65508 pc: 5210        N: 0 Z: 0 V: 0 C: 0      
5210:   swab r3                       src: 26069                    r0: 5 r1: 4161 r2: 6 r3: 54629 r4: 103 r5: 65514 sp: 65508 pc: 5212        N: 0 Z: 0 V: 0 C: 0      
5212:   sob r2, 5204.                 src: 6         dst: 68        r0: 5 r1: 4161 r2: 5 r3: 54629 r4: 103 r5: 65514 sp: 65508 pc: 5204        N: 0 Z: 0 V: 0 C: 0      
5204:   movb (r1)+, r4                src: 0         dst: 103       r0: 5 r1: 4162 r2: 5 r3: 54629 r4: 0 r5: 65514 sp: 65508 pc: 5206          N: 0 Z: 1 V: 0 C: 0      
5206:   beq 5214.                     src: 2562                     r0: 5 r1: 4162 r2: 5 r3: 54629 r4: 0 r5: 65514 sp: 65508 pc: 5214          N: 0 Z: 1 V: 0 C: 0      
5214:   clr r2                        src: 5                        r0: 5 r1: 4162 r2: 0 r3: 54629 r4: 0 r5: 65514 sp: 65508 pc: 5216          N: 0 Z: 1 V: 0 C: 0      
5216:   div $hshsiz, r2               src: 1553      dst: 0         r0: 5 r1: 4162 r2: 35 r3: 274 r4: 0 r5: 65514 sp: 65508 pc: 5220           N: 0 Z: 0 V: 0 C: 0      
5220:   ashc $1., r2                  src: 1         dst: 35        r0: 5 r1: 4162 r2: 70 r3: 548 r4: 0 r5: 65514 sp: 65508 pc: 5224           N: 0 Z: 0 V: 0 C: 0      
5224:   add $hshtab, r3               src: 5722      dst: 548       r0: 5 r1: 4162 r2: 70 r3: 6270 r4: 0 r5: 65514 sp: 65508 pc: 5228          N: 0 Z: 0 V: 0 C: 0      
5228:   sub r2, r3                    src: 70        dst: 6270      r0: 5 r1: 4162 r2: 70 r3: 6200 r4: 0 r5: 65514 sp: 65508 pc: 5230          N: 0 Z: 0 V: 0 C: 0      
5230:   cmp r3, $hshtab               src: 6200      dst: 5722      r0: 5 r1: 4162 r2: 70 r3: 6200 r4: 0 r5: 65514 sp: 65508 pc: 5234          N: 0 Z: 0 V: 0 C: 0      
5234:   bhi 5240.                     src: 3043                     r0: 5 r1: 4162 r2: 70 r3: 6200 r4: 0 r5: 65514 sp: 65508 pc: 5240          N: 0 Z: 0 V: 0 C: 0      
5240:   tst -(r3)                     src: 1                        r0: 5 r1: 4162 r2: 70 r3: 6198 r4: 0 r5: 65514 sp: 65508 pc: 5242          N: 0 Z: 0 V: 0 C: 0      
5242:   bne 5228.                     src: 57475                    r0: 5 r1: 4162 r2: 70 r3: 6198 r4: 0 r5: 65514 sp: 65508 pc: 5228          N: 0 Z: 0 V: 0 C: 0      
5228:   sub r2, r3                    src: 70        dst: 6198      r0: 5 r1: 4162 r2: 70 r3: 6128 r4: 0 r5: 65514 sp: 65508 pc: 5230          N: 0 Z: 0 V: 0 C: 0      
5230:   cmp r3, $hshtab               src: 6128      dst: 5722      r0: 5 r1: 4162 r2: 70 r3: 6128 r4: 0 r5: 65514 sp: 65508 pc: 5234          N: 0 Z: 0 V: 0 C: 0      
5234:   bhi 5240.                     src: 3043                     r0: 5 r1: 4162 r2: 70 r3: 6128 r4: 0 r5: 65514 sp: 65508 pc: 5240          N: 0 Z: 0 V: 0 C: 0      
5240:   tst -(r3)                     src: 3822                     r0: 5 r1: 4162 r2: 70 r3: 6126 r4: 0 r5: 65514 sp: 65508 pc: 5242          N: 0 Z: 0 V: 0 C: 0      
5242:   bne 5228.                     src: 57475                    r0: 5 r1: 4162 r2: 70 r3: 6126 r4: 0 r5: 65514 sp: 65508 pc: 5228          N: 0 Z: 0 V: 0 C: 0      
5228:   sub r2, r3                    src: 70        dst: 6126      r0: 5 r1: 4162 r2: 70 r3: 6056 r4: 0 r5: 65514 sp: 65508 pc: 5230          N: 0 Z: 0 V: 0 C: 0      
5230:   cmp r3, $hshtab               src: 6056      dst: 5722      r0: 5 r1: 4162 r2: 70 r3: 6056 r4: 0 r5: 65514 sp: 65508 pc: 5234          N: 0 Z: 0 V: 0 C: 0      
5234:   bhi 5240.                     src: 3043                     r0: 5 r1: 4162 r2: 70 r3: 6056 r4: 0 r5: 65514 sp: 65508 pc: 5240          N: 0 Z: 0 V: 0 C: 0      
5240:   tst -(r3)                     src: 0                        r0: 5 r1: 4162 r2: 70 r3: 6054 r4: 0 r5: 65514 sp: 65508 pc: 5242          N: 0 Z: 1 V: 0 C: 0      
5242:   bne 5228.                     src: 57475                    r0: 5 r1: 4162 r2: 70 r3: 6054 r4: 0 r5: 65514 sp: 65508 pc: 5244          N: 0 Z: 1 V: 0 C: 0      
5244:   mov (sp)+, r1                 src: 4158      dst: 4162      r0: 5 r1: 4158 r2: 70 r3: 6054 r4: 0 r5: 65514 sp: 65510 pc: 5246          N: 0 Z: 0 V: 0 C: 0      
5246:   mov r1, (r3)                  src: 4158      dst: 0         r0: 5 r1: 4158 r2: 70 r3: 6054 r4: 0 r5: 65514 sp: 65510 pc: 5248          N: 0 Z: 0 V: 0 C: 0      
5248:   add $12., r1                  src: 12        dst: 4158      r0: 5 r1: 4170 r2: 70 r3: 6054 r4: 0 r5: 65514 sp: 65510 pc: 5252          N: 0 Z: 0 V: 0 C: 0      
5252:   cmp r1, $ebsymtab             src: 4170      dst: 5118      r0: 5 r1: 4170 r2: 70 r3: 6054 r4: 0 r5: 65514 sp: 65510 pc: 5256          N: 1 Z: 0 V: 0 C: 1      
5256:   bcs 5196.                     src: 2563                     r0: 5 r1: 4170 r2: 70 r3: 6054 r4: 0 r5: 65514 sp: 65510 pc: 5196          N: 1 Z: 0 V: 0 C: 1      
5196:   clr r3                        src: 6054                     r0: 5 r1: 4170 r2: 70 r3: 0 r4: 0 r5: 65514 sp: 65510 pc: 5198             N: 0 Z: 1 V: 0 C: 0      
5198:   mov $8., r2                   src: 8         dst: 70        r0: 5 r1: 4170 r2: 8 r3: 0 r4: 0 r5: 65514 sp: 65510 pc: 5202              N: 0 Z: 0 V: 0 C: 0      
5202:   mov r1, -(sp)                 src: 4170      dst: 4158      r0: 5 r1: 4170 r2: 8 r3: 0 r4: 0 r5: 65514 sp: 65508 pc: 5204              N: 0 Z: 0 V: 0 C: 0      
5204:   movb (r1)+, r4                src: 110       dst: 0         r0: 5 r1: 4171 r2: 8 r3: 0 r4: 110 r5: 65514 sp: 65508 pc: 5206            N: 0 Z: 0 V: 0 C: 0      
5206:   beq 5214.                     src: 2562                     r0: 5 r1: 4171 r2: 8 r3: 0 r4: 110 r5: 65514 sp: 65508 pc: 5208            N: 0 Z: 0 V: 0 C: 0      
5208:   add r4, r3                    src: 110       dst: 0         r0: 5 r1: 4171 r2: 8 r3: 110 r4: 110 r5: 65514 sp: 65508 pc: 5210          N: 0 Z: 0 V: 0 C: 0      
5210:   swab r3                       src: 110                      r0: 5 r1: 4171 r2: 8 r3: 28160 r4: 110 r5: 65514 sp: 65508 pc: 5212        N: 0 Z: 1 V: 0 C: 0      
5212:   sob r2, 5204.                 src: 8         dst: 68        r0: 5 r1: 4171 r2: 7 r3: 28160 r4: 110 r5: 65514 sp: 65508 pc: 5204        N: 0 Z: 1 V: 0 C: 0      
5204:   movb (r1)+, r4                src: 101       dst: 110       r0: 5 r1: 4172 r2: 7 r3: 28160 r4: 101 r5: 65514 sp: 65508 pc: 5206        N: 0 Z: 0 V: 0 C: 0      
5206:   beq 5214.                     src: 2562                     r0: 5 r1: 4172 r2: 7 r3: 28160 r4: 101 r5: 65514 sp: 65508 pc: 5208        N: 0 Z: 0 V: 0 C: 0      
5208:   add r4, r3                    src: 101       dst: 28160     r0: 5 r1: 4172 r2: 7 r3: 28261 r4: 101 r5: 65514 sp: 65508 pc: 5210        N: 0 Z: 0 V: 0 C: 0      
5210:   swab r3                       src: 28261                    r0: 5 r1: 4172 r2: 7 r3: 25966 r4: 101 r5: 65514 sp: 65508 pc: 5212        N: 0 Z: 0 V: 0 C: 0      
5212:   sob r2, 5204.                 src: 7         dst: 68        r0: 5 r1: 4172 r2: 6 r3: 25966 r4: 101 r5: 65514 sp: 65508 pc: 5204        N: 0 Z: 0 V: 0 C: 0      
5204:   movb (r1)+, r4                src: 103       dst: 101       r0: 5 r1: 4173 r2: 6 r3: 25966 r4: 103 r5: 65514 sp: 65508 pc: 5206        N: 0 Z: 0 V: 0 C: 0      
5206:   beq 5214.                     src: 2562                     r0: 5 r1: 4173 r2: 6 r3: 25966 r4: 103 r5: 65514 sp: 65508 pc: 5208        N: 0 Z: 0 V: 0 C: 0      
5208:   add r4, r3                    src: 103       dst: 25966     r0: 5 r1: 4173 r2: 6 r3: 26069 r4: 103 r5: 65514 sp: 65508 pc: 5210        N: 0 Z: 0 V: 0 C: 0      
5210:   swab r3                       src: 26069                    r0: 5 r1: 4173 r2: 6 r3: 54629 r4: 103 r5: 65514 sp: 65508 pc: 5212        N: 0 Z: 0 V: 0 C: 0      
5212:   sob r2, 5204.                 src: 6         dst: 68        r0: 5 r1: 4173 r2: 5 r3: 54629 r4: 103 r5: 65514 sp: 65508 pc: 5204        N: 0 Z: 0 V: 0 C: 0      
5204:   movb (r1)+, r4                src: 98        dst: 103       r0: 5 r1: 4174 r2: 5 r3: 54629 r4: 98 r5: 65514 sp: 65508 pc: 5206         N: 0 Z: 0 V: 0 C: 0      
5206:   beq 5214.                     src: 2562                     r0: 5 r1: 4174 r2: 5 r3: 54629 r4: 98 r5: 65514 sp: 65508 pc: 5208         N: 0 Z: 0 V: 0 C: 0      
5208:   add r4, r3                    src: 98        dst: 54629     r0: 5 r1: 4174 r2: 5 r3: 54727 r4: 98 r5: 65514 sp: 65508 pc: 5210         N: 0 Z: 0 V: 0 C: 0      
5210:   swab r3                       src: 54727                    r0: 5 r1: 4174 r2: 5 r3: 51157 r4: 98 r5: 65514 sp: 65508 pc: 5212         N: 1 Z: 0 V: 0 C: 0      
5212:   sob r2, 5204.                 src: 5         dst: 68        r0: 5 r1: 4174 r2: 4 r3: 51157 r4: 98 r5: 65514 sp: 65508 pc: 5204         N: 1 Z: 0 V: 0 C: 0      
5204:   movb (r1)+, r4                src: 0         dst: 98        r0: 5 r1: 4175 r2: 4 r3: 51157 r4: 0 r5: 65514 sp: 65508 pc: 5206          N: 0 Z: 1 V: 0 C: 0      
5206:   beq 5214.                     src: 2562                     r0: 5 r1: 4175 r2: 4 r3: 51157 r4: 0 r5: 65514 sp: 65508 pc: 5214          N: 0 Z: 1 V: 0 C: 0      
5214:   clr r2                        src: 4                        r0: 5 r1: 4175 r2: 0 r3: 51157 r4: 0 r5: 65514 sp: 65508 pc: 5216          N: 0 Z: 1 V: 0 C: 0      
5216:   div $hshsiz, r2               src: 1553      dst: 0         r0: 5 r1: 4175 r2: 32 r3: 1461 r4: 0 r5: 65514 sp: 65508 pc: 5220          N: 0 Z: 0 V: 0 C: 0      
5220:   ashc $1., r2                  src: 1         dst: 32        r0: 5 r1: 4175 r2: 64 r3: 2922 r4: 0 r5: 65514 sp: 65508 pc: 5224          N: 0 Z: 0 V: 0 C: 0      
5224:   add $hshtab, r3               src: 5722      dst: 2922      r0: 5 r1: 4175 r2: 64 r3: 8644 r4: 0 r5: 65514 sp: 65508 pc: 5228          N: 0 Z: 0 V: 0 C: 0      
5228:   sub r2, r3                    src: 64        dst: 8644      r0: 5 r1: 4175 r2: 64 r3: 8580 r4: 0 r5: 65514 sp: 65508 pc: 5230          N: 0 Z: 0 V: 0 C: 0      
5230:   cmp r3, $hshtab               src: 8580      dst: 5722      r0: 5 r1: 4175 r2: 64 r3: 8580 r4: 0 r5: 65514 sp: 65508 pc: 5234          N: 0 Z: 0 V: 0 C: 0      
5234:   bhi 5240.                     src: 3043                     r0: 5 r1: 4175 r2: 64 r3: 8580 r4: 0 r5: 65514 sp: 65508 pc: 5240          N: 0 Z: 0 V: 0 C: 0      
5240:   tst -(r3)                     src: 0                        r0: 5 r1: 4175 r2: 64 r3: 8578 r4: 0 r5: 65514 sp: 65508 pc: 5242          N: 0 Z: 1 V: 0 C: 0      
5242:   bne 5228.                     src: 57475                    r0: 5 r1: 4175 r2: 64 r3: 8578 r4: 0 r5: 65514 sp: 65508 pc: 5244          N: 0 Z: 1 V: 0 C: 0      
5244:   mov (sp)+, r1                 src: 4170      dst: 4175      r0: 5 r1: 4170 r2: 64 r3: 8578 r4: 0 r5: 65514 sp: 65510 pc: 5246          N: 0 Z: 0 V: 0 C: 0      
5246:   mov r1, (r3)                  src: 4170      dst: 0         r0: 5 r1: 4170 r2: 64 r3: 8578 r4: 0 r5: 65514 sp: 65510 pc: 5248          N: 0 Z: 0 V: 0 C: 0      
5248:   add $12., r1                  src: 12        dst: 4170      r0: 5 r1: 4182 r2: 64 r3: 8578 r4: 0 r5: 65514 sp: 65510 pc: 5252          N: 0 Z: 0 V: 0 C: 0      
5252:   cmp r1, $ebsymtab             src: 4182      dst: 5118      r0: 5 r1: 4182 r2: 64 r3: 8578 r4: 0 r5: 65514 sp: 65510 pc: 5256          N: 1 Z: 0 V: 0 C: 1      
5256:   bcs 5196.                     src: 2563                     r0: 5 r1: 4182 r2: 64 r3: 8578 r4: 0 r5: 65514 sp: 65510 pc: 5196          N: 1 Z: 0 V: 0 C: 1      
5196:   clr r3                        src: 8578                     r0: 5 r1: 4182 r2: 64 r3: 0 r4: 0 r5: 65514 sp: 65510 pc: 5198             N: 0 Z: 1 V: 0 C: 0      
5198:   mov $8., r2                   src: 8         dst: 64        r0: 5 r1: 4182 r2: 8 r3: 0 r4: 0 r5: 65514 sp: 65510 pc: 5202              N: 0 Z: 0 V: 0 C: 0      
5202:   mov r1, -(sp)                 src: 4182      dst: 4170      r0: 5 r1: 4182 r2: 8 r3: 0 r4: 0 r5: 65514 sp: 65508 pc: 5204              N: 0 Z: 0 V: 0 C: 0      
5204:   movb (r1)+, r4                src: 97        dst: 0         r0: 5 r1: 4183 r2: 8 r3: 0 r4: 97 r5: 65514 sp: 65508 pc: 5206             N: 0 Z: 0 V: 0 C: 0      
5206:   beq 5214.                     src: 2562                     r0: 5 r1: 4183 r2: 8 r3: 0 r4: 97 r5: 65514 sp: 65508 pc: 5208             N: 0 Z: 0 V: 0 C: 0      
5208:   add r4, r3                    src: 97        dst: 0         r0: 5 r1: 4183 r2: 8 r3: 97 r4: 97 r5: 65514 sp: 65508 pc: 5210            N: 0 Z: 0 V: 0 C: 0      
5210:   swab r3                       src: 97                       r0: 5 r1: 4183 r2: 8 r3: 24832 r4: 97 r5: 65514 sp: 65508 pc: 5212         N: 0 Z: 1 V: 0 C: 0      
5212:   sob r2, 5204.                 src: 8         dst: 68        r0: 5 r1: 4183 r2: 7 r3: 24832 r4: 97 r5: 65514 sp: 65508 pc: 5204         N: 0 Z: 1 V: 0 C: 0      
5204:   movb (r1)+, r4                src: 100       dst: 97        r0: 5 r1: 4184 r2: 7 r3: 24832 r4: 100 r5: 65514 sp: 65508 pc: 5206        N: 0 Z: 0 V: 0 C: 0      
5206:   beq 5214.                     src: 2562                     r0: 5 r1: 4184 r2: 7 r3: 24832 r4: 100 r5: 65514 sp: 65508 pc: 5208        N: 0 Z: 0 V: 0 C: 0      
5208:   add r4, r3                    src: 100       dst: 24832     r0: 5 r1: 4184 r2: 7 r3: 24932 r4: 100 r5: 65514 sp: 65508 pc: 5210        N: 0 Z: 0 V: 0 C: 0      
5210:   swab r3                       src: 24932                    r0: 5 r1: 4184 r2: 7 r3: 25697 r4: 100 r5: 65514 sp: 65508 pc: 5212        N: 0 Z: 0 V: 0 C: 0      
5212:   sob r2, 5204.                 src: 7         dst: 68        r0: 5 r1: 4184 r2: 6 r3: 25697 r4: 100 r5: 65514 sp: 65508 pc: 5204        N: 0 Z: 0 V: 0 C: 0      
5204:   movb (r1)+, r4                src: 99        dst: 100       r0: 5 r1: 4185 r2: 6 r3: 25697 r4: 99 r5: 65514 sp: 65508 pc: 5206         N: 0 Z: 0 V: 0 C: 0      
5206:   beq 5214.                     src: 2562                     r0: 5 r1: 4185 r2: 6 r3: 25697 r4: 99 r5: 65514 sp: 65508 pc: 5208         N: 0 Z: 0 V: 0 C: 0      
5208:   add r4, r3                    src: 99        dst: 25697     r0: 5 r1: 4185 r2: 6 r3: 25796 r4: 99 r5: 65514 sp: 65508 pc: 5210         N: 0 Z: 0 V: 0 C: 0      
5210:   swab r3                       src: 25796                    r0: 5 r1: 4185 r2: 6 r3: 50276 r4: 99 r5: 65514 sp: 65508 pc: 5212         N: 0 Z: 0 V: 0 C: 0      
5212:   sob r2, 5204.                 src: 6         dst: 68        r0: 5 r1: 4185 r2: 5 r3: 50276 r4: 99 r5: 65514 sp: 65508 pc: 5204         N: 0 Z: 0 V: 0 C: 0      
5204:   movb (r1)+, r4                src: 0         dst: 99        r0: 5 r1: 4186 r2: 5 r3: 50276 r4: 0 r5: 65514 sp: 65508 pc: 5206          N: 0 Z: 1 V: 0 C: 0      
5206:   beq 5214.                     src: 2562                     r0: 5 r1: 4186 r2: 5 r3: 50276 r4: 0 r5: 65514 sp: 65508 pc: 5214          N: 0 Z: 1 V: 0 C: 0      
5214:   clr r2                        src: 5                        r0: 5 r1: 4186 r2: 0 r3: 50276 r4: 0 r5: 65514 sp: 65508 pc: 5216          N: 0 Z: 1 V: 0 C: 0      
5216:   div $hshsiz, r2               src: 1553      dst: 0         r0: 5 r1: 4186 r2: 32 r3: 580 r4: 0 r5: 65514 sp: 65508 pc: 5220           N: 0 Z: 0 V: 0 C: 0      
5220:   ashc $1., r2                  src: 1         dst: 32        r0: 5 r1: 4186 r2: 64 r3: 1160 r4: 0 r5: 65514 sp: 65508 pc: 5224          N: 0 Z: 0 V: 0 C: 0      
5224:   add $hshtab, r3               src: 5722      dst: 1160      r0: 5 r1: 4186 r2: 64 r3: 6882 r4: 0 r5: 65514 sp: 65508 pc: 5228          N: 0 Z: 0 V: 0 C: 0      
5228:   sub r2, r3                    src: 64        dst: 6882      r0: 5 r1: 4186 r2: 64 r3: 6818 r4: 0 r5: 65514 sp: 65508 pc: 5230          N: 0 Z: 0 V: 0 C: 0      
5230:   cmp r3, $hshtab               src: 6818      dst: 5722      r0: 5 r1: 4186 r2: 64 r3: 6818 r4: 0 r5: 65514 sp: 65508 pc: 5234          N: 0 Z: 0 V: 0 C: 0      
5234:   bhi 5240.                     src: 3043                     r0: 5 r1: 4186 r2: 64 r3: 6818 r4: 0 r5: 65514 sp: 65508 pc: 5240          N: 0 Z: 0 V: 0 C: 0      
5240:   tst -(r3)                     src: 0                        r0: 5 r1: 4186 r2: 64 r3: 6816 r4: 0 r5: 65514 sp: 65508 pc: 5242          N: 0 Z: 1 V: 0 C: 0      
5242:   bne 5228.                     src: 57475                    r0: 5 r1: 4186 r2: 64 r3: 6816 r4: 0 r5: 65514 sp: 65508 pc: 5244          N: 0 Z: 1 V: 0 C: 0      
5244:   mov (sp)+, r1                 src: 4182      dst: 4186      r0: 5 r1: 4182 r2: 64 r3: 6816 r4: 0 r5: 65514 sp: 65510 pc: 5246          N: 0 Z: 0 V: 0 C: 0      
5246:   mov r1, (r3)                  src: 4182      dst: 0         r0: 5 r1: 4182 r2: 64 r3: 6816 r4: 0 r5: 65514 sp: 65510 pc: 5248          N: 0 Z: 0 V: 0 C: 0      
5248:   add $12., r1                  src: 12        dst: 4182      r0: 5 r1: 4194 r2: 64 r3: 6816 r4: 0 r5: 65514 sp: 65510 pc: 5252          N: 0 Z: 0 V: 0 C: 0      
5252:   cmp r1, $ebsymtab             src: 4194      dst: 5118      r0: 5 r1: 4194 r2: 64 r3: 6816 r4: 0 r5: 65514 sp: 65510 pc: 5256          N: 1 Z: 0 V: 0 C: 1      
5256:   bcs 5196.                     src: 2563                     r0: 5 r1: 4194 r2: 64 r3: 6816 r4: 0 r5: 65514 sp: 65510 pc: 5196          N: 1 Z: 0 V: 0 C: 1      
5196:   clr r3                        src: 6816                     r0: 5 r1: 4194 r2: 64 r3: 0 r4: 0 r5: 65514 sp: 65510 pc: 5198             N: 0 Z: 1 V: 0 C: 0      
5198:   mov $8., r2                   src: 8         dst: 64        r0: 5 r1: 4194 r2: 8 r3: 0 r4: 0 r5: 65514 sp: 65510 pc: 5202              N: 0 Z: 0 V: 0 C: 0      
5202:   mov r1, -(sp)                 src: 4194      dst: 4182      r0: 5 r1: 4194 r2: 8 r3: 0 r4: 0 r5: 65514 sp: 65508 pc: 5204              N: 0 Z: 0 V: 0 C: 0      
5204:   movb (r1)+, r4                src: 97        dst: 0         r0: 5 r1: 4195 r2: 8 r3: 0 r4: 97 r5: 65514 sp: 65508 pc: 5206             N: 0 Z: 0 V: 0 C: 0      
5206:   beq 5214.                     src: 2562                     r0: 5 r1: 4195 r2: 8 r3: 0 r4: 97 r5: 65514 sp: 65508 pc: 5208             N: 0 Z: 0 V: 0 C: 0      
5208:   add r4, r3                    src: 97        dst: 0         r0: 5 r1: 4195 r2: 8 r3: 97 r4: 97 r5: 65514 sp: 65508 pc: 5210            N: 0 Z: 0 V: 0 C: 0      
5210:   swab r3                       src: 97                       r0: 5 r1: 4195 r2: 8 r3: 24832 r4: 97 r5: 65514 sp: 65508 pc: 5212         N: 0 Z: 1 V: 0 C: 0      
5212:   sob r2, 5204.                 src: 8         dst: 68        r0: 5 r1: 4195 r2: 7 r3: 24832 r4: 97 r5: 65514 sp: 65508 pc: 5204         N: 0 Z: 1 V: 0 C: 0      
5204:   movb (r1)+, r4                src: 100       dst: 97        r0: 5 r1: 4196 r2: 7 r3: 24832 r4: 100 r5: 65514 sp: 65508 pc: 5206        N: 0 Z: 0 V: 0 C: 0      
5206:   beq 5214.                     src: 2562                     r0: 5 r1: 4196 r2: 7 r3: 24832 r4: 100 r5: 65514 sp: 65508 pc: 5208        N: 0 Z: 0 V: 0 C: 0      
5208:   add r4, r3                    src: 100       dst: 24832     r0: 5 r1: 4196 r2: 7 r3: 24932 r4: 100 r5: 65514 sp: 65508 pc: 5210        N: 0 Z: 0 V: 0 C: 0      
5210:   swab r3                       src: 24932                    r0: 5 r1: 4196 r2: 7 r3: 25697 r4: 100 r5: 65514 sp: 65508 pc: 5212        N: 0 Z: 0 V: 0 C: 0      
5212:   sob r2, 5204.                 src: 7         dst: 68        r0: 5 r1: 4196 r2: 6 r3: 25697 r4: 100 r5: 65514 sp: 65508 pc: 5204        N: 0 Z: 0 V: 0 C: 0      
5204:   movb (r1)+, r4                src: 99        dst: 100       r0: 5 r1: 4197 r2: 6 r3: 25697 r4: 99 r5: 65514 sp: 65508 pc: 5206         N: 0 Z: 0 V: 0 C: 0      
5206:   beq 5214.                     src: 2562                     r0: 5 r1: 4197 r2: 6 r3: 25697 r4: 99 r5: 65514 sp: 65508 pc: 5208         N: 0 Z: 0 V: 0 C: 0      
5208:   add r4, r3                    src: 99        dst: 25697     r0: 5 r1: 4197 r2: 6 r3: 25796 r4: 99 r5: 65514 sp: 65508 pc: 5210         N: 0 Z: 0 V: 0 C: 0      
5210:   swab r3                       src: 25796                    r0: 5 r1: 4197 r2: 6 r3: 50276 r4: 99 r5: 65514 sp: 65508 pc: 5212         N: 0 Z: 0 V: 0 C: 0      
5212:   sob r2, 5204.                 src: 6         dst: 68        r0: 5 r1: 4197 r2: 5 r3: 50276 r4: 99 r5: 65514 sp: 65508 pc: 5204         N: 0 Z: 0 V: 0 C: 0      
5204:   movb (r1)+, r4                src: 98        dst: 99        r0: 5 r1: 4198 r2: 5 r3: 50276 r4: 98 r5: 65514 sp: 65508 pc: 5206         N: 0 Z: 0 V: 0 C: 0      
5206:   beq 5214.                     src: 2562                     r0: 5 r1: 4198 r2: 5 r3: 50276 r4: 98 r5: 65514 sp: 65508 pc: 5208         N: 0 Z: 0 V: 0 C: 0      
5208:   add r4, r3                    src: 98        dst: 50276     r0: 5 r1: 4198 r2: 5 r3: 50374 r4: 98 r5: 65514 sp: 65508 pc: 5210         N: 0 Z: 0 V: 0 C: 0      
5210:   swab r3                       src: 50374                    r0: 5 r1: 4198 r2: 5 r3: 50884 r4: 98 r5: 65514 sp: 65508 pc: 5212         N: 1 Z: 0 V: 0 C: 0      
5212:   sob r2, 5204.                 src: 5         dst: 68        r0: 5 r1: 4198 r2: 4 r3: 50884 r4: 98 r5: 65514 sp: 65508 pc: 5204         N: 1 Z: 0 V: 0 C: 0      
5204:   movb (r1)+, r4                src: 0         dst: 98        r0: 5 r1: 4199 r2: 4 r3: 50884 r4: 0 r5: 65514 sp: 65508 pc: 5206          N: 0 Z: 1 V: 0 C: 0      
5206:   beq 5214.                     src: 2562                     r0: 5 r1: 4199 r2: 4 r3: 50884 r4: 0 r5: 65514 sp: 65508 pc: 5214          N: 0 Z: 1 V: 0 C: 0      
5214:   clr r2                        src: 4                        r0: 5 r1: 4199 r2: 0 r3: 50884 r4: 0 r5: 65514 sp: 65508 pc: 5216          N: 0 Z: 1 V: 0 C: 0      
5216:   div $hshsiz, r2               src: 1553      dst: 0         r0: 5 r1: 4199 r2: 32 r3: 1188 r4: 0 r5: 65514 sp: 65508 pc: 5220          N: 0 Z: 0 V: 0 C: 0      
5220:   ashc $1., r2                  src: 1         dst: 32        r0: 5 r1: 4199 r2: 64 r3: 2376 r4: 0 r5: 65514 sp: 65508 pc: 5224          N: 0 Z: 0 V: 0 C: 0      
5224:   add $hshtab, r3               src: 5722      dst: 2376      r0: 5 r1: 4199 r2: 64 r3: 8098 r4: 0 r5: 65514 sp: 65508 pc: 5228          N: 0 Z: 0 V: 0 C: 0      
5228:   sub r2, r3                    src: 64        dst: 8098      r0: 5 r1: 4199 r2: 64 r3: 8034 r4: 0 r5: 65514 sp: 65508 pc: 5230          N: 0 Z: 0 V: 0 C: 0      
5230:   cmp r3, $hshtab               src: 8034      dst: 5722      r0: 5 r1: 4199 r2: 64 r3: 8034 r4: 0 r5: 65514 sp: 65508 pc: 5234          N: 0 Z: 0 V: 0 C: 0      
5234:   bhi 5240.                     src: 3043                     r0: 5 r1: 4199 r2: 64 r3: 8034 r4: 0 r5: 65514 sp: 65508 pc: 5240          N: 0 Z: 0 V: 0 C: 0      
5240:   tst -(r3)                     src: 0                        r0: 5 r1: 4199 r2: 64 r3: 8032 r4: 0 r5: 65514 sp: 65508 pc: 5242          N: 0 Z: 1 V: 0 C: 0      
5242:   bne 5228.                     src: 57475                    r0: 5 r1: 4199 r2: 64 r3: 8032 r4: 0 r5: 65514 sp: 65508 pc: 5244          N: 0 Z: 1 V: 0 C: 0      
5244:   mov (sp)+, r1                 src: 4194      dst: 4199      r0: 5 r1: 4194 r2: 64 r3: 8032 r4: 0 r5: 65514 sp: 65510 pc: 5246          N: 0 Z: 0 V: 0 C: 0      
5246:   mov r1, (r3)                  src: 4194      dst: 0         r0: 5 r1: 4194 r2: 64 r3: 8032 r4: 0 r5: 65514 sp: 65510 pc: 5248          N: 0 Z: 0 V: 0 C: 0      
5248:   add $12., r1                  src: 12        dst: 4194      r0: 5 r1: 4206 r2: 64 r3: 8032 r4: 0 r5: 65514 sp: 65510 pc: 5252          N: 0 Z: 0 V: 0 C: 0      
5252:   cmp r1, $ebsymtab             src: 4206      dst: 5118      r0: 5 r1: 4206 r2: 64 r3: 8032 r4: 0 r5: 65514 sp: 65510 pc: 5256          N: 1 Z: 0 V: 0 C: 1      
5256:   bcs 5196.                     src: 2563                     r0: 5 r1: 4206 r2: 64 r3: 8032 r4: 0 r5: 65514 sp: 65510 pc: 5196          N: 1 Z: 0 V: 0 C: 1      
5196:   clr r3                        src: 8032                     r0: 5 r1: 4206 r2: 64 r3: 0 r4: 0 r5: 65514 sp: 65510 pc: 5198             N: 0 Z: 1 V: 0 C: 0      
5198:   mov $8., r2                   src: 8         dst: 64        r0: 5 r1: 4206 r2: 8 r3: 0 r4: 0 r5: 65514 sp: 65510 pc: 5202              N: 0 Z: 0 V: 0 C: 0      
5202:   mov r1, -(sp)                 src: 4206      dst: 4194      r0: 5 r1: 4206 r2: 8 r3: 0 r4: 0 r5: 65514 sp: 65508 pc: 5204              N: 0 Z: 0 V: 0 C: 0      
5204:   movb (r1)+, r4                src: 115       dst: 0         r0: 5 r1: 4207 r2: 8 r3: 0 r4: 115 r5: 65514 sp: 65508 pc: 5206            N: 0 Z: 0 V: 0 C: 0      
5206:   beq 5214.                     src: 2562                     r0: 5 r1: 4207 r2: 8 r3: 0 r4: 115 r5: 65514 sp: 65508 pc: 5208            N: 0 Z: 0 V: 0 C: 0      
5208:   add r4, r3                    src: 115       dst: 0         r0: 5 r1: 4207 r2: 8 r3: 115 r4: 115 r5: 65514 sp: 65508 pc: 5210          N: 0 Z: 0 V: 0 C: 0      
5210:   swab r3                       src: 115                      r0: 5 r1: 4207 r2: 8 r3: 29440 r4: 115 r5: 65514 sp: 65508 pc: 5212        N: 0 Z: 1 V: 0 C: 0      
5212:   sob r2, 5204.                 src: 8         dst: 68        r0: 5 r1: 4207 r2: 7 r3: 29440 r4: 115 r5: 65514 sp: 65508 pc: 5204        N: 0 Z: 1 V: 0 C: 0      
5204:   movb (r1)+, r4                src: 98        dst: 115       r0: 5 r1: 4208 r2: 7 r3: 29440 r4: 98 r5: 65514 sp: 65508 pc: 5206         N: 0 Z: 0 V: 0 C: 0      
5206:   beq 5214.                     src: 2562                     r0: 5 r1: 4208 r2: 7 r3: 29440 r4: 98 r5: 65514 sp: 65508 pc: 5208         N: 0 Z: 0 V: 0 C: 0      
5208:   add r4, r3                    src: 98        dst: 29440     r0: 5 r1: 4208 r2: 7 r3: 29538 r4: 98 r5: 65514 sp: 65508 pc: 5210         N: 0 Z: 0 V: 0 C: 0      
5210:   swab r3                       src: 29538                    r0: 5 r1: 4208 r2: 7 r3: 25203 r4: 98 r5: 65514 sp: 65508 pc: 5212         N: 0 Z: 0 V: 0 C: 0      
5212:   sob r2, 5204.                 src: 7         dst: 68        r0: 5 r1: 4208 r2: 6 r3: 25203 r4: 98 r5: 65514 sp: 65508 pc: 5204         N: 0 Z: 0 V: 0 C: 0      
5204:   movb (r1)+, r4                src: 99        dst: 98        r0: 5 r1: 4209 r2: 6 r3: 25203 r4: 99 r5: 65514 sp: 65508 pc: 5206         N: 0 Z: 0 V: 0 C: 0      
5206:   beq 5214.                     src: 2562                     r0: 5 r1: 4209 r2: 6 r3: 25203 r4: 99 r5: 65514 sp: 65508 pc: 5208         N: 0 Z: 0 V: 0 C: 0      
5208:   add r4, r3                    src: 99        dst: 25203     r0: 5 r1: 4209 r2: 6 r3: 25302 r4: 99 r5: 65514 sp: 65508 pc: 5210         N: 0 Z: 0 V: 0 C: 0      
5210:   swab r3                       src: 25302                    r0: 5 r1: 4209 r2: 6 r3: 54882 r4: 99 r5: 65514 sp: 65508 pc: 5212         N: 0 Z: 0 V: 0 C: 0      
5212:   sob r2, 5204.                 src: 6         dst: 68        r0: 5 r1: 4209 r2: 5 r3: 54882 r4: 99 r5: 65514 sp: 65508 pc: 5204         N: 0 Z: 0 V: 0 C: 0      
5204:   movb (r1)+, r4                src: 0         dst: 99        r0: 5 r1: 4210 r2: 5 r3: 54882 r4: 0 r5: 65514 sp: 65508 pc: 5206          N: 0 Z: 1 V: 0 C: 0      
5206:   beq 5214.                     src: 2562                     r0: 5 r1: 4210 r2: 5 r3: 54882 r4: 0 r5: 65514 sp: 65508 pc: 5214          N: 0 Z: 1 V: 0 C: 0      
5214:   clr r2                        src: 5                        r0: 5 r1: 4210 r2: 0 r3: 54882 r4: 0 r5: 65514 sp: 65508 pc: 5216          N: 0 Z: 1 V: 0 C: 0      
5216:   div $hshsiz, r2               src: 1553      dst: 0         r0: 5 r1: 4210 r2: 35 r3: 527 r4: 0 r5: 65514 sp: 65508 pc: 5220           N: 0 Z: 0 V: 0 C: 0      
5220:   ashc $1., r2                  src: 1         dst: 35        r0: 5 r1: 4210 r2: 70 r3: 1054 r4: 0 r5: 65514 sp: 65508 pc: 5224          N: 0 Z: 0 V: 0 C: 0      
5224:   add $hshtab, r3               src: 5722      dst: 1054      r0: 5 r1: 4210 r2: 70 r3: 6776 r4: 0 r5: 65514 sp: 65508 pc: 5228          N: 0 Z: 0 V: 0 C: 0      
5228:   sub r2, r3                    src: 70        dst: 6776      r0: 5 r1: 4210 r2: 70 r3: 6706 r4: 0 r5: 65514 sp: 65508 pc: 5230          N: 0 Z: 0 V: 0 C: 0      
5230:   cmp r3, $hshtab               src: 6706      dst: 5722      r0: 5 r1: 4210 r2: 70 r3: 6706 r4: 0 r5: 65514 sp: 65508 pc: 5234          N: 0 Z: 0 V: 0 C: 0      
5234:   bhi 5240.                     src: 3043                     r0: 5 r1: 4210 r2: 70 r3: 6706 r4: 0 r5: 65514 sp: 65508 pc: 5240          N: 0 Z: 0 V: 0 C: 0      
5240:   tst -(r3)                     src: 0                        r0: 5 r1: 4210 r2: 70 r3: 6704 r4: 0 r5: 65514 sp: 65508 pc: 5242          N: 0 Z: 1 V: 0 C: 0      
5242:   bne 5228.                     src: 57475                    r0: 5 r1: 4210 r2: 70 r3: 6704 r4: 0 r5: 65514 sp: 65508 pc: 5244          N: 0 Z: 1 V: 0 C: 0      
5244:   mov (sp)+, r1                 src: 4206      dst: 4210      r0: 5 r1: 4206 r2: 70 r3: 6704 r4: 0 r5: 65514 sp: 65510 pc: 5246          N: 0 Z: 0 V: 0 C: 0      
5246:   mov r1, (r3)                  src: 4206      dst: 0         r0: 5 r1: 4206 r2: 70 r3: 6704 r4: 0 r5: 65514 sp: 65510 pc: 5248          N: 0 Z: 0 V: 0 C: 0      
5248:   add $12., r1                  src: 12        dst: 4206      r0: 5 r1: 4218 r2: 70 r3: 6704 r4: 0 r5: 65514 sp: 65510 pc: 5252          N: 0 Z: 0 V: 0 C: 0      
5252:   cmp r1, $ebsymtab             src: 4218      dst: 5118      r0: 5 r1: 4218 r2: 70 r3: 6704 r4: 0 r5: 65514 sp: 65510 pc: 5256          N: 1 Z: 0 V: 0 C: 1      
5256:   bcs 5196.                     src: 2563                     r0: 5 r1: 4218 r2: 70 r3: 6704 r4: 0 r5: 65514 sp: 65510 pc: 5196          N: 1 Z: 0 V: 0 C: 1      
5196:   clr r3                        src: 6704                     r0: 5 r1: 4218 r2: 70 r3: 0 r4: 0 r5: 65514 sp: 65510 pc: 5198             N: 0 Z: 1 V: 0 C: 0      
5198:   mov $8., r2                   src: 8         dst: 70        r0: 5 r1: 4218 r2: 8 r3: 0 r4: 0 r5: 65514 sp: 65510 pc: 5202              N: 0 Z: 0 V: 0 C: 0      
5202:   mov r1, -(sp)                 src: 4218      dst: 4206      r0: 5 r1: 4218 r2: 8 r3: 0 r4: 0 r5: 65514 sp: 65508 pc: 5204              N: 0 Z: 0 V: 0 C: 0      
5204:   movb (r1)+, r4                src: 115       dst: 0         r0: 5 r1: 4219 r2: 8 r3: 0 r4: 115 r5: 65514 sp: 65508 pc: 5206            N: 0 Z: 0 V: 0 C: 0      
5206:   beq 5214.                     src: 2562                     r0: 5 r1: 4219 r2: 8 r3: 0 r4: 115 r5: 65514 sp: 65508 pc: 5208            N: 0 Z: 0 V: 0 C: 0      
5208:   add r4, r3                    src: 115       dst: 0         r0: 5 r1: 4219 r2: 8 r3: 115 r4: 115 r5: 65514 sp: 65508 pc: 5210          N: 0 Z: 0 V: 0 C: 0      
5210:   swab r3                       src: 115                      r0: 5 r1: 4219 r2: 8 r3: 29440 r4: 115 r5: 65514 sp: 65508 pc: 5212        N: 0 Z: 1 V: 0 C: 0      
5212:   sob r2, 5204.                 src: 8         dst: 68        r0: 5 r1: 4219 r2: 7 r3: 29440 r4: 115 r5: 65514 sp: 65508 pc: 5204        N: 0 Z: 1 V: 0 C: 0      
5204:   movb (r1)+, r4                src: 98        dst: 115       r0: 5 r1: 4220 r2: 7 r3: 29440 r4: 98 r5: 65514 sp: 65508 pc: 5206         N: 0 Z: 0 V: 0 C: 0      
5206:   beq 5214.                     src: 2562                     r0: 5 r1: 4220 r2: 7 r3: 29440 r4: 98 r5: 65514 sp: 65508 pc: 5208         N: 0 Z: 0 V: 0 C: 0      
5208:   add r4, r3                    src: 98        dst: 29440     r0: 5 r1: 4220 r2: 7 r3: 29538 r4: 98 r5: 65514 sp: 65508 pc: 5210         N: 0 Z: 0 V: 0 C: 0      
5210:   swab r3                       src: 29538                    r0: 5 r1: 4220 r2: 7 r3: 25203 r4: 98 r5: 65514 sp: 65508 pc: 5212         N: 0 Z: 0 V: 0 C: 0      
5212:   sob r2, 5204.                 src: 7         dst: 68        r0: 5 r1: 4220 r2: 6 r3: 25203 r4: 98 r5: 65514 sp: 65508 pc: 5204         N: 0 Z: 0 V: 0 C: 0      
5204:   movb (r1)+, r4                src: 99        dst: 98        r0: 5 r1: 4221 r2: 6 r3: 25203 r4: 99 r5: 65514 sp: 65508 pc: 5206         N: 0 Z: 0 V: 0 C: 0      
5206:   beq 5214.                     src: 2562                     r0: 5 r1: 4221 r2: 6 r3: 25203 r4: 99 r5: 65514 sp: 65508 pc: 5208         N: 0 Z: 0 V: 0 C: 0      
5208:   add r4, r3                    src: 99        dst: 25203     r0: 5 r1: 4221 r2: 6 r3: 25302 r4: 99 r5: 65514 sp: 65508 pc: 5210         N: 0 Z: 0 V: 0 C: 0      
5210:   swab r3                       src: 25302                    r0: 5 r1: 4221 r2: 6 r3: 54882 r4: 99 r5: 65514 sp: 65508 pc: 5212         N: 0 Z: 0 V: 0 C: 0      
5212:   sob r2, 5204.                 src: 6         dst: 68        r0: 5 r1: 4221 r2: 5 r3: 54882 r4: 99 r5: 65514 sp: 65508 pc: 5204         N: 0 Z: 0 V: 0 C: 0      
5204:   movb (r1)+, r4                src: 98        dst: 99        r0: 5 r1: 4222 r2: 5 r3: 54882 r4: 98 r5: 65514 sp: 65508 pc: 5206         N: 0 Z: 0 V: 0 C: 0      
5206:   beq 5214.                     src: 2562                     r0: 5 r1: 4222 r2: 5 r3: 54882 r4: 98 r5: 65514 sp: 65508 pc: 5208         N: 0 Z: 0 V: 0 C: 0      
5208:   add r4, r3                    src: 98        dst: 54882     r0: 5 r1: 4222 r2: 5 r3: 54980 r4: 98 r5: 65514 sp: 65508 pc: 5210         N: 0 Z: 0 V: 0 C: 0      
5210:   swab r3                       src: 54980                    r0: 5 r1: 4222 r2: 5 r3: 50390 r4: 98 r5: 65514 sp: 65508 pc: 5212         N: 1 Z: 0 V: 0 C: 0      
5212:   sob r2, 5204.                 src: 5         dst: 68        r0: 5 r1: 4222 r2: 4 r3: 50390 r4: 98 r5: 65514 sp: 65508 pc: 5204         N: 1 Z: 0 V: 0 C: 0      
5204:   movb (r1)+, r4                src: 0         dst: 98        r0: 5 r1: 4223 r2: 4 r3: 50390 r4: 0 r5: 65514 sp: 65508 pc: 5206          N: 0 Z: 1 V: 0 C: 0      
5206:   beq 5214.                     src: 2562                     r0: 5 r1: 4223 r2: 4 r3: 50390 r4: 0 r5: 65514 sp: 65508 pc: 5214          N: 0 Z: 1 V: 0 C: 0      
5214:   clr r2                        src: 4                        r0: 5 r1: 4223 r2: 0 r3: 50390 r4: 0 r5: 65514 sp: 65508 pc: 5216          N: 0 Z: 1 V: 0 C: 0      
5216:   div $hshsiz, r2               src: 1553      dst: 0         r0: 5 r1: 4223 r2: 32 r3: 694 r4: 0 r5: 65514 sp: 65508 pc: 5220           N: 0 Z: 0 V: 0 C: 0      
5220:   ashc $1., r2                  src: 1         dst: 32        r0: 5 r1: 4223 r2: 64 r3: 1388 r4: 0 r5: 65514 sp: 65508 pc: 5224          N: 0 Z: 0 V: 0 C: 0      
5224:   add $hshtab, r3               src: 5722      dst: 1388      r0: 5 r1: 4223 r2: 64 r3: 7110 r4: 0 r5: 65514 sp: 65508 pc: 5228          N: 0 Z: 0 V: 0 C: 0      
5228:   sub r2, r3                    src: 64        dst: 7110      r0: 5 r1: 4223 r2: 64 r3: 7046 r4: 0 r5: 65514 sp: 65508 pc: 5230          N: 0 Z: 0 V: 0 C: 0      
5230:   cmp r3, $hshtab               src: 7046      dst: 5722      r0: 5 r1: 4223 r2: 64 r3: 7046 r4: 0 r5: 65514 sp: 65508 pc: 5234          N: 0 Z: 0 V: 0 C: 0      
5234:   bhi 5240.                     src: 3043                     r0: 5 r1: 4223 r2: 64 r3: 7046 r4: 0 r5: 65514 sp: 65508 pc: 5240          N: 0 Z: 0 V: 0 C: 0      
5240:   tst -(r3)                     src: 0                        r0: 5 r1: 4223 r2: 64 r3: 7044 r4: 0 r5: 65514 sp: 65508 pc: 5242          N: 0 Z: 1 V: 0 C: 0      
5242:   bne 5228.                     src: 57475                    r0: 5 r1: 4223 r2: 64 r3: 7044 r4: 0 r5: 65514 sp: 65508 pc: 5244          N: 0 Z: 1 V: 0 C: 0      
5244:   mov (sp)+, r1                 src: 4218      dst: 4223      r0: 5 r1: 4218 r2: 64 r3: 7044 r4: 0 r5: 65514 sp: 65510 pc: 5246          N: 0 Z: 0 V: 0 C: 0      
5246:   mov r1, (r3)                  src: 4218      dst: 0         r0: 5 r1: 4218 r2: 64 r3: 7044 r4: 0 r5: 65514 sp: 65510 pc: 5248          N: 0 Z: 0 V: 0 C: 0      
5248:   add $12., r1                  src: 12        dst: 4218      r0: 5 r1: 4230 r2: 64 r3: 7044 r4: 0 r5: 65514 sp: 65510 pc: 5252          N: 0 Z: 0 V: 0 C: 0      
5252:   cmp r1, $ebsymtab             src: 4230      dst: 5118      r0: 5 r1: 4230 r2: 64 r3: 7044 r4: 0 r5: 65514 sp: 65510 pc: 5256          N: 1 Z: 0 V: 0 C: 1      
5256:   bcs 5196.                     src: 2563                     r0: 5 r1: 4230 r2: 64 r3: 7044 r4: 0 r5: 65514 sp: 65510 pc: 5196          N: 1 Z: 0 V: 0 C: 1      
5196:   clr r3                        src: 7044                     r0: 5 r1: 4230 r2: 64 r3: 0 r4: 0 r5: 65514 sp: 65510 pc: 5198             N: 0 Z: 1 V: 0 C: 0      
5198:   mov $8., r2                   src: 8         dst: 64        r0: 5 r1: 4230 r2: 8 r3: 0 r4: 0 r5: 65514 sp: 65510 pc: 5202              N: 0 Z: 0 V: 0 C: 0      
5202:   mov r1, -(sp)                 src: 4230      dst: 4218      r0: 5 r1: 4230 r2: 8 r3: 0 r4: 0 r5: 65514 sp: 65508 pc: 5204              N: 0 Z: 0 V: 0 C: 0      
5204:   movb (r1)+, r4                src: 116       dst: 0         r0: 5 r1: 4231 r2: 8 r3: 0 r4: 116 r5: 65514 sp: 65508 pc: 5206            N: 0 Z: 0 V: 0 C: 0      
5206:   beq 5214.                     src: 2562                     r0: 5 r1: 4231 r2: 8 r3: 0 r4: 116 r5: 65514 sp: 65508 pc: 5208            N: 0 Z: 0 V: 0 C: 0      
5208:   add r4, r3                    src: 116       dst: 0         r0: 5 r1: 4231 r2: 8 r3: 116 r4: 116 r5: 65514 sp: 65508 pc: 5210          N: 0 Z: 0 V: 0 C: 0      
5210:   swab r3                       src: 116                      r0: 5 r1: 4231 r2: 8 r3: 29696 r4: 116 r5: 65514 sp: 65508 pc: 5212        N: 0 Z: 1 V: 0 C: 0      
5212:   sob r2, 5204.                 src: 8         dst: 68        r0: 5 r1: 4231 r2: 7 r3: 29696 r4: 116 r5: 65514 sp: 65508 pc: 5204        N: 0 Z: 1 V: 0 C: 0      
5204:   movb (r1)+, r4                src: 115       dst: 116       r0: 5 r1: 4232 r2: 7 r3: 29696 r4: 115 r5: 65514 sp: 65508 pc: 5206        N: 0 Z: 0 V: 0 C: 0      
5206:   beq 5214.                     src: 2562                     r0: 5 r1: 4232 r2: 7 r3: 29696 r4: 115 r5: 65514 sp: 65508 pc: 5208        N: 0 Z: 0 V: 0 C: 0      
5208:   add r4, r3                    src: 115       dst: 29696     r0: 5 r1: 4232 r2: 7 r3: 29811 r4: 115 r5: 65514 sp: 65508 pc: 5210        N: 0 Z: 0 V: 0 C: 0      
5210:   swab r3                       src: 29811                    r0: 5 r1: 4232 r2: 7 r3: 29556 r4: 115 r5: 65514 sp: 65508 pc: 5212        N: 0 Z: 0 V: 0 C: 0      
5212:   sob r2, 5204.                 src: 7         dst: 68        r0: 5 r1: 4232 r2: 6 r3: 29556 r4: 115 r5: 65514 sp: 65508 pc: 5204        N: 0 Z: 0 V: 0 C: 0      
5204:   movb (r1)+, r4                src: 116       dst: 115       r0: 5 r1: 4233 r2: 6 r3: 29556 r4: 116 r5: 65514 sp: 65508 pc: 5206        N: 0 Z: 0 V: 0 C: 0      
5206:   beq 5214.                     src: 2562                     r0: 5 r1: 4233 r2: 6 r3: 29556 r4: 116 r5: 65514 sp: 65508 pc: 5208        N: 0 Z: 0 V: 0 C: 0      
5208:   add r4, r3                    src: 116       dst: 29556     r0: 5 r1: 4233 r2: 6 r3: 29672 r4: 116 r5: 65514 sp: 65508 pc: 5210        N: 0 Z: 0 V: 0 C: 0      
5210:   swab r3                       src: 29672                    r0: 5 r1: 4233 r2: 6 r3: 59507 r4: 116 r5: 65514 sp: 65508 pc: 5212        N: 0 Z: 0 V: 0 C: 0      
5212:   sob r2, 5204.                 src: 6         dst: 68        r0: 5 r1: 4233 r2: 5 r3: 59507 r4: 116 r5: 65514 sp: 65508 pc: 5204        N: 0 Z: 0 V: 0 C: 0      
5204:   movb (r1)+, r4                src: 0         dst: 116       r0: 5 r1: 4234 r2: 5 r3: 59507 r4: 0 r5: 65514 sp: 65508 pc: 5206          N: 0 Z: 1 V: 0 C: 0      
5206:   beq 5214.                     src: 2562                     r0: 5 r1: 4234 r2: 5 r3: 59507 r4: 0 r5: 65514 sp: 65508 pc: 5214          N: 0 Z: 1 V: 0 C: 0      
5214:   clr r2                        src: 5                        r0: 5 r1: 4234 r2: 0 r3: 59507 r4: 0 r5: 65514 sp: 65508 pc: 5216          N: 0 Z: 1 V: 0 C: 0      
5216:   div $hshsiz, r2               src: 1553      dst: 0         r0: 5 r1: 4234 r2: 38 r3: 493 r4: 0 r5: 65514 sp: 65508 pc: 5220           N: 0 Z: 0 V: 0 C: 0      
5220:   ashc $1., r2                  src: 1         dst: 38        r0: 5 r1: 4234 r2: 76 r3: 986 r4: 0 r5: 65514 sp: 65508 pc: 5224           N: 0 Z: 0 V: 0 C: 0      
5224:   add $hshtab, r3               src: 5722      dst: 986       r0: 5 r1: 4234 r2: 76 r3: 6708 r4: 0 r5: 65514 sp: 65508 pc: 5228          N: 0 Z: 0 V: 0 C: 0      
5228:   sub r2, r3                    src: 76        dst: 6708      r0: 5 r1: 4234 r2: 76 r3: 6632 r4: 0 r5: 65514 sp: 65508 pc: 5230          N: 0 Z: 0 V: 0 C: 0      
5230:   cmp r3, $hshtab               src: 6632      dst: 5722      r0: 5 r1: 4234 r2: 76 r3: 6632 r4: 0 r5: 65514 sp: 65508 pc: 5234          N: 0 Z: 0 V: 0 C: 0      
5234:   bhi 5240.                     src: 3043                     r0: 5 r1: 4234 r2: 76 r3: 6632 r4: 0 r5: 65514 sp: 65508 pc: 5240          N: 0 Z: 0 V: 0 C: 0      
5240:   tst -(r3)                     src: 0                        r0: 5 r1: 4234 r2: 76 r3: 6630 r4: 0 r5: 65514 sp: 65508 pc: 5242          N: 0 Z: 1 V: 0 C: 0      
5242:   bne 5228.                     src: 57475                    r0: 5 r1: 4234 r2: 76 r3: 6630 r4: 0 r5: 65514 sp: 65508 pc: 5244          N: 0 Z: 1 V: 0 C: 0      
5244:   mov (sp)+, r1                 src: 4230      dst: 4234      r0: 5 r1: 4230 r2: 76 r3: 6630 r4: 0 r5: 65514 sp: 65510 pc: 5246          N: 0 Z: 0 V: 0 C: 0      
5246:   mov r1, (r3)                  src: 4230      dst: 0         r0: 5 r1: 4230 r2: 76 r3: 6630 r4: 0 r5: 65514 sp: 65510 pc: 5248          N: 0 Z: 0 V: 0 C: 0      
5248:   add $12., r1                  src: 12        dst: 4230      r0: 5 r1: 4242 r2: 76 r3: 6630 r4: 0 r5: 65514 sp: 65510 pc: 5252          N: 0 Z: 0 V: 0 C: 0      
5252:   cmp r1, $ebsymtab             src: 4242      dst: 5118      r0: 5 r1: 4242 r2: 76 r3: 6630 r4: 0 r5: 65514 sp: 65510 pc: 5256          N: 1 Z: 0 V: 0 C: 1      
5256:   bcs 5196.                     src: 2563                     r0: 5 r1: 4242 r2: 76 r3: 6630 r4: 0 r5: 65514 sp: 65510 pc: 5196          N: 1 Z: 0 V: 0 C: 1      
5196:   clr r3                        src: 6630                     r0: 5 r1: 4242 r2: 76 r3: 0 r4: 0 r5: 65514 sp: 65510 pc: 5198             N: 0 Z: 1 V: 0 C: 0      
5198:   mov $8., r2                   src: 8         dst: 76        r0: 5 r1: 4242 r2: 8 r3: 0 r4: 0 r5: 65514 sp: 65510 pc: 5202              N: 0 Z: 0 V: 0 C: 0      
5202:   mov r1, -(sp)                 src: 4242      dst: 4230      r0: 5 r1: 4242 r2: 8 r3: 0 r4: 0 r5: 65514 sp: 65508 pc: 5204              N: 0 Z: 0 V: 0 C: 0      
5204:   movb (r1)+, r4                src: 116       dst: 0         r0: 5 r1: 4243 r2: 8 r3: 0 r4: 116 r5: 65514 sp: 65508 pc: 5206            N: 0 Z: 0 V: 0 C: 0      
5206:   beq 5214.                     src: 2562                     r0: 5 r1: 4243 r2: 8 r3: 0 r4: 116 r5: 65514 sp: 65508 pc: 5208            N: 0 Z: 0 V: 0 C: 0      
5208:   add r4, r3                    src: 116       dst: 0         r0: 5 r1: 4243 r2: 8 r3: 116 r4: 116 r5: 65514 sp: 65508 pc: 5210          N: 0 Z: 0 V: 0 C: 0      
5210:   swab r3                       src: 116                      r0: 5 r1: 4243 r2: 8 r3: 29696 r4: 116 r5: 65514 sp: 65508 pc: 5212        N: 0 Z: 1 V: 0 C: 0      
5212:   sob r2, 5204.                 src: 8         dst: 68        r0: 5 r1: 4243 r2: 7 r3: 29696 r4: 116 r5: 65514 sp: 65508 pc: 5204        N: 0 Z: 1 V: 0 C: 0      
5204:   movb (r1)+, r4                src: 115       dst: 116       r0: 5 r1: 4244 r2: 7 r3: 29696 r4: 115 r5: 65514 sp: 65508 pc: 5206        N: 0 Z: 0 V: 0 C: 0      
5206:   beq 5214.                     src: 2562                     r0: 5 r1: 4244 r2: 7 r3: 29696 r4: 115 r5: 65514 sp: 65508 pc: 5208        N: 0 Z: 0 V: 0 C: 0      
5208:   add r4, r3                    src: 115       dst: 29696     r0: 5 r1: 4244 r2: 7 r3: 29811 r4: 115 r5: 65514 sp: 65508 pc: 5210        N: 0 Z: 0 V: 0 C: 0      
5210:   swab r3                       src: 29811                    r0: 5 r1: 4244 r2: 7 r3: 29556 r4: 115 r5: 65514 sp: 65508 pc: 5212        N: 0 Z: 0 V: 0 C: 0      
5212:   sob r2, 5204.                 src: 7         dst: 68        r0: 5 r1: 4244 r2: 6 r3: 29556 r4: 115 r5: 65514 sp: 65508 pc: 5204        N: 0 Z: 0 V: 0 C: 0      
5204:   movb (r1)+, r4                src: 116       dst: 115       r0: 5 r1: 4245 r2: 6 r3: 29556 r4: 116 r5: 65514 sp: 65508 pc: 5206        N: 0 Z: 0 V: 0 C: 0      
5206:   beq 5214.                     src: 2562                     r0: 5 r1: 4245 r2: 6 r3: 29556 r4: 116 r5: 65514 sp: 65508 pc: 5208        N: 0 Z: 0 V: 0 C: 0      
5208:   add r4, r3                    src: 116       dst: 29556     r0: 5 r1: 4245 r2: 6 r3: 29672 r4: 116 r5: 65514 sp: 65508 pc: 5210        N: 0 Z: 0 V: 0 C: 0      
5210:   swab r3                       src: 29672                    r0: 5 r1: 4245 r2: 6 r3: 59507 r4: 116 r5: 65514 sp: 65508 pc: 5212        N: 0 Z: 0 V: 0 C: 0      
5212:   sob r2, 5204.                 src: 6         dst: 68        r0: 5 r1: 4245 r2: 5 r3: 59507 r4: 116 r5: 65514 sp: 65508 pc: 5204        N: 0 Z: 0 V: 0 C: 0      
5204:   movb (r1)+, r4                src: 98        dst: 116       r0: 5 r1: 4246 r2: 5 r3: 59507 r4: 98 r5: 65514 sp: 65508 pc: 5206         N: 0 Z: 0 V: 0 C: 0      
5206:   beq 5214.                     src: 2562                     r0: 5 r1: 4246 r2: 5 r3: 59507 r4: 98 r5: 65514 sp: 65508 pc: 5208         N: 0 Z: 0 V: 0 C: 0      
5208:   add r4, r3                    src: 98        dst: 59507     r0: 5 r1: 4246 r2: 5 r3: 59605 r4: 98 r5: 65514 sp: 65508 pc: 5210         N: 0 Z: 0 V: 0 C: 0      
5210:   swab r3                       src: 59605                    r0: 5 r1: 4246 r2: 5 r3: 54760 r4: 98 r5: 65514 sp: 65508 pc: 5212         N: 1 Z: 0 V: 0 C: 0      
5212:   sob r2, 5204.                 src: 5         dst: 68        r0: 5 r1: 4246 r2: 4 r3: 54760 r4: 98 r5: 65514 sp: 65508 pc: 5204         N: 1 Z: 0 V: 0 C: 0      
5204:   movb (r1)+, r4                src: 0         dst: 98        r0: 5 r1: 4247 r2: 4 r3: 54760 r4: 0 r5: 65514 sp: 65508 pc: 5206          N: 0 Z: 1 V: 0 C: 0      
5206:   beq 5214.                     src: 2562                     r0: 5 r1: 4247 r2: 4 r3: 54760 r4: 0 r5: 65514 sp: 65508 pc: 5214          N: 0 Z: 1 V: 0 C: 0      
5214:   clr r2                        src: 4                        r0: 5 r1: 4247 r2: 0 r3: 54760 r4: 0 r5: 65514 sp: 65508 pc: 5216          N: 0 Z: 1 V: 0 C: 0      
5216:   div $hshsiz, r2               src: 1553      dst: 0         r0: 5 r1: 4247 r2: 35 r3: 405 r4: 0 r5: 65514 sp: 65508 pc: 5220           N: 0 Z: 0 V: 0 C: 0      
5220:   ashc $1., r2                  src: 1         dst: 35        r0: 5 r1: 4247 r2: 70 r3: 810 r4: 0 r5: 65514 sp: 65508 pc: 5224           N: 0 Z: 0 V: 0 C: 0      
5224:   add $hshtab, r3               src: 5722      dst: 810       r0: 5 r1: 4247 r2: 70 r3: 6532 r4: 0 r5: 65514 sp: 65508 pc: 5228          N: 0 Z: 0 V: 0 C: 0      
5228:   sub r2, r3                    src: 70        dst: 6532      r0: 5 r1: 4247 r2: 70 r3: 6462 r4: 0 r5: 65514 sp: 65508 pc: 5230          N: 0 Z: 0 V: 0 C: 0      
5230:   cmp r3, $hshtab               src: 6462      dst: 5722      r0: 5 r1: 4247 r2: 70 r3: 6462 r4: 0 r5: 65514 sp: 65508 pc: 5234          N: 0 Z: 0 V: 0 C: 0      
5234:   bhi 5240.                     src: 3043                     r0: 5 r1: 4247 r2: 70 r3: 6462 r4: 0 r5: 65514 sp: 65508 pc: 5240          N: 0 Z: 0 V: 0 C: 0      
5240:   tst -(r3)                     src: 0                        r0: 5 r1: 4247 r2: 70 r3: 6460 r4: 0 r5: 65514 sp: 65508 pc: 5242          N: 0 Z: 1 V: 0 C: 0      
5242:   bne 5228.                     src: 57475                    r0: 5 r1: 4247 r2: 70 r3: 6460 r4: 0 r5: 65514 sp: 65508 pc: 5244          N: 0 Z: 1 V: 0 C: 0      
5244:   mov (sp)+, r1                 src: 4242      dst: 4247      r0: 5 r1: 4242 r2: 70 r3: 6460 r4: 0 r5: 65514 sp: 65510 pc: 5246          N: 0 Z: 0 V: 0 C: 0      
5246:   mov r1, (r3)                  src: 4242      dst: 0         r0: 5 r1: 4242 r2: 70 r3: 6460 r4: 0 r5: 65514 sp: 65510 pc: 5248          N: 0 Z: 0 V: 0 C: 0      
5248:   add $12., r1                  src: 12        dst: 4242      r0: 5 r1: 4254 r2: 70 r3: 6460 r4: 0 r5: 65514 sp: 65510 pc: 5252          N: 0 Z: 0 V: 0 C: 0      
5252:   cmp r1, $ebsymtab             src: 4254      dst: 5118      r0: 5 r1: 4254 r2: 70 r3: 6460 r4: 0 r5: 65514 sp: 65510 pc: 5256          N: 1 Z: 0 V: 0 C: 1      
5256:   bcs 5196.                     src: 2563                     r0: 5 r1: 4254 r2: 70 r3: 6460 r4: 0 r5: 65514 sp: 65510 pc: 5196          N: 1 Z: 0 V: 0 C: 1      
5196:   clr r3                        src: 6460                     r0: 5 r1: 4254 r2: 70 r3: 0 r4: 0 r5: 65514 sp: 65510 pc: 5198             N: 0 Z: 1 V: 0 C: 0      
5198:   mov $8., r2                   src: 8         dst: 70        r0: 5 r1: 4254 r2: 8 r3: 0 r4: 0 r5: 65514 sp: 65510 pc: 5202              N: 0 Z: 0 V: 0 C: 0      
5202:   mov r1, -(sp)                 src: 4254      dst: 4242      r0: 5 r1: 4254 r2: 8 r3: 0 r4: 0 r5: 65514 sp: 65508 pc: 5204              N: 0 Z: 0 V: 0 C: 0      
5204:   movb (r1)+, r4                src: 114       dst: 0         r0: 5 r1: 4255 r2: 8 r3: 0 r4: 114 r5: 65514 sp: 65508 pc: 5206            N: 0 Z: 0 V: 0 C: 0      
5206:   beq 5214.                     src: 2562                     r0: 5 r1: 4255 r2: 8 r3: 0 r4: 114 r5: 65514 sp: 65508 pc: 5208            N: 0 Z: 0 V: 0 C: 0      
5208:   add r4, r3                    src: 114       dst: 0         r0: 5 r1: 4255 r2: 8 r3: 114 r4: 114 r5: 65514 sp: 65508 pc: 5210          N: 0 Z: 0 V: 0 C: 0      
5210:   swab r3                       src: 114                      r0: 5 r1: 4255 r2: 8 r3: 29184 r4: 114 r5: 65514 sp: 65508 pc: 5212        N: 0 Z: 1 V: 0 C: 0      
5212:   sob r2, 5204.                 src: 8         dst: 68        r0: 5 r1: 4255 r2: 7 r3: 29184 r4: 114 r5: 65514 sp: 65508 pc: 5204        N: 0 Z: 1 V: 0 C: 0      
5204:   movb (r1)+, r4                src: 111       dst: 114       r0: 5 r1: 4256 r2: 7 r3: 29184 r4: 111 r5: 65514 sp: 65508 pc: 5206        N: 0 Z: 0 V: 0 C: 0      
5206:   beq 5214.                     src: 2562                     r0: 5 r1: 4256 r2: 7 r3: 29184 r4: 111 r5: 65514 sp: 65508 pc: 5208        N: 0 Z: 0 V: 0 C: 0      
5208:   add r4, r3                    src: 111       dst: 29184     r0: 5 r1: 4256 r2: 7 r3: 29295 r4: 111 r5: 65514 sp: 65508 pc: 5210        N: 0 Z: 0 V: 0 C: 0      
5210:   swab r3                       src: 29295                    r0: 5 r1: 4256 r2: 7 r3: 28530 r4: 111 r5: 65514 sp: 65508 pc: 5212        N: 0 Z: 0 V: 0 C: 0      
5212:   sob r2, 5204.                 src: 7         dst: 68        r0: 5 r1: 4256 r2: 6 r3: 28530 r4: 111 r5: 65514 sp: 65508 pc: 5204        N: 0 Z: 0 V: 0 C: 0      
5204:   movb (r1)+, r4                src: 114       dst: 111       r0: 5 r1: 4257 r2: 6 r3: 28530 r4: 114 r5: 65514 sp: 65508 pc: 5206        N: 0 Z: 0 V: 0 C: 0      
5206:   beq 5214.                     src: 2562                     r0: 5 r1: 4257 r2: 6 r3: 28530 r4: 114 r5: 65514 sp: 65508 pc: 5208        N: 0 Z: 0 V: 0 C: 0      
5208:   add r4, r3                    src: 114       dst: 28530     r0: 5 r1: 4257 r2: 6 r3: 28644 r4: 114 r5: 65514 sp: 65508 pc: 5210        N: 0 Z: 0 V: 0 C: 0      
5210:   swab r3                       src: 28644                    r0: 5 r1: 4257 r2: 6 r3: 58479 r4: 114 r5: 65514 sp: 65508 pc: 5212        N: 0 Z: 0 V: 0 C: 0      
5212:   sob r2, 5204.                 src: 6         dst: 68        r0: 5 r1: 4257 r2: 5 r3: 58479 r4: 114 r5: 65514 sp: 65508 pc: 5204        N: 0 Z: 0 V: 0 C: 0      
5204:   movb (r1)+, r4                src: 0         dst: 114       r0: 5 r1: 4258 r2: 5 r3: 58479 r4: 0 r5: 65514 sp: 65508 pc: 5206          N: 0 Z: 1 V: 0 C: 0      
5206:   beq 5214.                     src: 2562                     r0: 5 r1: 4258 r2: 5 r3: 58479 r4: 0 r5: 65514 sp: 65508 pc: 5214          N: 0 Z: 1 V: 0 C: 0      
5214:   clr r2                        src: 5                        r0: 5 r1: 4258 r2: 0 r3: 58479 r4: 0 r5: 65514 sp: 65508 pc: 5216          N: 0 Z: 1 V: 0 C: 0      
5216:   div $hshsiz, r2               src: 1553      dst: 0         r0: 5 r1: 4258 r2: 37 r3: 1018 r4: 0 r5: 65514 sp: 65508 pc: 5220          N: 0 Z: 0 V: 0 C: 0      
5220:   ashc $1., r2                  src: 1         dst: 37        r0: 5 r1: 4258 r2: 74 r3: 2036 r4: 0 r5: 65514 sp: 65508 pc: 5224          N: 0 Z: 0 V: 0 C: 0      
5224:   add $hshtab, r3               src: 5722      dst: 2036      r0: 5 r1: 4258 r2: 74 r3: 7758 r4: 0 r5: 65514 sp: 65508 pc: 5228          N: 0 Z: 0 V: 0 C: 0      
5228:   sub r2, r3                    src: 74        dst: 7758      r0: 5 r1: 4258 r2: 74 r3: 7684 r4: 0 r5: 65514 sp: 65508 pc: 5230          N: 0 Z: 0 V: 0 C: 0      
5230:   cmp r3, $hshtab               src: 7684      dst: 5722      r0: 5 r1: 4258 r2: 74 r3: 7684 r4: 0 r5: 65514 sp: 65508 pc: 5234          N: 0 Z: 0 V: 0 C: 0      
5234:   bhi 5240.                     src: 3043                     r0: 5 r1: 4258 r2: 74 r3: 7684 r4: 0 r5: 65514 sp: 65508 pc: 5240          N: 0 Z: 0 V: 0 C: 0      
5240:   tst -(r3)                     src: 0                        r0: 5 r1: 4258 r2: 74 r3: 7682 r4: 0 r5: 65514 sp: 65508 pc: 5242          N: 0 Z: 1 V: 0 C: 0      
5242:   bne 5228.                     src: 57475                    r0: 5 r1: 4258 r2: 74 r3: 7682 r4: 0 r5: 65514 sp: 65508 pc: 5244          N: 0 Z: 1 V: 0 C: 0      
5244:   mov (sp)+, r1                 src: 4254      dst: 4258      r0: 5 r1: 4254 r2: 74 r3: 7682 r4: 0 r5: 65514 sp: 65510 pc: 5246          N: 0 Z: 0 V: 0 C: 0      
5246:   mov r1, (r3)                  src: 4254      dst: 0         r0: 5 r1: 4254 r2: 74 r3: 7682 r4: 0 r5: 65514 sp: 65510 pc: 5248          N: 0 Z: 0 V: 0 C: 0      
5248:   add $12., r1                  src: 12        dst: 4254      r0: 5 r1: 4266 r2: 74 r3: 7682 r4: 0 r5: 65514 sp: 65510 pc: 5252          N: 0 Z: 0 V: 0 C: 0      
5252:   cmp r1, $ebsymtab             src: 4266      dst: 5118      r0: 5 r1: 4266 r2: 74 r3: 7682 r4: 0 r5: 65514 sp: 65510 pc: 5256          N: 1 Z: 0 V: 0 C: 1      
5256:   bcs 5196.                     src: 2563                     r0: 5 r1: 4266 r2: 74 r3: 7682 r4: 0 r5: 65514 sp: 65510 pc: 5196          N: 1 Z: 0 V: 0 C: 1      
5196:   clr r3                        src: 7682                     r0: 5 r1: 4266 r2: 74 r3: 0 r4: 0 r5: 65514 sp: 65510 pc: 5198             N: 0 Z: 1 V: 0 C: 0      
5198:   mov $8., r2                   src: 8         dst: 74        r0: 5 r1: 4266 r2: 8 r3: 0 r4: 0 r5: 65514 sp: 65510 pc: 5202              N: 0 Z: 0 V: 0 C: 0      
5202:   mov r1, -(sp)                 src: 4266      dst: 4254      r0: 5 r1: 4266 r2: 8 r3: 0 r4: 0 r5: 65514 sp: 65508 pc: 5204              N: 0 Z: 0 V: 0 C: 0      
5204:   movb (r1)+, r4                src: 114       dst: 0         r0: 5 r1: 4267 r2: 8 r3: 0 r4: 114 r5: 65514 sp: 65508 pc: 5206            N: 0 Z: 0 V: 0 C: 0      
5206:   beq 5214.                     src: 2562                     r0: 5 r1: 4267 r2: 8 r3: 0 r4: 114 r5: 65514 sp: 65508 pc: 5208            N: 0 Z: 0 V: 0 C: 0      
5208:   add r4, r3                    src: 114       dst: 0         r0: 5 r1: 4267 r2: 8 r3: 114 r4: 114 r5: 65514 sp: 65508 pc: 5210          N: 0 Z: 0 V: 0 C: 0      
5210:   swab r3                       src: 114                      r0: 5 r1: 4267 r2: 8 r3: 29184 r4: 114 r5: 65514 sp: 65508 pc: 5212        N: 0 Z: 1 V: 0 C: 0      
5212:   sob r2, 5204.                 src: 8         dst: 68        r0: 5 r1: 4267 r2: 7 r3: 29184 r4: 114 r5: 65514 sp: 65508 pc: 5204        N: 0 Z: 1 V: 0 C: 0      
5204:   movb (r1)+, r4                src: 111       dst: 114       r0: 5 r1: 4268 r2: 7 r3: 29184 r4: 111 r5: 65514 sp: 65508 pc: 5206        N: 0 Z: 0 V: 0 C: 0      
5206:   beq 5214.                     src: 2562                     r0: 5 r1: 4268 r2: 7 r3: 29184 r4: 111 r5: 65514 sp: 65508 pc: 5208        N: 0 Z: 0 V: 0 C: 0      
5208:   add r4, r3                    src: 111       dst: 29184     r0: 5 r1: 4268 r2: 7 r3: 29295 r4: 111 r5: 65514 sp: 65508 pc: 5210        N: 0 Z: 0 V: 0 C: 0      
5210:   swab r3                       src: 29295                    r0: 5 r1: 4268 r2: 7 r3: 28530 r4: 111 r5: 65514 sp: 65508 pc: 5212        N: 0 Z: 0 V: 0 C: 0      
5212:   sob r2, 5204.                 src: 7         dst: 68        r0: 5 r1: 4268 r2: 6 r3: 28530 r4: 111 r5: 65514 sp: 65508 pc: 5204        N: 0 Z: 0 V: 0 C: 0      
5204:   movb (r1)+, r4                src: 114       dst: 111       r0: 5 r1: 4269 r2: 6 r3: 28530 r4: 114 r5: 65514 sp: 65508 pc: 5206        N: 0 Z: 0 V: 0 C: 0      
5206:   beq 5214.                     src: 2562                     r0: 5 r1: 4269 r2: 6 r3: 28530 r4: 114 r5: 65514 sp: 65508 pc: 5208        N: 0 Z: 0 V: 0 C: 0      
5208:   add r4, r3                    src: 114       dst: 28530     r0: 5 r1: 4269 r2: 6 r3: 28644 r4: 114 r5: 65514 sp: 65508 pc: 5210        N: 0 Z: 0 V: 0 C: 0      
5210:   swab r3                       src: 28644                    r0: 5 r1: 4269 r2: 6 r3: 58479 r4: 114 r5: 65514 sp: 65508 pc: 5212        N: 0 Z: 0 V: 0 C: 0      
5212:   sob r2, 5204.                 src: 6         dst: 68        r0: 5 r1: 4269 r2: 5 r3: 58479 r4: 114 r5: 65514 sp: 65508 pc: 5204        N: 0 Z: 0 V: 0 C: 0      
5204:   movb (r1)+, r4                src: 98        dst: 114       r0: 5 r1: 4270 r2: 5 r3: 58479 r4: 98 r5: 65514 sp: 65508 pc: 5206         N: 0 Z: 0 V: 0 C: 0      
5206:   beq 5214.                     src: 2562                     r0: 5 r1: 4270 r2: 5 r3: 58479 r4: 98 r5: 65514 sp: 65508 pc: 5208         N: 0 Z: 0 V: 0 C: 0      
5208:   add r4, r3                    src: 98        dst: 58479     r0: 5 r1: 4270 r2: 5 r3: 58577 r4: 98 r5: 65514 sp: 65508 pc: 5210         N: 0 Z: 0 V: 0 C: 0      
5210:   swab r3                       src: 58577                    r0: 5 r1: 4270 r2: 5 r3: 53732 r4: 98 r5: 65514 sp: 65508 pc: 5212         N: 1 Z: 0 V: 0 C: 0      
5212:   sob r2, 5204.                 src: 5         dst: 68        r0: 5 r1: 4270 r2: 4 r3: 53732 r4: 98 r5: 65514 sp: 65508 pc: 5204         N: 1 Z: 0 V: 0 C: 0      
5204:   movb (r1)+, r4                src: 0         dst: 98        r0: 5 r1: 4271 r2: 4 r3: 53732 r4: 0 r5: 65514 sp: 65508 pc: 5206          N: 0 Z: 1 V: 0 C: 0      
5206:   beq 5214.                     src: 2562                     r0: 5 r1: 4271 r2: 4 r3: 53732 r4: 0 r5: 65514 sp: 65508 pc: 5214          N: 0 Z: 1 V: 0 C: 0      
5214:   clr r2                        src: 4                        r0: 5 r1: 4271 r2: 0 r3: 53732 r4: 0 r5: 65514 sp: 65508 pc: 5216          N: 0 Z: 1 V: 0 C: 0      
5216:   div $hshsiz, r2               src: 1553      dst: 0         r0: 5 r1: 4271 r2: 34 r3: 930 r4: 0 r5: 65514 sp: 65508 pc: 5220           N: 0 Z: 0 V: 0 C: 0      
5220:   ashc $1., r2                  src: 1         dst: 34        r0: 5 r1: 4271 r2: 68 r3: 1860 r4: 0 r5: 65514 sp: 65508 pc: 5224          N: 0 Z: 0 V: 0 C: 0      
5224:   add $hshtab, r3               src: 5722      dst: 1860      r0: 5 r1: 4271 r2: 68 r3: 7582 r4: 0 r5: 65514 sp: 65508 pc: 5228          N: 0 Z: 0 V: 0 C: 0      
5228:   sub r2, r3                    src: 68        dst: 7582      r0: 5 r1: 4271 r2: 68 r3: 7514 r4: 0 r5: 65514 sp: 65508 pc: 5230          N: 0 Z: 0 V: 0 C: 0      
5230:   cmp r3, $hshtab               src: 7514      dst: 5722      r0: 5 r1: 4271 r2: 68 r3: 7514 r4: 0 r5: 65514 sp: 65508 pc: 5234          N: 0 Z: 0 V: 0 C: 0      
5234:   bhi 5240.                     src: 3043                     r0: 5 r1: 4271 r2: 68 r3: 7514 r4: 0 r5: 65514 sp: 65508 pc: 5240          N: 0 Z: 0 V: 0 C: 0      
5240:   tst -(r3)                     src: 1                        r0: 5 r1: 4271 r2: 68 r3: 7512 r4: 0 r5: 65514 sp: 65508 pc: 5242          N: 0 Z: 0 V: 0 C: 0      
5242:   bne 5228.                     src: 57475                    r0: 5 r1: 4271 r2: 68 r3: 7512 r4: 0 r5: 65514 sp: 65508 pc: 5228          N: 0 Z: 0 V: 0 C: 0      
5228:   sub r2, r3                    src: 68        dst: 7512      r0: 5 r1: 4271 r2: 68 r3: 7444 r4: 0 r5: 65514 sp: 65508 pc: 5230          N: 0 Z: 0 V: 0 C: 0      
5230:   cmp r3, $hshtab               src: 7444      dst: 5722      r0: 5 r1: 4271 r2: 68 r3: 7444 r4: 0 r5: 65514 sp: 65508 pc: 5234          N: 0 Z: 0 V: 0 C: 0      
5234:   bhi 5240.                     src: 3043                     r0: 5 r1: 4271 r2: 68 r3: 7444 r4: 0 r5: 65514 sp: 65508 pc: 5240          N: 0 Z: 0 V: 0 C: 0      
5240:   tst -(r3)                     src: 0                        r0: 5 r1: 4271 r2: 68 r3: 7442 r4: 0 r5: 65514 sp: 65508 pc: 5242          N: 0 Z: 1 V: 0 C: 0      
5242:   bne 5228.                     src: 57475                    r0: 5 r1: 4271 r2: 68 r3: 7442 r4: 0 r5: 65514 sp: 65508 pc: 5244          N: 0 Z: 1 V: 0 C: 0      
5244:   mov (sp)+, r1                 src: 4266      dst: 4271      r0: 5 r1: 4266 r2: 68 r3: 7442 r4: 0 r5: 65514 sp: 65510 pc: 5246          N: 0 Z: 0 V: 0 C: 0      
5246:   mov r1, (r3)                  src: 4266      dst: 0         r0: 5 r1: 4266 r2: 68 r3: 7442 r4: 0 r5: 65514 sp: 65510 pc: 5248          N: 0 Z: 0 V: 0 C: 0      
5248:   add $12., r1                  src: 12        dst: 4266      r0: 5 r1: 4278 r2: 68 r3: 7442 r4: 0 r5: 65514 sp: 65510 pc: 5252          N: 0 Z: 0 V: 0 C: 0      
5252:   cmp r1, $ebsymtab             src: 4278      dst: 5118      r0: 5 r1: 4278 r2: 68 r3: 7442 r4: 0 r5: 65514 sp: 65510 pc: 5256          N: 1 Z: 0 V: 0 C: 1      
5256:   bcs 5196.                     src: 2563                     r0: 5 r1: 4278 r2: 68 r3: 7442 r4: 0 r5: 65514 sp: 65510 pc: 5196          N: 1 Z: 0 V: 0 C: 1      
5196:   clr r3                        src: 7442                     r0: 5 r1: 4278 r2: 68 r3: 0 r4: 0 r5: 65514 sp: 65510 pc: 5198             N: 0 Z: 1 V: 0 C: 0      
5198:   mov $8., r2                   src: 8         dst: 68        r0: 5 r1: 4278 r2: 8 r3: 0 r4: 0 r5: 65514 sp: 65510 pc: 5202              N: 0 Z: 0 V: 0 C: 0      
5202:   mov r1, -(sp)                 src: 4278      dst: 4266      r0: 5 r1: 4278 r2: 8 r3: 0 r4: 0 r5: 65514 sp: 65508 pc: 5204              N: 0 Z: 0 V: 0 C: 0      
5204:   movb (r1)+, r4                src: 114       dst: 0         r0: 5 r1: 4279 r2: 8 r3: 0 r4: 114 r5: 65514 sp: 65508 pc: 5206            N: 0 Z: 0 V: 0 C: 0      
5206:   beq 5214.                     src: 2562                     r0: 5 r1: 4279 r2: 8 r3: 0 r4: 114 r5: 65514 sp: 65508 pc: 5208            N: 0 Z: 0 V: 0 C: 0      
5208:   add r4, r3                    src: 114       dst: 0         r0: 5 r1: 4279 r2: 8 r3: 114 r4: 114 r5: 65514 sp: 65508 pc: 5210          N: 0 Z: 0 V: 0 C: 0      
5210:   swab r3                       src: 114                      r0: 5 r1: 4279 r2: 8 r3: 29184 r4: 114 r5: 65514 sp: 65508 pc: 5212        N: 0 Z: 1 V: 0 C: 0      
5212:   sob r2, 5204.                 src: 8         dst: 68        r0: 5 r1: 4279 r2: 7 r3: 29184 r4: 114 r5: 65514 sp: 65508 pc: 5204        N: 0 Z: 1 V: 0 C: 0      
5204:   movb (r1)+, r4                src: 111       dst: 114       r0: 5 r1: 4280 r2: 7 r3: 29184 r4: 111 r5: 65514 sp: 65508 pc: 5206        N: 0 Z: 0 V: 0 C: 0      
5206:   beq 5214.                     src: 2562                     r0: 5 r1: 4280 r2: 7 r3: 29184 r4: 111 r5: 65514 sp: 65508 pc: 5208        N: 0 Z: 0 V: 0 C: 0      
5208:   add r4, r3                    src: 111       dst: 29184     r0: 5 r1: 4280 r2: 7 r3: 29295 r4: 111 r5: 65514 sp: 65508 pc: 5210        N: 0 Z: 0 V: 0 C: 0      
5210:   swab r3                       src: 29295                    r0: 5 r1: 4280 r2: 7 r3: 28530 r4: 111 r5: 65514 sp: 65508 pc: 5212        N: 0 Z: 0 V: 0 C: 0      
5212:   sob r2, 5204.                 src: 7         dst: 68        r0: 5 r1: 4280 r2: 6 r3: 28530 r4: 111 r5: 65514 sp: 65508 pc: 5204        N: 0 Z: 0 V: 0 C: 0      
5204:   movb (r1)+, r4                src: 108       dst: 111       r0: 5 r1: 4281 r2: 6 r3: 28530 r4: 108 r5: 65514 sp: 65508 pc: 5206        N: 0 Z: 0 V: 0 C: 0      
5206:   beq 5214.                     src: 2562                     r0: 5 r1: 4281 r2: 6 r3: 28530 r4: 108 r5: 65514 sp: 65508 pc: 5208        N: 0 Z: 0 V: 0 C: 0      
5208:   add r4, r3                    src: 108       dst: 28530     r0: 5 r1: 4281 r2: 6 r3: 28638 r4: 108 r5: 65514 sp: 65508 pc: 5210        N: 0 Z: 0 V: 0 C: 0      
5210:   swab r3                       src: 28638                    r0: 5 r1: 4281 r2: 6 r3: 56943 r4: 108 r5: 65514 sp: 65508 pc: 5212        N: 0 Z: 0 V: 0 C: 0      
5212:   sob r2, 5204.                 src: 6         dst: 68        r0: 5 r1: 4281 r2: 5 r3: 56943 r4: 108 r5: 65514 sp: 65508 pc: 5204        N: 0 Z: 0 V: 0 C: 0      
5204:   movb (r1)+, r4                src: 0         dst: 108       r0: 5 r1: 4282 r2: 5 r3: 56943 r4: 0 r5: 65514 sp: 65508 pc: 5206          N: 0 Z: 1 V: 0 C: 0      
5206:   beq 5214.                     src: 2562                     r0: 5 r1: 4282 r2: 5 r3: 56943 r4: 0 r5: 65514 sp: 65508 pc: 5214          N: 0 Z: 1 V: 0 C: 0      
5214:   clr r2                        src: 5                        r0: 5 r1: 4282 r2: 0 r3: 56943 r4: 0 r5: 65514 sp: 65508 pc: 5216          N: 0 Z: 1 V: 0 C: 0      
5216:   div $hshsiz, r2               src: 1553      dst: 0         r0: 5 r1: 4282 r2: 36 r3: 1035 r4: 0 r5: 65514 sp: 65508 pc: 5220          N: 0 Z: 0 V: 0 C: 0      
5220:   ashc $1., r2                  src: 1         dst: 36        r0: 5 r1: 4282 r2: 72 r3: 2070 r4: 0 r5: 65514 sp: 65508 pc: 5224          N: 0 Z: 0 V: 0 C: 0      
5224:   add $hshtab, r3               src: 5722      dst: 2070      r0: 5 r1: 4282 r2: 72 r3: 7792 r4: 0 r5: 65514 sp: 65508 pc: 5228          N: 0 Z: 0 V: 0 C: 0      
5228:   sub r2, r3                    src: 72        dst: 7792      r0: 5 r1: 4282 r2: 72 r3: 7720 r4: 0 r5: 65514 sp: 65508 pc: 5230          N: 0 Z: 0 V: 0 C: 0      
5230:   cmp r3, $hshtab               src: 7720      dst: 5722      r0: 5 r1: 4282 r2: 72 r3: 7720 r4: 0 r5: 65514 sp: 65508 pc: 5234          N: 0 Z: 0 V: 0 C: 0      
5234:   bhi 5240.                     src: 3043                     r0: 5 r1: 4282 r2: 72 r3: 7720 r4: 0 r5: 65514 sp: 65508 pc: 5240          N: 0 Z: 0 V: 0 C: 0      
5240:   tst -(r3)                     src: 1                        r0: 5 r1: 4282 r2: 72 r3: 7718 r4: 0 r5: 65514 sp: 65508 pc: 5242          N: 0 Z: 0 V: 0 C: 0      
5242:   bne 5228.                     src: 57475                    r0: 5 r1: 4282 r2: 72 r3: 7718 r4: 0 r5: 65514 sp: 65508 pc: 5228          N: 0 Z: 0 V: 0 C: 0      
5228:   sub r2, r3                    src: 72        dst: 7718      r0: 5 r1: 4282 r2: 72 r3: 7646 r4: 0 r5: 65514 sp: 65508 pc: 5230          N: 0 Z: 0 V: 0 C: 0      
5230:   cmp r3, $hshtab               src: 7646      dst: 5722      r0: 5 r1: 4282 r2: 72 r3: 7646 r4: 0 r5: 65514 sp: 65508 pc: 5234          N: 0 Z: 0 V: 0 C: 0      
5234:   bhi 5240.                     src: 3043                     r0: 5 r1: 4282 r2: 72 r3: 7646 r4: 0 r5: 65514 sp: 65508 pc: 5240          N: 0 Z: 0 V: 0 C: 0      
5240:   tst -(r3)                     src: 0                        r0: 5 r1: 4282 r2: 72 r3: 7644 r4: 0 r5: 65514 sp: 65508 pc: 5242          N: 0 Z: 1 V: 0 C: 0      
5242:   bne 5228.                     src: 57475                    r0: 5 r1: 4282 r2: 72 r3: 7644 r4: 0 r5: 65514 sp: 65508 pc: 5244          N: 0 Z: 1 V: 0 C: 0      
5244:   mov (sp)+, r1                 src: 4278      dst: 4282      r0: 5 r1: 4278 r2: 72 r3: 7644 r4: 0 r5: 65514 sp: 65510 pc: 5246          N: 0 Z: 0 V: 0 C: 0      
5246:   mov r1, (r3)                  src: 4278      dst: 0         r0: 5 r1: 4278 r2: 72 r3: 7644 r4: 0 r5: 65514 sp: 65510 pc: 5248          N: 0 Z: 0 V: 0 C: 0      
5248:   add $12., r1                  src: 12        dst: 4278      r0: 5 r1: 4290 r2: 72 r3: 7644 r4: 0 r5: 65514 sp: 65510 pc: 5252          N: 0 Z: 0 V: 0 C: 0      
5252:   cmp r1, $ebsymtab             src: 4290      dst: 5118      r0: 5 r1: 4290 r2: 72 r3: 7644 r4: 0 r5: 65514 sp: 65510 pc: 5256          N: 1 Z: 0 V: 0 C: 1      
5256:   bcs 5196.                     src: 2563                     r0: 5 r1: 4290 r2: 72 r3: 7644 r4: 0 r5: 65514 sp: 65510 pc: 5196          N: 1 Z: 0 V: 0 C: 1      
5196:   clr r3                        src: 7644                     r0: 5 r1: 4290 r2: 72 r3: 0 r4: 0 r5: 65514 sp: 65510 pc: 5198             N: 0 Z: 1 V: 0 C: 0      
5198:   mov $8., r2                   src: 8         dst: 72        r0: 5 r1: 4290 r2: 8 r3: 0 r4: 0 r5: 65514 sp: 65510 pc: 5202              N: 0 Z: 0 V: 0 C: 0      
5202:   mov r1, -(sp)                 src: 4290      dst: 4278      r0: 5 r1: 4290 r2: 8 r3: 0 r4: 0 r5: 65514 sp: 65508 pc: 5204              N: 0 Z: 0 V: 0 C: 0      
5204:   movb (r1)+, r4                src: 114       dst: 0         r0: 5 r1: 4291 r2: 8 r3: 0 r4: 114 r5: 65514 sp: 65508 pc: 5206            N: 0 Z: 0 V: 0 C: 0      
5206:   beq 5214.                     src: 2562                     r0: 5 r1: 4291 r2: 8 r3: 0 r4: 114 r5: 65514 sp: 65508 pc: 5208            N: 0 Z: 0 V: 0 C: 0      
5208:   add r4, r3                    src: 114       dst: 0         r0: 5 r1: 4291 r2: 8 r3: 114 r4: 114 r5: 65514 sp: 65508 pc: 5210          N: 0 Z: 0 V: 0 C: 0      
5210:   swab r3                       src: 114                      r0: 5 r1: 4291 r2: 8 r3: 29184 r4: 114 r5: 65514 sp: 65508 pc: 5212        N: 0 Z: 1 V: 0 C: 0      
5212:   sob r2, 5204.                 src: 8         dst: 68        r0: 5 r1: 4291 r2: 7 r3: 29184 r4: 114 r5: 65514 sp: 65508 pc: 5204        N: 0 Z: 1 V: 0 C: 0      
5204:   movb (r1)+, r4                src: 111       dst: 114       r0: 5 r1: 4292 r2: 7 r3: 29184 r4: 111 r5: 65514 sp: 65508 pc: 5206        N: 0 Z: 0 V: 0 C: 0      
5206:   beq 5214.                     src: 2562                     r0: 5 r1: 4292 r2: 7 r3: 29184 r4: 111 r5: 65514 sp: 65508 pc: 5208        N: 0 Z: 0 V: 0 C: 0      
5208:   add r4, r3                    src: 111       dst: 29184     r0: 5 r1: 4292 r2: 7 r3: 29295 r4: 111 r5: 65514 sp: 65508 pc: 5210        N: 0 Z: 0 V: 0 C: 0      
5210:   swab r3                       src: 29295                    r0: 5 r1: 4292 r2: 7 r3: 28530 r4: 111 r5: 65514 sp: 65508 pc: 5212        N: 0 Z: 0 V: 0 C: 0      
5212:   sob r2, 5204.                 src: 7         dst: 68        r0: 5 r1: 4292 r2: 6 r3: 28530 r4: 111 r5: 65514 sp: 65508 pc: 5204        N: 0 Z: 0 V: 0 C: 0      
5204:   movb (r1)+, r4                src: 108       dst: 111       r0: 5 r1: 4293 r2: 6 r3: 28530 r4: 108 r5: 65514 sp: 65508 pc: 5206        N: 0 Z: 0 V: 0 C: 0      
5206:   beq 5214.                     src: 2562                     r0: 5 r1: 4293 r2: 6 r3: 28530 r4: 108 r5: 65514 sp: 65508 pc: 5208        N: 0 Z: 0 V: 0 C: 0      
5208:   add r4, r3                    src: 108       dst: 28530     r0: 5 r1: 4293 r2: 6 r3: 28638 r4: 108 r5: 65514 sp: 65508 pc: 5210        N: 0 Z: 0 V: 0 C: 0      
5210:   swab r3                       src: 28638                    r0: 5 r1: 4293 r2: 6 r3: 56943 r4: 108 r5: 65514 sp: 65508 pc: 5212        N: 0 Z: 0 V: 0 C: 0      
5212:   sob r2, 5204.                 src: 6         dst: 68        r0: 5 r1: 4293 r2: 5 r3: 56943 r4: 108 r5: 65514 sp: 65508 pc: 5204        N: 0 Z: 0 V: 0 C: 0      
5204:   movb (r1)+, r4                src: 98        dst: 108       r0: 5 r1: 4294 r2: 5 r3: 56943 r4: 98 r5: 65514 sp: 65508 pc: 5206         N: 0 Z: 0 V: 0 C: 0      
5206:   beq 5214.                     src: 2562                     r0: 5 r1: 4294 r2: 5 r3: 56943 r4: 98 r5: 65514 sp: 65508 pc: 5208         N: 0 Z: 0 V: 0 C: 0      
5208:   add r4, r3                    src: 98        dst: 56943     r0: 5 r1: 4294 r2: 5 r3: 57041 r4: 98 r5: 65514 sp: 65508 pc: 5210         N: 0 Z: 0 V: 0 C: 0      
5210:   swab r3                       src: 57041                    r0: 5 r1: 4294 r2: 5 r3: 53726 r4: 98 r5: 65514 sp: 65508 pc: 5212         N: 1 Z: 0 V: 0 C: 0      
5212:   sob r2, 5204.                 src: 5         dst: 68        r0: 5 r1: 4294 r2: 4 r3: 53726 r4: 98 r5: 65514 sp: 65508 pc: 5204         N: 1 Z: 0 V: 0 C: 0      
5204:   movb (r1)+, r4                src: 0         dst: 98        r0: 5 r1: 4295 r2: 4 r3: 53726 r4: 0 r5: 65514 sp: 65508 pc: 5206          N: 0 Z: 1 V: 0 C: 0      
5206:   beq 5214.                     src: 2562                     r0: 5 r1: 4295 r2: 4 r3: 53726 r4: 0 r5: 65514 sp: 65508 pc: 5214          N: 0 Z: 1 V: 0 C: 0      
5214:   clr r2                        src: 4                        r0: 5 r1: 4295 r2: 0 r3: 53726 r4: 0 r5: 65514 sp: 65508 pc: 5216          N: 0 Z: 1 V: 0 C: 0      
5216:   div $hshsiz, r2               src: 1553      dst: 0         r0: 5 r1: 4295 r2: 34 r3: 924 r4: 0 r5: 65514 sp: 65508 pc: 5220           N: 0 Z: 0 V: 0 C: 0      
5220:   ashc $1., r2                  src: 1         dst: 34        r0: 5 r1: 4295 r2: 68 r3: 1848 r4: 0 r5: 65514 sp: 65508 pc: 5224          N: 0 Z: 0 V: 0 C: 0      
5224:   add $hshtab, r3               src: 5722      dst: 1848      r0: 5 r1: 4295 r2: 68 r3: 7570 r4: 0 r5: 65514 sp: 65508 pc: 5228          N: 0 Z: 0 V: 0 C: 0      
5228:   sub r2, r3                    src: 68        dst: 7570      r0: 5 r1: 4295 r2: 68 r3: 7502 r4: 0 r5: 65514 sp: 65508 pc: 5230          N: 0 Z: 0 V: 0 C: 0      
5230:   cmp r3, $hshtab               src: 7502      dst: 5722      r0: 5 r1: 4295 r2: 68 r3: 7502 r4: 0 r5: 65514 sp: 65508 pc: 5234          N: 0 Z: 0 V: 0 C: 0      
5234:   bhi 5240.                     src: 3043                     r0: 5 r1: 4295 r2: 68 r3: 7502 r4: 0 r5: 65514 sp: 65508 pc: 5240          N: 0 Z: 0 V: 0 C: 0      
5240:   tst -(r3)                     src: 0                        r0: 5 r1: 4295 r2: 68 r3: 7500 r4: 0 r5: 65514 sp: 65508 pc: 5242          N: 0 Z: 1 V: 0 C: 0      
5242:   bne 5228.                     src: 57475                    r0: 5 r1: 4295 r2: 68 r3: 7500 r4: 0 r5: 65514 sp: 65508 pc: 5244          N: 0 Z: 1 V: 0 C: 0      
5244:   mov (sp)+, r1                 src: 4290      dst: 4295      r0: 5 r1: 4290 r2: 68 r3: 7500 r4: 0 r5: 65514 sp: 65510 pc: 5246          N: 0 Z: 0 V: 0 C: 0      
5246:   mov r1, (r3)                  src: 4290      dst: 0         r0: 5 r1: 4290 r2: 68 r3: 7500 r4: 0 r5: 65514 sp: 65510 pc: 5248          N: 0 Z: 0 V: 0 C: 0      
5248:   add $12., r1                  src: 12        dst: 4290      r0: 5 r1: 4302 r2: 68 r3: 7500 r4: 0 r5: 65514 sp: 65510 pc: 5252          N: 0 Z: 0 V: 0 C: 0      
5252:   cmp r1, $ebsymtab             src: 4302      dst: 5118      r0: 5 r1: 4302 r2: 68 r3: 7500 r4: 0 r5: 65514 sp: 65510 pc: 5256          N: 1 Z: 0 V: 0 C: 1      
5256:   bcs 5196.                     src: 2563                     r0: 5 r1: 4302 r2: 68 r3: 7500 r4: 0 r5: 65514 sp: 65510 pc: 5196          N: 1 Z: 0 V: 0 C: 1      
5196:   clr r3                        src: 7500                     r0: 5 r1: 4302 r2: 68 r3: 0 r4: 0 r5: 65514 sp: 65510 pc: 5198             N: 0 Z: 1 V: 0 C: 0      
5198:   mov $8., r2                   src: 8         dst: 68        r0: 5 r1: 4302 r2: 8 r3: 0 r4: 0 r5: 65514 sp: 65510 pc: 5202              N: 0 Z: 0 V: 0 C: 0      
5202:   mov r1, -(sp)                 src: 4302      dst: 4290      r0: 5 r1: 4302 r2: 8 r3: 0 r4: 0 r5: 65514 sp: 65508 pc: 5204              N: 0 Z: 0 V: 0 C: 0      
5204:   movb (r1)+, r4                src: 97        dst: 0         r0: 5 r1: 4303 r2: 8 r3: 0 r4: 97 r5: 65514 sp: 65508 pc: 5206             N: 0 Z: 0 V: 0 C: 0      
5206:   beq 5214.                     src: 2562                     r0: 5 r1: 4303 r2: 8 r3: 0 r4: 97 r5: 65514 sp: 65508 pc: 5208             N: 0 Z: 0 V: 0 C: 0      
5208:   add r4, r3                    src: 97        dst: 0         r0: 5 r1: 4303 r2: 8 r3: 97 r4: 97 r5: 65514 sp: 65508 pc: 5210            N: 0 Z: 0 V: 0 C: 0      
5210:   swab r3                       src: 97                       r0: 5 r1: 4303 r2: 8 r3: 24832 r4: 97 r5: 65514 sp: 65508 pc: 5212         N: 0 Z: 1 V: 0 C: 0      
5212:   sob r2, 5204.                 src: 8         dst: 68        r0: 5 r1: 4303 r2: 7 r3: 24832 r4: 97 r5: 65514 sp: 65508 pc: 5204         N: 0 Z: 1 V: 0 C: 0      
5204:   movb (r1)+, r4                src: 115       dst: 97        r0: 5 r1: 4304 r2: 7 r3: 24832 r4: 115 r5: 65514 sp: 65508 pc: 5206        N: 0 Z: 0 V: 0 C: 0      
5206:   beq 5214.                     src: 2562                     r0: 5 r1: 4304 r2: 7 r3: 24832 r4: 115 r5: 65514 sp: 65508 pc: 5208        N: 0 Z: 0 V: 0 C: 0      
5208:   add r4, r3                    src: 115       dst: 24832     r0: 5 r1: 4304 r2: 7 r3: 24947 r4: 115 r5: 65514 sp: 65508 pc: 5210        N: 0 Z: 0 V: 0 C: 0      
5210:   swab r3                       src: 24947                    r0: 5 r1: 4304 r2: 7 r3: 29537 r4: 115 r5: 65514 sp: 65508 pc: 5212        N: 0 Z: 0 V: 0 C: 0      
5212:   sob r2, 5204.                 src: 7         dst: 68        r0: 5 r1: 4304 r2: 6 r3: 29537 r4: 115 r5: 65514 sp: 65508 pc: 5204        N: 0 Z: 0 V: 0 C: 0      
5204:   movb (r1)+, r4                src: 114       dst: 115       r0: 5 r1: 4305 r2: 6 r3: 29537 r4: 114 r5: 65514 sp: 65508 pc: 5206        N: 0 Z: 0 V: 0 C: 0      
5206:   beq 5214.                     src: 2562                     r0: 5 r1: 4305 r2: 6 r3: 29537 r4: 114 r5: 65514 sp: 65508 pc: 5208        N: 0 Z: 0 V: 0 C: 0      
5208:   add r4, r3                    src: 114       dst: 29537     r0: 5 r1: 4305 r2: 6 r3: 29651 r4: 114 r5: 65514 sp: 65508 pc: 5210        N: 0 Z: 0 V: 0 C: 0      
5210:   swab r3                       src: 29651                    r0: 5 r1: 4305 r2: 6 r3: 54131 r4: 114 r5: 65514 sp: 65508 pc: 5212        N: 0 Z: 0 V: 0 C: 0      
5212:   sob r2, 5204.                 src: 6         dst: 68        r0: 5 r1: 4305 r2: 5 r3: 54131 r4: 114 r5: 65514 sp: 65508 pc: 5204        N: 0 Z: 0 V: 0 C: 0      
5204:   movb (r1)+, r4                src: 0         dst: 114       r0: 5 r1: 4306 r2: 5 r3: 54131 r4: 0 r5: 65514 sp: 65508 pc: 5206          N: 0 Z: 1 V: 0 C: 0      
5206:   beq 5214.                     src: 2562                     r0: 5 r1: 4306 r2: 5 r3: 54131 r4: 0 r5: 65514 sp: 65508 pc: 5214          N: 0 Z: 1 V: 0 C: 0      
5214:   clr r2                        src: 5                        r0: 5 r1: 4306 r2: 0 r3: 54131 r4: 0 r5: 65514 sp: 65508 pc: 5216          N: 0 Z: 1 V: 0 C: 0      
5216:   div $hshsiz, r2               src: 1553      dst: 0         r0: 5 r1: 4306 r2: 34 r3: 1329 r4: 0 r5: 65514 sp: 65508 pc: 5220          N: 0 Z: 0 V: 0 C: 0      
5220:   ashc $1., r2                  src: 1         dst: 34        r0: 5 r1: 4306 r2: 68 r3: 2658 r4: 0 r5: 65514 sp: 65508 pc: 5224          N: 0 Z: 0 V: 0 C: 0      
5224:   add $hshtab, r3               src: 5722      dst: 2658      r0: 5 r1: 4306 r2: 68 r3: 8380 r4: 0 r5: 65514 sp: 65508 pc: 5228          N: 0 Z: 0 V: 0 C: 0      
5228:   sub r2, r3                    src: 68        dst: 8380      r0: 5 r1: 4306 r2: 68 r3: 8312 r4: 0 r5: 65514 sp: 65508 pc: 5230          N: 0 Z: 0 V: 0 C: 0      
5230:   cmp r3, $hshtab               src: 8312      dst: 5722      r0: 5 r1: 4306 r2: 68 r3: 8312 r4: 0 r5: 65514 sp: 65508 pc: 5234          N: 0 Z: 0 V: 0 C: 0      
5234:   bhi 5240.                     src: 3043                     r0: 5 r1: 4306 r2: 68 r3: 8312 r4: 0 r5: 65514 sp: 65508 pc: 5240          N: 0 Z: 0 V: 0 C: 0      
5240:   tst -(r3)                     src: 0                        r0: 5 r1: 4306 r2: 68 r3: 8310 r4: 0 r5: 65514 sp: 65508 pc: 5242          N: 0 Z: 1 V: 0 C: 0      
5242:   bne 5228.                     src: 57475                    r0: 5 r1: 4306 r2: 68 r3: 8310 r4: 0 r5: 65514 sp: 65508 pc: 5244          N: 0 Z: 1 V: 0 C: 0      
5244:   mov (sp)+, r1                 src: 4302      dst: 4306      r0: 5 r1: 4302 r2: 68 r3: 8310 r4: 0 r5: 65514 sp: 65510 pc: 5246          N: 0 Z: 0 V: 0 C: 0      
5246:   mov r1, (r3)                  src: 4302      dst: 0         r0: 5 r1: 4302 r2: 68 r3: 8310 r4: 0 r5: 65514 sp: 65510 pc: 5248          N: 0 Z: 0 V: 0 C: 0      
5248:   add $12., r1                  src: 12        dst: 4302      r0: 5 r1: 4314 r2: 68 r3: 8310 r4: 0 r5: 65514 sp: 65510 pc: 5252          N: 0 Z: 0 V: 0 C: 0      
5252:   cmp r1, $ebsymtab             src: 4314      dst: 5118      r0: 5 r1: 4314 r2: 68 r3: 8310 r4: 0 r5: 65514 sp: 65510 pc: 5256          N: 1 Z: 0 V: 0 C: 1      
5256:   bcs 5196.                     src: 2563                     r0: 5 r1: 4314 r2: 68 r3: 8310 r4: 0 r5: 65514 sp: 65510 pc: 5196          N: 1 Z: 0 V: 0 C: 1      
5196:   clr r3                        src: 8310                     r0: 5 r1: 4314 r2: 68 r3: 0 r4: 0 r5: 65514 sp: 65510 pc: 5198             N: 0 Z: 1 V: 0 C: 0      
5198:   mov $8., r2                   src: 8         dst: 68        r0: 5 r1: 4314 r2: 8 r3: 0 r4: 0 r5: 65514 sp: 65510 pc: 5202              N: 0 Z: 0 V: 0 C: 0      
5202:   mov r1, -(sp)                 src: 4314      dst: 4302      r0: 5 r1: 4314 r2: 8 r3: 0 r4: 0 r5: 65514 sp: 65508 pc: 5204              N: 0 Z: 0 V: 0 C: 0      
5204:   movb (r1)+, r4                src: 97        dst: 0         r0: 5 r1: 4315 r2: 8 r3: 0 r4: 97 r5: 65514 sp: 65508 pc: 5206             N: 0 Z: 0 V: 0 C: 0      
5206:   beq 5214.                     src: 2562                     r0: 5 r1: 4315 r2: 8 r3: 0 r4: 97 r5: 65514 sp: 65508 pc: 5208             N: 0 Z: 0 V: 0 C: 0      
5208:   add r4, r3                    src: 97        dst: 0         r0: 5 r1: 4315 r2: 8 r3: 97 r4: 97 r5: 65514 sp: 65508 pc: 5210            N: 0 Z: 0 V: 0 C: 0      
5210:   swab r3                       src: 97                       r0: 5 r1: 4315 r2: 8 r3: 24832 r4: 97 r5: 65514 sp: 65508 pc: 5212         N: 0 Z: 1 V: 0 C: 0      
5212:   sob r2, 5204.                 src: 8         dst: 68        r0: 5 r1: 4315 r2: 7 r3: 24832 r4: 97 r5: 65514 sp: 65508 pc: 5204         N: 0 Z: 1 V: 0 C: 0      
5204:   movb (r1)+, r4                src: 115       dst: 97        r0: 5 r1: 4316 r2: 7 r3: 24832 r4: 115 r5: 65514 sp: 65508 pc: 5206        N: 0 Z: 0 V: 0 C: 0      
5206:   beq 5214.                     src: 2562                     r0: 5 r1: 4316 r2: 7 r3: 24832 r4: 115 r5: 65514 sp: 65508 pc: 5208        N: 0 Z: 0 V: 0 C: 0      
5208:   add r4, r3                    src: 115       dst: 24832     r0: 5 r1: 4316 r2: 7 r3: 24947 r4: 115 r5: 65514 sp: 65508 pc: 5210        N: 0 Z: 0 V: 0 C: 0      
5210:   swab r3                       src: 24947                    r0: 5 r1: 4316 r2: 7 r3: 29537 r4: 115 r5: 65514 sp: 65508 pc: 5212        N: 0 Z: 0 V: 0 C: 0      
5212:   sob r2, 5204.                 src: 7         dst: 68        r0: 5 r1: 4316 r2: 6 r3: 29537 r4: 115 r5: 65514 sp: 65508 pc: 5204        N: 0 Z: 0 V: 0 C: 0      
5204:   movb (r1)+, r4                src: 114       dst: 115       r0: 5 r1: 4317 r2: 6 r3: 29537 r4: 114 r5: 65514 sp: 65508 pc: 5206        N: 0 Z: 0 V: 0 C: 0      
5206:   beq 5214.                     src: 2562                     r0: 5 r1: 4317 r2: 6 r3: 29537 r4: 114 r5: 65514 sp: 65508 pc: 5208        N: 0 Z: 0 V: 0 C: 0      
5208:   add r4, r3                    src: 114       dst: 29537     r0: 5 r1: 4317 r2: 6 r3: 29651 r4: 114 r5: 65514 sp: 65508 pc: 5210        N: 0 Z: 0 V: 0 C: 0      
5210:   swab r3                       src: 29651                    r0: 5 r1: 4317 r2: 6 r3: 54131 r4: 114 r5: 65514 sp: 65508 pc: 5212        N: 0 Z: 0 V: 0 C: 0      
5212:   sob r2, 5204.                 src: 6         dst: 68        r0: 5 r1: 4317 r2: 5 r3: 54131 r4: 114 r5: 65514 sp: 65508 pc: 5204        N: 0 Z: 0 V: 0 C: 0      
5204:   movb (r1)+, r4                src: 98        dst: 114       r0: 5 r1: 4318 r2: 5 r3: 54131 r4: 98 r5: 65514 sp: 65508 pc: 5206         N: 0 Z: 0 V: 0 C: 0      
5206:   beq 5214.                     src: 2562                     r0: 5 r1: 4318 r2: 5 r3: 54131 r4: 98 r5: 65514 sp: 65508 pc: 5208         N: 0 Z: 0 V: 0 C: 0      
5208:   add r4, r3                    src: 98        dst: 54131     r0: 5 r1: 4318 r2: 5 r3: 54229 r4: 98 r5: 65514 sp: 65508 pc: 5210         N: 0 Z: 0 V: 0 C: 0      
5210:   swab r3                       src: 54229                    r0: 5 r1: 4318 r2: 5 r3: 54739 r4: 98 r5: 65514 sp: 65508 pc: 5212         N: 1 Z: 0 V: 0 C: 0      
5212:   sob r2, 5204.                 src: 5         dst: 68        r0: 5 r1: 4318 r2: 4 r3: 54739 r4: 98 r5: 65514 sp: 65508 pc: 5204         N: 1 Z: 0 V: 0 C: 0      
5204:   movb (r1)+, r4                src: 0         dst: 98        r0: 5 r1: 4319 r2: 4 r3: 54739 r4: 0 r5: 65514 sp: 65508 pc: 5206          N: 0 Z: 1 V: 0 C: 0      
5206:   beq 5214.                     src: 2562                     r0: 5 r1: 4319 r2: 4 r3: 54739 r4: 0 r5: 65514 sp: 65508 pc: 5214          N: 0 Z: 1 V: 0 C: 0      
5214:   clr r2                        src: 4                        r0: 5 r1: 4319 r2: 0 r3: 54739 r4: 0 r5: 65514 sp: 65508 pc: 5216          N: 0 Z: 1 V: 0 C: 0      
5216:   div $hshsiz, r2               src: 1553      dst: 0         r0: 5 r1: 4319 r2: 35 r3: 384 r4: 0 r5: 65514 sp: 65508 pc: 5220           N: 0 Z: 0 V: 0 C: 0      
5220:   ashc $1., r2                  src: 1         dst: 35        r0: 5 r1: 4319 r2: 70 r3: 768 r4: 0 r5: 65514 sp: 65508 pc: 5224           N: 0 Z: 0 V: 0 C: 0      
5224:   add $hshtab, r3               src: 5722      dst: 768       r0: 5 r1: 4319 r2: 70 r3: 6490 r4: 0 r5: 65514 sp: 65508 pc: 5228          N: 0 Z: 0 V: 0 C: 0      
5228:   sub r2, r3                    src: 70        dst: 6490      r0: 5 r1: 4319 r2: 70 r3: 6420 r4: 0 r5: 65514 sp: 65508 pc: 5230          N: 0 Z: 0 V: 0 C: 0      
5230:   cmp r3, $hshtab               src: 6420      dst: 5722      r0: 5 r1: 4319 r2: 70 r3: 6420 r4: 0 r5: 65514 sp: 65508 pc: 5234          N: 0 Z: 0 V: 0 C: 0      
5234:   bhi 5240.                     src: 3043                     r0: 5 r1: 4319 r2: 70 r3: 6420 r4: 0 r5: 65514 sp: 65508 pc: 5240          N: 0 Z: 0 V: 0 C: 0      
5240:   tst -(r3)                     src: 0                        r0: 5 r1: 4319 r2: 70 r3: 6418 r4: 0 r5: 65514 sp: 65508 pc: 5242          N: 0 Z: 1 V: 0 C: 0      
5242:   bne 5228.                     src: 57475                    r0: 5 r1: 4319 r2: 70 r3: 6418 r4: 0 r5: 65514 sp: 65508 pc: 5244          N: 0 Z: 1 V: 0 C: 0      
5244:   mov (sp)+, r1                 src: 4314      dst: 4319      r0: 5 r1: 4314 r2: 70 r3: 6418 r4: 0 r5: 65514 sp: 65510 pc: 5246          N: 0 Z: 0 V: 0 C: 0      
5246:   mov r1, (r3)                  src: 4314      dst: 0         r0: 5 r1: 4314 r2: 70 r3: 6418 r4: 0 r5: 65514 sp: 65510 pc: 5248          N: 0 Z: 0 V: 0 C: 0      
5248:   add $12., r1                  src: 12        dst: 4314      r0: 5 r1: 4326 r2: 70 r3: 6418 r4: 0 r5: 65514 sp: 65510 pc: 5252          N: 0 Z: 0 V: 0 C: 0      
5252:   cmp r1, $ebsymtab             src: 4326      dst: 5118      r0: 5 r1: 4326 r2: 70 r3: 6418 r4: 0 r5: 65514 sp: 65510 pc: 5256          N: 1 Z: 0 V: 0 C: 1      
5256:   bcs 5196.                     src: 2563                     r0: 5 r1: 4326 r2: 70 r3: 6418 r4: 0 r5: 65514 sp: 65510 pc: 5196          N: 1 Z: 0 V: 0 C: 1      
5196:   clr r3                        src: 6418                     r0: 5 r1: 4326 r2: 70 r3: 0 r4: 0 r5: 65514 sp: 65510 pc: 5198             N: 0 Z: 1 V: 0 C: 0      
5198:   mov $8., r2                   src: 8         dst: 70        r0: 5 r1: 4326 r2: 8 r3: 0 r4: 0 r5: 65514 sp: 65510 pc: 5202              N: 0 Z: 0 V: 0 C: 0      
5202:   mov r1, -(sp)                 src: 4326      dst: 4314      r0: 5 r1: 4326 r2: 8 r3: 0 r4: 0 r5: 65514 sp: 65508 pc: 5204              N: 0 Z: 0 V: 0 C: 0      
5204:   movb (r1)+, r4                src: 97        dst: 0         r0: 5 r1: 4327 r2: 8 r3: 0 r4: 97 r5: 65514 sp: 65508 pc: 5206             N: 0 Z: 0 V: 0 C: 0      
5206:   beq 5214.                     src: 2562                     r0: 5 r1: 4327 r2: 8 r3: 0 r4: 97 r5: 65514 sp: 65508 pc: 5208             N: 0 Z: 0 V: 0 C: 0      
5208:   add r4, r3                    src: 97        dst: 0         r0: 5 r1: 4327 r2: 8 r3: 97 r4: 97 r5: 65514 sp: 65508 pc: 5210            N: 0 Z: 0 V: 0 C: 0      
5210:   swab r3                       src: 97                       r0: 5 r1: 4327 r2: 8 r3: 24832 r4: 97 r5: 65514 sp: 65508 pc: 5212         N: 0 Z: 1 V: 0 C: 0      
5212:   sob r2, 5204.                 src: 8         dst: 68        r0: 5 r1: 4327 r2: 7 r3: 24832 r4: 97 r5: 65514 sp: 65508 pc: 5204         N: 0 Z: 1 V: 0 C: 0      
5204:   movb (r1)+, r4                src: 115       dst: 97        r0: 5 r1: 4328 r2: 7 r3: 24832 r4: 115 r5: 65514 sp: 65508 pc: 5206        N: 0 Z: 0 V: 0 C: 0      
5206:   beq 5214.                     src: 2562                     r0: 5 r1: 4328 r2: 7 r3: 24832 r4: 115 r5: 65514 sp: 65508 pc: 5208        N: 0 Z: 0 V: 0 C: 0      
5208:   add r4, r3                    src: 115       dst: 24832     r0: 5 r1: 4328 r2: 7 r3: 24947 r4: 115 r5: 65514 sp: 65508 pc: 5210        N: 0 Z: 0 V: 0 C: 0      
5210:   swab r3                       src: 24947                    r0: 5 r1: 4328 r2: 7 r3: 29537 r4: 115 r5: 65514 sp: 65508 pc: 5212        N: 0 Z: 0 V: 0 C: 0      
5212:   sob r2, 5204.                 src: 7         dst: 68        r0: 5 r1: 4328 r2: 6 r3: 29537 r4: 115 r5: 65514 sp: 65508 pc: 5204        N: 0 Z: 0 V: 0 C: 0      
5204:   movb (r1)+, r4                src: 108       dst: 115       r0: 5 r1: 4329 r2: 6 r3: 29537 r4: 108 r5: 65514 sp: 65508 pc: 5206        N: 0 Z: 0 V: 0 C: 0      
5206:   beq 5214.                     src: 2562                     r0: 5 r1: 4329 r2: 6 r3: 29537 r4: 108 r5: 65514 sp: 65508 pc: 5208        N: 0 Z: 0 V: 0 C: 0      
5208:   add r4, r3                    src: 108       dst: 29537     r0: 5 r1: 4329 r2: 6 r3: 29645 r4: 108 r5: 65514 sp: 65508 pc: 5210        N: 0 Z: 0 V: 0 C: 0      
5210:   swab r3                       src: 29645                    r0: 5 r1: 4329 r2: 6 r3: 52595 r4: 108 r5: 65514 sp: 65508 pc: 5212        N: 0 Z: 0 V: 0 C: 0      
5212:   sob r2, 5204.                 src: 6         dst: 68        r0: 5 r1: 4329 r2: 5 r3: 52595 r4: 108 r5: 65514 sp: 65508 pc: 5204        N: 0 Z: 0 V: 0 C: 0      
5204:   movb (r1)+, r4                src: 0         dst: 108       r0: 5 r1: 4330 r2: 5 r3: 52595 r4: 0 r5: 65514 sp: 65508 pc: 5206          N: 0 Z: 1 V: 0 C: 0      
5206:   beq 5214.                     src: 2562                     r0: 5 r1: 4330 r2: 5 r3: 52595 r4: 0 r5: 65514 sp: 65508 pc: 5214          N: 0 Z: 1 V: 0 C: 0      
5214:   clr r2                        src: 5                        r0: 5 r1: 4330 r2: 0 r3: 52595 r4: 0 r5: 65514 sp: 65508 pc: 5216          N: 0 Z: 1 V: 0 C: 0      
5216:   div $hshsiz, r2               src: 1553      dst: 0         r0: 5 r1: 4330 r2: 33 r3: 1346 r4: 0 r5: 65514 sp: 65508 pc: 5220          N: 0 Z: 0 V: 0 C: 0      
5220:   ashc $1., r2                  src: 1         dst: 33        r0: 5 r1: 4330 r2: 66 r3: 2692 r4: 0 r5: 65514 sp: 65508 pc: 5224          N: 0 Z: 0 V: 0 C: 0      
5224:   add $hshtab, r3               src: 5722      dst: 2692      r0: 5 r1: 4330 r2: 66 r3: 8414 r4: 0 r5: 65514 sp: 65508 pc: 5228          N: 0 Z: 0 V: 0 C: 0      
5228:   sub r2, r3                    src: 66        dst: 8414      r0: 5 r1: 4330 r2: 66 r3: 8348 r4: 0 r5: 65514 sp: 65508 pc: 5230          N: 0 Z: 0 V: 0 C: 0      
5230:   cmp r3, $hshtab               src: 8348      dst: 5722      r0: 5 r1: 4330 r2: 66 r3: 8348 r4: 0 r5: 65514 sp: 65508 pc: 5234          N: 0 Z: 0 V: 0 C: 0      
5234:   bhi 5240.                     src: 3043                     r0: 5 r1: 4330 r2: 66 r3: 8348 r4: 0 r5: 65514 sp: 65508 pc: 5240          N: 0 Z: 0 V: 0 C: 0      
5240:   tst -(r3)                     src: 0                        r0: 5 r1: 4330 r2: 66 r3: 8346 r4: 0 r5: 65514 sp: 65508 pc: 5242          N: 0 Z: 1 V: 0 C: 0      
5242:   bne 5228.                     src: 57475                    r0: 5 r1: 4330 r2: 66 r3: 8346 r4: 0 r5: 65514 sp: 65508 pc: 5244          N: 0 Z: 1 V: 0 C: 0      
5244:   mov (sp)+, r1                 src: 4326      dst: 4330      r0: 5 r1: 4326 r2: 66 r3: 8346 r4: 0 r5: 65514 sp: 65510 pc: 5246          N: 0 Z: 0 V: 0 C: 0      
5246:   mov r1, (r3)                  src: 4326      dst: 0         r0: 5 r1: 4326 r2: 66 r3: 8346 r4: 0 r5: 65514 sp: 65510 pc: 5248          N: 0 Z: 0 V: 0 C: 0      
5248:   add $12., r1                  src: 12        dst: 4326      r0: 5 r1: 4338 r2: 66 r3: 8346 r4: 0 r5: 65514 sp: 65510 pc: 5252          N: 0 Z: 0 V: 0 C: 0      
5252:   cmp r1, $ebsymtab             src: 4338      dst: 5118      r0: 5 r1: 4338 r2: 66 r3: 8346 r4: 0 r5: 65514 sp: 65510 pc: 5256          N: 1 Z: 0 V: 0 C: 1      
5256:   bcs 5196.                     src: 2563                     r0: 5 r1: 4338 r2: 66 r3: 8346 r4: 0 r5: 65514 sp: 65510 pc: 5196          N: 1 Z: 0 V: 0 C: 1      
5196:   clr r3                        src: 8346                     r0: 5 r1: 4338 r2: 66 r3: 0 r4: 0 r5: 65514 sp: 65510 pc: 5198             N: 0 Z: 1 V: 0 C: 0      
5198:   mov $8., r2                   src: 8         dst: 66        r0: 5 r1: 4338 r2: 8 r3: 0 r4: 0 r5: 65514 sp: 65510 pc: 5202              N: 0 Z: 0 V: 0 C: 0      
5202:   mov r1, -(sp)                 src: 4338      dst: 4326      r0: 5 r1: 4338 r2: 8 r3: 0 r4: 0 r5: 65514 sp: 65508 pc: 5204              N: 0 Z: 0 V: 0 C: 0      
5204:   movb (r1)+, r4                src: 97        dst: 0         r0: 5 r1: 4339 r2: 8 r3: 0 r4: 97 r5: 65514 sp: 65508 pc: 5206             N: 0 Z: 0 V: 0 C: 0      
5206:   beq 5214.                     src: 2562                     r0: 5 r1: 4339 r2: 8 r3: 0 r4: 97 r5: 65514 sp: 65508 pc: 5208             N: 0 Z: 0 V: 0 C: 0      
5208:   add r4, r3                    src: 97        dst: 0         r0: 5 r1: 4339 r2: 8 r3: 97 r4: 97 r5: 65514 sp: 65508 pc: 5210            N: 0 Z: 0 V: 0 C: 0      
5210:   swab r3                       src: 97                       r0: 5 r1: 4339 r2: 8 r3: 24832 r4: 97 r5: 65514 sp: 65508 pc: 5212         N: 0 Z: 1 V: 0 C: 0      
5212:   sob r2, 5204.                 src: 8         dst: 68        r0: 5 r1: 4339 r2: 7 r3: 24832 r4: 97 r5: 65514 sp: 65508 pc: 5204         N: 0 Z: 1 V: 0 C: 0      
5204:   movb (r1)+, r4                src: 115       dst: 97        r0: 5 r1: 4340 r2: 7 r3: 24832 r4: 115 r5: 65514 sp: 65508 pc: 5206        N: 0 Z: 0 V: 0 C: 0      
5206:   beq 5214.                     src: 2562                     r0: 5 r1: 4340 r2: 7 r3: 24832 r4: 115 r5: 65514 sp: 65508 pc: 5208        N: 0 Z: 0 V: 0 C: 0      
5208:   add r4, r3                    src: 115       dst: 24832     r0: 5 r1: 4340 r2: 7 r3: 24947 r4: 115 r5: 65514 sp: 65508 pc: 5210        N: 0 Z: 0 V: 0 C: 0      
5210:   swab r3                       src: 24947                    r0: 5 r1: 4340 r2: 7 r3: 29537 r4: 115 r5: 65514 sp: 65508 pc: 5212        N: 0 Z: 0 V: 0 C: 0      
5212:   sob r2, 5204.                 src: 7         dst: 68        r0: 5 r1: 4340 r2: 6 r3: 29537 r4: 115 r5: 65514 sp: 65508 pc: 5204        N: 0 Z: 0 V: 0 C: 0      
5204:   movb (r1)+, r4                src: 108       dst: 115       r0: 5 r1: 4341 r2: 6 r3: 29537 r4: 108 r5: 65514 sp: 65508 pc: 5206        N: 0 Z: 0 V: 0 C: 0      
5206:   beq 5214.                     src: 2562                     r0: 5 r1: 4341 r2: 6 r3: 29537 r4: 108 r5: 65514 sp: 65508 pc: 5208        N: 0 Z: 0 V: 0 C: 0      
5208:   add r4, r3                    src: 108       dst: 29537     r0: 5 r1: 4341 r2: 6 r3: 29645 r4: 108 r5: 65514 sp: 65508 pc: 5210        N: 0 Z: 0 V: 0 C: 0      
5210:   swab r3                       src: 29645                    r0: 5 r1: 4341 r2: 6 r3: 52595 r4: 108 r5: 65514 sp: 65508 pc: 5212        N: 0 Z: 0 V: 0 C: 0      
5212:   sob r2, 5204.                 src: 6         dst: 68        r0: 5 r1: 4341 r2: 5 r3: 52595 r4: 108 r5: 65514 sp: 65508 pc: 5204        N: 0 Z: 0 V: 0 C: 0      
5204:   movb (r1)+, r4                src: 98        dst: 108       r0: 5 r1: 4342 r2: 5 r3: 52595 r4: 98 r5: 65514 sp: 65508 pc: 5206         N: 0 Z: 0 V: 0 C: 0      
5206:   beq 5214.                     src: 2562                     r0: 5 r1: 4342 r2: 5 r3: 52595 r4: 98 r5: 65514 sp: 65508 pc: 5208         N: 0 Z: 0 V: 0 C: 0      
5208:   add r4, r3                    src: 98        dst: 52595     r0: 5 r1: 4342 r2: 5 r3: 52693 r4: 98 r5: 65514 sp: 65508 pc: 5210         N: 0 Z: 0 V: 0 C: 0      
5210:   swab r3                       src: 52693                    r0: 5 r1: 4342 r2: 5 r3: 54733 r4: 98 r5: 65514 sp: 65508 pc: 5212         N: 1 Z: 0 V: 0 C: 0      
5212:   sob r2, 5204.                 src: 5         dst: 68        r0: 5 r1: 4342 r2: 4 r3: 54733 r4: 98 r5: 65514 sp: 65508 pc: 5204         N: 1 Z: 0 V: 0 C: 0      
5204:   movb (r1)+, r4                src: 0         dst: 98        r0: 5 r1: 4343 r2: 4 r3: 54733 r4: 0 r5: 65514 sp: 65508 pc: 5206          N: 0 Z: 1 V: 0 C: 0      
5206:   beq 5214.                     src: 2562                     r0: 5 r1: 4343 r2: 4 r3: 54733 r4: 0 r5: 65514 sp: 65508 pc: 5214          N: 0 Z: 1 V: 0 C: 0      
5214:   clr r2                        src: 4                        r0: 5 r1: 4343 r2: 0 r3: 54733 r4: 0 r5: 65514 sp: 65508 pc: 5216          N: 0 Z: 1 V: 0 C: 0      
5216:   div $hshsiz, r2               src: 1553      dst: 0         r0: 5 r1: 4343 r2: 35 r3: 378 r4: 0 r5: 65514 sp: 65508 pc: 5220           N: 0 Z: 0 V: 0 C: 0      
5220:   ashc $1., r2                  src: 1         dst: 35        r0: 5 r1: 4343 r2: 70 r3: 756 r4: 0 r5: 65514 sp: 65508 pc: 5224           N: 0 Z: 0 V: 0 C: 0      
5224:   add $hshtab, r3               src: 5722      dst: 756       r0: 5 r1: 4343 r2: 70 r3: 6478 r4: 0 r5: 65514 sp: 65508 pc: 5228          N: 0 Z: 0 V: 0 C: 0      
5228:   sub r2, r3                    src: 70        dst: 6478      r0: 5 r1: 4343 r2: 70 r3: 6408 r4: 0 r5: 65514 sp: 65508 pc: 5230          N: 0 Z: 0 V: 0 C: 0      
5230:   cmp r3, $hshtab               src: 6408      dst: 5722      r0: 5 r1: 4343 r2: 70 r3: 6408 r4: 0 r5: 65514 sp: 65508 pc: 5234          N: 0 Z: 0 V: 0 C: 0      
5234:   bhi 5240.                     src: 3043                     r0: 5 r1: 4343 r2: 70 r3: 6408 r4: 0 r5: 65514 sp: 65508 pc: 5240          N: 0 Z: 0 V: 0 C: 0      
5240:   tst -(r3)                     src: 0                        r0: 5 r1: 4343 r2: 70 r3: 6406 r4: 0 r5: 65514 sp: 65508 pc: 5242          N: 0 Z: 1 V: 0 C: 0      
5242:   bne 5228.                     src: 57475                    r0: 5 r1: 4343 r2: 70 r3: 6406 r4: 0 r5: 65514 sp: 65508 pc: 5244          N: 0 Z: 1 V: 0 C: 0      
5244:   mov (sp)+, r1                 src: 4338      dst: 4343      r0: 5 r1: 4338 r2: 70 r3: 6406 r4: 0 r5: 65514 sp: 65510 pc: 5246          N: 0 Z: 0 V: 0 C: 0      
5246:   mov r1, (r3)                  src: 4338      dst: 0         r0: 5 r1: 4338 r2: 70 r3: 6406 r4: 0 r5: 65514 sp: 65510 pc: 5248          N: 0 Z: 0 V: 0 C: 0      
5248:   add $12., r1                  src: 12        dst: 4338      r0: 5 r1: 4350 r2: 70 r3: 6406 r4: 0 r5: 65514 sp: 65510 pc: 5252          N: 0 Z: 0 V: 0 C: 0      
5252:   cmp r1, $ebsymtab             src: 4350      dst: 5118      r0: 5 r1: 4350 r2: 70 r3: 6406 r4: 0 r5: 65514 sp: 65510 pc: 5256          N: 1 Z: 0 V: 0 C: 1      
5256:   bcs 5196.                     src: 2563                     r0: 5 r1: 4350 r2: 70 r3: 6406 r4: 0 r5: 65514 sp: 65510 pc: 5196          N: 1 Z: 0 V: 0 C: 1      
5196:   clr r3                        src: 6406                     r0: 5 r1: 4350 r2: 70 r3: 0 r4: 0 r5: 65514 sp: 65510 pc: 5198             N: 0 Z: 1 V: 0 C: 0      
5198:   mov $8., r2                   src: 8         dst: 70        r0: 5 r1: 4350 r2: 8 r3: 0 r4: 0 r5: 65514 sp: 65510 pc: 5202              N: 0 Z: 0 V: 0 C: 0      
5202:   mov r1, -(sp)                 src: 4350      dst: 4338      r0: 5 r1: 4350 r2: 8 r3: 0 r4: 0 r5: 65514 sp: 65508 pc: 5204              N: 0 Z: 0 V: 0 C: 0      
5204:   movb (r1)+, r4                src: 106       dst: 0         r0: 5 r1: 4351 r2: 8 r3: 0 r4: 106 r5: 65514 sp: 65508 pc: 5206            N: 0 Z: 0 V: 0 C: 0      
5206:   beq 5214.                     src: 2562                     r0: 5 r1: 4351 r2: 8 r3: 0 r4: 106 r5: 65514 sp: 65508 pc: 5208            N: 0 Z: 0 V: 0 C: 0      
5208:   add r4, r3                    src: 106       dst: 0         r0: 5 r1: 4351 r2: 8 r3: 106 r4: 106 r5: 65514 sp: 65508 pc: 5210          N: 0 Z: 0 V: 0 C: 0      
5210:   swab r3                       src: 106                      r0: 5 r1: 4351 r2: 8 r3: 27136 r4: 106 r5: 65514 sp: 65508 pc: 5212        N: 0 Z: 1 V: 0 C: 0      
5212:   sob r2, 5204.                 src: 8         dst: 68        r0: 5 r1: 4351 r2: 7 r3: 27136 r4: 106 r5: 65514 sp: 65508 pc: 5204        N: 0 Z: 1 V: 0 C: 0      
5204:   movb (r1)+, r4                src: 109       dst: 106       r0: 5 r1: 4352 r2: 7 r3: 27136 r4: 109 r5: 65514 sp: 65508 pc: 5206        N: 0 Z: 0 V: 0 C: 0      
5206:   beq 5214.                     src: 2562                     r0: 5 r1: 4352 r2: 7 r3: 27136 r4: 109 r5: 65514 sp: 65508 pc: 5208        N: 0 Z: 0 V: 0 C: 0      
5208:   add r4, r3                    src: 109       dst: 27136     r0: 5 r1: 4352 r2: 7 r3: 27245 r4: 109 r5: 65514 sp: 65508 pc: 5210        N: 0 Z: 0 V: 0 C: 0      
5210:   swab r3                       src: 27245                    r0: 5 r1: 4352 r2: 7 r3: 28010 r4: 109 r5: 65514 sp: 65508 pc: 5212        N: 0 Z: 0 V: 0 C: 0      
5212:   sob r2, 5204.                 src: 7         dst: 68        r0: 5 r1: 4352 r2: 6 r3: 28010 r4: 109 r5: 65514 sp: 65508 pc: 5204        N: 0 Z: 0 V: 0 C: 0      
5204:   movb (r1)+, r4                src: 112       dst: 109       r0: 5 r1: 4353 r2: 6 r3: 28010 r4: 112 r5: 65514 sp: 65508 pc: 5206        N: 0 Z: 0 V: 0 C: 0      
5206:   beq 5214.                     src: 2562                     r0: 5 r1: 4353 r2: 6 r3: 28010 r4: 112 r5: 65514 sp: 65508 pc: 5208        N: 0 Z: 0 V: 0 C: 0      
5208:   add r4, r3                    src: 112       dst: 28010     r0: 5 r1: 4353 r2: 6 r3: 28122 r4: 112 r5: 65514 sp: 65508 pc: 5210        N: 0 Z: 0 V: 0 C: 0      
5210:   swab r3                       src: 28122                    r0: 5 r1: 4353 r2: 6 r3: 55917 r4: 112 r5: 65514 sp: 65508 pc: 5212        N: 0 Z: 0 V: 0 C: 0      
5212:   sob r2, 5204.                 src: 6         dst: 68        r0: 5 r1: 4353 r2: 5 r3: 55917 r4: 112 r5: 65514 sp: 65508 pc: 5204        N: 0 Z: 0 V: 0 C: 0      
5204:   movb (r1)+, r4                src: 0         dst: 112       r0: 5 r1: 4354 r2: 5 r3: 55917 r4: 0 r5: 65514 sp: 65508 pc: 5206          N: 0 Z: 1 V: 0 C: 0      
5206:   beq 5214.                     src: 2562                     r0: 5 r1: 4354 r2: 5 r3: 55917 r4: 0 r5: 65514 sp: 65508 pc: 5214          N: 0 Z: 1 V: 0 C: 0      
5214:   clr r2                        src: 5                        r0: 5 r1: 4354 r2: 0 r3: 55917 r4: 0 r5: 65514 sp: 65508 pc: 5216          N: 0 Z: 1 V: 0 C: 0      
5216:   div $hshsiz, r2               src: 1553      dst: 0         r0: 5 r1: 4354 r2: 36 r3: 9 r4: 0 r5: 65514 sp: 65508 pc: 5220             N: 0 Z: 0 V: 0 C: 0      
5220:   ashc $1., r2                  src: 1         dst: 36        r0: 5 r1: 4354 r2: 72 r3: 18 r4: 0 r5: 65514 sp: 65508 pc: 5224            N: 0 Z: 0 V: 0 C: 0      
5224:   add $hshtab, r3               src: 5722      dst: 18        r0: 5 r1: 4354 r2: 72 r3: 5740 r4: 0 r5: 65514 sp: 65508 pc: 5228          N: 0 Z: 0 V: 0 C: 0      
5228:   sub r2, r3                    src: 72        dst: 5740      r0: 5 r1: 4354 r2: 72 r3: 5668 r4: 0 r5: 65514 sp: 65508 pc: 5230          N: 0 Z: 0 V: 0 C: 0      
5230:   cmp r3, $hshtab               src: 5668      dst: 5722      r0: 5 r1: 4354 r2: 72 r3: 5668 r4: 0 r5: 65514 sp: 65508 pc: 5234          N: 1 Z: 0 V: 0 C: 1      
5234:   bhi 5240.                     src: 3043                     r0: 5 r1: 4354 r2: 72 r3: 5668 r4: 0 r5: 65514 sp: 65508 pc: 5236          N: 1 Z: 0 V: 0 C: 1      
5236:   add $3106., r3                src: 3106      dst: 5668      r0: 5 r1: 4354 r2: 72 r3: 8774 r4: 0 r5: 65514 sp: 65508 pc: 5240          N: 0 Z: 0 V: 0 C: 0      
5240:   tst -(r3)                     src: 0                        r0: 5 r1: 4354 r2: 72 r3: 8772 r4: 0 r5: 65514 sp: 65508 pc: 5242          N: 0 Z: 1 V: 0 C: 0      
5242:   bne 5228.                     src: 57475                    r0: 5 r1: 4354 r2: 72 r3: 8772 r4: 0 r5: 65514 sp: 65508 pc: 5244          N: 0 Z: 1 V: 0 C: 0      
5244:   mov (sp)+, r1                 src: 4350      dst: 4354      r0: 5 r1: 4350 r2: 72 r3: 8772 r4: 0 r5: 65514 sp: 65510 pc: 5246          N: 0 Z: 0 V: 0 C: 0      
5246:   mov r1, (r3)                  src: 4350      dst: 0         r0: 5 r1: 4350 r2: 72 r3: 8772 r4: 0 r5: 65514 sp: 65510 pc: 5248          N: 0 Z: 0 V: 0 C: 0      
5248:   add $12., r1                  src: 12        dst: 4350      r0: 5 r1: 4362 r2: 72 r3: 8772 r4: 0 r5: 65514 sp: 65510 pc: 5252          N: 0 Z: 0 V: 0 C: 0      
5252:   cmp r1, $ebsymtab             src: 4362      dst: 5118      r0: 5 r1: 4362 r2: 72 r3: 8772 r4: 0 r5: 65514 sp: 65510 pc: 5256          N: 1 Z: 0 V: 0 C: 1      
5256:   bcs 5196.                     src: 2563                     r0: 5 r1: 4362 r2: 72 r3: 8772 r4: 0 r5: 65514 sp: 65510 pc: 5196          N: 1 Z: 0 V: 0 C: 1      
5196:   clr r3                        src: 8772                     r0: 5 r1: 4362 r2: 72 r3: 0 r4: 0 r5: 65514 sp: 65510 pc: 5198             N: 0 Z: 1 V: 0 C: 0      
5198:   mov $8., r2                   src: 8         dst: 72        r0: 5 r1: 4362 r2: 8 r3: 0 r4: 0 r5: 65514 sp: 65510 pc: 5202              N: 0 Z: 0 V: 0 C: 0      
5202:   mov r1, -(sp)                 src: 4362      dst: 4350      r0: 5 r1: 4362 r2: 8 r3: 0 r4: 0 r5: 65514 sp: 65508 pc: 5204              N: 0 Z: 0 V: 0 C: 0      
5204:   movb (r1)+, r4                src: 115       dst: 0         r0: 5 r1: 4363 r2: 8 r3: 0 r4: 115 r5: 65514 sp: 65508 pc: 5206            N: 0 Z: 0 V: 0 C: 0      
5206:   beq 5214.                     src: 2562                     r0: 5 r1: 4363 r2: 8 r3: 0 r4: 115 r5: 65514 sp: 65508 pc: 5208            N: 0 Z: 0 V: 0 C: 0      
5208:   add r4, r3                    src: 115       dst: 0         r0: 5 r1: 4363 r2: 8 r3: 115 r4: 115 r5: 65514 sp: 65508 pc: 5210          N: 0 Z: 0 V: 0 C: 0      
5210:   swab r3                       src: 115                      r0: 5 r1: 4363 r2: 8 r3: 29440 r4: 115 r5: 65514 sp: 65508 pc: 5212        N: 0 Z: 1 V: 0 C: 0      
5212:   sob r2, 5204.                 src: 8         dst: 68        r0: 5 r1: 4363 r2: 7 r3: 29440 r4: 115 r5: 65514 sp: 65508 pc: 5204        N: 0 Z: 1 V: 0 C: 0      
5204:   movb (r1)+, r4                src: 119       dst: 115       r0: 5 r1: 4364 r2: 7 r3: 29440 r4: 119 r5: 65514 sp: 65508 pc: 5206        N: 0 Z: 0 V: 0 C: 0      
5206:   beq 5214.                     src: 2562                     r0: 5 r1: 4364 r2: 7 r3: 29440 r4: 119 r5: 65514 sp: 65508 pc: 5208        N: 0 Z: 0 V: 0 C: 0      
5208:   add r4, r3                    src: 119       dst: 29440     r0: 5 r1: 4364 r2: 7 r3: 29559 r4: 119 r5: 65514 sp: 65508 pc: 5210        N: 0 Z: 0 V: 0 C: 0      
5210:   swab r3                       src: 29559                    r0: 5 r1: 4364 r2: 7 r3: 30579 r4: 119 r5: 65514 sp: 65508 pc: 5212        N: 0 Z: 0 V: 0 C: 0      
5212:   sob r2, 5204.                 src: 7         dst: 68        r0: 5 r1: 4364 r2: 6 r3: 30579 r4: 119 r5: 65514 sp: 65508 pc: 5204        N: 0 Z: 0 V: 0 C: 0      
5204:   movb (r1)+, r4                src: 97        dst: 119       r0: 5 r1: 4365 r2: 6 r3: 30579 r4: 97 r5: 65514 sp: 65508 pc: 5206         N: 0 Z: 0 V: 0 C: 0      
5206:   beq 5214.                     src: 2562                     r0: 5 r1: 4365 r2: 6 r3: 30579 r4: 97 r5: 65514 sp: 65508 pc: 5208         N: 0 Z: 0 V: 0 C: 0      
5208:   add r4, r3                    src: 97        dst: 30579     r0: 5 r1: 4365 r2: 6 r3: 30676 r4: 97 r5: 65514 sp: 65508 pc: 5210         N: 0 Z: 0 V: 0 C: 0      
5210:   swab r3                       src: 30676                    r0: 5 r1: 4365 r2: 6 r3: 54391 r4: 97 r5: 65514 sp: 65508 pc: 5212         N: 0 Z: 0 V: 0 C: 0      
5212:   sob r2, 5204.                 src: 6         dst: 68        r0: 5 r1: 4365 r2: 5 r3: 54391 r4: 97 r5: 65514 sp: 65508 pc: 5204         N: 0 Z: 0 V: 0 C: 0      
5204:   movb (r1)+, r4                src: 98        dst: 97        r0: 5 r1: 4366 r2: 5 r3: 54391 r4: 98 r5: 65514 sp: 65508 pc: 5206         N: 0 Z: 0 V: 0 C: 0      
5206:   beq 5214.                     src: 2562                     r0: 5 r1: 4366 r2: 5 r3: 54391 r4: 98 r5: 65514 sp: 65508 pc: 5208         N: 0 Z: 0 V: 0 C: 0      
5208:   add r4, r3                    src: 98        dst: 54391     r0: 5 r1: 4366 r2: 5 r3: 54489 r4: 98 r5: 65514 sp: 65508 pc: 5210         N: 0 Z: 0 V: 0 C: 0      
5210:   swab r3                       src: 54489                    r0: 5 r1: 4366 r2: 5 r3: 55764 r4: 98 r5: 65514 sp: 65508 pc: 5212         N: 1 Z: 0 V: 0 C: 0      
5212:   sob r2, 5204.                 src: 5         dst: 68        r0: 5 r1: 4366 r2: 4 r3: 55764 r4: 98 r5: 65514 sp: 65508 pc: 5204         N: 1 Z: 0 V: 0 C: 0      
5204:   movb (r1)+, r4                src: 0         dst: 98        r0: 5 r1: 4367 r2: 4 r3: 55764 r4: 0 r5: 65514 sp: 65508 pc: 5206          N: 0 Z: 1 V: 0 C: 0      
5206:   beq 5214.                     src: 2562                     r0: 5 r1: 4367 r2: 4 r3: 55764 r4: 0 r5: 65514 sp: 65508 pc: 5214          N: 0 Z: 1 V: 0 C: 0      
5214:   clr r2                        src: 4                        r0: 5 r1: 4367 r2: 0 r3: 55764 r4: 0 r5: 65514 sp: 65508 pc: 5216          N: 0 Z: 1 V: 0 C: 0      
5216:   div $hshsiz, r2               src: 1553      dst: 0         r0: 5 r1: 4367 r2: 35 r3: 1409 r4: 0 r5: 65514 sp: 65508 pc: 5220          N: 0 Z: 0 V: 0 C: 0      
5220:   ashc $1., r2                  src: 1         dst: 35        r0: 5 r1: 4367 r2: 70 r3: 2818 r4: 0 r5: 65514 sp: 65508 pc: 5224          N: 0 Z: 0 V: 0 C: 0      
5224:   add $hshtab, r3               src: 5722      dst: 2818      r0: 5 r1: 4367 r2: 70 r3: 8540 r4: 0 r5: 65514 sp: 65508 pc: 5228          N: 0 Z: 0 V: 0 C: 0      
5228:   sub r2, r3                    src: 70        dst: 8540      r0: 5 r1: 4367 r2: 70 r3: 8470 r4: 0 r5: 65514 sp: 65508 pc: 5230          N: 0 Z: 0 V: 0 C: 0      
5230:   cmp r3, $hshtab               src: 8470      dst: 5722      r0: 5 r1: 4367 r2: 70 r3: 8470 r4: 0 r5: 65514 sp: 65508 pc: 5234          N: 0 Z: 0 V: 0 C: 0      
5234:   bhi 5240.                     src: 3043                     r0: 5 r1: 4367 r2: 70 r3: 8470 r4: 0 r5: 65514 sp: 65508 pc: 5240          N: 0 Z: 0 V: 0 C: 0      
5240:   tst -(r3)                     src: 0                        r0: 5 r1: 4367 r2: 70 r3: 8468 r4: 0 r5: 65514 sp: 65508 pc: 5242          N: 0 Z: 1 V: 0 C: 0      
5242:   bne 5228.                     src: 57475                    r0: 5 r1: 4367 r2: 70 r3: 8468 r4: 0 r5: 65514 sp: 65508 pc: 5244          N: 0 Z: 1 V: 0 C: 0      
5244:   mov (sp)+, r1                 src: 4362      dst: 4367      r0: 5 r1: 4362 r2: 70 r3: 8468 r4: 0 r5: 65514 sp: 65510 pc: 5246          N: 0 Z: 0 V: 0 C: 0      
5246:   mov r1, (r3)                  src: 4362      dst: 0         r0: 5 r1: 4362 r2: 70 r3: 8468 r4: 0 r5: 65514 sp: 65510 pc: 5248          N: 0 Z: 0 V: 0 C: 0      
5248:   add $12., r1                  src: 12        dst: 4362      r0: 5 r1: 4374 r2: 70 r3: 8468 r4: 0 r5: 65514 sp: 65510 pc: 5252          N: 0 Z: 0 V: 0 C: 0      
5252:   cmp r1, $ebsymtab             src: 4374      dst: 5118      r0: 5 r1: 4374 r2: 70 r3: 8468 r4: 0 r5: 65514 sp: 65510 pc: 5256          N: 1 Z: 0 V: 0 C: 1      
5256:   bcs 5196.                     src: 2563                     r0: 5 r1: 4374 r2: 70 r3: 8468 r4: 0 r5: 65514 sp: 65510 pc: 5196          N: 1 Z: 0 V: 0 C: 1      
5196:   clr r3                        src: 8468                     r0: 5 r1: 4374 r2: 70 r3: 0 r4: 0 r5: 65514 sp: 65510 pc: 5198             N: 0 Z: 1 V: 0 C: 0      
5198:   mov $8., r2                   src: 8         dst: 70        r0: 5 r1: 4374 r2: 8 r3: 0 r4: 0 r5: 65514 sp: 65510 pc: 5202              N: 0 Z: 0 V: 0 C: 0      
5202:   mov r1, -(sp)                 src: 4374      dst: 4362      r0: 5 r1: 4374 r2: 8 r3: 0 r4: 0 r5: 65514 sp: 65508 pc: 5204              N: 0 Z: 0 V: 0 C: 0      
5204:   movb (r1)+, r4                src: 106       dst: 0         r0: 5 r1: 4375 r2: 8 r3: 0 r4: 106 r5: 65514 sp: 65508 pc: 5206            N: 0 Z: 0 V: 0 C: 0      
5206:   beq 5214.                     src: 2562                     r0: 5 r1: 4375 r2: 8 r3: 0 r4: 106 r5: 65514 sp: 65508 pc: 5208            N: 0 Z: 0 V: 0 C: 0      
5208:   add r4, r3                    src: 106       dst: 0         r0: 5 r1: 4375 r2: 8 r3: 106 r4: 106 r5: 65514 sp: 65508 pc: 5210          N: 0 Z: 0 V: 0 C: 0      
5210:   swab r3                       src: 106                      r0: 5 r1: 4375 r2: 8 r3: 27136 r4: 106 r5: 65514 sp: 65508 pc: 5212        N: 0 Z: 1 V: 0 C: 0      
5212:   sob r2, 5204.                 src: 8         dst: 68        r0: 5 r1: 4375 r2: 7 r3: 27136 r4: 106 r5: 65514 sp: 65508 pc: 5204        N: 0 Z: 1 V: 0 C: 0      
5204:   movb (r1)+, r4                src: 115       dst: 106       r0: 5 r1: 4376 r2: 7 r3: 27136 r4: 115 r5: 65514 sp: 65508 pc: 5206        N: 0 Z: 0 V: 0 C: 0      
5206:   beq 5214.                     src: 2562                     r0: 5 r1: 4376 r2: 7 r3: 27136 r4: 115 r5: 65514 sp: 65508 pc: 5208        N: 0 Z: 0 V: 0 C: 0      
5208:   add r4, r3                    src: 115       dst: 27136     r0: 5 r1: 4376 r2: 7 r3: 27251 r4: 115 r5: 65514 sp: 65508 pc: 5210        N: 0 Z: 0 V: 0 C: 0      
5210:   swab r3                       src: 27251                    r0: 5 r1: 4376 r2: 7 r3: 29546 r4: 115 r5: 65514 sp: 65508 pc: 5212        N: 0 Z: 0 V: 0 C: 0      
5212:   sob r2, 5204.                 src: 7         dst: 68        r0: 5 r1: 4376 r2: 6 r3: 29546 r4: 115 r5: 65514 sp: 65508 pc: 5204        N: 0 Z: 0 V: 0 C: 0      
5204:   movb (r1)+, r4                src: 114       dst: 115       r0: 5 r1: 4377 r2: 6 r3: 29546 r4: 114 r5: 65514 sp: 65508 pc: 5206        N: 0 Z: 0 V: 0 C: 0      
5206:   beq 5214.                     src: 2562                     r0: 5 r1: 4377 r2: 6 r3: 29546 r4: 114 r5: 65514 sp: 65508 pc: 5208        N: 0 Z: 0 V: 0 C: 0      
5208:   add r4, r3                    src: 114       dst: 29546     r0: 5 r1: 4377 r2: 6 r3: 29660 r4: 114 r5: 65514 sp: 65508 pc: 5210        N: 0 Z: 0 V: 0 C: 0      
5210:   swab r3                       src: 29660                    r0: 5 r1: 4377 r2: 6 r3: 56435 r4: 114 r5: 65514 sp: 65508 pc: 5212        N: 0 Z: 0 V: 0 C: 0      
5212:   sob r2, 5204.                 src: 6         dst: 68        r0: 5 r1: 4377 r2: 5 r3: 56435 r4: 114 r5: 65514 sp: 65508 pc: 5204        N: 0 Z: 0 V: 0 C: 0      
5204:   movb (r1)+, r4                src: 0         dst: 114       r0: 5 r1: 4378 r2: 5 r3: 56435 r4: 0 r5: 65514 sp: 65508 pc: 5206          N: 0 Z: 1 V: 0 C: 0      
5206:   beq 5214.                     src: 2562                     r0: 5 r1: 4378 r2: 5 r3: 56435 r4: 0 r5: 65514 sp: 65508 pc: 5214          N: 0 Z: 1 V: 0 C: 0      
5214:   clr r2                        src: 5                        r0: 5 r1: 4378 r2: 0 r3: 56435 r4: 0 r5: 65514 sp: 65508 pc: 5216          N: 0 Z: 1 V: 0 C: 0      
5216:   div $hshsiz, r2               src: 1553      dst: 0         r0: 5 r1: 4378 r2: 36 r3: 527 r4: 0 r5: 65514 sp: 65508 pc: 5220           N: 0 Z: 0 V: 0 C: 0      
5220:   ashc $1., r2                  src: 1         dst: 36        r0: 5 r1: 4378 r2: 72 r3: 1054 r4: 0 r5: 65514 sp: 65508 pc: 5224          N: 0 Z: 0 V: 0 C: 0      
5224:   add $hshtab, r3               src: 5722      dst: 1054      r0: 5 r1: 4378 r2: 72 r3: 6776 r4: 0 r5: 65514 sp: 65508 pc: 5228          N: 0 Z: 0 V: 0 C: 0      
5228:   sub r2, r3                    src: 72        dst: 6776      r0: 5 r1: 4378 r2: 72 r3: 6704 r4: 0 r5: 65514 sp: 65508 pc: 5230          N: 0 Z: 0 V: 0 C: 0      
5230:   cmp r3, $hshtab               src: 6704      dst: 5722      r0: 5 r1: 4378 r2: 72 r3: 6704 r4: 0 r5: 65514 sp: 65508 pc: 5234          N: 0 Z: 0 V: 0 C: 0      
5234:   bhi 5240.                     src: 3043                     r0: 5 r1: 4378 r2: 72 r3: 6704 r4: 0 r5: 65514 sp: 65508 pc: 5240          N: 0 Z: 0 V: 0 C: 0      
5240:   tst -(r3)                     src: 0                        r0: 5 r1: 4378 r2: 72 r3: 6702 r4: 0 r5: 65514 sp: 65508 pc: 5242          N: 0 Z: 1 V: 0 C: 0      
5242:   bne 5228.                     src: 57475                    r0: 5 r1: 4378 r2: 72 r3: 6702 r4: 0 r5: 65514 sp: 65508 pc: 5244          N: 0 Z: 1 V: 0 C: 0      
5244:   mov (sp)+, r1                 src: 4374      dst: 4378      r0: 5 r1: 4374 r2: 72 r3: 6702 r4: 0 r5: 65514 sp: 65510 pc: 5246          N: 0 Z: 0 V: 0 C: 0      
5246:   mov r1, (r3)                  src: 4374      dst: 0         r0: 5 r1: 4374 r2: 72 r3: 6702 r4: 0 r5: 65514 sp: 65510 pc: 5248          N: 0 Z: 0 V: 0 C: 0      
5248:   add $12., r1                  src: 12        dst: 4374      r0: 5 r1: 4386 r2: 72 r3: 6702 r4: 0 r5: 65514 sp: 65510 pc: 5252          N: 0 Z: 0 V: 0 C: 0      
5252:   cmp r1, $ebsymtab             src: 4386      dst: 5118      r0: 5 r1: 4386 r2: 72 r3: 6702 r4: 0 r5: 65514 sp: 65510 pc: 5256          N: 1 Z: 0 V: 0 C: 1      
5256:   bcs 5196.                     src: 2563                     r0: 5 r1: 4386 r2: 72 r3: 6702 r4: 0 r5: 65514 sp: 65510 pc: 5196          N: 1 Z: 0 V: 0 C: 1      
5196:   clr r3                        src: 6702                     r0: 5 r1: 4386 r2: 72 r3: 0 r4: 0 r5: 65514 sp: 65510 pc: 5198             N: 0 Z: 1 V: 0 C: 0      
5198:   mov $8., r2                   src: 8         dst: 72        r0: 5 r1: 4386 r2: 8 r3: 0 r4: 0 r5: 65514 sp: 65510 pc: 5202              N: 0 Z: 0 V: 0 C: 0      
5202:   mov r1, -(sp)                 src: 4386      dst: 4374      r0: 5 r1: 4386 r2: 8 r3: 0 r4: 0 r5: 65514 sp: 65508 pc: 5204              N: 0 Z: 0 V: 0 C: 0      
5204:   movb (r1)+, r4                src: 114       dst: 0         r0: 5 r1: 4387 r2: 8 r3: 0 r4: 114 r5: 65514 sp: 65508 pc: 5206            N: 0 Z: 0 V: 0 C: 0      
5206:   beq 5214.                     src: 2562                     r0: 5 r1: 4387 r2: 8 r3: 0 r4: 114 r5: 65514 sp: 65508 pc: 5208            N: 0 Z: 0 V: 0 C: 0      
5208:   add r4, r3                    src: 114       dst: 0         r0: 5 r1: 4387 r2: 8 r3: 114 r4: 114 r5: 65514 sp: 65508 pc: 5210          N: 0 Z: 0 V: 0 C: 0      
5210:   swab r3                       src: 114                      r0: 5 r1: 4387 r2: 8 r3: 29184 r4: 114 r5: 65514 sp: 65508 pc: 5212        N: 0 Z: 1 V: 0 C: 0      
5212:   sob r2, 5204.                 src: 8         dst: 68        r0: 5 r1: 4387 r2: 7 r3: 29184 r4: 114 r5: 65514 sp: 65508 pc: 5204        N: 0 Z: 1 V: 0 C: 0      
5204:   movb (r1)+, r4                src: 116       dst: 114       r0: 5 r1: 4388 r2: 7 r3: 29184 r4: 116 r5: 65514 sp: 65508 pc: 5206        N: 0 Z: 0 V: 0 C: 0      
5206:   beq 5214.                     src: 2562                     r0: 5 r1: 4388 r2: 7 r3: 29184 r4: 116 r5: 65514 sp: 65508 pc: 5208        N: 0 Z: 0 V: 0 C: 0      
5208:   add r4, r3                    src: 116       dst: 29184     r0: 5 r1: 4388 r2: 7 r3: 29300 r4: 116 r5: 65514 sp: 65508 pc: 5210        N: 0 Z: 0 V: 0 C: 0      
5210:   swab r3                       src: 29300                    r0: 5 r1: 4388 r2: 7 r3: 29810 r4: 116 r5: 65514 sp: 65508 pc: 5212        N: 0 Z: 0 V: 0 C: 0      
5212:   sob r2, 5204.                 src: 7         dst: 68        r0: 5 r1: 4388 r2: 6 r3: 29810 r4: 116 r5: 65514 sp: 65508 pc: 5204        N: 0 Z: 0 V: 0 C: 0      
5204:   movb (r1)+, r4                src: 115       dst: 116       r0: 5 r1: 4389 r2: 6 r3: 29810 r4: 115 r5: 65514 sp: 65508 pc: 5206        N: 0 Z: 0 V: 0 C: 0      
5206:   beq 5214.                     src: 2562                     r0: 5 r1: 4389 r2: 6 r3: 29810 r4: 115 r5: 65514 sp: 65508 pc: 5208        N: 0 Z: 0 V: 0 C: 0      
5208:   add r4, r3                    src: 115       dst: 29810     r0: 5 r1: 4389 r2: 6 r3: 29925 r4: 115 r5: 65514 sp: 65508 pc: 5210        N: 0 Z: 0 V: 0 C: 0      
5210:   swab r3                       src: 29925                    r0: 5 r1: 4389 r2: 6 r3: 58740 r4: 115 r5: 65514 sp: 65508 pc: 5212        N: 0 Z: 0 V: 0 C: 0      
5212:   sob r2, 5204.                 src: 6         dst: 68        r0: 5 r1: 4389 r2: 5 r3: 58740 r4: 115 r5: 65514 sp: 65508 pc: 5204        N: 0 Z: 0 V: 0 C: 0      
5204:   movb (r1)+, r4                src: 0         dst: 115       r0: 5 r1: 4390 r2: 5 r3: 58740 r4: 0 r5: 65514 sp: 65508 pc: 5206          N: 0 Z: 1 V: 0 C: 0      
5206:   beq 5214.                     src: 2562                     r0: 5 r1: 4390 r2: 5 r3: 58740 r4: 0 r5: 65514 sp: 65508 pc: 5214          N: 0 Z: 1 V: 0 C: 0      
5214:   clr r2                        src: 5                        r0: 5 r1: 4390 r2: 0 r3: 58740 r4: 0 r5: 65514 sp: 65508 pc: 5216          N: 0 Z: 1 V: 0 C: 0      
5216:   div $hshsiz, r2               src: 1553      dst: 0         r0: 5 r1: 4390 r2: 37 r3: 1279 r4: 0 r5: 65514 sp: 65508 pc: 5220          N: 0 Z: 0 V: 0 C: 0      
5220:   ashc $1., r2                  src: 1         dst: 37        r0: 5 r1: 4390 r2: 74 r3: 2558 r4: 0 r5: 65514 sp: 65508 pc: 5224          N: 0 Z: 0 V: 0 C: 0      
5224:   add $hshtab, r3               src: 5722      dst: 2558      r0: 5 r1: 4390 r2: 74 r3: 8280 r4: 0 r5: 65514 sp: 65508 pc: 5228          N: 0 Z: 0 V: 0 C: 0      
5228:   sub r2, r3                    src: 74        dst: 8280      r0: 5 r1: 4390 r2: 74 r3: 8206 r4: 0 r5: 65514 sp: 65508 pc: 5230          N: 0 Z: 0 V: 0 C: 0      
5230:   cmp r3, $hshtab               src: 8206      dst: 5722      r0: 5 r1: 4390 r2: 74 r3: 8206 r4: 0 r5: 65514 sp: 65508 pc: 5234          N: 0 Z: 0 V: 0 C: 0      
5234:   bhi 5240.                     src: 3043                     r0: 5 r1: 4390 r2: 74 r3: 8206 r4: 0 r5: 65514 sp: 65508 pc: 5240          N: 0 Z: 0 V: 0 C: 0      
5240:   tst -(r3)                     src: 2                        r0: 5 r1: 4390 r2: 74 r3: 8204 r4: 0 r5: 65514 sp: 65508 pc: 5242          N: 0 Z: 0 V: 0 C: 0      
5242:   bne 5228.                     src: 57475                    r0: 5 r1: 4390 r2: 74 r3: 8204 r4: 0 r5: 65514 sp: 65508 pc: 5228          N: 0 Z: 0 V: 0 C: 0      
5228:   sub r2, r3                    src: 74        dst: 8204      r0: 5 r1: 4390 r2: 74 r3: 8130 r4: 0 r5: 65514 sp: 65508 pc: 5230          N: 0 Z: 0 V: 0 C: 0      
5230:   cmp r3, $hshtab               src: 8130      dst: 5722      r0: 5 r1: 4390 r2: 74 r3: 8130 r4: 0 r5: 65514 sp: 65508 pc: 5234          N: 0 Z: 0 V: 0 C: 0      
5234:   bhi 5240.                     src: 3043                     r0: 5 r1: 4390 r2: 74 r3: 8130 r4: 0 r5: 65514 sp: 65508 pc: 5240          N: 0 Z: 0 V: 0 C: 0      
5240:   tst -(r3)                     src: 0                        r0: 5 r1: 4390 r2: 74 r3: 8128 r4: 0 r5: 65514 sp: 65508 pc: 5242          N: 0 Z: 1 V: 0 C: 0      
5242:   bne 5228.                     src: 57475                    r0: 5 r1: 4390 r2: 74 r3: 8128 r4: 0 r5: 65514 sp: 65508 pc: 5244          N: 0 Z: 1 V: 0 C: 0      
5244:   mov (sp)+, r1                 src: 4386      dst: 4390      r0: 5 r1: 4386 r2: 74 r3: 8128 r4: 0 r5: 65514 sp: 65510 pc: 5246          N: 0 Z: 0 V: 0 C: 0      
5246:   mov r1, (r3)                  src: 4386      dst: 0         r0: 5 r1: 4386 r2: 74 r3: 8128 r4: 0 r5: 65514 sp: 65510 pc: 5248          N: 0 Z: 0 V: 0 C: 0      
5248:   add $12., r1                  src: 12        dst: 4386      r0: 5 r1: 4398 r2: 74 r3: 8128 r4: 0 r5: 65514 sp: 65510 pc: 5252          N: 0 Z: 0 V: 0 C: 0      
5252:   cmp r1, $ebsymtab             src: 4398      dst: 5118      r0: 5 r1: 4398 r2: 74 r3: 8128 r4: 0 r5: 65514 sp: 65510 pc: 5256          N: 1 Z: 0 V: 0 C: 1      
5256:   bcs 5196.                     src: 2563                     r0: 5 r1: 4398 r2: 74 r3: 8128 r4: 0 r5: 65514 sp: 65510 pc: 5196          N: 1 Z: 0 V: 0 C: 1      
5196:   clr r3                        src: 8128                     r0: 5 r1: 4398 r2: 74 r3: 0 r4: 0 r5: 65514 sp: 65510 pc: 5198             N: 0 Z: 1 V: 0 C: 0      
5198:   mov $8., r2                   src: 8         dst: 74        r0: 5 r1: 4398 r2: 8 r3: 0 r4: 0 r5: 65514 sp: 65510 pc: 5202              N: 0 Z: 0 V: 0 C: 0      
5202:   mov r1, -(sp)                 src: 4398      dst: 4386      r0: 5 r1: 4398 r2: 8 r3: 0 r4: 0 r5: 65514 sp: 65508 pc: 5204              N: 0 Z: 0 V: 0 C: 0      
5204:   movb (r1)+, r4                src: 115       dst: 0         r0: 5 r1: 4399 r2: 8 r3: 0 r4: 115 r5: 65514 sp: 65508 pc: 5206            N: 0 Z: 0 V: 0 C: 0      
5206:   beq 5214.                     src: 2562                     r0: 5 r1: 4399 r2: 8 r3: 0 r4: 115 r5: 65514 sp: 65508 pc: 5208            N: 0 Z: 0 V: 0 C: 0      
5208:   add r4, r3                    src: 115       dst: 0         r0: 5 r1: 4399 r2: 8 r3: 115 r4: 115 r5: 65514 sp: 65508 pc: 5210          N: 0 Z: 0 V: 0 C: 0      
5210:   swab r3                       src: 115                      r0: 5 r1: 4399 r2: 8 r3: 29440 r4: 115 r5: 65514 sp: 65508 pc: 5212        N: 0 Z: 1 V: 0 C: 0      
5212:   sob r2, 5204.                 src: 8         dst: 68        r0: 5 r1: 4399 r2: 7 r3: 29440 r4: 115 r5: 65514 sp: 65508 pc: 5204        N: 0 Z: 1 V: 0 C: 0      
5204:   movb (r1)+, r4                src: 121       dst: 115       r0: 5 r1: 4400 r2: 7 r3: 29440 r4: 121 r5: 65514 sp: 65508 pc: 5206        N: 0 Z: 0 V: 0 C: 0      
5206:   beq 5214.                     src: 2562                     r0: 5 r1: 4400 r2: 7 r3: 29440 r4: 121 r5: 65514 sp: 65508 pc: 5208        N: 0 Z: 0 V: 0 C: 0      
5208:   add r4, r3                    src: 121       dst: 29440     r0: 5 r1: 4400 r2: 7 r3: 29561 r4: 121 r5: 65514 sp: 65508 pc: 5210        N: 0 Z: 0 V: 0 C: 0      
5210:   swab r3                       src: 29561                    r0: 5 r1: 4400 r2: 7 r3: 31091 r4: 121 r5: 65514 sp: 65508 pc: 5212        N: 0 Z: 0 V: 0 C: 0      
5212:   sob r2, 5204.                 src: 7         dst: 68        r0: 5 r1: 4400 r2: 6 r3: 31091 r4: 121 r5: 65514 sp: 65508 pc: 5204        N: 0 Z: 0 V: 0 C: 0      
5204:   movb (r1)+, r4                src: 115       dst: 121       r0: 5 r1: 4401 r2: 6 r3: 31091 r4: 115 r5: 65514 sp: 65508 pc: 5206        N: 0 Z: 0 V: 0 C: 0      
5206:   beq 5214.                     src: 2562                     r0: 5 r1: 4401 r2: 6 r3: 31091 r4: 115 r5: 65514 sp: 65508 pc: 5208        N: 0 Z: 0 V: 0 C: 0      
5208:   add r4, r3                    src: 115       dst: 31091     r0: 5 r1: 4401 r2: 6 r3: 31206 r4: 115 r5: 65514 sp: 65508 pc: 5210        N: 0 Z: 0 V: 0 C: 0      
5210:   swab r3                       src: 31206                    r0: 5 r1: 4401 r2: 6 r3: 59001 r4: 115 r5: 65514 sp: 65508 pc: 5212        N: 0 Z: 0 V: 0 C: 0      
5212:   sob r2, 5204.                 src: 6         dst: 68        r0: 5 r1: 4401 r2: 5 r3: 59001 r4: 115 r5: 65514 sp: 65508 pc: 5204        N: 0 Z: 0 V: 0 C: 0      
5204:   movb (r1)+, r4                src: 0         dst: 115       r0: 5 r1: 4402 r2: 5 r3: 59001 r4: 0 r5: 65514 sp: 65508 pc: 5206          N: 0 Z: 1 V: 0 C: 0      
5206:   beq 5214.                     src: 2562                     r0: 5 r1: 4402 r2: 5 r3: 59001 r4: 0 r5: 65514 sp: 65508 pc: 5214          N: 0 Z: 1 V: 0 C: 0      
5214:   clr r2                        src: 5                        r0: 5 r1: 4402 r2: 0 r3: 59001 r4: 0 r5: 65514 sp: 65508 pc: 5216          N: 0 Z: 1 V: 0 C: 0      
5216:   div $hshsiz, r2               src: 1553      dst: 0         r0: 5 r1: 4402 r2: 37 r3: 1540 r4: 0 r5: 65514 sp: 65508 pc: 5220          N: 0 Z: 0 V: 0 C: 0      
5220:   ashc $1., r2                  src: 1         dst: 37        r0: 5 r1: 4402 r2: 74 r3: 3080 r4: 0 r5: 65514 sp: 65508 pc: 5224          N: 0 Z: 0 V: 0 C: 0      
5224:   add $hshtab, r3               src: 5722      dst: 3080      r0: 5 r1: 4402 r2: 74 r3: 8802 r4: 0 r5: 65514 sp: 65508 pc: 5228          N: 0 Z: 0 V: 0 C: 0      
5228:   sub r2, r3                    src: 74        dst: 8802      r0: 5 r1: 4402 r2: 74 r3: 8728 r4: 0 r5: 65514 sp: 65508 pc: 5230          N: 0 Z: 0 V: 0 C: 0      
5230:   cmp r3, $hshtab               src: 8728      dst: 5722      r0: 5 r1: 4402 r2: 74 r3: 8728 r4: 0 r5: 65514 sp: 65508 pc: 5234          N: 0 Z: 0 V: 0 C: 0      
5234:   bhi 5240.                     src: 3043                     r0: 5 r1: 4402 r2: 74 r3: 8728 r4: 0 r5: 65514 sp: 65508 pc: 5240          N: 0 Z: 0 V: 0 C: 0      
5240:   tst -(r3)                     src: 0                        r0: 5 r1: 4402 r2: 74 r3: 8726 r4: 0 r5: 65514 sp: 65508 pc: 5242          N: 0 Z: 1 V: 0 C: 0      
5242:   bne 5228.                     src: 57475                    r0: 5 r1: 4402 r2: 74 r3: 8726 r4: 0 r5: 65514 sp: 65508 pc: 5244          N: 0 Z: 1 V: 0 C: 0      
5244:   mov (sp)+, r1                 src: 4398      dst: 4402      r0: 5 r1: 4398 r2: 74 r3: 8726 r4: 0 r5: 65514 sp: 65510 pc: 5246          N: 0 Z: 0 V: 0 C: 0      
5246:   mov r1, (r3)                  src: 4398      dst: 0         r0: 5 r1: 4398 r2: 74 r3: 8726 r4: 0 r5: 65514 sp: 65510 pc: 5248          N: 0 Z: 0 V: 0 C: 0      
5248:   add $12., r1                  src: 12        dst: 4398      r0: 5 r1: 4410 r2: 74 r3: 8726 r4: 0 r5: 65514 sp: 65510 pc: 5252          N: 0 Z: 0 V: 0 C: 0      
5252:   cmp r1, $ebsymtab             src: 4410      dst: 5118      r0: 5 r1: 4410 r2: 74 r3: 8726 r4: 0 r5: 65514 sp: 65510 pc: 5256          N: 1 Z: 0 V: 0 C: 1      
5256:   bcs 5196.                     src: 2563                     r0: 5 r1: 4410 r2: 74 r3: 8726 r4: 0 r5: 65514 sp: 65510 pc: 5196          N: 1 Z: 0 V: 0 C: 1      
5196:   clr r3                        src: 8726                     r0: 5 r1: 4410 r2: 74 r3: 0 r4: 0 r5: 65514 sp: 65510 pc: 5198             N: 0 Z: 1 V: 0 C: 0      
5198:   mov $8., r2                   src: 8         dst: 74        r0: 5 r1: 4410 r2: 8 r3: 0 r4: 0 r5: 65514 sp: 65510 pc: 5202              N: 0 Z: 0 V: 0 C: 0      
5202:   mov r1, -(sp)                 src: 4410      dst: 4398      r0: 5 r1: 4410 r2: 8 r3: 0 r4: 0 r5: 65514 sp: 65508 pc: 5204              N: 0 Z: 0 V: 0 C: 0      
5204:   movb (r1)+, r4                src: 99        dst: 0         r0: 5 r1: 4411 r2: 8 r3: 0 r4: 99 r5: 65514 sp: 65508 pc: 5206             N: 0 Z: 0 V: 0 C: 0      
5206:   beq 5214.                     src: 2562                     r0: 5 r1: 4411 r2: 8 r3: 0 r4: 99 r5: 65514 sp: 65508 pc: 5208             N: 0 Z: 0 V: 0 C: 0      
5208:   add r4, r3                    src: 99        dst: 0         r0: 5 r1: 4411 r2: 8 r3: 99 r4: 99 r5: 65514 sp: 65508 pc: 5210            N: 0 Z: 0 V: 0 C: 0      
5210:   swab r3                       src: 99                       r0: 5 r1: 4411 r2: 8 r3: 25344 r4: 99 r5: 65514 sp: 65508 pc: 5212         N: 0 Z: 1 V: 0 C: 0      
5212:   sob r2, 5204.                 src: 8         dst: 68        r0: 5 r1: 4411 r2: 7 r3: 25344 r4: 99 r5: 65514 sp: 65508 pc: 5204         N: 0 Z: 1 V: 0 C: 0      
5204:   movb (r1)+, r4                src: 108       dst: 99        r0: 5 r1: 4412 r2: 7 r3: 25344 r4: 108 r5: 65514 sp: 65508 pc: 5206        N: 0 Z: 0 V: 0 C: 0      
5206:   beq 5214.                     src: 2562                     r0: 5 r1: 4412 r2: 7 r3: 25344 r4: 108 r5: 65514 sp: 65508 pc: 5208        N: 0 Z: 0 V: 0 C: 0      
5208:   add r4, r3                    src: 108       dst: 25344     r0: 5 r1: 4412 r2: 7 r3: 25452 r4: 108 r5: 65514 sp: 65508 pc: 5210        N: 0 Z: 0 V: 0 C: 0      
5210:   swab r3                       src: 25452                    r0: 5 r1: 4412 r2: 7 r3: 27747 r4: 108 r5: 65514 sp: 65508 pc: 5212        N: 0 Z: 0 V: 0 C: 0      
5212:   sob r2, 5204.                 src: 7         dst: 68        r0: 5 r1: 4412 r2: 6 r3: 27747 r4: 108 r5: 65514 sp: 65508 pc: 5204        N: 0 Z: 0 V: 0 C: 0      
5204:   movb (r1)+, r4                src: 99        dst: 108       r0: 5 r1: 4413 r2: 6 r3: 27747 r4: 99 r5: 65514 sp: 65508 pc: 5206         N: 0 Z: 0 V: 0 C: 0      
5206:   beq 5214.                     src: 2562                     r0: 5 r1: 4413 r2: 6 r3: 27747 r4: 99 r5: 65514 sp: 65508 pc: 5208         N: 0 Z: 0 V: 0 C: 0      
5208:   add r4, r3                    src: 99        dst: 27747     r0: 5 r1: 4413 r2: 6 r3: 27846 r4: 99 r5: 65514 sp: 65508 pc: 5210         N: 0 Z: 0 V: 0 C: 0      
5210:   swab r3                       src: 27846                    r0: 5 r1: 4413 r2: 6 r3: 50796 r4: 99 r5: 65514 sp: 65508 pc: 5212         N: 0 Z: 0 V: 0 C: 0      
5212:   sob r2, 5204.                 src: 6         dst: 68        r0: 5 r1: 4413 r2: 5 r3: 50796 r4: 99 r5: 65514 sp: 65508 pc: 5204         N: 0 Z: 0 V: 0 C: 0      
5204:   movb (r1)+, r4                src: 0         dst: 99        r0: 5 r1: 4414 r2: 5 r3: 50796 r4: 0 r5: 65514 sp: 65508 pc: 5206          N: 0 Z: 1 V: 0 C: 0      
5206:   beq 5214.                     src: 2562                     r0: 5 r1: 4414 r2: 5 r3: 50796 r4: 0 r5: 65514 sp: 65508 pc: 5214          N: 0 Z: 1 V: 0 C: 0      
5214:   clr r2                        src: 5                        r0: 5 r1: 4414 r2: 0 r3: 50796 r4: 0 r5: 65514 sp: 65508 pc: 5216          N: 0 Z: 1 V: 0 C: 0      
5216:   div $hshsiz, r2               src: 1553      dst: 0         r0: 5 r1: 4414 r2: 32 r3: 1100 r4: 0 r5: 65514 sp: 65508 pc: 5220          N: 0 Z: 0 V: 0 C: 0      
5220:   ashc $1., r2                  src: 1         dst: 32        r0: 5 r1: 4414 r2: 64 r3: 2200 r4: 0 r5: 65514 sp: 65508 pc: 5224          N: 0 Z: 0 V: 0 C: 0      
5224:   add $hshtab, r3               src: 5722      dst: 2200      r0: 5 r1: 4414 r2: 64 r3: 7922 r4: 0 r5: 65514 sp: 65508 pc: 5228          N: 0 Z: 0 V: 0 C: 0      
5228:   sub r2, r3                    src: 64        dst: 7922      r0: 5 r1: 4414 r2: 64 r3: 7858 r4: 0 r5: 65514 sp: 65508 pc: 5230          N: 0 Z: 0 V: 0 C: 0      
5230:   cmp r3, $hshtab               src: 7858      dst: 5722      r0: 5 r1: 4414 r2: 64 r3: 7858 r4: 0 r5: 65514 sp: 65508 pc: 5234          N: 0 Z: 0 V: 0 C: 0      
5234:   bhi 5240.                     src: 3043                     r0: 5 r1: 4414 r2: 64 r3: 7858 r4: 0 r5: 65514 sp: 65508 pc: 5240          N: 0 Z: 0 V: 0 C: 0      
5240:   tst -(r3)                     src: 3270                     r0: 5 r1: 4414 r2: 64 r3: 7856 r4: 0 r5: 65514 sp: 65508 pc: 5242          N: 0 Z: 0 V: 0 C: 0      
5242:   bne 5228.                     src: 57475                    r0: 5 r1: 4414 r2: 64 r3: 7856 r4: 0 r5: 65514 sp: 65508 pc: 5228          N: 0 Z: 0 V: 0 C: 0      
5228:   sub r2, r3                    src: 64        dst: 7856      r0: 5 r1: 4414 r2: 64 r3: 7792 r4: 0 r5: 65514 sp: 65508 pc: 5230          N: 0 Z: 0 V: 0 C: 0      
5230:   cmp r3, $hshtab               src: 7792      dst: 5722      r0: 5 r1: 4414 r2: 64 r3: 7792 r4: 0 r5: 65514 sp: 65508 pc: 5234          N: 0 Z: 0 V: 0 C: 0      
5234:   bhi 5240.                     src: 3043                     r0: 5 r1: 4414 r2: 64 r3: 7792 r4: 0 r5: 65514 sp: 65508 pc: 5240          N: 0 Z: 0 V: 0 C: 0      
5240:   tst -(r3)                     src: 1                        r0: 5 r1: 4414 r2: 64 r3: 7790 r4: 0 r5: 65514 sp: 65508 pc: 5242          N: 0 Z: 0 V: 0 C: 0      
5242:   bne 5228.                     src: 57475                    r0: 5 r1: 4414 r2: 64 r3: 7790 r4: 0 r5: 65514 sp: 65508 pc: 5228          N: 0 Z: 0 V: 0 C: 0      
5228:   sub r2, r3                    src: 64        dst: 7790      r0: 5 r1: 4414 r2: 64 r3: 7726 r4: 0 r5: 65514 sp: 65508 pc: 5230          N: 0 Z: 0 V: 0 C: 0      
5230:   cmp r3, $hshtab               src: 7726      dst: 5722      r0: 5 r1: 4414 r2: 64 r3: 7726 r4: 0 r5: 65514 sp: 65508 pc: 5234          N: 0 Z: 0 V: 0 C: 0      
5234:   bhi 5240.                     src: 3043                     r0: 5 r1: 4414 r2: 64 r3: 7726 r4: 0 r5: 65514 sp: 65508 pc: 5240          N: 0 Z: 0 V: 0 C: 0      
5240:   tst -(r3)                     src: 0                        r0: 5 r1: 4414 r2: 64 r3: 7724 r4: 0 r5: 65514 sp: 65508 pc: 5242          N: 0 Z: 1 V: 0 C: 0      
5242:   bne 5228.                     src: 57475                    r0: 5 r1: 4414 r2: 64 r3: 7724 r4: 0 r5: 65514 sp: 65508 pc: 5244          N: 0 Z: 1 V: 0 C: 0      
5244:   mov (sp)+, r1                 src: 4410      dst: 4414      r0: 5 r1: 4410 r2: 64 r3: 7724 r4: 0 r5: 65514 sp: 65510 pc: 5246          N: 0 Z: 0 V: 0 C: 0      
5246:   mov r1, (r3)                  src: 4410      dst: 0         r0: 5 r1: 4410 r2: 64 r3: 7724 r4: 0 r5: 65514 sp: 65510 pc: 5248          N: 0 Z: 0 V: 0 C: 0      
5248:   add $12., r1                  src: 12        dst: 4410      r0: 5 r1: 4422 r2: 64 r3: 7724 r4: 0 r5: 65514 sp: 65510 pc: 5252          N: 0 Z: 0 V: 0 C: 0      
5252:   cmp r1, $ebsymtab             src: 4422      dst: 5118      r0: 5 r1: 4422 r2: 64 r3: 7724 r4: 0 r5: 65514 sp: 65510 pc: 5256          N: 1 Z: 0 V: 0 C: 1      
5256:   bcs 5196.                     src: 2563                     r0: 5 r1: 4422 r2: 64 r3: 7724 r4: 0 r5: 65514 sp: 65510 pc: 5196          N: 1 Z: 0 V: 0 C: 1      
5196:   clr r3                        src: 7724                     r0: 5 r1: 4422 r2: 64 r3: 0 r4: 0 r5: 65514 sp: 65510 pc: 5198             N: 0 Z: 1 V: 0 C: 0      
5198:   mov $8., r2                   src: 8         dst: 64        r0: 5 r1: 4422 r2: 8 r3: 0 r4: 0 r5: 65514 sp: 65510 pc: 5202              N: 0 Z: 0 V: 0 C: 0      
5202:   mov r1, -(sp)                 src: 4422      dst: 4410      r0: 5 r1: 4422 r2: 8 r3: 0 r4: 0 r5: 65514 sp: 65508 pc: 5204              N: 0 Z: 0 V: 0 C: 0      
5204:   movb (r1)+, r4                src: 99        dst: 0         r0: 5 r1: 4423 r2: 8 r3: 0 r4: 99 r5: 65514 sp: 65508 pc: 5206             N: 0 Z: 0 V: 0 C: 0      
5206:   beq 5214.                     src: 2562                     r0: 5 r1: 4423 r2: 8 r3: 0 r4: 99 r5: 65514 sp: 65508 pc: 5208             N: 0 Z: 0 V: 0 C: 0      
5208:   add r4, r3                    src: 99        dst: 0         r0: 5 r1: 4423 r2: 8 r3: 99 r4: 99 r5: 65514 sp: 65508 pc: 5210            N: 0 Z: 0 V: 0 C: 0      
5210:   swab r3                       src: 99                       r0: 5 r1: 4423 r2: 8 r3: 25344 r4: 99 r5: 65514 sp: 65508 pc: 5212         N: 0 Z: 1 V: 0 C: 0      
5212:   sob r2, 5204.                 src: 8         dst: 68        r0: 5 r1: 4423 r2: 7 r3: 25344 r4: 99 r5: 65514 sp: 65508 pc: 5204         N: 0 Z: 1 V: 0 C: 0      
5204:   movb (r1)+, r4                src: 108       dst: 99        r0: 5 r1: 4424 r2: 7 r3: 25344 r4: 108 r5: 65514 sp: 65508 pc: 5206        N: 0 Z: 0 V: 0 C: 0      
5206:   beq 5214.                     src: 2562                     r0: 5 r1: 4424 r2: 7 r3: 25344 r4: 108 r5: 65514 sp: 65508 pc: 5208        N: 0 Z: 0 V: 0 C: 0      
5208:   add r4, r3                    src: 108       dst: 25344     r0: 5 r1: 4424 r2: 7 r3: 25452 r4: 108 r5: 65514 sp: 65508 pc: 5210        N: 0 Z: 0 V: 0 C: 0      
5210:   swab r3                       src: 25452                    r0: 5 r1: 4424 r2: 7 r3: 27747 r4: 108 r5: 65514 sp: 65508 pc: 5212        N: 0 Z: 0 V: 0 C: 0      
5212:   sob r2, 5204.                 src: 7         dst: 68        r0: 5 r1: 4424 r2: 6 r3: 27747 r4: 108 r5: 65514 sp: 65508 pc: 5204        N: 0 Z: 0 V: 0 C: 0      
5204:   movb (r1)+, r4                src: 118       dst: 108       r0: 5 r1: 4425 r2: 6 r3: 27747 r4: 118 r5: 65514 sp: 65508 pc: 5206        N: 0 Z: 0 V: 0 C: 0      
5206:   beq 5214.                     src: 2562                     r0: 5 r1: 4425 r2: 6 r3: 27747 r4: 118 r5: 65514 sp: 65508 pc: 5208        N: 0 Z: 0 V: 0 C: 0      
5208:   add r4, r3                    src: 118       dst: 27747     r0: 5 r1: 4425 r2: 6 r3: 27865 r4: 118 r5: 65514 sp: 65508 pc: 5210        N: 0 Z: 0 V: 0 C: 0      
5210:   swab r3                       src: 27865                    r0: 5 r1: 4425 r2: 6 r3: 55660 r4: 118 r5: 65514 sp: 65508 pc: 5212        N: 0 Z: 0 V: 0 C: 0      
5212:   sob r2, 5204.                 src: 6         dst: 68        r0: 5 r1: 4425 r2: 5 r3: 55660 r4: 118 r5: 65514 sp: 65508 pc: 5204        N: 0 Z: 0 V: 0 C: 0      
5204:   movb (r1)+, r4                src: 0         dst: 118       r0: 5 r1: 4426 r2: 5 r3: 55660 r4: 0 r5: 65514 sp: 65508 pc: 5206          N: 0 Z: 1 V: 0 C: 0      
5206:   beq 5214.                     src: 2562                     r0: 5 r1: 4426 r2: 5 r3: 55660 r4: 0 r5: 65514 sp: 65508 pc: 5214          N: 0 Z: 1 V: 0 C: 0      
5214:   clr r2                        src: 5                        r0: 5 r1: 4426 r2: 0 r3: 55660 r4: 0 r5: 65514 sp: 65508 pc: 5216          N: 0 Z: 1 V: 0 C: 0      
5216:   div $hshsiz, r2               src: 1553      dst: 0         r0: 5 r1: 4426 r2: 35 r3: 1305 r4: 0 r5: 65514 sp: 65508 pc: 5220          N: 0 Z: 0 V: 0 C: 0      
5220:   ashc $1., r2                  src: 1         dst: 35        r0: 5 r1: 4426 r2: 70 r3: 2610 r4: 0 r5: 65514 sp: 65508 pc: 5224          N: 0 Z: 0 V: 0 C: 0      
5224:   add $hshtab, r3               src: 5722      dst: 2610      r0: 5 r1: 4426 r2: 70 r3: 8332 r4: 0 r5: 65514 sp: 65508 pc: 5228          N: 0 Z: 0 V: 0 C: 0      
5228:   sub r2, r3                    src: 70        dst: 8332      r0: 5 r1: 4426 r2: 70 r3: 8262 r4: 0 r5: 65514 sp: 65508 pc: 5230          N: 0 Z: 0 V: 0 C: 0      
5230:   cmp r3, $hshtab               src: 8262      dst: 5722      r0: 5 r1: 4426 r2: 70 r3: 8262 r4: 0 r5: 65514 sp: 65508 pc: 5234          N: 0 Z: 0 V: 0 C: 0      
5234:   bhi 5240.                     src: 3043                     r0: 5 r1: 4426 r2: 70 r3: 8262 r4: 0 r5: 65514 sp: 65508 pc: 5240          N: 0 Z: 0 V: 0 C: 0      
5240:   tst -(r3)                     src: 4026                     r0: 5 r1: 4426 r2: 70 r3: 8260 r4: 0 r5: 65514 sp: 65508 pc: 5242          N: 0 Z: 0 V: 0 C: 0      
5242:   bne 5228.                     src: 57475                    r0: 5 r1: 4426 r2: 70 r3: 8260 r4: 0 r5: 65514 sp: 65508 pc: 5228          N: 0 Z: 0 V: 0 C: 0      
5228:   sub r2, r3                    src: 70        dst: 8260      r0: 5 r1: 4426 r2: 70 r3: 8190 r4: 0 r5: 65514 sp: 65508 pc: 5230          N: 0 Z: 0 V: 0 C: 0      
5230:   cmp r3, $hshtab               src: 8190      dst: 5722      r0: 5 r1: 4426 r2: 70 r3: 8190 r4: 0 r5: 65514 sp: 65508 pc: 5234          N: 0 Z: 0 V: 0 C: 0      
5234:   bhi 5240.                     src: 3043                     r0: 5 r1: 4426 r2: 70 r3: 8190 r4: 0 r5: 65514 sp: 65508 pc: 5240          N: 0 Z: 0 V: 0 C: 0      
5240:   tst -(r3)                     src: 0                        r0: 5 r1: 4426 r2: 70 r3: 8188 r4: 0 r5: 65514 sp: 65508 pc: 5242          N: 0 Z: 1 V: 0 C: 0      
5242:   bne 5228.                     src: 57475                    r0: 5 r1: 4426 r2: 70 r3: 8188 r4: 0 r5: 65514 sp: 65508 pc: 5244          N: 0 Z: 1 V: 0 C: 0      
5244:   mov (sp)+, r1                 src: 4422      dst: 4426      r0: 5 r1: 4422 r2: 70 r3: 8188 r4: 0 r5: 65514 sp: 65510 pc: 5246          N: 0 Z: 0 V: 0 C: 0      
5246:   mov r1, (r3)                  src: 4422      dst: 0         r0: 5 r1: 4422 r2: 70 r3: 8188 r4: 0 r5: 65514 sp: 65510 pc: 5248          N: 0 Z: 0 V: 0 C: 0      
5248:   add $12., r1                  src: 12        dst: 4422      r0: 5 r1: 4434 r2: 70 r3: 8188 r4: 0 r5: 65514 sp: 65510 pc: 5252          N: 0 Z: 0 V: 0 C: 0      
5252:   cmp r1, $ebsymtab             src: 4434      dst: 5118      r0: 5 r1: 4434 r2: 70 r3: 8188 r4: 0 r5: 65514 sp: 65510 pc: 5256          N: 1 Z: 0 V: 0 C: 1      
5256:   bcs 5196.                     src: 2563                     r0: 5 r1: 4434 r2: 70 r3: 8188 r4: 0 r5: 65514 sp: 65510 pc: 5196          N: 1 Z: 0 V: 0 C: 1      
5196:   clr r3                        src: 8188                     r0: 5 r1: 4434 r2: 70 r3: 0 r4: 0 r5: 65514 sp: 65510 pc: 5198             N: 0 Z: 1 V: 0 C: 0      
5198:   mov $8., r2                   src: 8         dst: 70        r0: 5 r1: 4434 r2: 8 r3: 0 r4: 0 r5: 65514 sp: 65510 pc: 5202              N: 0 Z: 0 V: 0 C: 0      
5202:   mov r1, -(sp)                 src: 4434      dst: 4422      r0: 5 r1: 4434 r2: 8 r3: 0 r4: 0 r5: 65514 sp: 65508 pc: 5204              N: 0 Z: 0 V: 0 C: 0      
5204:   movb (r1)+, r4                src: 99        dst: 0         r0: 5 r1: 4435 r2: 8 r3: 0 r4: 99 r5: 65514 sp: 65508 pc: 5206             N: 0 Z: 0 V: 0 C: 0      
5206:   beq 5214.                     src: 2562                     r0: 5 r1: 4435 r2: 8 r3: 0 r4: 99 r5: 65514 sp: 65508 pc: 5208             N: 0 Z: 0 V: 0 C: 0      
5208:   add r4, r3                    src: 99        dst: 0         r0: 5 r1: 4435 r2: 8 r3: 99 r4: 99 r5: 65514 sp: 65508 pc: 5210            N: 0 Z: 0 V: 0 C: 0      
5210:   swab r3                       src: 99                       r0: 5 r1: 4435 r2: 8 r3: 25344 r4: 99 r5: 65514 sp: 65508 pc: 5212         N: 0 Z: 1 V: 0 C: 0      
5212:   sob r2, 5204.                 src: 8         dst: 68        r0: 5 r1: 4435 r2: 7 r3: 25344 r4: 99 r5: 65514 sp: 65508 pc: 5204         N: 0 Z: 1 V: 0 C: 0      
5204:   movb (r1)+, r4                src: 108       dst: 99        r0: 5 r1: 4436 r2: 7 r3: 25344 r4: 108 r5: 65514 sp: 65508 pc: 5206        N: 0 Z: 0 V: 0 C: 0      
5206:   beq 5214.                     src: 2562                     r0: 5 r1: 4436 r2: 7 r3: 25344 r4: 108 r5: 65514 sp: 65508 pc: 5208        N: 0 Z: 0 V: 0 C: 0      
5208:   add r4, r3                    src: 108       dst: 25344     r0: 5 r1: 4436 r2: 7 r3: 25452 r4: 108 r5: 65514 sp: 65508 pc: 5210        N: 0 Z: 0 V: 0 C: 0      
5210:   swab r3                       src: 25452                    r0: 5 r1: 4436 r2: 7 r3: 27747 r4: 108 r5: 65514 sp: 65508 pc: 5212        N: 0 Z: 0 V: 0 C: 0      
5212:   sob r2, 5204.                 src: 7         dst: 68        r0: 5 r1: 4436 r2: 6 r3: 27747 r4: 108 r5: 65514 sp: 65508 pc: 5204        N: 0 Z: 0 V: 0 C: 0      
5204:   movb (r1)+, r4                src: 122       dst: 108       r0: 5 r1: 4437 r2: 6 r3: 27747 r4: 122 r5: 65514 sp: 65508 pc: 5206        N: 0 Z: 0 V: 0 C: 0      
5206:   beq 5214.                     src: 2562                     r0: 5 r1: 4437 r2: 6 r3: 27747 r4: 122 r5: 65514 sp: 65508 pc: 5208        N: 0 Z: 0 V: 0 C: 0      
5208:   add r4, r3                    src: 122       dst: 27747     r0: 5 r1: 4437 r2: 6 r3: 27869 r4: 122 r5: 65514 sp: 65508 pc: 5210        N: 0 Z: 0 V: 0 C: 0      
5210:   swab r3                       src: 27869                    r0: 5 r1: 4437 r2: 6 r3: 56684 r4: 122 r5: 65514 sp: 65508 pc: 5212        N: 0 Z: 0 V: 0 C: 0      
5212:   sob r2, 5204.                 src: 6         dst: 68        r0: 5 r1: 4437 r2: 5 r3: 56684 r4: 122 r5: 65514 sp: 65508 pc: 5204        N: 0 Z: 0 V: 0 C: 0      
5204:   movb (r1)+, r4                src: 0         dst: 122       r0: 5 r1: 4438 r2: 5 r3: 56684 r4: 0 r5: 65514 sp: 65508 pc: 5206          N: 0 Z: 1 V: 0 C: 0      
5206:   beq 5214.                     src: 2562                     r0: 5 r1: 4438 r2: 5 r3: 56684 r4: 0 r5: 65514 sp: 65508 pc: 5214          N: 0 Z: 1 V: 0 C: 0      
5214:   clr r2                        src: 5                        r0: 5 r1: 4438 r2: 0 r3: 56684 r4: 0 r5: 65514 sp: 65508 pc: 5216          N: 0 Z: 1 V: 0 C: 0      
5216:   div $hshsiz, r2               src: 1553      dst: 0         r0: 5 r1: 4438 r2: 36 r3: 776 r4: 0 r5: 65514 sp: 65508 pc: 5220           N: 0 Z: 0 V: 0 C: 0      
5220:   ashc $1., r2                  src: 1         dst: 36        r0: 5 r1: 4438 r2: 72 r3: 1552 r4: 0 r5: 65514 sp: 65508 pc: 5224          N: 0 Z: 0 V: 0 C: 0      
5224:   add $hshtab, r3               src: 5722      dst: 1552      r0: 5 r1: 4438 r2: 72 r3: 7274 r4: 0 r5: 65514 sp: 65508 pc: 5228          N: 0 Z: 0 V: 0 C: 0      
5228:   sub r2, r3                    src: 72        dst: 7274      r0: 5 r1: 4438 r2: 72 r3: 7202 r4: 0 r5: 65514 sp: 65508 pc: 5230          N: 0 Z: 0 V: 0 C: 0      
5230:   cmp r3, $hshtab               src: 7202      dst: 5722      r0: 5 r1: 4438 r2: 72 r3: 7202 r4: 0 r5: 65514 sp: 65508 pc: 5234          N: 0 Z: 0 V: 0 C: 0      
5234:   bhi 5240.                     src: 3043                     r0: 5 r1: 4438 r2: 72 r3: 7202 r4: 0 r5: 65514 sp: 65508 pc: 5240          N: 0 Z: 0 V: 0 C: 0      
5240:   tst -(r3)                     src: 1                        r0: 5 r1: 4438 r2: 72 r3: 7200 r4: 0 r5: 65514 sp: 65508 pc: 5242          N: 0 Z: 0 V: 0 C: 0      
5242:   bne 5228.                     src: 57475                    r0: 5 r1: 4438 r2: 72 r3: 7200 r4: 0 r5: 65514 sp: 65508 pc: 5228          N: 0 Z: 0 V: 0 C: 0      
5228:   sub r2, r3                    src: 72        dst: 7200      r0: 5 r1: 4438 r2: 72 r3: 7128 r4: 0 r5: 65514 sp: 65508 pc: 5230          N: 0 Z: 0 V: 0 C: 0      
5230:   cmp r3, $hshtab               src: 7128      dst: 5722      r0: 5 r1: 4438 r2: 72 r3: 7128 r4: 0 r5: 65514 sp: 65508 pc: 5234          N: 0 Z: 0 V: 0 C: 0      
5234:   bhi 5240.                     src: 3043                     r0: 5 r1: 4438 r2: 72 r3: 7128 r4: 0 r5: 65514 sp: 65508 pc: 5240          N: 0 Z: 0 V: 0 C: 0      
5240:   tst -(r3)                     src: 0                        r0: 5 r1: 4438 r2: 72 r3: 7126 r4: 0 r5: 65514 sp: 65508 pc: 5242          N: 0 Z: 1 V: 0 C: 0      
5242:   bne 5228.                     src: 57475                    r0: 5 r1: 4438 r2: 72 r3: 7126 r4: 0 r5: 65514 sp: 65508 pc: 5244          N: 0 Z: 1 V: 0 C: 0      
5244:   mov (sp)+, r1                 src: 4434      dst: 4438      r0: 5 r1: 4434 r2: 72 r3: 7126 r4: 0 r5: 65514 sp: 65510 pc: 5246          N: 0 Z: 0 V: 0 C: 0      
5246:   mov r1, (r3)                  src: 4434      dst: 0         r0: 5 r1: 4434 r2: 72 r3: 7126 r4: 0 r5: 65514 sp: 65510 pc: 5248          N: 0 Z: 0 V: 0 C: 0      
5248:   add $12., r1                  src: 12        dst: 4434      r0: 5 r1: 4446 r2: 72 r3: 7126 r4: 0 r5: 65514 sp: 65510 pc: 5252          N: 0 Z: 0 V: 0 C: 0      
5252:   cmp r1, $ebsymtab             src: 4446      dst: 5118      r0: 5 r1: 4446 r2: 72 r3: 7126 r4: 0 r5: 65514 sp: 65510 pc: 5256          N: 1 Z: 0 V: 0 C: 1      
5256:   bcs 5196.                     src: 2563                     r0: 5 r1: 4446 r2: 72 r3: 7126 r4: 0 r5: 65514 sp: 65510 pc: 5196          N: 1 Z: 0 V: 0 C: 1      
5196:   clr r3                        src: 7126                     r0: 5 r1: 4446 r2: 72 r3: 0 r4: 0 r5: 65514 sp: 65510 pc: 5198             N: 0 Z: 1 V: 0 C: 0      
5198:   mov $8., r2                   src: 8         dst: 72        r0: 5 r1: 4446 r2: 8 r3: 0 r4: 0 r5: 65514 sp: 65510 pc: 5202              N: 0 Z: 0 V: 0 C: 0      
5202:   mov r1, -(sp)                 src: 4446      dst: 4434      r0: 5 r1: 4446 r2: 8 r3: 0 r4: 0 r5: 65514 sp: 65508 pc: 5204              N: 0 Z: 0 V: 0 C: 0      
5204:   movb (r1)+, r4                src: 99        dst: 0         r0: 5 r1: 4447 r2: 8 r3: 0 r4: 99 r5: 65514 sp: 65508 pc: 5206             N: 0 Z: 0 V: 0 C: 0      
5206:   beq 5214.                     src: 2562                     r0: 5 r1: 4447 r2: 8 r3: 0 r4: 99 r5: 65514 sp: 65508 pc: 5208             N: 0 Z: 0 V: 0 C: 0      
5208:   add r4, r3                    src: 99        dst: 0         r0: 5 r1: 4447 r2: 8 r3: 99 r4: 99 r5: 65514 sp: 65508 pc: 5210            N: 0 Z: 0 V: 0 C: 0      
5210:   swab r3                       src: 99                       r0: 5 r1: 4447 r2: 8 r3: 25344 r4: 99 r5: 65514 sp: 65508 pc: 5212         N: 0 Z: 1 V: 0 C: 0      
5212:   sob r2, 5204.                 src: 8         dst: 68        r0: 5 r1: 4447 r2: 7 r3: 25344 r4: 99 r5: 65514 sp: 65508 pc: 5204         N: 0 Z: 1 V: 0 C: 0      
5204:   movb (r1)+, r4                src: 108       dst: 99        r0: 5 r1: 4448 r2: 7 r3: 25344 r4: 108 r5: 65514 sp: 65508 pc: 5206        N: 0 Z: 0 V: 0 C: 0      
5206:   beq 5214.                     src: 2562                     r0: 5 r1: 4448 r2: 7 r3: 25344 r4: 108 r5: 65514 sp: 65508 pc: 5208        N: 0 Z: 0 V: 0 C: 0      
5208:   add r4, r3                    src: 108       dst: 25344     r0: 5 r1: 4448 r2: 7 r3: 25452 r4: 108 r5: 65514 sp: 65508 pc: 5210        N: 0 Z: 0 V: 0 C: 0      
5210:   swab r3                       src: 25452                    r0: 5 r1: 4448 r2: 7 r3: 27747 r4: 108 r5: 65514 sp: 65508 pc: 5212        N: 0 Z: 0 V: 0 C: 0      
5212:   sob r2, 5204.                 src: 7         dst: 68        r0: 5 r1: 4448 r2: 6 r3: 27747 r4: 108 r5: 65514 sp: 65508 pc: 5204        N: 0 Z: 0 V: 0 C: 0      
5204:   movb (r1)+, r4                src: 110       dst: 108       r0: 5 r1: 4449 r2: 6 r3: 27747 r4: 110 r5: 65514 sp: 65508 pc: 5206        N: 0 Z: 0 V: 0 C: 0      
5206:   beq 5214.                     src: 2562                     r0: 5 r1: 4449 r2: 6 r3: 27747 r4: 110 r5: 65514 sp: 65508 pc: 5208        N: 0 Z: 0 V: 0 C: 0      
5208:   add r4, r3                    src: 110       dst: 27747     r0: 5 r1: 4449 r2: 6 r3: 27857 r4: 110 r5: 65514 sp: 65508 pc: 5210        N: 0 Z: 0 V: 0 C: 0      
5210:   swab r3                       src: 27857                    r0: 5 r1: 4449 r2: 6 r3: 53612 r4: 110 r5: 65514 sp: 65508 pc: 5212        N: 0 Z: 0 V: 0 C: 0      
5212:   sob r2, 5204.                 src: 6         dst: 68        r0: 5 r1: 4449 r2: 5 r3: 53612 r4: 110 r5: 65514 sp: 65508 pc: 5204        N: 0 Z: 0 V: 0 C: 0      
5204:   movb (r1)+, r4                src: 0         dst: 110       r0: 5 r1: 4450 r2: 5 r3: 53612 r4: 0 r5: 65514 sp: 65508 pc: 5206          N: 0 Z: 1 V: 0 C: 0      
5206:   beq 5214.                     src: 2562                     r0: 5 r1: 4450 r2: 5 r3: 53612 r4: 0 r5: 65514 sp: 65508 pc: 5214          N: 0 Z: 1 V: 0 C: 0      
5214:   clr r2                        src: 5                        r0: 5 r1: 4450 r2: 0 r3: 53612 r4: 0 r5: 65514 sp: 65508 pc: 5216          N: 0 Z: 1 V: 0 C: 0      
5216:   div $hshsiz, r2               src: 1553      dst: 0         r0: 5 r1: 4450 r2: 34 r3: 810 r4: 0 r5: 65514 sp: 65508 pc: 5220           N: 0 Z: 0 V: 0 C: 0      
5220:   ashc $1., r2                  src: 1         dst: 34        r0: 5 r1: 4450 r2: 68 r3: 1620 r4: 0 r5: 65514 sp: 65508 pc: 5224          N: 0 Z: 0 V: 0 C: 0      
5224:   add $hshtab, r3               src: 5722      dst: 1620      r0: 5 r1: 4450 r2: 68 r3: 7342 r4: 0 r5: 65514 sp: 65508 pc: 5228          N: 0 Z: 0 V: 0 C: 0      
5228:   sub r2, r3                    src: 68        dst: 7342      r0: 5 r1: 4450 r2: 68 r3: 7274 r4: 0 r5: 65514 sp: 65508 pc: 5230          N: 0 Z: 0 V: 0 C: 0      
5230:   cmp r3, $hshtab               src: 7274      dst: 5722      r0: 5 r1: 4450 r2: 68 r3: 7274 r4: 0 r5: 65514 sp: 65508 pc: 5234          N: 0 Z: 0 V: 0 C: 0      
5234:   bhi 5240.                     src: 3043                     r0: 5 r1: 4450 r2: 68 r3: 7274 r4: 0 r5: 65514 sp: 65508 pc: 5240          N: 0 Z: 0 V: 0 C: 0      
5240:   tst -(r3)                     src: 3534                     r0: 5 r1: 4450 r2: 68 r3: 7272 r4: 0 r5: 65514 sp: 65508 pc: 5242          N: 0 Z: 0 V: 0 C: 0      
5242:   bne 5228.                     src: 57475                    r0: 5 r1: 4450 r2: 68 r3: 7272 r4: 0 r5: 65514 sp: 65508 pc: 5228          N: 0 Z: 0 V: 0 C: 0      
5228:   sub r2, r3                    src: 68        dst: 7272      r0: 5 r1: 4450 r2: 68 r3: 7204 r4: 0 r5: 65514 sp: 65508 pc: 5230          N: 0 Z: 0 V: 0 C: 0      
5230:   cmp r3, $hshtab               src: 7204      dst: 5722      r0: 5 r1: 4450 r2: 68 r3: 7204 r4: 0 r5: 65514 sp: 65508 pc: 5234          N: 0 Z: 0 V: 0 C: 0      
5234:   bhi 5240.                     src: 3043                     r0: 5 r1: 4450 r2: 68 r3: 7204 r4: 0 r5: 65514 sp: 65508 pc: 5240          N: 0 Z: 0 V: 0 C: 0      
5240:   tst -(r3)                     src: 3798                     r0: 5 r1: 4450 r2: 68 r3: 7202 r4: 0 r5: 65514 sp: 65508 pc: 5242          N: 0 Z: 0 V: 0 C: 0      
5242:   bne 5228.                     src: 57475                    r0: 5 r1: 4450 r2: 68 r3: 7202 r4: 0 r5: 65514 sp: 65508 pc: 5228          N: 0 Z: 0 V: 0 C: 0      
5228:   sub r2, r3                    src: 68        dst: 7202      r0: 5 r1: 4450 r2: 68 r3: 7134 r4: 0 r5: 65514 sp: 65508 pc: 5230          N: 0 Z: 0 V: 0 C: 0      
5230:   cmp r3, $hshtab               src: 7134      dst: 5722      r0: 5 r1: 4450 r2: 68 r3: 7134 r4: 0 r5: 65514 sp: 65508 pc: 5234          N: 0 Z: 0 V: 0 C: 0      
5234:   bhi 5240.                     src: 3043                     r0: 5 r1: 4450 r2: 68 r3: 7134 r4: 0 r5: 65514 sp: 65508 pc: 5240          N: 0 Z: 0 V: 0 C: 0      
5240:   tst -(r3)                     src: 1                        r0: 5 r1: 4450 r2: 68 r3: 7132 r4: 0 r5: 65514 sp: 65508 pc: 5242          N: 0 Z: 0 V: 0 C: 0      
5242:   bne 5228.                     src: 57475                    r0: 5 r1: 4450 r2: 68 r3: 7132 r4: 0 r5: 65514 sp: 65508 pc: 5228          N: 0 Z: 0 V: 0 C: 0      
5228:   sub r2, r3                    src: 68        dst: 7132      r0: 5 r1: 4450 r2: 68 r3: 7064 r4: 0 r5: 65514 sp: 65508 pc: 5230          N: 0 Z: 0 V: 0 C: 0      
5230:   cmp r3, $hshtab               src: 7064      dst: 5722      r0: 5 r1: 4450 r2: 68 r3: 7064 r4: 0 r5: 65514 sp: 65508 pc: 5234          N: 0 Z: 0 V: 0 C: 0      
5234:   bhi 5240.                     src: 3043                     r0: 5 r1: 4450 r2: 68 r3: 7064 r4: 0 r5: 65514 sp: 65508 pc: 5240          N: 0 Z: 0 V: 0 C: 0      
5240:   tst -(r3)                     src: 0                        r0: 5 r1: 4450 r2: 68 r3: 7062 r4: 0 r5: 65514 sp: 65508 pc: 5242          N: 0 Z: 1 V: 0 C: 0      
5242:   bne 5228.                     src: 57475                    r0: 5 r1: 4450 r2: 68 r3: 7062 r4: 0 r5: 65514 sp: 65508 pc: 5244          N: 0 Z: 1 V: 0 C: 0      
5244:   mov (sp)+, r1                 src: 4446      dst: 4450      r0: 5 r1: 4446 r2: 68 r3: 7062 r4: 0 r5: 65514 sp: 65510 pc: 5246          N: 0 Z: 0 V: 0 C: 0      
5246:   mov r1, (r3)                  src: 4446      dst: 0         r0: 5 r1: 4446 r2: 68 r3: 7062 r4: 0 r5: 65514 sp: 65510 pc: 5248          N: 0 Z: 0 V: 0 C: 0      
5248:   add $12., r1                  src: 12        dst: 4446      r0: 5 r1: 4458 r2: 68 r3: 7062 r4: 0 r5: 65514 sp: 65510 pc: 5252          N: 0 Z: 0 V: 0 C: 0      
5252:   cmp r1, $ebsymtab             src: 4458      dst: 5118      r0: 5 r1: 4458 r2: 68 r3: 7062 r4: 0 r5: 65514 sp: 65510 pc: 5256          N: 1 Z: 0 V: 0 C: 1      
5256:   bcs 5196.                     src: 2563                     r0: 5 r1: 4458 r2: 68 r3: 7062 r4: 0 r5: 65514 sp: 65510 pc: 5196          N: 1 Z: 0 V: 0 C: 1      
5196:   clr r3                        src: 7062                     r0: 5 r1: 4458 r2: 68 r3: 0 r4: 0 r5: 65514 sp: 65510 pc: 5198             N: 0 Z: 1 V: 0 C: 0      
5198:   mov $8., r2                   src: 8         dst: 68        r0: 5 r1: 4458 r2: 8 r3: 0 r4: 0 r5: 65514 sp: 65510 pc: 5202              N: 0 Z: 0 V: 0 C: 0      
5202:   mov r1, -(sp)                 src: 4458      dst: 4446      r0: 5 r1: 4458 r2: 8 r3: 0 r4: 0 r5: 65514 sp: 65508 pc: 5204              N: 0 Z: 0 V: 0 C: 0      
5204:   movb (r1)+, r4                src: 115       dst: 0         r0: 5 r1: 4459 r2: 8 r3: 0 r4: 115 r5: 65514 sp: 65508 pc: 5206            N: 0 Z: 0 V: 0 C: 0      
5206:   beq 5214.                     src: 2562                     r0: 5 r1: 4459 r2: 8 r3: 0 r4: 115 r5: 65514 sp: 65508 pc: 5208            N: 0 Z: 0 V: 0 C: 0      
5208:   add r4, r3                    src: 115       dst: 0         r0: 5 r1: 4459 r2: 8 r3: 115 r4: 115 r5: 65514 sp: 65508 pc: 5210          N: 0 Z: 0 V: 0 C: 0      
5210:   swab r3                       src: 115                      r0: 5 r1: 4459 r2: 8 r3: 29440 r4: 115 r5: 65514 sp: 65508 pc: 5212        N: 0 Z: 1 V: 0 C: 0      
5212:   sob r2, 5204.                 src: 8         dst: 68        r0: 5 r1: 4459 r2: 7 r3: 29440 r4: 115 r5: 65514 sp: 65508 pc: 5204        N: 0 Z: 1 V: 0 C: 0      
5204:   movb (r1)+, r4                src: 101       dst: 115       r0: 5 r1: 4460 r2: 7 r3: 29440 r4: 101 r5: 65514 sp: 65508 pc: 5206        N: 0 Z: 0 V: 0 C: 0      
5206:   beq 5214.                     src: 2562                     r0: 5 r1: 4460 r2: 7 r3: 29440 r4: 101 r5: 65514 sp: 65508 pc: 5208        N: 0 Z: 0 V: 0 C: 0      
5208:   add r4, r3                    src: 101       dst: 29440     r0: 5 r1: 4460 r2: 7 r3: 29541 r4: 101 r5: 65514 sp: 65508 pc: 5210        N: 0 Z: 0 V: 0 C: 0      
5210:   swab r3                       src: 29541                    r0: 5 r1: 4460 r2: 7 r3: 25971 r4: 101 r5: 65514 sp: 65508 pc: 5212        N: 0 Z: 0 V: 0 C: 0      
5212:   sob r2, 5204.                 src: 7         dst: 68        r0: 5 r1: 4460 r2: 6 r3: 25971 r4: 101 r5: 65514 sp: 65508 pc: 5204        N: 0 Z: 0 V: 0 C: 0      
5204:   movb (r1)+, r4                src: 99        dst: 101       r0: 5 r1: 4461 r2: 6 r3: 25971 r4: 99 r5: 65514 sp: 65508 pc: 5206         N: 0 Z: 0 V: 0 C: 0      
5206:   beq 5214.                     src: 2562                     r0: 5 r1: 4461 r2: 6 r3: 25971 r4: 99 r5: 65514 sp: 65508 pc: 5208         N: 0 Z: 0 V: 0 C: 0      
5208:   add r4, r3                    src: 99        dst: 25971     r0: 5 r1: 4461 r2: 6 r3: 26070 r4: 99 r5: 65514 sp: 65508 pc: 5210         N: 0 Z: 0 V: 0 C: 0      
5210:   swab r3                       src: 26070                    r0: 5 r1: 4461 r2: 6 r3: 54885 r4: 99 r5: 65514 sp: 65508 pc: 5212         N: 0 Z: 0 V: 0 C: 0      
5212:   sob r2, 5204.                 src: 6         dst: 68        r0: 5 r1: 4461 r2: 5 r3: 54885 r4: 99 r5: 65514 sp: 65508 pc: 5204         N: 0 Z: 0 V: 0 C: 0      
5204:   movb (r1)+, r4                src: 0         dst: 99        r0: 5 r1: 4462 r2: 5 r3: 54885 r4: 0 r5: 65514 sp: 65508 pc: 5206          N: 0 Z: 1 V: 0 C: 0      
5206:   beq 5214.                     src: 2562                     r0: 5 r1: 4462 r2: 5 r3: 54885 r4: 0 r5: 65514 sp: 65508 pc: 5214          N: 0 Z: 1 V: 0 C: 0      
5214:   clr r2                        src: 5                        r0: 5 r1: 4462 r2: 0 r3: 54885 r4: 0 r5: 65514 sp: 65508 pc: 5216          N: 0 Z: 1 V: 0 C: 0      
5216:   div $hshsiz, r2               src: 1553      dst: 0         r0: 5 r1: 4462 r2: 35 r3: 530 r4: 0 r5: 65514 sp: 65508 pc: 5220           N: 0 Z: 0 V: 0 C: 0      
5220:   ashc $1., r2                  src: 1         dst: 35        r0: 5 r1: 4462 r2: 70 r3: 1060 r4: 0 r5: 65514 sp: 65508 pc: 5224          N: 0 Z: 0 V: 0 C: 0      
5224:   add $hshtab, r3               src: 5722      dst: 1060      r0: 5 r1: 4462 r2: 70 r3: 6782 r4: 0 r5: 65514 sp: 65508 pc: 5228          N: 0 Z: 0 V: 0 C: 0      
5228:   sub r2, r3                    src: 70        dst: 6782      r0: 5 r1: 4462 r2: 70 r3: 6712 r4: 0 r5: 65514 sp: 65508 pc: 5230          N: 0 Z: 0 V: 0 C: 0      
5230:   cmp r3, $hshtab               src: 6712      dst: 5722      r0: 5 r1: 4462 r2: 70 r3: 6712 r4: 0 r5: 65514 sp: 65508 pc: 5234          N: 0 Z: 0 V: 0 C: 0      
5234:   bhi 5240.                     src: 3043                     r0: 5 r1: 4462 r2: 70 r3: 6712 r4: 0 r5: 65514 sp: 65508 pc: 5240          N: 0 Z: 0 V: 0 C: 0      
5240:   tst -(r3)                     src: 0                        r0: 5 r1: 4462 r2: 70 r3: 6710 r4: 0 r5: 65514 sp: 65508 pc: 5242          N: 0 Z: 1 V: 0 C: 0      
5242:   bne 5228.                     src: 57475                    r0: 5 r1: 4462 r2: 70 r3: 6710 r4: 0 r5: 65514 sp: 65508 pc: 5244          N: 0 Z: 1 V: 0 C: 0      
5244:   mov (sp)+, r1                 src: 4458      dst: 4462      r0: 5 r1: 4458 r2: 70 r3: 6710 r4: 0 r5: 65514 sp: 65510 pc: 5246          N: 0 Z: 0 V: 0 C: 0      
5246:   mov r1, (r3)                  src: 4458      dst: 0         r0: 5 r1: 4458 r2: 70 r3: 6710 r4: 0 r5: 65514 sp: 65510 pc: 5248          N: 0 Z: 0 V: 0 C: 0      
5248:   add $12., r1                  src: 12        dst: 4458      r0: 5 r1: 4470 r2: 70 r3: 6710 r4: 0 r5: 65514 sp: 65510 pc: 5252          N: 0 Z: 0 V: 0 C: 0      
5252:   cmp r1, $ebsymtab             src: 4470      dst: 5118      r0: 5 r1: 4470 r2: 70 r3: 6710 r4: 0 r5: 65514 sp: 65510 pc: 5256          N: 1 Z: 0 V: 0 C: 1      
5256:   bcs 5196.                     src: 2563                     r0: 5 r1: 4470 r2: 70 r3: 6710 r4: 0 r5: 65514 sp: 65510 pc: 5196          N: 1 Z: 0 V: 0 C: 1      
5196:   clr r3                        src: 6710                     r0: 5 r1: 4470 r2: 70 r3: 0 r4: 0 r5: 65514 sp: 65510 pc: 5198             N: 0 Z: 1 V: 0 C: 0      
5198:   mov $8., r2                   src: 8         dst: 70        r0: 5 r1: 4470 r2: 8 r3: 0 r4: 0 r5: 65514 sp: 65510 pc: 5202              N: 0 Z: 0 V: 0 C: 0      
5202:   mov r1, -(sp)                 src: 4470      dst: 4458      r0: 5 r1: 4470 r2: 8 r3: 0 r4: 0 r5: 65514 sp: 65508 pc: 5204              N: 0 Z: 0 V: 0 C: 0      
5204:   movb (r1)+, r4                src: 115       dst: 0         r0: 5 r1: 4471 r2: 8 r3: 0 r4: 115 r5: 65514 sp: 65508 pc: 5206            N: 0 Z: 0 V: 0 C: 0      
5206:   beq 5214.                     src: 2562                     r0: 5 r1: 4471 r2: 8 r3: 0 r4: 115 r5: 65514 sp: 65508 pc: 5208            N: 0 Z: 0 V: 0 C: 0      
5208:   add r4, r3                    src: 115       dst: 0         r0: 5 r1: 4471 r2: 8 r3: 115 r4: 115 r5: 65514 sp: 65508 pc: 5210          N: 0 Z: 0 V: 0 C: 0      
5210:   swab r3                       src: 115                      r0: 5 r1: 4471 r2: 8 r3: 29440 r4: 115 r5: 65514 sp: 65508 pc: 5212        N: 0 Z: 1 V: 0 C: 0      
5212:   sob r2, 5204.                 src: 8         dst: 68        r0: 5 r1: 4471 r2: 7 r3: 29440 r4: 115 r5: 65514 sp: 65508 pc: 5204        N: 0 Z: 1 V: 0 C: 0      
5204:   movb (r1)+, r4                src: 101       dst: 115       r0: 5 r1: 4472 r2: 7 r3: 29440 r4: 101 r5: 65514 sp: 65508 pc: 5206        N: 0 Z: 0 V: 0 C: 0      
5206:   beq 5214.                     src: 2562                     r0: 5 r1: 4472 r2: 7 r3: 29440 r4: 101 r5: 65514 sp: 65508 pc: 5208        N: 0 Z: 0 V: 0 C: 0      
5208:   add r4, r3                    src: 101       dst: 29440     r0: 5 r1: 4472 r2: 7 r3: 29541 r4: 101 r5: 65514 sp: 65508 pc: 5210        N: 0 Z: 0 V: 0 C: 0      
5210:   swab r3                       src: 29541                    r0: 5 r1: 4472 r2: 7 r3: 25971 r4: 101 r5: 65514 sp: 65508 pc: 5212        N: 0 Z: 0 V: 0 C: 0      
5212:   sob r2, 5204.                 src: 7         dst: 68        r0: 5 r1: 4472 r2: 6 r3: 25971 r4: 101 r5: 65514 sp: 65508 pc: 5204        N: 0 Z: 0 V: 0 C: 0      
5204:   movb (r1)+, r4                src: 118       dst: 101       r0: 5 r1: 4473 r2: 6 r3: 25971 r4: 118 r5: 65514 sp: 65508 pc: 5206        N: 0 Z: 0 V: 0 C: 0      
5206:   beq 5214.                     src: 2562                     r0: 5 r1: 4473 r2: 6 r3: 25971 r4: 118 r5: 65514 sp: 65508 pc: 5208        N: 0 Z: 0 V: 0 C: 0      
5208:   add r4, r3                    src: 118       dst: 25971     r0: 5 r1: 4473 r2: 6 r3: 26089 r4: 118 r5: 65514 sp: 65508 pc: 5210        N: 0 Z: 0 V: 0 C: 0      
5210:   swab r3                       src: 26089                    r0: 5 r1: 4473 r2: 6 r3: 59749 r4: 118 r5: 65514 sp: 65508 pc: 5212        N: 0 Z: 0 V: 0 C: 0      
5212:   sob r2, 5204.                 src: 6         dst: 68        r0: 5 r1: 4473 r2: 5 r3: 59749 r4: 118 r5: 65514 sp: 65508 pc: 5204        N: 0 Z: 0 V: 0 C: 0      
5204:   movb (r1)+, r4                src: 0         dst: 118       r0: 5 r1: 4474 r2: 5 r3: 59749 r4: 0 r5: 65514 sp: 65508 pc: 5206          N: 0 Z: 1 V: 0 C: 0      
5206:   beq 5214.                     src: 2562                     r0: 5 r1: 4474 r2: 5 r3: 59749 r4: 0 r5: 65514 sp: 65508 pc: 5214          N: 0 Z: 1 V: 0 C: 0      
5214:   clr r2                        src: 5                        r0: 5 r1: 4474 r2: 0 r3: 59749 r4: 0 r5: 65514 sp: 65508 pc: 5216          N: 0 Z: 1 V: 0 C: 0      
5216:   div $hshsiz, r2               src: 1553      dst: 0         r0: 5 r1: 4474 r2: 38 r3: 735 r4: 0 r5: 65514 sp: 65508 pc: 5220           N: 0 Z: 0 V: 0 C: 0      
5220:   ashc $1., r2                  src: 1         dst: 38        r0: 5 r1: 4474 r2: 76 r3: 1470 r4: 0 r5: 65514 sp: 65508 pc: 5224          N: 0 Z: 0 V: 0 C: 0      
5224:   add $hshtab, r3               src: 5722      dst: 1470      r0: 5 r1: 4474 r2: 76 r3: 7192 r4: 0 r5: 65514 sp: 65508 pc: 5228          N: 0 Z: 0 V: 0 C: 0      
5228:   sub r2, r3                    src: 76        dst: 7192      r0: 5 r1: 4474 r2: 76 r3: 7116 r4: 0 r5: 65514 sp: 65508 pc: 5230          N: 0 Z: 0 V: 0 C: 0      
5230:   cmp r3, $hshtab               src: 7116      dst: 5722      r0: 5 r1: 4474 r2: 76 r3: 7116 r4: 0 r5: 65514 sp: 65508 pc: 5234          N: 0 Z: 0 V: 0 C: 0      
5234:   bhi 5240.                     src: 3043                     r0: 5 r1: 4474 r2: 76 r3: 7116 r4: 0 r5: 65514 sp: 65508 pc: 5240          N: 0 Z: 0 V: 0 C: 0      
5240:   tst -(r3)                     src: 0                        r0: 5 r1: 4474 r2: 76 r3: 7114 r4: 0 r5: 65514 sp: 65508 pc: 5242          N: 0 Z: 1 V: 0 C: 0      
5242:   bne 5228.                     src: 57475                    r0: 5 r1: 4474 r2: 76 r3: 7114 r4: 0 r5: 65514 sp: 65508 pc: 5244          N: 0 Z: 1 V: 0 C: 0      
5244:   mov (sp)+, r1                 src: 4470      dst: 4474      r0: 5 r1: 4470 r2: 76 r3: 7114 r4: 0 r5: 65514 sp: 65510 pc: 5246          N: 0 Z: 0 V: 0 C: 0      
5246:   mov r1, (r3)                  src: 4470      dst: 0         r0: 5 r1: 4470 r2: 76 r3: 7114 r4: 0 r5: 65514 sp: 65510 pc: 5248          N: 0 Z: 0 V: 0 C: 0      
5248:   add $12., r1                  src: 12        dst: 4470      r0: 5 r1: 4482 r2: 76 r3: 7114 r4: 0 r5: 65514 sp: 65510 pc: 5252          N: 0 Z: 0 V: 0 C: 0      
5252:   cmp r1, $ebsymtab             src: 4482      dst: 5118      r0: 5 r1: 4482 r2: 76 r3: 7114 r4: 0 r5: 65514 sp: 65510 pc: 5256          N: 1 Z: 0 V: 0 C: 1      
5256:   bcs 5196.                     src: 2563                     r0: 5 r1: 4482 r2: 76 r3: 7114 r4: 0 r5: 65514 sp: 65510 pc: 5196          N: 1 Z: 0 V: 0 C: 1      
5196:   clr r3                        src: 7114                     r0: 5 r1: 4482 r2: 76 r3: 0 r4: 0 r5: 65514 sp: 65510 pc: 5198             N: 0 Z: 1 V: 0 C: 0      
5198:   mov $8., r2                   src: 8         dst: 76        r0: 5 r1: 4482 r2: 8 r3: 0 r4: 0 r5: 65514 sp: 65510 pc: 5202              N: 0 Z: 0 V: 0 C: 0      
5202:   mov r1, -(sp)                 src: 4482      dst: 4470      r0: 5 r1: 4482 r2: 8 r3: 0 r4: 0 r5: 65514 sp: 65508 pc: 5204              N: 0 Z: 0 V: 0 C: 0      
5204:   movb (r1)+, r4                src: 115       dst: 0         r0: 5 r1: 4483 r2: 8 r3: 0 r4: 115 r5: 65514 sp: 65508 pc: 5206            N: 0 Z: 0 V: 0 C: 0      
5206:   beq 5214.                     src: 2562                     r0: 5 r1: 4483 r2: 8 r3: 0 r4: 115 r5: 65514 sp: 65508 pc: 5208            N: 0 Z: 0 V: 0 C: 0      
5208:   add r4, r3                    src: 115       dst: 0         r0: 5 r1: 4483 r2: 8 r3: 115 r4: 115 r5: 65514 sp: 65508 pc: 5210          N: 0 Z: 0 V: 0 C: 0      
5210:   swab r3                       src: 115                      r0: 5 r1: 4483 r2: 8 r3: 29440 r4: 115 r5: 65514 sp: 65508 pc: 5212        N: 0 Z: 1 V: 0 C: 0      
5212:   sob r2, 5204.                 src: 8         dst: 68        r0: 5 r1: 4483 r2: 7 r3: 29440 r4: 115 r5: 65514 sp: 65508 pc: 5204        N: 0 Z: 1 V: 0 C: 0      
5204:   movb (r1)+, r4                src: 101       dst: 115       r0: 5 r1: 4484 r2: 7 r3: 29440 r4: 101 r5: 65514 sp: 65508 pc: 5206        N: 0 Z: 0 V: 0 C: 0      
5206:   beq 5214.                     src: 2562                     r0: 5 r1: 4484 r2: 7 r3: 29440 r4: 101 r5: 65514 sp: 65508 pc: 5208        N: 0 Z: 0 V: 0 C: 0      
5208:   add r4, r3                    src: 101       dst: 29440     r0: 5 r1: 4484 r2: 7 r3: 29541 r4: 101 r5: 65514 sp: 65508 pc: 5210        N: 0 Z: 0 V: 0 C: 0      
5210:   swab r3                       src: 29541                    r0: 5 r1: 4484 r2: 7 r3: 25971 r4: 101 r5: 65514 sp: 65508 pc: 5212        N: 0 Z: 0 V: 0 C: 0      
5212:   sob r2, 5204.                 src: 7         dst: 68        r0: 5 r1: 4484 r2: 6 r3: 25971 r4: 101 r5: 65514 sp: 65508 pc: 5204        N: 0 Z: 0 V: 0 C: 0      
5204:   movb (r1)+, r4                src: 122       dst: 101       r0: 5 r1: 4485 r2: 6 r3: 25971 r4: 122 r5: 65514 sp: 65508 pc: 5206        N: 0 Z: 0 V: 0 C: 0      
5206:   beq 5214.                     src: 2562                     r0: 5 r1: 4485 r2: 6 r3: 25971 r4: 122 r5: 65514 sp: 65508 pc: 5208        N: 0 Z: 0 V: 0 C: 0      
5208:   add r4, r3                    src: 122       dst: 25971     r0: 5 r1: 4485 r2: 6 r3: 26093 r4: 122 r5: 65514 sp: 65508 pc: 5210        N: 0 Z: 0 V: 0 C: 0      
5210:   swab r3                       src: 26093                    r0: 5 r1: 4485 r2: 6 r3: 60773 r4: 122 r5: 65514 sp: 65508 pc: 5212        N: 0 Z: 0 V: 0 C: 0      
5212:   sob r2, 5204.                 src: 6         dst: 68        r0: 5 r1: 4485 r2: 5 r3: 60773 r4: 122 r5: 65514 sp: 65508 pc: 5204        N: 0 Z: 0 V: 0 C: 0      
5204:   movb (r1)+, r4                src: 0         dst: 122       r0: 5 r1: 4486 r2: 5 r3: 60773 r4: 0 r5: 65514 sp: 65508 pc: 5206          N: 0 Z: 1 V: 0 C: 0      
5206:   beq 5214.                     src: 2562                     r0: 5 r1: 4486 r2: 5 r3: 60773 r4: 0 r5: 65514 sp: 65508 pc: 5214          N: 0 Z: 1 V: 0 C: 0      
5214:   clr r2                        src: 5                        r0: 5 r1: 4486 r2: 0 r3: 60773 r4: 0 r5: 65514 sp: 65508 pc: 5216          N: 0 Z: 1 V: 0 C: 0      
5216:   div $hshsiz, r2               src: 1553      dst: 0         r0: 5 r1: 4486 r2: 39 r3: 206 r4: 0 r5: 65514 sp: 65508 pc: 5220           N: 0 Z: 0 V: 0 C: 0      
5220:   ashc $1., r2                  src: 1         dst: 39        r0: 5 r1: 4486 r2: 78 r3: 412 r4: 0 r5: 65514 sp: 65508 pc: 5224           N: 0 Z: 0 V: 0 C: 0      
5224:   add $hshtab, r3               src: 5722      dst: 412       r0: 5 r1: 4486 r2: 78 r3: 6134 r4: 0 r5: 65514 sp: 65508 pc: 5228          N: 0 Z: 0 V: 0 C: 0      
5228:   sub r2, r3                    src: 78        dst: 6134      r0: 5 r1: 4486 r2: 78 r3: 6056 r4: 0 r5: 65514 sp: 65508 pc: 5230          N: 0 Z: 0 V: 0 C: 0      
5230:   cmp r3, $hshtab               src: 6056      dst: 5722      r0: 5 r1: 4486 r2: 78 r3: 6056 r4: 0 r5: 65514 sp: 65508 pc: 5234          N: 0 Z: 0 V: 0 C: 0      
5234:   bhi 5240.                     src: 3043                     r0: 5 r1: 4486 r2: 78 r3: 6056 r4: 0 r5: 65514 sp: 65508 pc: 5240          N: 0 Z: 0 V: 0 C: 0      
5240:   tst -(r3)                     src: 4158                     r0: 5 r1: 4486 r2: 78 r3: 6054 r4: 0 r5: 65514 sp: 65508 pc: 5242          N: 0 Z: 0 V: 0 C: 0      
5242:   bne 5228.                     src: 57475                    r0: 5 r1: 4486 r2: 78 r3: 6054 r4: 0 r5: 65514 sp: 65508 pc: 5228          N: 0 Z: 0 V: 0 C: 0      
5228:   sub r2, r3                    src: 78        dst: 6054      r0: 5 r1: 4486 r2: 78 r3: 5976 r4: 0 r5: 65514 sp: 65508 pc: 5230          N: 0 Z: 0 V: 0 C: 0      
5230:   cmp r3, $hshtab               src: 5976      dst: 5722      r0: 5 r1: 4486 r2: 78 r3: 5976 r4: 0 r5: 65514 sp: 65508 pc: 5234          N: 0 Z: 0 V: 0 C: 0      
5234:   bhi 5240.                     src: 3043                     r0: 5 r1: 4486 r2: 78 r3: 5976 r4: 0 r5: 65514 sp: 65508 pc: 5240          N: 0 Z: 0 V: 0 C: 0      
5240:   tst -(r3)                     src: 0                        r0: 5 r1: 4486 r2: 78 r3: 5974 r4: 0 r5: 65514 sp: 65508 pc: 5242          N: 0 Z: 1 V: 0 C: 0      
5242:   bne 5228.                     src: 57475                    r0: 5 r1: 4486 r2: 78 r3: 5974 r4: 0 r5: 65514 sp: 65508 pc: 5244          N: 0 Z: 1 V: 0 C: 0      
5244:   mov (sp)+, r1                 src: 4482      dst: 4486      r0: 5 r1: 4482 r2: 78 r3: 5974 r4: 0 r5: 65514 sp: 65510 pc: 5246          N: 0 Z: 0 V: 0 C: 0      
5246:   mov r1, (r3)                  src: 4482      dst: 0         r0: 5 r1: 4482 r2: 78 r3: 5974 r4: 0 r5: 65514 sp: 65510 pc: 5248          N: 0 Z: 0 V: 0 C: 0      
5248:   add $12., r1                  src: 12        dst: 4482      r0: 5 r1: 4494 r2: 78 r3: 5974 r4: 0 r5: 65514 sp: 65510 pc: 5252          N: 0 Z: 0 V: 0 C: 0      
5252:   cmp r1, $ebsymtab             src: 4494      dst: 5118      r0: 5 r1: 4494 r2: 78 r3: 5974 r4: 0 r5: 65514 sp: 65510 pc: 5256          N: 1 Z: 0 V: 0 C: 1      
5256:   bcs 5196.                     src: 2563                     r0: 5 r1: 4494 r2: 78 r3: 5974 r4: 0 r5: 65514 sp: 65510 pc: 5196          N: 1 Z: 0 V: 0 C: 1      
5196:   clr r3                        src: 5974                     r0: 5 r1: 4494 r2: 78 r3: 0 r4: 0 r5: 65514 sp: 65510 pc: 5198             N: 0 Z: 1 V: 0 C: 0      
5198:   mov $8., r2                   src: 8         dst: 78        r0: 5 r1: 4494 r2: 8 r3: 0 r4: 0 r5: 65514 sp: 65510 pc: 5202              N: 0 Z: 0 V: 0 C: 0      
5202:   mov r1, -(sp)                 src: 4494      dst: 4482      r0: 5 r1: 4494 r2: 8 r3: 0 r4: 0 r5: 65514 sp: 65508 pc: 5204              N: 0 Z: 0 V: 0 C: 0      
5204:   movb (r1)+, r4                src: 115       dst: 0         r0: 5 r1: 4495 r2: 8 r3: 0 r4: 115 r5: 65514 sp: 65508 pc: 5206            N: 0 Z: 0 V: 0 C: 0      
5206:   beq 5214.                     src: 2562                     r0: 5 r1: 4495 r2: 8 r3: 0 r4: 115 r5: 65514 sp: 65508 pc: 5208            N: 0 Z: 0 V: 0 C: 0      
5208:   add r4, r3                    src: 115       dst: 0         r0: 5 r1: 4495 r2: 8 r3: 115 r4: 115 r5: 65514 sp: 65508 pc: 5210          N: 0 Z: 0 V: 0 C: 0      
5210:   swab r3                       src: 115                      r0: 5 r1: 4495 r2: 8 r3: 29440 r4: 115 r5: 65514 sp: 65508 pc: 5212        N: 0 Z: 1 V: 0 C: 0      
5212:   sob r2, 5204.                 src: 8         dst: 68        r0: 5 r1: 4495 r2: 7 r3: 29440 r4: 115 r5: 65514 sp: 65508 pc: 5204        N: 0 Z: 1 V: 0 C: 0      
5204:   movb (r1)+, r4                src: 101       dst: 115       r0: 5 r1: 4496 r2: 7 r3: 29440 r4: 101 r5: 65514 sp: 65508 pc: 5206        N: 0 Z: 0 V: 0 C: 0      
5206:   beq 5214.                     src: 2562                     r0: 5 r1: 4496 r2: 7 r3: 29440 r4: 101 r5: 65514 sp: 65508 pc: 5208        N: 0 Z: 0 V: 0 C: 0      
5208:   add r4, r3                    src: 101       dst: 29440     r0: 5 r1: 4496 r2: 7 r3: 29541 r4: 101 r5: 65514 sp: 65508 pc: 5210        N: 0 Z: 0 V: 0 C: 0      
5210:   swab r3                       src: 29541                    r0: 5 r1: 4496 r2: 7 r3: 25971 r4: 101 r5: 65514 sp: 65508 pc: 5212        N: 0 Z: 0 V: 0 C: 0      
5212:   sob r2, 5204.                 src: 7         dst: 68        r0: 5 r1: 4496 r2: 6 r3: 25971 r4: 101 r5: 65514 sp: 65508 pc: 5204        N: 0 Z: 0 V: 0 C: 0      
5204:   movb (r1)+, r4                src: 110       dst: 101       r0: 5 r1: 4497 r2: 6 r3: 25971 r4: 110 r5: 65514 sp: 65508 pc: 5206        N: 0 Z: 0 V: 0 C: 0      
5206:   beq 5214.                     src: 2562                     r0: 5 r1: 4497 r2: 6 r3: 25971 r4: 110 r5: 65514 sp: 65508 pc: 5208        N: 0 Z: 0 V: 0 C: 0      
5208:   add r4, r3                    src: 110       dst: 25971     r0: 5 r1: 4497 r2: 6 r3: 26081 r4: 110 r5: 65514 sp: 65508 pc: 5210        N: 0 Z: 0 V: 0 C: 0      
5210:   swab r3                       src: 26081                    r0: 5 r1: 4497 r2: 6 r3: 57701 r4: 110 r5: 65514 sp: 65508 pc: 5212        N: 0 Z: 0 V: 0 C: 0      
5212:   sob r2, 5204.                 src: 6         dst: 68        r0: 5 r1: 4497 r2: 5 r3: 57701 r4: 110 r5: 65514 sp: 65508 pc: 5204        N: 0 Z: 0 V: 0 C: 0      
5204:   movb (r1)+, r4                src: 0         dst: 110       r0: 5 r1: 4498 r2: 5 r3: 57701 r4: 0 r5: 65514 sp: 65508 pc: 5206          N: 0 Z: 1 V: 0 C: 0      
5206:   beq 5214.                     src: 2562                     r0: 5 r1: 4498 r2: 5 r3: 57701 r4: 0 r5: 65514 sp: 65508 pc: 5214          N: 0 Z: 1 V: 0 C: 0      
5214:   clr r2                        src: 5                        r0: 5 r1: 4498 r2: 0 r3: 57701 r4: 0 r5: 65514 sp: 65508 pc: 5216          N: 0 Z: 1 V: 0 C: 0      
5216:   div $hshsiz, r2               src: 1553      dst: 0         r0: 5 r1: 4498 r2: 37 r3: 240 r4: 0 r5: 65514 sp: 65508 pc: 5220           N: 0 Z: 0 V: 0 C: 0      
5220:   ashc $1., r2                  src: 1         dst: 37        r0: 5 r1: 4498 r2: 74 r3: 480 r4: 0 r5: 65514 sp: 65508 pc: 5224           N: 0 Z: 0 V: 0 C: 0      
5224:   add $hshtab, r3               src: 5722      dst: 480       r0: 5 r1: 4498 r2: 74 r3: 6202 r4: 0 r5: 65514 sp: 65508 pc: 5228          N: 0 Z: 0 V: 0 C: 0      
5228:   sub r2, r3                    src: 74        dst: 6202      r0: 5 r1: 4498 r2: 74 r3: 6128 r4: 0 r5: 65514 sp: 65508 pc: 5230          N: 0 Z: 0 V: 0 C: 0      
5230:   cmp r3, $hshtab               src: 6128      dst: 5722      r0: 5 r1: 4498 r2: 74 r3: 6128 r4: 0 r5: 65514 sp: 65508 pc: 5234          N: 0 Z: 0 V: 0 C: 0      
5234:   bhi 5240.                     src: 3043                     r0: 5 r1: 4498 r2: 74 r3: 6128 r4: 0 r5: 65514 sp: 65508 pc: 5240          N: 0 Z: 0 V: 0 C: 0      
5240:   tst -(r3)                     src: 3822                     r0: 5 r1: 4498 r2: 74 r3: 6126 r4: 0 r5: 65514 sp: 65508 pc: 5242          N: 0 Z: 0 V: 0 C: 0      
5242:   bne 5228.                     src: 57475                    r0: 5 r1: 4498 r2: 74 r3: 6126 r4: 0 r5: 65514 sp: 65508 pc: 5228          N: 0 Z: 0 V: 0 C: 0      
5228:   sub r2, r3                    src: 74        dst: 6126      r0: 5 r1: 4498 r2: 74 r3: 6052 r4: 0 r5: 65514 sp: 65508 pc: 5230          N: 0 Z: 0 V: 0 C: 0      
5230:   cmp r3, $hshtab               src: 6052      dst: 5722      r0: 5 r1: 4498 r2: 74 r3: 6052 r4: 0 r5: 65514 sp: 65508 pc: 5234          N: 0 Z: 0 V: 0 C: 0      
5234:   bhi 5240.                     src: 3043                     r0: 5 r1: 4498 r2: 74 r3: 6052 r4: 0 r5: 65514 sp: 65508 pc: 5240          N: 0 Z: 0 V: 0 C: 0      
5240:   tst -(r3)                     src: 0                        r0: 5 r1: 4498 r2: 74 r3: 6050 r4: 0 r5: 65514 sp: 65508 pc: 5242          N: 0 Z: 1 V: 0 C: 0      
5242:   bne 5228.                     src: 57475                    r0: 5 r1: 4498 r2: 74 r3: 6050 r4: 0 r5: 65514 sp: 65508 pc: 5244          N: 0 Z: 1 V: 0 C: 0      
5244:   mov (sp)+, r1                 src: 4494      dst: 4498      r0: 5 r1: 4494 r2: 74 r3: 6050 r4: 0 r5: 65514 sp: 65510 pc: 5246          N: 0 Z: 0 V: 0 C: 0      
5246:   mov r1, (r3)                  src: 4494      dst: 0         r0: 5 r1: 4494 r2: 74 r3: 6050 r4: 0 r5: 65514 sp: 65510 pc: 5248          N: 0 Z: 0 V: 0 C: 0      
5248:   add $12., r1                  src: 12        dst: 4494      r0: 5 r1: 4506 r2: 74 r3: 6050 r4: 0 r5: 65514 sp: 65510 pc: 5252          N: 0 Z: 0 V: 0 C: 0      
5252:   cmp r1, $ebsymtab             src: 4506      dst: 5118      r0: 5 r1: 4506 r2: 74 r3: 6050 r4: 0 r5: 65514 sp: 65510 pc: 5256          N: 1 Z: 0 V: 0 C: 1      
5256:   bcs 5196.                     src: 2563                     r0: 5 r1: 4506 r2: 74 r3: 6050 r4: 0 r5: 65514 sp: 65510 pc: 5196          N: 1 Z: 0 V: 0 C: 1      
5196:   clr r3                        src: 6050                     r0: 5 r1: 4506 r2: 74 r3: 0 r4: 0 r5: 65514 sp: 65510 pc: 5198             N: 0 Z: 1 V: 0 C: 0      
5198:   mov $8., r2                   src: 8         dst: 74        r0: 5 r1: 4506 r2: 8 r3: 0 r4: 0 r5: 65514 sp: 65510 pc: 5202              N: 0 Z: 0 V: 0 C: 0      
5202:   mov r1, -(sp)                 src: 4506      dst: 4494      r0: 5 r1: 4506 r2: 8 r3: 0 r4: 0 r5: 65514 sp: 65508 pc: 5204              N: 0 Z: 0 V: 0 C: 0      
5204:   movb (r1)+, r4                src: 99        dst: 0         r0: 5 r1: 4507 r2: 8 r3: 0 r4: 99 r5: 65514 sp: 65508 pc: 5206             N: 0 Z: 0 V: 0 C: 0      
5206:   beq 5214.                     src: 2562                     r0: 5 r1: 4507 r2: 8 r3: 0 r4: 99 r5: 65514 sp: 65508 pc: 5208             N: 0 Z: 0 V: 0 C: 0      
5208:   add r4, r3                    src: 99        dst: 0         r0: 5 r1: 4507 r2: 8 r3: 99 r4: 99 r5: 65514 sp: 65508 pc: 5210            N: 0 Z: 0 V: 0 C: 0      
5210:   swab r3                       src: 99                       r0: 5 r1: 4507 r2: 8 r3: 25344 r4: 99 r5: 65514 sp: 65508 pc: 5212         N: 0 Z: 1 V: 0 C: 0      
5212:   sob r2, 5204.                 src: 8         dst: 68        r0: 5 r1: 4507 r2: 7 r3: 25344 r4: 99 r5: 65514 sp: 65508 pc: 5204         N: 0 Z: 1 V: 0 C: 0      
5204:   movb (r1)+, r4                src: 102       dst: 99        r0: 5 r1: 4508 r2: 7 r3: 25344 r4: 102 r5: 65514 sp: 65508 pc: 5206        N: 0 Z: 0 V: 0 C: 0      
5206:   beq 5214.                     src: 2562                     r0: 5 r1: 4508 r2: 7 r3: 25344 r4: 102 r5: 65514 sp: 65508 pc: 5208        N: 0 Z: 0 V: 0 C: 0      
5208:   add r4, r3                    src: 102       dst: 25344     r0: 5 r1: 4508 r2: 7 r3: 25446 r4: 102 r5: 65514 sp: 65508 pc: 5210        N: 0 Z: 0 V: 0 C: 0      
5210:   swab r3                       src: 25446                    r0: 5 r1: 4508 r2: 7 r3: 26211 r4: 102 r5: 65514 sp: 65508 pc: 5212        N: 0 Z: 0 V: 0 C: 0      
5212:   sob r2, 5204.                 src: 7         dst: 68        r0: 5 r1: 4508 r2: 6 r3: 26211 r4: 102 r5: 65514 sp: 65508 pc: 5204        N: 0 Z: 0 V: 0 C: 0      
5204:   movb (r1)+, r4                src: 99        dst: 102       r0: 5 r1: 4509 r2: 6 r3: 26211 r4: 99 r5: 65514 sp: 65508 pc: 5206         N: 0 Z: 0 V: 0 C: 0      
5206:   beq 5214.                     src: 2562                     r0: 5 r1: 4509 r2: 6 r3: 26211 r4: 99 r5: 65514 sp: 65508 pc: 5208         N: 0 Z: 0 V: 0 C: 0      
5208:   add r4, r3                    src: 99        dst: 26211     r0: 5 r1: 4509 r2: 6 r3: 26310 r4: 99 r5: 65514 sp: 65508 pc: 5210         N: 0 Z: 0 V: 0 C: 0      
5210:   swab r3                       src: 26310                    r0: 5 r1: 4509 r2: 6 r3: 50790 r4: 99 r5: 65514 sp: 65508 pc: 5212         N: 0 Z: 0 V: 0 C: 0      
5212:   sob r2, 5204.                 src: 6         dst: 68        r0: 5 r1: 4509 r2: 5 r3: 50790 r4: 99 r5: 65514 sp: 65508 pc: 5204         N: 0 Z: 0 V: 0 C: 0      
5204:   movb (r1)+, r4                src: 99        dst: 99        r0: 5 r1: 4510 r2: 5 r3: 50790 r4: 99 r5: 65514 sp: 65508 pc: 5206         N: 0 Z: 0 V: 0 C: 0      
5206:   beq 5214.                     src: 2562                     r0: 5 r1: 4510 r2: 5 r3: 50790 r4: 99 r5: 65514 sp: 65508 pc: 5208         N: 0 Z: 0 V: 0 C: 0      
5208:   add r4, r3                    src: 99        dst: 50790     r0: 5 r1: 4510 r2: 5 r3: 50889 r4: 99 r5: 65514 sp: 65508 pc: 5210         N: 0 Z: 0 V: 0 C: 0      
5210:   swab r3                       src: 50889                    r0: 5 r1: 4510 r2: 5 r3: 51654 r4: 99 r5: 65514 sp: 65508 pc: 5212         N: 1 Z: 0 V: 0 C: 0      
5212:   sob r2, 5204.                 src: 5         dst: 68        r0: 5 r1: 4510 r2: 4 r3: 51654 r4: 99 r5: 65514 sp: 65508 pc: 5204         N: 1 Z: 0 V: 0 C: 0      
5204:   movb (r1)+, r4                src: 0         dst: 99        r0: 5 r1: 4511 r2: 4 r3: 51654 r4: 0 r5: 65514 sp: 65508 pc: 5206          N: 0 Z: 1 V: 0 C: 0      
5206:   beq 5214.                     src: 2562                     r0: 5 r1: 4511 r2: 4 r3: 51654 r4: 0 r5: 65514 sp: 65508 pc: 5214          N: 0 Z: 1 V: 0 C: 0      
5214:   clr r2                        src: 4                        r0: 5 r1: 4511 r2: 0 r3: 51654 r4: 0 r5: 65514 sp: 65508 pc: 5216          N: 0 Z: 1 V: 0 C: 0      
5216:   div $hshsiz, r2               src: 1553      dst: 0         r0: 5 r1: 4511 r2: 33 r3: 405 r4: 0 r5: 65514 sp: 65508 pc: 5220           N: 0 Z: 0 V: 0 C: 0      
5220:   ashc $1., r2                  src: 1         dst: 33        r0: 5 r1: 4511 r2: 66 r3: 810 r4: 0 r5: 65514 sp: 65508 pc: 5224           N: 0 Z: 0 V: 0 C: 0      
5224:   add $hshtab, r3               src: 5722      dst: 810       r0: 5 r1: 4511 r2: 66 r3: 6532 r4: 0 r5: 65514 sp: 65508 pc: 5228          N: 0 Z: 0 V: 0 C: 0      
5228:   sub r2, r3                    src: 66        dst: 6532      r0: 5 r1: 4511 r2: 66 r3: 6466 r4: 0 r5: 65514 sp: 65508 pc: 5230          N: 0 Z: 0 V: 0 C: 0      
5230:   cmp r3, $hshtab               src: 6466      dst: 5722      r0: 5 r1: 4511 r2: 66 r3: 6466 r4: 0 r5: 65514 sp: 65508 pc: 5234          N: 0 Z: 0 V: 0 C: 0      
5234:   bhi 5240.                     src: 3043                     r0: 5 r1: 4511 r2: 66 r3: 6466 r4: 0 r5: 65514 sp: 65508 pc: 5240          N: 0 Z: 0 V: 0 C: 0      
5240:   tst -(r3)                     src: 0                        r0: 5 r1: 4511 r2: 66 r3: 6464 r4: 0 r5: 65514 sp: 65508 pc: 5242          N: 0 Z: 1 V: 0 C: 0      
5242:   bne 5228.                     src: 57475                    r0: 5 r1: 4511 r2: 66 r3: 6464 r4: 0 r5: 65514 sp: 65508 pc: 5244          N: 0 Z: 1 V: 0 C: 0      
5244:   mov (sp)+, r1                 src: 4506      dst: 4511      r0: 5 r1: 4506 r2: 66 r3: 6464 r4: 0 r5: 65514 sp: 65510 pc: 5246          N: 0 Z: 0 V: 0 C: 0      
5246:   mov r1, (r3)                  src: 4506      dst: 0         r0: 5 r1: 4506 r2: 66 r3: 6464 r4: 0 r5: 65514 sp: 65510 pc: 5248          N: 0 Z: 0 V: 0 C: 0      
5248:   add $12., r1                  src: 12        dst: 4506      r0: 5 r1: 4518 r2: 66 r3: 6464 r4: 0 r5: 65514 sp: 65510 pc: 5252          N: 0 Z: 0 V: 0 C: 0      
5252:   cmp r1, $ebsymtab             src: 4518      dst: 5118      r0: 5 r1: 4518 r2: 66 r3: 6464 r4: 0 r5: 65514 sp: 65510 pc: 5256          N: 1 Z: 0 V: 0 C: 1      
5256:   bcs 5196.                     src: 2563                     r0: 5 r1: 4518 r2: 66 r3: 6464 r4: 0 r5: 65514 sp: 65510 pc: 5196          N: 1 Z: 0 V: 0 C: 1      
5196:   clr r3                        src: 6464                     r0: 5 r1: 4518 r2: 66 r3: 0 r4: 0 r5: 65514 sp: 65510 pc: 5198             N: 0 Z: 1 V: 0 C: 0      
5198:   mov $8., r2                   src: 8         dst: 66        r0: 5 r1: 4518 r2: 8 r3: 0 r4: 0 r5: 65514 sp: 65510 pc: 5202              N: 0 Z: 0 V: 0 C: 0      
5202:   mov r1, -(sp)                 src: 4518      dst: 4506      r0: 5 r1: 4518 r2: 8 r3: 0 r4: 0 r5: 65514 sp: 65508 pc: 5204              N: 0 Z: 0 V: 0 C: 0      
5204:   movb (r1)+, r4                src: 115       dst: 0         r0: 5 r1: 4519 r2: 8 r3: 0 r4: 115 r5: 65514 sp: 65508 pc: 5206            N: 0 Z: 0 V: 0 C: 0      
5206:   beq 5214.                     src: 2562                     r0: 5 r1: 4519 r2: 8 r3: 0 r4: 115 r5: 65514 sp: 65508 pc: 5208            N: 0 Z: 0 V: 0 C: 0      
5208:   add r4, r3                    src: 115       dst: 0         r0: 5 r1: 4519 r2: 8 r3: 115 r4: 115 r5: 65514 sp: 65508 pc: 5210          N: 0 Z: 0 V: 0 C: 0      
5210:   swab r3                       src: 115                      r0: 5 r1: 4519 r2: 8 r3: 29440 r4: 115 r5: 65514 sp: 65508 pc: 5212        N: 0 Z: 1 V: 0 C: 0      
5212:   sob r2, 5204.                 src: 8         dst: 68        r0: 5 r1: 4519 r2: 7 r3: 29440 r4: 115 r5: 65514 sp: 65508 pc: 5204        N: 0 Z: 1 V: 0 C: 0      
5204:   movb (r1)+, r4                src: 101       dst: 115       r0: 5 r1: 4520 r2: 7 r3: 29440 r4: 101 r5: 65514 sp: 65508 pc: 5206        N: 0 Z: 0 V: 0 C: 0      
5206:   beq 5214.                     src: 2562                     r0: 5 r1: 4520 r2: 7 r3: 29440 r4: 101 r5: 65514 sp: 65508 pc: 5208        N: 0 Z: 0 V: 0 C: 0      
5208:   add r4, r3                    src: 101       dst: 29440     r0: 5 r1: 4520 r2: 7 r3: 29541 r4: 101 r5: 65514 sp: 65508 pc: 5210        N: 0 Z: 0 V: 0 C: 0      
5210:   swab r3                       src: 29541                    r0: 5 r1: 4520 r2: 7 r3: 25971 r4: 101 r5: 65514 sp: 65508 pc: 5212        N: 0 Z: 0 V: 0 C: 0      
5212:   sob r2, 5204.                 src: 7         dst: 68        r0: 5 r1: 4520 r2: 6 r3: 25971 r4: 101 r5: 65514 sp: 65508 pc: 5204        N: 0 Z: 0 V: 0 C: 0      
5204:   movb (r1)+, r4                src: 116       dst: 101       r0: 5 r1: 4521 r2: 6 r3: 25971 r4: 116 r5: 65514 sp: 65508 pc: 5206        N: 0 Z: 0 V: 0 C: 0      
5206:   beq 5214.                     src: 2562                     r0: 5 r1: 4521 r2: 6 r3: 25971 r4: 116 r5: 65514 sp: 65508 pc: 5208        N: 0 Z: 0 V: 0 C: 0      
5208:   add r4, r3                    src: 116       dst: 25971     r0: 5 r1: 4521 r2: 6 r3: 26087 r4: 116 r5: 65514 sp: 65508 pc: 5210        N: 0 Z: 0 V: 0 C: 0      
5210:   swab r3                       src: 26087                    r0: 5 r1: 4521 r2: 6 r3: 59237 r4: 116 r5: 65514 sp: 65508 pc: 5212        N: 0 Z: 0 V: 0 C: 0      
5212:   sob r2, 5204.                 src: 6         dst: 68        r0: 5 r1: 4521 r2: 5 r3: 59237 r4: 116 r5: 65514 sp: 65508 pc: 5204        N: 0 Z: 0 V: 0 C: 0      
5204:   movb (r1)+, r4                src: 102       dst: 116       r0: 5 r1: 4522 r2: 5 r3: 59237 r4: 102 r5: 65514 sp: 65508 pc: 5206        N: 0 Z: 0 V: 0 C: 0      
5206:   beq 5214.                     src: 2562                     r0: 5 r1: 4522 r2: 5 r3: 59237 r4: 102 r5: 65514 sp: 65508 pc: 5208        N: 0 Z: 0 V: 0 C: 0      
5208:   add r4, r3                    src: 102       dst: 59237     r0: 5 r1: 4522 r2: 5 r3: 59339 r4: 102 r5: 65514 sp: 65508 pc: 5210        N: 0 Z: 0 V: 0 C: 0      
5210:   swab r3                       src: 59339                    r0: 5 r1: 4522 r2: 5 r3: 52199 r4: 102 r5: 65514 sp: 65508 pc: 5212        N: 1 Z: 0 V: 0 C: 0      
5212:   sob r2, 5204.                 src: 5         dst: 68        r0: 5 r1: 4522 r2: 4 r3: 52199 r4: 102 r5: 65514 sp: 65508 pc: 5204        N: 1 Z: 0 V: 0 C: 0      
5204:   movb (r1)+, r4                src: 0         dst: 102       r0: 5 r1: 4523 r2: 4 r3: 52199 r4: 0 r5: 65514 sp: 65508 pc: 5206          N: 0 Z: 1 V: 0 C: 0      
5206:   beq 5214.                     src: 2562                     r0: 5 r1: 4523 r2: 4 r3: 52199 r4: 0 r5: 65514 sp: 65508 pc: 5214          N: 0 Z: 1 V: 0 C: 0      
5214:   clr r2                        src: 4                        r0: 5 r1: 4523 r2: 0 r3: 52199 r4: 0 r5: 65514 sp: 65508 pc: 5216          N: 0 Z: 1 V: 0 C: 0      
5216:   div $hshsiz, r2               src: 1553      dst: 0         r0: 5 r1: 4523 r2: 33 r3: 950 r4: 0 r5: 65514 sp: 65508 pc: 5220           N: 0 Z: 0 V: 0 C: 0      
5220:   ashc $1., r2                  src: 1         dst: 33        r0: 5 r1: 4523 r2: 66 r3: 1900 r4: 0 r5: 65514 sp: 65508 pc: 5224          N: 0 Z: 0 V: 0 C: 0      
5224:   add $hshtab, r3               src: 5722      dst: 1900      r0: 5 r1: 4523 r2: 66 r3: 7622 r4: 0 r5: 65514 sp: 65508 pc: 5228          N: 0 Z: 0 V: 0 C: 0      
5228:   sub r2, r3                    src: 66        dst: 7622      r0: 5 r1: 4523 r2: 66 r3: 7556 r4: 0 r5: 65514 sp: 65508 pc: 5230          N: 0 Z: 0 V: 0 C: 0      
5230:   cmp r3, $hshtab               src: 7556      dst: 5722      r0: 5 r1: 4523 r2: 66 r3: 7556 r4: 0 r5: 65514 sp: 65508 pc: 5234          N: 0 Z: 0 V: 0 C: 0      
5234:   bhi 5240.                     src: 3043                     r0: 5 r1: 4523 r2: 66 r3: 7556 r4: 0 r5: 65514 sp: 65508 pc: 5240          N: 0 Z: 0 V: 0 C: 0      
5240:   tst -(r3)                     src: 0                        r0: 5 r1: 4523 r2: 66 r3: 7554 r4: 0 r5: 65514 sp: 65508 pc: 5242          N: 0 Z: 1 V: 0 C: 0      
5242:   bne 5228.                     src: 57475                    r0: 5 r1: 4523 r2: 66 r3: 7554 r4: 0 r5: 65514 sp: 65508 pc: 5244          N: 0 Z: 1 V: 0 C: 0      
5244:   mov (sp)+, r1                 src: 4518      dst: 4523      r0: 5 r1: 4518 r2: 66 r3: 7554 r4: 0 r5: 65514 sp: 65510 pc: 5246          N: 0 Z: 0 V: 0 C: 0      
5246:   mov r1, (r3)                  src: 4518      dst: 0         r0: 5 r1: 4518 r2: 66 r3: 7554 r4: 0 r5: 65514 sp: 65510 pc: 5248          N: 0 Z: 0 V: 0 C: 0      
5248:   add $12., r1                  src: 12        dst: 4518      r0: 5 r1: 4530 r2: 66 r3: 7554 r4: 0 r5: 65514 sp: 65510 pc: 5252          N: 0 Z: 0 V: 0 C: 0      
5252:   cmp r1, $ebsymtab             src: 4530      dst: 5118      r0: 5 r1: 4530 r2: 66 r3: 7554 r4: 0 r5: 65514 sp: 65510 pc: 5256          N: 1 Z: 0 V: 0 C: 1      
5256:   bcs 5196.                     src: 2563                     r0: 5 r1: 4530 r2: 66 r3: 7554 r4: 0 r5: 65514 sp: 65510 pc: 5196          N: 1 Z: 0 V: 0 C: 1      
5196:   clr r3                        src: 7554                     r0: 5 r1: 4530 r2: 66 r3: 0 r4: 0 r5: 65514 sp: 65510 pc: 5198             N: 0 Z: 1 V: 0 C: 0      
5198:   mov $8., r2                   src: 8         dst: 66        r0: 5 r1: 4530 r2: 8 r3: 0 r4: 0 r5: 65514 sp: 65510 pc: 5202              N: 0 Z: 0 V: 0 C: 0      
5202:   mov r1, -(sp)                 src: 4530      dst: 4518      r0: 5 r1: 4530 r2: 8 r3: 0 r4: 0 r5: 65514 sp: 65508 pc: 5204              N: 0 Z: 0 V: 0 C: 0      
5204:   movb (r1)+, r4                src: 115       dst: 0         r0: 5 r1: 4531 r2: 8 r3: 0 r4: 115 r5: 65514 sp: 65508 pc: 5206            N: 0 Z: 0 V: 0 C: 0      
5206:   beq 5214.                     src: 2562                     r0: 5 r1: 4531 r2: 8 r3: 0 r4: 115 r5: 65514 sp: 65508 pc: 5208            N: 0 Z: 0 V: 0 C: 0      
5208:   add r4, r3                    src: 115       dst: 0         r0: 5 r1: 4531 r2: 8 r3: 115 r4: 115 r5: 65514 sp: 65508 pc: 5210          N: 0 Z: 0 V: 0 C: 0      
5210:   swab r3                       src: 115                      r0: 5 r1: 4531 r2: 8 r3: 29440 r4: 115 r5: 65514 sp: 65508 pc: 5212        N: 0 Z: 1 V: 0 C: 0      
5212:   sob r2, 5204.                 src: 8         dst: 68        r0: 5 r1: 4531 r2: 7 r3: 29440 r4: 115 r5: 65514 sp: 65508 pc: 5204        N: 0 Z: 1 V: 0 C: 0      
5204:   movb (r1)+, r4                src: 101       dst: 115       r0: 5 r1: 4532 r2: 7 r3: 29440 r4: 101 r5: 65514 sp: 65508 pc: 5206        N: 0 Z: 0 V: 0 C: 0      
5206:   beq 5214.                     src: 2562                     r0: 5 r1: 4532 r2: 7 r3: 29440 r4: 101 r5: 65514 sp: 65508 pc: 5208        N: 0 Z: 0 V: 0 C: 0      
5208:   add r4, r3                    src: 101       dst: 29440     r0: 5 r1: 4532 r2: 7 r3: 29541 r4: 101 r5: 65514 sp: 65508 pc: 5210        N: 0 Z: 0 V: 0 C: 0      
5210:   swab r3                       src: 29541                    r0: 5 r1: 4532 r2: 7 r3: 25971 r4: 101 r5: 65514 sp: 65508 pc: 5212        N: 0 Z: 0 V: 0 C: 0      
5212:   sob r2, 5204.                 src: 7         dst: 68        r0: 5 r1: 4532 r2: 6 r3: 25971 r4: 101 r5: 65514 sp: 65508 pc: 5204        N: 0 Z: 0 V: 0 C: 0      
5204:   movb (r1)+, r4                src: 116       dst: 101       r0: 5 r1: 4533 r2: 6 r3: 25971 r4: 116 r5: 65514 sp: 65508 pc: 5206        N: 0 Z: 0 V: 0 C: 0      
5206:   beq 5214.                     src: 2562                     r0: 5 r1: 4533 r2: 6 r3: 25971 r4: 116 r5: 65514 sp: 65508 pc: 5208        N: 0 Z: 0 V: 0 C: 0      
5208:   add r4, r3                    src: 116       dst: 25971     r0: 5 r1: 4533 r2: 6 r3: 26087 r4: 116 r5: 65514 sp: 65508 pc: 5210        N: 0 Z: 0 V: 0 C: 0      
5210:   swab r3                       src: 26087                    r0: 5 r1: 4533 r2: 6 r3: 59237 r4: 116 r5: 65514 sp: 65508 pc: 5212        N: 0 Z: 0 V: 0 C: 0      
5212:   sob r2, 5204.                 src: 6         dst: 68        r0: 5 r1: 4533 r2: 5 r3: 59237 r4: 116 r5: 65514 sp: 65508 pc: 5204        N: 0 Z: 0 V: 0 C: 0      
5204:   movb (r1)+, r4                src: 100       dst: 116       r0: 5 r1: 4534 r2: 5 r3: 59237 r4: 100 r5: 65514 sp: 65508 pc: 5206        N: 0 Z: 0 V: 0 C: 0      
5206:   beq 5214.                     src: 2562                     r0: 5 r1: 4534 r2: 5 r3: 59237 r4: 100 r5: 65514 sp: 65508 pc: 5208        N: 0 Z: 0 V: 0 C: 0      
5208:   add r4, r3                    src: 100       dst: 59237     r0: 5 r1: 4534 r2: 5 r3: 59337 r4: 100 r5: 65514 sp: 65508 pc: 5210        N: 0 Z: 0 V: 0 C: 0      
5210:   swab r3                       src: 59337                    r0: 5 r1: 4534 r2: 5 r3: 51687 r4: 100 r5: 65514 sp: 65508 pc: 5212        N: 1 Z: 0 V: 0 C: 0      
5212:   sob r2, 5204.                 src: 5         dst: 68        r0: 5 r1: 4534 r2: 4 r3: 51687 r4: 100 r5: 65514 sp: 65508 pc: 5204        N: 1 Z: 0 V: 0 C: 0      
5204:   movb (r1)+, r4                src: 0         dst: 100       r0: 5 r1: 4535 r2: 4 r3: 51687 r4: 0 r5: 65514 sp: 65508 pc: 5206          N: 0 Z: 1 V: 0 C: 0      
5206:   beq 5214.                     src: 2562                     r0: 5 r1: 4535 r2: 4 r3: 51687 r4: 0 r5: 65514 sp: 65508 pc: 5214          N: 0 Z: 1 V: 0 C: 0      
5214:   clr r2                        src: 4                        r0: 5 r1: 4535 r2: 0 r3: 51687 r4: 0 r5: 65514 sp: 65508 pc: 5216          N: 0 Z: 1 V: 0 C: 0      
5216:   div $hshsiz, r2               src: 1553      dst: 0         r0: 5 r1: 4535 r2: 33 r3: 438 r4: 0 r5: 65514 sp: 65508 pc: 5220           N: 0 Z: 0 V: 0 C: 0      
5220:   ashc $1., r2                  src: 1         dst: 33        r0: 5 r1: 4535 r2: 66 r3: 876 r4: 0 r5: 65514 sp: 65508 pc: 5224           N: 0 Z: 0 V: 0 C: 0      
5224:   add $hshtab, r3               src: 5722      dst: 876       r0: 5 r1: 4535 r2: 66 r3: 6598 r4: 0 r5: 65514 sp: 65508 pc: 5228          N: 0 Z: 0 V: 0 C: 0      
5228:   sub r2, r3                    src: 66        dst: 6598      r0: 5 r1: 4535 r2: 66 r3: 6532 r4: 0 r5: 65514 sp: 65508 pc: 5230          N: 0 Z: 0 V: 0 C: 0      
5230:   cmp r3, $hshtab               src: 6532      dst: 5722      r0: 5 r1: 4535 r2: 66 r3: 6532 r4: 0 r5: 65514 sp: 65508 pc: 5234          N: 0 Z: 0 V: 0 C: 0      
5234:   bhi 5240.                     src: 3043                     r0: 5 r1: 4535 r2: 66 r3: 6532 r4: 0 r5: 65514 sp: 65508 pc: 5240          N: 0 Z: 0 V: 0 C: 0      
5240:   tst -(r3)                     src: 0                        r0: 5 r1: 4535 r2: 66 r3: 6530 r4: 0 r5: 65514 sp: 65508 pc: 5242          N: 0 Z: 1 V: 0 C: 0      
5242:   bne 5228.                     src: 57475                    r0: 5 r1: 4535 r2: 66 r3: 6530 r4: 0 r5: 65514 sp: 65508 pc: 5244          N: 0 Z: 1 V: 0 C: 0      
5244:   mov (sp)+, r1                 src: 4530      dst: 4535      r0: 5 r1: 4530 r2: 66 r3: 6530 r4: 0 r5: 65514 sp: 65510 pc: 5246          N: 0 Z: 0 V: 0 C: 0      
5246:   mov r1, (r3)                  src: 4530      dst: 0         r0: 5 r1: 4530 r2: 66 r3: 6530 r4: 0 r5: 65514 sp: 65510 pc: 5248          N: 0 Z: 0 V: 0 C: 0      
5248:   add $12., r1                  src: 12        dst: 4530      r0: 5 r1: 4542 r2: 66 r3: 6530 r4: 0 r5: 65514 sp: 65510 pc: 5252          N: 0 Z: 0 V: 0 C: 0      
5252:   cmp r1, $ebsymtab             src: 4542      dst: 5118      r0: 5 r1: 4542 r2: 66 r3: 6530 r4: 0 r5: 65514 sp: 65510 pc: 5256          N: 1 Z: 0 V: 0 C: 1      
5256:   bcs 5196.                     src: 2563                     r0: 5 r1: 4542 r2: 66 r3: 6530 r4: 0 r5: 65514 sp: 65510 pc: 5196          N: 1 Z: 0 V: 0 C: 1      
5196:   clr r3                        src: 6530                     r0: 5 r1: 4542 r2: 66 r3: 0 r4: 0 r5: 65514 sp: 65510 pc: 5198             N: 0 Z: 1 V: 0 C: 0      
5198:   mov $8., r2                   src: 8         dst: 66        r0: 5 r1: 4542 r2: 8 r3: 0 r4: 0 r5: 65514 sp: 65510 pc: 5202              N: 0 Z: 0 V: 0 C: 0      
5202:   mov r1, -(sp)                 src: 4542      dst: 4530      r0: 5 r1: 4542 r2: 8 r3: 0 r4: 0 r5: 65514 sp: 65508 pc: 5204              N: 0 Z: 0 V: 0 C: 0      
5204:   movb (r1)+, r4                src: 115       dst: 0         r0: 5 r1: 4543 r2: 8 r3: 0 r4: 115 r5: 65514 sp: 65508 pc: 5206            N: 0 Z: 0 V: 0 C: 0      
5206:   beq 5214.                     src: 2562                     r0: 5 r1: 4543 r2: 8 r3: 0 r4: 115 r5: 65514 sp: 65508 pc: 5208            N: 0 Z: 0 V: 0 C: 0      
5208:   add r4, r3                    src: 115       dst: 0         r0: 5 r1: 4543 r2: 8 r3: 115 r4: 115 r5: 65514 sp: 65508 pc: 5210          N: 0 Z: 0 V: 0 C: 0      
5210:   swab r3                       src: 115                      r0: 5 r1: 4543 r2: 8 r3: 29440 r4: 115 r5: 65514 sp: 65508 pc: 5212        N: 0 Z: 1 V: 0 C: 0      
5212:   sob r2, 5204.                 src: 8         dst: 68        r0: 5 r1: 4543 r2: 7 r3: 29440 r4: 115 r5: 65514 sp: 65508 pc: 5204        N: 0 Z: 1 V: 0 C: 0      
5204:   movb (r1)+, r4                src: 101       dst: 115       r0: 5 r1: 4544 r2: 7 r3: 29440 r4: 101 r5: 65514 sp: 65508 pc: 5206        N: 0 Z: 0 V: 0 C: 0      
5206:   beq 5214.                     src: 2562                     r0: 5 r1: 4544 r2: 7 r3: 29440 r4: 101 r5: 65514 sp: 65508 pc: 5208        N: 0 Z: 0 V: 0 C: 0      
5208:   add r4, r3                    src: 101       dst: 29440     r0: 5 r1: 4544 r2: 7 r3: 29541 r4: 101 r5: 65514 sp: 65508 pc: 5210        N: 0 Z: 0 V: 0 C: 0      
5210:   swab r3                       src: 29541                    r0: 5 r1: 4544 r2: 7 r3: 25971 r4: 101 r5: 65514 sp: 65508 pc: 5212        N: 0 Z: 0 V: 0 C: 0      
5212:   sob r2, 5204.                 src: 7         dst: 68        r0: 5 r1: 4544 r2: 6 r3: 25971 r4: 101 r5: 65514 sp: 65508 pc: 5204        N: 0 Z: 0 V: 0 C: 0      
5204:   movb (r1)+, r4                src: 116       dst: 101       r0: 5 r1: 4545 r2: 6 r3: 25971 r4: 116 r5: 65514 sp: 65508 pc: 5206        N: 0 Z: 0 V: 0 C: 0      
5206:   beq 5214.                     src: 2562                     r0: 5 r1: 4545 r2: 6 r3: 25971 r4: 116 r5: 65514 sp: 65508 pc: 5208        N: 0 Z: 0 V: 0 C: 0      
5208:   add r4, r3                    src: 116       dst: 25971     r0: 5 r1: 4545 r2: 6 r3: 26087 r4: 116 r5: 65514 sp: 65508 pc: 5210        N: 0 Z: 0 V: 0 C: 0      
5210:   swab r3                       src: 26087                    r0: 5 r1: 4545 r2: 6 r3: 59237 r4: 116 r5: 65514 sp: 65508 pc: 5212        N: 0 Z: 0 V: 0 C: 0      
5212:   sob r2, 5204.                 src: 6         dst: 68        r0: 5 r1: 4545 r2: 5 r3: 59237 r4: 116 r5: 65514 sp: 65508 pc: 5204        N: 0 Z: 0 V: 0 C: 0      
5204:   movb (r1)+, r4                src: 105       dst: 116       r0: 5 r1: 4546 r2: 5 r3: 59237 r4: 105 r5: 65514 sp: 65508 pc: 5206        N: 0 Z: 0 V: 0 C: 0      
5206:   beq 5214.                     src: 2562                     r0: 5 r1: 4546 r2: 5 r3: 59237 r4: 105 r5: 65514 sp: 65508 pc: 5208        N: 0 Z: 0 V: 0 C: 0      
5208:   add r4, r3                    src: 105       dst: 59237     r0: 5 r1: 4546 r2: 5 r3: 59342 r4: 105 r5: 65514 sp: 65508 pc: 5210        N: 0 Z: 0 V: 0 C: 0      
5210:   swab r3                       src: 59342                    r0: 5 r1: 4546 r2: 5 r3: 52967 r4: 105 r5: 65514 sp: 65508 pc: 5212        N: 1 Z: 0 V: 0 C: 0      
5212:   sob r2, 5204.                 src: 5         dst: 68        r0: 5 r1: 4546 r2: 4 r3: 52967 r4: 105 r5: 65514 sp: 65508 pc: 5204        N: 1 Z: 0 V: 0 C: 0      
5204:   movb (r1)+, r4                src: 0         dst: 105       r0: 5 r1: 4547 r2: 4 r3: 52967 r4: 0 r5: 65514 sp: 65508 pc: 5206          N: 0 Z: 1 V: 0 C: 0      
5206:   beq 5214.                     src: 2562                     r0: 5 r1: 4547 r2: 4 r3: 52967 r4: 0 r5: 65514 sp: 65508 pc: 5214          N: 0 Z: 1 V: 0 C: 0      
5214:   clr r2                        src: 4                        r0: 5 r1: 4547 r2: 0 r3: 52967 r4: 0 r5: 65514 sp: 65508 pc: 5216          N: 0 Z: 1 V: 0 C: 0      
5216:   div $hshsiz, r2               src: 1553      dst: 0         r0: 5 r1: 4547 r2: 34 r3: 165 r4: 0 r5: 65514 sp: 65508 pc: 5220           N: 0 Z: 0 V: 0 C: 0      
5220:   ashc $1., r2                  src: 1         dst: 34        r0: 5 r1: 4547 r2: 68 r3: 330 r4: 0 r5: 65514 sp: 65508 pc: 5224           N: 0 Z: 0 V: 0 C: 0      
5224:   add $hshtab, r3               src: 5722      dst: 330       r0: 5 r1: 4547 r2: 68 r3: 6052 r4: 0 r5: 65514 sp: 65508 pc: 5228          N: 0 Z: 0 V: 0 C: 0      
5228:   sub r2, r3                    src: 68        dst: 6052      r0: 5 r1: 4547 r2: 68 r3: 5984 r4: 0 r5: 65514 sp: 65508 pc: 5230          N: 0 Z: 0 V: 0 C: 0      
5230:   cmp r3, $hshtab               src: 5984      dst: 5722      r0: 5 r1: 4547 r2: 68 r3: 5984 r4: 0 r5: 65514 sp: 65508 pc: 5234          N: 0 Z: 0 V: 0 C: 0      
5234:   bhi 5240.                     src: 3043                     r0: 5 r1: 4547 r2: 68 r3: 5984 r4: 0 r5: 65514 sp: 65508 pc: 5240          N: 0 Z: 0 V: 0 C: 0      
5240:   tst -(r3)                     src: 0                        r0: 5 r1: 4547 r2: 68 r3: 5982 r4: 0 r5: 65514 sp: 65508 pc: 5242          N: 0 Z: 1 V: 0 C: 0      
5242:   bne 5228.                     src: 57475                    r0: 5 r1: 4547 r2: 68 r3: 5982 r4: 0 r5: 65514 sp: 65508 pc: 5244          N: 0 Z: 1 V: 0 C: 0      
5244:   mov (sp)+, r1                 src: 4542      dst: 4547      r0: 5 r1: 4542 r2: 68 r3: 5982 r4: 0 r5: 65514 sp: 65510 pc: 5246          N: 0 Z: 0 V: 0 C: 0      
5246:   mov r1, (r3)                  src: 4542      dst: 0         r0: 5 r1: 4542 r2: 68 r3: 5982 r4: 0 r5: 65514 sp: 65510 pc: 5248          N: 0 Z: 0 V: 0 C: 0      
5248:   add $12., r1                  src: 12        dst: 4542      r0: 5 r1: 4554 r2: 68 r3: 5982 r4: 0 r5: 65514 sp: 65510 pc: 5252          N: 0 Z: 0 V: 0 C: 0      
5252:   cmp r1, $ebsymtab             src: 4554      dst: 5118      r0: 5 r1: 4554 r2: 68 r3: 5982 r4: 0 r5: 65514 sp: 65510 pc: 5256          N: 1 Z: 0 V: 0 C: 1      
5256:   bcs 5196.                     src: 2563                     r0: 5 r1: 4554 r2: 68 r3: 5982 r4: 0 r5: 65514 sp: 65510 pc: 5196          N: 1 Z: 0 V: 0 C: 1      
5196:   clr r3                        src: 5982                     r0: 5 r1: 4554 r2: 68 r3: 0 r4: 0 r5: 65514 sp: 65510 pc: 5198             N: 0 Z: 1 V: 0 C: 0      
5198:   mov $8., r2                   src: 8         dst: 68        r0: 5 r1: 4554 r2: 8 r3: 0 r4: 0 r5: 65514 sp: 65510 pc: 5202              N: 0 Z: 0 V: 0 C: 0      
5202:   mov r1, -(sp)                 src: 4554      dst: 4542      r0: 5 r1: 4554 r2: 8 r3: 0 r4: 0 r5: 65514 sp: 65508 pc: 5204              N: 0 Z: 0 V: 0 C: 0      
5204:   movb (r1)+, r4                src: 115       dst: 0         r0: 5 r1: 4555 r2: 8 r3: 0 r4: 115 r5: 65514 sp: 65508 pc: 5206            N: 0 Z: 0 V: 0 C: 0      
5206:   beq 5214.                     src: 2562                     r0: 5 r1: 4555 r2: 8 r3: 0 r4: 115 r5: 65514 sp: 65508 pc: 5208            N: 0 Z: 0 V: 0 C: 0      
5208:   add r4, r3                    src: 115       dst: 0         r0: 5 r1: 4555 r2: 8 r3: 115 r4: 115 r5: 65514 sp: 65508 pc: 5210          N: 0 Z: 0 V: 0 C: 0      
5210:   swab r3                       src: 115                      r0: 5 r1: 4555 r2: 8 r3: 29440 r4: 115 r5: 65514 sp: 65508 pc: 5212        N: 0 Z: 1 V: 0 C: 0      
5212:   sob r2, 5204.                 src: 8         dst: 68        r0: 5 r1: 4555 r2: 7 r3: 29440 r4: 115 r5: 65514 sp: 65508 pc: 5204        N: 0 Z: 1 V: 0 C: 0      
5204:   movb (r1)+, r4                src: 101       dst: 115       r0: 5 r1: 4556 r2: 7 r3: 29440 r4: 101 r5: 65514 sp: 65508 pc: 5206        N: 0 Z: 0 V: 0 C: 0      
5206:   beq 5214.                     src: 2562                     r0: 5 r1: 4556 r2: 7 r3: 29440 r4: 101 r5: 65514 sp: 65508 pc: 5208        N: 0 Z: 0 V: 0 C: 0      
5208:   add r4, r3                    src: 101       dst: 29440     r0: 5 r1: 4556 r2: 7 r3: 29541 r4: 101 r5: 65514 sp: 65508 pc: 5210        N: 0 Z: 0 V: 0 C: 0      
5210:   swab r3                       src: 29541                    r0: 5 r1: 4556 r2: 7 r3: 25971 r4: 101 r5: 65514 sp: 65508 pc: 5212        N: 0 Z: 0 V: 0 C: 0      
5212:   sob r2, 5204.                 src: 7         dst: 68        r0: 5 r1: 4556 r2: 6 r3: 25971 r4: 101 r5: 65514 sp: 65508 pc: 5204        N: 0 Z: 0 V: 0 C: 0      
5204:   movb (r1)+, r4                src: 116       dst: 101       r0: 5 r1: 4557 r2: 6 r3: 25971 r4: 116 r5: 65514 sp: 65508 pc: 5206        N: 0 Z: 0 V: 0 C: 0      
5206:   beq 5214.                     src: 2562                     r0: 5 r1: 4557 r2: 6 r3: 25971 r4: 116 r5: 65514 sp: 65508 pc: 5208        N: 0 Z: 0 V: 0 C: 0      
5208:   add r4, r3                    src: 116       dst: 25971     r0: 5 r1: 4557 r2: 6 r3: 26087 r4: 116 r5: 65514 sp: 65508 pc: 5210        N: 0 Z: 0 V: 0 C: 0      
5210:   swab r3                       src: 26087                    r0: 5 r1: 4557 r2: 6 r3: 59237 r4: 116 r5: 65514 sp: 65508 pc: 5212        N: 0 Z: 0 V: 0 C: 0      
5212:   sob r2, 5204.                 src: 6         dst: 68        r0: 5 r1: 4557 r2: 5 r3: 59237 r4: 116 r5: 65514 sp: 65508 pc: 5204        N: 0 Z: 0 V: 0 C: 0      
5204:   movb (r1)+, r4                src: 108       dst: 116       r0: 5 r1: 4558 r2: 5 r3: 59237 r4: 108 r5: 65514 sp: 65508 pc: 5206        N: 0 Z: 0 V: 0 C: 0      
5206:   beq 5214.                     src: 2562                     r0: 5 r1: 4558 r2: 5 r3: 59237 r4: 108 r5: 65514 sp: 65508 pc: 5208        N: 0 Z: 0 V: 0 C: 0      
5208:   add r4, r3                    src: 108       dst: 59237     r0: 5 r1: 4558 r2: 5 r3: 59345 r4: 108 r5: 65514 sp: 65508 pc: 5210        N: 0 Z: 0 V: 0 C: 0      
5210:   swab r3                       src: 59345                    r0: 5 r1: 4558 r2: 5 r3: 53735 r4: 108 r5: 65514 sp: 65508 pc: 5212        N: 1 Z: 0 V: 0 C: 0      
5212:   sob r2, 5204.                 src: 5         dst: 68        r0: 5 r1: 4558 r2: 4 r3: 53735 r4: 108 r5: 65514 sp: 65508 pc: 5204        N: 1 Z: 0 V: 0 C: 0      
5204:   movb (r1)+, r4                src: 0         dst: 108       r0: 5 r1: 4559 r2: 4 r3: 53735 r4: 0 r5: 65514 sp: 65508 pc: 5206          N: 0 Z: 1 V: 0 C: 0      
5206:   beq 5214.                     src: 2562                     r0: 5 r1: 4559 r2: 4 r3: 53735 r4: 0 r5: 65514 sp: 65508 pc: 5214          N: 0 Z: 1 V: 0 C: 0      
5214:   clr r2                        src: 4                        r0: 5 r1: 4559 r2: 0 r3: 53735 r4: 0 r5: 65514 sp: 65508 pc: 5216          N: 0 Z: 1 V: 0 C: 0      
5216:   div $hshsiz, r2               src: 1553      dst: 0         r0: 5 r1: 4559 r2: 34 r3: 933 r4: 0 r5: 65514 sp: 65508 pc: 5220           N: 0 Z: 0 V: 0 C: 0      
5220:   ashc $1., r2                  src: 1         dst: 34        r0: 5 r1: 4559 r2: 68 r3: 1866 r4: 0 r5: 65514 sp: 65508 pc: 5224          N: 0 Z: 0 V: 0 C: 0      
5224:   add $hshtab, r3               src: 5722      dst: 1866      r0: 5 r1: 4559 r2: 68 r3: 7588 r4: 0 r5: 65514 sp: 65508 pc: 5228          N: 0 Z: 0 V: 0 C: 0      
5228:   sub r2, r3                    src: 68        dst: 7588      r0: 5 r1: 4559 r2: 68 r3: 7520 r4: 0 r5: 65514 sp: 65508 pc: 5230          N: 0 Z: 0 V: 0 C: 0      
5230:   cmp r3, $hshtab               src: 7520      dst: 5722      r0: 5 r1: 4559 r2: 68 r3: 7520 r4: 0 r5: 65514 sp: 65508 pc: 5234          N: 0 Z: 0 V: 0 C: 0      
5234:   bhi 5240.                     src: 3043                     r0: 5 r1: 4559 r2: 68 r3: 7520 r4: 0 r5: 65514 sp: 65508 pc: 5240          N: 0 Z: 0 V: 0 C: 0      
5240:   tst -(r3)                     src: 1                        r0: 5 r1: 4559 r2: 68 r3: 7518 r4: 0 r5: 65514 sp: 65508 pc: 5242          N: 0 Z: 0 V: 0 C: 0      
5242:   bne 5228.                     src: 57475                    r0: 5 r1: 4559 r2: 68 r3: 7518 r4: 0 r5: 65514 sp: 65508 pc: 5228          N: 0 Z: 0 V: 0 C: 0      
5228:   sub r2, r3                    src: 68        dst: 7518      r0: 5 r1: 4559 r2: 68 r3: 7450 r4: 0 r5: 65514 sp: 65508 pc: 5230          N: 0 Z: 0 V: 0 C: 0      
5230:   cmp r3, $hshtab               src: 7450      dst: 5722      r0: 5 r1: 4559 r2: 68 r3: 7450 r4: 0 r5: 65514 sp: 65508 pc: 5234          N: 0 Z: 0 V: 0 C: 0      
5234:   bhi 5240.                     src: 3043                     r0: 5 r1: 4559 r2: 68 r3: 7450 r4: 0 r5: 65514 sp: 65508 pc: 5240          N: 0 Z: 0 V: 0 C: 0      
5240:   tst -(r3)                     src: 0                        r0: 5 r1: 4559 r2: 68 r3: 7448 r4: 0 r5: 65514 sp: 65508 pc: 5242          N: 0 Z: 1 V: 0 C: 0      
5242:   bne 5228.                     src: 57475                    r0: 5 r1: 4559 r2: 68 r3: 7448 r4: 0 r5: 65514 sp: 65508 pc: 5244          N: 0 Z: 1 V: 0 C: 0      
5244:   mov (sp)+, r1                 src: 4554      dst: 4559      r0: 5 r1: 4554 r2: 68 r3: 7448 r4: 0 r5: 65514 sp: 65510 pc: 5246          N: 0 Z: 0 V: 0 C: 0      
5246:   mov r1, (r3)                  src: 4554      dst: 0         r0: 5 r1: 4554 r2: 68 r3: 7448 r4: 0 r5: 65514 sp: 65510 pc: 5248          N: 0 Z: 0 V: 0 C: 0      
5248:   add $12., r1                  src: 12        dst: 4554      r0: 5 r1: 4566 r2: 68 r3: 7448 r4: 0 r5: 65514 sp: 65510 pc: 5252          N: 0 Z: 0 V: 0 C: 0      
5252:   cmp r1, $ebsymtab             src: 4566      dst: 5118      r0: 5 r1: 4566 r2: 68 r3: 7448 r4: 0 r5: 65514 sp: 65510 pc: 5256          N: 1 Z: 0 V: 0 C: 1      
5256:   bcs 5196.                     src: 2563                     r0: 5 r1: 4566 r2: 68 r3: 7448 r4: 0 r5: 65514 sp: 65510 pc: 5196          N: 1 Z: 0 V: 0 C: 1      
5196:   clr r3                        src: 7448                     r0: 5 r1: 4566 r2: 68 r3: 0 r4: 0 r5: 65514 sp: 65510 pc: 5198             N: 0 Z: 1 V: 0 C: 0      
5198:   mov $8., r2                   src: 8         dst: 68        r0: 5 r1: 4566 r2: 8 r3: 0 r4: 0 r5: 65514 sp: 65510 pc: 5202              N: 0 Z: 0 V: 0 C: 0      
5202:   mov r1, -(sp)                 src: 4566      dst: 4554      r0: 5 r1: 4566 r2: 8 r3: 0 r4: 0 r5: 65514 sp: 65508 pc: 5204              N: 0 Z: 0 V: 0 C: 0      
5204:   movb (r1)+, r4                src: 99        dst: 0         r0: 5 r1: 4567 r2: 8 r3: 0 r4: 99 r5: 65514 sp: 65508 pc: 5206             N: 0 Z: 0 V: 0 C: 0      
5206:   beq 5214.                     src: 2562                     r0: 5 r1: 4567 r2: 8 r3: 0 r4: 99 r5: 65514 sp: 65508 pc: 5208             N: 0 Z: 0 V: 0 C: 0      
5208:   add r4, r3                    src: 99        dst: 0         r0: 5 r1: 4567 r2: 8 r3: 99 r4: 99 r5: 65514 sp: 65508 pc: 5210            N: 0 Z: 0 V: 0 C: 0      
5210:   swab r3                       src: 99                       r0: 5 r1: 4567 r2: 8 r3: 25344 r4: 99 r5: 65514 sp: 65508 pc: 5212         N: 0 Z: 1 V: 0 C: 0      
5212:   sob r2, 5204.                 src: 8         dst: 68        r0: 5 r1: 4567 r2: 7 r3: 25344 r4: 99 r5: 65514 sp: 65508 pc: 5204         N: 0 Z: 1 V: 0 C: 0      
5204:   movb (r1)+, r4                src: 108       dst: 99        r0: 5 r1: 4568 r2: 7 r3: 25344 r4: 108 r5: 65514 sp: 65508 pc: 5206        N: 0 Z: 0 V: 0 C: 0      
5206:   beq 5214.                     src: 2562                     r0: 5 r1: 4568 r2: 7 r3: 25344 r4: 108 r5: 65514 sp: 65508 pc: 5208        N: 0 Z: 0 V: 0 C: 0      
5208:   add r4, r3                    src: 108       dst: 25344     r0: 5 r1: 4568 r2: 7 r3: 25452 r4: 108 r5: 65514 sp: 65508 pc: 5210        N: 0 Z: 0 V: 0 C: 0      
5210:   swab r3                       src: 25452                    r0: 5 r1: 4568 r2: 7 r3: 27747 r4: 108 r5: 65514 sp: 65508 pc: 5212        N: 0 Z: 0 V: 0 C: 0      
5212:   sob r2, 5204.                 src: 7         dst: 68        r0: 5 r1: 4568 r2: 6 r3: 27747 r4: 108 r5: 65514 sp: 65508 pc: 5204        N: 0 Z: 0 V: 0 C: 0      
5204:   movb (r1)+, r4                src: 114       dst: 108       r0: 5 r1: 4569 r2: 6 r3: 27747 r4: 114 r5: 65514 sp: 65508 pc: 5206        N: 0 Z: 0 V: 0 C: 0      
5206:   beq 5214.                     src: 2562                     r0: 5 r1: 4569 r2: 6 r3: 27747 r4: 114 r5: 65514 sp: 65508 pc: 5208        N: 0 Z: 0 V: 0 C: 0      
5208:   add r4, r3                    src: 114       dst: 27747     r0: 5 r1: 4569 r2: 6 r3: 27861 r4: 114 r5: 65514 sp: 65508 pc: 5210        N: 0 Z: 0 V: 0 C: 0      
5210:   swab r3                       src: 27861                    r0: 5 r1: 4569 r2: 6 r3: 54636 r4: 114 r5: 65514 sp: 65508 pc: 5212        N: 0 Z: 0 V: 0 C: 0      
5212:   sob r2, 5204.                 src: 6         dst: 68        r0: 5 r1: 4569 r2: 5 r3: 54636 r4: 114 r5: 65514 sp: 65508 pc: 5204        N: 0 Z: 0 V: 0 C: 0      
5204:   movb (r1)+, r4                src: 102       dst: 114       r0: 5 r1: 4570 r2: 5 r3: 54636 r4: 102 r5: 65514 sp: 65508 pc: 5206        N: 0 Z: 0 V: 0 C: 0      
5206:   beq 5214.                     src: 2562                     r0: 5 r1: 4570 r2: 5 r3: 54636 r4: 102 r5: 65514 sp: 65508 pc: 5208        N: 0 Z: 0 V: 0 C: 0      
5208:   add r4, r3                    src: 102       dst: 54636     r0: 5 r1: 4570 r2: 5 r3: 54738 r4: 102 r5: 65514 sp: 65508 pc: 5210        N: 0 Z: 0 V: 0 C: 0      
5210:   swab r3                       src: 54738                    r0: 5 r1: 4570 r2: 5 r3: 53973 r4: 102 r5: 65514 sp: 65508 pc: 5212        N: 1 Z: 0 V: 0 C: 0      
5212:   sob r2, 5204.                 src: 5         dst: 68        r0: 5 r1: 4570 r2: 4 r3: 53973 r4: 102 r5: 65514 sp: 65508 pc: 5204        N: 1 Z: 0 V: 0 C: 0      
5204:   movb (r1)+, r4                src: 0         dst: 102       r0: 5 r1: 4571 r2: 4 r3: 53973 r4: 0 r5: 65514 sp: 65508 pc: 5206          N: 0 Z: 1 V: 0 C: 0      
5206:   beq 5214.                     src: 2562                     r0: 5 r1: 4571 r2: 4 r3: 53973 r4: 0 r5: 65514 sp: 65508 pc: 5214          N: 0 Z: 1 V: 0 C: 0      
5214:   clr r2                        src: 4                        r0: 5 r1: 4571 r2: 0 r3: 53973 r4: 0 r5: 65514 sp: 65508 pc: 5216          N: 0 Z: 1 V: 0 C: 0      
5216:   div $hshsiz, r2               src: 1553      dst: 0         r0: 5 r1: 4571 r2: 34 r3: 1171 r4: 0 r5: 65514 sp: 65508 pc: 5220          N: 0 Z: 0 V: 0 C: 0      
5220:   ashc $1., r2                  src: 1         dst: 34        r0: 5 r1: 4571 r2: 68 r3: 2342 r4: 0 r5: 65514 sp: 65508 pc: 5224          N: 0 Z: 0 V: 0 C: 0      
5224:   add $hshtab, r3               src: 5722      dst: 2342      r0: 5 r1: 4571 r2: 68 r3: 8064 r4: 0 r5: 65514 sp: 65508 pc: 5228          N: 0 Z: 0 V: 0 C: 0      
5228:   sub r2, r3                    src: 68        dst: 8064      r0: 5 r1: 4571 r2: 68 r3: 7996 r4: 0 r5: 65514 sp: 65508 pc: 5230          N: 0 Z: 0 V: 0 C: 0      
5230:   cmp r3, $hshtab               src: 7996      dst: 5722      r0: 5 r1: 4571 r2: 68 r3: 7996 r4: 0 r5: 65514 sp: 65508 pc: 5234          N: 0 Z: 0 V: 0 C: 0      
5234:   bhi 5240.                     src: 3043                     r0: 5 r1: 4571 r2: 68 r3: 7996 r4: 0 r5: 65514 sp: 65508 pc: 5240          N: 0 Z: 0 V: 0 C: 0      
5240:   tst -(r3)                     src: 0                        r0: 5 r1: 4571 r2: 68 r3: 7994 r4: 0 r5: 65514 sp: 65508 pc: 5242          N: 0 Z: 1 V: 0 C: 0      
5242:   bne 5228.                     src: 57475                    r0: 5 r1: 4571 r2: 68 r3: 7994 r4: 0 r5: 65514 sp: 65508 pc: 5244          N: 0 Z: 1 V: 0 C: 0      
5244:   mov (sp)+, r1                 src: 4566      dst: 4571      r0: 5 r1: 4566 r2: 68 r3: 7994 r4: 0 r5: 65514 sp: 65510 pc: 5246          N: 0 Z: 0 V: 0 C: 0      
5246:   mov r1, (r3)                  src: 4566      dst: 0         r0: 5 r1: 4566 r2: 68 r3: 7994 r4: 0 r5: 65514 sp: 65510 pc: 5248          N: 0 Z: 0 V: 0 C: 0      
5248:   add $12., r1                  src: 12        dst: 4566      r0: 5 r1: 4578 r2: 68 r3: 7994 r4: 0 r5: 65514 sp: 65510 pc: 5252          N: 0 Z: 0 V: 0 C: 0      
5252:   cmp r1, $ebsymtab             src: 4578      dst: 5118      r0: 5 r1: 4578 r2: 68 r3: 7994 r4: 0 r5: 65514 sp: 65510 pc: 5256          N: 1 Z: 0 V: 0 C: 1      
5256:   bcs 5196.                     src: 2563                     r0: 5 r1: 4578 r2: 68 r3: 7994 r4: 0 r5: 65514 sp: 65510 pc: 5196          N: 1 Z: 0 V: 0 C: 1      
5196:   clr r3                        src: 7994                     r0: 5 r1: 4578 r2: 68 r3: 0 r4: 0 r5: 65514 sp: 65510 pc: 5198             N: 0 Z: 1 V: 0 C: 0      
5198:   mov $8., r2                   src: 8         dst: 68        r0: 5 r1: 4578 r2: 8 r3: 0 r4: 0 r5: 65514 sp: 65510 pc: 5202              N: 0 Z: 0 V: 0 C: 0      
5202:   mov r1, -(sp)                 src: 4578      dst: 4566      r0: 5 r1: 4578 r2: 8 r3: 0 r4: 0 r5: 65514 sp: 65508 pc: 5204              N: 0 Z: 0 V: 0 C: 0      
5204:   movb (r1)+, r4                src: 110       dst: 0         r0: 5 r1: 4579 r2: 8 r3: 0 r4: 110 r5: 65514 sp: 65508 pc: 5206            N: 0 Z: 0 V: 0 C: 0      
5206:   beq 5214.                     src: 2562                     r0: 5 r1: 4579 r2: 8 r3: 0 r4: 110 r5: 65514 sp: 65508 pc: 5208            N: 0 Z: 0 V: 0 C: 0      
5208:   add r4, r3                    src: 110       dst: 0         r0: 5 r1: 4579 r2: 8 r3: 110 r4: 110 r5: 65514 sp: 65508 pc: 5210          N: 0 Z: 0 V: 0 C: 0      
5210:   swab r3                       src: 110                      r0: 5 r1: 4579 r2: 8 r3: 28160 r4: 110 r5: 65514 sp: 65508 pc: 5212        N: 0 Z: 1 V: 0 C: 0      
5212:   sob r2, 5204.                 src: 8         dst: 68        r0: 5 r1: 4579 r2: 7 r3: 28160 r4: 110 r5: 65514 sp: 65508 pc: 5204        N: 0 Z: 1 V: 0 C: 0      
5204:   movb (r1)+, r4                src: 101       dst: 110       r0: 5 r1: 4580 r2: 7 r3: 28160 r4: 101 r5: 65514 sp: 65508 pc: 5206        N: 0 Z: 0 V: 0 C: 0      
5206:   beq 5214.                     src: 2562                     r0: 5 r1: 4580 r2: 7 r3: 28160 r4: 101 r5: 65514 sp: 65508 pc: 5208        N: 0 Z: 0 V: 0 C: 0      
5208:   add r4, r3                    src: 101       dst: 28160     r0: 5 r1: 4580 r2: 7 r3: 28261 r4: 101 r5: 65514 sp: 65508 pc: 5210        N: 0 Z: 0 V: 0 C: 0      
5210:   swab r3                       src: 28261                    r0: 5 r1: 4580 r2: 7 r3: 25966 r4: 101 r5: 65514 sp: 65508 pc: 5212        N: 0 Z: 0 V: 0 C: 0      
5212:   sob r2, 5204.                 src: 7         dst: 68        r0: 5 r1: 4580 r2: 6 r3: 25966 r4: 101 r5: 65514 sp: 65508 pc: 5204        N: 0 Z: 0 V: 0 C: 0      
5204:   movb (r1)+, r4                src: 103       dst: 101       r0: 5 r1: 4581 r2: 6 r3: 25966 r4: 103 r5: 65514 sp: 65508 pc: 5206        N: 0 Z: 0 V: 0 C: 0      
5206:   beq 5214.                     src: 2562                     r0: 5 r1: 4581 r2: 6 r3: 25966 r4: 103 r5: 65514 sp: 65508 pc: 5208        N: 0 Z: 0 V: 0 C: 0      
5208:   add r4, r3                    src: 103       dst: 25966     r0: 5 r1: 4581 r2: 6 r3: 26069 r4: 103 r5: 65514 sp: 65508 pc: 5210        N: 0 Z: 0 V: 0 C: 0      
5210:   swab r3                       src: 26069                    r0: 5 r1: 4581 r2: 6 r3: 54629 r4: 103 r5: 65514 sp: 65508 pc: 5212        N: 0 Z: 0 V: 0 C: 0      
5212:   sob r2, 5204.                 src: 6         dst: 68        r0: 5 r1: 4581 r2: 5 r3: 54629 r4: 103 r5: 65514 sp: 65508 pc: 5204        N: 0 Z: 0 V: 0 C: 0      
5204:   movb (r1)+, r4                src: 102       dst: 103       r0: 5 r1: 4582 r2: 5 r3: 54629 r4: 102 r5: 65514 sp: 65508 pc: 5206        N: 0 Z: 0 V: 0 C: 0      
5206:   beq 5214.                     src: 2562                     r0: 5 r1: 4582 r2: 5 r3: 54629 r4: 102 r5: 65514 sp: 65508 pc: 5208        N: 0 Z: 0 V: 0 C: 0      
5208:   add r4, r3                    src: 102       dst: 54629     r0: 5 r1: 4582 r2: 5 r3: 54731 r4: 102 r5: 65514 sp: 65508 pc: 5210        N: 0 Z: 0 V: 0 C: 0      
5210:   swab r3                       src: 54731                    r0: 5 r1: 4582 r2: 5 r3: 52181 r4: 102 r5: 65514 sp: 65508 pc: 5212        N: 1 Z: 0 V: 0 C: 0      
5212:   sob r2, 5204.                 src: 5         dst: 68        r0: 5 r1: 4582 r2: 4 r3: 52181 r4: 102 r5: 65514 sp: 65508 pc: 5204        N: 1 Z: 0 V: 0 C: 0      
5204:   movb (r1)+, r4                src: 0         dst: 102       r0: 5 r1: 4583 r2: 4 r3: 52181 r4: 0 r5: 65514 sp: 65508 pc: 5206          N: 0 Z: 1 V: 0 C: 0      
5206:   beq 5214.                     src: 2562                     r0: 5 r1: 4583 r2: 4 r3: 52181 r4: 0 r5: 65514 sp: 65508 pc: 5214          N: 0 Z: 1 V: 0 C: 0      
5214:   clr r2                        src: 4                        r0: 5 r1: 4583 r2: 0 r3: 52181 r4: 0 r5: 65514 sp: 65508 pc: 5216          N: 0 Z: 1 V: 0 C: 0      
5216:   div $hshsiz, r2               src: 1553      dst: 0         r0: 5 r1: 4583 r2: 33 r3: 932 r4: 0 r5: 65514 sp: 65508 pc: 5220           N: 0 Z: 0 V: 0 C: 0      
5220:   ashc $1., r2                  src: 1         dst: 33        r0: 5 r1: 4583 r2: 66 r3: 1864 r4: 0 r5: 65514 sp: 65508 pc: 5224          N: 0 Z: 0 V: 0 C: 0      
5224:   add $hshtab, r3               src: 5722      dst: 1864      r0: 5 r1: 4583 r2: 66 r3: 7586 r4: 0 r5: 65514 sp: 65508 pc: 5228          N: 0 Z: 0 V: 0 C: 0      
5228:   sub r2, r3                    src: 66        dst: 7586      r0: 5 r1: 4583 r2: 66 r3: 7520 r4: 0 r5: 65514 sp: 65508 pc: 5230          N: 0 Z: 0 V: 0 C: 0      
5230:   cmp r3, $hshtab               src: 7520      dst: 5722      r0: 5 r1: 4583 r2: 66 r3: 7520 r4: 0 r5: 65514 sp: 65508 pc: 5234          N: 0 Z: 0 V: 0 C: 0      
5234:   bhi 5240.                     src: 3043                     r0: 5 r1: 4583 r2: 66 r3: 7520 r4: 0 r5: 65514 sp: 65508 pc: 5240          N: 0 Z: 0 V: 0 C: 0      
5240:   tst -(r3)                     src: 1                        r0: 5 r1: 4583 r2: 66 r3: 7518 r4: 0 r5: 65514 sp: 65508 pc: 5242          N: 0 Z: 0 V: 0 C: 0      
5242:   bne 5228.                     src: 57475                    r0: 5 r1: 4583 r2: 66 r3: 7518 r4: 0 r5: 65514 sp: 65508 pc: 5228          N: 0 Z: 0 V: 0 C: 0      
5228:   sub r2, r3                    src: 66        dst: 7518      r0: 5 r1: 4583 r2: 66 r3: 7452 r4: 0 r5: 65514 sp: 65508 pc: 5230          N: 0 Z: 0 V: 0 C: 0      
5230:   cmp r3, $hshtab               src: 7452      dst: 5722      r0: 5 r1: 4583 r2: 66 r3: 7452 r4: 0 r5: 65514 sp: 65508 pc: 5234          N: 0 Z: 0 V: 0 C: 0      
5234:   bhi 5240.                     src: 3043                     r0: 5 r1: 4583 r2: 66 r3: 7452 r4: 0 r5: 65514 sp: 65508 pc: 5240          N: 0 Z: 0 V: 0 C: 0      
5240:   tst -(r3)                     src: 1                        r0: 5 r1: 4583 r2: 66 r3: 7450 r4: 0 r5: 65514 sp: 65508 pc: 5242          N: 0 Z: 0 V: 0 C: 0      
5242:   bne 5228.                     src: 57475                    r0: 5 r1: 4583 r2: 66 r3: 7450 r4: 0 r5: 65514 sp: 65508 pc: 5228          N: 0 Z: 0 V: 0 C: 0      
5228:   sub r2, r3                    src: 66        dst: 7450      r0: 5 r1: 4583 r2: 66 r3: 7384 r4: 0 r5: 65514 sp: 65508 pc: 5230          N: 0 Z: 0 V: 0 C: 0      
5230:   cmp r3, $hshtab               src: 7384      dst: 5722      r0: 5 r1: 4583 r2: 66 r3: 7384 r4: 0 r5: 65514 sp: 65508 pc: 5234          N: 0 Z: 0 V: 0 C: 0      
5234:   bhi 5240.                     src: 3043                     r0: 5 r1: 4583 r2: 66 r3: 7384 r4: 0 r5: 65514 sp: 65508 pc: 5240          N: 0 Z: 0 V: 0 C: 0      
5240:   tst -(r3)                     src: 2                        r0: 5 r1: 4583 r2: 66 r3: 7382 r4: 0 r5: 65514 sp: 65508 pc: 5242          N: 0 Z: 0 V: 0 C: 0      
5242:   bne 5228.                     src: 57475                    r0: 5 r1: 4583 r2: 66 r3: 7382 r4: 0 r5: 65514 sp: 65508 pc: 5228          N: 0 Z: 0 V: 0 C: 0      
5228:   sub r2, r3                    src: 66        dst: 7382      r0: 5 r1: 4583 r2: 66 r3: 7316 r4: 0 r5: 65514 sp: 65508 pc: 5230          N: 0 Z: 0 V: 0 C: 0      
5230:   cmp r3, $hshtab               src: 7316      dst: 5722      r0: 5 r1: 4583 r2: 66 r3: 7316 r4: 0 r5: 65514 sp: 65508 pc: 5234          N: 0 Z: 0 V: 0 C: 0      
5234:   bhi 5240.                     src: 3043                     r0: 5 r1: 4583 r2: 66 r3: 7316 r4: 0 r5: 65514 sp: 65508 pc: 5240          N: 0 Z: 0 V: 0 C: 0      
5240:   tst -(r3)                     src: 1                        r0: 5 r1: 4583 r2: 66 r3: 7314 r4: 0 r5: 65514 sp: 65508 pc: 5242          N: 0 Z: 0 V: 0 C: 0      
5242:   bne 5228.                     src: 57475                    r0: 5 r1: 4583 r2: 66 r3: 7314 r4: 0 r5: 65514 sp: 65508 pc: 5228          N: 0 Z: 0 V: 0 C: 0      
5228:   sub r2, r3                    src: 66        dst: 7314      r0: 5 r1: 4583 r2: 66 r3: 7248 r4: 0 r5: 65514 sp: 65508 pc: 5230          N: 0 Z: 0 V: 0 C: 0      
5230:   cmp r3, $hshtab               src: 7248      dst: 5722      r0: 5 r1: 4583 r2: 66 r3: 7248 r4: 0 r5: 65514 sp: 65508 pc: 5234          N: 0 Z: 0 V: 0 C: 0      
5234:   bhi 5240.                     src: 3043                     r0: 5 r1: 4583 r2: 66 r3: 7248 r4: 0 r5: 65514 sp: 65508 pc: 5240          N: 0 Z: 0 V: 0 C: 0      
5240:   tst -(r3)                     src: 3570                     r0: 5 r1: 4583 r2: 66 r3: 7246 r4: 0 r5: 65514 sp: 65508 pc: 5242          N: 0 Z: 0 V: 0 C: 0      
5242:   bne 5228.                     src: 57475                    r0: 5 r1: 4583 r2: 66 r3: 7246 r4: 0 r5: 65514 sp: 65508 pc: 5228          N: 0 Z: 0 V: 0 C: 0      
5228:   sub r2, r3                    src: 66        dst: 7246      r0: 5 r1: 4583 r2: 66 r3: 7180 r4: 0 r5: 65514 sp: 65508 pc: 5230          N: 0 Z: 0 V: 0 C: 0      
5230:   cmp r3, $hshtab               src: 7180      dst: 5722      r0: 5 r1: 4583 r2: 66 r3: 7180 r4: 0 r5: 65514 sp: 65508 pc: 5234          N: 0 Z: 0 V: 0 C: 0      
5234:   bhi 5240.                     src: 3043                     r0: 5 r1: 4583 r2: 66 r3: 7180 r4: 0 r5: 65514 sp: 65508 pc: 5240          N: 0 Z: 0 V: 0 C: 0      
5240:   tst -(r3)                     src: 0                        r0: 5 r1: 4583 r2: 66 r3: 7178 r4: 0 r5: 65514 sp: 65508 pc: 5242          N: 0 Z: 1 V: 0 C: 0      
5242:   bne 5228.                     src: 57475                    r0: 5 r1: 4583 r2: 66 r3: 7178 r4: 0 r5: 65514 sp: 65508 pc: 5244          N: 0 Z: 1 V: 0 C: 0      
5244:   mov (sp)+, r1                 src: 4578      dst: 4583      r0: 5 r1: 4578 r2: 66 r3: 7178 r4: 0 r5: 65514 sp: 65510 pc: 5246          N: 0 Z: 0 V: 0 C: 0      
5246:   mov r1, (r3)                  src: 4578      dst: 0         r0: 5 r1: 4578 r2: 66 r3: 7178 r4: 0 r5: 65514 sp: 65510 pc: 5248          N: 0 Z: 0 V: 0 C: 0      
5248:   add $12., r1                  src: 12        dst: 4578      r0: 5 r1: 4590 r2: 66 r3: 7178 r4: 0 r5: 65514 sp: 65510 pc: 5252          N: 0 Z: 0 V: 0 C: 0      
5252:   cmp r1, $ebsymtab             src: 4590      dst: 5118      r0: 5 r1: 4590 r2: 66 r3: 7178 r4: 0 r5: 65514 sp: 65510 pc: 5256          N: 1 Z: 0 V: 0 C: 1      
5256:   bcs 5196.                     src: 2563                     r0: 5 r1: 4590 r2: 66 r3: 7178 r4: 0 r5: 65514 sp: 65510 pc: 5196          N: 1 Z: 0 V: 0 C: 1      
5196:   clr r3                        src: 7178                     r0: 5 r1: 4590 r2: 66 r3: 0 r4: 0 r5: 65514 sp: 65510 pc: 5198             N: 0 Z: 1 V: 0 C: 0      
5198:   mov $8., r2                   src: 8         dst: 66        r0: 5 r1: 4590 r2: 8 r3: 0 r4: 0 r5: 65514 sp: 65510 pc: 5202              N: 0 Z: 0 V: 0 C: 0      
5202:   mov r1, -(sp)                 src: 4590      dst: 4578      r0: 5 r1: 4590 r2: 8 r3: 0 r4: 0 r5: 65514 sp: 65508 pc: 5204              N: 0 Z: 0 V: 0 C: 0      
5204:   movb (r1)+, r4                src: 97        dst: 0         r0: 5 r1: 4591 r2: 8 r3: 0 r4: 97 r5: 65514 sp: 65508 pc: 5206             N: 0 Z: 0 V: 0 C: 0      
5206:   beq 5214.                     src: 2562                     r0: 5 r1: 4591 r2: 8 r3: 0 r4: 97 r5: 65514 sp: 65508 pc: 5208             N: 0 Z: 0 V: 0 C: 0      
5208:   add r4, r3                    src: 97        dst: 0         r0: 5 r1: 4591 r2: 8 r3: 97 r4: 97 r5: 65514 sp: 65508 pc: 5210            N: 0 Z: 0 V: 0 C: 0      
5210:   swab r3                       src: 97                       r0: 5 r1: 4591 r2: 8 r3: 24832 r4: 97 r5: 65514 sp: 65508 pc: 5212         N: 0 Z: 1 V: 0 C: 0      
5212:   sob r2, 5204.                 src: 8         dst: 68        r0: 5 r1: 4591 r2: 7 r3: 24832 r4: 97 r5: 65514 sp: 65508 pc: 5204         N: 0 Z: 1 V: 0 C: 0      
5204:   movb (r1)+, r4                src: 98        dst: 97        r0: 5 r1: 4592 r2: 7 r3: 24832 r4: 98 r5: 65514 sp: 65508 pc: 5206         N: 0 Z: 0 V: 0 C: 0      
5206:   beq 5214.                     src: 2562                     r0: 5 r1: 4592 r2: 7 r3: 24832 r4: 98 r5: 65514 sp: 65508 pc: 5208         N: 0 Z: 0 V: 0 C: 0      
5208:   add r4, r3                    src: 98        dst: 24832     r0: 5 r1: 4592 r2: 7 r3: 24930 r4: 98 r5: 65514 sp: 65508 pc: 5210         N: 0 Z: 0 V: 0 C: 0      
5210:   swab r3                       src: 24930                    r0: 5 r1: 4592 r2: 7 r3: 25185 r4: 98 r5: 65514 sp: 65508 pc: 5212         N: 0 Z: 0 V: 0 C: 0      
5212:   sob r2, 5204.                 src: 7         dst: 68        r0: 5 r1: 4592 r2: 6 r3: 25185 r4: 98 r5: 65514 sp: 65508 pc: 5204         N: 0 Z: 0 V: 0 C: 0      
5204:   movb (r1)+, r4                src: 115       dst: 98        r0: 5 r1: 4593 r2: 6 r3: 25185 r4: 115 r5: 65514 sp: 65508 pc: 5206        N: 0 Z: 0 V: 0 C: 0      
5206:   beq 5214.                     src: 2562                     r0: 5 r1: 4593 r2: 6 r3: 25185 r4: 115 r5: 65514 sp: 65508 pc: 5208        N: 0 Z: 0 V: 0 C: 0      
5208:   add r4, r3                    src: 115       dst: 25185     r0: 5 r1: 4593 r2: 6 r3: 25300 r4: 115 r5: 65514 sp: 65508 pc: 5210        N: 0 Z: 0 V: 0 C: 0      
5210:   swab r3                       src: 25300                    r0: 5 r1: 4593 r2: 6 r3: 54370 r4: 115 r5: 65514 sp: 65508 pc: 5212        N: 0 Z: 0 V: 0 C: 0      
5212:   sob r2, 5204.                 src: 6         dst: 68        r0: 5 r1: 4593 r2: 5 r3: 54370 r4: 115 r5: 65514 sp: 65508 pc: 5204        N: 0 Z: 0 V: 0 C: 0      
5204:   movb (r1)+, r4                src: 102       dst: 115       r0: 5 r1: 4594 r2: 5 r3: 54370 r4: 102 r5: 65514 sp: 65508 pc: 5206        N: 0 Z: 0 V: 0 C: 0      
5206:   beq 5214.                     src: 2562                     r0: 5 r1: 4594 r2: 5 r3: 54370 r4: 102 r5: 65514 sp: 65508 pc: 5208        N: 0 Z: 0 V: 0 C: 0      
5208:   add r4, r3                    src: 102       dst: 54370     r0: 5 r1: 4594 r2: 5 r3: 54472 r4: 102 r5: 65514 sp: 65508 pc: 5210        N: 0 Z: 0 V: 0 C: 0      
5210:   swab r3                       src: 54472                    r0: 5 r1: 4594 r2: 5 r3: 51412 r4: 102 r5: 65514 sp: 65508 pc: 5212        N: 1 Z: 0 V: 0 C: 0      
5212:   sob r2, 5204.                 src: 5         dst: 68        r0: 5 r1: 4594 r2: 4 r3: 51412 r4: 102 r5: 65514 sp: 65508 pc: 5204        N: 1 Z: 0 V: 0 C: 0      
5204:   movb (r1)+, r4                src: 0         dst: 102       r0: 5 r1: 4595 r2: 4 r3: 51412 r4: 0 r5: 65514 sp: 65508 pc: 5206          N: 0 Z: 1 V: 0 C: 0      
5206:   beq 5214.                     src: 2562                     r0: 5 r1: 4595 r2: 4 r3: 51412 r4: 0 r5: 65514 sp: 65508 pc: 5214          N: 0 Z: 1 V: 0 C: 0      
5214:   clr r2                        src: 4                        r0: 5 r1: 4595 r2: 0 r3: 51412 r4: 0 r5: 65514 sp: 65508 pc: 5216          N: 0 Z: 1 V: 0 C: 0      
5216:   div $hshsiz, r2               src: 1553      dst: 0         r0: 5 r1: 4595 r2: 33 r3: 163 r4: 0 r5: 65514 sp: 65508 pc: 5220           N: 0 Z: 0 V: 0 C: 0      
5220:   ashc $1., r2                  src: 1         dst: 33        r0: 5 r1: 4595 r2: 66 r3: 326 r4: 0 r5: 65514 sp: 65508 pc: 5224           N: 0 Z: 0 V: 0 C: 0      
5224:   add $hshtab, r3               src: 5722      dst: 326       r0: 5 r1: 4595 r2: 66 r3: 6048 r4: 0 r5: 65514 sp: 65508 pc: 5228          N: 0 Z: 0 V: 0 C: 0      
5228:   sub r2, r3                    src: 66        dst: 6048      r0: 5 r1: 4595 r2: 66 r3: 5982 r4: 0 r5: 65514 sp: 65508 pc: 5230          N: 0 Z: 0 V: 0 C: 0      
5230:   cmp r3, $hshtab               src: 5982      dst: 5722      r0: 5 r1: 4595 r2: 66 r3: 5982 r4: 0 r5: 65514 sp: 65508 pc: 5234          N: 0 Z: 0 V: 0 C: 0      
5234:   bhi 5240.                     src: 3043                     r0: 5 r1: 4595 r2: 66 r3: 5982 r4: 0 r5: 65514 sp: 65508 pc: 5240          N: 0 Z: 0 V: 0 C: 0      
5240:   tst -(r3)                     src: 0                        r0: 5 r1: 4595 r2: 66 r3: 5980 r4: 0 r5: 65514 sp: 65508 pc: 5242          N: 0 Z: 1 V: 0 C: 0      
5242:   bne 5228.                     src: 57475                    r0: 5 r1: 4595 r2: 66 r3: 5980 r4: 0 r5: 65514 sp: 65508 pc: 5244          N: 0 Z: 1 V: 0 C: 0      
5244:   mov (sp)+, r1                 src: 4590      dst: 4595      r0: 5 r1: 4590 r2: 66 r3: 5980 r4: 0 r5: 65514 sp: 65510 pc: 5246          N: 0 Z: 0 V: 0 C: 0      
5246:   mov r1, (r3)                  src: 4590      dst: 0         r0: 5 r1: 4590 r2: 66 r3: 5980 r4: 0 r5: 65514 sp: 65510 pc: 5248          N: 0 Z: 0 V: 0 C: 0      
5248:   add $12., r1                  src: 12        dst: 4590      r0: 5 r1: 4602 r2: 66 r3: 5980 r4: 0 r5: 65514 sp: 65510 pc: 5252          N: 0 Z: 0 V: 0 C: 0      
5252:   cmp r1, $ebsymtab             src: 4602      dst: 5118      r0: 5 r1: 4602 r2: 66 r3: 5980 r4: 0 r5: 65514 sp: 65510 pc: 5256          N: 1 Z: 0 V: 0 C: 1      
5256:   bcs 5196.                     src: 2563                     r0: 5 r1: 4602 r2: 66 r3: 5980 r4: 0 r5: 65514 sp: 65510 pc: 5196          N: 1 Z: 0 V: 0 C: 1      
5196:   clr r3                        src: 5980                     r0: 5 r1: 4602 r2: 66 r3: 0 r4: 0 r5: 65514 sp: 65510 pc: 5198             N: 0 Z: 1 V: 0 C: 0      
5198:   mov $8., r2                   src: 8         dst: 66        r0: 5 r1: 4602 r2: 8 r3: 0 r4: 0 r5: 65514 sp: 65510 pc: 5202              N: 0 Z: 0 V: 0 C: 0      
5202:   mov r1, -(sp)                 src: 4602      dst: 4590      r0: 5 r1: 4602 r2: 8 r3: 0 r4: 0 r5: 65514 sp: 65508 pc: 5204              N: 0 Z: 0 V: 0 C: 0      
5204:   movb (r1)+, r4                src: 116       dst: 0         r0: 5 r1: 4603 r2: 8 r3: 0 r4: 116 r5: 65514 sp: 65508 pc: 5206            N: 0 Z: 0 V: 0 C: 0      
5206:   beq 5214.                     src: 2562                     r0: 5 r1: 4603 r2: 8 r3: 0 r4: 116 r5: 65514 sp: 65508 pc: 5208            N: 0 Z: 0 V: 0 C: 0      
5208:   add r4, r3                    src: 116       dst: 0         r0: 5 r1: 4603 r2: 8 r3: 116 r4: 116 r5: 65514 sp: 65508 pc: 5210          N: 0 Z: 0 V: 0 C: 0      
5210:   swab r3                       src: 116                      r0: 5 r1: 4603 r2: 8 r3: 29696 r4: 116 r5: 65514 sp: 65508 pc: 5212        N: 0 Z: 1 V: 0 C: 0      
5212:   sob r2, 5204.                 src: 8         dst: 68        r0: 5 r1: 4603 r2: 7 r3: 29696 r4: 116 r5: 65514 sp: 65508 pc: 5204        N: 0 Z: 1 V: 0 C: 0      
5204:   movb (r1)+, r4                src: 115       dst: 116       r0: 5 r1: 4604 r2: 7 r3: 29696 r4: 115 r5: 65514 sp: 65508 pc: 5206        N: 0 Z: 0 V: 0 C: 0      
5206:   beq 5214.                     src: 2562                     r0: 5 r1: 4604 r2: 7 r3: 29696 r4: 115 r5: 65514 sp: 65508 pc: 5208        N: 0 Z: 0 V: 0 C: 0      
5208:   add r4, r3                    src: 115       dst: 29696     r0: 5 r1: 4604 r2: 7 r3: 29811 r4: 115 r5: 65514 sp: 65508 pc: 5210        N: 0 Z: 0 V: 0 C: 0      
5210:   swab r3                       src: 29811                    r0: 5 r1: 4604 r2: 7 r3: 29556 r4: 115 r5: 65514 sp: 65508 pc: 5212        N: 0 Z: 0 V: 0 C: 0      
5212:   sob r2, 5204.                 src: 7         dst: 68        r0: 5 r1: 4604 r2: 6 r3: 29556 r4: 115 r5: 65514 sp: 65508 pc: 5204        N: 0 Z: 0 V: 0 C: 0      
5204:   movb (r1)+, r4                src: 116       dst: 115       r0: 5 r1: 4605 r2: 6 r3: 29556 r4: 116 r5: 65514 sp: 65508 pc: 5206        N: 0 Z: 0 V: 0 C: 0      
5206:   beq 5214.                     src: 2562                     r0: 5 r1: 4605 r2: 6 r3: 29556 r4: 116 r5: 65514 sp: 65508 pc: 5208        N: 0 Z: 0 V: 0 C: 0      
5208:   add r4, r3                    src: 116       dst: 29556     r0: 5 r1: 4605 r2: 6 r3: 29672 r4: 116 r5: 65514 sp: 65508 pc: 5210        N: 0 Z: 0 V: 0 C: 0      
5210:   swab r3                       src: 29672                    r0: 5 r1: 4605 r2: 6 r3: 59507 r4: 116 r5: 65514 sp: 65508 pc: 5212        N: 0 Z: 0 V: 0 C: 0      
5212:   sob r2, 5204.                 src: 6         dst: 68        r0: 5 r1: 4605 r2: 5 r3: 59507 r4: 116 r5: 65514 sp: 65508 pc: 5204        N: 0 Z: 0 V: 0 C: 0      
5204:   movb (r1)+, r4                src: 102       dst: 116       r0: 5 r1: 4606 r2: 5 r3: 59507 r4: 102 r5: 65514 sp: 65508 pc: 5206        N: 0 Z: 0 V: 0 C: 0      
5206:   beq 5214.                     src: 2562                     r0: 5 r1: 4606 r2: 5 r3: 59507 r4: 102 r5: 65514 sp: 65508 pc: 5208        N: 0 Z: 0 V: 0 C: 0      
5208:   add r4, r3                    src: 102       dst: 59507     r0: 5 r1: 4606 r2: 5 r3: 59609 r4: 102 r5: 65514 sp: 65508 pc: 5210        N: 0 Z: 0 V: 0 C: 0      
5210:   swab r3                       src: 59609                    r0: 5 r1: 4606 r2: 5 r3: 55784 r4: 102 r5: 65514 sp: 65508 pc: 5212        N: 1 Z: 0 V: 0 C: 0      
5212:   sob r2, 5204.                 src: 5         dst: 68        r0: 5 r1: 4606 r2: 4 r3: 55784 r4: 102 r5: 65514 sp: 65508 pc: 5204        N: 1 Z: 0 V: 0 C: 0      
5204:   movb (r1)+, r4                src: 0         dst: 102       r0: 5 r1: 4607 r2: 4 r3: 55784 r4: 0 r5: 65514 sp: 65508 pc: 5206          N: 0 Z: 1 V: 0 C: 0      
5206:   beq 5214.                     src: 2562                     r0: 5 r1: 4607 r2: 4 r3: 55784 r4: 0 r5: 65514 sp: 65508 pc: 5214          N: 0 Z: 1 V: 0 C: 0      
5214:   clr r2                        src: 4                        r0: 5 r1: 4607 r2: 0 r3: 55784 r4: 0 r5: 65514 sp: 65508 pc: 5216          N: 0 Z: 1 V: 0 C: 0      
5216:   div $hshsiz, r2               src: 1553      dst: 0         r0: 5 r1: 4607 r2: 35 r3: 1429 r4: 0 r5: 65514 sp: 65508 pc: 5220          N: 0 Z: 0 V: 0 C: 0      
5220:   ashc $1., r2                  src: 1         dst: 35        r0: 5 r1: 4607 r2: 70 r3: 2858 r4: 0 r5: 65514 sp: 65508 pc: 5224          N: 0 Z: 0 V: 0 C: 0      
5224:   add $hshtab, r3               src: 5722      dst: 2858      r0: 5 r1: 4607 r2: 70 r3: 8580 r4: 0 r5: 65514 sp: 65508 pc: 5228          N: 0 Z: 0 V: 0 C: 0      
5228:   sub r2, r3                    src: 70        dst: 8580      r0: 5 r1: 4607 r2: 70 r3: 8510 r4: 0 r5: 65514 sp: 65508 pc: 5230          N: 0 Z: 0 V: 0 C: 0      
5230:   cmp r3, $hshtab               src: 8510      dst: 5722      r0: 5 r1: 4607 r2: 70 r3: 8510 r4: 0 r5: 65514 sp: 65508 pc: 5234          N: 0 Z: 0 V: 0 C: 0      
5234:   bhi 5240.                     src: 3043                     r0: 5 r1: 4607 r2: 70 r3: 8510 r4: 0 r5: 65514 sp: 65508 pc: 5240          N: 0 Z: 0 V: 0 C: 0      
5240:   tst -(r3)                     src: 0                        r0: 5 r1: 4607 r2: 70 r3: 8508 r4: 0 r5: 65514 sp: 65508 pc: 5242          N: 0 Z: 1 V: 0 C: 0      
5242:   bne 5228.                     src: 57475                    r0: 5 r1: 4607 r2: 70 r3: 8508 r4: 0 r5: 65514 sp: 65508 pc: 5244          N: 0 Z: 1 V: 0 C: 0      
5244:   mov (sp)+, r1                 src: 4602      dst: 4607      r0: 5 r1: 4602 r2: 70 r3: 8508 r4: 0 r5: 65514 sp: 65510 pc: 5246          N: 0 Z: 0 V: 0 C: 0      
5246:   mov r1, (r3)                  src: 4602      dst: 0         r0: 5 r1: 4602 r2: 70 r3: 8508 r4: 0 r5: 65514 sp: 65510 pc: 5248          N: 0 Z: 0 V: 0 C: 0      
5248:   add $12., r1                  src: 12        dst: 4602      r0: 5 r1: 4614 r2: 70 r3: 8508 r4: 0 r5: 65514 sp: 65510 pc: 5252          N: 0 Z: 0 V: 0 C: 0      
5252:   cmp r1, $ebsymtab             src: 4614      dst: 5118      r0: 5 r1: 4614 r2: 70 r3: 8508 r4: 0 r5: 65514 sp: 65510 pc: 5256          N: 1 Z: 0 V: 0 C: 1      
5256:   bcs 5196.                     src: 2563                     r0: 5 r1: 4614 r2: 70 r3: 8508 r4: 0 r5: 65514 sp: 65510 pc: 5196          N: 1 Z: 0 V: 0 C: 1      
5196:   clr r3                        src: 8508                     r0: 5 r1: 4614 r2: 70 r3: 0 r4: 0 r5: 65514 sp: 65510 pc: 5198             N: 0 Z: 1 V: 0 C: 0      
5198:   mov $8., r2                   src: 8         dst: 70        r0: 5 r1: 4614 r2: 8 r3: 0 r4: 0 r5: 65514 sp: 65510 pc: 5202              N: 0 Z: 0 V: 0 C: 0      
5202:   mov r1, -(sp)                 src: 4614      dst: 4602      r0: 5 r1: 4614 r2: 8 r3: 0 r4: 0 r5: 65514 sp: 65508 pc: 5204              N: 0 Z: 0 V: 0 C: 0      
5204:   movb (r1)+, r4                src: 109       dst: 0         r0: 5 r1: 4615 r2: 8 r3: 0 r4: 109 r5: 65514 sp: 65508 pc: 5206            N: 0 Z: 0 V: 0 C: 0      
5206:   beq 5214.                     src: 2562                     r0: 5 r1: 4615 r2: 8 r3: 0 r4: 109 r5: 65514 sp: 65508 pc: 5208            N: 0 Z: 0 V: 0 C: 0      
5208:   add r4, r3                    src: 109       dst: 0         r0: 5 r1: 4615 r2: 8 r3: 109 r4: 109 r5: 65514 sp: 65508 pc: 5210          N: 0 Z: 0 V: 0 C: 0      
5210:   swab r3                       src: 109                      r0: 5 r1: 4615 r2: 8 r3: 27904 r4: 109 r5: 65514 sp: 65508 pc: 5212        N: 0 Z: 1 V: 0 C: 0      
5212:   sob r2, 5204.                 src: 8         dst: 68        r0: 5 r1: 4615 r2: 7 r3: 27904 r4: 109 r5: 65514 sp: 65508 pc: 5204        N: 0 Z: 1 V: 0 C: 0      
5204:   movb (r1)+, r4                src: 111       dst: 109       r0: 5 r1: 4616 r2: 7 r3: 27904 r4: 111 r5: 65514 sp: 65508 pc: 5206        N: 0 Z: 0 V: 0 C: 0      
5206:   beq 5214.                     src: 2562                     r0: 5 r1: 4616 r2: 7 r3: 27904 r4: 111 r5: 65514 sp: 65508 pc: 5208        N: 0 Z: 0 V: 0 C: 0      
5208:   add r4, r3                    src: 111       dst: 27904     r0: 5 r1: 4616 r2: 7 r3: 28015 r4: 111 r5: 65514 sp: 65508 pc: 5210        N: 0 Z: 0 V: 0 C: 0      
5210:   swab r3                       src: 28015                    r0: 5 r1: 4616 r2: 7 r3: 28525 r4: 111 r5: 65514 sp: 65508 pc: 5212        N: 0 Z: 0 V: 0 C: 0      
5212:   sob r2, 5204.                 src: 7         dst: 68        r0: 5 r1: 4616 r2: 6 r3: 28525 r4: 111 r5: 65514 sp: 65508 pc: 5204        N: 0 Z: 0 V: 0 C: 0      
5204:   movb (r1)+, r4                src: 118       dst: 111       r0: 5 r1: 4617 r2: 6 r3: 28525 r4: 118 r5: 65514 sp: 65508 pc: 5206        N: 0 Z: 0 V: 0 C: 0      
5206:   beq 5214.                     src: 2562                     r0: 5 r1: 4617 r2: 6 r3: 28525 r4: 118 r5: 65514 sp: 65508 pc: 5208        N: 0 Z: 0 V: 0 C: 0      
5208:   add r4, r3                    src: 118       dst: 28525     r0: 5 r1: 4617 r2: 6 r3: 28643 r4: 118 r5: 65514 sp: 65508 pc: 5210        N: 0 Z: 0 V: 0 C: 0      
5210:   swab r3                       src: 28643                    r0: 5 r1: 4617 r2: 6 r3: 58223 r4: 118 r5: 65514 sp: 65508 pc: 5212        N: 0 Z: 0 V: 0 C: 0      
5212:   sob r2, 5204.                 src: 6         dst: 68        r0: 5 r1: 4617 r2: 5 r3: 58223 r4: 118 r5: 65514 sp: 65508 pc: 5204        N: 0 Z: 0 V: 0 C: 0      
5204:   movb (r1)+, r4                src: 102       dst: 118       r0: 5 r1: 4618 r2: 5 r3: 58223 r4: 102 r5: 65514 sp: 65508 pc: 5206        N: 0 Z: 0 V: 0 C: 0      
5206:   beq 5214.                     src: 2562                     r0: 5 r1: 4618 r2: 5 r3: 58223 r4: 102 r5: 65514 sp: 65508 pc: 5208        N: 0 Z: 0 V: 0 C: 0      
5208:   add r4, r3                    src: 102       dst: 58223     r0: 5 r1: 4618 r2: 5 r3: 58325 r4: 102 r5: 65514 sp: 65508 pc: 5210        N: 0 Z: 0 V: 0 C: 0      
5210:   swab r3                       src: 58325                    r0: 5 r1: 4618 r2: 5 r3: 54755 r4: 102 r5: 65514 sp: 65508 pc: 5212        N: 1 Z: 0 V: 0 C: 0      
5212:   sob r2, 5204.                 src: 5         dst: 68        r0: 5 r1: 4618 r2: 4 r3: 54755 r4: 102 r5: 65514 sp: 65508 pc: 5204        N: 1 Z: 0 V: 0 C: 0      
5204:   movb (r1)+, r4                src: 0         dst: 102       r0: 5 r1: 4619 r2: 4 r3: 54755 r4: 0 r5: 65514 sp: 65508 pc: 5206          N: 0 Z: 1 V: 0 C: 0      
5206:   beq 5214.                     src: 2562                     r0: 5 r1: 4619 r2: 4 r3: 54755 r4: 0 r5: 65514 sp: 65508 pc: 5214          N: 0 Z: 1 V: 0 C: 0      
5214:   clr r2                        src: 4                        r0: 5 r1: 4619 r2: 0 r3: 54755 r4: 0 r5: 65514 sp: 65508 pc: 5216          N: 0 Z: 1 V: 0 C: 0      
5216:   div $hshsiz, r2               src: 1553      dst: 0         r0: 5 r1: 4619 r2: 35 r3: 400 r4: 0 r5: 65514 sp: 65508 pc: 5220           N: 0 Z: 0 V: 0 C: 0      
5220:   ashc $1., r2                  src: 1         dst: 35        r0: 5 r1: 4619 r2: 70 r3: 800 r4: 0 r5: 65514 sp: 65508 pc: 5224           N: 0 Z: 0 V: 0 C: 0      
5224:   add $hshtab, r3               src: 5722      dst: 800       r0: 5 r1: 4619 r2: 70 r3: 6522 r4: 0 r5: 65514 sp: 65508 pc: 5228          N: 0 Z: 0 V: 0 C: 0      
5228:   sub r2, r3                    src: 70        dst: 6522      r0: 5 r1: 4619 r2: 70 r3: 6452 r4: 0 r5: 65514 sp: 65508 pc: 5230          N: 0 Z: 0 V: 0 C: 0      
5230:   cmp r3, $hshtab               src: 6452      dst: 5722      r0: 5 r1: 4619 r2: 70 r3: 6452 r4: 0 r5: 65514 sp: 65508 pc: 5234          N: 0 Z: 0 V: 0 C: 0      
5234:   bhi 5240.                     src: 3043                     r0: 5 r1: 4619 r2: 70 r3: 6452 r4: 0 r5: 65514 sp: 65508 pc: 5240          N: 0 Z: 0 V: 0 C: 0      
5240:   tst -(r3)                     src: 0                        r0: 5 r1: 4619 r2: 70 r3: 6450 r4: 0 r5: 65514 sp: 65508 pc: 5242          N: 0 Z: 1 V: 0 C: 0      
5242:   bne 5228.                     src: 57475                    r0: 5 r1: 4619 r2: 70 r3: 6450 r4: 0 r5: 65514 sp: 65508 pc: 5244          N: 0 Z: 1 V: 0 C: 0      
5244:   mov (sp)+, r1                 src: 4614      dst: 4619      r0: 5 r1: 4614 r2: 70 r3: 6450 r4: 0 r5: 65514 sp: 65510 pc: 5246          N: 0 Z: 0 V: 0 C: 0      
5246:   mov r1, (r3)                  src: 4614      dst: 0         r0: 5 r1: 4614 r2: 70 r3: 6450 r4: 0 r5: 65514 sp: 65510 pc: 5248          N: 0 Z: 0 V: 0 C: 0      
5248:   add $12., r1                  src: 12        dst: 4614      r0: 5 r1: 4626 r2: 70 r3: 6450 r4: 0 r5: 65514 sp: 65510 pc: 5252          N: 0 Z: 0 V: 0 C: 0      
5252:   cmp r1, $ebsymtab             src: 4626      dst: 5118      r0: 5 r1: 4626 r2: 70 r3: 6450 r4: 0 r5: 65514 sp: 65510 pc: 5256          N: 1 Z: 0 V: 0 C: 1      
5256:   bcs 5196.                     src: 2563                     r0: 5 r1: 4626 r2: 70 r3: 6450 r4: 0 r5: 65514 sp: 65510 pc: 5196          N: 1 Z: 0 V: 0 C: 1      
5196:   clr r3                        src: 6450                     r0: 5 r1: 4626 r2: 70 r3: 0 r4: 0 r5: 65514 sp: 65510 pc: 5198             N: 0 Z: 1 V: 0 C: 0      
5198:   mov $8., r2                   src: 8         dst: 70        r0: 5 r1: 4626 r2: 8 r3: 0 r4: 0 r5: 65514 sp: 65510 pc: 5202              N: 0 Z: 0 V: 0 C: 0      
5202:   mov r1, -(sp)                 src: 4626      dst: 4614      r0: 5 r1: 4626 r2: 8 r3: 0 r4: 0 r5: 65514 sp: 65508 pc: 5204              N: 0 Z: 0 V: 0 C: 0      
5204:   movb (r1)+, r4                src: 109       dst: 0         r0: 5 r1: 4627 r2: 8 r3: 0 r4: 109 r5: 65514 sp: 65508 pc: 5206            N: 0 Z: 0 V: 0 C: 0      
5206:   beq 5214.                     src: 2562                     r0: 5 r1: 4627 r2: 8 r3: 0 r4: 109 r5: 65514 sp: 65508 pc: 5208            N: 0 Z: 0 V: 0 C: 0      
5208:   add r4, r3                    src: 109       dst: 0         r0: 5 r1: 4627 r2: 8 r3: 109 r4: 109 r5: 65514 sp: 65508 pc: 5210          N: 0 Z: 0 V: 0 C: 0      
5210:   swab r3                       src: 109                      r0: 5 r1: 4627 r2: 8 r3: 27904 r4: 109 r5: 65514 sp: 65508 pc: 5212        N: 0 Z: 1 V: 0 C: 0      
5212:   sob r2, 5204.                 src: 8         dst: 68        r0: 5 r1: 4627 r2: 7 r3: 27904 r4: 109 r5: 65514 sp: 65508 pc: 5204        N: 0 Z: 1 V: 0 C: 0      
5204:   movb (r1)+, r4                src: 111       dst: 109       r0: 5 r1: 4628 r2: 7 r3: 27904 r4: 111 r5: 65514 sp: 65508 pc: 5206        N: 0 Z: 0 V: 0 C: 0      
5206:   beq 5214.                     src: 2562                     r0: 5 r1: 4628 r2: 7 r3: 27904 r4: 111 r5: 65514 sp: 65508 pc: 5208        N: 0 Z: 0 V: 0 C: 0      
5208:   add r4, r3                    src: 111       dst: 27904     r0: 5 r1: 4628 r2: 7 r3: 28015 r4: 111 r5: 65514 sp: 65508 pc: 5210        N: 0 Z: 0 V: 0 C: 0      
5210:   swab r3                       src: 28015                    r0: 5 r1: 4628 r2: 7 r3: 28525 r4: 111 r5: 65514 sp: 65508 pc: 5212        N: 0 Z: 0 V: 0 C: 0      
5212:   sob r2, 5204.                 src: 7         dst: 68        r0: 5 r1: 4628 r2: 6 r3: 28525 r4: 111 r5: 65514 sp: 65508 pc: 5204        N: 0 Z: 0 V: 0 C: 0      
5204:   movb (r1)+, r4                src: 118       dst: 111       r0: 5 r1: 4629 r2: 6 r3: 28525 r4: 118 r5: 65514 sp: 65508 pc: 5206        N: 0 Z: 0 V: 0 C: 0      
5206:   beq 5214.                     src: 2562                     r0: 5 r1: 4629 r2: 6 r3: 28525 r4: 118 r5: 65514 sp: 65508 pc: 5208        N: 0 Z: 0 V: 0 C: 0      
5208:   add r4, r3                    src: 118       dst: 28525     r0: 5 r1: 4629 r2: 6 r3: 28643 r4: 118 r5: 65514 sp: 65508 pc: 5210        N: 0 Z: 0 V: 0 C: 0      
5210:   swab r3                       src: 28643                    r0: 5 r1: 4629 r2: 6 r3: 58223 r4: 118 r5: 65514 sp: 65508 pc: 5212        N: 0 Z: 0 V: 0 C: 0      
5212:   sob r2, 5204.                 src: 6         dst: 68        r0: 5 r1: 4629 r2: 5 r3: 58223 r4: 118 r5: 65514 sp: 65508 pc: 5204        N: 0 Z: 0 V: 0 C: 0      
5204:   movb (r1)+, r4                src: 105       dst: 118       r0: 5 r1: 4630 r2: 5 r3: 58223 r4: 105 r5: 65514 sp: 65508 pc: 5206        N: 0 Z: 0 V: 0 C: 0      
5206:   beq 5214.                     src: 2562                     r0: 5 r1: 4630 r2: 5 r3: 58223 r4: 105 r5: 65514 sp: 65508 pc: 5208        N: 0 Z: 0 V: 0 C: 0      
5208:   add r4, r3                    src: 105       dst: 58223     r0: 5 r1: 4630 r2: 5 r3: 58328 r4: 105 r5: 65514 sp: 65508 pc: 5210        N: 0 Z: 0 V: 0 C: 0      
5210:   swab r3                       src: 58328                    r0: 5 r1: 4630 r2: 5 r3: 55523 r4: 105 r5: 65514 sp: 65508 pc: 5212        N: 1 Z: 0 V: 0 C: 0      
5212:   sob r2, 5204.                 src: 5         dst: 68        r0: 5 r1: 4630 r2: 4 r3: 55523 r4: 105 r5: 65514 sp: 65508 pc: 5204        N: 1 Z: 0 V: 0 C: 0      
5204:   movb (r1)+, r4                src: 102       dst: 105       r0: 5 r1: 4631 r2: 4 r3: 55523 r4: 102 r5: 65514 sp: 65508 pc: 5206        N: 0 Z: 0 V: 0 C: 0      
5206:   beq 5214.                     src: 2562                     r0: 5 r1: 4631 r2: 4 r3: 55523 r4: 102 r5: 65514 sp: 65508 pc: 5208        N: 0 Z: 0 V: 0 C: 0      
5208:   add r4, r3                    src: 102       dst: 55523     r0: 5 r1: 4631 r2: 4 r3: 55625 r4: 102 r5: 65514 sp: 65508 pc: 5210        N: 0 Z: 0 V: 0 C: 0      
5210:   swab r3                       src: 55625                    r0: 5 r1: 4631 r2: 4 r3: 18905 r4: 102 r5: 65514 sp: 65508 pc: 5212        N: 1 Z: 0 V: 0 C: 0      
5212:   sob r2, 5204.                 src: 4         dst: 68        r0: 5 r1: 4631 r2: 3 r3: 18905 r4: 102 r5: 65514 sp: 65508 pc: 5204        N: 1 Z: 0 V: 0 C: 0      
5204:   movb (r1)+, r4                src: 0         dst: 102       r0: 5 r1: 4632 r2: 3 r3: 18905 r4: 0 r5: 65514 sp: 65508 pc: 5206          N: 0 Z: 1 V: 0 C: 0      
5206:   beq 5214.                     src: 2562                     r0: 5 r1: 4632 r2: 3 r3: 18905 r4: 0 r5: 65514 sp: 65508 pc: 5214          N: 0 Z: 1 V: 0 C: 0      
5214:   clr r2                        src: 3                        r0: 5 r1: 4632 r2: 0 r3: 18905 r4: 0 r5: 65514 sp: 65508 pc: 5216          N: 0 Z: 1 V: 0 C: 0      
5216:   div $hshsiz, r2               src: 1553      dst: 0         r0: 5 r1: 4632 r2: 12 r3: 269 r4: 0 r5: 65514 sp: 65508 pc: 5220           N: 0 Z: 0 V: 0 C: 0      
5220:   ashc $1., r2                  src: 1         dst: 12        r0: 5 r1: 4632 r2: 24 r3: 538 r4: 0 r5: 65514 sp: 65508 pc: 5224           N: 0 Z: 0 V: 0 C: 0      
5224:   add $hshtab, r3               src: 5722      dst: 538       r0: 5 r1: 4632 r2: 24 r3: 6260 r4: 0 r5: 65514 sp: 65508 pc: 5228          N: 0 Z: 0 V: 0 C: 0      
5228:   sub r2, r3                    src: 24        dst: 6260      r0: 5 r1: 4632 r2: 24 r3: 6236 r4: 0 r5: 65514 sp: 65508 pc: 5230          N: 0 Z: 0 V: 0 C: 0      
5230:   cmp r3, $hshtab               src: 6236      dst: 5722      r0: 5 r1: 4632 r2: 24 r3: 6236 r4: 0 r5: 65514 sp: 65508 pc: 5234          N: 0 Z: 0 V: 0 C: 0      
5234:   bhi 5240.                     src: 3043                     r0: 5 r1: 4632 r2: 24 r3: 6236 r4: 0 r5: 65514 sp: 65508 pc: 5240          N: 0 Z: 0 V: 0 C: 0      
5240:   tst -(r3)                     src: 1                        r0: 5 r1: 4632 r2: 24 r3: 6234 r4: 0 r5: 65514 sp: 65508 pc: 5242          N: 0 Z: 0 V: 0 C: 0      
5242:   bne 5228.                     src: 57475                    r0: 5 r1: 4632 r2: 24 r3: 6234 r4: 0 r5: 65514 sp: 65508 pc: 5228          N: 0 Z: 0 V: 0 C: 0      
5228:   sub r2, r3                    src: 24        dst: 6234      r0: 5 r1: 4632 r2: 24 r3: 6210 r4: 0 r5: 65514 sp: 65508 pc: 5230          N: 0 Z: 0 V: 0 C: 0      
5230:   cmp r3, $hshtab               src: 6210      dst: 5722      r0: 5 r1: 4632 r2: 24 r3: 6210 r4: 0 r5: 65514 sp: 65508 pc: 5234          N: 0 Z: 0 V: 0 C: 0      
5234:   bhi 5240.                     src: 3043                     r0: 5 r1: 4632 r2: 24 r3: 6210 r4: 0 r5: 65514 sp: 65508 pc: 5240          N: 0 Z: 0 V: 0 C: 0      
5240:   tst -(r3)                     src: 1                        r0: 5 r1: 4632 r2: 24 r3: 6208 r4: 0 r5: 65514 sp: 65508 pc: 5242          N: 0 Z: 0 V: 0 C: 0      
5242:   bne 5228.                     src: 57475                    r0: 5 r1: 4632 r2: 24 r3: 6208 r4: 0 r5: 65514 sp: 65508 pc: 5228          N: 0 Z: 0 V: 0 C: 0      
5228:   sub r2, r3                    src: 24        dst: 6208      r0: 5 r1: 4632 r2: 24 r3: 6184 r4: 0 r5: 65514 sp: 65508 pc: 5230          N: 0 Z: 0 V: 0 C: 0      
5230:   cmp r3, $hshtab               src: 6184      dst: 5722      r0: 5 r1: 4632 r2: 24 r3: 6184 r4: 0 r5: 65514 sp: 65508 pc: 5234          N: 0 Z: 0 V: 0 C: 0      
5234:   bhi 5240.                     src: 3043                     r0: 5 r1: 4632 r2: 24 r3: 6184 r4: 0 r5: 65514 sp: 65508 pc: 5240          N: 0 Z: 0 V: 0 C: 0      
5240:   tst -(r3)                     src: 0                        r0: 5 r1: 4632 r2: 24 r3: 6182 r4: 0 r5: 65514 sp: 65508 pc: 5242          N: 0 Z: 1 V: 0 C: 0      
5242:   bne 5228.                     src: 57475                    r0: 5 r1: 4632 r2: 24 r3: 6182 r4: 0 r5: 65514 sp: 65508 pc: 5244          N: 0 Z: 1 V: 0 C: 0      
5244:   mov (sp)+, r1                 src: 4626      dst: 4632      r0: 5 r1: 4626 r2: 24 r3: 6182 r4: 0 r5: 65514 sp: 65510 pc: 5246          N: 0 Z: 0 V: 0 C: 0      
5246:   mov r1, (r3)                  src: 4626      dst: 0         r0: 5 r1: 4626 r2: 24 r3: 6182 r4: 0 r5: 65514 sp: 65510 pc: 5248          N: 0 Z: 0 V: 0 C: 0      
5248:   add $12., r1                  src: 12        dst: 4626      r0: 5 r1: 4638 r2: 24 r3: 6182 r4: 0 r5: 65514 sp: 65510 pc: 5252          N: 0 Z: 0 V: 0 C: 0      
5252:   cmp r1, $ebsymtab             src: 4638      dst: 5118      r0: 5 r1: 4638 r2: 24 r3: 6182 r4: 0 r5: 65514 sp: 65510 pc: 5256          N: 1 Z: 0 V: 0 C: 1      
5256:   bcs 5196.                     src: 2563                     r0: 5 r1: 4638 r2: 24 r3: 6182 r4: 0 r5: 65514 sp: 65510 pc: 5196          N: 1 Z: 0 V: 0 C: 1      
5196:   clr r3                        src: 6182                     r0: 5 r1: 4638 r2: 24 r3: 0 r4: 0 r5: 65514 sp: 65510 pc: 5198             N: 0 Z: 1 V: 0 C: 0      
5198:   mov $8., r2                   src: 8         dst: 24        r0: 5 r1: 4638 r2: 8 r3: 0 r4: 0 r5: 65514 sp: 65510 pc: 5202              N: 0 Z: 0 V: 0 C: 0      
5202:   mov r1, -(sp)                 src: 4638      dst: 4626      r0: 5 r1: 4638 r2: 8 r3: 0 r4: 0 r5: 65514 sp: 65508 pc: 5204              N: 0 Z: 0 V: 0 C: 0      
5204:   movb (r1)+, r4                src: 109       dst: 0         r0: 5 r1: 4639 r2: 8 r3: 0 r4: 109 r5: 65514 sp: 65508 pc: 5206            N: 0 Z: 0 V: 0 C: 0      
5206:   beq 5214.                     src: 2562                     r0: 5 r1: 4639 r2: 8 r3: 0 r4: 109 r5: 65514 sp: 65508 pc: 5208            N: 0 Z: 0 V: 0 C: 0      
5208:   add r4, r3                    src: 109       dst: 0         r0: 5 r1: 4639 r2: 8 r3: 109 r4: 109 r5: 65514 sp: 65508 pc: 5210          N: 0 Z: 0 V: 0 C: 0      
5210:   swab r3                       src: 109                      r0: 5 r1: 4639 r2: 8 r3: 27904 r4: 109 r5: 65514 sp: 65508 pc: 5212        N: 0 Z: 1 V: 0 C: 0      
5212:   sob r2, 5204.                 src: 8         dst: 68        r0: 5 r1: 4639 r2: 7 r3: 27904 r4: 109 r5: 65514 sp: 65508 pc: 5204        N: 0 Z: 1 V: 0 C: 0      
5204:   movb (r1)+, r4                src: 111       dst: 109       r0: 5 r1: 4640 r2: 7 r3: 27904 r4: 111 r5: 65514 sp: 65508 pc: 5206        N: 0 Z: 0 V: 0 C: 0      
5206:   beq 5214.                     src: 2562                     r0: 5 r1: 4640 r2: 7 r3: 27904 r4: 111 r5: 65514 sp: 65508 pc: 5208        N: 0 Z: 0 V: 0 C: 0      
5208:   add r4, r3                    src: 111       dst: 27904     r0: 5 r1: 4640 r2: 7 r3: 28015 r4: 111 r5: 65514 sp: 65508 pc: 5210        N: 0 Z: 0 V: 0 C: 0      
5210:   swab r3                       src: 28015                    r0: 5 r1: 4640 r2: 7 r3: 28525 r4: 111 r5: 65514 sp: 65508 pc: 5212        N: 0 Z: 0 V: 0 C: 0      
5212:   sob r2, 5204.                 src: 7         dst: 68        r0: 5 r1: 4640 r2: 6 r3: 28525 r4: 111 r5: 65514 sp: 65508 pc: 5204        N: 0 Z: 0 V: 0 C: 0      
5204:   movb (r1)+, r4                src: 118       dst: 111       r0: 5 r1: 4641 r2: 6 r3: 28525 r4: 118 r5: 65514 sp: 65508 pc: 5206        N: 0 Z: 0 V: 0 C: 0      
5206:   beq 5214.                     src: 2562                     r0: 5 r1: 4641 r2: 6 r3: 28525 r4: 118 r5: 65514 sp: 65508 pc: 5208        N: 0 Z: 0 V: 0 C: 0      
5208:   add r4, r3                    src: 118       dst: 28525     r0: 5 r1: 4641 r2: 6 r3: 28643 r4: 118 r5: 65514 sp: 65508 pc: 5210        N: 0 Z: 0 V: 0 C: 0      
5210:   swab r3                       src: 28643                    r0: 5 r1: 4641 r2: 6 r3: 58223 r4: 118 r5: 65514 sp: 65508 pc: 5212        N: 0 Z: 0 V: 0 C: 0      
5212:   sob r2, 5204.                 src: 6         dst: 68        r0: 5 r1: 4641 r2: 5 r3: 58223 r4: 118 r5: 65514 sp: 65508 pc: 5204        N: 0 Z: 0 V: 0 C: 0      
5204:   movb (r1)+, r4                src: 102       dst: 118       r0: 5 r1: 4642 r2: 5 r3: 58223 r4: 102 r5: 65514 sp: 65508 pc: 5206        N: 0 Z: 0 V: 0 C: 0      
5206:   beq 5214.                     src: 2562                     r0: 5 r1: 4642 r2: 5 r3: 58223 r4: 102 r5: 65514 sp: 65508 pc: 5208        N: 0 Z: 0 V: 0 C: 0      
5208:   add r4, r3                    src: 102       dst: 58223     r0: 5 r1: 4642 r2: 5 r3: 58325 r4: 102 r5: 65514 sp: 65508 pc: 5210        N: 0 Z: 0 V: 0 C: 0      
5210:   swab r3                       src: 58325                    r0: 5 r1: 4642 r2: 5 r3: 54755 r4: 102 r5: 65514 sp: 65508 pc: 5212        N: 1 Z: 0 V: 0 C: 0      
5212:   sob r2, 5204.                 src: 5         dst: 68        r0: 5 r1: 4642 r2: 4 r3: 54755 r4: 102 r5: 65514 sp: 65508 pc: 5204        N: 1 Z: 0 V: 0 C: 0      
5204:   movb (r1)+, r4                src: 105       dst: 102       r0: 5 r1: 4643 r2: 4 r3: 54755 r4: 105 r5: 65514 sp: 65508 pc: 5206        N: 0 Z: 0 V: 0 C: 0      
5206:   beq 5214.                     src: 2562                     r0: 5 r1: 4643 r2: 4 r3: 54755 r4: 105 r5: 65514 sp: 65508 pc: 5208        N: 0 Z: 0 V: 0 C: 0      
5208:   add r4, r3                    src: 105       dst: 54755     r0: 5 r1: 4643 r2: 4 r3: 54860 r4: 105 r5: 65514 sp: 65508 pc: 5210        N: 0 Z: 0 V: 0 C: 0      
5210:   swab r3                       src: 54860                    r0: 5 r1: 4643 r2: 4 r3: 19670 r4: 105 r5: 65514 sp: 65508 pc: 5212        N: 1 Z: 0 V: 0 C: 0      
5212:   sob r2, 5204.                 src: 4         dst: 68        r0: 5 r1: 4643 r2: 3 r3: 19670 r4: 105 r5: 65514 sp: 65508 pc: 5204        N: 1 Z: 0 V: 0 C: 0      
5204:   movb (r1)+, r4                src: 0         dst: 105       r0: 5 r1: 4644 r2: 3 r3: 19670 r4: 0 r5: 65514 sp: 65508 pc: 5206          N: 0 Z: 1 V: 0 C: 0      
5206:   beq 5214.                     src: 2562                     r0: 5 r1: 4644 r2: 3 r3: 19670 r4: 0 r5: 65514 sp: 65508 pc: 5214          N: 0 Z: 1 V: 0 C: 0      
5214:   clr r2                        src: 3                        r0: 5 r1: 4644 r2: 0 r3: 19670 r4: 0 r5: 65514 sp: 65508 pc: 5216          N: 0 Z: 1 V: 0 C: 0      
5216:   div $hshsiz, r2               src: 1553      dst: 0         r0: 5 r1: 4644 r2: 12 r3: 1034 r4: 0 r5: 65514 sp: 65508 pc: 5220          N: 0 Z: 0 V: 0 C: 0      
5220:   ashc $1., r2                  src: 1         dst: 12        r0: 5 r1: 4644 r2: 24 r3: 2068 r4: 0 r5: 65514 sp: 65508 pc: 5224          N: 0 Z: 0 V: 0 C: 0      
5224:   add $hshtab, r3               src: 5722      dst: 2068      r0: 5 r1: 4644 r2: 24 r3: 7790 r4: 0 r5: 65514 sp: 65508 pc: 5228          N: 0 Z: 0 V: 0 C: 0      
5228:   sub r2, r3                    src: 24        dst: 7790      r0: 5 r1: 4644 r2: 24 r3: 7766 r4: 0 r5: 65514 sp: 65508 pc: 5230          N: 0 Z: 0 V: 0 C: 0      
5230:   cmp r3, $hshtab               src: 7766      dst: 5722      r0: 5 r1: 4644 r2: 24 r3: 7766 r4: 0 r5: 65514 sp: 65508 pc: 5234          N: 0 Z: 0 V: 0 C: 0      
5234:   bhi 5240.                     src: 3043                     r0: 5 r1: 4644 r2: 24 r3: 7766 r4: 0 r5: 65514 sp: 65508 pc: 5240          N: 0 Z: 0 V: 0 C: 0      
5240:   tst -(r3)                     src: 0                        r0: 5 r1: 4644 r2: 24 r3: 7764 r4: 0 r5: 65514 sp: 65508 pc: 5242          N: 0 Z: 1 V: 0 C: 0      
5242:   bne 5228.                     src: 57475                    r0: 5 r1: 4644 r2: 24 r3: 7764 r4: 0 r5: 65514 sp: 65508 pc: 5244          N: 0 Z: 1 V: 0 C: 0      
5244:   mov (sp)+, r1                 src: 4638      dst: 4644      r0: 5 r1: 4638 r2: 24 r3: 7764 r4: 0 r5: 65514 sp: 65510 pc: 5246          N: 0 Z: 0 V: 0 C: 0      
5246:   mov r1, (r3)                  src: 4638      dst: 0         r0: 5 r1: 4638 r2: 24 r3: 7764 r4: 0 r5: 65514 sp: 65510 pc: 5248          N: 0 Z: 0 V: 0 C: 0      
5248:   add $12., r1                  src: 12        dst: 4638      r0: 5 r1: 4650 r2: 24 r3: 7764 r4: 0 r5: 65514 sp: 65510 pc: 5252          N: 0 Z: 0 V: 0 C: 0      
5252:   cmp r1, $ebsymtab             src: 4650      dst: 5118      r0: 5 r1: 4650 r2: 24 r3: 7764 r4: 0 r5: 65514 sp: 65510 pc: 5256          N: 1 Z: 0 V: 0 C: 1      
5256:   bcs 5196.                     src: 2563                     r0: 5 r1: 4650 r2: 24 r3: 7764 r4: 0 r5: 65514 sp: 65510 pc: 5196          N: 1 Z: 0 V: 0 C: 1      
5196:   clr r3                        src: 7764                     r0: 5 r1: 4650 r2: 24 r3: 0 r4: 0 r5: 65514 sp: 65510 pc: 5198             N: 0 Z: 1 V: 0 C: 0      
5198:   mov $8., r2                   src: 8         dst: 24        r0: 5 r1: 4650 r2: 8 r3: 0 r4: 0 r5: 65514 sp: 65510 pc: 5202              N: 0 Z: 0 V: 0 C: 0      
5202:   mov r1, -(sp)                 src: 4650      dst: 4638      r0: 5 r1: 4650 r2: 8 r3: 0 r4: 0 r5: 65514 sp: 65508 pc: 5204              N: 0 Z: 0 V: 0 C: 0      
5204:   movb (r1)+, r4                src: 109       dst: 0         r0: 5 r1: 4651 r2: 8 r3: 0 r4: 109 r5: 65514 sp: 65508 pc: 5206            N: 0 Z: 0 V: 0 C: 0      
5206:   beq 5214.                     src: 2562                     r0: 5 r1: 4651 r2: 8 r3: 0 r4: 109 r5: 65514 sp: 65508 pc: 5208            N: 0 Z: 0 V: 0 C: 0      
5208:   add r4, r3                    src: 109       dst: 0         r0: 5 r1: 4651 r2: 8 r3: 109 r4: 109 r5: 65514 sp: 65508 pc: 5210          N: 0 Z: 0 V: 0 C: 0      
5210:   swab r3                       src: 109                      r0: 5 r1: 4651 r2: 8 r3: 27904 r4: 109 r5: 65514 sp: 65508 pc: 5212        N: 0 Z: 1 V: 0 C: 0      
5212:   sob r2, 5204.                 src: 8         dst: 68        r0: 5 r1: 4651 r2: 7 r3: 27904 r4: 109 r5: 65514 sp: 65508 pc: 5204        N: 0 Z: 1 V: 0 C: 0      
5204:   movb (r1)+, r4                src: 111       dst: 109       r0: 5 r1: 4652 r2: 7 r3: 27904 r4: 111 r5: 65514 sp: 65508 pc: 5206        N: 0 Z: 0 V: 0 C: 0      
5206:   beq 5214.                     src: 2562                     r0: 5 r1: 4652 r2: 7 r3: 27904 r4: 111 r5: 65514 sp: 65508 pc: 5208        N: 0 Z: 0 V: 0 C: 0      
5208:   add r4, r3                    src: 111       dst: 27904     r0: 5 r1: 4652 r2: 7 r3: 28015 r4: 111 r5: 65514 sp: 65508 pc: 5210        N: 0 Z: 0 V: 0 C: 0      
5210:   swab r3                       src: 28015                    r0: 5 r1: 4652 r2: 7 r3: 28525 r4: 111 r5: 65514 sp: 65508 pc: 5212        N: 0 Z: 0 V: 0 C: 0      
5212:   sob r2, 5204.                 src: 7         dst: 68        r0: 5 r1: 4652 r2: 6 r3: 28525 r4: 111 r5: 65514 sp: 65508 pc: 5204        N: 0 Z: 0 V: 0 C: 0      
5204:   movb (r1)+, r4                src: 118       dst: 111       r0: 5 r1: 4653 r2: 6 r3: 28525 r4: 118 r5: 65514 sp: 65508 pc: 5206        N: 0 Z: 0 V: 0 C: 0      
5206:   beq 5214.                     src: 2562                     r0: 5 r1: 4653 r2: 6 r3: 28525 r4: 118 r5: 65514 sp: 65508 pc: 5208        N: 0 Z: 0 V: 0 C: 0      
5208:   add r4, r3                    src: 118       dst: 28525     r0: 5 r1: 4653 r2: 6 r3: 28643 r4: 118 r5: 65514 sp: 65508 pc: 5210        N: 0 Z: 0 V: 0 C: 0      
5210:   swab r3                       src: 28643                    r0: 5 r1: 4653 r2: 6 r3: 58223 r4: 118 r5: 65514 sp: 65508 pc: 5212        N: 0 Z: 0 V: 0 C: 0      
5212:   sob r2, 5204.                 src: 6         dst: 68        r0: 5 r1: 4653 r2: 5 r3: 58223 r4: 118 r5: 65514 sp: 65508 pc: 5204        N: 0 Z: 0 V: 0 C: 0      
5204:   movb (r1)+, r4                src: 111       dst: 118       r0: 5 r1: 4654 r2: 5 r3: 58223 r4: 111 r5: 65514 sp: 65508 pc: 5206        N: 0 Z: 0 V: 0 C: 0      
5206:   beq 5214.                     src: 2562                     r0: 5 r1: 4654 r2: 5 r3: 58223 r4: 111 r5: 65514 sp: 65508 pc: 5208        N: 0 Z: 0 V: 0 C: 0      
5208:   add r4, r3                    src: 111       dst: 58223     r0: 5 r1: 4654 r2: 5 r3: 58334 r4: 111 r5: 65514 sp: 65508 pc: 5210        N: 0 Z: 0 V: 0 C: 0      
5210:   swab r3                       src: 58334                    r0: 5 r1: 4654 r2: 5 r3: 57059 r4: 111 r5: 65514 sp: 65508 pc: 5212        N: 1 Z: 0 V: 0 C: 0      
5212:   sob r2, 5204.                 src: 5         dst: 68        r0: 5 r1: 4654 r2: 4 r3: 57059 r4: 111 r5: 65514 sp: 65508 pc: 5204        N: 1 Z: 0 V: 0 C: 0      
5204:   movb (r1)+, r4                src: 102       dst: 111       r0: 5 r1: 4655 r2: 4 r3: 57059 r4: 102 r5: 65514 sp: 65508 pc: 5206        N: 0 Z: 0 V: 0 C: 0      
5206:   beq 5214.                     src: 2562                     r0: 5 r1: 4655 r2: 4 r3: 57059 r4: 102 r5: 65514 sp: 65508 pc: 5208        N: 0 Z: 0 V: 0 C: 0      
5208:   add r4, r3                    src: 102       dst: 57059     r0: 5 r1: 4655 r2: 4 r3: 57161 r4: 102 r5: 65514 sp: 65508 pc: 5210        N: 0 Z: 0 V: 0 C: 0      
5210:   swab r3                       src: 57161                    r0: 5 r1: 4655 r2: 4 r3: 18911 r4: 102 r5: 65514 sp: 65508 pc: 5212        N: 1 Z: 0 V: 0 C: 0      
5212:   sob r2, 5204.                 src: 4         dst: 68        r0: 5 r1: 4655 r2: 3 r3: 18911 r4: 102 r5: 65514 sp: 65508 pc: 5204        N: 1 Z: 0 V: 0 C: 0      
5204:   movb (r1)+, r4                src: 0         dst: 102       r0: 5 r1: 4656 r2: 3 r3: 18911 r4: 0 r5: 65514 sp: 65508 pc: 5206          N: 0 Z: 1 V: 0 C: 0      
5206:   beq 5214.                     src: 2562                     r0: 5 r1: 4656 r2: 3 r3: 18911 r4: 0 r5: 65514 sp: 65508 pc: 5214          N: 0 Z: 1 V: 0 C: 0      
5214:   clr r2                        src: 3                        r0: 5 r1: 4656 r2: 0 r3: 18911 r4: 0 r5: 65514 sp: 65508 pc: 5216          N: 0 Z: 1 V: 0 C: 0      
5216:   div $hshsiz, r2               src: 1553      dst: 0         r0: 5 r1: 4656 r2: 12 r3: 275 r4: 0 r5: 65514 sp: 65508 pc: 5220           N: 0 Z: 0 V: 0 C: 0      
5220:   ashc $1., r2                  src: 1         dst: 12        r0: 5 r1: 4656 r2: 24 r3: 550 r4: 0 r5: 65514 sp: 65508 pc: 5224           N: 0 Z: 0 V: 0 C: 0      
5224:   add $hshtab, r3               src: 5722      dst: 550       r0: 5 r1: 4656 r2: 24 r3: 6272 r4: 0 r5: 65514 sp: 65508 pc: 5228          N: 0 Z: 0 V: 0 C: 0      
5228:   sub r2, r3                    src: 24        dst: 6272      r0: 5 r1: 4656 r2: 24 r3: 6248 r4: 0 r5: 65514 sp: 65508 pc: 5230          N: 0 Z: 0 V: 0 C: 0      
5230:   cmp r3, $hshtab               src: 6248      dst: 5722      r0: 5 r1: 4656 r2: 24 r3: 6248 r4: 0 r5: 65514 sp: 65508 pc: 5234          N: 0 Z: 0 V: 0 C: 0      
5234:   bhi 5240.                     src: 3043                     r0: 5 r1: 4656 r2: 24 r3: 6248 r4: 0 r5: 65514 sp: 65508 pc: 5240          N: 0 Z: 0 V: 0 C: 0      
5240:   tst -(r3)                     src: 1                        r0: 5 r1: 4656 r2: 24 r3: 6246 r4: 0 r5: 65514 sp: 65508 pc: 5242          N: 0 Z: 0 V: 0 C: 0      
5242:   bne 5228.                     src: 57475                    r0: 5 r1: 4656 r2: 24 r3: 6246 r4: 0 r5: 65514 sp: 65508 pc: 5228          N: 0 Z: 0 V: 0 C: 0      
5228:   sub r2, r3                    src: 24        dst: 6246      r0: 5 r1: 4656 r2: 24 r3: 6222 r4: 0 r5: 65514 sp: 65508 pc: 5230          N: 0 Z: 0 V: 0 C: 0      
5230:   cmp r3, $hshtab               src: 6222      dst: 5722      r0: 5 r1: 4656 r2: 24 r3: 6222 r4: 0 r5: 65514 sp: 65508 pc: 5234          N: 0 Z: 0 V: 0 C: 0      
5234:   bhi 5240.                     src: 3043                     r0: 5 r1: 4656 r2: 24 r3: 6222 r4: 0 r5: 65514 sp: 65508 pc: 5240          N: 0 Z: 0 V: 0 C: 0      
5240:   tst -(r3)                     src: 0                        r0: 5 r1: 4656 r2: 24 r3: 6220 r4: 0 r5: 65514 sp: 65508 pc: 5242          N: 0 Z: 1 V: 0 C: 0      
5242:   bne 5228.                     src: 57475                    r0: 5 r1: 4656 r2: 24 r3: 6220 r4: 0 r5: 65514 sp: 65508 pc: 5244          N: 0 Z: 1 V: 0 C: 0      
5244:   mov (sp)+, r1                 src: 4650      dst: 4656      r0: 5 r1: 4650 r2: 24 r3: 6220 r4: 0 r5: 65514 sp: 65510 pc: 5246          N: 0 Z: 0 V: 0 C: 0      
5246:   mov r1, (r3)                  src: 4650      dst: 0         r0: 5 r1: 4650 r2: 24 r3: 6220 r4: 0 r5: 65514 sp: 65510 pc: 5248          N: 0 Z: 0 V: 0 C: 0      
5248:   add $12., r1                  src: 12        dst: 4650      r0: 5 r1: 4662 r2: 24 r3: 6220 r4: 0 r5: 65514 sp: 65510 pc: 5252          N: 0 Z: 0 V: 0 C: 0      
5252:   cmp r1, $ebsymtab             src: 4662      dst: 5118      r0: 5 r1: 4662 r2: 24 r3: 6220 r4: 0 r5: 65514 sp: 65510 pc: 5256          N: 1 Z: 0 V: 0 C: 1      
5256:   bcs 5196.                     src: 2563                     r0: 5 r1: 4662 r2: 24 r3: 6220 r4: 0 r5: 65514 sp: 65510 pc: 5196          N: 1 Z: 0 V: 0 C: 1      
5196:   clr r3                        src: 6220                     r0: 5 r1: 4662 r2: 24 r3: 0 r4: 0 r5: 65514 sp: 65510 pc: 5198             N: 0 Z: 1 V: 0 C: 0      
5198:   mov $8., r2                   src: 8         dst: 24        r0: 5 r1: 4662 r2: 8 r3: 0 r4: 0 r5: 65514 sp: 65510 pc: 5202              N: 0 Z: 0 V: 0 C: 0      
5202:   mov r1, -(sp)                 src: 4662      dst: 4650      r0: 5 r1: 4662 r2: 8 r3: 0 r4: 0 r5: 65514 sp: 65508 pc: 5204              N: 0 Z: 0 V: 0 C: 0      
5204:   movb (r1)+, r4                src: 109       dst: 0         r0: 5 r1: 4663 r2: 8 r3: 0 r4: 109 r5: 65514 sp: 65508 pc: 5206            N: 0 Z: 0 V: 0 C: 0      
5206:   beq 5214.                     src: 2562                     r0: 5 r1: 4663 r2: 8 r3: 0 r4: 109 r5: 65514 sp: 65508 pc: 5208            N: 0 Z: 0 V: 0 C: 0      
5208:   add r4, r3                    src: 109       dst: 0         r0: 5 r1: 4663 r2: 8 r3: 109 r4: 109 r5: 65514 sp: 65508 pc: 5210          N: 0 Z: 0 V: 0 C: 0      
5210:   swab r3                       src: 109                      r0: 5 r1: 4663 r2: 8 r3: 27904 r4: 109 r5: 65514 sp: 65508 pc: 5212        N: 0 Z: 1 V: 0 C: 0      
5212:   sob r2, 5204.                 src: 8         dst: 68        r0: 5 r1: 4663 r2: 7 r3: 27904 r4: 109 r5: 65514 sp: 65508 pc: 5204        N: 0 Z: 1 V: 0 C: 0      
5204:   movb (r1)+, r4                src: 111       dst: 109       r0: 5 r1: 4664 r2: 7 r3: 27904 r4: 111 r5: 65514 sp: 65508 pc: 5206        N: 0 Z: 0 V: 0 C: 0      
5206:   beq 5214.                     src: 2562                     r0: 5 r1: 4664 r2: 7 r3: 27904 r4: 111 r5: 65514 sp: 65508 pc: 5208        N: 0 Z: 0 V: 0 C: 0      
5208:   add r4, r3                    src: 111       dst: 27904     r0: 5 r1: 4664 r2: 7 r3: 28015 r4: 111 r5: 65514 sp: 65508 pc: 5210        N: 0 Z: 0 V: 0 C: 0      
5210:   swab r3                       src: 28015                    r0: 5 r1: 4664 r2: 7 r3: 28525 r4: 111 r5: 65514 sp: 65508 pc: 5212        N: 0 Z: 0 V: 0 C: 0      
5212:   sob r2, 5204.                 src: 7         dst: 68        r0: 5 r1: 4664 r2: 6 r3: 28525 r4: 111 r5: 65514 sp: 65508 pc: 5204        N: 0 Z: 0 V: 0 C: 0      
5204:   movb (r1)+, r4                src: 118       dst: 111       r0: 5 r1: 4665 r2: 6 r3: 28525 r4: 118 r5: 65514 sp: 65508 pc: 5206        N: 0 Z: 0 V: 0 C: 0      
5206:   beq 5214.                     src: 2562                     r0: 5 r1: 4665 r2: 6 r3: 28525 r4: 118 r5: 65514 sp: 65508 pc: 5208        N: 0 Z: 0 V: 0 C: 0      
5208:   add r4, r3                    src: 118       dst: 28525     r0: 5 r1: 4665 r2: 6 r3: 28643 r4: 118 r5: 65514 sp: 65508 pc: 5210        N: 0 Z: 0 V: 0 C: 0      
5210:   swab r3                       src: 28643                    r0: 5 r1: 4665 r2: 6 r3: 58223 r4: 118 r5: 65514 sp: 65508 pc: 5212        N: 0 Z: 0 V: 0 C: 0      
5212:   sob r2, 5204.                 src: 6         dst: 68        r0: 5 r1: 4665 r2: 5 r3: 58223 r4: 118 r5: 65514 sp: 65508 pc: 5204        N: 0 Z: 0 V: 0 C: 0      
5204:   movb (r1)+, r4                src: 102       dst: 118       r0: 5 r1: 4666 r2: 5 r3: 58223 r4: 102 r5: 65514 sp: 65508 pc: 5206        N: 0 Z: 0 V: 0 C: 0      
5206:   beq 5214.                     src: 2562                     r0: 5 r1: 4666 r2: 5 r3: 58223 r4: 102 r5: 65514 sp: 65508 pc: 5208        N: 0 Z: 0 V: 0 C: 0      
5208:   add r4, r3                    src: 102       dst: 58223     r0: 5 r1: 4666 r2: 5 r3: 58325 r4: 102 r5: 65514 sp: 65508 pc: 5210        N: 0 Z: 0 V: 0 C: 0      
5210:   swab r3                       src: 58325                    r0: 5 r1: 4666 r2: 5 r3: 54755 r4: 102 r5: 65514 sp: 65508 pc: 5212        N: 1 Z: 0 V: 0 C: 0      
5212:   sob r2, 5204.                 src: 5         dst: 68        r0: 5 r1: 4666 r2: 4 r3: 54755 r4: 102 r5: 65514 sp: 65508 pc: 5204        N: 1 Z: 0 V: 0 C: 0      
5204:   movb (r1)+, r4                src: 111       dst: 102       r0: 5 r1: 4667 r2: 4 r3: 54755 r4: 111 r5: 65514 sp: 65508 pc: 5206        N: 0 Z: 0 V: 0 C: 0      
5206:   beq 5214.                     src: 2562                     r0: 5 r1: 4667 r2: 4 r3: 54755 r4: 111 r5: 65514 sp: 65508 pc: 5208        N: 0 Z: 0 V: 0 C: 0      
5208:   add r4, r3                    src: 111       dst: 54755     r0: 5 r1: 4667 r2: 4 r3: 54866 r4: 111 r5: 65514 sp: 65508 pc: 5210        N: 0 Z: 0 V: 0 C: 0      
5210:   swab r3                       src: 54866                    r0: 5 r1: 4667 r2: 4 r3: 21206 r4: 111 r5: 65514 sp: 65508 pc: 5212        N: 1 Z: 0 V: 0 C: 0      
5212:   sob r2, 5204.                 src: 4         dst: 68        r0: 5 r1: 4667 r2: 3 r3: 21206 r4: 111 r5: 65514 sp: 65508 pc: 5204        N: 1 Z: 0 V: 0 C: 0      
5204:   movb (r1)+, r4                src: 0         dst: 111       r0: 5 r1: 4668 r2: 3 r3: 21206 r4: 0 r5: 65514 sp: 65508 pc: 5206          N: 0 Z: 1 V: 0 C: 0      
5206:   beq 5214.                     src: 2562                     r0: 5 r1: 4668 r2: 3 r3: 21206 r4: 0 r5: 65514 sp: 65508 pc: 5214          N: 0 Z: 1 V: 0 C: 0      
5214:   clr r2                        src: 3                        r0: 5 r1: 4668 r2: 0 r3: 21206 r4: 0 r5: 65514 sp: 65508 pc: 5216          N: 0 Z: 1 V: 0 C: 0      
5216:   div $hshsiz, r2               src: 1553      dst: 0         r0: 5 r1: 4668 r2: 13 r3: 1017 r4: 0 r5: 65514 sp: 65508 pc: 5220          N: 0 Z: 0 V: 0 C: 0      
5220:   ashc $1., r2                  src: 1         dst: 13        r0: 5 r1: 4668 r2: 26 r3: 2034 r4: 0 r5: 65514 sp: 65508 pc: 5224          N: 0 Z: 0 V: 0 C: 0      
5224:   add $hshtab, r3               src: 5722      dst: 2034      r0: 5 r1: 4668 r2: 26 r3: 7756 r4: 0 r5: 65514 sp: 65508 pc: 5228          N: 0 Z: 0 V: 0 C: 0      
5228:   sub r2, r3                    src: 26        dst: 7756      r0: 5 r1: 4668 r2: 26 r3: 7730 r4: 0 r5: 65514 sp: 65508 pc: 5230          N: 0 Z: 0 V: 0 C: 0      
5230:   cmp r3, $hshtab               src: 7730      dst: 5722      r0: 5 r1: 4668 r2: 26 r3: 7730 r4: 0 r5: 65514 sp: 65508 pc: 5234          N: 0 Z: 0 V: 0 C: 0      
5234:   bhi 5240.                     src: 3043                     r0: 5 r1: 4668 r2: 26 r3: 7730 r4: 0 r5: 65514 sp: 65508 pc: 5240          N: 0 Z: 0 V: 0 C: 0      
5240:   tst -(r3)                     src: 0                        r0: 5 r1: 4668 r2: 26 r3: 7728 r4: 0 r5: 65514 sp: 65508 pc: 5242          N: 0 Z: 1 V: 0 C: 0      
5242:   bne 5228.                     src: 57475                    r0: 5 r1: 4668 r2: 26 r3: 7728 r4: 0 r5: 65514 sp: 65508 pc: 5244          N: 0 Z: 1 V: 0 C: 0      
5244:   mov (sp)+, r1                 src: 4662      dst: 4668      r0: 5 r1: 4662 r2: 26 r3: 7728 r4: 0 r5: 65514 sp: 65510 pc: 5246          N: 0 Z: 0 V: 0 C: 0      
5246:   mov r1, (r3)                  src: 4662      dst: 0         r0: 5 r1: 4662 r2: 26 r3: 7728 r4: 0 r5: 65514 sp: 65510 pc: 5248          N: 0 Z: 0 V: 0 C: 0      
5248:   add $12., r1                  src: 12        dst: 4662      r0: 5 r1: 4674 r2: 26 r3: 7728 r4: 0 r5: 65514 sp: 65510 pc: 5252          N: 0 Z: 0 V: 0 C: 0      
5252:   cmp r1, $ebsymtab             src: 4674      dst: 5118      r0: 5 r1: 4674 r2: 26 r3: 7728 r4: 0 r5: 65514 sp: 65510 pc: 5256          N: 1 Z: 0 V: 0 C: 1      
5256:   bcs 5196.                     src: 2563                     r0: 5 r1: 4674 r2: 26 r3: 7728 r4: 0 r5: 65514 sp: 65510 pc: 5196          N: 1 Z: 0 V: 0 C: 1      
5196:   clr r3                        src: 7728                     r0: 5 r1: 4674 r2: 26 r3: 0 r4: 0 r5: 65514 sp: 65510 pc: 5198             N: 0 Z: 1 V: 0 C: 0      
5198:   mov $8., r2                   src: 8         dst: 26        r0: 5 r1: 4674 r2: 8 r3: 0 r4: 0 r5: 65514 sp: 65510 pc: 5202              N: 0 Z: 0 V: 0 C: 0      
5202:   mov r1, -(sp)                 src: 4674      dst: 4662      r0: 5 r1: 4674 r2: 8 r3: 0 r4: 0 r5: 65514 sp: 65508 pc: 5204              N: 0 Z: 0 V: 0 C: 0      
5204:   movb (r1)+, r4                src: 97        dst: 0         r0: 5 r1: 4675 r2: 8 r3: 0 r4: 97 r5: 65514 sp: 65508 pc: 5206             N: 0 Z: 0 V: 0 C: 0      
5206:   beq 5214.                     src: 2562                     r0: 5 r1: 4675 r2: 8 r3: 0 r4: 97 r5: 65514 sp: 65508 pc: 5208             N: 0 Z: 0 V: 0 C: 0      
5208:   add r4, r3                    src: 97        dst: 0         r0: 5 r1: 4675 r2: 8 r3: 97 r4: 97 r5: 65514 sp: 65508 pc: 5210            N: 0 Z: 0 V: 0 C: 0      
5210:   swab r3                       src: 97                       r0: 5 r1: 4675 r2: 8 r3: 24832 r4: 97 r5: 65514 sp: 65508 pc: 5212         N: 0 Z: 1 V: 0 C: 0      
5212:   sob r2, 5204.                 src: 8         dst: 68        r0: 5 r1: 4675 r2: 7 r3: 24832 r4: 97 r5: 65514 sp: 65508 pc: 5204         N: 0 Z: 1 V: 0 C: 0      
5204:   movb (r1)+, r4                src: 100       dst: 97        r0: 5 r1: 4676 r2: 7 r3: 24832 r4: 100 r5: 65514 sp: 65508 pc: 5206        N: 0 Z: 0 V: 0 C: 0      
5206:   beq 5214.                     src: 2562                     r0: 5 r1: 4676 r2: 7 r3: 24832 r4: 100 r5: 65514 sp: 65508 pc: 5208        N: 0 Z: 0 V: 0 C: 0      
5208:   add r4, r3                    src: 100       dst: 24832     r0: 5 r1: 4676 r2: 7 r3: 24932 r4: 100 r5: 65514 sp: 65508 pc: 5210        N: 0 Z: 0 V: 0 C: 0      
5210:   swab r3                       src: 24932                    r0: 5 r1: 4676 r2: 7 r3: 25697 r4: 100 r5: 65514 sp: 65508 pc: 5212        N: 0 Z: 0 V: 0 C: 0      
5212:   sob r2, 5204.                 src: 7         dst: 68        r0: 5 r1: 4676 r2: 6 r3: 25697 r4: 100 r5: 65514 sp: 65508 pc: 5204        N: 0 Z: 0 V: 0 C: 0      
5204:   movb (r1)+, r4                src: 100       dst: 100       r0: 5 r1: 4677 r2: 6 r3: 25697 r4: 100 r5: 65514 sp: 65508 pc: 5206        N: 0 Z: 0 V: 0 C: 0      
5206:   beq 5214.                     src: 2562                     r0: 5 r1: 4677 r2: 6 r3: 25697 r4: 100 r5: 65514 sp: 65508 pc: 5208        N: 0 Z: 0 V: 0 C: 0      
5208:   add r4, r3                    src: 100       dst: 25697     r0: 5 r1: 4677 r2: 6 r3: 25797 r4: 100 r5: 65514 sp: 65508 pc: 5210        N: 0 Z: 0 V: 0 C: 0      
5210:   swab r3                       src: 25797                    r0: 5 r1: 4677 r2: 6 r3: 50532 r4: 100 r5: 65514 sp: 65508 pc: 5212        N: 0 Z: 0 V: 0 C: 0      
5212:   sob r2, 5204.                 src: 6         dst: 68        r0: 5 r1: 4677 r2: 5 r3: 50532 r4: 100 r5: 65514 sp: 65508 pc: 5204        N: 0 Z: 0 V: 0 C: 0      
5204:   movb (r1)+, r4                src: 102       dst: 100       r0: 5 r1: 4678 r2: 5 r3: 50532 r4: 102 r5: 65514 sp: 65508 pc: 5206        N: 0 Z: 0 V: 0 C: 0      
5206:   beq 5214.                     src: 2562                     r0: 5 r1: 4678 r2: 5 r3: 50532 r4: 102 r5: 65514 sp: 65508 pc: 5208        N: 0 Z: 0 V: 0 C: 0      
5208:   add r4, r3                    src: 102       dst: 50532     r0: 5 r1: 4678 r2: 5 r3: 50634 r4: 102 r5: 65514 sp: 65508 pc: 5210        N: 0 Z: 0 V: 0 C: 0      
5210:   swab r3                       src: 50634                    r0: 5 r1: 4678 r2: 5 r3: 51909 r4: 102 r5: 65514 sp: 65508 pc: 5212        N: 1 Z: 0 V: 0 C: 0      
5212:   sob r2, 5204.                 src: 5         dst: 68        r0: 5 r1: 4678 r2: 4 r3: 51909 r4: 102 r5: 65514 sp: 65508 pc: 5204        N: 1 Z: 0 V: 0 C: 0      
5204:   movb (r1)+, r4                src: 0         dst: 102       r0: 5 r1: 4679 r2: 4 r3: 51909 r4: 0 r5: 65514 sp: 65508 pc: 5206          N: 0 Z: 1 V: 0 C: 0      
5206:   beq 5214.                     src: 2562                     r0: 5 r1: 4679 r2: 4 r3: 51909 r4: 0 r5: 65514 sp: 65508 pc: 5214          N: 0 Z: 1 V: 0 C: 0      
5214:   clr r2                        src: 4                        r0: 5 r1: 4679 r2: 0 r3: 51909 r4: 0 r5: 65514 sp: 65508 pc: 5216          N: 0 Z: 1 V: 0 C: 0      
5216:   div $hshsiz, r2               src: 1553      dst: 0         r0: 5 r1: 4679 r2: 33 r3: 660 r4: 0 r5: 65514 sp: 65508 pc: 5220           N: 0 Z: 0 V: 0 C: 0      
5220:   ashc $1., r2                  src: 1         dst: 33        r0: 5 r1: 4679 r2: 66 r3: 1320 r4: 0 r5: 65514 sp: 65508 pc: 5224          N: 0 Z: 0 V: 0 C: 0      
5224:   add $hshtab, r3               src: 5722      dst: 1320      r0: 5 r1: 4679 r2: 66 r3: 7042 r4: 0 r5: 65514 sp: 65508 pc: 5228          N: 0 Z: 0 V: 0 C: 0      
5228:   sub r2, r3                    src: 66        dst: 7042      r0: 5 r1: 4679 r2: 66 r3: 6976 r4: 0 r5: 65514 sp: 65508 pc: 5230          N: 0 Z: 0 V: 0 C: 0      
5230:   cmp r3, $hshtab               src: 6976      dst: 5722      r0: 5 r1: 4679 r2: 66 r3: 6976 r4: 0 r5: 65514 sp: 65508 pc: 5234          N: 0 Z: 0 V: 0 C: 0      
5234:   bhi 5240.                     src: 3043                     r0: 5 r1: 4679 r2: 66 r3: 6976 r4: 0 r5: 65514 sp: 65508 pc: 5240          N: 0 Z: 0 V: 0 C: 0      
5240:   tst -(r3)                     src: 0                        r0: 5 r1: 4679 r2: 66 r3: 6974 r4: 0 r5: 65514 sp: 65508 pc: 5242          N: 0 Z: 1 V: 0 C: 0      
5242:   bne 5228.                     src: 57475                    r0: 5 r1: 4679 r2: 66 r3: 6974 r4: 0 r5: 65514 sp: 65508 pc: 5244          N: 0 Z: 1 V: 0 C: 0      
5244:   mov (sp)+, r1                 src: 4674      dst: 4679      r0: 5 r1: 4674 r2: 66 r3: 6974 r4: 0 r5: 65514 sp: 65510 pc: 5246          N: 0 Z: 0 V: 0 C: 0      
5246:   mov r1, (r3)                  src: 4674      dst: 0         r0: 5 r1: 4674 r2: 66 r3: 6974 r4: 0 r5: 65514 sp: 65510 pc: 5248          N: 0 Z: 0 V: 0 C: 0      
5248:   add $12., r1                  src: 12        dst: 4674      r0: 5 r1: 4686 r2: 66 r3: 6974 r4: 0 r5: 65514 sp: 65510 pc: 5252          N: 0 Z: 0 V: 0 C: 0      
5252:   cmp r1, $ebsymtab             src: 4686      dst: 5118      r0: 5 r1: 4686 r2: 66 r3: 6974 r4: 0 r5: 65514 sp: 65510 pc: 5256          N: 1 Z: 0 V: 0 C: 1      
5256:   bcs 5196.                     src: 2563                     r0: 5 r1: 4686 r2: 66 r3: 6974 r4: 0 r5: 65514 sp: 65510 pc: 5196          N: 1 Z: 0 V: 0 C: 1      
5196:   clr r3                        src: 6974                     r0: 5 r1: 4686 r2: 66 r3: 0 r4: 0 r5: 65514 sp: 65510 pc: 5198             N: 0 Z: 1 V: 0 C: 0      
5198:   mov $8., r2                   src: 8         dst: 66        r0: 5 r1: 4686 r2: 8 r3: 0 r4: 0 r5: 65514 sp: 65510 pc: 5202              N: 0 Z: 0 V: 0 C: 0      
5202:   mov r1, -(sp)                 src: 4686      dst: 4674      r0: 5 r1: 4686 r2: 8 r3: 0 r4: 0 r5: 65514 sp: 65508 pc: 5204              N: 0 Z: 0 V: 0 C: 0      
5204:   movb (r1)+, r4                src: 115       dst: 0         r0: 5 r1: 4687 r2: 8 r3: 0 r4: 115 r5: 65514 sp: 65508 pc: 5206            N: 0 Z: 0 V: 0 C: 0      
5206:   beq 5214.                     src: 2562                     r0: 5 r1: 4687 r2: 8 r3: 0 r4: 115 r5: 65514 sp: 65508 pc: 5208            N: 0 Z: 0 V: 0 C: 0      
5208:   add r4, r3                    src: 115       dst: 0         r0: 5 r1: 4687 r2: 8 r3: 115 r4: 115 r5: 65514 sp: 65508 pc: 5210          N: 0 Z: 0 V: 0 C: 0      
5210:   swab r3                       src: 115                      r0: 5 r1: 4687 r2: 8 r3: 29440 r4: 115 r5: 65514 sp: 65508 pc: 5212        N: 0 Z: 1 V: 0 C: 0      
5212:   sob r2, 5204.                 src: 8         dst: 68        r0: 5 r1: 4687 r2: 7 r3: 29440 r4: 115 r5: 65514 sp: 65508 pc: 5204        N: 0 Z: 1 V: 0 C: 0      
5204:   movb (r1)+, r4                src: 117       dst: 115       r0: 5 r1: 4688 r2: 7 r3: 29440 r4: 117 r5: 65514 sp: 65508 pc: 5206        N: 0 Z: 0 V: 0 C: 0      
5206:   beq 5214.                     src: 2562                     r0: 5 r1: 4688 r2: 7 r3: 29440 r4: 117 r5: 65514 sp: 65508 pc: 5208        N: 0 Z: 0 V: 0 C: 0      
5208:   add r4, r3                    src: 117       dst: 29440     r0: 5 r1: 4688 r2: 7 r3: 29557 r4: 117 r5: 65514 sp: 65508 pc: 5210        N: 0 Z: 0 V: 0 C: 0      
5210:   swab r3                       src: 29557                    r0: 5 r1: 4688 r2: 7 r3: 30067 r4: 117 r5: 65514 sp: 65508 pc: 5212        N: 0 Z: 0 V: 0 C: 0      
5212:   sob r2, 5204.                 src: 7         dst: 68        r0: 5 r1: 4688 r2: 6 r3: 30067 r4: 117 r5: 65514 sp: 65508 pc: 5204        N: 0 Z: 0 V: 0 C: 0      
5204:   movb (r1)+, r4                src: 98        dst: 117       r0: 5 r1: 4689 r2: 6 r3: 30067 r4: 98 r5: 65514 sp: 65508 pc: 5206         N: 0 Z: 0 V: 0 C: 0      
5206:   beq 5214.                     src: 2562                     r0: 5 r1: 4689 r2: 6 r3: 30067 r4: 98 r5: 65514 sp: 65508 pc: 5208         N: 0 Z: 0 V: 0 C: 0      
5208:   add r4, r3                    src: 98        dst: 30067     r0: 5 r1: 4689 r2: 6 r3: 30165 r4: 98 r5: 65514 sp: 65508 pc: 5210         N: 0 Z: 0 V: 0 C: 0      
5210:   swab r3                       src: 30165                    r0: 5 r1: 4689 r2: 6 r3: 54645 r4: 98 r5: 65514 sp: 65508 pc: 5212         N: 0 Z: 0 V: 0 C: 0      
5212:   sob r2, 5204.                 src: 6         dst: 68        r0: 5 r1: 4689 r2: 5 r3: 54645 r4: 98 r5: 65514 sp: 65508 pc: 5204         N: 0 Z: 0 V: 0 C: 0      
5204:   movb (r1)+, r4                src: 102       dst: 98        r0: 5 r1: 4690 r2: 5 r3: 54645 r4: 102 r5: 65514 sp: 65508 pc: 5206        N: 0 Z: 0 V: 0 C: 0      
5206:   beq 5214.                     src: 2562                     r0: 5 r1: 4690 r2: 5 r3: 54645 r4: 102 r5: 65514 sp: 65508 pc: 5208        N: 0 Z: 0 V: 0 C: 0      
5208:   add r4, r3                    src: 102       dst: 54645     r0: 5 r1: 4690 r2: 5 r3: 54747 r4: 102 r5: 65514 sp: 65508 pc: 5210        N: 0 Z: 0 V: 0 C: 0      
5210:   swab r3                       src: 54747                    r0: 5 r1: 4690 r2: 5 r3: 56277 r4: 102 r5: 65514 sp: 65508 pc: 5212        N: 1 Z: 0 V: 0 C: 0      
5212:   sob r2, 5204.                 src: 5         dst: 68        r0: 5 r1: 4690 r2: 4 r3: 56277 r4: 102 r5: 65514 sp: 65508 pc: 5204        N: 1 Z: 0 V: 0 C: 0      
5204:   movb (r1)+, r4                src: 0         dst: 102       r0: 5 r1: 4691 r2: 4 r3: 56277 r4: 0 r5: 65514 sp: 65508 pc: 5206          N: 0 Z: 1 V: 0 C: 0      
5206:   beq 5214.                     src: 2562                     r0: 5 r1: 4691 r2: 4 r3: 56277 r4: 0 r5: 65514 sp: 65508 pc: 5214          N: 0 Z: 1 V: 0 C: 0      
5214:   clr r2                        src: 4                        r0: 5 r1: 4691 r2: 0 r3: 56277 r4: 0 r5: 65514 sp: 65508 pc: 5216          N: 0 Z: 1 V: 0 C: 0      
5216:   div $hshsiz, r2               src: 1553      dst: 0         r0: 5 r1: 4691 r2: 36 r3: 369 r4: 0 r5: 65514 sp: 65508 pc: 5220           N: 0 Z: 0 V: 0 C: 0      
5220:   ashc $1., r2                  src: 1         dst: 36        r0: 5 r1: 4691 r2: 72 r3: 738 r4: 0 r5: 65514 sp: 65508 pc: 5224           N: 0 Z: 0 V: 0 C: 0      
5224:   add $hshtab, r3               src: 5722      dst: 738       r0: 5 r1: 4691 r2: 72 r3: 6460 r4: 0 r5: 65514 sp: 65508 pc: 5228          N: 0 Z: 0 V: 0 C: 0      
5228:   sub r2, r3                    src: 72        dst: 6460      r0: 5 r1: 4691 r2: 72 r3: 6388 r4: 0 r5: 65514 sp: 65508 pc: 5230          N: 0 Z: 0 V: 0 C: 0      
5230:   cmp r3, $hshtab               src: 6388      dst: 5722      r0: 5 r1: 4691 r2: 72 r3: 6388 r4: 0 r5: 65514 sp: 65508 pc: 5234          N: 0 Z: 0 V: 0 C: 0      
5234:   bhi 5240.                     src: 3043                     r0: 5 r1: 4691 r2: 72 r3: 6388 r4: 0 r5: 65514 sp: 65508 pc: 5240          N: 0 Z: 0 V: 0 C: 0      
5240:   tst -(r3)                     src: 0                        r0: 5 r1: 4691 r2: 72 r3: 6386 r4: 0 r5: 65514 sp: 65508 pc: 5242          N: 0 Z: 1 V: 0 C: 0      
5242:   bne 5228.                     src: 57475                    r0: 5 r1: 4691 r2: 72 r3: 6386 r4: 0 r5: 65514 sp: 65508 pc: 5244          N: 0 Z: 1 V: 0 C: 0      
5244:   mov (sp)+, r1                 src: 4686      dst: 4691      r0: 5 r1: 4686 r2: 72 r3: 6386 r4: 0 r5: 65514 sp: 65510 pc: 5246          N: 0 Z: 0 V: 0 C: 0      
5246:   mov r1, (r3)                  src: 4686      dst: 0         r0: 5 r1: 4686 r2: 72 r3: 6386 r4: 0 r5: 65514 sp: 65510 pc: 5248          N: 0 Z: 0 V: 0 C: 0      
5248:   add $12., r1                  src: 12        dst: 4686      r0: 5 r1: 4698 r2: 72 r3: 6386 r4: 0 r5: 65514 sp: 65510 pc: 5252          N: 0 Z: 0 V: 0 C: 0      
5252:   cmp r1, $ebsymtab             src: 4698      dst: 5118      r0: 5 r1: 4698 r2: 72 r3: 6386 r4: 0 r5: 65514 sp: 65510 pc: 5256          N: 1 Z: 0 V: 0 C: 1      
5256:   bcs 5196.                     src: 2563                     r0: 5 r1: 4698 r2: 72 r3: 6386 r4: 0 r5: 65514 sp: 65510 pc: 5196          N: 1 Z: 0 V: 0 C: 1      
5196:   clr r3                        src: 6386                     r0: 5 r1: 4698 r2: 72 r3: 0 r4: 0 r5: 65514 sp: 65510 pc: 5198             N: 0 Z: 1 V: 0 C: 0      
5198:   mov $8., r2                   src: 8         dst: 72        r0: 5 r1: 4698 r2: 8 r3: 0 r4: 0 r5: 65514 sp: 65510 pc: 5202              N: 0 Z: 0 V: 0 C: 0      
5202:   mov r1, -(sp)                 src: 4698      dst: 4686      r0: 5 r1: 4698 r2: 8 r3: 0 r4: 0 r5: 65514 sp: 65508 pc: 5204              N: 0 Z: 0 V: 0 C: 0      
5204:   movb (r1)+, r4                src: 109       dst: 0         r0: 5 r1: 4699 r2: 8 r3: 0 r4: 109 r5: 65514 sp: 65508 pc: 5206            N: 0 Z: 0 V: 0 C: 0      
5206:   beq 5214.                     src: 2562                     r0: 5 r1: 4699 r2: 8 r3: 0 r4: 109 r5: 65514 sp: 65508 pc: 5208            N: 0 Z: 0 V: 0 C: 0      
5208:   add r4, r3                    src: 109       dst: 0         r0: 5 r1: 4699 r2: 8 r3: 109 r4: 109 r5: 65514 sp: 65508 pc: 5210          N: 0 Z: 0 V: 0 C: 0      
5210:   swab r3                       src: 109                      r0: 5 r1: 4699 r2: 8 r3: 27904 r4: 109 r5: 65514 sp: 65508 pc: 5212        N: 0 Z: 1 V: 0 C: 0      
5212:   sob r2, 5204.                 src: 8         dst: 68        r0: 5 r1: 4699 r2: 7 r3: 27904 r4: 109 r5: 65514 sp: 65508 pc: 5204        N: 0 Z: 1 V: 0 C: 0      
5204:   movb (r1)+, r4                src: 117       dst: 109       r0: 5 r1: 4700 r2: 7 r3: 27904 r4: 117 r5: 65514 sp: 65508 pc: 5206        N: 0 Z: 0 V: 0 C: 0      
5206:   beq 5214.                     src: 2562                     r0: 5 r1: 4700 r2: 7 r3: 27904 r4: 117 r5: 65514 sp: 65508 pc: 5208        N: 0 Z: 0 V: 0 C: 0      
5208:   add r4, r3                    src: 117       dst: 27904     r0: 5 r1: 4700 r2: 7 r3: 28021 r4: 117 r5: 65514 sp: 65508 pc: 5210        N: 0 Z: 0 V: 0 C: 0      
5210:   swab r3                       src: 28021                    r0: 5 r1: 4700 r2: 7 r3: 30061 r4: 117 r5: 65514 sp: 65508 pc: 5212        N: 0 Z: 0 V: 0 C: 0      
5212:   sob r2, 5204.                 src: 7         dst: 68        r0: 5 r1: 4700 r2: 6 r3: 30061 r4: 117 r5: 65514 sp: 65508 pc: 5204        N: 0 Z: 0 V: 0 C: 0      
5204:   movb (r1)+, r4                src: 108       dst: 117       r0: 5 r1: 4701 r2: 6 r3: 30061 r4: 108 r5: 65514 sp: 65508 pc: 5206        N: 0 Z: 0 V: 0 C: 0      
5206:   beq 5214.                     src: 2562                     r0: 5 r1: 4701 r2: 6 r3: 30061 r4: 108 r5: 65514 sp: 65508 pc: 5208        N: 0 Z: 0 V: 0 C: 0      
5208:   add r4, r3                    src: 108       dst: 30061     r0: 5 r1: 4701 r2: 6 r3: 30169 r4: 108 r5: 65514 sp: 65508 pc: 5210        N: 0 Z: 0 V: 0 C: 0      
5210:   swab r3                       src: 30169                    r0: 5 r1: 4701 r2: 6 r3: 55669 r4: 108 r5: 65514 sp: 65508 pc: 5212        N: 0 Z: 0 V: 0 C: 0      
5212:   sob r2, 5204.                 src: 6         dst: 68        r0: 5 r1: 4701 r2: 5 r3: 55669 r4: 108 r5: 65514 sp: 65508 pc: 5204        N: 0 Z: 0 V: 0 C: 0      
5204:   movb (r1)+, r4                src: 102       dst: 108       r0: 5 r1: 4702 r2: 5 r3: 55669 r4: 102 r5: 65514 sp: 65508 pc: 5206        N: 0 Z: 0 V: 0 C: 0      
5206:   beq 5214.                     src: 2562                     r0: 5 r1: 4702 r2: 5 r3: 55669 r4: 102 r5: 65514 sp: 65508 pc: 5208        N: 0 Z: 0 V: 0 C: 0      
5208:   add r4, r3                    src: 102       dst: 55669     r0: 5 r1: 4702 r2: 5 r3: 55771 r4: 102 r5: 65514 sp: 65508 pc: 5210        N: 0 Z: 0 V: 0 C: 0      
5210:   swab r3                       src: 55771                    r0: 5 r1: 4702 r2: 5 r3: 56281 r4: 102 r5: 65514 sp: 65508 pc: 5212        N: 1 Z: 0 V: 0 C: 0      
5212:   sob r2, 5204.                 src: 5         dst: 68        r0: 5 r1: 4702 r2: 4 r3: 56281 r4: 102 r5: 65514 sp: 65508 pc: 5204        N: 1 Z: 0 V: 0 C: 0      
5204:   movb (r1)+, r4                src: 0         dst: 102       r0: 5 r1: 4703 r2: 4 r3: 56281 r4: 0 r5: 65514 sp: 65508 pc: 5206          N: 0 Z: 1 V: 0 C: 0      
5206:   beq 5214.                     src: 2562                     r0: 5 r1: 4703 r2: 4 r3: 56281 r4: 0 r5: 65514 sp: 65508 pc: 5214          N: 0 Z: 1 V: 0 C: 0      
5214:   clr r2                        src: 4                        r0: 5 r1: 4703 r2: 0 r3: 56281 r4: 0 r5: 65514 sp: 65508 pc: 5216          N: 0 Z: 1 V: 0 C: 0      
5216:   div $hshsiz, r2               src: 1553      dst: 0         r0: 5 r1: 4703 r2: 36 r3: 373 r4: 0 r5: 65514 sp: 65508 pc: 5220           N: 0 Z: 0 V: 0 C: 0      
5220:   ashc $1., r2                  src: 1         dst: 36        r0: 5 r1: 4703 r2: 72 r3: 746 r4: 0 r5: 65514 sp: 65508 pc: 5224           N: 0 Z: 0 V: 0 C: 0      
5224:   add $hshtab, r3               src: 5722      dst: 746       r0: 5 r1: 4703 r2: 72 r3: 6468 r4: 0 r5: 65514 sp: 65508 pc: 5228          N: 0 Z: 0 V: 0 C: 0      
5228:   sub r2, r3                    src: 72        dst: 6468      r0: 5 r1: 4703 r2: 72 r3: 6396 r4: 0 r5: 65514 sp: 65508 pc: 5230          N: 0 Z: 0 V: 0 C: 0      
5230:   cmp r3, $hshtab               src: 6396      dst: 5722      r0: 5 r1: 4703 r2: 72 r3: 6396 r4: 0 r5: 65514 sp: 65508 pc: 5234          N: 0 Z: 0 V: 0 C: 0      
5234:   bhi 5240.                     src: 3043                     r0: 5 r1: 4703 r2: 72 r3: 6396 r4: 0 r5: 65514 sp: 65508 pc: 5240          N: 0 Z: 0 V: 0 C: 0      
5240:   tst -(r3)                     src: 0                        r0: 5 r1: 4703 r2: 72 r3: 6394 r4: 0 r5: 65514 sp: 65508 pc: 5242          N: 0 Z: 1 V: 0 C: 0      
5242:   bne 5228.                     src: 57475                    r0: 5 r1: 4703 r2: 72 r3: 6394 r4: 0 r5: 65514 sp: 65508 pc: 5244          N: 0 Z: 1 V: 0 C: 0      
5244:   mov (sp)+, r1                 src: 4698      dst: 4703      r0: 5 r1: 4698 r2: 72 r3: 6394 r4: 0 r5: 65514 sp: 65510 pc: 5246          N: 0 Z: 0 V: 0 C: 0      
5246:   mov r1, (r3)                  src: 4698      dst: 0         r0: 5 r1: 4698 r2: 72 r3: 6394 r4: 0 r5: 65514 sp: 65510 pc: 5248          N: 0 Z: 0 V: 0 C: 0      
5248:   add $12., r1                  src: 12        dst: 4698      r0: 5 r1: 4710 r2: 72 r3: 6394 r4: 0 r5: 65514 sp: 65510 pc: 5252          N: 0 Z: 0 V: 0 C: 0      
5252:   cmp r1, $ebsymtab             src: 4710      dst: 5118      r0: 5 r1: 4710 r2: 72 r3: 6394 r4: 0 r5: 65514 sp: 65510 pc: 5256          N: 1 Z: 0 V: 0 C: 1      
5256:   bcs 5196.                     src: 2563                     r0: 5 r1: 4710 r2: 72 r3: 6394 r4: 0 r5: 65514 sp: 65510 pc: 5196          N: 1 Z: 0 V: 0 C: 1      
5196:   clr r3                        src: 6394                     r0: 5 r1: 4710 r2: 72 r3: 0 r4: 0 r5: 65514 sp: 65510 pc: 5198             N: 0 Z: 1 V: 0 C: 0      
5198:   mov $8., r2                   src: 8         dst: 72        r0: 5 r1: 4710 r2: 8 r3: 0 r4: 0 r5: 65514 sp: 65510 pc: 5202              N: 0 Z: 0 V: 0 C: 0      
5202:   mov r1, -(sp)                 src: 4710      dst: 4698      r0: 5 r1: 4710 r2: 8 r3: 0 r4: 0 r5: 65514 sp: 65508 pc: 5204              N: 0 Z: 0 V: 0 C: 0      
5204:   movb (r1)+, r4                src: 100       dst: 0         r0: 5 r1: 4711 r2: 8 r3: 0 r4: 100 r5: 65514 sp: 65508 pc: 5206            N: 0 Z: 0 V: 0 C: 0      
5206:   beq 5214.                     src: 2562                     r0: 5 r1: 4711 r2: 8 r3: 0 r4: 100 r5: 65514 sp: 65508 pc: 5208            N: 0 Z: 0 V: 0 C: 0      
5208:   add r4, r3                    src: 100       dst: 0         r0: 5 r1: 4711 r2: 8 r3: 100 r4: 100 r5: 65514 sp: 65508 pc: 5210          N: 0 Z: 0 V: 0 C: 0      
5210:   swab r3                       src: 100                      r0: 5 r1: 4711 r2: 8 r3: 25600 r4: 100 r5: 65514 sp: 65508 pc: 5212        N: 0 Z: 1 V: 0 C: 0      
5212:   sob r2, 5204.                 src: 8         dst: 68        r0: 5 r1: 4711 r2: 7 r3: 25600 r4: 100 r5: 65514 sp: 65508 pc: 5204        N: 0 Z: 1 V: 0 C: 0      
5204:   movb (r1)+, r4                src: 105       dst: 100       r0: 5 r1: 4712 r2: 7 r3: 25600 r4: 105 r5: 65514 sp: 65508 pc: 5206        N: 0 Z: 0 V: 0 C: 0      
5206:   beq 5214.                     src: 2562                     r0: 5 r1: 4712 r2: 7 r3: 25600 r4: 105 r5: 65514 sp: 65508 pc: 5208        N: 0 Z: 0 V: 0 C: 0      
5208:   add r4, r3                    src: 105       dst: 25600     r0: 5 r1: 4712 r2: 7 r3: 25705 r4: 105 r5: 65514 sp: 65508 pc: 5210        N: 0 Z: 0 V: 0 C: 0      
5210:   swab r3                       src: 25705                    r0: 5 r1: 4712 r2: 7 r3: 26980 r4: 105 r5: 65514 sp: 65508 pc: 5212        N: 0 Z: 0 V: 0 C: 0      
5212:   sob r2, 5204.                 src: 7         dst: 68        r0: 5 r1: 4712 r2: 6 r3: 26980 r4: 105 r5: 65514 sp: 65508 pc: 5204        N: 0 Z: 0 V: 0 C: 0      
5204:   movb (r1)+, r4                src: 118       dst: 105       r0: 5 r1: 4713 r2: 6 r3: 26980 r4: 118 r5: 65514 sp: 65508 pc: 5206        N: 0 Z: 0 V: 0 C: 0      
5206:   beq 5214.                     src: 2562                     r0: 5 r1: 4713 r2: 6 r3: 26980 r4: 118 r5: 65514 sp: 65508 pc: 5208        N: 0 Z: 0 V: 0 C: 0      
5208:   add r4, r3                    src: 118       dst: 26980     r0: 5 r1: 4713 r2: 6 r3: 27098 r4: 118 r5: 65514 sp: 65508 pc: 5210        N: 0 Z: 0 V: 0 C: 0      
5210:   swab r3                       src: 27098                    r0: 5 r1: 4713 r2: 6 r3: 55913 r4: 118 r5: 65514 sp: 65508 pc: 5212        N: 0 Z: 0 V: 0 C: 0      
5212:   sob r2, 5204.                 src: 6         dst: 68        r0: 5 r1: 4713 r2: 5 r3: 55913 r4: 118 r5: 65514 sp: 65508 pc: 5204        N: 0 Z: 0 V: 0 C: 0      
5204:   movb (r1)+, r4                src: 102       dst: 118       r0: 5 r1: 4714 r2: 5 r3: 55913 r4: 102 r5: 65514 sp: 65508 pc: 5206        N: 0 Z: 0 V: 0 C: 0      
5206:   beq 5214.                     src: 2562                     r0: 5 r1: 4714 r2: 5 r3: 55913 r4: 102 r5: 65514 sp: 65508 pc: 5208        N: 0 Z: 0 V: 0 C: 0      
5208:   add r4, r3                    src: 102       dst: 55913     r0: 5 r1: 4714 r2: 5 r3: 56015 r4: 102 r5: 65514 sp: 65508 pc: 5210        N: 0 Z: 0 V: 0 C: 0      
5210:   swab r3                       src: 56015                    r0: 5 r1: 4714 r2: 5 r3: 53210 r4: 102 r5: 65514 sp: 65508 pc: 5212        N: 1 Z: 0 V: 0 C: 0      
5212:   sob r2, 5204.                 src: 5         dst: 68        r0: 5 r1: 4714 r2: 4 r3: 53210 r4: 102 r5: 65514 sp: 65508 pc: 5204        N: 1 Z: 0 V: 0 C: 0      
5204:   movb (r1)+, r4                src: 0         dst: 102       r0: 5 r1: 4715 r2: 4 r3: 53210 r4: 0 r5: 65514 sp: 65508 pc: 5206          N: 0 Z: 1 V: 0 C: 0      
5206:   beq 5214.                     src: 2562                     r0: 5 r1: 4715 r2: 4 r3: 53210 r4: 0 r5: 65514 sp: 65508 pc: 5214          N: 0 Z: 1 V: 0 C: 0      
5214:   clr r2                        src: 4                        r0: 5 r1: 4715 r2: 0 r3: 53210 r4: 0 r5: 65514 sp: 65508 pc: 5216          N: 0 Z: 1 V: 0 C: 0      
5216:   div $hshsiz, r2               src: 1553      dst: 0         r0: 5 r1: 4715 r2: 34 r3: 408 r4: 0 r5: 65514 sp: 65508 pc: 5220           N: 0 Z: 0 V: 0 C: 0      
5220:   ashc $1., r2                  src: 1         dst: 34        r0: 5 r1: 4715 r2: 68 r3: 816 r4: 0 r5: 65514 sp: 65508 pc: 5224           N: 0 Z: 0 V: 0 C: 0      
5224:   add $hshtab, r3               src: 5722      dst: 816       r0: 5 r1: 4715 r2: 68 r3: 6538 r4: 0 r5: 65514 sp: 65508 pc: 5228          N: 0 Z: 0 V: 0 C: 0      
5228:   sub r2, r3                    src: 68        dst: 6538      r0: 5 r1: 4715 r2: 68 r3: 6470 r4: 0 r5: 65514 sp: 65508 pc: 5230          N: 0 Z: 0 V: 0 C: 0      
5230:   cmp r3, $hshtab               src: 6470      dst: 5722      r0: 5 r1: 4715 r2: 68 r3: 6470 r4: 0 r5: 65514 sp: 65508 pc: 5234          N: 0 Z: 0 V: 0 C: 0      
5234:   bhi 5240.                     src: 3043                     r0: 5 r1: 4715 r2: 68 r3: 6470 r4: 0 r5: 65514 sp: 65508 pc: 5240          N: 0 Z: 0 V: 0 C: 0      
5240:   tst -(r3)                     src: 3450                     r0: 5 r1: 4715 r2: 68 r3: 6468 r4: 0 r5: 65514 sp: 65508 pc: 5242          N: 0 Z: 0 V: 0 C: 0      
5242:   bne 5228.                     src: 57475                    r0: 5 r1: 4715 r2: 68 r3: 6468 r4: 0 r5: 65514 sp: 65508 pc: 5228          N: 0 Z: 0 V: 0 C: 0      
5228:   sub r2, r3                    src: 68        dst: 6468      r0: 5 r1: 4715 r2: 68 r3: 6400 r4: 0 r5: 65514 sp: 65508 pc: 5230          N: 0 Z: 0 V: 0 C: 0      
5230:   cmp r3, $hshtab               src: 6400      dst: 5722      r0: 5 r1: 4715 r2: 68 r3: 6400 r4: 0 r5: 65514 sp: 65508 pc: 5234          N: 0 Z: 0 V: 0 C: 0      
5234:   bhi 5240.                     src: 3043                     r0: 5 r1: 4715 r2: 68 r3: 6400 r4: 0 r5: 65514 sp: 65508 pc: 5240          N: 0 Z: 0 V: 0 C: 0      
5240:   tst -(r3)                     src: 0                        r0: 5 r1: 4715 r2: 68 r3: 6398 r4: 0 r5: 65514 sp: 65508 pc: 5242          N: 0 Z: 1 V: 0 C: 0      
5242:   bne 5228.                     src: 57475                    r0: 5 r1: 4715 r2: 68 r3: 6398 r4: 0 r5: 65514 sp: 65508 pc: 5244          N: 0 Z: 1 V: 0 C: 0      
5244:   mov (sp)+, r1                 src: 4710      dst: 4715      r0: 5 r1: 4710 r2: 68 r3: 6398 r4: 0 r5: 65514 sp: 65510 pc: 5246          N: 0 Z: 0 V: 0 C: 0      
5246:   mov r1, (r3)                  src: 4710      dst: 0         r0: 5 r1: 4710 r2: 68 r3: 6398 r4: 0 r5: 65514 sp: 65510 pc: 5248          N: 0 Z: 0 V: 0 C: 0      
5248:   add $12., r1                  src: 12        dst: 4710      r0: 5 r1: 4722 r2: 68 r3: 6398 r4: 0 r5: 65514 sp: 65510 pc: 5252          N: 0 Z: 0 V: 0 C: 0      
5252:   cmp r1, $ebsymtab             src: 4722      dst: 5118      r0: 5 r1: 4722 r2: 68 r3: 6398 r4: 0 r5: 65514 sp: 65510 pc: 5256          N: 1 Z: 0 V: 0 C: 1      
5256:   bcs 5196.                     src: 2563                     r0: 5 r1: 4722 r2: 68 r3: 6398 r4: 0 r5: 65514 sp: 65510 pc: 5196          N: 1 Z: 0 V: 0 C: 1      
5196:   clr r3                        src: 6398                     r0: 5 r1: 4722 r2: 68 r3: 0 r4: 0 r5: 65514 sp: 65510 pc: 5198             N: 0 Z: 1 V: 0 C: 0      
5198:   mov $8., r2                   src: 8         dst: 68        r0: 5 r1: 4722 r2: 8 r3: 0 r4: 0 r5: 65514 sp: 65510 pc: 5202              N: 0 Z: 0 V: 0 C: 0      
5202:   mov r1, -(sp)                 src: 4722      dst: 4710      r0: 5 r1: 4722 r2: 8 r3: 0 r4: 0 r5: 65514 sp: 65508 pc: 5204              N: 0 Z: 0 V: 0 C: 0      
5204:   movb (r1)+, r4                src: 99        dst: 0         r0: 5 r1: 4723 r2: 8 r3: 0 r4: 99 r5: 65514 sp: 65508 pc: 5206             N: 0 Z: 0 V: 0 C: 0      
5206:   beq 5214.                     src: 2562                     r0: 5 r1: 4723 r2: 8 r3: 0 r4: 99 r5: 65514 sp: 65508 pc: 5208             N: 0 Z: 0 V: 0 C: 0      
5208:   add r4, r3                    src: 99        dst: 0         r0: 5 r1: 4723 r2: 8 r3: 99 r4: 99 r5: 65514 sp: 65508 pc: 5210            N: 0 Z: 0 V: 0 C: 0      
5210:   swab r3                       src: 99                       r0: 5 r1: 4723 r2: 8 r3: 25344 r4: 99 r5: 65514 sp: 65508 pc: 5212         N: 0 Z: 1 V: 0 C: 0      
5212:   sob r2, 5204.                 src: 8         dst: 68        r0: 5 r1: 4723 r2: 7 r3: 25344 r4: 99 r5: 65514 sp: 65508 pc: 5204         N: 0 Z: 1 V: 0 C: 0      
5204:   movb (r1)+, r4                src: 109       dst: 99        r0: 5 r1: 4724 r2: 7 r3: 25344 r4: 109 r5: 65514 sp: 65508 pc: 5206        N: 0 Z: 0 V: 0 C: 0      
5206:   beq 5214.                     src: 2562                     r0: 5 r1: 4724 r2: 7 r3: 25344 r4: 109 r5: 65514 sp: 65508 pc: 5208        N: 0 Z: 0 V: 0 C: 0      
5208:   add r4, r3                    src: 109       dst: 25344     r0: 5 r1: 4724 r2: 7 r3: 25453 r4: 109 r5: 65514 sp: 65508 pc: 5210        N: 0 Z: 0 V: 0 C: 0      
5210:   swab r3                       src: 25453                    r0: 5 r1: 4724 r2: 7 r3: 28003 r4: 109 r5: 65514 sp: 65508 pc: 5212        N: 0 Z: 0 V: 0 C: 0      
5212:   sob r2, 5204.                 src: 7         dst: 68        r0: 5 r1: 4724 r2: 6 r3: 28003 r4: 109 r5: 65514 sp: 65508 pc: 5204        N: 0 Z: 0 V: 0 C: 0      
5204:   movb (r1)+, r4                src: 112       dst: 109       r0: 5 r1: 4725 r2: 6 r3: 28003 r4: 112 r5: 65514 sp: 65508 pc: 5206        N: 0 Z: 0 V: 0 C: 0      
5206:   beq 5214.                     src: 2562                     r0: 5 r1: 4725 r2: 6 r3: 28003 r4: 112 r5: 65514 sp: 65508 pc: 5208        N: 0 Z: 0 V: 0 C: 0      
5208:   add r4, r3                    src: 112       dst: 28003     r0: 5 r1: 4725 r2: 6 r3: 28115 r4: 112 r5: 65514 sp: 65508 pc: 5210        N: 0 Z: 0 V: 0 C: 0      
5210:   swab r3                       src: 28115                    r0: 5 r1: 4725 r2: 6 r3: 54125 r4: 112 r5: 65514 sp: 65508 pc: 5212        N: 0 Z: 0 V: 0 C: 0      
5212:   sob r2, 5204.                 src: 6         dst: 68        r0: 5 r1: 4725 r2: 5 r3: 54125 r4: 112 r5: 65514 sp: 65508 pc: 5204        N: 0 Z: 0 V: 0 C: 0      
5204:   movb (r1)+, r4                src: 102       dst: 112       r0: 5 r1: 4726 r2: 5 r3: 54125 r4: 102 r5: 65514 sp: 65508 pc: 5206        N: 0 Z: 0 V: 0 C: 0      
5206:   beq 5214.                     src: 2562                     r0: 5 r1: 4726 r2: 5 r3: 54125 r4: 102 r5: 65514 sp: 65508 pc: 5208        N: 0 Z: 0 V: 0 C: 0      
5208:   add r4, r3                    src: 102       dst: 54125     r0: 5 r1: 4726 r2: 5 r3: 54227 r4: 102 r5: 65514 sp: 65508 pc: 5210        N: 0 Z: 0 V: 0 C: 0      
5210:   swab r3                       src: 54227                    r0: 5 r1: 4726 r2: 5 r3: 54227 r4: 102 r5: 65514 sp: 65508 pc: 5212        N: 1 Z: 0 V: 0 C: 0      
5212:   sob r2, 5204.                 src: 5         dst: 68        r0: 5 r1: 4726 r2: 4 r3: 54227 r4: 102 r5: 65514 sp: 65508 pc: 5204        N: 1 Z: 0 V: 0 C: 0      
5204:   movb (r1)+, r4                src: 0         dst: 102       r0: 5 r1: 4727 r2: 4 r3: 54227 r4: 0 r5: 65514 sp: 65508 pc: 5206          N: 0 Z: 1 V: 0 C: 0      
5206:   beq 5214.                     src: 2562                     r0: 5 r1: 4727 r2: 4 r3: 54227 r4: 0 r5: 65514 sp: 65508 pc: 5214          N: 0 Z: 1 V: 0 C: 0      
5214:   clr r2                        src: 4                        r0: 5 r1: 4727 r2: 0 r3: 54227 r4: 0 r5: 65514 sp: 65508 pc: 5216          N: 0 Z: 1 V: 0 C: 0      
5216:   div $hshsiz, r2               src: 1553      dst: 0         r0: 5 r1: 4727 r2: 34 r3: 1425 r4: 0 r5: 65514 sp: 65508 pc: 5220          N: 0 Z: 0 V: 0 C: 0      
5220:   ashc $1., r2                  src: 1         dst: 34        r0: 5 r1: 4727 r2: 68 r3: 2850 r4: 0 r5: 65514 sp: 65508 pc: 5224          N: 0 Z: 0 V: 0 C: 0      
5224:   add $hshtab, r3               src: 5722      dst: 2850      r0: 5 r1: 4727 r2: 68 r3: 8572 r4: 0 r5: 65514 sp: 65508 pc: 5228          N: 0 Z: 0 V: 0 C: 0      
5228:   sub r2, r3                    src: 68        dst: 8572      r0: 5 r1: 4727 r2: 68 r3: 8504 r4: 0 r5: 65514 sp: 65508 pc: 5230          N: 0 Z: 0 V: 0 C: 0      
5230:   cmp r3, $hshtab               src: 8504      dst: 5722      r0: 5 r1: 4727 r2: 68 r3: 8504 r4: 0 r5: 65514 sp: 65508 pc: 5234          N: 0 Z: 0 V: 0 C: 0      
5234:   bhi 5240.                     src: 3043                     r0: 5 r1: 4727 r2: 68 r3: 8504 r4: 0 r5: 65514 sp: 65508 pc: 5240          N: 0 Z: 0 V: 0 C: 0      
5240:   tst -(r3)                     src: 0                        r0: 5 r1: 4727 r2: 68 r3: 8502 r4: 0 r5: 65514 sp: 65508 pc: 5242          N: 0 Z: 1 V: 0 C: 0      
5242:   bne 5228.                     src: 57475                    r0: 5 r1: 4727 r2: 68 r3: 8502 r4: 0 r5: 65514 sp: 65508 pc: 5244          N: 0 Z: 1 V: 0 C: 0      
5244:   mov (sp)+, r1                 src: 4722      dst: 4727      r0: 5 r1: 4722 r2: 68 r3: 8502 r4: 0 r5: 65514 sp: 65510 pc: 5246          N: 0 Z: 0 V: 0 C: 0      
5246:   mov r1, (r3)                  src: 4722      dst: 0         r0: 5 r1: 4722 r2: 68 r3: 8502 r4: 0 r5: 65514 sp: 65510 pc: 5248          N: 0 Z: 0 V: 0 C: 0      
5248:   add $12., r1                  src: 12        dst: 4722      r0: 5 r1: 4734 r2: 68 r3: 8502 r4: 0 r5: 65514 sp: 65510 pc: 5252          N: 0 Z: 0 V: 0 C: 0      
5252:   cmp r1, $ebsymtab             src: 4734      dst: 5118      r0: 5 r1: 4734 r2: 68 r3: 8502 r4: 0 r5: 65514 sp: 65510 pc: 5256          N: 1 Z: 0 V: 0 C: 1      
5256:   bcs 5196.                     src: 2563                     r0: 5 r1: 4734 r2: 68 r3: 8502 r4: 0 r5: 65514 sp: 65510 pc: 5196          N: 1 Z: 0 V: 0 C: 1      
5196:   clr r3                        src: 8502                     r0: 5 r1: 4734 r2: 68 r3: 0 r4: 0 r5: 65514 sp: 65510 pc: 5198             N: 0 Z: 1 V: 0 C: 0      
5198:   mov $8., r2                   src: 8         dst: 68        r0: 5 r1: 4734 r2: 8 r3: 0 r4: 0 r5: 65514 sp: 65510 pc: 5202              N: 0 Z: 0 V: 0 C: 0      
5202:   mov r1, -(sp)                 src: 4734      dst: 4722      r0: 5 r1: 4734 r2: 8 r3: 0 r4: 0 r5: 65514 sp: 65508 pc: 5204              N: 0 Z: 0 V: 0 C: 0      
5204:   movb (r1)+, r4                src: 109       dst: 0         r0: 5 r1: 4735 r2: 8 r3: 0 r4: 109 r5: 65514 sp: 65508 pc: 5206            N: 0 Z: 0 V: 0 C: 0      
5206:   beq 5214.                     src: 2562                     r0: 5 r1: 4735 r2: 8 r3: 0 r4: 109 r5: 65514 sp: 65508 pc: 5208            N: 0 Z: 0 V: 0 C: 0      
5208:   add r4, r3                    src: 109       dst: 0         r0: 5 r1: 4735 r2: 8 r3: 109 r4: 109 r5: 65514 sp: 65508 pc: 5210          N: 0 Z: 0 V: 0 C: 0      
5210:   swab r3                       src: 109                      r0: 5 r1: 4735 r2: 8 r3: 27904 r4: 109 r5: 65514 sp: 65508 pc: 5212        N: 0 Z: 1 V: 0 C: 0      
5212:   sob r2, 5204.                 src: 8         dst: 68        r0: 5 r1: 4735 r2: 7 r3: 27904 r4: 109 r5: 65514 sp: 65508 pc: 5204        N: 0 Z: 1 V: 0 C: 0      
5204:   movb (r1)+, r4                src: 111       dst: 109       r0: 5 r1: 4736 r2: 7 r3: 27904 r4: 111 r5: 65514 sp: 65508 pc: 5206        N: 0 Z: 0 V: 0 C: 0      
5206:   beq 5214.                     src: 2562                     r0: 5 r1: 4736 r2: 7 r3: 27904 r4: 111 r5: 65514 sp: 65508 pc: 5208        N: 0 Z: 0 V: 0 C: 0      
5208:   add r4, r3                    src: 111       dst: 27904     r0: 5 r1: 4736 r2: 7 r3: 28015 r4: 111 r5: 65514 sp: 65508 pc: 5210        N: 0 Z: 0 V: 0 C: 0      
5210:   swab r3                       src: 28015                    r0: 5 r1: 4736 r2: 7 r3: 28525 r4: 111 r5: 65514 sp: 65508 pc: 5212        N: 0 Z: 0 V: 0 C: 0      
5212:   sob r2, 5204.                 src: 7         dst: 68        r0: 5 r1: 4736 r2: 6 r3: 28525 r4: 111 r5: 65514 sp: 65508 pc: 5204        N: 0 Z: 0 V: 0 C: 0      
5204:   movb (r1)+, r4                src: 100       dst: 111       r0: 5 r1: 4737 r2: 6 r3: 28525 r4: 100 r5: 65514 sp: 65508 pc: 5206        N: 0 Z: 0 V: 0 C: 0      
5206:   beq 5214.                     src: 2562                     r0: 5 r1: 4737 r2: 6 r3: 28525 r4: 100 r5: 65514 sp: 65508 pc: 5208        N: 0 Z: 0 V: 0 C: 0      
5208:   add r4, r3                    src: 100       dst: 28525     r0: 5 r1: 4737 r2: 6 r3: 28625 r4: 100 r5: 65514 sp: 65508 pc: 5210        N: 0 Z: 0 V: 0 C: 0      
5210:   swab r3                       src: 28625                    r0: 5 r1: 4737 r2: 6 r3: 53615 r4: 100 r5: 65514 sp: 65508 pc: 5212        N: 0 Z: 0 V: 0 C: 0      
5212:   sob r2, 5204.                 src: 6         dst: 68        r0: 5 r1: 4737 r2: 5 r3: 53615 r4: 100 r5: 65514 sp: 65508 pc: 5204        N: 0 Z: 0 V: 0 C: 0      
5204:   movb (r1)+, r4                src: 102       dst: 100       r0: 5 r1: 4738 r2: 5 r3: 53615 r4: 102 r5: 65514 sp: 65508 pc: 5206        N: 0 Z: 0 V: 0 C: 0      
5206:   beq 5214.                     src: 2562                     r0: 5 r1: 4738 r2: 5 r3: 53615 r4: 102 r5: 65514 sp: 65508 pc: 5208        N: 0 Z: 0 V: 0 C: 0      
5208:   add r4, r3                    src: 102       dst: 53615     r0: 5 r1: 4738 r2: 5 r3: 53717 r4: 102 r5: 65514 sp: 65508 pc: 5210        N: 0 Z: 0 V: 0 C: 0      
5210:   swab r3                       src: 53717                    r0: 5 r1: 4738 r2: 5 r3: 54737 r4: 102 r5: 65514 sp: 65508 pc: 5212        N: 1 Z: 0 V: 0 C: 0      
5212:   sob r2, 5204.                 src: 5         dst: 68        r0: 5 r1: 4738 r2: 4 r3: 54737 r4: 102 r5: 65514 sp: 65508 pc: 5204        N: 1 Z: 0 V: 0 C: 0      
5204:   movb (r1)+, r4                src: 0         dst: 102       r0: 5 r1: 4739 r2: 4 r3: 54737 r4: 0 r5: 65514 sp: 65508 pc: 5206          N: 0 Z: 1 V: 0 C: 0      
5206:   beq 5214.                     src: 2562                     r0: 5 r1: 4739 r2: 4 r3: 54737 r4: 0 r5: 65514 sp: 65508 pc: 5214          N: 0 Z: 1 V: 0 C: 0      
5214:   clr r2                        src: 4                        r0: 5 r1: 4739 r2: 0 r3: 54737 r4: 0 r5: 65514 sp: 65508 pc: 5216          N: 0 Z: 1 V: 0 C: 0      
5216:   div $hshsiz, r2               src: 1553      dst: 0         r0: 5 r1: 4739 r2: 35 r3: 382 r4: 0 r5: 65514 sp: 65508 pc: 5220           N: 0 Z: 0 V: 0 C: 0      
5220:   ashc $1., r2                  src: 1         dst: 35        r0: 5 r1: 4739 r2: 70 r3: 764 r4: 0 r5: 65514 sp: 65508 pc: 5224           N: 0 Z: 0 V: 0 C: 0      
5224:   add $hshtab, r3               src: 5722      dst: 764       r0: 5 r1: 4739 r2: 70 r3: 6486 r4: 0 r5: 65514 sp: 65508 pc: 5228          N: 0 Z: 0 V: 0 C: 0      
5228:   sub r2, r3                    src: 70        dst: 6486      r0: 5 r1: 4739 r2: 70 r3: 6416 r4: 0 r5: 65514 sp: 65508 pc: 5230          N: 0 Z: 0 V: 0 C: 0      
5230:   cmp r3, $hshtab               src: 6416      dst: 5722      r0: 5 r1: 4739 r2: 70 r3: 6416 r4: 0 r5: 65514 sp: 65508 pc: 5234          N: 0 Z: 0 V: 0 C: 0      
5234:   bhi 5240.                     src: 3043                     r0: 5 r1: 4739 r2: 70 r3: 6416 r4: 0 r5: 65514 sp: 65508 pc: 5240          N: 0 Z: 0 V: 0 C: 0      
5240:   tst -(r3)                     src: 6                        r0: 5 r1: 4739 r2: 70 r3: 6414 r4: 0 r5: 65514 sp: 65508 pc: 5242          N: 0 Z: 0 V: 0 C: 0      
5242:   bne 5228.                     src: 57475                    r0: 5 r1: 4739 r2: 70 r3: 6414 r4: 0 r5: 65514 sp: 65508 pc: 5228          N: 0 Z: 0 V: 0 C: 0      
5228:   sub r2, r3                    src: 70        dst: 6414      r0: 5 r1: 4739 r2: 70 r3: 6344 r4: 0 r5: 65514 sp: 65508 pc: 5230          N: 0 Z: 0 V: 0 C: 0      
5230:   cmp r3, $hshtab               src: 6344      dst: 5722      r0: 5 r1: 4739 r2: 70 r3: 6344 r4: 0 r5: 65514 sp: 65508 pc: 5234          N: 0 Z: 0 V: 0 C: 0      
5234:   bhi 5240.                     src: 3043                     r0: 5 r1: 4739 r2: 70 r3: 6344 r4: 0 r5: 65514 sp: 65508 pc: 5240          N: 0 Z: 0 V: 0 C: 0      
5240:   tst -(r3)                     src: 0                        r0: 5 r1: 4739 r2: 70 r3: 6342 r4: 0 r5: 65514 sp: 65508 pc: 5242          N: 0 Z: 1 V: 0 C: 0      
5242:   bne 5228.                     src: 57475                    r0: 5 r1: 4739 r2: 70 r3: 6342 r4: 0 r5: 65514 sp: 65508 pc: 5244          N: 0 Z: 1 V: 0 C: 0      
5244:   mov (sp)+, r1                 src: 4734      dst: 4739      r0: 5 r1: 4734 r2: 70 r3: 6342 r4: 0 r5: 65514 sp: 65510 pc: 5246          N: 0 Z: 0 V: 0 C: 0      
5246:   mov r1, (r3)                  src: 4734      dst: 0         r0: 5 r1: 4734 r2: 70 r3: 6342 r4: 0 r5: 65514 sp: 65510 pc: 5248          N: 0 Z: 0 V: 0 C: 0      
5248:   add $12., r1                  src: 12        dst: 4734      r0: 5 r1: 4746 r2: 70 r3: 6342 r4: 0 r5: 65514 sp: 65510 pc: 5252          N: 0 Z: 0 V: 0 C: 0      
5252:   cmp r1, $ebsymtab             src: 4746      dst: 5118      r0: 5 r1: 4746 r2: 70 r3: 6342 r4: 0 r5: 65514 sp: 65510 pc: 5256          N: 1 Z: 0 V: 0 C: 1      
5256:   bcs 5196.                     src: 2563                     r0: 5 r1: 4746 r2: 70 r3: 6342 r4: 0 r5: 65514 sp: 65510 pc: 5196          N: 1 Z: 0 V: 0 C: 1      
5196:   clr r3                        src: 6342                     r0: 5 r1: 4746 r2: 70 r3: 0 r4: 0 r5: 65514 sp: 65510 pc: 5198             N: 0 Z: 1 V: 0 C: 0      
5198:   mov $8., r2                   src: 8         dst: 70        r0: 5 r1: 4746 r2: 8 r3: 0 r4: 0 r5: 65514 sp: 65510 pc: 5202              N: 0 Z: 0 V: 0 C: 0      
5202:   mov r1, -(sp)                 src: 4746      dst: 4734      r0: 5 r1: 4746 r2: 8 r3: 0 r4: 0 r5: 65514 sp: 65508 pc: 5204              N: 0 Z: 0 V: 0 C: 0      
5204:   movb (r1)+, r4                src: 109       dst: 0         r0: 5 r1: 4747 r2: 8 r3: 0 r4: 109 r5: 65514 sp: 65508 pc: 5206            N: 0 Z: 0 V: 0 C: 0      
5206:   beq 5214.                     src: 2562                     r0: 5 r1: 4747 r2: 8 r3: 0 r4: 109 r5: 65514 sp: 65508 pc: 5208            N: 0 Z: 0 V: 0 C: 0      
5208:   add r4, r3                    src: 109       dst: 0         r0: 5 r1: 4747 r2: 8 r3: 109 r4: 109 r5: 65514 sp: 65508 pc: 5210          N: 0 Z: 0 V: 0 C: 0      
5210:   swab r3                       src: 109                      r0: 5 r1: 4747 r2: 8 r3: 27904 r4: 109 r5: 65514 sp: 65508 pc: 5212        N: 0 Z: 1 V: 0 C: 0      
5212:   sob r2, 5204.                 src: 8         dst: 68        r0: 5 r1: 4747 r2: 7 r3: 27904 r4: 109 r5: 65514 sp: 65508 pc: 5204        N: 0 Z: 1 V: 0 C: 0      
5204:   movb (r1)+, r4                src: 111       dst: 109       r0: 5 r1: 4748 r2: 7 r3: 27904 r4: 111 r5: 65514 sp: 65508 pc: 5206        N: 0 Z: 0 V: 0 C: 0      
5206:   beq 5214.                     src: 2562                     r0: 5 r1: 4748 r2: 7 r3: 27904 r4: 111 r5: 65514 sp: 65508 pc: 5208        N: 0 Z: 0 V: 0 C: 0      
5208:   add r4, r3                    src: 111       dst: 27904     r0: 5 r1: 4748 r2: 7 r3: 28015 r4: 111 r5: 65514 sp: 65508 pc: 5210        N: 0 Z: 0 V: 0 C: 0      
5210:   swab r3                       src: 28015                    r0: 5 r1: 4748 r2: 7 r3: 28525 r4: 111 r5: 65514 sp: 65508 pc: 5212        N: 0 Z: 0 V: 0 C: 0      
5212:   sob r2, 5204.                 src: 7         dst: 68        r0: 5 r1: 4748 r2: 6 r3: 28525 r4: 111 r5: 65514 sp: 65508 pc: 5204        N: 0 Z: 0 V: 0 C: 0      
5204:   movb (r1)+, r4                src: 118       dst: 111       r0: 5 r1: 4749 r2: 6 r3: 28525 r4: 118 r5: 65514 sp: 65508 pc: 5206        N: 0 Z: 0 V: 0 C: 0      
5206:   beq 5214.                     src: 2562                     r0: 5 r1: 4749 r2: 6 r3: 28525 r4: 118 r5: 65514 sp: 65508 pc: 5208        N: 0 Z: 0 V: 0 C: 0      
5208:   add r4, r3                    src: 118       dst: 28525     r0: 5 r1: 4749 r2: 6 r3: 28643 r4: 118 r5: 65514 sp: 65508 pc: 5210        N: 0 Z: 0 V: 0 C: 0      
5210:   swab r3                       src: 28643                    r0: 5 r1: 4749 r2: 6 r3: 58223 r4: 118 r5: 65514 sp: 65508 pc: 5212        N: 0 Z: 0 V: 0 C: 0      
5212:   sob r2, 5204.                 src: 6         dst: 68        r0: 5 r1: 4749 r2: 5 r3: 58223 r4: 118 r5: 65514 sp: 65508 pc: 5204        N: 0 Z: 0 V: 0 C: 0      
5204:   movb (r1)+, r4                src: 105       dst: 118       r0: 5 r1: 4750 r2: 5 r3: 58223 r4: 105 r5: 65514 sp: 65508 pc: 5206        N: 0 Z: 0 V: 0 C: 0      
5206:   beq 5214.                     src: 2562                     r0: 5 r1: 4750 r2: 5 r3: 58223 r4: 105 r5: 65514 sp: 65508 pc: 5208        N: 0 Z: 0 V: 0 C: 0      
5208:   add r4, r3                    src: 105       dst: 58223     r0: 5 r1: 4750 r2: 5 r3: 58328 r4: 105 r5: 65514 sp: 65508 pc: 5210        N: 0 Z: 0 V: 0 C: 0      
5210:   swab r3                       src: 58328                    r0: 5 r1: 4750 r2: 5 r3: 55523 r4: 105 r5: 65514 sp: 65508 pc: 5212        N: 1 Z: 0 V: 0 C: 0      
5212:   sob r2, 5204.                 src: 5         dst: 68        r0: 5 r1: 4750 r2: 4 r3: 55523 r4: 105 r5: 65514 sp: 65508 pc: 5204        N: 1 Z: 0 V: 0 C: 0      
5204:   movb (r1)+, r4                src: 101       dst: 105       r0: 5 r1: 4751 r2: 4 r3: 55523 r4: 101 r5: 65514 sp: 65508 pc: 5206        N: 0 Z: 0 V: 0 C: 0      
5206:   beq 5214.                     src: 2562                     r0: 5 r1: 4751 r2: 4 r3: 55523 r4: 101 r5: 65514 sp: 65508 pc: 5208        N: 0 Z: 0 V: 0 C: 0      
5208:   add r4, r3                    src: 101       dst: 55523     r0: 5 r1: 4751 r2: 4 r3: 55624 r4: 101 r5: 65514 sp: 65508 pc: 5210        N: 0 Z: 0 V: 0 C: 0      
5210:   swab r3                       src: 55624                    r0: 5 r1: 4751 r2: 4 r3: 18649 r4: 101 r5: 65514 sp: 65508 pc: 5212        N: 1 Z: 0 V: 0 C: 0      
5212:   sob r2, 5204.                 src: 4         dst: 68        r0: 5 r1: 4751 r2: 3 r3: 18649 r4: 101 r5: 65514 sp: 65508 pc: 5204        N: 1 Z: 0 V: 0 C: 0      
5204:   movb (r1)+, r4                src: 0         dst: 101       r0: 5 r1: 4752 r2: 3 r3: 18649 r4: 0 r5: 65514 sp: 65508 pc: 5206          N: 0 Z: 1 V: 0 C: 0      
5206:   beq 5214.                     src: 2562                     r0: 5 r1: 4752 r2: 3 r3: 18649 r4: 0 r5: 65514 sp: 65508 pc: 5214          N: 0 Z: 1 V: 0 C: 0      
5214:   clr r2                        src: 3                        r0: 5 r1: 4752 r2: 0 r3: 18649 r4: 0 r5: 65514 sp: 65508 pc: 5216          N: 0 Z: 1 V: 0 C: 0      
5216:   div $hshsiz, r2               src: 1553      dst: 0         r0: 5 r1: 4752 r2: 12 r3: 13 r4: 0 r5: 65514 sp: 65508 pc: 5220            N: 0 Z: 0 V: 0 C: 0      
5220:   ashc $1., r2                  src: 1         dst: 12        r0: 5 r1: 4752 r2: 24 r3: 26 r4: 0 r5: 65514 sp: 65508 pc: 5224            N: 0 Z: 0 V: 0 C: 0      
5224:   add $hshtab, r3               src: 5722      dst: 26        r0: 5 r1: 4752 r2: 24 r3: 5748 r4: 0 r5: 65514 sp: 65508 pc: 5228          N: 0 Z: 0 V: 0 C: 0      
5228:   sub r2, r3                    src: 24        dst: 5748      r0: 5 r1: 4752 r2: 24 r3: 5724 r4: 0 r5: 65514 sp: 65508 pc: 5230          N: 0 Z: 0 V: 0 C: 0      
5230:   cmp r3, $hshtab               src: 5724      dst: 5722      r0: 5 r1: 4752 r2: 24 r3: 5724 r4: 0 r5: 65514 sp: 65508 pc: 5234          N: 0 Z: 0 V: 0 C: 0      
5234:   bhi 5240.                     src: 3043                     r0: 5 r1: 4752 r2: 24 r3: 5724 r4: 0 r5: 65514 sp: 65508 pc: 5240          N: 0 Z: 0 V: 0 C: 0      
5240:   tst -(r3)                     src: 0                        r0: 5 r1: 4752 r2: 24 r3: 5722 r4: 0 r5: 65514 sp: 65508 pc: 5242          N: 0 Z: 1 V: 0 C: 0      
5242:   bne 5228.                     src: 57475                    r0: 5 r1: 4752 r2: 24 r3: 5722 r4: 0 r5: 65514 sp: 65508 pc: 5244          N: 0 Z: 1 V: 0 C: 0      
5244:   mov (sp)+, r1                 src: 4746      dst: 4752      r0: 5 r1: 4746 r2: 24 r3: 5722 r4: 0 r5: 65514 sp: 65510 pc: 5246          N: 0 Z: 0 V: 0 C: 0      
5246:   mov r1, (r3)                  src: 4746      dst: 0         r0: 5 r1: 4746 r2: 24 r3: 5722 r4: 0 r5: 65514 sp: 65510 pc: 5248          N: 0 Z: 0 V: 0 C: 0      
5248:   add $12., r1                  src: 12        dst: 4746      r0: 5 r1: 4758 r2: 24 r3: 5722 r4: 0 r5: 65514 sp: 65510 pc: 5252          N: 0 Z: 0 V: 0 C: 0      
5252:   cmp r1, $ebsymtab             src: 4758      dst: 5118      r0: 5 r1: 4758 r2: 24 r3: 5722 r4: 0 r5: 65514 sp: 65510 pc: 5256          N: 1 Z: 0 V: 0 C: 1      
5256:   bcs 5196.                     src: 2563                     r0: 5 r1: 4758 r2: 24 r3: 5722 r4: 0 r5: 65514 sp: 65510 pc: 5196          N: 1 Z: 0 V: 0 C: 1      
5196:   clr r3                        src: 5722                     r0: 5 r1: 4758 r2: 24 r3: 0 r4: 0 r5: 65514 sp: 65510 pc: 5198             N: 0 Z: 1 V: 0 C: 0      
5198:   mov $8., r2                   src: 8         dst: 24        r0: 5 r1: 4758 r2: 8 r3: 0 r4: 0 r5: 65514 sp: 65510 pc: 5202              N: 0 Z: 0 V: 0 C: 0      
5202:   mov r1, -(sp)                 src: 4758      dst: 4746      r0: 5 r1: 4758 r2: 8 r3: 0 r4: 0 r5: 65514 sp: 65508 pc: 5204              N: 0 Z: 0 V: 0 C: 0      
5204:   movb (r1)+, r4                src: 109       dst: 0         r0: 5 r1: 4759 r2: 8 r3: 0 r4: 109 r5: 65514 sp: 65508 pc: 5206            N: 0 Z: 0 V: 0 C: 0      
5206:   beq 5214.                     src: 2562                     r0: 5 r1: 4759 r2: 8 r3: 0 r4: 109 r5: 65514 sp: 65508 pc: 5208            N: 0 Z: 0 V: 0 C: 0      
5208:   add r4, r3                    src: 109       dst: 0         r0: 5 r1: 4759 r2: 8 r3: 109 r4: 109 r5: 65514 sp: 65508 pc: 5210          N: 0 Z: 0 V: 0 C: 0      
5210:   swab r3                       src: 109                      r0: 5 r1: 4759 r2: 8 r3: 27904 r4: 109 r5: 65514 sp: 65508 pc: 5212        N: 0 Z: 1 V: 0 C: 0      
5212:   sob r2, 5204.                 src: 8         dst: 68        r0: 5 r1: 4759 r2: 7 r3: 27904 r4: 109 r5: 65514 sp: 65508 pc: 5204        N: 0 Z: 1 V: 0 C: 0      
5204:   movb (r1)+, r4                src: 111       dst: 109       r0: 5 r1: 4760 r2: 7 r3: 27904 r4: 111 r5: 65514 sp: 65508 pc: 5206        N: 0 Z: 0 V: 0 C: 0      
5206:   beq 5214.                     src: 2562                     r0: 5 r1: 4760 r2: 7 r3: 27904 r4: 111 r5: 65514 sp: 65508 pc: 5208        N: 0 Z: 0 V: 0 C: 0      
5208:   add r4, r3                    src: 111       dst: 27904     r0: 5 r1: 4760 r2: 7 r3: 28015 r4: 111 r5: 65514 sp: 65508 pc: 5210        N: 0 Z: 0 V: 0 C: 0      
5210:   swab r3                       src: 28015                    r0: 5 r1: 4760 r2: 7 r3: 28525 r4: 111 r5: 65514 sp: 65508 pc: 5212        N: 0 Z: 0 V: 0 C: 0      
5212:   sob r2, 5204.                 src: 7         dst: 68        r0: 5 r1: 4760 r2: 6 r3: 28525 r4: 111 r5: 65514 sp: 65508 pc: 5204        N: 0 Z: 0 V: 0 C: 0      
5204:   movb (r1)+, r4                src: 118       dst: 111       r0: 5 r1: 4761 r2: 6 r3: 28525 r4: 118 r5: 65514 sp: 65508 pc: 5206        N: 0 Z: 0 V: 0 C: 0      
5206:   beq 5214.                     src: 2562                     r0: 5 r1: 4761 r2: 6 r3: 28525 r4: 118 r5: 65514 sp: 65508 pc: 5208        N: 0 Z: 0 V: 0 C: 0      
5208:   add r4, r3                    src: 118       dst: 28525     r0: 5 r1: 4761 r2: 6 r3: 28643 r4: 118 r5: 65514 sp: 65508 pc: 5210        N: 0 Z: 0 V: 0 C: 0      
5210:   swab r3                       src: 28643                    r0: 5 r1: 4761 r2: 6 r3: 58223 r4: 118 r5: 65514 sp: 65508 pc: 5212        N: 0 Z: 0 V: 0 C: 0      
5212:   sob r2, 5204.                 src: 6         dst: 68        r0: 5 r1: 4761 r2: 5 r3: 58223 r4: 118 r5: 65514 sp: 65508 pc: 5204        N: 0 Z: 0 V: 0 C: 0      
5204:   movb (r1)+, r4                src: 101       dst: 118       r0: 5 r1: 4762 r2: 5 r3: 58223 r4: 101 r5: 65514 sp: 65508 pc: 5206        N: 0 Z: 0 V: 0 C: 0      
5206:   beq 5214.                     src: 2562                     r0: 5 r1: 4762 r2: 5 r3: 58223 r4: 101 r5: 65514 sp: 65508 pc: 5208        N: 0 Z: 0 V: 0 C: 0      
5208:   add r4, r3                    src: 101       dst: 58223     r0: 5 r1: 4762 r2: 5 r3: 58324 r4: 101 r5: 65514 sp: 65508 pc: 5210        N: 0 Z: 0 V: 0 C: 0      
5210:   swab r3                       src: 58324                    r0: 5 r1: 4762 r2: 5 r3: 54499 r4: 101 r5: 65514 sp: 65508 pc: 5212        N: 1 Z: 0 V: 0 C: 0      
5212:   sob r2, 5204.                 src: 5         dst: 68        r0: 5 r1: 4762 r2: 4 r3: 54499 r4: 101 r5: 65514 sp: 65508 pc: 5204        N: 1 Z: 0 V: 0 C: 0      
5204:   movb (r1)+, r4                src: 105       dst: 101       r0: 5 r1: 4763 r2: 4 r3: 54499 r4: 105 r5: 65514 sp: 65508 pc: 5206        N: 0 Z: 0 V: 0 C: 0      
5206:   beq 5214.                     src: 2562                     r0: 5 r1: 4763 r2: 4 r3: 54499 r4: 105 r5: 65514 sp: 65508 pc: 5208        N: 0 Z: 0 V: 0 C: 0      
5208:   add r4, r3                    src: 105       dst: 54499     r0: 5 r1: 4763 r2: 4 r3: 54604 r4: 105 r5: 65514 sp: 65508 pc: 5210        N: 0 Z: 0 V: 0 C: 0      
5210:   swab r3                       src: 54604                    r0: 5 r1: 4763 r2: 4 r3: 19669 r4: 105 r5: 65514 sp: 65508 pc: 5212        N: 1 Z: 0 V: 0 C: 0      
5212:   sob r2, 5204.                 src: 4         dst: 68        r0: 5 r1: 4763 r2: 3 r3: 19669 r4: 105 r5: 65514 sp: 65508 pc: 5204        N: 1 Z: 0 V: 0 C: 0      
5204:   movb (r1)+, r4                src: 0         dst: 105       r0: 5 r1: 4764 r2: 3 r3: 19669 r4: 0 r5: 65514 sp: 65508 pc: 5206          N: 0 Z: 1 V: 0 C: 0      
5206:   beq 5214.                     src: 2562                     r0: 5 r1: 4764 r2: 3 r3: 19669 r4: 0 r5: 65514 sp: 65508 pc: 5214          N: 0 Z: 1 V: 0 C: 0      
5214:   clr r2                        src: 3                        r0: 5 r1: 4764 r2: 0 r3: 19669 r4: 0 r5: 65514 sp: 65508 pc: 5216          N: 0 Z: 1 V: 0 C: 0      
5216:   div $hshsiz, r2               src: 1553      dst: 0         r0: 5 r1: 4764 r2: 12 r3: 1033 r4: 0 r5: 65514 sp: 65508 pc: 5220          N: 0 Z: 0 V: 0 C: 0      
5220:   ashc $1., r2                  src: 1         dst: 12        r0: 5 r1: 4764 r2: 24 r3: 2066 r4: 0 r5: 65514 sp: 65508 pc: 5224          N: 0 Z: 0 V: 0 C: 0      
5224:   add $hshtab, r3               src: 5722      dst: 2066      r0: 5 r1: 4764 r2: 24 r3: 7788 r4: 0 r5: 65514 sp: 65508 pc: 5228          N: 0 Z: 0 V: 0 C: 0      
5228:   sub r2, r3                    src: 24        dst: 7788      r0: 5 r1: 4764 r2: 24 r3: 7764 r4: 0 r5: 65514 sp: 65508 pc: 5230          N: 0 Z: 0 V: 0 C: 0      
5230:   cmp r3, $hshtab               src: 7764      dst: 5722      r0: 5 r1: 4764 r2: 24 r3: 7764 r4: 0 r5: 65514 sp: 65508 pc: 5234          N: 0 Z: 0 V: 0 C: 0      
5234:   bhi 5240.                     src: 3043                     r0: 5 r1: 4764 r2: 24 r3: 7764 r4: 0 r5: 65514 sp: 65508 pc: 5240          N: 0 Z: 0 V: 0 C: 0      
5240:   tst -(r3)                     src: 0                        r0: 5 r1: 4764 r2: 24 r3: 7762 r4: 0 r5: 65514 sp: 65508 pc: 5242          N: 0 Z: 1 V: 0 C: 0      
5242:   bne 5228.                     src: 57475                    r0: 5 r1: 4764 r2: 24 r3: 7762 r4: 0 r5: 65514 sp: 65508 pc: 5244          N: 0 Z: 1 V: 0 C: 0      
5244:   mov (sp)+, r1                 src: 4758      dst: 4764      r0: 5 r1: 4758 r2: 24 r3: 7762 r4: 0 r5: 65514 sp: 65510 pc: 5246          N: 0 Z: 0 V: 0 C: 0      
5246:   mov r1, (r3)                  src: 4758      dst: 0         r0: 5 r1: 4758 r2: 24 r3: 7762 r4: 0 r5: 65514 sp: 65510 pc: 5248          N: 0 Z: 0 V: 0 C: 0      
5248:   add $12., r1                  src: 12        dst: 4758      r0: 5 r1: 4770 r2: 24 r3: 7762 r4: 0 r5: 65514 sp: 65510 pc: 5252          N: 0 Z: 0 V: 0 C: 0      
5252:   cmp r1, $ebsymtab             src: 4770      dst: 5118      r0: 5 r1: 4770 r2: 24 r3: 7762 r4: 0 r5: 65514 sp: 65510 pc: 5256          N: 1 Z: 0 V: 0 C: 1      
5256:   bcs 5196.                     src: 2563                     r0: 5 r1: 4770 r2: 24 r3: 7762 r4: 0 r5: 65514 sp: 65510 pc: 5196          N: 1 Z: 0 V: 0 C: 1      
5196:   clr r3                        src: 7762                     r0: 5 r1: 4770 r2: 24 r3: 0 r4: 0 r5: 65514 sp: 65510 pc: 5198             N: 0 Z: 1 V: 0 C: 0      
5198:   mov $8., r2                   src: 8         dst: 24        r0: 5 r1: 4770 r2: 8 r3: 0 r4: 0 r5: 65514 sp: 65510 pc: 5202              N: 0 Z: 0 V: 0 C: 0      
5202:   mov r1, -(sp)                 src: 4770      dst: 4758      r0: 5 r1: 4770 r2: 8 r3: 0 r4: 0 r5: 65514 sp: 65508 pc: 5204              N: 0 Z: 0 V: 0 C: 0      
5204:   movb (r1)+, r4                src: 108       dst: 0         r0: 5 r1: 4771 r2: 8 r3: 0 r4: 108 r5: 65514 sp: 65508 pc: 5206            N: 0 Z: 0 V: 0 C: 0      
5206:   beq 5214.                     src: 2562                     r0: 5 r1: 4771 r2: 8 r3: 0 r4: 108 r5: 65514 sp: 65508 pc: 5208            N: 0 Z: 0 V: 0 C: 0      
5208:   add r4, r3                    src: 108       dst: 0         r0: 5 r1: 4771 r2: 8 r3: 108 r4: 108 r5: 65514 sp: 65508 pc: 5210          N: 0 Z: 0 V: 0 C: 0      
5210:   swab r3                       src: 108                      r0: 5 r1: 4771 r2: 8 r3: 27648 r4: 108 r5: 65514 sp: 65508 pc: 5212        N: 0 Z: 1 V: 0 C: 0      
5212:   sob r2, 5204.                 src: 8         dst: 68        r0: 5 r1: 4771 r2: 7 r3: 27648 r4: 108 r5: 65514 sp: 65508 pc: 5204        N: 0 Z: 1 V: 0 C: 0      
5204:   movb (r1)+, r4                src: 100       dst: 108       r0: 5 r1: 4772 r2: 7 r3: 27648 r4: 100 r5: 65514 sp: 65508 pc: 5206        N: 0 Z: 0 V: 0 C: 0      
5206:   beq 5214.                     src: 2562                     r0: 5 r1: 4772 r2: 7 r3: 27648 r4: 100 r5: 65514 sp: 65508 pc: 5208        N: 0 Z: 0 V: 0 C: 0      
5208:   add r4, r3                    src: 100       dst: 27648     r0: 5 r1: 4772 r2: 7 r3: 27748 r4: 100 r5: 65514 sp: 65508 pc: 5210        N: 0 Z: 0 V: 0 C: 0      
5210:   swab r3                       src: 27748                    r0: 5 r1: 4772 r2: 7 r3: 25708 r4: 100 r5: 65514 sp: 65508 pc: 5212        N: 0 Z: 0 V: 0 C: 0      
5212:   sob r2, 5204.                 src: 7         dst: 68        r0: 5 r1: 4772 r2: 6 r3: 25708 r4: 100 r5: 65514 sp: 65508 pc: 5204        N: 0 Z: 0 V: 0 C: 0      
5204:   movb (r1)+, r4                src: 102       dst: 100       r0: 5 r1: 4773 r2: 6 r3: 25708 r4: 102 r5: 65514 sp: 65508 pc: 5206        N: 0 Z: 0 V: 0 C: 0      
5206:   beq 5214.                     src: 2562                     r0: 5 r1: 4773 r2: 6 r3: 25708 r4: 102 r5: 65514 sp: 65508 pc: 5208        N: 0 Z: 0 V: 0 C: 0      
5208:   add r4, r3                    src: 102       dst: 25708     r0: 5 r1: 4773 r2: 6 r3: 25810 r4: 102 r5: 65514 sp: 65508 pc: 5210        N: 0 Z: 0 V: 0 C: 0      
5210:   swab r3                       src: 25810                    r0: 5 r1: 4773 r2: 6 r3: 53860 r4: 102 r5: 65514 sp: 65508 pc: 5212        N: 0 Z: 0 V: 0 C: 0      
5212:   sob r2, 5204.                 src: 6         dst: 68        r0: 5 r1: 4773 r2: 5 r3: 53860 r4: 102 r5: 65514 sp: 65508 pc: 5204        N: 0 Z: 0 V: 0 C: 0      
5204:   movb (r1)+, r4                src: 112       dst: 102       r0: 5 r1: 4774 r2: 5 r3: 53860 r4: 112 r5: 65514 sp: 65508 pc: 5206        N: 0 Z: 0 V: 0 C: 0      
5206:   beq 5214.                     src: 2562                     r0: 5 r1: 4774 r2: 5 r3: 53860 r4: 112 r5: 65514 sp: 65508 pc: 5208        N: 0 Z: 0 V: 0 C: 0      
5208:   add r4, r3                    src: 112       dst: 53860     r0: 5 r1: 4774 r2: 5 r3: 53972 r4: 112 r5: 65514 sp: 65508 pc: 5210        N: 0 Z: 0 V: 0 C: 0      
5210:   swab r3                       src: 53972                    r0: 5 r1: 4774 r2: 5 r3: 54482 r4: 112 r5: 65514 sp: 65508 pc: 5212        N: 1 Z: 0 V: 0 C: 0      
5212:   sob r2, 5204.                 src: 5         dst: 68        r0: 5 r1: 4774 r2: 4 r3: 54482 r4: 112 r5: 65514 sp: 65508 pc: 5204        N: 1 Z: 0 V: 0 C: 0      
5204:   movb (r1)+, r4                src: 115       dst: 112       r0: 5 r1: 4775 r2: 4 r3: 54482 r4: 115 r5: 65514 sp: 65508 pc: 5206        N: 0 Z: 0 V: 0 C: 0      
5206:   beq 5214.                     src: 2562                     r0: 5 r1: 4775 r2: 4 r3: 54482 r4: 115 r5: 65514 sp: 65508 pc: 5208        N: 0 Z: 0 V: 0 C: 0      
5208:   add r4, r3                    src: 115       dst: 54482     r0: 5 r1: 4775 r2: 4 r3: 54597 r4: 115 r5: 65514 sp: 65508 pc: 5210        N: 0 Z: 0 V: 0 C: 0      
5210:   swab r3                       src: 54597                    r0: 5 r1: 4775 r2: 4 r3: 17877 r4: 115 r5: 65514 sp: 65508 pc: 5212        N: 1 Z: 0 V: 0 C: 0      
5212:   sob r2, 5204.                 src: 4         dst: 68        r0: 5 r1: 4775 r2: 3 r3: 17877 r4: 115 r5: 65514 sp: 65508 pc: 5204        N: 1 Z: 0 V: 0 C: 0      
5204:   movb (r1)+, r4                src: 0         dst: 115       r0: 5 r1: 4776 r2: 3 r3: 17877 r4: 0 r5: 65514 sp: 65508 pc: 5206          N: 0 Z: 1 V: 0 C: 0      
5206:   beq 5214.                     src: 2562                     r0: 5 r1: 4776 r2: 3 r3: 17877 r4: 0 r5: 65514 sp: 65508 pc: 5214          N: 0 Z: 1 V: 0 C: 0      
5214:   clr r2                        src: 3                        r0: 5 r1: 4776 r2: 0 r3: 17877 r4: 0 r5: 65514 sp: 65508 pc: 5216          N: 0 Z: 1 V: 0 C: 0      
5216:   div $hshsiz, r2               src: 1553      dst: 0         r0: 5 r1: 4776 r2: 11 r3: 794 r4: 0 r5: 65514 sp: 65508 pc: 5220           N: 0 Z: 0 V: 0 C: 0      
5220:   ashc $1., r2                  src: 1         dst: 11        r0: 5 r1: 4776 r2: 22 r3: 1588 r4: 0 r5: 65514 sp: 65508 pc: 5224          N: 0 Z: 0 V: 0 C: 0      
5224:   add $hshtab, r3               src: 5722      dst: 1588      r0: 5 r1: 4776 r2: 22 r3: 7310 r4: 0 r5: 65514 sp: 65508 pc: 5228          N: 0 Z: 0 V: 0 C: 0      
5228:   sub r2, r3                    src: 22        dst: 7310      r0: 5 r1: 4776 r2: 22 r3: 7288 r4: 0 r5: 65514 sp: 65508 pc: 5230          N: 0 Z: 0 V: 0 C: 0      
5230:   cmp r3, $hshtab               src: 7288      dst: 5722      r0: 5 r1: 4776 r2: 22 r3: 7288 r4: 0 r5: 65514 sp: 65508 pc: 5234          N: 0 Z: 0 V: 0 C: 0      
5234:   bhi 5240.                     src: 3043                     r0: 5 r1: 4776 r2: 22 r3: 7288 r4: 0 r5: 65514 sp: 65508 pc: 5240          N: 0 Z: 0 V: 0 C: 0      
5240:   tst -(r3)                     src: 0                        r0: 5 r1: 4776 r2: 22 r3: 7286 r4: 0 r5: 65514 sp: 65508 pc: 5242          N: 0 Z: 1 V: 0 C: 0      
5242:   bne 5228.                     src: 57475                    r0: 5 r1: 4776 r2: 22 r3: 7286 r4: 0 r5: 65514 sp: 65508 pc: 5244          N: 0 Z: 1 V: 0 C: 0      
5244:   mov (sp)+, r1                 src: 4770      dst: 4776      r0: 5 r1: 4770 r2: 22 r3: 7286 r4: 0 r5: 65514 sp: 65510 pc: 5246          N: 0 Z: 0 V: 0 C: 0      
5246:   mov r1, (r3)                  src: 4770      dst: 0         r0: 5 r1: 4770 r2: 22 r3: 7286 r4: 0 r5: 65514 sp: 65510 pc: 5248          N: 0 Z: 0 V: 0 C: 0      
5248:   add $12., r1                  src: 12        dst: 4770      r0: 5 r1: 4782 r2: 22 r3: 7286 r4: 0 r5: 65514 sp: 65510 pc: 5252          N: 0 Z: 0 V: 0 C: 0      
5252:   cmp r1, $ebsymtab             src: 4782      dst: 5118      r0: 5 r1: 4782 r2: 22 r3: 7286 r4: 0 r5: 65514 sp: 65510 pc: 5256          N: 1 Z: 0 V: 0 C: 1      
5256:   bcs 5196.                     src: 2563                     r0: 5 r1: 4782 r2: 22 r3: 7286 r4: 0 r5: 65514 sp: 65510 pc: 5196          N: 1 Z: 0 V: 0 C: 1      
5196:   clr r3                        src: 7286                     r0: 5 r1: 4782 r2: 22 r3: 0 r4: 0 r5: 65514 sp: 65510 pc: 5198             N: 0 Z: 1 V: 0 C: 0      
5198:   mov $8., r2                   src: 8         dst: 22        r0: 5 r1: 4782 r2: 8 r3: 0 r4: 0 r5: 65514 sp: 65510 pc: 5202              N: 0 Z: 0 V: 0 C: 0      
5202:   mov r1, -(sp)                 src: 4782      dst: 4770      r0: 5 r1: 4782 r2: 8 r3: 0 r4: 0 r5: 65514 sp: 65508 pc: 5204              N: 0 Z: 0 V: 0 C: 0      
5204:   movb (r1)+, r4                src: 115       dst: 0         r0: 5 r1: 4783 r2: 8 r3: 0 r4: 115 r5: 65514 sp: 65508 pc: 5206            N: 0 Z: 0 V: 0 C: 0      
5206:   beq 5214.                     src: 2562                     r0: 5 r1: 4783 r2: 8 r3: 0 r4: 115 r5: 65514 sp: 65508 pc: 5208            N: 0 Z: 0 V: 0 C: 0      
5208:   add r4, r3                    src: 115       dst: 0         r0: 5 r1: 4783 r2: 8 r3: 115 r4: 115 r5: 65514 sp: 65508 pc: 5210          N: 0 Z: 0 V: 0 C: 0      
5210:   swab r3                       src: 115                      r0: 5 r1: 4783 r2: 8 r3: 29440 r4: 115 r5: 65514 sp: 65508 pc: 5212        N: 0 Z: 1 V: 0 C: 0      
5212:   sob r2, 5204.                 src: 8         dst: 68        r0: 5 r1: 4783 r2: 7 r3: 29440 r4: 115 r5: 65514 sp: 65508 pc: 5204        N: 0 Z: 1 V: 0 C: 0      
5204:   movb (r1)+, r4                src: 116       dst: 115       r0: 5 r1: 4784 r2: 7 r3: 29440 r4: 116 r5: 65514 sp: 65508 pc: 5206        N: 0 Z: 0 V: 0 C: 0      
5206:   beq 5214.                     src: 2562                     r0: 5 r1: 4784 r2: 7 r3: 29440 r4: 116 r5: 65514 sp: 65508 pc: 5208        N: 0 Z: 0 V: 0 C: 0      
5208:   add r4, r3                    src: 116       dst: 29440     r0: 5 r1: 4784 r2: 7 r3: 29556 r4: 116 r5: 65514 sp: 65508 pc: 5210        N: 0 Z: 0 V: 0 C: 0      
5210:   swab r3                       src: 29556                    r0: 5 r1: 4784 r2: 7 r3: 29811 r4: 116 r5: 65514 sp: 65508 pc: 5212        N: 0 Z: 0 V: 0 C: 0      
5212:   sob r2, 5204.                 src: 7         dst: 68        r0: 5 r1: 4784 r2: 6 r3: 29811 r4: 116 r5: 65514 sp: 65508 pc: 5204        N: 0 Z: 0 V: 0 C: 0      
5204:   movb (r1)+, r4                src: 102       dst: 116       r0: 5 r1: 4785 r2: 6 r3: 29811 r4: 102 r5: 65514 sp: 65508 pc: 5206        N: 0 Z: 0 V: 0 C: 0      
5206:   beq 5214.                     src: 2562                     r0: 5 r1: 4785 r2: 6 r3: 29811 r4: 102 r5: 65514 sp: 65508 pc: 5208        N: 0 Z: 0 V: 0 C: 0      
5208:   add r4, r3                    src: 102       dst: 29811     r0: 5 r1: 4785 r2: 6 r3: 29913 r4: 102 r5: 65514 sp: 65508 pc: 5210        N: 0 Z: 0 V: 0 C: 0      
5210:   swab r3                       src: 29913                    r0: 5 r1: 4785 r2: 6 r3: 55668 r4: 102 r5: 65514 sp: 65508 pc: 5212        N: 0 Z: 0 V: 0 C: 0      
5212:   sob r2, 5204.                 src: 6         dst: 68        r0: 5 r1: 4785 r2: 5 r3: 55668 r4: 102 r5: 65514 sp: 65508 pc: 5204        N: 0 Z: 0 V: 0 C: 0      
5204:   movb (r1)+, r4                src: 112       dst: 102       r0: 5 r1: 4786 r2: 5 r3: 55668 r4: 112 r5: 65514 sp: 65508 pc: 5206        N: 0 Z: 0 V: 0 C: 0      
5206:   beq 5214.                     src: 2562                     r0: 5 r1: 4786 r2: 5 r3: 55668 r4: 112 r5: 65514 sp: 65508 pc: 5208        N: 0 Z: 0 V: 0 C: 0      
5208:   add r4, r3                    src: 112       dst: 55668     r0: 5 r1: 4786 r2: 5 r3: 55780 r4: 112 r5: 65514 sp: 65508 pc: 5210        N: 0 Z: 0 V: 0 C: 0      
5210:   swab r3                       src: 55780                    r0: 5 r1: 4786 r2: 5 r3: 58585 r4: 112 r5: 65514 sp: 65508 pc: 5212        N: 1 Z: 0 V: 0 C: 0      
5212:   sob r2, 5204.                 src: 5         dst: 68        r0: 5 r1: 4786 r2: 4 r3: 58585 r4: 112 r5: 65514 sp: 65508 pc: 5204        N: 1 Z: 0 V: 0 C: 0      
5204:   movb (r1)+, r4                src: 115       dst: 112       r0: 5 r1: 4787 r2: 4 r3: 58585 r4: 115 r5: 65514 sp: 65508 pc: 5206        N: 0 Z: 0 V: 0 C: 0      
5206:   beq 5214.                     src: 2562                     r0: 5 r1: 4787 r2: 4 r3: 58585 r4: 115 r5: 65514 sp: 65508 pc: 5208        N: 0 Z: 0 V: 0 C: 0      
5208:   add r4, r3                    src: 115       dst: 58585     r0: 5 r1: 4787 r2: 4 r3: 58700 r4: 115 r5: 65514 sp: 65508 pc: 5210        N: 0 Z: 0 V: 0 C: 0      
5210:   swab r3                       src: 58700                    r0: 5 r1: 4787 r2: 4 r3: 19685 r4: 115 r5: 65514 sp: 65508 pc: 5212        N: 1 Z: 0 V: 0 C: 0      
5212:   sob r2, 5204.                 src: 4         dst: 68        r0: 5 r1: 4787 r2: 3 r3: 19685 r4: 115 r5: 65514 sp: 65508 pc: 5204        N: 1 Z: 0 V: 0 C: 0      
5204:   movb (r1)+, r4                src: 0         dst: 115       r0: 5 r1: 4788 r2: 3 r3: 19685 r4: 0 r5: 65514 sp: 65508 pc: 5206          N: 0 Z: 1 V: 0 C: 0      
5206:   beq 5214.                     src: 2562                     r0: 5 r1: 4788 r2: 3 r3: 19685 r4: 0 r5: 65514 sp: 65508 pc: 5214          N: 0 Z: 1 V: 0 C: 0      
5214:   clr r2                        src: 3                        r0: 5 r1: 4788 r2: 0 r3: 19685 r4: 0 r5: 65514 sp: 65508 pc: 5216          N: 0 Z: 1 V: 0 C: 0      
5216:   div $hshsiz, r2               src: 1553      dst: 0         r0: 5 r1: 4788 r2: 12 r3: 1049 r4: 0 r5: 65514 sp: 65508 pc: 5220          N: 0 Z: 0 V: 0 C: 0      
5220:   ashc $1., r2                  src: 1         dst: 12        r0: 5 r1: 4788 r2: 24 r3: 2098 r4: 0 r5: 65514 sp: 65508 pc: 5224          N: 0 Z: 0 V: 0 C: 0      
5224:   add $hshtab, r3               src: 5722      dst: 2098      r0: 5 r1: 4788 r2: 24 r3: 7820 r4: 0 r5: 65514 sp: 65508 pc: 5228          N: 0 Z: 0 V: 0 C: 0      
5228:   sub r2, r3                    src: 24        dst: 7820      r0: 5 r1: 4788 r2: 24 r3: 7796 r4: 0 r5: 65514 sp: 65508 pc: 5230          N: 0 Z: 0 V: 0 C: 0      
5230:   cmp r3, $hshtab               src: 7796      dst: 5722      r0: 5 r1: 4788 r2: 24 r3: 7796 r4: 0 r5: 65514 sp: 65508 pc: 5234          N: 0 Z: 0 V: 0 C: 0      
5234:   bhi 5240.                     src: 3043                     r0: 5 r1: 4788 r2: 24 r3: 7796 r4: 0 r5: 65514 sp: 65508 pc: 5240          N: 0 Z: 0 V: 0 C: 0      
5240:   tst -(r3)                     src: 0                        r0: 5 r1: 4788 r2: 24 r3: 7794 r4: 0 r5: 65514 sp: 65508 pc: 5242          N: 0 Z: 1 V: 0 C: 0      
5242:   bne 5228.                     src: 57475                    r0: 5 r1: 4788 r2: 24 r3: 7794 r4: 0 r5: 65514 sp: 65508 pc: 5244          N: 0 Z: 1 V: 0 C: 0      
5244:   mov (sp)+, r1                 src: 4782      dst: 4788      r0: 5 r1: 4782 r2: 24 r3: 7794 r4: 0 r5: 65514 sp: 65510 pc: 5246          N: 0 Z: 0 V: 0 C: 0      
5246:   mov r1, (r3)                  src: 4782      dst: 0         r0: 5 r1: 4782 r2: 24 r3: 7794 r4: 0 r5: 65514 sp: 65510 pc: 5248          N: 0 Z: 0 V: 0 C: 0      
5248:   add $12., r1                  src: 12        dst: 4782      r0: 5 r1: 4794 r2: 24 r3: 7794 r4: 0 r5: 65514 sp: 65510 pc: 5252          N: 0 Z: 0 V: 0 C: 0      
5252:   cmp r1, $ebsymtab             src: 4794      dst: 5118      r0: 5 r1: 4794 r2: 24 r3: 7794 r4: 0 r5: 65514 sp: 65510 pc: 5256          N: 1 Z: 0 V: 0 C: 1      
5256:   bcs 5196.                     src: 2563                     r0: 5 r1: 4794 r2: 24 r3: 7794 r4: 0 r5: 65514 sp: 65510 pc: 5196          N: 1 Z: 0 V: 0 C: 1      
5196:   clr r3                        src: 7794                     r0: 5 r1: 4794 r2: 24 r3: 0 r4: 0 r5: 65514 sp: 65510 pc: 5198             N: 0 Z: 1 V: 0 C: 0      
5198:   mov $8., r2                   src: 8         dst: 24        r0: 5 r1: 4794 r2: 8 r3: 0 r4: 0 r5: 65514 sp: 65510 pc: 5202              N: 0 Z: 0 V: 0 C: 0      
5202:   mov r1, -(sp)                 src: 4794      dst: 4782      r0: 5 r1: 4794 r2: 8 r3: 0 r4: 0 r5: 65514 sp: 65508 pc: 5204              N: 0 Z: 0 V: 0 C: 0      
5204:   movb (r1)+, r4                src: 102       dst: 0         r0: 5 r1: 4795 r2: 8 r3: 0 r4: 102 r5: 65514 sp: 65508 pc: 5206            N: 0 Z: 0 V: 0 C: 0      
5206:   beq 5214.                     src: 2562                     r0: 5 r1: 4795 r2: 8 r3: 0 r4: 102 r5: 65514 sp: 65508 pc: 5208            N: 0 Z: 0 V: 0 C: 0      
5208:   add r4, r3                    src: 102       dst: 0         r0: 5 r1: 4795 r2: 8 r3: 102 r4: 102 r5: 65514 sp: 65508 pc: 5210          N: 0 Z: 0 V: 0 C: 0      
5210:   swab r3                       src: 102                      r0: 5 r1: 4795 r2: 8 r3: 26112 r4: 102 r5: 65514 sp: 65508 pc: 5212        N: 0 Z: 1 V: 0 C: 0      
5212:   sob r2, 5204.                 src: 8         dst: 68        r0: 5 r1: 4795 r2: 7 r3: 26112 r4: 102 r5: 65514 sp: 65508 pc: 5204        N: 0 Z: 1 V: 0 C: 0      
5204:   movb (r1)+, r4                src: 114       dst: 102       r0: 5 r1: 4796 r2: 7 r3: 26112 r4: 114 r5: 65514 sp: 65508 pc: 5206        N: 0 Z: 0 V: 0 C: 0      
5206:   beq 5214.                     src: 2562                     r0: 5 r1: 4796 r2: 7 r3: 26112 r4: 114 r5: 65514 sp: 65508 pc: 5208        N: 0 Z: 0 V: 0 C: 0      
5208:   add r4, r3                    src: 114       dst: 26112     r0: 5 r1: 4796 r2: 7 r3: 26226 r4: 114 r5: 65514 sp: 65508 pc: 5210        N: 0 Z: 0 V: 0 C: 0      
5210:   swab r3                       src: 26226                    r0: 5 r1: 4796 r2: 7 r3: 29286 r4: 114 r5: 65514 sp: 65508 pc: 5212        N: 0 Z: 0 V: 0 C: 0      
5212:   sob r2, 5204.                 src: 7         dst: 68        r0: 5 r1: 4796 r2: 6 r3: 29286 r4: 114 r5: 65514 sp: 65508 pc: 5204        N: 0 Z: 0 V: 0 C: 0      
5204:   movb (r1)+, r4                src: 48        dst: 114       r0: 5 r1: 4797 r2: 6 r3: 29286 r4: 48 r5: 65514 sp: 65508 pc: 5206         N: 0 Z: 0 V: 0 C: 0      
5206:   beq 5214.                     src: 2562                     r0: 5 r1: 4797 r2: 6 r3: 29286 r4: 48 r5: 65514 sp: 65508 pc: 5208         N: 0 Z: 0 V: 0 C: 0      
5208:   add r4, r3                    src: 48        dst: 29286     r0: 5 r1: 4797 r2: 6 r3: 29334 r4: 48 r5: 65514 sp: 65508 pc: 5210         N: 0 Z: 0 V: 0 C: 0      
5210:   swab r3                       src: 29334                    r0: 5 r1: 4797 r2: 6 r3: 38514 r4: 48 r5: 65514 sp: 65508 pc: 5212         N: 0 Z: 0 V: 0 C: 0      
5212:   sob r2, 5204.                 src: 6         dst: 68        r0: 5 r1: 4797 r2: 5 r3: 38514 r4: 48 r5: 65514 sp: 65508 pc: 5204         N: 0 Z: 0 V: 0 C: 0      
5204:   movb (r1)+, r4                src: 0         dst: 48        r0: 5 r1: 4798 r2: 5 r3: 38514 r4: 0 r5: 65514 sp: 65508 pc: 5206          N: 0 Z: 1 V: 0 C: 0      
5206:   beq 5214.                     src: 2562                     r0: 5 r1: 4798 r2: 5 r3: 38514 r4: 0 r5: 65514 sp: 65508 pc: 5214          N: 0 Z: 1 V: 0 C: 0      
5214:   clr r2                        src: 5                        r0: 5 r1: 4798 r2: 0 r3: 38514 r4: 0 r5: 65514 sp: 65508 pc: 5216          N: 0 Z: 1 V: 0 C: 0      
5216:   div $hshsiz, r2               src: 1553      dst: 0         r0: 5 r1: 4798 r2: 24 r3: 1242 r4: 0 r5: 65514 sp: 65508 pc: 5220          N: 0 Z: 0 V: 0 C: 0      
5220:   ashc $1., r2                  src: 1         dst: 24        r0: 5 r1: 4798 r2: 48 r3: 2484 r4: 0 r5: 65514 sp: 65508 pc: 5224          N: 0 Z: 0 V: 0 C: 0      
5224:   add $hshtab, r3               src: 5722      dst: 2484      r0: 5 r1: 4798 r2: 48 r3: 8206 r4: 0 r5: 65514 sp: 65508 pc: 5228          N: 0 Z: 0 V: 0 C: 0      
5228:   sub r2, r3                    src: 48        dst: 8206      r0: 5 r1: 4798 r2: 48 r3: 8158 r4: 0 r5: 65514 sp: 65508 pc: 5230          N: 0 Z: 0 V: 0 C: 0      
5230:   cmp r3, $hshtab               src: 8158      dst: 5722      r0: 5 r1: 4798 r2: 48 r3: 8158 r4: 0 r5: 65514 sp: 65508 pc: 5234          N: 0 Z: 0 V: 0 C: 0      
5234:   bhi 5240.                     src: 3043                     r0: 5 r1: 4798 r2: 48 r3: 8158 r4: 0 r5: 65514 sp: 65508 pc: 5240          N: 0 Z: 0 V: 0 C: 0      
5240:   tst -(r3)                     src: 0                        r0: 5 r1: 4798 r2: 48 r3: 8156 r4: 0 r5: 65514 sp: 65508 pc: 5242          N: 0 Z: 1 V: 0 C: 0      
5242:   bne 5228.                     src: 57475                    r0: 5 r1: 4798 r2: 48 r3: 8156 r4: 0 r5: 65514 sp: 65508 pc: 5244          N: 0 Z: 1 V: 0 C: 0      
5244:   mov (sp)+, r1                 src: 4794      dst: 4798      r0: 5 r1: 4794 r2: 48 r3: 8156 r4: 0 r5: 65514 sp: 65510 pc: 5246          N: 0 Z: 0 V: 0 C: 0      
5246:   mov r1, (r3)                  src: 4794      dst: 0         r0: 5 r1: 4794 r2: 48 r3: 8156 r4: 0 r5: 65514 sp: 65510 pc: 5248          N: 0 Z: 0 V: 0 C: 0      
5248:   add $12., r1                  src: 12        dst: 4794      r0: 5 r1: 4806 r2: 48 r3: 8156 r4: 0 r5: 65514 sp: 65510 pc: 5252          N: 0 Z: 0 V: 0 C: 0      
5252:   cmp r1, $ebsymtab             src: 4806      dst: 5118      r0: 5 r1: 4806 r2: 48 r3: 8156 r4: 0 r5: 65514 sp: 65510 pc: 5256          N: 1 Z: 0 V: 0 C: 1      
5256:   bcs 5196.                     src: 2563                     r0: 5 r1: 4806 r2: 48 r3: 8156 r4: 0 r5: 65514 sp: 65510 pc: 5196          N: 1 Z: 0 V: 0 C: 1      
5196:   clr r3                        src: 8156                     r0: 5 r1: 4806 r2: 48 r3: 0 r4: 0 r5: 65514 sp: 65510 pc: 5198             N: 0 Z: 1 V: 0 C: 0      
5198:   mov $8., r2                   src: 8         dst: 48        r0: 5 r1: 4806 r2: 8 r3: 0 r4: 0 r5: 65514 sp: 65510 pc: 5202              N: 0 Z: 0 V: 0 C: 0      
5202:   mov r1, -(sp)                 src: 4806      dst: 4794      r0: 5 r1: 4806 r2: 8 r3: 0 r4: 0 r5: 65514 sp: 65508 pc: 5204              N: 0 Z: 0 V: 0 C: 0      
5204:   movb (r1)+, r4                src: 102       dst: 0         r0: 5 r1: 4807 r2: 8 r3: 0 r4: 102 r5: 65514 sp: 65508 pc: 5206            N: 0 Z: 0 V: 0 C: 0      
5206:   beq 5214.                     src: 2562                     r0: 5 r1: 4807 r2: 8 r3: 0 r4: 102 r5: 65514 sp: 65508 pc: 5208            N: 0 Z: 0 V: 0 C: 0      
5208:   add r4, r3                    src: 102       dst: 0         r0: 5 r1: 4807 r2: 8 r3: 102 r4: 102 r5: 65514 sp: 65508 pc: 5210          N: 0 Z: 0 V: 0 C: 0      
5210:   swab r3                       src: 102                      r0: 5 r1: 4807 r2: 8 r3: 26112 r4: 102 r5: 65514 sp: 65508 pc: 5212        N: 0 Z: 1 V: 0 C: 0      
5212:   sob r2, 5204.                 src: 8         dst: 68        r0: 5 r1: 4807 r2: 7 r3: 26112 r4: 102 r5: 65514 sp: 65508 pc: 5204        N: 0 Z: 1 V: 0 C: 0      
5204:   movb (r1)+, r4                src: 114       dst: 102       r0: 5 r1: 4808 r2: 7 r3: 26112 r4: 114 r5: 65514 sp: 65508 pc: 5206        N: 0 Z: 0 V: 0 C: 0      
5206:   beq 5214.                     src: 2562                     r0: 5 r1: 4808 r2: 7 r3: 26112 r4: 114 r5: 65514 sp: 65508 pc: 5208        N: 0 Z: 0 V: 0 C: 0      
5208:   add r4, r3                    src: 114       dst: 26112     r0: 5 r1: 4808 r2: 7 r3: 26226 r4: 114 r5: 65514 sp: 65508 pc: 5210        N: 0 Z: 0 V: 0 C: 0      
5210:   swab r3                       src: 26226                    r0: 5 r1: 4808 r2: 7 r3: 29286 r4: 114 r5: 65514 sp: 65508 pc: 5212        N: 0 Z: 0 V: 0 C: 0      
5212:   sob r2, 5204.                 src: 7         dst: 68        r0: 5 r1: 4808 r2: 6 r3: 29286 r4: 114 r5: 65514 sp: 65508 pc: 5204        N: 0 Z: 0 V: 0 C: 0      
5204:   movb (r1)+, r4                src: 49        dst: 114       r0: 5 r1: 4809 r2: 6 r3: 29286 r4: 49 r5: 65514 sp: 65508 pc: 5206         N: 0 Z: 0 V: 0 C: 0      
5206:   beq 5214.                     src: 2562                     r0: 5 r1: 4809 r2: 6 r3: 29286 r4: 49 r5: 65514 sp: 65508 pc: 5208         N: 0 Z: 0 V: 0 C: 0      
5208:   add r4, r3                    src: 49        dst: 29286     r0: 5 r1: 4809 r2: 6 r3: 29335 r4: 49 r5: 65514 sp: 65508 pc: 5210         N: 0 Z: 0 V: 0 C: 0      
5210:   swab r3                       src: 29335                    r0: 5 r1: 4809 r2: 6 r3: 38770 r4: 49 r5: 65514 sp: 65508 pc: 5212         N: 0 Z: 0 V: 0 C: 0      
5212:   sob r2, 5204.                 src: 6         dst: 68        r0: 5 r1: 4809 r2: 5 r3: 38770 r4: 49 r5: 65514 sp: 65508 pc: 5204         N: 0 Z: 0 V: 0 C: 0      
5204:   movb (r1)+, r4                src: 0         dst: 49        r0: 5 r1: 4810 r2: 5 r3: 38770 r4: 0 r5: 65514 sp: 65508 pc: 5206          N: 0 Z: 1 V: 0 C: 0      
5206:   beq 5214.                     src: 2562                     r0: 5 r1: 4810 r2: 5 r3: 38770 r4: 0 r5: 65514 sp: 65508 pc: 5214          N: 0 Z: 1 V: 0 C: 0      
5214:   clr r2                        src: 5                        r0: 5 r1: 4810 r2: 0 r3: 38770 r4: 0 r5: 65514 sp: 65508 pc: 5216          N: 0 Z: 1 V: 0 C: 0      
5216:   div $hshsiz, r2               src: 1553      dst: 0         r0: 5 r1: 4810 r2: 24 r3: 1498 r4: 0 r5: 65514 sp: 65508 pc: 5220          N: 0 Z: 0 V: 0 C: 0      
5220:   ashc $1., r2                  src: 1         dst: 24        r0: 5 r1: 4810 r2: 48 r3: 2996 r4: 0 r5: 65514 sp: 65508 pc: 5224          N: 0 Z: 0 V: 0 C: 0      
5224:   add $hshtab, r3               src: 5722      dst: 2996      r0: 5 r1: 4810 r2: 48 r3: 8718 r4: 0 r5: 65514 sp: 65508 pc: 5228          N: 0 Z: 0 V: 0 C: 0      
5228:   sub r2, r3                    src: 48        dst: 8718      r0: 5 r1: 4810 r2: 48 r3: 8670 r4: 0 r5: 65514 sp: 65508 pc: 5230          N: 0 Z: 0 V: 0 C: 0      
5230:   cmp r3, $hshtab               src: 8670      dst: 5722      r0: 5 r1: 4810 r2: 48 r3: 8670 r4: 0 r5: 65514 sp: 65508 pc: 5234          N: 0 Z: 0 V: 0 C: 0      
5234:   bhi 5240.                     src: 3043                     r0: 5 r1: 4810 r2: 48 r3: 8670 r4: 0 r5: 65514 sp: 65508 pc: 5240          N: 0 Z: 0 V: 0 C: 0      
5240:   tst -(r3)                     src: 0                        r0: 5 r1: 4810 r2: 48 r3: 8668 r4: 0 r5: 65514 sp: 65508 pc: 5242          N: 0 Z: 1 V: 0 C: 0      
5242:   bne 5228.                     src: 57475                    r0: 5 r1: 4810 r2: 48 r3: 8668 r4: 0 r5: 65514 sp: 65508 pc: 5244          N: 0 Z: 1 V: 0 C: 0      
5244:   mov (sp)+, r1                 src: 4806      dst: 4810      r0: 5 r1: 4806 r2: 48 r3: 8668 r4: 0 r5: 65514 sp: 65510 pc: 5246          N: 0 Z: 0 V: 0 C: 0      
5246:   mov r1, (r3)                  src: 4806      dst: 0         r0: 5 r1: 4806 r2: 48 r3: 8668 r4: 0 r5: 65514 sp: 65510 pc: 5248          N: 0 Z: 0 V: 0 C: 0      
5248:   add $12., r1                  src: 12        dst: 4806      r0: 5 r1: 4818 r2: 48 r3: 8668 r4: 0 r5: 65514 sp: 65510 pc: 5252          N: 0 Z: 0 V: 0 C: 0      
5252:   cmp r1, $ebsymtab             src: 4818      dst: 5118      r0: 5 r1: 4818 r2: 48 r3: 8668 r4: 0 r5: 65514 sp: 65510 pc: 5256          N: 1 Z: 0 V: 0 C: 1      
5256:   bcs 5196.                     src: 2563                     r0: 5 r1: 4818 r2: 48 r3: 8668 r4: 0 r5: 65514 sp: 65510 pc: 5196          N: 1 Z: 0 V: 0 C: 1      
5196:   clr r3                        src: 8668                     r0: 5 r1: 4818 r2: 48 r3: 0 r4: 0 r5: 65514 sp: 65510 pc: 5198             N: 0 Z: 1 V: 0 C: 0      
5198:   mov $8., r2                   src: 8         dst: 48        r0: 5 r1: 4818 r2: 8 r3: 0 r4: 0 r5: 65514 sp: 65510 pc: 5202              N: 0 Z: 0 V: 0 C: 0      
5202:   mov r1, -(sp)                 src: 4818      dst: 4806      r0: 5 r1: 4818 r2: 8 r3: 0 r4: 0 r5: 65514 sp: 65508 pc: 5204              N: 0 Z: 0 V: 0 C: 0      
5204:   movb (r1)+, r4                src: 102       dst: 0         r0: 5 r1: 4819 r2: 8 r3: 0 r4: 102 r5: 65514 sp: 65508 pc: 5206            N: 0 Z: 0 V: 0 C: 0      
5206:   beq 5214.                     src: 2562                     r0: 5 r1: 4819 r2: 8 r3: 0 r4: 102 r5: 65514 sp: 65508 pc: 5208            N: 0 Z: 0 V: 0 C: 0      
5208:   add r4, r3                    src: 102       dst: 0         r0: 5 r1: 4819 r2: 8 r3: 102 r4: 102 r5: 65514 sp: 65508 pc: 5210          N: 0 Z: 0 V: 0 C: 0      
5210:   swab r3                       src: 102                      r0: 5 r1: 4819 r2: 8 r3: 26112 r4: 102 r5: 65514 sp: 65508 pc: 5212        N: 0 Z: 1 V: 0 C: 0      
5212:   sob r2, 5204.                 src: 8         dst: 68        r0: 5 r1: 4819 r2: 7 r3: 26112 r4: 102 r5: 65514 sp: 65508 pc: 5204        N: 0 Z: 1 V: 0 C: 0      
5204:   movb (r1)+, r4                src: 114       dst: 102       r0: 5 r1: 4820 r2: 7 r3: 26112 r4: 114 r5: 65514 sp: 65508 pc: 5206        N: 0 Z: 0 V: 0 C: 0      
5206:   beq 5214.                     src: 2562                     r0: 5 r1: 4820 r2: 7 r3: 26112 r4: 114 r5: 65514 sp: 65508 pc: 5208        N: 0 Z: 0 V: 0 C: 0      
5208:   add r4, r3                    src: 114       dst: 26112     r0: 5 r1: 4820 r2: 7 r3: 26226 r4: 114 r5: 65514 sp: 65508 pc: 5210        N: 0 Z: 0 V: 0 C: 0      
5210:   swab r3                       src: 26226                    r0: 5 r1: 4820 r2: 7 r3: 29286 r4: 114 r5: 65514 sp: 65508 pc: 5212        N: 0 Z: 0 V: 0 C: 0      
5212:   sob r2, 5204.                 src: 7         dst: 68        r0: 5 r1: 4820 r2: 6 r3: 29286 r4: 114 r5: 65514 sp: 65508 pc: 5204        N: 0 Z: 0 V: 0 C: 0      
5204:   movb (r1)+, r4                src: 50        dst: 114       r0: 5 r1: 4821 r2: 6 r3: 29286 r4: 50 r5: 65514 sp: 65508 pc: 5206         N: 0 Z: 0 V: 0 C: 0      
5206:   beq 5214.                     src: 2562                     r0: 5 r1: 4821 r2: 6 r3: 29286 r4: 50 r5: 65514 sp: 65508 pc: 5208         N: 0 Z: 0 V: 0 C: 0      
5208:   add r4, r3                    src: 50        dst: 29286     r0: 5 r1: 4821 r2: 6 r3: 29336 r4: 50 r5: 65514 sp: 65508 pc: 5210         N: 0 Z: 0 V: 0 C: 0      
5210:   swab r3                       src: 29336                    r0: 5 r1: 4821 r2: 6 r3: 39026 r4: 50 r5: 65514 sp: 65508 pc: 5212         N: 0 Z: 0 V: 0 C: 0      
5212:   sob r2, 5204.                 src: 6         dst: 68        r0: 5 r1: 4821 r2: 5 r3: 39026 r4: 50 r5: 65514 sp: 65508 pc: 5204         N: 0 Z: 0 V: 0 C: 0      
5204:   movb (r1)+, r4                src: 0         dst: 50        r0: 5 r1: 4822 r2: 5 r3: 39026 r4: 0 r5: 65514 sp: 65508 pc: 5206          N: 0 Z: 1 V: 0 C: 0      
5206:   beq 5214.                     src: 2562                     r0: 5 r1: 4822 r2: 5 r3: 39026 r4: 0 r5: 65514 sp: 65508 pc: 5214          N: 0 Z: 1 V: 0 C: 0      
5214:   clr r2                        src: 5                        r0: 5 r1: 4822 r2: 0 r3: 39026 r4: 0 r5: 65514 sp: 65508 pc: 5216          N: 0 Z: 1 V: 0 C: 0      
5216:   div $hshsiz, r2               src: 1553      dst: 0         r0: 5 r1: 4822 r2: 25 r3: 201 r4: 0 r5: 65514 sp: 65508 pc: 5220           N: 0 Z: 0 V: 0 C: 0      
5220:   ashc $1., r2                  src: 1         dst: 25        r0: 5 r1: 4822 r2: 50 r3: 402 r4: 0 r5: 65514 sp: 65508 pc: 5224           N: 0 Z: 0 V: 0 C: 0      
5224:   add $hshtab, r3               src: 5722      dst: 402       r0: 5 r1: 4822 r2: 50 r3: 6124 r4: 0 r5: 65514 sp: 65508 pc: 5228          N: 0 Z: 0 V: 0 C: 0      
5228:   sub r2, r3                    src: 50        dst: 6124      r0: 5 r1: 4822 r2: 50 r3: 6074 r4: 0 r5: 65514 sp: 65508 pc: 5230          N: 0 Z: 0 V: 0 C: 0      
5230:   cmp r3, $hshtab               src: 6074      dst: 5722      r0: 5 r1: 4822 r2: 50 r3: 6074 r4: 0 r5: 65514 sp: 65508 pc: 5234          N: 0 Z: 0 V: 0 C: 0      
5234:   bhi 5240.                     src: 3043                     r0: 5 r1: 4822 r2: 50 r3: 6074 r4: 0 r5: 65514 sp: 65508 pc: 5240          N: 0 Z: 0 V: 0 C: 0      
5240:   tst -(r3)                     src: 0                        r0: 5 r1: 4822 r2: 50 r3: 6072 r4: 0 r5: 65514 sp: 65508 pc: 5242          N: 0 Z: 1 V: 0 C: 0      
5242:   bne 5228.                     src: 57475                    r0: 5 r1: 4822 r2: 50 r3: 6072 r4: 0 r5: 65514 sp: 65508 pc: 5244          N: 0 Z: 1 V: 0 C: 0      
5244:   mov (sp)+, r1                 src: 4818      dst: 4822      r0: 5 r1: 4818 r2: 50 r3: 6072 r4: 0 r5: 65514 sp: 65510 pc: 5246          N: 0 Z: 0 V: 0 C: 0      
5246:   mov r1, (r3)                  src: 4818      dst: 0         r0: 5 r1: 4818 r2: 50 r3: 6072 r4: 0 r5: 65514 sp: 65510 pc: 5248          N: 0 Z: 0 V: 0 C: 0      
5248:   add $12., r1                  src: 12        dst: 4818      r0: 5 r1: 4830 r2: 50 r3: 6072 r4: 0 r5: 65514 sp: 65510 pc: 5252          N: 0 Z: 0 V: 0 C: 0      
5252:   cmp r1, $ebsymtab             src: 4830      dst: 5118      r0: 5 r1: 4830 r2: 50 r3: 6072 r4: 0 r5: 65514 sp: 65510 pc: 5256          N: 1 Z: 0 V: 0 C: 1      
5256:   bcs 5196.                     src: 2563                     r0: 5 r1: 4830 r2: 50 r3: 6072 r4: 0 r5: 65514 sp: 65510 pc: 5196          N: 1 Z: 0 V: 0 C: 1      
5196:   clr r3                        src: 6072                     r0: 5 r1: 4830 r2: 50 r3: 0 r4: 0 r5: 65514 sp: 65510 pc: 5198             N: 0 Z: 1 V: 0 C: 0      
5198:   mov $8., r2                   src: 8         dst: 50        r0: 5 r1: 4830 r2: 8 r3: 0 r4: 0 r5: 65514 sp: 65510 pc: 5202              N: 0 Z: 0 V: 0 C: 0      
5202:   mov r1, -(sp)                 src: 4830      dst: 4818      r0: 5 r1: 4830 r2: 8 r3: 0 r4: 0 r5: 65514 sp: 65508 pc: 5204              N: 0 Z: 0 V: 0 C: 0      
5204:   movb (r1)+, r4                src: 102       dst: 0         r0: 5 r1: 4831 r2: 8 r3: 0 r4: 102 r5: 65514 sp: 65508 pc: 5206            N: 0 Z: 0 V: 0 C: 0      
5206:   beq 5214.                     src: 2562                     r0: 5 r1: 4831 r2: 8 r3: 0 r4: 102 r5: 65514 sp: 65508 pc: 5208            N: 0 Z: 0 V: 0 C: 0      
5208:   add r4, r3                    src: 102       dst: 0         r0: 5 r1: 4831 r2: 8 r3: 102 r4: 102 r5: 65514 sp: 65508 pc: 5210          N: 0 Z: 0 V: 0 C: 0      
5210:   swab r3                       src: 102                      r0: 5 r1: 4831 r2: 8 r3: 26112 r4: 102 r5: 65514 sp: 65508 pc: 5212        N: 0 Z: 1 V: 0 C: 0      
5212:   sob r2, 5204.                 src: 8         dst: 68        r0: 5 r1: 4831 r2: 7 r3: 26112 r4: 102 r5: 65514 sp: 65508 pc: 5204        N: 0 Z: 1 V: 0 C: 0      
5204:   movb (r1)+, r4                src: 114       dst: 102       r0: 5 r1: 4832 r2: 7 r3: 26112 r4: 114 r5: 65514 sp: 65508 pc: 5206        N: 0 Z: 0 V: 0 C: 0      
5206:   beq 5214.                     src: 2562                     r0: 5 r1: 4832 r2: 7 r3: 26112 r4: 114 r5: 65514 sp: 65508 pc: 5208        N: 0 Z: 0 V: 0 C: 0      
5208:   add r4, r3                    src: 114       dst: 26112     r0: 5 r1: 4832 r2: 7 r3: 26226 r4: 114 r5: 65514 sp: 65508 pc: 5210        N: 0 Z: 0 V: 0 C: 0      
5210:   swab r3                       src: 26226                    r0: 5 r1: 4832 r2: 7 r3: 29286 r4: 114 r5: 65514 sp: 65508 pc: 5212        N: 0 Z: 0 V: 0 C: 0      
5212:   sob r2, 5204.                 src: 7         dst: 68        r0: 5 r1: 4832 r2: 6 r3: 29286 r4: 114 r5: 65514 sp: 65508 pc: 5204        N: 0 Z: 0 V: 0 C: 0      
5204:   movb (r1)+, r4                src: 51        dst: 114       r0: 5 r1: 4833 r2: 6 r3: 29286 r4: 51 r5: 65514 sp: 65508 pc: 5206         N: 0 Z: 0 V: 0 C: 0      
5206:   beq 5214.                     src: 2562                     r0: 5 r1: 4833 r2: 6 r3: 29286 r4: 51 r5: 65514 sp: 65508 pc: 5208         N: 0 Z: 0 V: 0 C: 0      
5208:   add r4, r3                    src: 51        dst: 29286     r0: 5 r1: 4833 r2: 6 r3: 29337 r4: 51 r5: 65514 sp: 65508 pc: 5210         N: 0 Z: 0 V: 0 C: 0      
5210:   swab r3                       src: 29337                    r0: 5 r1: 4833 r2: 6 r3: 39282 r4: 51 r5: 65514 sp: 65508 pc: 5212         N: 0 Z: 0 V: 0 C: 0      
5212:   sob r2, 5204.                 src: 6         dst: 68        r0: 5 r1: 4833 r2: 5 r3: 39282 r4: 51 r5: 65514 sp: 65508 pc: 5204         N: 0 Z: 0 V: 0 C: 0      
5204:   movb (r1)+, r4                src: 0         dst: 51        r0: 5 r1: 4834 r2: 5 r3: 39282 r4: 0 r5: 65514 sp: 65508 pc: 5206          N: 0 Z: 1 V: 0 C: 0      
5206:   beq 5214.                     src: 2562                     r0: 5 r1: 4834 r2: 5 r3: 39282 r4: 0 r5: 65514 sp: 65508 pc: 5214          N: 0 Z: 1 V: 0 C: 0      
5214:   clr r2                        src: 5                        r0: 5 r1: 4834 r2: 0 r3: 39282 r4: 0 r5: 65514 sp: 65508 pc: 5216          N: 0 Z: 1 V: 0 C: 0      
5216:   div $hshsiz, r2               src: 1553      dst: 0         r0: 5 r1: 4834 r2: 25 r3: 457 r4: 0 r5: 65514 sp: 65508 pc: 5220           N: 0 Z: 0 V: 0 C: 0      
5220:   ashc $1., r2                  src: 1         dst: 25        r0: 5 r1: 4834 r2: 50 r3: 914 r4: 0 r5: 65514 sp: 65508 pc: 5224           N: 0 Z: 0 V: 0 C: 0      
5224:   add $hshtab, r3               src: 5722      dst: 914       r0: 5 r1: 4834 r2: 50 r3: 6636 r4: 0 r5: 65514 sp: 65508 pc: 5228          N: 0 Z: 0 V: 0 C: 0      
5228:   sub r2, r3                    src: 50        dst: 6636      r0: 5 r1: 4834 r2: 50 r3: 6586 r4: 0 r5: 65514 sp: 65508 pc: 5230          N: 0 Z: 0 V: 0 C: 0      
5230:   cmp r3, $hshtab               src: 6586      dst: 5722      r0: 5 r1: 4834 r2: 50 r3: 6586 r4: 0 r5: 65514 sp: 65508 pc: 5234          N: 0 Z: 0 V: 0 C: 0      
5234:   bhi 5240.                     src: 3043                     r0: 5 r1: 4834 r2: 50 r3: 6586 r4: 0 r5: 65514 sp: 65508 pc: 5240          N: 0 Z: 0 V: 0 C: 0      
5240:   tst -(r3)                     src: 0                        r0: 5 r1: 4834 r2: 50 r3: 6584 r4: 0 r5: 65514 sp: 65508 pc: 5242          N: 0 Z: 1 V: 0 C: 0      
5242:   bne 5228.                     src: 57475                    r0: 5 r1: 4834 r2: 50 r3: 6584 r4: 0 r5: 65514 sp: 65508 pc: 5244          N: 0 Z: 1 V: 0 C: 0      
5244:   mov (sp)+, r1                 src: 4830      dst: 4834      r0: 5 r1: 4830 r2: 50 r3: 6584 r4: 0 r5: 65514 sp: 65510 pc: 5246          N: 0 Z: 0 V: 0 C: 0      
5246:   mov r1, (r3)                  src: 4830      dst: 0         r0: 5 r1: 4830 r2: 50 r3: 6584 r4: 0 r5: 65514 sp: 65510 pc: 5248          N: 0 Z: 0 V: 0 C: 0      
5248:   add $12., r1                  src: 12        dst: 4830      r0: 5 r1: 4842 r2: 50 r3: 6584 r4: 0 r5: 65514 sp: 65510 pc: 5252          N: 0 Z: 0 V: 0 C: 0      
5252:   cmp r1, $ebsymtab             src: 4842      dst: 5118      r0: 5 r1: 4842 r2: 50 r3: 6584 r4: 0 r5: 65514 sp: 65510 pc: 5256          N: 1 Z: 0 V: 0 C: 1      
5256:   bcs 5196.                     src: 2563                     r0: 5 r1: 4842 r2: 50 r3: 6584 r4: 0 r5: 65514 sp: 65510 pc: 5196          N: 1 Z: 0 V: 0 C: 1      
5196:   clr r3                        src: 6584                     r0: 5 r1: 4842 r2: 50 r3: 0 r4: 0 r5: 65514 sp: 65510 pc: 5198             N: 0 Z: 1 V: 0 C: 0      
5198:   mov $8., r2                   src: 8         dst: 50        r0: 5 r1: 4842 r2: 8 r3: 0 r4: 0 r5: 65514 sp: 65510 pc: 5202              N: 0 Z: 0 V: 0 C: 0      
5202:   mov r1, -(sp)                 src: 4842      dst: 4830      r0: 5 r1: 4842 r2: 8 r3: 0 r4: 0 r5: 65514 sp: 65508 pc: 5204              N: 0 Z: 0 V: 0 C: 0      
5204:   movb (r1)+, r4                src: 102       dst: 0         r0: 5 r1: 4843 r2: 8 r3: 0 r4: 102 r5: 65514 sp: 65508 pc: 5206            N: 0 Z: 0 V: 0 C: 0      
5206:   beq 5214.                     src: 2562                     r0: 5 r1: 4843 r2: 8 r3: 0 r4: 102 r5: 65514 sp: 65508 pc: 5208            N: 0 Z: 0 V: 0 C: 0      
5208:   add r4, r3                    src: 102       dst: 0         r0: 5 r1: 4843 r2: 8 r3: 102 r4: 102 r5: 65514 sp: 65508 pc: 5210          N: 0 Z: 0 V: 0 C: 0      
5210:   swab r3                       src: 102                      r0: 5 r1: 4843 r2: 8 r3: 26112 r4: 102 r5: 65514 sp: 65508 pc: 5212        N: 0 Z: 1 V: 0 C: 0      
5212:   sob r2, 5204.                 src: 8         dst: 68        r0: 5 r1: 4843 r2: 7 r3: 26112 r4: 102 r5: 65514 sp: 65508 pc: 5204        N: 0 Z: 1 V: 0 C: 0      
5204:   movb (r1)+, r4                src: 114       dst: 102       r0: 5 r1: 4844 r2: 7 r3: 26112 r4: 114 r5: 65514 sp: 65508 pc: 5206        N: 0 Z: 0 V: 0 C: 0      
5206:   beq 5214.                     src: 2562                     r0: 5 r1: 4844 r2: 7 r3: 26112 r4: 114 r5: 65514 sp: 65508 pc: 5208        N: 0 Z: 0 V: 0 C: 0      
5208:   add r4, r3                    src: 114       dst: 26112     r0: 5 r1: 4844 r2: 7 r3: 26226 r4: 114 r5: 65514 sp: 65508 pc: 5210        N: 0 Z: 0 V: 0 C: 0      
5210:   swab r3                       src: 26226                    r0: 5 r1: 4844 r2: 7 r3: 29286 r4: 114 r5: 65514 sp: 65508 pc: 5212        N: 0 Z: 0 V: 0 C: 0      
5212:   sob r2, 5204.                 src: 7         dst: 68        r0: 5 r1: 4844 r2: 6 r3: 29286 r4: 114 r5: 65514 sp: 65508 pc: 5204        N: 0 Z: 0 V: 0 C: 0      
5204:   movb (r1)+, r4                src: 52        dst: 114       r0: 5 r1: 4845 r2: 6 r3: 29286 r4: 52 r5: 65514 sp: 65508 pc: 5206         N: 0 Z: 0 V: 0 C: 0      
5206:   beq 5214.                     src: 2562                     r0: 5 r1: 4845 r2: 6 r3: 29286 r4: 52 r5: 65514 sp: 65508 pc: 5208         N: 0 Z: 0 V: 0 C: 0      
5208:   add r4, r3                    src: 52        dst: 29286     r0: 5 r1: 4845 r2: 6 r3: 29338 r4: 52 r5: 65514 sp: 65508 pc: 5210         N: 0 Z: 0 V: 0 C: 0      
5210:   swab r3                       src: 29338                    r0: 5 r1: 4845 r2: 6 r3: 39538 r4: 52 r5: 65514 sp: 65508 pc: 5212         N: 0 Z: 0 V: 0 C: 0      
5212:   sob r2, 5204.                 src: 6         dst: 68        r0: 5 r1: 4845 r2: 5 r3: 39538 r4: 52 r5: 65514 sp: 65508 pc: 5204         N: 0 Z: 0 V: 0 C: 0      
5204:   movb (r1)+, r4                src: 0         dst: 52        r0: 5 r1: 4846 r2: 5 r3: 39538 r4: 0 r5: 65514 sp: 65508 pc: 5206          N: 0 Z: 1 V: 0 C: 0      
5206:   beq 5214.                     src: 2562                     r0: 5 r1: 4846 r2: 5 r3: 39538 r4: 0 r5: 65514 sp: 65508 pc: 5214          N: 0 Z: 1 V: 0 C: 0      
5214:   clr r2                        src: 5                        r0: 5 r1: 4846 r2: 0 r3: 39538 r4: 0 r5: 65514 sp: 65508 pc: 5216          N: 0 Z: 1 V: 0 C: 0      
5216:   div $hshsiz, r2               src: 1553      dst: 0         r0: 5 r1: 4846 r2: 25 r3: 713 r4: 0 r5: 65514 sp: 65508 pc: 5220           N: 0 Z: 0 V: 0 C: 0      
5220:   ashc $1., r2                  src: 1         dst: 25        r0: 5 r1: 4846 r2: 50 r3: 1426 r4: 0 r5: 65514 sp: 65508 pc: 5224          N: 0 Z: 0 V: 0 C: 0      
5224:   add $hshtab, r3               src: 5722      dst: 1426      r0: 5 r1: 4846 r2: 50 r3: 7148 r4: 0 r5: 65514 sp: 65508 pc: 5228          N: 0 Z: 0 V: 0 C: 0      
5228:   sub r2, r3                    src: 50        dst: 7148      r0: 5 r1: 4846 r2: 50 r3: 7098 r4: 0 r5: 65514 sp: 65508 pc: 5230          N: 0 Z: 0 V: 0 C: 0      
5230:   cmp r3, $hshtab               src: 7098      dst: 5722      r0: 5 r1: 4846 r2: 50 r3: 7098 r4: 0 r5: 65514 sp: 65508 pc: 5234          N: 0 Z: 0 V: 0 C: 0      
5234:   bhi 5240.                     src: 3043                     r0: 5 r1: 4846 r2: 50 r3: 7098 r4: 0 r5: 65514 sp: 65508 pc: 5240          N: 0 Z: 0 V: 0 C: 0      
5240:   tst -(r3)                     src: 1                        r0: 5 r1: 4846 r2: 50 r3: 7096 r4: 0 r5: 65514 sp: 65508 pc: 5242          N: 0 Z: 0 V: 0 C: 0      
5242:   bne 5228.                     src: 57475                    r0: 5 r1: 4846 r2: 50 r3: 7096 r4: 0 r5: 65514 sp: 65508 pc: 5228          N: 0 Z: 0 V: 0 C: 0      
5228:   sub r2, r3                    src: 50        dst: 7096      r0: 5 r1: 4846 r2: 50 r3: 7046 r4: 0 r5: 65514 sp: 65508 pc: 5230          N: 0 Z: 0 V: 0 C: 0      
5230:   cmp r3, $hshtab               src: 7046      dst: 5722      r0: 5 r1: 4846 r2: 50 r3: 7046 r4: 0 r5: 65514 sp: 65508 pc: 5234          N: 0 Z: 0 V: 0 C: 0      
5234:   bhi 5240.                     src: 3043                     r0: 5 r1: 4846 r2: 50 r3: 7046 r4: 0 r5: 65514 sp: 65508 pc: 5240          N: 0 Z: 0 V: 0 C: 0      
5240:   tst -(r3)                     src: 4218                     r0: 5 r1: 4846 r2: 50 r3: 7044 r4: 0 r5: 65514 sp: 65508 pc: 5242          N: 0 Z: 0 V: 0 C: 0      
5242:   bne 5228.                     src: 57475                    r0: 5 r1: 4846 r2: 50 r3: 7044 r4: 0 r5: 65514 sp: 65508 pc: 5228          N: 0 Z: 0 V: 0 C: 0      
5228:   sub r2, r3                    src: 50        dst: 7044      r0: 5 r1: 4846 r2: 50 r3: 6994 r4: 0 r5: 65514 sp: 65508 pc: 5230          N: 0 Z: 0 V: 0 C: 0      
5230:   cmp r3, $hshtab               src: 6994      dst: 5722      r0: 5 r1: 4846 r2: 50 r3: 6994 r4: 0 r5: 65514 sp: 65508 pc: 5234          N: 0 Z: 0 V: 0 C: 0      
5234:   bhi 5240.                     src: 3043                     r0: 5 r1: 4846 r2: 50 r3: 6994 r4: 0 r5: 65514 sp: 65508 pc: 5240          N: 0 Z: 0 V: 0 C: 0      
5240:   tst -(r3)                     src: 2                        r0: 5 r1: 4846 r2: 50 r3: 6992 r4: 0 r5: 65514 sp: 65508 pc: 5242          N: 0 Z: 0 V: 0 C: 0      
5242:   bne 5228.                     src: 57475                    r0: 5 r1: 4846 r2: 50 r3: 6992 r4: 0 r5: 65514 sp: 65508 pc: 5228          N: 0 Z: 0 V: 0 C: 0      
5228:   sub r2, r3                    src: 50        dst: 6992      r0: 5 r1: 4846 r2: 50 r3: 6942 r4: 0 r5: 65514 sp: 65508 pc: 5230          N: 0 Z: 0 V: 0 C: 0      
5230:   cmp r3, $hshtab               src: 6942      dst: 5722      r0: 5 r1: 4846 r2: 50 r3: 6942 r4: 0 r5: 65514 sp: 65508 pc: 5234          N: 0 Z: 0 V: 0 C: 0      
5234:   bhi 5240.                     src: 3043                     r0: 5 r1: 4846 r2: 50 r3: 6942 r4: 0 r5: 65514 sp: 65508 pc: 5240          N: 0 Z: 0 V: 0 C: 0      
5240:   tst -(r3)                     src: 0                        r0: 5 r1: 4846 r2: 50 r3: 6940 r4: 0 r5: 65514 sp: 65508 pc: 5242          N: 0 Z: 1 V: 0 C: 0      
5242:   bne 5228.                     src: 57475                    r0: 5 r1: 4846 r2: 50 r3: 6940 r4: 0 r5: 65514 sp: 65508 pc: 5244          N: 0 Z: 1 V: 0 C: 0      
5244:   mov (sp)+, r1                 src: 4842      dst: 4846      r0: 5 r1: 4842 r2: 50 r3: 6940 r4: 0 r5: 65514 sp: 65510 pc: 5246          N: 0 Z: 0 V: 0 C: 0      
5246:   mov r1, (r3)                  src: 4842      dst: 0         r0: 5 r1: 4842 r2: 50 r3: 6940 r4: 0 r5: 65514 sp: 65510 pc: 5248          N: 0 Z: 0 V: 0 C: 0      
5248:   add $12., r1                  src: 12        dst: 4842      r0: 5 r1: 4854 r2: 50 r3: 6940 r4: 0 r5: 65514 sp: 65510 pc: 5252          N: 0 Z: 0 V: 0 C: 0      
5252:   cmp r1, $ebsymtab             src: 4854      dst: 5118      r0: 5 r1: 4854 r2: 50 r3: 6940 r4: 0 r5: 65514 sp: 65510 pc: 5256          N: 1 Z: 0 V: 0 C: 1      
5256:   bcs 5196.                     src: 2563                     r0: 5 r1: 4854 r2: 50 r3: 6940 r4: 0 r5: 65514 sp: 65510 pc: 5196          N: 1 Z: 0 V: 0 C: 1      
5196:   clr r3                        src: 6940                     r0: 5 r1: 4854 r2: 50 r3: 0 r4: 0 r5: 65514 sp: 65510 pc: 5198             N: 0 Z: 1 V: 0 C: 0      
5198:   mov $8., r2                   src: 8         dst: 50        r0: 5 r1: 4854 r2: 8 r3: 0 r4: 0 r5: 65514 sp: 65510 pc: 5202              N: 0 Z: 0 V: 0 C: 0      
5202:   mov r1, -(sp)                 src: 4854      dst: 4842      r0: 5 r1: 4854 r2: 8 r3: 0 r4: 0 r5: 65514 sp: 65508 pc: 5204              N: 0 Z: 0 V: 0 C: 0      
5204:   movb (r1)+, r4                src: 102       dst: 0         r0: 5 r1: 4855 r2: 8 r3: 0 r4: 102 r5: 65514 sp: 65508 pc: 5206            N: 0 Z: 0 V: 0 C: 0      
5206:   beq 5214.                     src: 2562                     r0: 5 r1: 4855 r2: 8 r3: 0 r4: 102 r5: 65514 sp: 65508 pc: 5208            N: 0 Z: 0 V: 0 C: 0      
5208:   add r4, r3                    src: 102       dst: 0         r0: 5 r1: 4855 r2: 8 r3: 102 r4: 102 r5: 65514 sp: 65508 pc: 5210          N: 0 Z: 0 V: 0 C: 0      
5210:   swab r3                       src: 102                      r0: 5 r1: 4855 r2: 8 r3: 26112 r4: 102 r5: 65514 sp: 65508 pc: 5212        N: 0 Z: 1 V: 0 C: 0      
5212:   sob r2, 5204.                 src: 8         dst: 68        r0: 5 r1: 4855 r2: 7 r3: 26112 r4: 102 r5: 65514 sp: 65508 pc: 5204        N: 0 Z: 1 V: 0 C: 0      
5204:   movb (r1)+, r4                src: 114       dst: 102       r0: 5 r1: 4856 r2: 7 r3: 26112 r4: 114 r5: 65514 sp: 65508 pc: 5206        N: 0 Z: 0 V: 0 C: 0      
5206:   beq 5214.                     src: 2562                     r0: 5 r1: 4856 r2: 7 r3: 26112 r4: 114 r5: 65514 sp: 65508 pc: 5208        N: 0 Z: 0 V: 0 C: 0      
5208:   add r4, r3                    src: 114       dst: 26112     r0: 5 r1: 4856 r2: 7 r3: 26226 r4: 114 r5: 65514 sp: 65508 pc: 5210        N: 0 Z: 0 V: 0 C: 0      
5210:   swab r3                       src: 26226                    r0: 5 r1: 4856 r2: 7 r3: 29286 r4: 114 r5: 65514 sp: 65508 pc: 5212        N: 0 Z: 0 V: 0 C: 0      
5212:   sob r2, 5204.                 src: 7         dst: 68        r0: 5 r1: 4856 r2: 6 r3: 29286 r4: 114 r5: 65514 sp: 65508 pc: 5204        N: 0 Z: 0 V: 0 C: 0      
5204:   movb (r1)+, r4                src: 53        dst: 114       r0: 5 r1: 4857 r2: 6 r3: 29286 r4: 53 r5: 65514 sp: 65508 pc: 5206         N: 0 Z: 0 V: 0 C: 0      
5206:   beq 5214.                     src: 2562                     r0: 5 r1: 4857 r2: 6 r3: 29286 r4: 53 r5: 65514 sp: 65508 pc: 5208         N: 0 Z: 0 V: 0 C: 0      
5208:   add r4, r3                    src: 53        dst: 29286     r0: 5 r1: 4857 r2: 6 r3: 29339 r4: 53 r5: 65514 sp: 65508 pc: 5210         N: 0 Z: 0 V: 0 C: 0      
5210:   swab r3                       src: 29339                    r0: 5 r1: 4857 r2: 6 r3: 39794 r4: 53 r5: 65514 sp: 65508 pc: 5212         N: 0 Z: 0 V: 0 C: 0      
5212:   sob r2, 5204.                 src: 6         dst: 68        r0: 5 r1: 4857 r2: 5 r3: 39794 r4: 53 r5: 65514 sp: 65508 pc: 5204         N: 0 Z: 0 V: 0 C: 0      
5204:   movb (r1)+, r4                src: 0         dst: 53        r0: 5 r1: 4858 r2: 5 r3: 39794 r4: 0 r5: 65514 sp: 65508 pc: 5206          N: 0 Z: 1 V: 0 C: 0      
5206:   beq 5214.                     src: 2562                     r0: 5 r1: 4858 r2: 5 r3: 39794 r4: 0 r5: 65514 sp: 65508 pc: 5214          N: 0 Z: 1 V: 0 C: 0      
5214:   clr r2                        src: 5                        r0: 5 r1: 4858 r2: 0 r3: 39794 r4: 0 r5: 65514 sp: 65508 pc: 5216          N: 0 Z: 1 V: 0 C: 0      
5216:   div $hshsiz, r2               src: 1553      dst: 0         r0: 5 r1: 4858 r2: 25 r3: 969 r4: 0 r5: 65514 sp: 65508 pc: 5220           N: 0 Z: 0 V: 0 C: 0      
5220:   ashc $1., r2                  src: 1         dst: 25        r0: 5 r1: 4858 r2: 50 r3: 1938 r4: 0 r5: 65514 sp: 65508 pc: 5224          N: 0 Z: 0 V: 0 C: 0      
5224:   add $hshtab, r3               src: 5722      dst: 1938      r0: 5 r1: 4858 r2: 50 r3: 7660 r4: 0 r5: 65514 sp: 65508 pc: 5228          N: 0 Z: 0 V: 0 C: 0      
5228:   sub r2, r3                    src: 50        dst: 7660      r0: 5 r1: 4858 r2: 50 r3: 7610 r4: 0 r5: 65514 sp: 65508 pc: 5230          N: 0 Z: 0 V: 0 C: 0      
5230:   cmp r3, $hshtab               src: 7610      dst: 5722      r0: 5 r1: 4858 r2: 50 r3: 7610 r4: 0 r5: 65514 sp: 65508 pc: 5234          N: 0 Z: 0 V: 0 C: 0      
5234:   bhi 5240.                     src: 3043                     r0: 5 r1: 4858 r2: 50 r3: 7610 r4: 0 r5: 65514 sp: 65508 pc: 5240          N: 0 Z: 0 V: 0 C: 0      
5240:   tst -(r3)                     src: 1                        r0: 5 r1: 4858 r2: 50 r3: 7608 r4: 0 r5: 65514 sp: 65508 pc: 5242          N: 0 Z: 0 V: 0 C: 0      
5242:   bne 5228.                     src: 57475                    r0: 5 r1: 4858 r2: 50 r3: 7608 r4: 0 r5: 65514 sp: 65508 pc: 5228          N: 0 Z: 0 V: 0 C: 0      
5228:   sub r2, r3                    src: 50        dst: 7608      r0: 5 r1: 4858 r2: 50 r3: 7558 r4: 0 r5: 65514 sp: 65508 pc: 5230          N: 0 Z: 0 V: 0 C: 0      
5230:   cmp r3, $hshtab               src: 7558      dst: 5722      r0: 5 r1: 4858 r2: 50 r3: 7558 r4: 0 r5: 65514 sp: 65508 pc: 5234          N: 0 Z: 0 V: 0 C: 0      
5234:   bhi 5240.                     src: 3043                     r0: 5 r1: 4858 r2: 50 r3: 7558 r4: 0 r5: 65514 sp: 65508 pc: 5240          N: 0 Z: 0 V: 0 C: 0      
5240:   tst -(r3)                     src: 0                        r0: 5 r1: 4858 r2: 50 r3: 7556 r4: 0 r5: 65514 sp: 65508 pc: 5242          N: 0 Z: 1 V: 0 C: 0      
5242:   bne 5228.                     src: 57475                    r0: 5 r1: 4858 r2: 50 r3: 7556 r4: 0 r5: 65514 sp: 65508 pc: 5244          N: 0 Z: 1 V: 0 C: 0      
5244:   mov (sp)+, r1                 src: 4854      dst: 4858      r0: 5 r1: 4854 r2: 50 r3: 7556 r4: 0 r5: 65514 sp: 65510 pc: 5246          N: 0 Z: 0 V: 0 C: 0      
5246:   mov r1, (r3)                  src: 4854      dst: 0         r0: 5 r1: 4854 r2: 50 r3: 7556 r4: 0 r5: 65514 sp: 65510 pc: 5248          N: 0 Z: 0 V: 0 C: 0      
5248:   add $12., r1                  src: 12        dst: 4854      r0: 5 r1: 4866 r2: 50 r3: 7556 r4: 0 r5: 65514 sp: 65510 pc: 5252          N: 0 Z: 0 V: 0 C: 0      
5252:   cmp r1, $ebsymtab             src: 4866      dst: 5118      r0: 5 r1: 4866 r2: 50 r3: 7556 r4: 0 r5: 65514 sp: 65510 pc: 5256          N: 1 Z: 0 V: 0 C: 1      
5256:   bcs 5196.                     src: 2563                     r0: 5 r1: 4866 r2: 50 r3: 7556 r4: 0 r5: 65514 sp: 65510 pc: 5196          N: 1 Z: 0 V: 0 C: 1      
5196:   clr r3                        src: 7556                     r0: 5 r1: 4866 r2: 50 r3: 0 r4: 0 r5: 65514 sp: 65510 pc: 5198             N: 0 Z: 1 V: 0 C: 0      
5198:   mov $8., r2                   src: 8         dst: 50        r0: 5 r1: 4866 r2: 8 r3: 0 r4: 0 r5: 65514 sp: 65510 pc: 5202              N: 0 Z: 0 V: 0 C: 0      
5202:   mov r1, -(sp)                 src: 4866      dst: 4854      r0: 5 r1: 4866 r2: 8 r3: 0 r4: 0 r5: 65514 sp: 65508 pc: 5204              N: 0 Z: 0 V: 0 C: 0      
5204:   movb (r1)+, r4                src: 97        dst: 0         r0: 5 r1: 4867 r2: 8 r3: 0 r4: 97 r5: 65514 sp: 65508 pc: 5206             N: 0 Z: 0 V: 0 C: 0      
5206:   beq 5214.                     src: 2562                     r0: 5 r1: 4867 r2: 8 r3: 0 r4: 97 r5: 65514 sp: 65508 pc: 5208             N: 0 Z: 0 V: 0 C: 0      
5208:   add r4, r3                    src: 97        dst: 0         r0: 5 r1: 4867 r2: 8 r3: 97 r4: 97 r5: 65514 sp: 65508 pc: 5210            N: 0 Z: 0 V: 0 C: 0      
5210:   swab r3                       src: 97                       r0: 5 r1: 4867 r2: 8 r3: 24832 r4: 97 r5: 65514 sp: 65508 pc: 5212         N: 0 Z: 1 V: 0 C: 0      
5212:   sob r2, 5204.                 src: 8         dst: 68        r0: 5 r1: 4867 r2: 7 r3: 24832 r4: 97 r5: 65514 sp: 65508 pc: 5204         N: 0 Z: 1 V: 0 C: 0      
5204:   movb (r1)+, r4                src: 108       dst: 97        r0: 5 r1: 4868 r2: 7 r3: 24832 r4: 108 r5: 65514 sp: 65508 pc: 5206        N: 0 Z: 0 V: 0 C: 0      
5206:   beq 5214.                     src: 2562                     r0: 5 r1: 4868 r2: 7 r3: 24832 r4: 108 r5: 65514 sp: 65508 pc: 5208        N: 0 Z: 0 V: 0 C: 0      
5208:   add r4, r3                    src: 108       dst: 24832     r0: 5 r1: 4868 r2: 7 r3: 24940 r4: 108 r5: 65514 sp: 65508 pc: 5210        N: 0 Z: 0 V: 0 C: 0      
5210:   swab r3                       src: 24940                    r0: 5 r1: 4868 r2: 7 r3: 27745 r4: 108 r5: 65514 sp: 65508 pc: 5212        N: 0 Z: 0 V: 0 C: 0      
5212:   sob r2, 5204.                 src: 7         dst: 68        r0: 5 r1: 4868 r2: 6 r3: 27745 r4: 108 r5: 65514 sp: 65508 pc: 5204        N: 0 Z: 0 V: 0 C: 0      
5204:   movb (r1)+, r4                src: 115       dst: 108       r0: 5 r1: 4869 r2: 6 r3: 27745 r4: 115 r5: 65514 sp: 65508 pc: 5206        N: 0 Z: 0 V: 0 C: 0      
5206:   beq 5214.                     src: 2562                     r0: 5 r1: 4869 r2: 6 r3: 27745 r4: 115 r5: 65514 sp: 65508 pc: 5208        N: 0 Z: 0 V: 0 C: 0      
5208:   add r4, r3                    src: 115       dst: 27745     r0: 5 r1: 4869 r2: 6 r3: 27860 r4: 115 r5: 65514 sp: 65508 pc: 5210        N: 0 Z: 0 V: 0 C: 0      
5210:   swab r3                       src: 27860                    r0: 5 r1: 4869 r2: 6 r3: 54380 r4: 115 r5: 65514 sp: 65508 pc: 5212        N: 0 Z: 0 V: 0 C: 0      
5212:   sob r2, 5204.                 src: 6         dst: 68        r0: 5 r1: 4869 r2: 5 r3: 54380 r4: 115 r5: 65514 sp: 65508 pc: 5204        N: 0 Z: 0 V: 0 C: 0      
5204:   movb (r1)+, r4                src: 0         dst: 115       r0: 5 r1: 4870 r2: 5 r3: 54380 r4: 0 r5: 65514 sp: 65508 pc: 5206          N: 0 Z: 1 V: 0 C: 0      
5206:   beq 5214.                     src: 2562                     r0: 5 r1: 4870 r2: 5 r3: 54380 r4: 0 r5: 65514 sp: 65508 pc: 5214          N: 0 Z: 1 V: 0 C: 0      
5214:   clr r2                        src: 5                        r0: 5 r1: 4870 r2: 0 r3: 54380 r4: 0 r5: 65514 sp: 65508 pc: 5216          N: 0 Z: 1 V: 0 C: 0      
5216:   div $hshsiz, r2               src: 1553      dst: 0         r0: 5 r1: 4870 r2: 35 r3: 25 r4: 0 r5: 65514 sp: 65508 pc: 5220            N: 0 Z: 0 V: 0 C: 0      
5220:   ashc $1., r2                  src: 1         dst: 35        r0: 5 r1: 4870 r2: 70 r3: 50 r4: 0 r5: 65514 sp: 65508 pc: 5224            N: 0 Z: 0 V: 0 C: 0      
5224:   add $hshtab, r3               src: 5722      dst: 50        r0: 5 r1: 4870 r2: 70 r3: 5772 r4: 0 r5: 65514 sp: 65508 pc: 5228          N: 0 Z: 0 V: 0 C: 0      
5228:   sub r2, r3                    src: 70        dst: 5772      r0: 5 r1: 4870 r2: 70 r3: 5702 r4: 0 r5: 65514 sp: 65508 pc: 5230          N: 0 Z: 0 V: 0 C: 0      
5230:   cmp r3, $hshtab               src: 5702      dst: 5722      r0: 5 r1: 4870 r2: 70 r3: 5702 r4: 0 r5: 65514 sp: 65508 pc: 5234          N: 1 Z: 0 V: 0 C: 1      
5234:   bhi 5240.                     src: 3043                     r0: 5 r1: 4870 r2: 70 r3: 5702 r4: 0 r5: 65514 sp: 65508 pc: 5236          N: 1 Z: 0 V: 0 C: 1      
5236:   add $3106., r3                src: 3106      dst: 5702      r0: 5 r1: 4870 r2: 70 r3: 8808 r4: 0 r5: 65514 sp: 65508 pc: 5240          N: 0 Z: 0 V: 0 C: 0      
5240:   tst -(r3)                     src: 0                        r0: 5 r1: 4870 r2: 70 r3: 8806 r4: 0 r5: 65514 sp: 65508 pc: 5242          N: 0 Z: 1 V: 0 C: 0      
5242:   bne 5228.                     src: 57475                    r0: 5 r1: 4870 r2: 70 r3: 8806 r4: 0 r5: 65514 sp: 65508 pc: 5244          N: 0 Z: 1 V: 0 C: 0      
5244:   mov (sp)+, r1                 src: 4866      dst: 4870      r0: 5 r1: 4866 r2: 70 r3: 8806 r4: 0 r5: 65514 sp: 65510 pc: 5246          N: 0 Z: 0 V: 0 C: 0      
5246:   mov r1, (r3)                  src: 4866      dst: 0         r0: 5 r1: 4866 r2: 70 r3: 8806 r4: 0 r5: 65514 sp: 65510 pc: 5248          N: 0 Z: 0 V: 0 C: 0      
5248:   add $12., r1                  src: 12        dst: 4866      r0: 5 r1: 4878 r2: 70 r3: 8806 r4: 0 r5: 65514 sp: 65510 pc: 5252          N: 0 Z: 0 V: 0 C: 0      
5252:   cmp r1, $ebsymtab             src: 4878      dst: 5118      r0: 5 r1: 4878 r2: 70 r3: 8806 r4: 0 r5: 65514 sp: 65510 pc: 5256          N: 1 Z: 0 V: 0 C: 1      
5256:   bcs 5196.                     src: 2563                     r0: 5 r1: 4878 r2: 70 r3: 8806 r4: 0 r5: 65514 sp: 65510 pc: 5196          N: 1 Z: 0 V: 0 C: 1      
5196:   clr r3                        src: 8806                     r0: 5 r1: 4878 r2: 70 r3: 0 r4: 0 r5: 65514 sp: 65510 pc: 5198             N: 0 Z: 1 V: 0 C: 0      
5198:   mov $8., r2                   src: 8         dst: 70        r0: 5 r1: 4878 r2: 8 r3: 0 r4: 0 r5: 65514 sp: 65510 pc: 5202              N: 0 Z: 0 V: 0 C: 0      
5202:   mov r1, -(sp)                 src: 4878      dst: 4866      r0: 5 r1: 4878 r2: 8 r3: 0 r4: 0 r5: 65514 sp: 65508 pc: 5204              N: 0 Z: 0 V: 0 C: 0      
5204:   movb (r1)+, r4                src: 97        dst: 0         r0: 5 r1: 4879 r2: 8 r3: 0 r4: 97 r5: 65514 sp: 65508 pc: 5206             N: 0 Z: 0 V: 0 C: 0      
5206:   beq 5214.                     src: 2562                     r0: 5 r1: 4879 r2: 8 r3: 0 r4: 97 r5: 65514 sp: 65508 pc: 5208             N: 0 Z: 0 V: 0 C: 0      
5208:   add r4, r3                    src: 97        dst: 0         r0: 5 r1: 4879 r2: 8 r3: 97 r4: 97 r5: 65514 sp: 65508 pc: 5210            N: 0 Z: 0 V: 0 C: 0      
5210:   swab r3                       src: 97                       r0: 5 r1: 4879 r2: 8 r3: 24832 r4: 97 r5: 65514 sp: 65508 pc: 5212         N: 0 Z: 1 V: 0 C: 0      
5212:   sob r2, 5204.                 src: 8         dst: 68        r0: 5 r1: 4879 r2: 7 r3: 24832 r4: 97 r5: 65514 sp: 65508 pc: 5204         N: 0 Z: 1 V: 0 C: 0      
5204:   movb (r1)+, r4                src: 108       dst: 97        r0: 5 r1: 4880 r2: 7 r3: 24832 r4: 108 r5: 65514 sp: 65508 pc: 5206        N: 0 Z: 0 V: 0 C: 0      
5206:   beq 5214.                     src: 2562                     r0: 5 r1: 4880 r2: 7 r3: 24832 r4: 108 r5: 65514 sp: 65508 pc: 5208        N: 0 Z: 0 V: 0 C: 0      
5208:   add r4, r3                    src: 108       dst: 24832     r0: 5 r1: 4880 r2: 7 r3: 24940 r4: 108 r5: 65514 sp: 65508 pc: 5210        N: 0 Z: 0 V: 0 C: 0      
5210:   swab r3                       src: 24940                    r0: 5 r1: 4880 r2: 7 r3: 27745 r4: 108 r5: 65514 sp: 65508 pc: 5212        N: 0 Z: 0 V: 0 C: 0      
5212:   sob r2, 5204.                 src: 7         dst: 68        r0: 5 r1: 4880 r2: 6 r3: 27745 r4: 108 r5: 65514 sp: 65508 pc: 5204        N: 0 Z: 0 V: 0 C: 0      
5204:   movb (r1)+, r4                src: 115       dst: 108       r0: 5 r1: 4881 r2: 6 r3: 27745 r4: 115 r5: 65514 sp: 65508 pc: 5206        N: 0 Z: 0 V: 0 C: 0      
5206:   beq 5214.                     src: 2562                     r0: 5 r1: 4881 r2: 6 r3: 27745 r4: 115 r5: 65514 sp: 65508 pc: 5208        N: 0 Z: 0 V: 0 C: 0      
5208:   add r4, r3                    src: 115       dst: 27745     r0: 5 r1: 4881 r2: 6 r3: 27860 r4: 115 r5: 65514 sp: 65508 pc: 5210        N: 0 Z: 0 V: 0 C: 0      
5210:   swab r3                       src: 27860                    r0: 5 r1: 4881 r2: 6 r3: 54380 r4: 115 r5: 65514 sp: 65508 pc: 5212        N: 0 Z: 0 V: 0 C: 0      
5212:   sob r2, 5204.                 src: 6         dst: 68        r0: 5 r1: 4881 r2: 5 r3: 54380 r4: 115 r5: 65514 sp: 65508 pc: 5204        N: 0 Z: 0 V: 0 C: 0      
5204:   movb (r1)+, r4                src: 99        dst: 115       r0: 5 r1: 4882 r2: 5 r3: 54380 r4: 99 r5: 65514 sp: 65508 pc: 5206         N: 0 Z: 0 V: 0 C: 0      
5206:   beq 5214.                     src: 2562                     r0: 5 r1: 4882 r2: 5 r3: 54380 r4: 99 r5: 65514 sp: 65508 pc: 5208         N: 0 Z: 0 V: 0 C: 0      
5208:   add r4, r3                    src: 99        dst: 54380     r0: 5 r1: 4882 r2: 5 r3: 54479 r4: 99 r5: 65514 sp: 65508 pc: 5210         N: 0 Z: 0 V: 0 C: 0      
5210:   swab r3                       src: 54479                    r0: 5 r1: 4882 r2: 5 r3: 53204 r4: 99 r5: 65514 sp: 65508 pc: 5212         N: 1 Z: 0 V: 0 C: 0      
5212:   sob r2, 5204.                 src: 5         dst: 68        r0: 5 r1: 4882 r2: 4 r3: 53204 r4: 99 r5: 65514 sp: 65508 pc: 5204         N: 1 Z: 0 V: 0 C: 0      
5204:   movb (r1)+, r4                src: 0         dst: 99        r0: 5 r1: 4883 r2: 4 r3: 53204 r4: 0 r5: 65514 sp: 65508 pc: 5206          N: 0 Z: 1 V: 0 C: 0      
5206:   beq 5214.                     src: 2562                     r0: 5 r1: 4883 r2: 4 r3: 53204 r4: 0 r5: 65514 sp: 65508 pc: 5214          N: 0 Z: 1 V: 0 C: 0      
5214:   clr r2                        src: 4                        r0: 5 r1: 4883 r2: 0 r3: 53204 r4: 0 r5: 65514 sp: 65508 pc: 5216          N: 0 Z: 1 V: 0 C: 0      
5216:   div $hshsiz, r2               src: 1553      dst: 0         r0: 5 r1: 4883 r2: 34 r3: 402 r4: 0 r5: 65514 sp: 65508 pc: 5220           N: 0 Z: 0 V: 0 C: 0      
5220:   ashc $1., r2                  src: 1         dst: 34        r0: 5 r1: 4883 r2: 68 r3: 804 r4: 0 r5: 65514 sp: 65508 pc: 5224           N: 0 Z: 0 V: 0 C: 0      
5224:   add $hshtab, r3               src: 5722      dst: 804       r0: 5 r1: 4883 r2: 68 r3: 6526 r4: 0 r5: 65514 sp: 65508 pc: 5228          N: 0 Z: 0 V: 0 C: 0      
5228:   sub r2, r3                    src: 68        dst: 6526      r0: 5 r1: 4883 r2: 68 r3: 6458 r4: 0 r5: 65514 sp: 65508 pc: 5230          N: 0 Z: 0 V: 0 C: 0      
5230:   cmp r3, $hshtab               src: 6458      dst: 5722      r0: 5 r1: 4883 r2: 68 r3: 6458 r4: 0 r5: 65514 sp: 65508 pc: 5234          N: 0 Z: 0 V: 0 C: 0      
5234:   bhi 5240.                     src: 3043                     r0: 5 r1: 4883 r2: 68 r3: 6458 r4: 0 r5: 65514 sp: 65508 pc: 5240          N: 0 Z: 0 V: 0 C: 0      
5240:   tst -(r3)                     src: 0                        r0: 5 r1: 4883 r2: 68 r3: 6456 r4: 0 r5: 65514 sp: 65508 pc: 5242          N: 0 Z: 1 V: 0 C: 0      
5242:   bne 5228.                     src: 57475                    r0: 5 r1: 4883 r2: 68 r3: 6456 r4: 0 r5: 65514 sp: 65508 pc: 5244          N: 0 Z: 1 V: 0 C: 0      
5244:   mov (sp)+, r1                 src: 4878      dst: 4883      r0: 5 r1: 4878 r2: 68 r3: 6456 r4: 0 r5: 65514 sp: 65510 pc: 5246          N: 0 Z: 0 V: 0 C: 0      
5246:   mov r1, (r3)                  src: 4878      dst: 0         r0: 5 r1: 4878 r2: 68 r3: 6456 r4: 0 r5: 65514 sp: 65510 pc: 5248          N: 0 Z: 0 V: 0 C: 0      
5248:   add $12., r1                  src: 12        dst: 4878      r0: 5 r1: 4890 r2: 68 r3: 6456 r4: 0 r5: 65514 sp: 65510 pc: 5252          N: 0 Z: 0 V: 0 C: 0      
5252:   cmp r1, $ebsymtab             src: 4890      dst: 5118      r0: 5 r1: 4890 r2: 68 r3: 6456 r4: 0 r5: 65514 sp: 65510 pc: 5256          N: 1 Z: 0 V: 0 C: 1      
5256:   bcs 5196.                     src: 2563                     r0: 5 r1: 4890 r2: 68 r3: 6456 r4: 0 r5: 65514 sp: 65510 pc: 5196          N: 1 Z: 0 V: 0 C: 1      
5196:   clr r3                        src: 6456                     r0: 5 r1: 4890 r2: 68 r3: 0 r4: 0 r5: 65514 sp: 65510 pc: 5198             N: 0 Z: 1 V: 0 C: 0      
5198:   mov $8., r2                   src: 8         dst: 68        r0: 5 r1: 4890 r2: 8 r3: 0 r4: 0 r5: 65514 sp: 65510 pc: 5202              N: 0 Z: 0 V: 0 C: 0      
5202:   mov r1, -(sp)                 src: 4890      dst: 4878      r0: 5 r1: 4890 r2: 8 r3: 0 r4: 0 r5: 65514 sp: 65508 pc: 5204              N: 0 Z: 0 V: 0 C: 0      
5204:   movb (r1)+, r4                src: 109       dst: 0         r0: 5 r1: 4891 r2: 8 r3: 0 r4: 109 r5: 65514 sp: 65508 pc: 5206            N: 0 Z: 0 V: 0 C: 0      
5206:   beq 5214.                     src: 2562                     r0: 5 r1: 4891 r2: 8 r3: 0 r4: 109 r5: 65514 sp: 65508 pc: 5208            N: 0 Z: 0 V: 0 C: 0      
5208:   add r4, r3                    src: 109       dst: 0         r0: 5 r1: 4891 r2: 8 r3: 109 r4: 109 r5: 65514 sp: 65508 pc: 5210          N: 0 Z: 0 V: 0 C: 0      
5210:   swab r3                       src: 109                      r0: 5 r1: 4891 r2: 8 r3: 27904 r4: 109 r5: 65514 sp: 65508 pc: 5212        N: 0 Z: 1 V: 0 C: 0      
5212:   sob r2, 5204.                 src: 8         dst: 68        r0: 5 r1: 4891 r2: 7 r3: 27904 r4: 109 r5: 65514 sp: 65508 pc: 5204        N: 0 Z: 1 V: 0 C: 0      
5204:   movb (r1)+, r4                src: 112       dst: 109       r0: 5 r1: 4892 r2: 7 r3: 27904 r4: 112 r5: 65514 sp: 65508 pc: 5206        N: 0 Z: 0 V: 0 C: 0      
5206:   beq 5214.                     src: 2562                     r0: 5 r1: 4892 r2: 7 r3: 27904 r4: 112 r5: 65514 sp: 65508 pc: 5208        N: 0 Z: 0 V: 0 C: 0      
5208:   add r4, r3                    src: 112       dst: 27904     r0: 5 r1: 4892 r2: 7 r3: 28016 r4: 112 r5: 65514 sp: 65508 pc: 5210        N: 0 Z: 0 V: 0 C: 0      
5210:   swab r3                       src: 28016                    r0: 5 r1: 4892 r2: 7 r3: 28781 r4: 112 r5: 65514 sp: 65508 pc: 5212        N: 0 Z: 0 V: 0 C: 0      
5212:   sob r2, 5204.                 src: 7         dst: 68        r0: 5 r1: 4892 r2: 6 r3: 28781 r4: 112 r5: 65514 sp: 65508 pc: 5204        N: 0 Z: 0 V: 0 C: 0      
5204:   movb (r1)+, r4                src: 121       dst: 112       r0: 5 r1: 4893 r2: 6 r3: 28781 r4: 121 r5: 65514 sp: 65508 pc: 5206        N: 0 Z: 0 V: 0 C: 0      
5206:   beq 5214.                     src: 2562                     r0: 5 r1: 4893 r2: 6 r3: 28781 r4: 121 r5: 65514 sp: 65508 pc: 5208        N: 0 Z: 0 V: 0 C: 0      
5208:   add r4, r3                    src: 121       dst: 28781     r0: 5 r1: 4893 r2: 6 r3: 28902 r4: 121 r5: 65514 sp: 65508 pc: 5210        N: 0 Z: 0 V: 0 C: 0      
5210:   swab r3                       src: 28902                    r0: 5 r1: 4893 r2: 6 r3: 58992 r4: 121 r5: 65514 sp: 65508 pc: 5212        N: 0 Z: 0 V: 0 C: 0      
5212:   sob r2, 5204.                 src: 6         dst: 68        r0: 5 r1: 4893 r2: 5 r3: 58992 r4: 121 r5: 65514 sp: 65508 pc: 5204        N: 0 Z: 0 V: 0 C: 0      
5204:   movb (r1)+, r4                src: 0         dst: 121       r0: 5 r1: 4894 r2: 5 r3: 58992 r4: 0 r5: 65514 sp: 65508 pc: 5206          N: 0 Z: 1 V: 0 C: 0      
5206:   beq 5214.                     src: 2562                     r0: 5 r1: 4894 r2: 5 r3: 58992 r4: 0 r5: 65514 sp: 65508 pc: 5214          N: 0 Z: 1 V: 0 C: 0      
5214:   clr r2                        src: 5                        r0: 5 r1: 4894 r2: 0 r3: 58992 r4: 0 r5: 65514 sp: 65508 pc: 5216          N: 0 Z: 1 V: 0 C: 0      
5216:   div $hshsiz, r2               src: 1553      dst: 0         r0: 5 r1: 4894 r2: 37 r3: 1531 r4: 0 r5: 65514 sp: 65508 pc: 5220          N: 0 Z: 0 V: 0 C: 0      
5220:   ashc $1., r2                  src: 1         dst: 37        r0: 5 r1: 4894 r2: 74 r3: 3062 r4: 0 r5: 65514 sp: 65508 pc: 5224          N: 0 Z: 0 V: 0 C: 0      
5224:   add $hshtab, r3               src: 5722      dst: 3062      r0: 5 r1: 4894 r2: 74 r3: 8784 r4: 0 r5: 65514 sp: 65508 pc: 5228          N: 0 Z: 0 V: 0 C: 0      
5228:   sub r2, r3                    src: 74        dst: 8784      r0: 5 r1: 4894 r2: 74 r3: 8710 r4: 0 r5: 65514 sp: 65508 pc: 5230          N: 0 Z: 0 V: 0 C: 0      
5230:   cmp r3, $hshtab               src: 8710      dst: 5722      r0: 5 r1: 4894 r2: 74 r3: 8710 r4: 0 r5: 65514 sp: 65508 pc: 5234          N: 0 Z: 0 V: 0 C: 0      
5234:   bhi 5240.                     src: 3043                     r0: 5 r1: 4894 r2: 74 r3: 8710 r4: 0 r5: 65514 sp: 65508 pc: 5240          N: 0 Z: 0 V: 0 C: 0      
5240:   tst -(r3)                     src: 0                        r0: 5 r1: 4894 r2: 74 r3: 8708 r4: 0 r5: 65514 sp: 65508 pc: 5242          N: 0 Z: 1 V: 0 C: 0      
5242:   bne 5228.                     src: 57475                    r0: 5 r1: 4894 r2: 74 r3: 8708 r4: 0 r5: 65514 sp: 65508 pc: 5244          N: 0 Z: 1 V: 0 C: 0      
5244:   mov (sp)+, r1                 src: 4890      dst: 4894      r0: 5 r1: 4890 r2: 74 r3: 8708 r4: 0 r5: 65514 sp: 65510 pc: 5246          N: 0 Z: 0 V: 0 C: 0      
5246:   mov r1, (r3)                  src: 4890      dst: 0         r0: 5 r1: 4890 r2: 74 r3: 8708 r4: 0 r5: 65514 sp: 65510 pc: 5248          N: 0 Z: 0 V: 0 C: 0      
5248:   add $12., r1                  src: 12        dst: 4890      r0: 5 r1: 4902 r2: 74 r3: 8708 r4: 0 r5: 65514 sp: 65510 pc: 5252          N: 0 Z: 0 V: 0 C: 0      
5252:   cmp r1, $ebsymtab             src: 4902      dst: 5118      r0: 5 r1: 4902 r2: 74 r3: 8708 r4: 0 r5: 65514 sp: 65510 pc: 5256          N: 1 Z: 0 V: 0 C: 1      
5256:   bcs 5196.                     src: 2563                     r0: 5 r1: 4902 r2: 74 r3: 8708 r4: 0 r5: 65514 sp: 65510 pc: 5196          N: 1 Z: 0 V: 0 C: 1      
5196:   clr r3                        src: 8708                     r0: 5 r1: 4902 r2: 74 r3: 0 r4: 0 r5: 65514 sp: 65510 pc: 5198             N: 0 Z: 1 V: 0 C: 0      
5198:   mov $8., r2                   src: 8         dst: 74        r0: 5 r1: 4902 r2: 8 r3: 0 r4: 0 r5: 65514 sp: 65510 pc: 5202              N: 0 Z: 0 V: 0 C: 0      
5202:   mov r1, -(sp)                 src: 4902      dst: 4890      r0: 5 r1: 4902 r2: 8 r3: 0 r4: 0 r5: 65514 sp: 65508 pc: 5204              N: 0 Z: 0 V: 0 C: 0      
5204:   movb (r1)+, r4                src: 109       dst: 0         r0: 5 r1: 4903 r2: 8 r3: 0 r4: 109 r5: 65514 sp: 65508 pc: 5206            N: 0 Z: 0 V: 0 C: 0      
5206:   beq 5214.                     src: 2562                     r0: 5 r1: 4903 r2: 8 r3: 0 r4: 109 r5: 65514 sp: 65508 pc: 5208            N: 0 Z: 0 V: 0 C: 0      
5208:   add r4, r3                    src: 109       dst: 0         r0: 5 r1: 4903 r2: 8 r3: 109 r4: 109 r5: 65514 sp: 65508 pc: 5210          N: 0 Z: 0 V: 0 C: 0      
5210:   swab r3                       src: 109                      r0: 5 r1: 4903 r2: 8 r3: 27904 r4: 109 r5: 65514 sp: 65508 pc: 5212        N: 0 Z: 1 V: 0 C: 0      
5212:   sob r2, 5204.                 src: 8         dst: 68        r0: 5 r1: 4903 r2: 7 r3: 27904 r4: 109 r5: 65514 sp: 65508 pc: 5204        N: 0 Z: 1 V: 0 C: 0      
5204:   movb (r1)+, r4                src: 117       dst: 109       r0: 5 r1: 4904 r2: 7 r3: 27904 r4: 117 r5: 65514 sp: 65508 pc: 5206        N: 0 Z: 0 V: 0 C: 0      
5206:   beq 5214.                     src: 2562                     r0: 5 r1: 4904 r2: 7 r3: 27904 r4: 117 r5: 65514 sp: 65508 pc: 5208        N: 0 Z: 0 V: 0 C: 0      
5208:   add r4, r3                    src: 117       dst: 27904     r0: 5 r1: 4904 r2: 7 r3: 28021 r4: 117 r5: 65514 sp: 65508 pc: 5210        N: 0 Z: 0 V: 0 C: 0      
5210:   swab r3                       src: 28021                    r0: 5 r1: 4904 r2: 7 r3: 30061 r4: 117 r5: 65514 sp: 65508 pc: 5212        N: 0 Z: 0 V: 0 C: 0      
5212:   sob r2, 5204.                 src: 7         dst: 68        r0: 5 r1: 4904 r2: 6 r3: 30061 r4: 117 r5: 65514 sp: 65508 pc: 5204        N: 0 Z: 0 V: 0 C: 0      
5204:   movb (r1)+, r4                src: 108       dst: 117       r0: 5 r1: 4905 r2: 6 r3: 30061 r4: 108 r5: 65514 sp: 65508 pc: 5206        N: 0 Z: 0 V: 0 C: 0      
5206:   beq 5214.                     src: 2562                     r0: 5 r1: 4905 r2: 6 r3: 30061 r4: 108 r5: 65514 sp: 65508 pc: 5208        N: 0 Z: 0 V: 0 C: 0      
5208:   add r4, r3                    src: 108       dst: 30061     r0: 5 r1: 4905 r2: 6 r3: 30169 r4: 108 r5: 65514 sp: 65508 pc: 5210        N: 0 Z: 0 V: 0 C: 0      
5210:   swab r3                       src: 30169                    r0: 5 r1: 4905 r2: 6 r3: 55669 r4: 108 r5: 65514 sp: 65508 pc: 5212        N: 0 Z: 0 V: 0 C: 0      
5212:   sob r2, 5204.                 src: 6         dst: 68        r0: 5 r1: 4905 r2: 5 r3: 55669 r4: 108 r5: 65514 sp: 65508 pc: 5204        N: 0 Z: 0 V: 0 C: 0      
5204:   movb (r1)+, r4                src: 0         dst: 108       r0: 5 r1: 4906 r2: 5 r3: 55669 r4: 0 r5: 65514 sp: 65508 pc: 5206          N: 0 Z: 1 V: 0 C: 0      
5206:   beq 5214.                     src: 2562                     r0: 5 r1: 4906 r2: 5 r3: 55669 r4: 0 r5: 65514 sp: 65508 pc: 5214          N: 0 Z: 1 V: 0 C: 0      
5214:   clr r2                        src: 5                        r0: 5 r1: 4906 r2: 0 r3: 55669 r4: 0 r5: 65514 sp: 65508 pc: 5216          N: 0 Z: 1 V: 0 C: 0      
5216:   div $hshsiz, r2               src: 1553      dst: 0         r0: 5 r1: 4906 r2: 35 r3: 1314 r4: 0 r5: 65514 sp: 65508 pc: 5220          N: 0 Z: 0 V: 0 C: 0      
5220:   ashc $1., r2                  src: 1         dst: 35        r0: 5 r1: 4906 r2: 70 r3: 2628 r4: 0 r5: 65514 sp: 65508 pc: 5224          N: 0 Z: 0 V: 0 C: 0      
5224:   add $hshtab, r3               src: 5722      dst: 2628      r0: 5 r1: 4906 r2: 70 r3: 8350 r4: 0 r5: 65514 sp: 65508 pc: 5228          N: 0 Z: 0 V: 0 C: 0      
5228:   sub r2, r3                    src: 70        dst: 8350      r0: 5 r1: 4906 r2: 70 r3: 8280 r4: 0 r5: 65514 sp: 65508 pc: 5230          N: 0 Z: 0 V: 0 C: 0      
5230:   cmp r3, $hshtab               src: 8280      dst: 5722      r0: 5 r1: 4906 r2: 70 r3: 8280 r4: 0 r5: 65514 sp: 65508 pc: 5234          N: 0 Z: 0 V: 0 C: 0      
5234:   bhi 5240.                     src: 3043                     r0: 5 r1: 4906 r2: 70 r3: 8280 r4: 0 r5: 65514 sp: 65508 pc: 5240          N: 0 Z: 0 V: 0 C: 0      
5240:   tst -(r3)                     src: 0                        r0: 5 r1: 4906 r2: 70 r3: 8278 r4: 0 r5: 65514 sp: 65508 pc: 5242          N: 0 Z: 1 V: 0 C: 0      
5242:   bne 5228.                     src: 57475                    r0: 5 r1: 4906 r2: 70 r3: 8278 r4: 0 r5: 65514 sp: 65508 pc: 5244          N: 0 Z: 1 V: 0 C: 0      
5244:   mov (sp)+, r1                 src: 4902      dst: 4906      r0: 5 r1: 4902 r2: 70 r3: 8278 r4: 0 r5: 65514 sp: 65510 pc: 5246          N: 0 Z: 0 V: 0 C: 0      
5246:   mov r1, (r3)                  src: 4902      dst: 0         r0: 5 r1: 4902 r2: 70 r3: 8278 r4: 0 r5: 65514 sp: 65510 pc: 5248          N: 0 Z: 0 V: 0 C: 0      
5248:   add $12., r1                  src: 12        dst: 4902      r0: 5 r1: 4914 r2: 70 r3: 8278 r4: 0 r5: 65514 sp: 65510 pc: 5252          N: 0 Z: 0 V: 0 C: 0      
5252:   cmp r1, $ebsymtab             src: 4914      dst: 5118      r0: 5 r1: 4914 r2: 70 r3: 8278 r4: 0 r5: 65514 sp: 65510 pc: 5256          N: 1 Z: 0 V: 0 C: 1      
5256:   bcs 5196.                     src: 2563                     r0: 5 r1: 4914 r2: 70 r3: 8278 r4: 0 r5: 65514 sp: 65510 pc: 5196          N: 1 Z: 0 V: 0 C: 1      
5196:   clr r3                        src: 8278                     r0: 5 r1: 4914 r2: 70 r3: 0 r4: 0 r5: 65514 sp: 65510 pc: 5198             N: 0 Z: 1 V: 0 C: 0      
5198:   mov $8., r2                   src: 8         dst: 70        r0: 5 r1: 4914 r2: 8 r3: 0 r4: 0 r5: 65514 sp: 65510 pc: 5202              N: 0 Z: 0 V: 0 C: 0      
5202:   mov r1, -(sp)                 src: 4914      dst: 4902      r0: 5 r1: 4914 r2: 8 r3: 0 r4: 0 r5: 65514 sp: 65508 pc: 5204              N: 0 Z: 0 V: 0 C: 0      
5204:   movb (r1)+, r4                src: 100       dst: 0         r0: 5 r1: 4915 r2: 8 r3: 0 r4: 100 r5: 65514 sp: 65508 pc: 5206            N: 0 Z: 0 V: 0 C: 0      
5206:   beq 5214.                     src: 2562                     r0: 5 r1: 4915 r2: 8 r3: 0 r4: 100 r5: 65514 sp: 65508 pc: 5208            N: 0 Z: 0 V: 0 C: 0      
5208:   add r4, r3                    src: 100       dst: 0         r0: 5 r1: 4915 r2: 8 r3: 100 r4: 100 r5: 65514 sp: 65508 pc: 5210          N: 0 Z: 0 V: 0 C: 0      
5210:   swab r3                       src: 100                      r0: 5 r1: 4915 r2: 8 r3: 25600 r4: 100 r5: 65514 sp: 65508 pc: 5212        N: 0 Z: 1 V: 0 C: 0      
5212:   sob r2, 5204.                 src: 8         dst: 68        r0: 5 r1: 4915 r2: 7 r3: 25600 r4: 100 r5: 65514 sp: 65508 pc: 5204        N: 0 Z: 1 V: 0 C: 0      
5204:   movb (r1)+, r4                src: 105       dst: 100       r0: 5 r1: 4916 r2: 7 r3: 25600 r4: 105 r5: 65514 sp: 65508 pc: 5206        N: 0 Z: 0 V: 0 C: 0      
5206:   beq 5214.                     src: 2562                     r0: 5 r1: 4916 r2: 7 r3: 25600 r4: 105 r5: 65514 sp: 65508 pc: 5208        N: 0 Z: 0 V: 0 C: 0      
5208:   add r4, r3                    src: 105       dst: 25600     r0: 5 r1: 4916 r2: 7 r3: 25705 r4: 105 r5: 65514 sp: 65508 pc: 5210        N: 0 Z: 0 V: 0 C: 0      
5210:   swab r3                       src: 25705                    r0: 5 r1: 4916 r2: 7 r3: 26980 r4: 105 r5: 65514 sp: 65508 pc: 5212        N: 0 Z: 0 V: 0 C: 0      
5212:   sob r2, 5204.                 src: 7         dst: 68        r0: 5 r1: 4916 r2: 6 r3: 26980 r4: 105 r5: 65514 sp: 65508 pc: 5204        N: 0 Z: 0 V: 0 C: 0      
5204:   movb (r1)+, r4                src: 118       dst: 105       r0: 5 r1: 4917 r2: 6 r3: 26980 r4: 118 r5: 65514 sp: 65508 pc: 5206        N: 0 Z: 0 V: 0 C: 0      
5206:   beq 5214.                     src: 2562                     r0: 5 r1: 4917 r2: 6 r3: 26980 r4: 118 r5: 65514 sp: 65508 pc: 5208        N: 0 Z: 0 V: 0 C: 0      
5208:   add r4, r3                    src: 118       dst: 26980     r0: 5 r1: 4917 r2: 6 r3: 27098 r4: 118 r5: 65514 sp: 65508 pc: 5210        N: 0 Z: 0 V: 0 C: 0      
5210:   swab r3                       src: 27098                    r0: 5 r1: 4917 r2: 6 r3: 55913 r4: 118 r5: 65514 sp: 65508 pc: 5212        N: 0 Z: 0 V: 0 C: 0      
5212:   sob r2, 5204.                 src: 6         dst: 68        r0: 5 r1: 4917 r2: 5 r3: 55913 r4: 118 r5: 65514 sp: 65508 pc: 5204        N: 0 Z: 0 V: 0 C: 0      
5204:   movb (r1)+, r4                src: 0         dst: 118       r0: 5 r1: 4918 r2: 5 r3: 55913 r4: 0 r5: 65514 sp: 65508 pc: 5206          N: 0 Z: 1 V: 0 C: 0      
5206:   beq 5214.                     src: 2562                     r0: 5 r1: 4918 r2: 5 r3: 55913 r4: 0 r5: 65514 sp: 65508 pc: 5214          N: 0 Z: 1 V: 0 C: 0      
5214:   clr r2                        src: 5                        r0: 5 r1: 4918 r2: 0 r3: 55913 r4: 0 r5: 65514 sp: 65508 pc: 5216          N: 0 Z: 1 V: 0 C: 0      
5216:   div $hshsiz, r2               src: 1553      dst: 0         r0: 5 r1: 4918 r2: 36 r3: 5 r4: 0 r5: 65514 sp: 65508 pc: 5220             N: 0 Z: 0 V: 0 C: 0      
5220:   ashc $1., r2                  src: 1         dst: 36        r0: 5 r1: 4918 r2: 72 r3: 10 r4: 0 r5: 65514 sp: 65508 pc: 5224            N: 0 Z: 0 V: 0 C: 0      
5224:   add $hshtab, r3               src: 5722      dst: 10        r0: 5 r1: 4918 r2: 72 r3: 5732 r4: 0 r5: 65514 sp: 65508 pc: 5228          N: 0 Z: 0 V: 0 C: 0      
5228:   sub r2, r3                    src: 72        dst: 5732      r0: 5 r1: 4918 r2: 72 r3: 5660 r4: 0 r5: 65514 sp: 65508 pc: 5230          N: 0 Z: 0 V: 0 C: 0      
5230:   cmp r3, $hshtab               src: 5660      dst: 5722      r0: 5 r1: 4918 r2: 72 r3: 5660 r4: 0 r5: 65514 sp: 65508 pc: 5234          N: 1 Z: 0 V: 0 C: 1      
5234:   bhi 5240.                     src: 3043                     r0: 5 r1: 4918 r2: 72 r3: 5660 r4: 0 r5: 65514 sp: 65508 pc: 5236          N: 1 Z: 0 V: 0 C: 1      
5236:   add $3106., r3                src: 3106      dst: 5660      r0: 5 r1: 4918 r2: 72 r3: 8766 r4: 0 r5: 65514 sp: 65508 pc: 5240          N: 0 Z: 0 V: 0 C: 0      
5240:   tst -(r3)                     src: 0                        r0: 5 r1: 4918 r2: 72 r3: 8764 r4: 0 r5: 65514 sp: 65508 pc: 5242          N: 0 Z: 1 V: 0 C: 0      
5242:   bne 5228.                     src: 57475                    r0: 5 r1: 4918 r2: 72 r3: 8764 r4: 0 r5: 65514 sp: 65508 pc: 5244          N: 0 Z: 1 V: 0 C: 0      
5244:   mov (sp)+, r1                 src: 4914      dst: 4918      r0: 5 r1: 4914 r2: 72 r3: 8764 r4: 0 r5: 65514 sp: 65510 pc: 5246          N: 0 Z: 0 V: 0 C: 0      
5246:   mov r1, (r3)                  src: 4914      dst: 0         r0: 5 r1: 4914 r2: 72 r3: 8764 r4: 0 r5: 65514 sp: 65510 pc: 5248          N: 0 Z: 0 V: 0 C: 0      
5248:   add $12., r1                  src: 12        dst: 4914      r0: 5 r1: 4926 r2: 72 r3: 8764 r4: 0 r5: 65514 sp: 65510 pc: 5252          N: 0 Z: 0 V: 0 C: 0      
5252:   cmp r1, $ebsymtab             src: 4926      dst: 5118      r0: 5 r1: 4926 r2: 72 r3: 8764 r4: 0 r5: 65514 sp: 65510 pc: 5256          N: 1 Z: 0 V: 0 C: 1      
5256:   bcs 5196.                     src: 2563                     r0: 5 r1: 4926 r2: 72 r3: 8764 r4: 0 r5: 65514 sp: 65510 pc: 5196          N: 1 Z: 0 V: 0 C: 1      
5196:   clr r3                        src: 8764                     r0: 5 r1: 4926 r2: 72 r3: 0 r4: 0 r5: 65514 sp: 65510 pc: 5198             N: 0 Z: 1 V: 0 C: 0      
5198:   mov $8., r2                   src: 8         dst: 72        r0: 5 r1: 4926 r2: 8 r3: 0 r4: 0 r5: 65514 sp: 65510 pc: 5202              N: 0 Z: 0 V: 0 C: 0      
5202:   mov r1, -(sp)                 src: 4926      dst: 4914      r0: 5 r1: 4926 r2: 8 r3: 0 r4: 0 r5: 65514 sp: 65508 pc: 5204              N: 0 Z: 0 V: 0 C: 0      
5204:   movb (r1)+, r4                src: 97        dst: 0         r0: 5 r1: 4927 r2: 8 r3: 0 r4: 97 r5: 65514 sp: 65508 pc: 5206             N: 0 Z: 0 V: 0 C: 0      
5206:   beq 5214.                     src: 2562                     r0: 5 r1: 4927 r2: 8 r3: 0 r4: 97 r5: 65514 sp: 65508 pc: 5208             N: 0 Z: 0 V: 0 C: 0      
5208:   add r4, r3                    src: 97        dst: 0         r0: 5 r1: 4927 r2: 8 r3: 97 r4: 97 r5: 65514 sp: 65508 pc: 5210            N: 0 Z: 0 V: 0 C: 0      
5210:   swab r3                       src: 97                       r0: 5 r1: 4927 r2: 8 r3: 24832 r4: 97 r5: 65514 sp: 65508 pc: 5212         N: 0 Z: 1 V: 0 C: 0      
5212:   sob r2, 5204.                 src: 8         dst: 68        r0: 5 r1: 4927 r2: 7 r3: 24832 r4: 97 r5: 65514 sp: 65508 pc: 5204         N: 0 Z: 1 V: 0 C: 0      
5204:   movb (r1)+, r4                src: 115       dst: 97        r0: 5 r1: 4928 r2: 7 r3: 24832 r4: 115 r5: 65514 sp: 65508 pc: 5206        N: 0 Z: 0 V: 0 C: 0      
5206:   beq 5214.                     src: 2562                     r0: 5 r1: 4928 r2: 7 r3: 24832 r4: 115 r5: 65514 sp: 65508 pc: 5208        N: 0 Z: 0 V: 0 C: 0      
5208:   add r4, r3                    src: 115       dst: 24832     r0: 5 r1: 4928 r2: 7 r3: 24947 r4: 115 r5: 65514 sp: 65508 pc: 5210        N: 0 Z: 0 V: 0 C: 0      
5210:   swab r3                       src: 24947                    r0: 5 r1: 4928 r2: 7 r3: 29537 r4: 115 r5: 65514 sp: 65508 pc: 5212        N: 0 Z: 0 V: 0 C: 0      
5212:   sob r2, 5204.                 src: 7         dst: 68        r0: 5 r1: 4928 r2: 6 r3: 29537 r4: 115 r5: 65514 sp: 65508 pc: 5204        N: 0 Z: 0 V: 0 C: 0      
5204:   movb (r1)+, r4                src: 104       dst: 115       r0: 5 r1: 4929 r2: 6 r3: 29537 r4: 104 r5: 65514 sp: 65508 pc: 5206        N: 0 Z: 0 V: 0 C: 0      
5206:   beq 5214.                     src: 2562                     r0: 5 r1: 4929 r2: 6 r3: 29537 r4: 104 r5: 65514 sp: 65508 pc: 5208        N: 0 Z: 0 V: 0 C: 0      
5208:   add r4, r3                    src: 104       dst: 29537     r0: 5 r1: 4929 r2: 6 r3: 29641 r4: 104 r5: 65514 sp: 65508 pc: 5210        N: 0 Z: 0 V: 0 C: 0      
5210:   swab r3                       src: 29641                    r0: 5 r1: 4929 r2: 6 r3: 51571 r4: 104 r5: 65514 sp: 65508 pc: 5212        N: 0 Z: 0 V: 0 C: 0      
5212:   sob r2, 5204.                 src: 6         dst: 68        r0: 5 r1: 4929 r2: 5 r3: 51571 r4: 104 r5: 65514 sp: 65508 pc: 5204        N: 0 Z: 0 V: 0 C: 0      
5204:   movb (r1)+, r4                src: 0         dst: 104       r0: 5 r1: 4930 r2: 5 r3: 51571 r4: 0 r5: 65514 sp: 65508 pc: 5206          N: 0 Z: 1 V: 0 C: 0      
5206:   beq 5214.                     src: 2562                     r0: 5 r1: 4930 r2: 5 r3: 51571 r4: 0 r5: 65514 sp: 65508 pc: 5214          N: 0 Z: 1 V: 0 C: 0      
5214:   clr r2                        src: 5                        r0: 5 r1: 4930 r2: 0 r3: 51571 r4: 0 r5: 65514 sp: 65508 pc: 5216          N: 0 Z: 1 V: 0 C: 0      
5216:   div $hshsiz, r2               src: 1553      dst: 0         r0: 5 r1: 4930 r2: 33 r3: 322 r4: 0 r5: 65514 sp: 65508 pc: 5220           N: 0 Z: 0 V: 0 C: 0      
5220:   ashc $1., r2                  src: 1         dst: 33        r0: 5 r1: 4930 r2: 66 r3: 644 r4: 0 r5: 65514 sp: 65508 pc: 5224           N: 0 Z: 0 V: 0 C: 0      
5224:   add $hshtab, r3               src: 5722      dst: 644       r0: 5 r1: 4930 r2: 66 r3: 6366 r4: 0 r5: 65514 sp: 65508 pc: 5228          N: 0 Z: 0 V: 0 C: 0      
5228:   sub r2, r3                    src: 66        dst: 6366      r0: 5 r1: 4930 r2: 66 r3: 6300 r4: 0 r5: 65514 sp: 65508 pc: 5230          N: 0 Z: 0 V: 0 C: 0      
5230:   cmp r3, $hshtab               src: 6300      dst: 5722      r0: 5 r1: 4930 r2: 66 r3: 6300 r4: 0 r5: 65514 sp: 65508 pc: 5234          N: 0 Z: 0 V: 0 C: 0      
5234:   bhi 5240.                     src: 3043                     r0: 5 r1: 4930 r2: 66 r3: 6300 r4: 0 r5: 65514 sp: 65508 pc: 5240          N: 0 Z: 0 V: 0 C: 0      
5240:   tst -(r3)                     src: 1                        r0: 5 r1: 4930 r2: 66 r3: 6298 r4: 0 r5: 65514 sp: 65508 pc: 5242          N: 0 Z: 0 V: 0 C: 0      
5242:   bne 5228.                     src: 57475                    r0: 5 r1: 4930 r2: 66 r3: 6298 r4: 0 r5: 65514 sp: 65508 pc: 5228          N: 0 Z: 0 V: 0 C: 0      
5228:   sub r2, r3                    src: 66        dst: 6298      r0: 5 r1: 4930 r2: 66 r3: 6232 r4: 0 r5: 65514 sp: 65508 pc: 5230          N: 0 Z: 0 V: 0 C: 0      
5230:   cmp r3, $hshtab               src: 6232      dst: 5722      r0: 5 r1: 4930 r2: 66 r3: 6232 r4: 0 r5: 65514 sp: 65508 pc: 5234          N: 0 Z: 0 V: 0 C: 0      
5234:   bhi 5240.                     src: 3043                     r0: 5 r1: 4930 r2: 66 r3: 6232 r4: 0 r5: 65514 sp: 65508 pc: 5240          N: 0 Z: 0 V: 0 C: 0      
5240:   tst -(r3)                     src: 1                        r0: 5 r1: 4930 r2: 66 r3: 6230 r4: 0 r5: 65514 sp: 65508 pc: 5242          N: 0 Z: 0 V: 0 C: 0      
5242:   bne 5228.                     src: 57475                    r0: 5 r1: 4930 r2: 66 r3: 6230 r4: 0 r5: 65514 sp: 65508 pc: 5228          N: 0 Z: 0 V: 0 C: 0      
5228:   sub r2, r3                    src: 66        dst: 6230      r0: 5 r1: 4930 r2: 66 r3: 6164 r4: 0 r5: 65514 sp: 65508 pc: 5230          N: 0 Z: 0 V: 0 C: 0      
5230:   cmp r3, $hshtab               src: 6164      dst: 5722      r0: 5 r1: 4930 r2: 66 r3: 6164 r4: 0 r5: 65514 sp: 65508 pc: 5234          N: 0 Z: 0 V: 0 C: 0      
5234:   bhi 5240.                     src: 3043                     r0: 5 r1: 4930 r2: 66 r3: 6164 r4: 0 r5: 65514 sp: 65508 pc: 5240          N: 0 Z: 0 V: 0 C: 0      
5240:   tst -(r3)                     src: 1                        r0: 5 r1: 4930 r2: 66 r3: 6162 r4: 0 r5: 65514 sp: 65508 pc: 5242          N: 0 Z: 0 V: 0 C: 0      
5242:   bne 5228.                     src: 57475                    r0: 5 r1: 4930 r2: 66 r3: 6162 r4: 0 r5: 65514 sp: 65508 pc: 5228          N: 0 Z: 0 V: 0 C: 0      
5228:   sub r2, r3                    src: 66        dst: 6162      r0: 5 r1: 4930 r2: 66 r3: 6096 r4: 0 r5: 65514 sp: 65508 pc: 5230          N: 0 Z: 0 V: 0 C: 0      
5230:   cmp r3, $hshtab               src: 6096      dst: 5722      r0: 5 r1: 4930 r2: 66 r3: 6096 r4: 0 r5: 65514 sp: 65508 pc: 5234          N: 0 Z: 0 V: 0 C: 0      
5234:   bhi 5240.                     src: 3043                     r0: 5 r1: 4930 r2: 66 r3: 6096 r4: 0 r5: 65514 sp: 65508 pc: 5240          N: 0 Z: 0 V: 0 C: 0      
5240:   tst -(r3)                     src: 0                        r0: 5 r1: 4930 r2: 66 r3: 6094 r4: 0 r5: 65514 sp: 65508 pc: 5242          N: 0 Z: 1 V: 0 C: 0      
5242:   bne 5228.                     src: 57475                    r0: 5 r1: 4930 r2: 66 r3: 6094 r4: 0 r5: 65514 sp: 65508 pc: 5244          N: 0 Z: 1 V: 0 C: 0      
5244:   mov (sp)+, r1                 src: 4926      dst: 4930      r0: 5 r1: 4926 r2: 66 r3: 6094 r4: 0 r5: 65514 sp: 65510 pc: 5246          N: 0 Z: 0 V: 0 C: 0      
5246:   mov r1, (r3)                  src: 4926      dst: 0         r0: 5 r1: 4926 r2: 66 r3: 6094 r4: 0 r5: 65514 sp: 65510 pc: 5248          N: 0 Z: 0 V: 0 C: 0      
5248:   add $12., r1                  src: 12        dst: 4926      r0: 5 r1: 4938 r2: 66 r3: 6094 r4: 0 r5: 65514 sp: 65510 pc: 5252          N: 0 Z: 0 V: 0 C: 0      
5252:   cmp r1, $ebsymtab             src: 4938      dst: 5118      r0: 5 r1: 4938 r2: 66 r3: 6094 r4: 0 r5: 65514 sp: 65510 pc: 5256          N: 1 Z: 0 V: 0 C: 1      
5256:   bcs 5196.                     src: 2563                     r0: 5 r1: 4938 r2: 66 r3: 6094 r4: 0 r5: 65514 sp: 65510 pc: 5196          N: 1 Z: 0 V: 0 C: 1      
5196:   clr r3                        src: 6094                     r0: 5 r1: 4938 r2: 66 r3: 0 r4: 0 r5: 65514 sp: 65510 pc: 5198             N: 0 Z: 1 V: 0 C: 0      
5198:   mov $8., r2                   src: 8         dst: 66        r0: 5 r1: 4938 r2: 8 r3: 0 r4: 0 r5: 65514 sp: 65510 pc: 5202              N: 0 Z: 0 V: 0 C: 0      
5202:   mov r1, -(sp)                 src: 4938      dst: 4926      r0: 5 r1: 4938 r2: 8 r3: 0 r4: 0 r5: 65514 sp: 65508 pc: 5204              N: 0 Z: 0 V: 0 C: 0      
5204:   movb (r1)+, r4                src: 97        dst: 0         r0: 5 r1: 4939 r2: 8 r3: 0 r4: 97 r5: 65514 sp: 65508 pc: 5206             N: 0 Z: 0 V: 0 C: 0      
5206:   beq 5214.                     src: 2562                     r0: 5 r1: 4939 r2: 8 r3: 0 r4: 97 r5: 65514 sp: 65508 pc: 5208             N: 0 Z: 0 V: 0 C: 0      
5208:   add r4, r3                    src: 97        dst: 0         r0: 5 r1: 4939 r2: 8 r3: 97 r4: 97 r5: 65514 sp: 65508 pc: 5210            N: 0 Z: 0 V: 0 C: 0      
5210:   swab r3                       src: 97                       r0: 5 r1: 4939 r2: 8 r3: 24832 r4: 97 r5: 65514 sp: 65508 pc: 5212         N: 0 Z: 1 V: 0 C: 0      
5212:   sob r2, 5204.                 src: 8         dst: 68        r0: 5 r1: 4939 r2: 7 r3: 24832 r4: 97 r5: 65514 sp: 65508 pc: 5204         N: 0 Z: 1 V: 0 C: 0      
5204:   movb (r1)+, r4                src: 115       dst: 97        r0: 5 r1: 4940 r2: 7 r3: 24832 r4: 115 r5: 65514 sp: 65508 pc: 5206        N: 0 Z: 0 V: 0 C: 0      
5206:   beq 5214.                     src: 2562                     r0: 5 r1: 4940 r2: 7 r3: 24832 r4: 115 r5: 65514 sp: 65508 pc: 5208        N: 0 Z: 0 V: 0 C: 0      
5208:   add r4, r3                    src: 115       dst: 24832     r0: 5 r1: 4940 r2: 7 r3: 24947 r4: 115 r5: 65514 sp: 65508 pc: 5210        N: 0 Z: 0 V: 0 C: 0      
5210:   swab r3                       src: 24947                    r0: 5 r1: 4940 r2: 7 r3: 29537 r4: 115 r5: 65514 sp: 65508 pc: 5212        N: 0 Z: 0 V: 0 C: 0      
5212:   sob r2, 5204.                 src: 7         dst: 68        r0: 5 r1: 4940 r2: 6 r3: 29537 r4: 115 r5: 65514 sp: 65508 pc: 5204        N: 0 Z: 0 V: 0 C: 0      
5204:   movb (r1)+, r4                src: 104       dst: 115       r0: 5 r1: 4941 r2: 6 r3: 29537 r4: 104 r5: 65514 sp: 65508 pc: 5206        N: 0 Z: 0 V: 0 C: 0      
5206:   beq 5214.                     src: 2562                     r0: 5 r1: 4941 r2: 6 r3: 29537 r4: 104 r5: 65514 sp: 65508 pc: 5208        N: 0 Z: 0 V: 0 C: 0      
5208:   add r4, r3                    src: 104       dst: 29537     r0: 5 r1: 4941 r2: 6 r3: 29641 r4: 104 r5: 65514 sp: 65508 pc: 5210        N: 0 Z: 0 V: 0 C: 0      
5210:   swab r3                       src: 29641                    r0: 5 r1: 4941 r2: 6 r3: 51571 r4: 104 r5: 65514 sp: 65508 pc: 5212        N: 0 Z: 0 V: 0 C: 0      
5212:   sob r2, 5204.                 src: 6         dst: 68        r0: 5 r1: 4941 r2: 5 r3: 51571 r4: 104 r5: 65514 sp: 65508 pc: 5204        N: 0 Z: 0 V: 0 C: 0      
5204:   movb (r1)+, r4                src: 99        dst: 104       r0: 5 r1: 4942 r2: 5 r3: 51571 r4: 99 r5: 65514 sp: 65508 pc: 5206         N: 0 Z: 0 V: 0 C: 0      
5206:   beq 5214.                     src: 2562                     r0: 5 r1: 4942 r2: 5 r3: 51571 r4: 99 r5: 65514 sp: 65508 pc: 5208         N: 0 Z: 0 V: 0 C: 0      
5208:   add r4, r3                    src: 99        dst: 51571     r0: 5 r1: 4942 r2: 5 r3: 51670 r4: 99 r5: 65514 sp: 65508 pc: 5210         N: 0 Z: 0 V: 0 C: 0      
5210:   swab r3                       src: 51670                    r0: 5 r1: 4942 r2: 5 r3: 54985 r4: 99 r5: 65514 sp: 65508 pc: 5212         N: 1 Z: 0 V: 0 C: 0      
5212:   sob r2, 5204.                 src: 5         dst: 68        r0: 5 r1: 4942 r2: 4 r3: 54985 r4: 99 r5: 65514 sp: 65508 pc: 5204         N: 1 Z: 0 V: 0 C: 0      
5204:   movb (r1)+, r4                src: 0         dst: 99        r0: 5 r1: 4943 r2: 4 r3: 54985 r4: 0 r5: 65514 sp: 65508 pc: 5206          N: 0 Z: 1 V: 0 C: 0      
5206:   beq 5214.                     src: 2562                     r0: 5 r1: 4943 r2: 4 r3: 54985 r4: 0 r5: 65514 sp: 65508 pc: 5214          N: 0 Z: 1 V: 0 C: 0      
5214:   clr r2                        src: 4                        r0: 5 r1: 4943 r2: 0 r3: 54985 r4: 0 r5: 65514 sp: 65508 pc: 5216          N: 0 Z: 1 V: 0 C: 0      
5216:   div $hshsiz, r2               src: 1553      dst: 0         r0: 5 r1: 4943 r2: 35 r3: 630 r4: 0 r5: 65514 sp: 65508 pc: 5220           N: 0 Z: 0 V: 0 C: 0      
5220:   ashc $1., r2                  src: 1         dst: 35        r0: 5 r1: 4943 r2: 70 r3: 1260 r4: 0 r5: 65514 sp: 65508 pc: 5224          N: 0 Z: 0 V: 0 C: 0      
5224:   add $hshtab, r3               src: 5722      dst: 1260      r0: 5 r1: 4943 r2: 70 r3: 6982 r4: 0 r5: 65514 sp: 65508 pc: 5228          N: 0 Z: 0 V: 0 C: 0      
5228:   sub r2, r3                    src: 70        dst: 6982      r0: 5 r1: 4943 r2: 70 r3: 6912 r4: 0 r5: 65514 sp: 65508 pc: 5230          N: 0 Z: 0 V: 0 C: 0      
5230:   cmp r3, $hshtab               src: 6912      dst: 5722      r0: 5 r1: 4943 r2: 70 r3: 6912 r4: 0 r5: 65514 sp: 65508 pc: 5234          N: 0 Z: 0 V: 0 C: 0      
5234:   bhi 5240.                     src: 3043                     r0: 5 r1: 4943 r2: 70 r3: 6912 r4: 0 r5: 65514 sp: 65508 pc: 5240          N: 0 Z: 0 V: 0 C: 0      
5240:   tst -(r3)                     src: 0                        r0: 5 r1: 4943 r2: 70 r3: 6910 r4: 0 r5: 65514 sp: 65508 pc: 5242          N: 0 Z: 1 V: 0 C: 0      
5242:   bne 5228.                     src: 57475                    r0: 5 r1: 4943 r2: 70 r3: 6910 r4: 0 r5: 65514 sp: 65508 pc: 5244          N: 0 Z: 1 V: 0 C: 0      
5244:   mov (sp)+, r1                 src: 4938      dst: 4943      r0: 5 r1: 4938 r2: 70 r3: 6910 r4: 0 r5: 65514 sp: 65510 pc: 5246          N: 0 Z: 0 V: 0 C: 0      
5246:   mov r1, (r3)                  src: 4938      dst: 0         r0: 5 r1: 4938 r2: 70 r3: 6910 r4: 0 r5: 65514 sp: 65510 pc: 5248          N: 0 Z: 0 V: 0 C: 0      
5248:   add $12., r1                  src: 12        dst: 4938      r0: 5 r1: 4950 r2: 70 r3: 6910 r4: 0 r5: 65514 sp: 65510 pc: 5252          N: 0 Z: 0 V: 0 C: 0      
5252:   cmp r1, $ebsymtab             src: 4950      dst: 5118      r0: 5 r1: 4950 r2: 70 r3: 6910 r4: 0 r5: 65514 sp: 65510 pc: 5256          N: 1 Z: 0 V: 0 C: 1      
5256:   bcs 5196.                     src: 2563                     r0: 5 r1: 4950 r2: 70 r3: 6910 r4: 0 r5: 65514 sp: 65510 pc: 5196          N: 1 Z: 0 V: 0 C: 1      
5196:   clr r3                        src: 6910                     r0: 5 r1: 4950 r2: 70 r3: 0 r4: 0 r5: 65514 sp: 65510 pc: 5198             N: 0 Z: 1 V: 0 C: 0      
5198:   mov $8., r2                   src: 8         dst: 70        r0: 5 r1: 4950 r2: 8 r3: 0 r4: 0 r5: 65514 sp: 65510 pc: 5202              N: 0 Z: 0 V: 0 C: 0      
5202:   mov r1, -(sp)                 src: 4950      dst: 4938      r0: 5 r1: 4950 r2: 8 r3: 0 r4: 0 r5: 65514 sp: 65508 pc: 5204              N: 0 Z: 0 V: 0 C: 0      
5204:   movb (r1)+, r4                src: 100       dst: 0         r0: 5 r1: 4951 r2: 8 r3: 0 r4: 100 r5: 65514 sp: 65508 pc: 5206            N: 0 Z: 0 V: 0 C: 0      
5206:   beq 5214.                     src: 2562                     r0: 5 r1: 4951 r2: 8 r3: 0 r4: 100 r5: 65514 sp: 65508 pc: 5208            N: 0 Z: 0 V: 0 C: 0      
5208:   add r4, r3                    src: 100       dst: 0         r0: 5 r1: 4951 r2: 8 r3: 100 r4: 100 r5: 65514 sp: 65508 pc: 5210          N: 0 Z: 0 V: 0 C: 0      
5210:   swab r3                       src: 100                      r0: 5 r1: 4951 r2: 8 r3: 25600 r4: 100 r5: 65514 sp: 65508 pc: 5212        N: 0 Z: 1 V: 0 C: 0      
5212:   sob r2, 5204.                 src: 8         dst: 68        r0: 5 r1: 4951 r2: 7 r3: 25600 r4: 100 r5: 65514 sp: 65508 pc: 5204        N: 0 Z: 1 V: 0 C: 0      
5204:   movb (r1)+, r4                src: 118       dst: 100       r0: 5 r1: 4952 r2: 7 r3: 25600 r4: 118 r5: 65514 sp: 65508 pc: 5206        N: 0 Z: 0 V: 0 C: 0      
5206:   beq 5214.                     src: 2562                     r0: 5 r1: 4952 r2: 7 r3: 25600 r4: 118 r5: 65514 sp: 65508 pc: 5208        N: 0 Z: 0 V: 0 C: 0      
5208:   add r4, r3                    src: 118       dst: 25600     r0: 5 r1: 4952 r2: 7 r3: 25718 r4: 118 r5: 65514 sp: 65508 pc: 5210        N: 0 Z: 0 V: 0 C: 0      
5210:   swab r3                       src: 25718                    r0: 5 r1: 4952 r2: 7 r3: 30308 r4: 118 r5: 65514 sp: 65508 pc: 5212        N: 0 Z: 0 V: 0 C: 0      
5212:   sob r2, 5204.                 src: 7         dst: 68        r0: 5 r1: 4952 r2: 6 r3: 30308 r4: 118 r5: 65514 sp: 65508 pc: 5204        N: 0 Z: 0 V: 0 C: 0      
5204:   movb (r1)+, r4                src: 100       dst: 118       r0: 5 r1: 4953 r2: 6 r3: 30308 r4: 100 r5: 65514 sp: 65508 pc: 5206        N: 0 Z: 0 V: 0 C: 0      
5206:   beq 5214.                     src: 2562                     r0: 5 r1: 4953 r2: 6 r3: 30308 r4: 100 r5: 65514 sp: 65508 pc: 5208        N: 0 Z: 0 V: 0 C: 0      
5208:   add r4, r3                    src: 100       dst: 30308     r0: 5 r1: 4953 r2: 6 r3: 30408 r4: 100 r5: 65514 sp: 65508 pc: 5210        N: 0 Z: 0 V: 0 C: 0      
5210:   swab r3                       src: 30408                    r0: 5 r1: 4953 r2: 6 r3: 51318 r4: 100 r5: 65514 sp: 65508 pc: 5212        N: 0 Z: 0 V: 0 C: 0      
5212:   sob r2, 5204.                 src: 6         dst: 68        r0: 5 r1: 4953 r2: 5 r3: 51318 r4: 100 r5: 65514 sp: 65508 pc: 5204        N: 0 Z: 0 V: 0 C: 0      
5204:   movb (r1)+, r4                src: 0         dst: 100       r0: 5 r1: 4954 r2: 5 r3: 51318 r4: 0 r5: 65514 sp: 65508 pc: 5206          N: 0 Z: 1 V: 0 C: 0      
5206:   beq 5214.                     src: 2562                     r0: 5 r1: 4954 r2: 5 r3: 51318 r4: 0 r5: 65514 sp: 65508 pc: 5214          N: 0 Z: 1 V: 0 C: 0      
5214:   clr r2                        src: 5                        r0: 5 r1: 4954 r2: 0 r3: 51318 r4: 0 r5: 65514 sp: 65508 pc: 5216          N: 0 Z: 1 V: 0 C: 0      
5216:   div $hshsiz, r2               src: 1553      dst: 0         r0: 5 r1: 4954 r2: 33 r3: 69 r4: 0 r5: 65514 sp: 65508 pc: 5220            N: 0 Z: 0 V: 0 C: 0      
5220:   ashc $1., r2                  src: 1         dst: 33        r0: 5 r1: 4954 r2: 66 r3: 138 r4: 0 r5: 65514 sp: 65508 pc: 5224           N: 0 Z: 0 V: 0 C: 0      
5224:   add $hshtab, r3               src: 5722      dst: 138       r0: 5 r1: 4954 r2: 66 r3: 5860 r4: 0 r5: 65514 sp: 65508 pc: 5228          N: 0 Z: 0 V: 0 C: 0      
5228:   sub r2, r3                    src: 66        dst: 5860      r0: 5 r1: 4954 r2: 66 r3: 5794 r4: 0 r5: 65514 sp: 65508 pc: 5230          N: 0 Z: 0 V: 0 C: 0      
5230:   cmp r3, $hshtab               src: 5794      dst: 5722      r0: 5 r1: 4954 r2: 66 r3: 5794 r4: 0 r5: 65514 sp: 65508 pc: 5234          N: 0 Z: 0 V: 0 C: 0      
5234:   bhi 5240.                     src: 3043                     r0: 5 r1: 4954 r2: 66 r3: 5794 r4: 0 r5: 65514 sp: 65508 pc: 5240          N: 0 Z: 0 V: 0 C: 0      
5240:   tst -(r3)                     src: 0                        r0: 5 r1: 4954 r2: 66 r3: 5792 r4: 0 r5: 65514 sp: 65508 pc: 5242          N: 0 Z: 1 V: 0 C: 0      
5242:   bne 5228.                     src: 57475                    r0: 5 r1: 4954 r2: 66 r3: 5792 r4: 0 r5: 65514 sp: 65508 pc: 5244          N: 0 Z: 1 V: 0 C: 0      
5244:   mov (sp)+, r1                 src: 4950      dst: 4954      r0: 5 r1: 4950 r2: 66 r3: 5792 r4: 0 r5: 65514 sp: 65510 pc: 5246          N: 0 Z: 0 V: 0 C: 0      
5246:   mov r1, (r3)                  src: 4950      dst: 0         r0: 5 r1: 4950 r2: 66 r3: 5792 r4: 0 r5: 65514 sp: 65510 pc: 5248          N: 0 Z: 0 V: 0 C: 0      
5248:   add $12., r1                  src: 12        dst: 4950      r0: 5 r1: 4962 r2: 66 r3: 5792 r4: 0 r5: 65514 sp: 65510 pc: 5252          N: 0 Z: 0 V: 0 C: 0      
5252:   cmp r1, $ebsymtab             src: 4962      dst: 5118      r0: 5 r1: 4962 r2: 66 r3: 5792 r4: 0 r5: 65514 sp: 65510 pc: 5256          N: 1 Z: 0 V: 0 C: 1      
5256:   bcs 5196.                     src: 2563                     r0: 5 r1: 4962 r2: 66 r3: 5792 r4: 0 r5: 65514 sp: 65510 pc: 5196          N: 1 Z: 0 V: 0 C: 1      
5196:   clr r3                        src: 5792                     r0: 5 r1: 4962 r2: 66 r3: 0 r4: 0 r5: 65514 sp: 65510 pc: 5198             N: 0 Z: 1 V: 0 C: 0      
5198:   mov $8., r2                   src: 8         dst: 66        r0: 5 r1: 4962 r2: 8 r3: 0 r4: 0 r5: 65514 sp: 65510 pc: 5202              N: 0 Z: 0 V: 0 C: 0      
5202:   mov r1, -(sp)                 src: 4962      dst: 4950      r0: 5 r1: 4962 r2: 8 r3: 0 r4: 0 r5: 65514 sp: 65508 pc: 5204              N: 0 Z: 0 V: 0 C: 0      
5204:   movb (r1)+, r4                src: 120       dst: 0         r0: 5 r1: 4963 r2: 8 r3: 0 r4: 120 r5: 65514 sp: 65508 pc: 5206            N: 0 Z: 0 V: 0 C: 0      
5206:   beq 5214.                     src: 2562                     r0: 5 r1: 4963 r2: 8 r3: 0 r4: 120 r5: 65514 sp: 65508 pc: 5208            N: 0 Z: 0 V: 0 C: 0      
5208:   add r4, r3                    src: 120       dst: 0         r0: 5 r1: 4963 r2: 8 r3: 120 r4: 120 r5: 65514 sp: 65508 pc: 5210          N: 0 Z: 0 V: 0 C: 0      
5210:   swab r3                       src: 120                      r0: 5 r1: 4963 r2: 8 r3: 30720 r4: 120 r5: 65514 sp: 65508 pc: 5212        N: 0 Z: 1 V: 0 C: 0      
5212:   sob r2, 5204.                 src: 8         dst: 68        r0: 5 r1: 4963 r2: 7 r3: 30720 r4: 120 r5: 65514 sp: 65508 pc: 5204        N: 0 Z: 1 V: 0 C: 0      
5204:   movb (r1)+, r4                src: 111       dst: 120       r0: 5 r1: 4964 r2: 7 r3: 30720 r4: 111 r5: 65514 sp: 65508 pc: 5206        N: 0 Z: 0 V: 0 C: 0      
5206:   beq 5214.                     src: 2562                     r0: 5 r1: 4964 r2: 7 r3: 30720 r4: 111 r5: 65514 sp: 65508 pc: 5208        N: 0 Z: 0 V: 0 C: 0      
5208:   add r4, r3                    src: 111       dst: 30720     r0: 5 r1: 4964 r2: 7 r3: 30831 r4: 111 r5: 65514 sp: 65508 pc: 5210        N: 0 Z: 0 V: 0 C: 0      
5210:   swab r3                       src: 30831                    r0: 5 r1: 4964 r2: 7 r3: 28536 r4: 111 r5: 65514 sp: 65508 pc: 5212        N: 0 Z: 0 V: 0 C: 0      
5212:   sob r2, 5204.                 src: 7         dst: 68        r0: 5 r1: 4964 r2: 6 r3: 28536 r4: 111 r5: 65514 sp: 65508 pc: 5204        N: 0 Z: 0 V: 0 C: 0      
5204:   movb (r1)+, r4                src: 114       dst: 111       r0: 5 r1: 4965 r2: 6 r3: 28536 r4: 114 r5: 65514 sp: 65508 pc: 5206        N: 0 Z: 0 V: 0 C: 0      
5206:   beq 5214.                     src: 2562                     r0: 5 r1: 4965 r2: 6 r3: 28536 r4: 114 r5: 65514 sp: 65508 pc: 5208        N: 0 Z: 0 V: 0 C: 0      
5208:   add r4, r3                    src: 114       dst: 28536     r0: 5 r1: 4965 r2: 6 r3: 28650 r4: 114 r5: 65514 sp: 65508 pc: 5210        N: 0 Z: 0 V: 0 C: 0      
5210:   swab r3                       src: 28650                    r0: 5 r1: 4965 r2: 6 r3: 60015 r4: 114 r5: 65514 sp: 65508 pc: 5212        N: 0 Z: 0 V: 0 C: 0      
5212:   sob r2, 5204.                 src: 6         dst: 68        r0: 5 r1: 4965 r2: 5 r3: 60015 r4: 114 r5: 65514 sp: 65508 pc: 5204        N: 0 Z: 0 V: 0 C: 0      
5204:   movb (r1)+, r4                src: 0         dst: 114       r0: 5 r1: 4966 r2: 5 r3: 60015 r4: 0 r5: 65514 sp: 65508 pc: 5206          N: 0 Z: 1 V: 0 C: 0      
5206:   beq 5214.                     src: 2562                     r0: 5 r1: 4966 r2: 5 r3: 60015 r4: 0 r5: 65514 sp: 65508 pc: 5214          N: 0 Z: 1 V: 0 C: 0      
5214:   clr r2                        src: 5                        r0: 5 r1: 4966 r2: 0 r3: 60015 r4: 0 r5: 65514 sp: 65508 pc: 5216          N: 0 Z: 1 V: 0 C: 0      
5216:   div $hshsiz, r2               src: 1553      dst: 0         r0: 5 r1: 4966 r2: 38 r3: 1001 r4: 0 r5: 65514 sp: 65508 pc: 5220          N: 0 Z: 0 V: 0 C: 0      
5220:   ashc $1., r2                  src: 1         dst: 38        r0: 5 r1: 4966 r2: 76 r3: 2002 r4: 0 r5: 65514 sp: 65508 pc: 5224          N: 0 Z: 0 V: 0 C: 0      
5224:   add $hshtab, r3               src: 5722      dst: 2002      r0: 5 r1: 4966 r2: 76 r3: 7724 r4: 0 r5: 65514 sp: 65508 pc: 5228          N: 0 Z: 0 V: 0 C: 0      
5228:   sub r2, r3                    src: 76        dst: 7724      r0: 5 r1: 4966 r2: 76 r3: 7648 r4: 0 r5: 65514 sp: 65508 pc: 5230          N: 0 Z: 0 V: 0 C: 0      
5230:   cmp r3, $hshtab               src: 7648      dst: 5722      r0: 5 r1: 4966 r2: 76 r3: 7648 r4: 0 r5: 65514 sp: 65508 pc: 5234          N: 0 Z: 0 V: 0 C: 0      
5234:   bhi 5240.                     src: 3043                     r0: 5 r1: 4966 r2: 76 r3: 7648 r4: 0 r5: 65514 sp: 65508 pc: 5240          N: 0 Z: 0 V: 0 C: 0      
5240:   tst -(r3)                     src: 0                        r0: 5 r1: 4966 r2: 76 r3: 7646 r4: 0 r5: 65514 sp: 65508 pc: 5242          N: 0 Z: 1 V: 0 C: 0      
5242:   bne 5228.                     src: 57475                    r0: 5 r1: 4966 r2: 76 r3: 7646 r4: 0 r5: 65514 sp: 65508 pc: 5244          N: 0 Z: 1 V: 0 C: 0      
5244:   mov (sp)+, r1                 src: 4962      dst: 4966      r0: 5 r1: 4962 r2: 76 r3: 7646 r4: 0 r5: 65514 sp: 65510 pc: 5246          N: 0 Z: 0 V: 0 C: 0      
5246:   mov r1, (r3)                  src: 4962      dst: 0         r0: 5 r1: 4962 r2: 76 r3: 7646 r4: 0 r5: 65514 sp: 65510 pc: 5248          N: 0 Z: 0 V: 0 C: 0      
5248:   add $12., r1                  src: 12        dst: 4962      r0: 5 r1: 4974 r2: 76 r3: 7646 r4: 0 r5: 65514 sp: 65510 pc: 5252          N: 0 Z: 0 V: 0 C: 0      
5252:   cmp r1, $ebsymtab             src: 4974      dst: 5118      r0: 5 r1: 4974 r2: 76 r3: 7646 r4: 0 r5: 65514 sp: 65510 pc: 5256          N: 1 Z: 0 V: 0 C: 1      
5256:   bcs 5196.                     src: 2563                     r0: 5 r1: 4974 r2: 76 r3: 7646 r4: 0 r5: 65514 sp: 65510 pc: 5196          N: 1 Z: 0 V: 0 C: 1      
5196:   clr r3                        src: 7646                     r0: 5 r1: 4974 r2: 76 r3: 0 r4: 0 r5: 65514 sp: 65510 pc: 5198             N: 0 Z: 1 V: 0 C: 0      
5198:   mov $8., r2                   src: 8         dst: 76        r0: 5 r1: 4974 r2: 8 r3: 0 r4: 0 r5: 65514 sp: 65510 pc: 5202              N: 0 Z: 0 V: 0 C: 0      
5202:   mov r1, -(sp)                 src: 4974      dst: 4962      r0: 5 r1: 4974 r2: 8 r3: 0 r4: 0 r5: 65514 sp: 65508 pc: 5204              N: 0 Z: 0 V: 0 C: 0      
5204:   movb (r1)+, r4                src: 115       dst: 0         r0: 5 r1: 4975 r2: 8 r3: 0 r4: 115 r5: 65514 sp: 65508 pc: 5206            N: 0 Z: 0 V: 0 C: 0      
5206:   beq 5214.                     src: 2562                     r0: 5 r1: 4975 r2: 8 r3: 0 r4: 115 r5: 65514 sp: 65508 pc: 5208            N: 0 Z: 0 V: 0 C: 0      
5208:   add r4, r3                    src: 115       dst: 0         r0: 5 r1: 4975 r2: 8 r3: 115 r4: 115 r5: 65514 sp: 65508 pc: 5210          N: 0 Z: 0 V: 0 C: 0      
5210:   swab r3                       src: 115                      r0: 5 r1: 4975 r2: 8 r3: 29440 r4: 115 r5: 65514 sp: 65508 pc: 5212        N: 0 Z: 1 V: 0 C: 0      
5212:   sob r2, 5204.                 src: 8         dst: 68        r0: 5 r1: 4975 r2: 7 r3: 29440 r4: 115 r5: 65514 sp: 65508 pc: 5204        N: 0 Z: 1 V: 0 C: 0      
5204:   movb (r1)+, r4                src: 120       dst: 115       r0: 5 r1: 4976 r2: 7 r3: 29440 r4: 120 r5: 65514 sp: 65508 pc: 5206        N: 0 Z: 0 V: 0 C: 0      
5206:   beq 5214.                     src: 2562                     r0: 5 r1: 4976 r2: 7 r3: 29440 r4: 120 r5: 65514 sp: 65508 pc: 5208        N: 0 Z: 0 V: 0 C: 0      
5208:   add r4, r3                    src: 120       dst: 29440     r0: 5 r1: 4976 r2: 7 r3: 29560 r4: 120 r5: 65514 sp: 65508 pc: 5210        N: 0 Z: 0 V: 0 C: 0      
5210:   swab r3                       src: 29560                    r0: 5 r1: 4976 r2: 7 r3: 30835 r4: 120 r5: 65514 sp: 65508 pc: 5212        N: 0 Z: 0 V: 0 C: 0      
5212:   sob r2, 5204.                 src: 7         dst: 68        r0: 5 r1: 4976 r2: 6 r3: 30835 r4: 120 r5: 65514 sp: 65508 pc: 5204        N: 0 Z: 0 V: 0 C: 0      
5204:   movb (r1)+, r4                src: 116       dst: 120       r0: 5 r1: 4977 r2: 6 r3: 30835 r4: 116 r5: 65514 sp: 65508 pc: 5206        N: 0 Z: 0 V: 0 C: 0      
5206:   beq 5214.                     src: 2562                     r0: 5 r1: 4977 r2: 6 r3: 30835 r4: 116 r5: 65514 sp: 65508 pc: 5208        N: 0 Z: 0 V: 0 C: 0      
5208:   add r4, r3                    src: 116       dst: 30835     r0: 5 r1: 4977 r2: 6 r3: 30951 r4: 116 r5: 65514 sp: 65508 pc: 5210        N: 0 Z: 0 V: 0 C: 0      
5210:   swab r3                       src: 30951                    r0: 5 r1: 4977 r2: 6 r3: 59256 r4: 116 r5: 65514 sp: 65508 pc: 5212        N: 0 Z: 0 V: 0 C: 0      
5212:   sob r2, 5204.                 src: 6         dst: 68        r0: 5 r1: 4977 r2: 5 r3: 59256 r4: 116 r5: 65514 sp: 65508 pc: 5204        N: 0 Z: 0 V: 0 C: 0      
5204:   movb (r1)+, r4                src: 0         dst: 116       r0: 5 r1: 4978 r2: 5 r3: 59256 r4: 0 r5: 65514 sp: 65508 pc: 5206          N: 0 Z: 1 V: 0 C: 0      
5206:   beq 5214.                     src: 2562                     r0: 5 r1: 4978 r2: 5 r3: 59256 r4: 0 r5: 65514 sp: 65508 pc: 5214          N: 0 Z: 1 V: 0 C: 0      
5214:   clr r2                        src: 5                        r0: 5 r1: 4978 r2: 0 r3: 59256 r4: 0 r5: 65514 sp: 65508 pc: 5216          N: 0 Z: 1 V: 0 C: 0      
5216:   div $hshsiz, r2               src: 1553      dst: 0         r0: 5 r1: 4978 r2: 38 r3: 242 r4: 0 r5: 65514 sp: 65508 pc: 5220           N: 0 Z: 0 V: 0 C: 0      
5220:   ashc $1., r2                  src: 1         dst: 38        r0: 5 r1: 4978 r2: 76 r3: 484 r4: 0 r5: 65514 sp: 65508 pc: 5224           N: 0 Z: 0 V: 0 C: 0      
5224:   add $hshtab, r3               src: 5722      dst: 484       r0: 5 r1: 4978 r2: 76 r3: 6206 r4: 0 r5: 65514 sp: 65508 pc: 5228          N: 0 Z: 0 V: 0 C: 0      
5228:   sub r2, r3                    src: 76        dst: 6206      r0: 5 r1: 4978 r2: 76 r3: 6130 r4: 0 r5: 65514 sp: 65508 pc: 5230          N: 0 Z: 0 V: 0 C: 0      
5230:   cmp r3, $hshtab               src: 6130      dst: 5722      r0: 5 r1: 4978 r2: 76 r3: 6130 r4: 0 r5: 65514 sp: 65508 pc: 5234          N: 0 Z: 0 V: 0 C: 0      
5234:   bhi 5240.                     src: 3043                     r0: 5 r1: 4978 r2: 76 r3: 6130 r4: 0 r5: 65514 sp: 65508 pc: 5240          N: 0 Z: 0 V: 0 C: 0      
5240:   tst -(r3)                     src: 1                        r0: 5 r1: 4978 r2: 76 r3: 6128 r4: 0 r5: 65514 sp: 65508 pc: 5242          N: 0 Z: 0 V: 0 C: 0      
5242:   bne 5228.                     src: 57475                    r0: 5 r1: 4978 r2: 76 r3: 6128 r4: 0 r5: 65514 sp: 65508 pc: 5228          N: 0 Z: 0 V: 0 C: 0      
5228:   sub r2, r3                    src: 76        dst: 6128      r0: 5 r1: 4978 r2: 76 r3: 6052 r4: 0 r5: 65514 sp: 65508 pc: 5230          N: 0 Z: 0 V: 0 C: 0      
5230:   cmp r3, $hshtab               src: 6052      dst: 5722      r0: 5 r1: 4978 r2: 76 r3: 6052 r4: 0 r5: 65514 sp: 65508 pc: 5234          N: 0 Z: 0 V: 0 C: 0      
5234:   bhi 5240.                     src: 3043                     r0: 5 r1: 4978 r2: 76 r3: 6052 r4: 0 r5: 65514 sp: 65508 pc: 5240          N: 0 Z: 0 V: 0 C: 0      
5240:   tst -(r3)                     src: 4494                     r0: 5 r1: 4978 r2: 76 r3: 6050 r4: 0 r5: 65514 sp: 65508 pc: 5242          N: 0 Z: 0 V: 0 C: 0      
5242:   bne 5228.                     src: 57475                    r0: 5 r1: 4978 r2: 76 r3: 6050 r4: 0 r5: 65514 sp: 65508 pc: 5228          N: 0 Z: 0 V: 0 C: 0      
5228:   sub r2, r3                    src: 76        dst: 6050      r0: 5 r1: 4978 r2: 76 r3: 5974 r4: 0 r5: 65514 sp: 65508 pc: 5230          N: 0 Z: 0 V: 0 C: 0      
5230:   cmp r3, $hshtab               src: 5974      dst: 5722      r0: 5 r1: 4978 r2: 76 r3: 5974 r4: 0 r5: 65514 sp: 65508 pc: 5234          N: 0 Z: 0 V: 0 C: 0      
5234:   bhi 5240.                     src: 3043                     r0: 5 r1: 4978 r2: 76 r3: 5974 r4: 0 r5: 65514 sp: 65508 pc: 5240          N: 0 Z: 0 V: 0 C: 0      
5240:   tst -(r3)                     src: 0                        r0: 5 r1: 4978 r2: 76 r3: 5972 r4: 0 r5: 65514 sp: 65508 pc: 5242          N: 0 Z: 1 V: 0 C: 0      
5242:   bne 5228.                     src: 57475                    r0: 5 r1: 4978 r2: 76 r3: 5972 r4: 0 r5: 65514 sp: 65508 pc: 5244          N: 0 Z: 1 V: 0 C: 0      
5244:   mov (sp)+, r1                 src: 4974      dst: 4978      r0: 5 r1: 4974 r2: 76 r3: 5972 r4: 0 r5: 65514 sp: 65510 pc: 5246          N: 0 Z: 0 V: 0 C: 0      
5246:   mov r1, (r3)                  src: 4974      dst: 0         r0: 5 r1: 4974 r2: 76 r3: 5972 r4: 0 r5: 65514 sp: 65510 pc: 5248          N: 0 Z: 0 V: 0 C: 0      
5248:   add $12., r1                  src: 12        dst: 4974      r0: 5 r1: 4986 r2: 76 r3: 5972 r4: 0 r5: 65514 sp: 65510 pc: 5252          N: 0 Z: 0 V: 0 C: 0      
5252:   cmp r1, $ebsymtab             src: 4986      dst: 5118      r0: 5 r1: 4986 r2: 76 r3: 5972 r4: 0 r5: 65514 sp: 65510 pc: 5256          N: 1 Z: 0 V: 0 C: 1      
5256:   bcs 5196.                     src: 2563                     r0: 5 r1: 4986 r2: 76 r3: 5972 r4: 0 r5: 65514 sp: 65510 pc: 5196          N: 1 Z: 0 V: 0 C: 1      
5196:   clr r3                        src: 5972                     r0: 5 r1: 4986 r2: 76 r3: 0 r4: 0 r5: 65514 sp: 65510 pc: 5198             N: 0 Z: 1 V: 0 C: 0      
5198:   mov $8., r2                   src: 8         dst: 76        r0: 5 r1: 4986 r2: 8 r3: 0 r4: 0 r5: 65514 sp: 65510 pc: 5202              N: 0 Z: 0 V: 0 C: 0      
5202:   mov r1, -(sp)                 src: 4986      dst: 4974      r0: 5 r1: 4986 r2: 8 r3: 0 r4: 0 r5: 65514 sp: 65508 pc: 5204              N: 0 Z: 0 V: 0 C: 0      
5204:   movb (r1)+, r4                src: 109       dst: 0         r0: 5 r1: 4987 r2: 8 r3: 0 r4: 109 r5: 65514 sp: 65508 pc: 5206            N: 0 Z: 0 V: 0 C: 0      
5206:   beq 5214.                     src: 2562                     r0: 5 r1: 4987 r2: 8 r3: 0 r4: 109 r5: 65514 sp: 65508 pc: 5208            N: 0 Z: 0 V: 0 C: 0      
5208:   add r4, r3                    src: 109       dst: 0         r0: 5 r1: 4987 r2: 8 r3: 109 r4: 109 r5: 65514 sp: 65508 pc: 5210          N: 0 Z: 0 V: 0 C: 0      
5210:   swab r3                       src: 109                      r0: 5 r1: 4987 r2: 8 r3: 27904 r4: 109 r5: 65514 sp: 65508 pc: 5212        N: 0 Z: 1 V: 0 C: 0      
5212:   sob r2, 5204.                 src: 8         dst: 68        r0: 5 r1: 4987 r2: 7 r3: 27904 r4: 109 r5: 65514 sp: 65508 pc: 5204        N: 0 Z: 1 V: 0 C: 0      
5204:   movb (r1)+, r4                src: 97        dst: 109       r0: 5 r1: 4988 r2: 7 r3: 27904 r4: 97 r5: 65514 sp: 65508 pc: 5206         N: 0 Z: 0 V: 0 C: 0      
5206:   beq 5214.                     src: 2562                     r0: 5 r1: 4988 r2: 7 r3: 27904 r4: 97 r5: 65514 sp: 65508 pc: 5208         N: 0 Z: 0 V: 0 C: 0      
5208:   add r4, r3                    src: 97        dst: 27904     r0: 5 r1: 4988 r2: 7 r3: 28001 r4: 97 r5: 65514 sp: 65508 pc: 5210         N: 0 Z: 0 V: 0 C: 0      
5210:   swab r3                       src: 28001                    r0: 5 r1: 4988 r2: 7 r3: 24941 r4: 97 r5: 65514 sp: 65508 pc: 5212         N: 0 Z: 0 V: 0 C: 0      
5212:   sob r2, 5204.                 src: 7         dst: 68        r0: 5 r1: 4988 r2: 6 r3: 24941 r4: 97 r5: 65514 sp: 65508 pc: 5204         N: 0 Z: 0 V: 0 C: 0      
5204:   movb (r1)+, r4                src: 114       dst: 97        r0: 5 r1: 4989 r2: 6 r3: 24941 r4: 114 r5: 65514 sp: 65508 pc: 5206        N: 0 Z: 0 V: 0 C: 0      
5206:   beq 5214.                     src: 2562                     r0: 5 r1: 4989 r2: 6 r3: 24941 r4: 114 r5: 65514 sp: 65508 pc: 5208        N: 0 Z: 0 V: 0 C: 0      
5208:   add r4, r3                    src: 114       dst: 24941     r0: 5 r1: 4989 r2: 6 r3: 25055 r4: 114 r5: 65514 sp: 65508 pc: 5210        N: 0 Z: 0 V: 0 C: 0      
5210:   swab r3                       src: 25055                    r0: 5 r1: 4989 r2: 6 r3: 57185 r4: 114 r5: 65514 sp: 65508 pc: 5212        N: 0 Z: 0 V: 0 C: 0      
5212:   sob r2, 5204.                 src: 6         dst: 68        r0: 5 r1: 4989 r2: 5 r3: 57185 r4: 114 r5: 65514 sp: 65508 pc: 5204        N: 0 Z: 0 V: 0 C: 0      
5204:   movb (r1)+, r4                src: 107       dst: 114       r0: 5 r1: 4990 r2: 5 r3: 57185 r4: 107 r5: 65514 sp: 65508 pc: 5206        N: 0 Z: 0 V: 0 C: 0      
5206:   beq 5214.                     src: 2562                     r0: 5 r1: 4990 r2: 5 r3: 57185 r4: 107 r5: 65514 sp: 65508 pc: 5208        N: 0 Z: 0 V: 0 C: 0      
5208:   add r4, r3                    src: 107       dst: 57185     r0: 5 r1: 4990 r2: 5 r3: 57292 r4: 107 r5: 65514 sp: 65508 pc: 5210        N: 0 Z: 0 V: 0 C: 0      
5210:   swab r3                       src: 57292                    r0: 5 r1: 4990 r2: 5 r3: 52447 r4: 107 r5: 65514 sp: 65508 pc: 5212        N: 1 Z: 0 V: 0 C: 0      
5212:   sob r2, 5204.                 src: 5         dst: 68        r0: 5 r1: 4990 r2: 4 r3: 52447 r4: 107 r5: 65514 sp: 65508 pc: 5204        N: 1 Z: 0 V: 0 C: 0      
5204:   movb (r1)+, r4                src: 0         dst: 107       r0: 5 r1: 4991 r2: 4 r3: 52447 r4: 0 r5: 65514 sp: 65508 pc: 5206          N: 0 Z: 1 V: 0 C: 0      
5206:   beq 5214.                     src: 2562                     r0: 5 r1: 4991 r2: 4 r3: 52447 r4: 0 r5: 65514 sp: 65508 pc: 5214          N: 0 Z: 1 V: 0 C: 0      
5214:   clr r2                        src: 4                        r0: 5 r1: 4991 r2: 0 r3: 52447 r4: 0 r5: 65514 sp: 65508 pc: 5216          N: 0 Z: 1 V: 0 C: 0      
5216:   div $hshsiz, r2               src: 1553      dst: 0         r0: 5 r1: 4991 r2: 33 r3: 1198 r4: 0 r5: 65514 sp: 65508 pc: 5220          N: 0 Z: 0 V: 0 C: 0      
5220:   ashc $1., r2                  src: 1         dst: 33        r0: 5 r1: 4991 r2: 66 r3: 2396 r4: 0 r5: 65514 sp: 65508 pc: 5224          N: 0 Z: 0 V: 0 C: 0      
5224:   add $hshtab, r3               src: 5722      dst: 2396      r0: 5 r1: 4991 r2: 66 r3: 8118 r4: 0 r5: 65514 sp: 65508 pc: 5228          N: 0 Z: 0 V: 0 C: 0      
5228:   sub r2, r3                    src: 66        dst: 8118      r0: 5 r1: 4991 r2: 66 r3: 8052 r4: 0 r5: 65514 sp: 65508 pc: 5230          N: 0 Z: 0 V: 0 C: 0      
5230:   cmp r3, $hshtab               src: 8052      dst: 5722      r0: 5 r1: 4991 r2: 66 r3: 8052 r4: 0 r5: 65514 sp: 65508 pc: 5234          N: 0 Z: 0 V: 0 C: 0      
5234:   bhi 5240.                     src: 3043                     r0: 5 r1: 4991 r2: 66 r3: 8052 r4: 0 r5: 65514 sp: 65508 pc: 5240          N: 0 Z: 0 V: 0 C: 0      
5240:   tst -(r3)                     src: 0                        r0: 5 r1: 4991 r2: 66 r3: 8050 r4: 0 r5: 65514 sp: 65508 pc: 5242          N: 0 Z: 1 V: 0 C: 0      
5242:   bne 5228.                     src: 57475                    r0: 5 r1: 4991 r2: 66 r3: 8050 r4: 0 r5: 65514 sp: 65508 pc: 5244          N: 0 Z: 1 V: 0 C: 0      
5244:   mov (sp)+, r1                 src: 4986      dst: 4991      r0: 5 r1: 4986 r2: 66 r3: 8050 r4: 0 r5: 65514 sp: 65510 pc: 5246          N: 0 Z: 0 V: 0 C: 0      
5246:   mov r1, (r3)                  src: 4986      dst: 0         r0: 5 r1: 4986 r2: 66 r3: 8050 r4: 0 r5: 65514 sp: 65510 pc: 5248          N: 0 Z: 0 V: 0 C: 0      
5248:   add $12., r1                  src: 12        dst: 4986      r0: 5 r1: 4998 r2: 66 r3: 8050 r4: 0 r5: 65514 sp: 65510 pc: 5252          N: 0 Z: 0 V: 0 C: 0      
5252:   cmp r1, $ebsymtab             src: 4998      dst: 5118      r0: 5 r1: 4998 r2: 66 r3: 8050 r4: 0 r5: 65514 sp: 65510 pc: 5256          N: 1 Z: 0 V: 0 C: 1      
5256:   bcs 5196.                     src: 2563                     r0: 5 r1: 4998 r2: 66 r3: 8050 r4: 0 r5: 65514 sp: 65510 pc: 5196          N: 1 Z: 0 V: 0 C: 1      
5196:   clr r3                        src: 8050                     r0: 5 r1: 4998 r2: 66 r3: 0 r4: 0 r5: 65514 sp: 65510 pc: 5198             N: 0 Z: 1 V: 0 C: 0      
5198:   mov $8., r2                   src: 8         dst: 66        r0: 5 r1: 4998 r2: 8 r3: 0 r4: 0 r5: 65514 sp: 65510 pc: 5202              N: 0 Z: 0 V: 0 C: 0      
5202:   mov r1, -(sp)                 src: 4998      dst: 4986      r0: 5 r1: 4998 r2: 8 r3: 0 r4: 0 r5: 65514 sp: 65508 pc: 5204              N: 0 Z: 0 V: 0 C: 0      
5204:   movb (r1)+, r4                src: 115       dst: 0         r0: 5 r1: 4999 r2: 8 r3: 0 r4: 115 r5: 65514 sp: 65508 pc: 5206            N: 0 Z: 0 V: 0 C: 0      
5206:   beq 5214.                     src: 2562                     r0: 5 r1: 4999 r2: 8 r3: 0 r4: 115 r5: 65514 sp: 65508 pc: 5208            N: 0 Z: 0 V: 0 C: 0      
5208:   add r4, r3                    src: 115       dst: 0         r0: 5 r1: 4999 r2: 8 r3: 115 r4: 115 r5: 65514 sp: 65508 pc: 5210          N: 0 Z: 0 V: 0 C: 0      
5210:   swab r3                       src: 115                      r0: 5 r1: 4999 r2: 8 r3: 29440 r4: 115 r5: 65514 sp: 65508 pc: 5212        N: 0 Z: 1 V: 0 C: 0      
5212:   sob r2, 5204.                 src: 8         dst: 68        r0: 5 r1: 4999 r2: 7 r3: 29440 r4: 115 r5: 65514 sp: 65508 pc: 5204        N: 0 Z: 1 V: 0 C: 0      
5204:   movb (r1)+, r4                src: 111       dst: 115       r0: 5 r1: 5000 r2: 7 r3: 29440 r4: 111 r5: 65514 sp: 65508 pc: 5206        N: 0 Z: 0 V: 0 C: 0      
5206:   beq 5214.                     src: 2562                     r0: 5 r1: 5000 r2: 7 r3: 29440 r4: 111 r5: 65514 sp: 65508 pc: 5208        N: 0 Z: 0 V: 0 C: 0      
5208:   add r4, r3                    src: 111       dst: 29440     r0: 5 r1: 5000 r2: 7 r3: 29551 r4: 111 r5: 65514 sp: 65508 pc: 5210        N: 0 Z: 0 V: 0 C: 0      
5210:   swab r3                       src: 29551                    r0: 5 r1: 5000 r2: 7 r3: 28531 r4: 111 r5: 65514 sp: 65508 pc: 5212        N: 0 Z: 0 V: 0 C: 0      
5212:   sob r2, 5204.                 src: 7         dst: 68        r0: 5 r1: 5000 r2: 6 r3: 28531 r4: 111 r5: 65514 sp: 65508 pc: 5204        N: 0 Z: 0 V: 0 C: 0      
5204:   movb (r1)+, r4                src: 98        dst: 111       r0: 5 r1: 5001 r2: 6 r3: 28531 r4: 98 r5: 65514 sp: 65508 pc: 5206         N: 0 Z: 0 V: 0 C: 0      
5206:   beq 5214.                     src: 2562                     r0: 5 r1: 5001 r2: 6 r3: 28531 r4: 98 r5: 65514 sp: 65508 pc: 5208         N: 0 Z: 0 V: 0 C: 0      
5208:   add r4, r3                    src: 98        dst: 28531     r0: 5 r1: 5001 r2: 6 r3: 28629 r4: 98 r5: 65514 sp: 65508 pc: 5210         N: 0 Z: 0 V: 0 C: 0      
5210:   swab r3                       src: 28629                    r0: 5 r1: 5001 r2: 6 r3: 54639 r4: 98 r5: 65514 sp: 65508 pc: 5212         N: 0 Z: 0 V: 0 C: 0      
5212:   sob r2, 5204.                 src: 6         dst: 68        r0: 5 r1: 5001 r2: 5 r3: 54639 r4: 98 r5: 65514 sp: 65508 pc: 5204         N: 0 Z: 0 V: 0 C: 0      
5204:   movb (r1)+, r4                src: 0         dst: 98        r0: 5 r1: 5002 r2: 5 r3: 54639 r4: 0 r5: 65514 sp: 65508 pc: 5206          N: 0 Z: 1 V: 0 C: 0      
5206:   beq 5214.                     src: 2562                     r0: 5 r1: 5002 r2: 5 r3: 54639 r4: 0 r5: 65514 sp: 65508 pc: 5214          N: 0 Z: 1 V: 0 C: 0      
5214:   clr r2                        src: 5                        r0: 5 r1: 5002 r2: 0 r3: 54639 r4: 0 r5: 65514 sp: 65508 pc: 5216          N: 0 Z: 1 V: 0 C: 0      
5216:   div $hshsiz, r2               src: 1553      dst: 0         r0: 5 r1: 5002 r2: 35 r3: 284 r4: 0 r5: 65514 sp: 65508 pc: 5220           N: 0 Z: 0 V: 0 C: 0      
5220:   ashc $1., r2                  src: 1         dst: 35        r0: 5 r1: 5002 r2: 70 r3: 568 r4: 0 r5: 65514 sp: 65508 pc: 5224           N: 0 Z: 0 V: 0 C: 0      
5224:   add $hshtab, r3               src: 5722      dst: 568       r0: 5 r1: 5002 r2: 70 r3: 6290 r4: 0 r5: 65514 sp: 65508 pc: 5228          N: 0 Z: 0 V: 0 C: 0      
5228:   sub r2, r3                    src: 70        dst: 6290      r0: 5 r1: 5002 r2: 70 r3: 6220 r4: 0 r5: 65514 sp: 65508 pc: 5230          N: 0 Z: 0 V: 0 C: 0      
5230:   cmp r3, $hshtab               src: 6220      dst: 5722      r0: 5 r1: 5002 r2: 70 r3: 6220 r4: 0 r5: 65514 sp: 65508 pc: 5234          N: 0 Z: 0 V: 0 C: 0      
5234:   bhi 5240.                     src: 3043                     r0: 5 r1: 5002 r2: 70 r3: 6220 r4: 0 r5: 65514 sp: 65508 pc: 5240          N: 0 Z: 0 V: 0 C: 0      
5240:   tst -(r3)                     src: 1                        r0: 5 r1: 5002 r2: 70 r3: 6218 r4: 0 r5: 65514 sp: 65508 pc: 5242          N: 0 Z: 0 V: 0 C: 0      
5242:   bne 5228.                     src: 57475                    r0: 5 r1: 5002 r2: 70 r3: 6218 r4: 0 r5: 65514 sp: 65508 pc: 5228          N: 0 Z: 0 V: 0 C: 0      
5228:   sub r2, r3                    src: 70        dst: 6218      r0: 5 r1: 5002 r2: 70 r3: 6148 r4: 0 r5: 65514 sp: 65508 pc: 5230          N: 0 Z: 0 V: 0 C: 0      
5230:   cmp r3, $hshtab               src: 6148      dst: 5722      r0: 5 r1: 5002 r2: 70 r3: 6148 r4: 0 r5: 65514 sp: 65508 pc: 5234          N: 0 Z: 0 V: 0 C: 0      
5234:   bhi 5240.                     src: 3043                     r0: 5 r1: 5002 r2: 70 r3: 6148 r4: 0 r5: 65514 sp: 65508 pc: 5240          N: 0 Z: 0 V: 0 C: 0      
5240:   tst -(r3)                     src: 0                        r0: 5 r1: 5002 r2: 70 r3: 6146 r4: 0 r5: 65514 sp: 65508 pc: 5242          N: 0 Z: 1 V: 0 C: 0      
5242:   bne 5228.                     src: 57475                    r0: 5 r1: 5002 r2: 70 r3: 6146 r4: 0 r5: 65514 sp: 65508 pc: 5244          N: 0 Z: 1 V: 0 C: 0      
5244:   mov (sp)+, r1                 src: 4998      dst: 5002      r0: 5 r1: 4998 r2: 70 r3: 6146 r4: 0 r5: 65514 sp: 65510 pc: 5246          N: 0 Z: 0 V: 0 C: 0      
5246:   mov r1, (r3)                  src: 4998      dst: 0         r0: 5 r1: 4998 r2: 70 r3: 6146 r4: 0 r5: 65514 sp: 65510 pc: 5248          N: 0 Z: 0 V: 0 C: 0      
5248:   add $12., r1                  src: 12        dst: 4998      r0: 5 r1: 5010 r2: 70 r3: 6146 r4: 0 r5: 65514 sp: 65510 pc: 5252          N: 0 Z: 0 V: 0 C: 0      
5252:   cmp r1, $ebsymtab             src: 5010      dst: 5118      r0: 5 r1: 5010 r2: 70 r3: 6146 r4: 0 r5: 65514 sp: 65510 pc: 5256          N: 1 Z: 0 V: 0 C: 1      
5256:   bcs 5196.                     src: 2563                     r0: 5 r1: 5010 r2: 70 r3: 6146 r4: 0 r5: 65514 sp: 65510 pc: 5196          N: 1 Z: 0 V: 0 C: 1      
5196:   clr r3                        src: 6146                     r0: 5 r1: 5010 r2: 70 r3: 0 r4: 0 r5: 65514 sp: 65510 pc: 5198             N: 0 Z: 1 V: 0 C: 0      
5198:   mov $8., r2                   src: 8         dst: 70        r0: 5 r1: 5010 r2: 8 r3: 0 r4: 0 r5: 65514 sp: 65510 pc: 5202              N: 0 Z: 0 V: 0 C: 0      
5202:   mov r1, -(sp)                 src: 5010      dst: 4998      r0: 5 r1: 5010 r2: 8 r3: 0 r4: 0 r5: 65514 sp: 65508 pc: 5204              N: 0 Z: 0 V: 0 C: 0      
5204:   movb (r1)+, r4                src: 46        dst: 0         r0: 5 r1: 5011 r2: 8 r3: 0 r4: 46 r5: 65514 sp: 65508 pc: 5206             N: 0 Z: 0 V: 0 C: 0      
5206:   beq 5214.                     src: 2562                     r0: 5 r1: 5011 r2: 8 r3: 0 r4: 46 r5: 65514 sp: 65508 pc: 5208             N: 0 Z: 0 V: 0 C: 0      
5208:   add r4, r3                    src: 46        dst: 0         r0: 5 r1: 5011 r2: 8 r3: 46 r4: 46 r5: 65514 sp: 65508 pc: 5210            N: 0 Z: 0 V: 0 C: 0      
5210:   swab r3                       src: 46                       r0: 5 r1: 5011 r2: 8 r3: 11776 r4: 46 r5: 65514 sp: 65508 pc: 5212         N: 0 Z: 1 V: 0 C: 0      
5212:   sob r2, 5204.                 src: 8         dst: 68        r0: 5 r1: 5011 r2: 7 r3: 11776 r4: 46 r5: 65514 sp: 65508 pc: 5204         N: 0 Z: 1 V: 0 C: 0      
5204:   movb (r1)+, r4                src: 98        dst: 46        r0: 5 r1: 5012 r2: 7 r3: 11776 r4: 98 r5: 65514 sp: 65508 pc: 5206         N: 0 Z: 0 V: 0 C: 0      
5206:   beq 5214.                     src: 2562                     r0: 5 r1: 5012 r2: 7 r3: 11776 r4: 98 r5: 65514 sp: 65508 pc: 5208         N: 0 Z: 0 V: 0 C: 0      
5208:   add r4, r3                    src: 98        dst: 11776     r0: 5 r1: 5012 r2: 7 r3: 11874 r4: 98 r5: 65514 sp: 65508 pc: 5210         N: 0 Z: 0 V: 0 C: 0      
5210:   swab r3                       src: 11874                    r0: 5 r1: 5012 r2: 7 r3: 25134 r4: 98 r5: 65514 sp: 65508 pc: 5212         N: 0 Z: 0 V: 0 C: 0      
5212:   sob r2, 5204.                 src: 7         dst: 68        r0: 5 r1: 5012 r2: 6 r3: 25134 r4: 98 r5: 65514 sp: 65508 pc: 5204         N: 0 Z: 0 V: 0 C: 0      
5204:   movb (r1)+, r4                src: 121       dst: 98        r0: 5 r1: 5013 r2: 6 r3: 25134 r4: 121 r5: 65514 sp: 65508 pc: 5206        N: 0 Z: 0 V: 0 C: 0      
5206:   beq 5214.                     src: 2562                     r0: 5 r1: 5013 r2: 6 r3: 25134 r4: 121 r5: 65514 sp: 65508 pc: 5208        N: 0 Z: 0 V: 0 C: 0      
5208:   add r4, r3                    src: 121       dst: 25134     r0: 5 r1: 5013 r2: 6 r3: 25255 r4: 121 r5: 65514 sp: 65508 pc: 5210        N: 0 Z: 0 V: 0 C: 0      
5210:   swab r3                       src: 25255                    r0: 5 r1: 5013 r2: 6 r3: 42850 r4: 121 r5: 65514 sp: 65508 pc: 5212        N: 0 Z: 0 V: 0 C: 0      
5212:   sob r2, 5204.                 src: 6         dst: 68        r0: 5 r1: 5013 r2: 5 r3: 42850 r4: 121 r5: 65514 sp: 65508 pc: 5204        N: 0 Z: 0 V: 0 C: 0      
5204:   movb (r1)+, r4                src: 116       dst: 121       r0: 5 r1: 5014 r2: 5 r3: 42850 r4: 116 r5: 65514 sp: 65508 pc: 5206        N: 0 Z: 0 V: 0 C: 0      
5206:   beq 5214.                     src: 2562                     r0: 5 r1: 5014 r2: 5 r3: 42850 r4: 116 r5: 65514 sp: 65508 pc: 5208        N: 0 Z: 0 V: 0 C: 0      
5208:   add r4, r3                    src: 116       dst: 42850     r0: 5 r1: 5014 r2: 5 r3: 42966 r4: 116 r5: 65514 sp: 65508 pc: 5210        N: 0 Z: 0 V: 0 C: 0      
5210:   swab r3                       src: 42966                    r0: 5 r1: 5014 r2: 5 r3: 54951 r4: 116 r5: 65514 sp: 65508 pc: 5212        N: 1 Z: 0 V: 0 C: 0      
5212:   sob r2, 5204.                 src: 5         dst: 68        r0: 5 r1: 5014 r2: 4 r3: 54951 r4: 116 r5: 65514 sp: 65508 pc: 5204        N: 1 Z: 0 V: 0 C: 0      
5204:   movb (r1)+, r4                src: 101       dst: 116       r0: 5 r1: 5015 r2: 4 r3: 54951 r4: 101 r5: 65514 sp: 65508 pc: 5206        N: 0 Z: 0 V: 0 C: 0      
5206:   beq 5214.                     src: 2562                     r0: 5 r1: 5015 r2: 4 r3: 54951 r4: 101 r5: 65514 sp: 65508 pc: 5208        N: 0 Z: 0 V: 0 C: 0      
5208:   add r4, r3                    src: 101       dst: 54951     r0: 5 r1: 5015 r2: 4 r3: 55052 r4: 101 r5: 65514 sp: 65508 pc: 5210        N: 0 Z: 0 V: 0 C: 0      
5210:   swab r3                       src: 55052                    r0: 5 r1: 5015 r2: 4 r3: 3287 r4: 101 r5: 65514 sp: 65508 pc: 5212         N: 1 Z: 0 V: 0 C: 0      
5212:   sob r2, 5204.                 src: 4         dst: 68        r0: 5 r1: 5015 r2: 3 r3: 3287 r4: 101 r5: 65514 sp: 65508 pc: 5204         N: 1 Z: 0 V: 0 C: 0      
5204:   movb (r1)+, r4                src: 0         dst: 101       r0: 5 r1: 5016 r2: 3 r3: 3287 r4: 0 r5: 65514 sp: 65508 pc: 5206           N: 0 Z: 1 V: 0 C: 0      
5206:   beq 5214.                     src: 2562                     r0: 5 r1: 5016 r2: 3 r3: 3287 r4: 0 r5: 65514 sp: 65508 pc: 5214           N: 0 Z: 1 V: 0 C: 0      
5214:   clr r2                        src: 3                        r0: 5 r1: 5016 r2: 0 r3: 3287 r4: 0 r5: 65514 sp: 65508 pc: 5216           N: 0 Z: 1 V: 0 C: 0      
5216:   div $hshsiz, r2               src: 1553      dst: 0         r0: 5 r1: 5016 r2: 2 r3: 181 r4: 0 r5: 65514 sp: 65508 pc: 5220            N: 0 Z: 0 V: 0 C: 0      
5220:   ashc $1., r2                  src: 1         dst: 2         r0: 5 r1: 5016 r2: 4 r3: 362 r4: 0 r5: 65514 sp: 65508 pc: 5224            N: 0 Z: 0 V: 0 C: 0      
5224:   add $hshtab, r3               src: 5722      dst: 362       r0: 5 r1: 5016 r2: 4 r3: 6084 r4: 0 r5: 65514 sp: 65508 pc: 5228           N: 0 Z: 0 V: 0 C: 0      
5228:   sub r2, r3                    src: 4         dst: 6084      r0: 5 r1: 5016 r2: 4 r3: 6080 r4: 0 r5: 65514 sp: 65508 pc: 5230           N: 0 Z: 0 V: 0 C: 0      
5230:   cmp r3, $hshtab               src: 6080      dst: 5722      r0: 5 r1: 5016 r2: 4 r3: 6080 r4: 0 r5: 65514 sp: 65508 pc: 5234           N: 0 Z: 0 V: 0 C: 0      
5234:   bhi 5240.                     src: 3043                     r0: 5 r1: 5016 r2: 4 r3: 6080 r4: 0 r5: 65514 sp: 65508 pc: 5240           N: 0 Z: 0 V: 0 C: 0      
5240:   tst -(r3)                     src: 0                        r0: 5 r1: 5016 r2: 4 r3: 6078 r4: 0 r5: 65514 sp: 65508 pc: 5242           N: 0 Z: 1 V: 0 C: 0      
5242:   bne 5228.                     src: 57475                    r0: 5 r1: 5016 r2: 4 r3: 6078 r4: 0 r5: 65514 sp: 65508 pc: 5244           N: 0 Z: 1 V: 0 C: 0      
5244:   mov (sp)+, r1                 src: 5010      dst: 5016      r0: 5 r1: 5010 r2: 4 r3: 6078 r4: 0 r5: 65514 sp: 65510 pc: 5246           N: 0 Z: 0 V: 0 C: 0      
5246:   mov r1, (r3)                  src: 5010      dst: 0         r0: 5 r1: 5010 r2: 4 r3: 6078 r4: 0 r5: 65514 sp: 65510 pc: 5248           N: 0 Z: 0 V: 0 C: 0      
5248:   add $12., r1                  src: 12        dst: 5010      r0: 5 r1: 5022 r2: 4 r3: 6078 r4: 0 r5: 65514 sp: 65510 pc: 5252           N: 0 Z: 0 V: 0 C: 0      
5252:   cmp r1, $ebsymtab             src: 5022      dst: 5118      r0: 5 r1: 5022 r2: 4 r3: 6078 r4: 0 r5: 65514 sp: 65510 pc: 5256           N: 1 Z: 0 V: 0 C: 1      
5256:   bcs 5196.                     src: 2563                     r0: 5 r1: 5022 r2: 4 r3: 6078 r4: 0 r5: 65514 sp: 65510 pc: 5196           N: 1 Z: 0 V: 0 C: 1      
5196:   clr r3                        src: 6078                     r0: 5 r1: 5022 r2: 4 r3: 0 r4: 0 r5: 65514 sp: 65510 pc: 5198              N: 0 Z: 1 V: 0 C: 0      
5198:   mov $8., r2                   src: 8         dst: 4         r0: 5 r1: 5022 r2: 8 r3: 0 r4: 0 r5: 65514 sp: 65510 pc: 5202              N: 0 Z: 0 V: 0 C: 0      
5202:   mov r1, -(sp)                 src: 5022      dst: 5010      r0: 5 r1: 5022 r2: 8 r3: 0 r4: 0 r5: 65514 sp: 65508 pc: 5204              N: 0 Z: 0 V: 0 C: 0      
5204:   movb (r1)+, r4                src: 46        dst: 0         r0: 5 r1: 5023 r2: 8 r3: 0 r4: 46 r5: 65514 sp: 65508 pc: 5206             N: 0 Z: 0 V: 0 C: 0      
5206:   beq 5214.                     src: 2562                     r0: 5 r1: 5023 r2: 8 r3: 0 r4: 46 r5: 65514 sp: 65508 pc: 5208             N: 0 Z: 0 V: 0 C: 0      
5208:   add r4, r3                    src: 46        dst: 0         r0: 5 r1: 5023 r2: 8 r3: 46 r4: 46 r5: 65514 sp: 65508 pc: 5210            N: 0 Z: 0 V: 0 C: 0      
5210:   swab r3                       src: 46                       r0: 5 r1: 5023 r2: 8 r3: 11776 r4: 46 r5: 65514 sp: 65508 pc: 5212         N: 0 Z: 1 V: 0 C: 0      
5212:   sob r2, 5204.                 src: 8         dst: 68        r0: 5 r1: 5023 r2: 7 r3: 11776 r4: 46 r5: 65514 sp: 65508 pc: 5204         N: 0 Z: 1 V: 0 C: 0      
5204:   movb (r1)+, r4                src: 101       dst: 46        r0: 5 r1: 5024 r2: 7 r3: 11776 r4: 101 r5: 65514 sp: 65508 pc: 5206        N: 0 Z: 0 V: 0 C: 0      
5206:   beq 5214.                     src: 2562                     r0: 5 r1: 5024 r2: 7 r3: 11776 r4: 101 r5: 65514 sp: 65508 pc: 5208        N: 0 Z: 0 V: 0 C: 0      
5208:   add r4, r3                    src: 101       dst: 11776     r0: 5 r1: 5024 r2: 7 r3: 11877 r4: 101 r5: 65514 sp: 65508 pc: 5210        N: 0 Z: 0 V: 0 C: 0      
5210:   swab r3                       src: 11877                    r0: 5 r1: 5024 r2: 7 r3: 25902 r4: 101 r5: 65514 sp: 65508 pc: 5212        N: 0 Z: 0 V: 0 C: 0      
5212:   sob r2, 5204.                 src: 7         dst: 68        r0: 5 r1: 5024 r2: 6 r3: 25902 r4: 101 r5: 65514 sp: 65508 pc: 5204        N: 0 Z: 0 V: 0 C: 0      
5204:   movb (r1)+, r4                src: 118       dst: 101       r0: 5 r1: 5025 r2: 6 r3: 25902 r4: 118 r5: 65514 sp: 65508 pc: 5206        N: 0 Z: 0 V: 0 C: 0      
5206:   beq 5214.                     src: 2562                     r0: 5 r1: 5025 r2: 6 r3: 25902 r4: 118 r5: 65514 sp: 65508 pc: 5208        N: 0 Z: 0 V: 0 C: 0      
5208:   add r4, r3                    src: 118       dst: 25902     r0: 5 r1: 5025 r2: 6 r3: 26020 r4: 118 r5: 65514 sp: 65508 pc: 5210        N: 0 Z: 0 V: 0 C: 0      
5210:   swab r3                       src: 26020                    r0: 5 r1: 5025 r2: 6 r3: 42085 r4: 118 r5: 65514 sp: 65508 pc: 5212        N: 0 Z: 0 V: 0 C: 0      
5212:   sob r2, 5204.                 src: 6         dst: 68        r0: 5 r1: 5025 r2: 5 r3: 42085 r4: 118 r5: 65514 sp: 65508 pc: 5204        N: 0 Z: 0 V: 0 C: 0      
5204:   movb (r1)+, r4                src: 101       dst: 118       r0: 5 r1: 5026 r2: 5 r3: 42085 r4: 101 r5: 65514 sp: 65508 pc: 5206        N: 0 Z: 0 V: 0 C: 0      
5206:   beq 5214.                     src: 2562                     r0: 5 r1: 5026 r2: 5 r3: 42085 r4: 101 r5: 65514 sp: 65508 pc: 5208        N: 0 Z: 0 V: 0 C: 0      
5208:   add r4, r3                    src: 101       dst: 42085     r0: 5 r1: 5026 r2: 5 r3: 42186 r4: 101 r5: 65514 sp: 65508 pc: 5210        N: 0 Z: 0 V: 0 C: 0      
5210:   swab r3                       src: 42186                    r0: 5 r1: 5026 r2: 5 r3: 51876 r4: 101 r5: 65514 sp: 65508 pc: 5212        N: 1 Z: 0 V: 0 C: 0      
5212:   sob r2, 5204.                 src: 5         dst: 68        r0: 5 r1: 5026 r2: 4 r3: 51876 r4: 101 r5: 65514 sp: 65508 pc: 5204        N: 1 Z: 0 V: 0 C: 0      
5204:   movb (r1)+, r4                src: 110       dst: 101       r0: 5 r1: 5027 r2: 4 r3: 51876 r4: 110 r5: 65514 sp: 65508 pc: 5206        N: 0 Z: 0 V: 0 C: 0      
5206:   beq 5214.                     src: 2562                     r0: 5 r1: 5027 r2: 4 r3: 51876 r4: 110 r5: 65514 sp: 65508 pc: 5208        N: 0 Z: 0 V: 0 C: 0      
5208:   add r4, r3                    src: 110       dst: 51876     r0: 5 r1: 5027 r2: 4 r3: 51986 r4: 110 r5: 65514 sp: 65508 pc: 5210        N: 0 Z: 0 V: 0 C: 0      
5210:   swab r3                       src: 51986                    r0: 5 r1: 5027 r2: 4 r3: 4811 r4: 110 r5: 65514 sp: 65508 pc: 5212         N: 1 Z: 0 V: 0 C: 0      
5212:   sob r2, 5204.                 src: 4         dst: 68        r0: 5 r1: 5027 r2: 3 r3: 4811 r4: 110 r5: 65514 sp: 65508 pc: 5204         N: 1 Z: 0 V: 0 C: 0      
5204:   movb (r1)+, r4                src: 0         dst: 110       r0: 5 r1: 5028 r2: 3 r3: 4811 r4: 0 r5: 65514 sp: 65508 pc: 5206           N: 0 Z: 1 V: 0 C: 0      
5206:   beq 5214.                     src: 2562                     r0: 5 r1: 5028 r2: 3 r3: 4811 r4: 0 r5: 65514 sp: 65508 pc: 5214           N: 0 Z: 1 V: 0 C: 0      
5214:   clr r2                        src: 3                        r0: 5 r1: 5028 r2: 0 r3: 4811 r4: 0 r5: 65514 sp: 65508 pc: 5216           N: 0 Z: 1 V: 0 C: 0      
5216:   div $hshsiz, r2               src: 1553      dst: 0         r0: 5 r1: 5028 r2: 3 r3: 152 r4: 0 r5: 65514 sp: 65508 pc: 5220            N: 0 Z: 0 V: 0 C: 0      
5220:   ashc $1., r2                  src: 1         dst: 3         r0: 5 r1: 5028 r2: 6 r3: 304 r4: 0 r5: 65514 sp: 65508 pc: 5224            N: 0 Z: 0 V: 0 C: 0      
5224:   add $hshtab, r3               src: 5722      dst: 304       r0: 5 r1: 5028 r2: 6 r3: 6026 r4: 0 r5: 65514 sp: 65508 pc: 5228           N: 0 Z: 0 V: 0 C: 0      
5228:   sub r2, r3                    src: 6         dst: 6026      r0: 5 r1: 5028 r2: 6 r3: 6020 r4: 0 r5: 65514 sp: 65508 pc: 5230           N: 0 Z: 0 V: 0 C: 0      
5230:   cmp r3, $hshtab               src: 6020      dst: 5722      r0: 5 r1: 5028 r2: 6 r3: 6020 r4: 0 r5: 65514 sp: 65508 pc: 5234           N: 0 Z: 0 V: 0 C: 0      
5234:   bhi 5240.                     src: 3043                     r0: 5 r1: 5028 r2: 6 r3: 6020 r4: 0 r5: 65514 sp: 65508 pc: 5240           N: 0 Z: 0 V: 0 C: 0      
5240:   tst -(r3)                     src: 0                        r0: 5 r1: 5028 r2: 6 r3: 6018 r4: 0 r5: 65514 sp: 65508 pc: 5242           N: 0 Z: 1 V: 0 C: 0      
5242:   bne 5228.                     src: 57475                    r0: 5 r1: 5028 r2: 6 r3: 6018 r4: 0 r5: 65514 sp: 65508 pc: 5244           N: 0 Z: 1 V: 0 C: 0      
5244:   mov (sp)+, r1                 src: 5022      dst: 5028      r0: 5 r1: 5022 r2: 6 r3: 6018 r4: 0 r5: 65514 sp: 65510 pc: 5246           N: 0 Z: 0 V: 0 C: 0      
5246:   mov r1, (r3)                  src: 5022      dst: 0         r0: 5 r1: 5022 r2: 6 r3: 6018 r4: 0 r5: 65514 sp: 65510 pc: 5248           N: 0 Z: 0 V: 0 C: 0      
5248:   add $12., r1                  src: 12        dst: 5022      r0: 5 r1: 5034 r2: 6 r3: 6018 r4: 0 r5: 65514 sp: 65510 pc: 5252           N: 0 Z: 0 V: 0 C: 0      
5252:   cmp r1, $ebsymtab             src: 5034      dst: 5118      r0: 5 r1: 5034 r2: 6 r3: 6018 r4: 0 r5: 65514 sp: 65510 pc: 5256           N: 1 Z: 0 V: 0 C: 1      
5256:   bcs 5196.                     src: 2563                     r0: 5 r1: 5034 r2: 6 r3: 6018 r4: 0 r5: 65514 sp: 65510 pc: 5196           N: 1 Z: 0 V: 0 C: 1      
5196:   clr r3                        src: 6018                     r0: 5 r1: 5034 r2: 6 r3: 0 r4: 0 r5: 65514 sp: 65510 pc: 5198              N: 0 Z: 1 V: 0 C: 0      
5198:   mov $8., r2                   src: 8         dst: 6         r0: 5 r1: 5034 r2: 8 r3: 0 r4: 0 r5: 65514 sp: 65510 pc: 5202              N: 0 Z: 0 V: 0 C: 0      
5202:   mov r1, -(sp)                 src: 5034      dst: 5022      r0: 5 r1: 5034 r2: 8 r3: 0 r4: 0 r5: 65514 sp: 65508 pc: 5204              N: 0 Z: 0 V: 0 C: 0      
5204:   movb (r1)+, r4                src: 46        dst: 0         r0: 5 r1: 5035 r2: 8 r3: 0 r4: 46 r5: 65514 sp: 65508 pc: 5206             N: 0 Z: 0 V: 0 C: 0      
5206:   beq 5214.                     src: 2562                     r0: 5 r1: 5035 r2: 8 r3: 0 r4: 46 r5: 65514 sp: 65508 pc: 5208             N: 0 Z: 0 V: 0 C: 0      
5208:   add r4, r3                    src: 46        dst: 0         r0: 5 r1: 5035 r2: 8 r3: 46 r4: 46 r5: 65514 sp: 65508 pc: 5210            N: 0 Z: 0 V: 0 C: 0      
5210:   swab r3                       src: 46                       r0: 5 r1: 5035 r2: 8 r3: 11776 r4: 46 r5: 65514 sp: 65508 pc: 5212         N: 0 Z: 1 V: 0 C: 0      
5212:   sob r2, 5204.                 src: 8         dst: 68        r0: 5 r1: 5035 r2: 7 r3: 11776 r4: 46 r5: 65514 sp: 65508 pc: 5204         N: 0 Z: 1 V: 0 C: 0      
5204:   movb (r1)+, r4                src: 105       dst: 46        r0: 5 r1: 5036 r2: 7 r3: 11776 r4: 105 r5: 65514 sp: 65508 pc: 5206        N: 0 Z: 0 V: 0 C: 0      
5206:   beq 5214.                     src: 2562                     r0: 5 r1: 5036 r2: 7 r3: 11776 r4: 105 r5: 65514 sp: 65508 pc: 5208        N: 0 Z: 0 V: 0 C: 0      
5208:   add r4, r3                    src: 105       dst: 11776     r0: 5 r1: 5036 r2: 7 r3: 11881 r4: 105 r5: 65514 sp: 65508 pc: 5210        N: 0 Z: 0 V: 0 C: 0      
5210:   swab r3                       src: 11881                    r0: 5 r1: 5036 r2: 7 r3: 26926 r4: 105 r5: 65514 sp: 65508 pc: 5212        N: 0 Z: 0 V: 0 C: 0      
5212:   sob r2, 5204.                 src: 7         dst: 68        r0: 5 r1: 5036 r2: 6 r3: 26926 r4: 105 r5: 65514 sp: 65508 pc: 5204        N: 0 Z: 0 V: 0 C: 0      
5204:   movb (r1)+, r4                src: 102       dst: 105       r0: 5 r1: 5037 r2: 6 r3: 26926 r4: 102 r5: 65514 sp: 65508 pc: 5206        N: 0 Z: 0 V: 0 C: 0      
5206:   beq 5214.                     src: 2562                     r0: 5 r1: 5037 r2: 6 r3: 26926 r4: 102 r5: 65514 sp: 65508 pc: 5208        N: 0 Z: 0 V: 0 C: 0      
5208:   add r4, r3                    src: 102       dst: 26926     r0: 5 r1: 5037 r2: 6 r3: 27028 r4: 102 r5: 65514 sp: 65508 pc: 5210        N: 0 Z: 0 V: 0 C: 0      
5210:   swab r3                       src: 27028                    r0: 5 r1: 5037 r2: 6 r3: 37993 r4: 102 r5: 65514 sp: 65508 pc: 5212        N: 0 Z: 0 V: 0 C: 0      
5212:   sob r2, 5204.                 src: 6         dst: 68        r0: 5 r1: 5037 r2: 5 r3: 37993 r4: 102 r5: 65514 sp: 65508 pc: 5204        N: 0 Z: 0 V: 0 C: 0      
5204:   movb (r1)+, r4                src: 0         dst: 102       r0: 5 r1: 5038 r2: 5 r3: 37993 r4: 0 r5: 65514 sp: 65508 pc: 5206          N: 0 Z: 1 V: 0 C: 0      
5206:   beq 5214.                     src: 2562                     r0: 5 r1: 5038 r2: 5 r3: 37993 r4: 0 r5: 65514 sp: 65508 pc: 5214          N: 0 Z: 1 V: 0 C: 0      
5214:   clr r2                        src: 5                        r0: 5 r1: 5038 r2: 0 r3: 37993 r4: 0 r5: 65514 sp: 65508 pc: 5216          N: 0 Z: 1 V: 0 C: 0      
5216:   div $hshsiz, r2               src: 1553      dst: 0         r0: 5 r1: 5038 r2: 24 r3: 721 r4: 0 r5: 65514 sp: 65508 pc: 5220           N: 0 Z: 0 V: 0 C: 0      
5220:   ashc $1., r2                  src: 1         dst: 24        r0: 5 r1: 5038 r2: 48 r3: 1442 r4: 0 r5: 65514 sp: 65508 pc: 5224          N: 0 Z: 0 V: 0 C: 0      
5224:   add $hshtab, r3               src: 5722      dst: 1442      r0: 5 r1: 5038 r2: 48 r3: 7164 r4: 0 r5: 65514 sp: 65508 pc: 5228          N: 0 Z: 0 V: 0 C: 0      
5228:   sub r2, r3                    src: 48        dst: 7164      r0: 5 r1: 5038 r2: 48 r3: 7116 r4: 0 r5: 65514 sp: 65508 pc: 5230          N: 0 Z: 0 V: 0 C: 0      
5230:   cmp r3, $hshtab               src: 7116      dst: 5722      r0: 5 r1: 5038 r2: 48 r3: 7116 r4: 0 r5: 65514 sp: 65508 pc: 5234          N: 0 Z: 0 V: 0 C: 0      
5234:   bhi 5240.                     src: 3043                     r0: 5 r1: 5038 r2: 48 r3: 7116 r4: 0 r5: 65514 sp: 65508 pc: 5240          N: 0 Z: 0 V: 0 C: 0      
5240:   tst -(r3)                     src: 4470                     r0: 5 r1: 5038 r2: 48 r3: 7114 r4: 0 r5: 65514 sp: 65508 pc: 5242          N: 0 Z: 0 V: 0 C: 0      
5242:   bne 5228.                     src: 57475                    r0: 5 r1: 5038 r2: 48 r3: 7114 r4: 0 r5: 65514 sp: 65508 pc: 5228          N: 0 Z: 0 V: 0 C: 0      
5228:   sub r2, r3                    src: 48        dst: 7114      r0: 5 r1: 5038 r2: 48 r3: 7066 r4: 0 r5: 65514 sp: 65508 pc: 5230          N: 0 Z: 0 V: 0 C: 0      
5230:   cmp r3, $hshtab               src: 7066      dst: 5722      r0: 5 r1: 5038 r2: 48 r3: 7066 r4: 0 r5: 65514 sp: 65508 pc: 5234          N: 0 Z: 0 V: 0 C: 0      
5234:   bhi 5240.                     src: 3043                     r0: 5 r1: 5038 r2: 48 r3: 7066 r4: 0 r5: 65514 sp: 65508 pc: 5240          N: 0 Z: 0 V: 0 C: 0      
5240:   tst -(r3)                     src: 0                        r0: 5 r1: 5038 r2: 48 r3: 7064 r4: 0 r5: 65514 sp: 65508 pc: 5242          N: 0 Z: 1 V: 0 C: 0      
5242:   bne 5228.                     src: 57475                    r0: 5 r1: 5038 r2: 48 r3: 7064 r4: 0 r5: 65514 sp: 65508 pc: 5244          N: 0 Z: 1 V: 0 C: 0      
5244:   mov (sp)+, r1                 src: 5034      dst: 5038      r0: 5 r1: 5034 r2: 48 r3: 7064 r4: 0 r5: 65514 sp: 65510 pc: 5246          N: 0 Z: 0 V: 0 C: 0      
5246:   mov r1, (r3)                  src: 5034      dst: 0         r0: 5 r1: 5034 r2: 48 r3: 7064 r4: 0 r5: 65514 sp: 65510 pc: 5248          N: 0 Z: 0 V: 0 C: 0      
5248:   add $12., r1                  src: 12        dst: 5034      r0: 5 r1: 5046 r2: 48 r3: 7064 r4: 0 r5: 65514 sp: 65510 pc: 5252          N: 0 Z: 0 V: 0 C: 0      
5252:   cmp r1, $ebsymtab             src: 5046      dst: 5118      r0: 5 r1: 5046 r2: 48 r3: 7064 r4: 0 r5: 65514 sp: 65510 pc: 5256          N: 1 Z: 0 V: 0 C: 1      
5256:   bcs 5196.                     src: 2563                     r0: 5 r1: 5046 r2: 48 r3: 7064 r4: 0 r5: 65514 sp: 65510 pc: 5196          N: 1 Z: 0 V: 0 C: 1      
5196:   clr r3                        src: 7064                     r0: 5 r1: 5046 r2: 48 r3: 0 r4: 0 r5: 65514 sp: 65510 pc: 5198             N: 0 Z: 1 V: 0 C: 0      
5198:   mov $8., r2                   src: 8         dst: 48        r0: 5 r1: 5046 r2: 8 r3: 0 r4: 0 r5: 65514 sp: 65510 pc: 5202              N: 0 Z: 0 V: 0 C: 0      
5202:   mov r1, -(sp)                 src: 5046      dst: 5034      r0: 5 r1: 5046 r2: 8 r3: 0 r4: 0 r5: 65514 sp: 65508 pc: 5204              N: 0 Z: 0 V: 0 C: 0      
5204:   movb (r1)+, r4                src: 46        dst: 0         r0: 5 r1: 5047 r2: 8 r3: 0 r4: 46 r5: 65514 sp: 65508 pc: 5206             N: 0 Z: 0 V: 0 C: 0      
5206:   beq 5214.                     src: 2562                     r0: 5 r1: 5047 r2: 8 r3: 0 r4: 46 r5: 65514 sp: 65508 pc: 5208             N: 0 Z: 0 V: 0 C: 0      
5208:   add r4, r3                    src: 46        dst: 0         r0: 5 r1: 5047 r2: 8 r3: 46 r4: 46 r5: 65514 sp: 65508 pc: 5210            N: 0 Z: 0 V: 0 C: 0      
5210:   swab r3                       src: 46                       r0: 5 r1: 5047 r2: 8 r3: 11776 r4: 46 r5: 65514 sp: 65508 pc: 5212         N: 0 Z: 1 V: 0 C: 0      
5212:   sob r2, 5204.                 src: 8         dst: 68        r0: 5 r1: 5047 r2: 7 r3: 11776 r4: 46 r5: 65514 sp: 65508 pc: 5204         N: 0 Z: 1 V: 0 C: 0      
5204:   movb (r1)+, r4                src: 101       dst: 46        r0: 5 r1: 5048 r2: 7 r3: 11776 r4: 101 r5: 65514 sp: 65508 pc: 5206        N: 0 Z: 0 V: 0 C: 0      
5206:   beq 5214.                     src: 2562                     r0: 5 r1: 5048 r2: 7 r3: 11776 r4: 101 r5: 65514 sp: 65508 pc: 5208        N: 0 Z: 0 V: 0 C: 0      
5208:   add r4, r3                    src: 101       dst: 11776     r0: 5 r1: 5048 r2: 7 r3: 11877 r4: 101 r5: 65514 sp: 65508 pc: 5210        N: 0 Z: 0 V: 0 C: 0      
5210:   swab r3                       src: 11877                    r0: 5 r1: 5048 r2: 7 r3: 25902 r4: 101 r5: 65514 sp: 65508 pc: 5212        N: 0 Z: 0 V: 0 C: 0      
5212:   sob r2, 5204.                 src: 7         dst: 68        r0: 5 r1: 5048 r2: 6 r3: 25902 r4: 101 r5: 65514 sp: 65508 pc: 5204        N: 0 Z: 0 V: 0 C: 0      
5204:   movb (r1)+, r4                src: 110       dst: 101       r0: 5 r1: 5049 r2: 6 r3: 25902 r4: 110 r5: 65514 sp: 65508 pc: 5206        N: 0 Z: 0 V: 0 C: 0      
5206:   beq 5214.                     src: 2562                     r0: 5 r1: 5049 r2: 6 r3: 25902 r4: 110 r5: 65514 sp: 65508 pc: 5208        N: 0 Z: 0 V: 0 C: 0      
5208:   add r4, r3                    src: 110       dst: 25902     r0: 5 r1: 5049 r2: 6 r3: 26012 r4: 110 r5: 65514 sp: 65508 pc: 5210        N: 0 Z: 0 V: 0 C: 0      
5210:   swab r3                       src: 26012                    r0: 5 r1: 5049 r2: 6 r3: 40037 r4: 110 r5: 65514 sp: 65508 pc: 5212        N: 0 Z: 0 V: 0 C: 0      
5212:   sob r2, 5204.                 src: 6         dst: 68        r0: 5 r1: 5049 r2: 5 r3: 40037 r4: 110 r5: 65514 sp: 65508 pc: 5204        N: 0 Z: 0 V: 0 C: 0      
5204:   movb (r1)+, r4                src: 100       dst: 110       r0: 5 r1: 5050 r2: 5 r3: 40037 r4: 100 r5: 65514 sp: 65508 pc: 5206        N: 0 Z: 0 V: 0 C: 0      
5206:   beq 5214.                     src: 2562                     r0: 5 r1: 5050 r2: 5 r3: 40037 r4: 100 r5: 65514 sp: 65508 pc: 5208        N: 0 Z: 0 V: 0 C: 0      
5208:   add r4, r3                    src: 100       dst: 40037     r0: 5 r1: 5050 r2: 5 r3: 40137 r4: 100 r5: 65514 sp: 65508 pc: 5210        N: 0 Z: 0 V: 0 C: 0      
5210:   swab r3                       src: 40137                    r0: 5 r1: 5050 r2: 5 r3: 51612 r4: 100 r5: 65514 sp: 65508 pc: 5212        N: 1 Z: 0 V: 0 C: 0      
5212:   sob r2, 5204.                 src: 5         dst: 68        r0: 5 r1: 5050 r2: 4 r3: 51612 r4: 100 r5: 65514 sp: 65508 pc: 5204        N: 1 Z: 0 V: 0 C: 0      
5204:   movb (r1)+, r4                src: 105       dst: 100       r0: 5 r1: 5051 r2: 4 r3: 51612 r4: 105 r5: 65514 sp: 65508 pc: 5206        N: 0 Z: 0 V: 0 C: 0      
5206:   beq 5214.                     src: 2562                     r0: 5 r1: 5051 r2: 4 r3: 51612 r4: 105 r5: 65514 sp: 65508 pc: 5208        N: 0 Z: 0 V: 0 C: 0      
5208:   add r4, r3                    src: 105       dst: 51612     r0: 5 r1: 5051 r2: 4 r3: 51717 r4: 105 r5: 65514 sp: 65508 pc: 5210        N: 0 Z: 0 V: 0 C: 0      
5210:   swab r3                       src: 51717                    r0: 5 r1: 5051 r2: 4 r3: 1482 r4: 105 r5: 65514 sp: 65508 pc: 5212         N: 1 Z: 0 V: 0 C: 0      
5212:   sob r2, 5204.                 src: 4         dst: 68        r0: 5 r1: 5051 r2: 3 r3: 1482 r4: 105 r5: 65514 sp: 65508 pc: 5204         N: 1 Z: 0 V: 0 C: 0      
5204:   movb (r1)+, r4                src: 102       dst: 105       r0: 5 r1: 5052 r2: 3 r3: 1482 r4: 102 r5: 65514 sp: 65508 pc: 5206         N: 0 Z: 0 V: 0 C: 0      
5206:   beq 5214.                     src: 2562                     r0: 5 r1: 5052 r2: 3 r3: 1482 r4: 102 r5: 65514 sp: 65508 pc: 5208         N: 0 Z: 0 V: 0 C: 0      
5208:   add r4, r3                    src: 102       dst: 1482      r0: 5 r1: 5052 r2: 3 r3: 1584 r4: 102 r5: 65514 sp: 65508 pc: 5210         N: 0 Z: 0 V: 0 C: 0      
5210:   swab r3                       src: 1584                     r0: 5 r1: 5052 r2: 3 r3: 12294 r4: 102 r5: 65514 sp: 65508 pc: 5212        N: 0 Z: 0 V: 0 C: 0      
5212:   sob r2, 5204.                 src: 3         dst: 68        r0: 5 r1: 5052 r2: 2 r3: 12294 r4: 102 r5: 65514 sp: 65508 pc: 5204        N: 0 Z: 0 V: 0 C: 0      
5204:   movb (r1)+, r4                src: 0         dst: 102       r0: 5 r1: 5053 r2: 2 r3: 12294 r4: 0 r5: 65514 sp: 65508 pc: 5206          N: 0 Z: 1 V: 0 C: 0      
5206:   beq 5214.                     src: 2562                     r0: 5 r1: 5053 r2: 2 r3: 12294 r4: 0 r5: 65514 sp: 65508 pc: 5214          N: 0 Z: 1 V: 0 C: 0      
5214:   clr r2                        src: 2                        r0: 5 r1: 5053 r2: 0 r3: 12294 r4: 0 r5: 65514 sp: 65508 pc: 5216          N: 0 Z: 1 V: 0 C: 0      
5216:   div $hshsiz, r2               src: 1553      dst: 0         r0: 5 r1: 5053 r2: 7 r3: 1423 r4: 0 r5: 65514 sp: 65508 pc: 5220           N: 0 Z: 0 V: 0 C: 0      
5220:   ashc $1., r2                  src: 1         dst: 7         r0: 5 r1: 5053 r2: 14 r3: 2846 r4: 0 r5: 65514 sp: 65508 pc: 5224          N: 0 Z: 0 V: 0 C: 0      
5224:   add $hshtab, r3               src: 5722      dst: 2846      r0: 5 r1: 5053 r2: 14 r3: 8568 r4: 0 r5: 65514 sp: 65508 pc: 5228          N: 0 Z: 0 V: 0 C: 0      
5228:   sub r2, r3                    src: 14        dst: 8568      r0: 5 r1: 5053 r2: 14 r3: 8554 r4: 0 r5: 65514 sp: 65508 pc: 5230          N: 0 Z: 0 V: 0 C: 0      
5230:   cmp r3, $hshtab               src: 8554      dst: 5722      r0: 5 r1: 5053 r2: 14 r3: 8554 r4: 0 r5: 65514 sp: 65508 pc: 5234          N: 0 Z: 0 V: 0 C: 0      
5234:   bhi 5240.                     src: 3043                     r0: 5 r1: 5053 r2: 14 r3: 8554 r4: 0 r5: 65514 sp: 65508 pc: 5240          N: 0 Z: 0 V: 0 C: 0      
5240:   tst -(r3)                     src: 0                        r0: 5 r1: 5053 r2: 14 r3: 8552 r4: 0 r5: 65514 sp: 65508 pc: 5242          N: 0 Z: 1 V: 0 C: 0      
5242:   bne 5228.                     src: 57475                    r0: 5 r1: 5053 r2: 14 r3: 8552 r4: 0 r5: 65514 sp: 65508 pc: 5244          N: 0 Z: 1 V: 0 C: 0      
5244:   mov (sp)+, r1                 src: 5046      dst: 5053      r0: 5 r1: 5046 r2: 14 r3: 8552 r4: 0 r5: 65514 sp: 65510 pc: 5246          N: 0 Z: 0 V: 0 C: 0      
5246:   mov r1, (r3)                  src: 5046      dst: 0         r0: 5 r1: 5046 r2: 14 r3: 8552 r4: 0 r5: 65514 sp: 65510 pc: 5248          N: 0 Z: 0 V: 0 C: 0      
5248:   add $12., r1                  src: 12        dst: 5046      r0: 5 r1: 5058 r2: 14 r3: 8552 r4: 0 r5: 65514 sp: 65510 pc: 5252          N: 0 Z: 0 V: 0 C: 0      
5252:   cmp r1, $ebsymtab             src: 5058      dst: 5118      r0: 5 r1: 5058 r2: 14 r3: 8552 r4: 0 r5: 65514 sp: 65510 pc: 5256          N: 1 Z: 0 V: 0 C: 1      
5256:   bcs 5196.                     src: 2563                     r0: 5 r1: 5058 r2: 14 r3: 8552 r4: 0 r5: 65514 sp: 65510 pc: 5196          N: 1 Z: 0 V: 0 C: 1      
5196:   clr r3                        src: 8552                     r0: 5 r1: 5058 r2: 14 r3: 0 r4: 0 r5: 65514 sp: 65510 pc: 5198             N: 0 Z: 1 V: 0 C: 0      
5198:   mov $8., r2                   src: 8         dst: 14        r0: 5 r1: 5058 r2: 8 r3: 0 r4: 0 r5: 65514 sp: 65510 pc: 5202              N: 0 Z: 0 V: 0 C: 0      
5202:   mov r1, -(sp)                 src: 5058      dst: 5046      r0: 5 r1: 5058 r2: 8 r3: 0 r4: 0 r5: 65514 sp: 65508 pc: 5204              N: 0 Z: 0 V: 0 C: 0      
5204:   movb (r1)+, r4                src: 46        dst: 0         r0: 5 r1: 5059 r2: 8 r3: 0 r4: 46 r5: 65514 sp: 65508 pc: 5206             N: 0 Z: 0 V: 0 C: 0      
5206:   beq 5214.                     src: 2562                     r0: 5 r1: 5059 r2: 8 r3: 0 r4: 46 r5: 65514 sp: 65508 pc: 5208             N: 0 Z: 0 V: 0 C: 0      
5208:   add r4, r3                    src: 46        dst: 0         r0: 5 r1: 5059 r2: 8 r3: 46 r4: 46 r5: 65514 sp: 65508 pc: 5210            N: 0 Z: 0 V: 0 C: 0      
5210:   swab r3                       src: 46                       r0: 5 r1: 5059 r2: 8 r3: 11776 r4: 46 r5: 65514 sp: 65508 pc: 5212         N: 0 Z: 1 V: 0 C: 0      
5212:   sob r2, 5204.                 src: 8         dst: 68        r0: 5 r1: 5059 r2: 7 r3: 11776 r4: 46 r5: 65514 sp: 65508 pc: 5204         N: 0 Z: 1 V: 0 C: 0      
5204:   movb (r1)+, r4                src: 103       dst: 46        r0: 5 r1: 5060 r2: 7 r3: 11776 r4: 103 r5: 65514 sp: 65508 pc: 5206        N: 0 Z: 0 V: 0 C: 0      
5206:   beq 5214.                     src: 2562                     r0: 5 r1: 5060 r2: 7 r3: 11776 r4: 103 r5: 65514 sp: 65508 pc: 5208        N: 0 Z: 0 V: 0 C: 0      
5208:   add r4, r3                    src: 103       dst: 11776     r0: 5 r1: 5060 r2: 7 r3: 11879 r4: 103 r5: 65514 sp: 65508 pc: 5210        N: 0 Z: 0 V: 0 C: 0      
5210:   swab r3                       src: 11879                    r0: 5 r1: 5060 r2: 7 r3: 26414 r4: 103 r5: 65514 sp: 65508 pc: 5212        N: 0 Z: 0 V: 0 C: 0      
5212:   sob r2, 5204.                 src: 7         dst: 68        r0: 5 r1: 5060 r2: 6 r3: 26414 r4: 103 r5: 65514 sp: 65508 pc: 5204        N: 0 Z: 0 V: 0 C: 0      
5204:   movb (r1)+, r4                src: 108       dst: 103       r0: 5 r1: 5061 r2: 6 r3: 26414 r4: 108 r5: 65514 sp: 65508 pc: 5206        N: 0 Z: 0 V: 0 C: 0      
5206:   beq 5214.                     src: 2562                     r0: 5 r1: 5061 r2: 6 r3: 26414 r4: 108 r5: 65514 sp: 65508 pc: 5208        N: 0 Z: 0 V: 0 C: 0      
5208:   add r4, r3                    src: 108       dst: 26414     r0: 5 r1: 5061 r2: 6 r3: 26522 r4: 108 r5: 65514 sp: 65508 pc: 5210        N: 0 Z: 0 V: 0 C: 0      
5210:   swab r3                       src: 26522                    r0: 5 r1: 5061 r2: 6 r3: 39527 r4: 108 r5: 65514 sp: 65508 pc: 5212        N: 0 Z: 0 V: 0 C: 0      
5212:   sob r2, 5204.                 src: 6         dst: 68        r0: 5 r1: 5061 r2: 5 r3: 39527 r4: 108 r5: 65514 sp: 65508 pc: 5204        N: 0 Z: 0 V: 0 C: 0      
5204:   movb (r1)+, r4                src: 111       dst: 108       r0: 5 r1: 5062 r2: 5 r3: 39527 r4: 111 r5: 65514 sp: 65508 pc: 5206        N: 0 Z: 0 V: 0 C: 0      
5206:   beq 5214.                     src: 2562                     r0: 5 r1: 5062 r2: 5 r3: 39527 r4: 111 r5: 65514 sp: 65508 pc: 5208        N: 0 Z: 0 V: 0 C: 0      
5208:   add r4, r3                    src: 111       dst: 39527     r0: 5 r1: 5062 r2: 5 r3: 39638 r4: 111 r5: 65514 sp: 65508 pc: 5210        N: 0 Z: 0 V: 0 C: 0      
5210:   swab r3                       src: 39638                    r0: 5 r1: 5062 r2: 5 r3: 54938 r4: 111 r5: 65514 sp: 65508 pc: 5212        N: 1 Z: 0 V: 0 C: 0      
5212:   sob r2, 5204.                 src: 5         dst: 68        r0: 5 r1: 5062 r2: 4 r3: 54938 r4: 111 r5: 65514 sp: 65508 pc: 5204        N: 1 Z: 0 V: 0 C: 0      
5204:   movb (r1)+, r4                src: 98        dst: 111       r0: 5 r1: 5063 r2: 4 r3: 54938 r4: 98 r5: 65514 sp: 65508 pc: 5206         N: 0 Z: 0 V: 0 C: 0      
5206:   beq 5214.                     src: 2562                     r0: 5 r1: 5063 r2: 4 r3: 54938 r4: 98 r5: 65514 sp: 65508 pc: 5208         N: 0 Z: 0 V: 0 C: 0      
5208:   add r4, r3                    src: 98        dst: 54938     r0: 5 r1: 5063 r2: 4 r3: 55036 r4: 98 r5: 65514 sp: 65508 pc: 5210         N: 0 Z: 0 V: 0 C: 0      
5210:   swab r3                       src: 55036                    r0: 5 r1: 5063 r2: 4 r3: 64726 r4: 98 r5: 65514 sp: 65508 pc: 5212         N: 1 Z: 0 V: 0 C: 0      
5212:   sob r2, 5204.                 src: 4         dst: 68        r0: 5 r1: 5063 r2: 3 r3: 64726 r4: 98 r5: 65514 sp: 65508 pc: 5204         N: 1 Z: 0 V: 0 C: 0      
5204:   movb (r1)+, r4                src: 108       dst: 98        r0: 5 r1: 5064 r2: 3 r3: 64726 r4: 108 r5: 65514 sp: 65508 pc: 5206        N: 0 Z: 0 V: 0 C: 0      
5206:   beq 5214.                     src: 2562                     r0: 5 r1: 5064 r2: 3 r3: 64726 r4: 108 r5: 65514 sp: 65508 pc: 5208        N: 0 Z: 0 V: 0 C: 0      
5208:   add r4, r3                    src: 108       dst: 64726     r0: 5 r1: 5064 r2: 3 r3: 64834 r4: 108 r5: 65514 sp: 65508 pc: 5210        N: 0 Z: 0 V: 0 C: 0      
5210:   swab r3                       src: 64834                    r0: 5 r1: 5064 r2: 3 r3: 17149 r4: 108 r5: 65514 sp: 65508 pc: 5212        N: 1 Z: 0 V: 0 C: 0      
5212:   sob r2, 5204.                 src: 3         dst: 68        r0: 5 r1: 5064 r2: 2 r3: 17149 r4: 108 r5: 65514 sp: 65508 pc: 5204        N: 1 Z: 0 V: 0 C: 0      
5204:   movb (r1)+, r4                src: 0         dst: 108       r0: 5 r1: 5065 r2: 2 r3: 17149 r4: 0 r5: 65514 sp: 65508 pc: 5206          N: 0 Z: 1 V: 0 C: 0      
5206:   beq 5214.                     src: 2562                     r0: 5 r1: 5065 r2: 2 r3: 17149 r4: 0 r5: 65514 sp: 65508 pc: 5214          N: 0 Z: 1 V: 0 C: 0      
5214:   clr r2                        src: 2                        r0: 5 r1: 5065 r2: 0 r3: 17149 r4: 0 r5: 65514 sp: 65508 pc: 5216          N: 0 Z: 1 V: 0 C: 0      
5216:   div $hshsiz, r2               src: 1553      dst: 0         r0: 5 r1: 5065 r2: 11 r3: 66 r4: 0 r5: 65514 sp: 65508 pc: 5220            N: 0 Z: 0 V: 0 C: 0      
5220:   ashc $1., r2                  src: 1         dst: 11        r0: 5 r1: 5065 r2: 22 r3: 132 r4: 0 r5: 65514 sp: 65508 pc: 5224           N: 0 Z: 0 V: 0 C: 0      
5224:   add $hshtab, r3               src: 5722      dst: 132       r0: 5 r1: 5065 r2: 22 r3: 5854 r4: 0 r5: 65514 sp: 65508 pc: 5228          N: 0 Z: 0 V: 0 C: 0      
5228:   sub r2, r3                    src: 22        dst: 5854      r0: 5 r1: 5065 r2: 22 r3: 5832 r4: 0 r5: 65514 sp: 65508 pc: 5230          N: 0 Z: 0 V: 0 C: 0      
5230:   cmp r3, $hshtab               src: 5832      dst: 5722      r0: 5 r1: 5065 r2: 22 r3: 5832 r4: 0 r5: 65514 sp: 65508 pc: 5234          N: 0 Z: 0 V: 0 C: 0      
5234:   bhi 5240.                     src: 3043                     r0: 5 r1: 5065 r2: 22 r3: 5832 r4: 0 r5: 65514 sp: 65508 pc: 5240          N: 0 Z: 0 V: 0 C: 0      
5240:   tst -(r3)                     src: 1                        r0: 5 r1: 5065 r2: 22 r3: 5830 r4: 0 r5: 65514 sp: 65508 pc: 5242          N: 0 Z: 0 V: 0 C: 0      
5242:   bne 5228.                     src: 57475                    r0: 5 r1: 5065 r2: 22 r3: 5830 r4: 0 r5: 65514 sp: 65508 pc: 5228          N: 0 Z: 0 V: 0 C: 0      
5228:   sub r2, r3                    src: 22        dst: 5830      r0: 5 r1: 5065 r2: 22 r3: 5808 r4: 0 r5: 65514 sp: 65508 pc: 5230          N: 0 Z: 0 V: 0 C: 0      
5230:   cmp r3, $hshtab               src: 5808      dst: 5722      r0: 5 r1: 5065 r2: 22 r3: 5808 r4: 0 r5: 65514 sp: 65508 pc: 5234          N: 0 Z: 0 V: 0 C: 0      
5234:   bhi 5240.                     src: 3043                     r0: 5 r1: 5065 r2: 22 r3: 5808 r4: 0 r5: 65514 sp: 65508 pc: 5240          N: 0 Z: 0 V: 0 C: 0      
5240:   tst -(r3)                     src: 0                        r0: 5 r1: 5065 r2: 22 r3: 5806 r4: 0 r5: 65514 sp: 65508 pc: 5242          N: 0 Z: 1 V: 0 C: 0      
5242:   bne 5228.                     src: 57475                    r0: 5 r1: 5065 r2: 22 r3: 5806 r4: 0 r5: 65514 sp: 65508 pc: 5244          N: 0 Z: 1 V: 0 C: 0      
5244:   mov (sp)+, r1                 src: 5058      dst: 5065      r0: 5 r1: 5058 r2: 22 r3: 5806 r4: 0 r5: 65514 sp: 65510 pc: 5246          N: 0 Z: 0 V: 0 C: 0      
5246:   mov r1, (r3)                  src: 5058      dst: 0         r0: 5 r1: 5058 r2: 22 r3: 5806 r4: 0 r5: 65514 sp: 65510 pc: 5248          N: 0 Z: 0 V: 0 C: 0      
5248:   add $12., r1                  src: 12        dst: 5058      r0: 5 r1: 5070 r2: 22 r3: 5806 r4: 0 r5: 65514 sp: 65510 pc: 5252          N: 0 Z: 0 V: 0 C: 0      
5252:   cmp r1, $ebsymtab             src: 5070      dst: 5118      r0: 5 r1: 5070 r2: 22 r3: 5806 r4: 0 r5: 65514 sp: 65510 pc: 5256          N: 1 Z: 0 V: 0 C: 1      
5256:   bcs 5196.                     src: 2563                     r0: 5 r1: 5070 r2: 22 r3: 5806 r4: 0 r5: 65514 sp: 65510 pc: 5196          N: 1 Z: 0 V: 0 C: 1      
5196:   clr r3                        src: 5806                     r0: 5 r1: 5070 r2: 22 r3: 0 r4: 0 r5: 65514 sp: 65510 pc: 5198             N: 0 Z: 1 V: 0 C: 0      
5198:   mov $8., r2                   src: 8         dst: 22        r0: 5 r1: 5070 r2: 8 r3: 0 r4: 0 r5: 65514 sp: 65510 pc: 5202              N: 0 Z: 0 V: 0 C: 0      
5202:   mov r1, -(sp)                 src: 5070      dst: 5058      r0: 5 r1: 5070 r2: 8 r3: 0 r4: 0 r5: 65514 sp: 65508 pc: 5204              N: 0 Z: 0 V: 0 C: 0      
5204:   movb (r1)+, r4                src: 46        dst: 0         r0: 5 r1: 5071 r2: 8 r3: 0 r4: 46 r5: 65514 sp: 65508 pc: 5206             N: 0 Z: 0 V: 0 C: 0      
5206:   beq 5214.                     src: 2562                     r0: 5 r1: 5071 r2: 8 r3: 0 r4: 46 r5: 65514 sp: 65508 pc: 5208             N: 0 Z: 0 V: 0 C: 0      
5208:   add r4, r3                    src: 46        dst: 0         r0: 5 r1: 5071 r2: 8 r3: 46 r4: 46 r5: 65514 sp: 65508 pc: 5210            N: 0 Z: 0 V: 0 C: 0      
5210:   swab r3                       src: 46                       r0: 5 r1: 5071 r2: 8 r3: 11776 r4: 46 r5: 65514 sp: 65508 pc: 5212         N: 0 Z: 1 V: 0 C: 0      
5212:   sob r2, 5204.                 src: 8         dst: 68        r0: 5 r1: 5071 r2: 7 r3: 11776 r4: 46 r5: 65514 sp: 65508 pc: 5204         N: 0 Z: 1 V: 0 C: 0      
5204:   movb (r1)+, r4                src: 116       dst: 46        r0: 5 r1: 5072 r2: 7 r3: 11776 r4: 116 r5: 65514 sp: 65508 pc: 5206        N: 0 Z: 0 V: 0 C: 0      
5206:   beq 5214.                     src: 2562                     r0: 5 r1: 5072 r2: 7 r3: 11776 r4: 116 r5: 65514 sp: 65508 pc: 5208        N: 0 Z: 0 V: 0 C: 0      
5208:   add r4, r3                    src: 116       dst: 11776     r0: 5 r1: 5072 r2: 7 r3: 11892 r4: 116 r5: 65514 sp: 65508 pc: 5210        N: 0 Z: 0 V: 0 C: 0      
5210:   swab r3                       src: 11892                    r0: 5 r1: 5072 r2: 7 r3: 29742 r4: 116 r5: 65514 sp: 65508 pc: 5212        N: 0 Z: 0 V: 0 C: 0      
5212:   sob r2, 5204.                 src: 7         dst: 68        r0: 5 r1: 5072 r2: 6 r3: 29742 r4: 116 r5: 65514 sp: 65508 pc: 5204        N: 0 Z: 0 V: 0 C: 0      
5204:   movb (r1)+, r4                src: 101       dst: 116       r0: 5 r1: 5073 r2: 6 r3: 29742 r4: 101 r5: 65514 sp: 65508 pc: 5206        N: 0 Z: 0 V: 0 C: 0      
5206:   beq 5214.                     src: 2562                     r0: 5 r1: 5073 r2: 6 r3: 29742 r4: 101 r5: 65514 sp: 65508 pc: 5208        N: 0 Z: 0 V: 0 C: 0      
5208:   add r4, r3                    src: 101       dst: 29742     r0: 5 r1: 5073 r2: 6 r3: 29843 r4: 101 r5: 65514 sp: 65508 pc: 5210        N: 0 Z: 0 V: 0 C: 0      
5210:   swab r3                       src: 29843                    r0: 5 r1: 5073 r2: 6 r3: 37748 r4: 101 r5: 65514 sp: 65508 pc: 5212        N: 0 Z: 0 V: 0 C: 0      
5212:   sob r2, 5204.                 src: 6         dst: 68        r0: 5 r1: 5073 r2: 5 r3: 37748 r4: 101 r5: 65514 sp: 65508 pc: 5204        N: 0 Z: 0 V: 0 C: 0      
5204:   movb (r1)+, r4                src: 120       dst: 101       r0: 5 r1: 5074 r2: 5 r3: 37748 r4: 120 r5: 65514 sp: 65508 pc: 5206        N: 0 Z: 0 V: 0 C: 0      
5206:   beq 5214.                     src: 2562                     r0: 5 r1: 5074 r2: 5 r3: 37748 r4: 120 r5: 65514 sp: 65508 pc: 5208        N: 0 Z: 0 V: 0 C: 0      
5208:   add r4, r3                    src: 120       dst: 37748     r0: 5 r1: 5074 r2: 5 r3: 37868 r4: 120 r5: 65514 sp: 65508 pc: 5210        N: 0 Z: 0 V: 0 C: 0      
5210:   swab r3                       src: 37868                    r0: 5 r1: 5074 r2: 5 r3: 60563 r4: 120 r5: 65514 sp: 65508 pc: 5212        N: 1 Z: 0 V: 0 C: 0      
5212:   sob r2, 5204.                 src: 5         dst: 68        r0: 5 r1: 5074 r2: 4 r3: 60563 r4: 120 r5: 65514 sp: 65508 pc: 5204        N: 1 Z: 0 V: 0 C: 0      
5204:   movb (r1)+, r4                src: 116       dst: 120       r0: 5 r1: 5075 r2: 4 r3: 60563 r4: 116 r5: 65514 sp: 65508 pc: 5206        N: 0 Z: 0 V: 0 C: 0      
5206:   beq 5214.                     src: 2562                     r0: 5 r1: 5075 r2: 4 r3: 60563 r4: 116 r5: 65514 sp: 65508 pc: 5208        N: 0 Z: 0 V: 0 C: 0      
5208:   add r4, r3                    src: 116       dst: 60563     r0: 5 r1: 5075 r2: 4 r3: 60679 r4: 116 r5: 65514 sp: 65508 pc: 5210        N: 0 Z: 0 V: 0 C: 0      
5210:   swab r3                       src: 60679                    r0: 5 r1: 5075 r2: 4 r3: 2029 r4: 116 r5: 65514 sp: 65508 pc: 5212         N: 1 Z: 0 V: 0 C: 0      
5212:   sob r2, 5204.                 src: 4         dst: 68        r0: 5 r1: 5075 r2: 3 r3: 2029 r4: 116 r5: 65514 sp: 65508 pc: 5204         N: 1 Z: 0 V: 0 C: 0      
5204:   movb (r1)+, r4                src: 0         dst: 116       r0: 5 r1: 5076 r2: 3 r3: 2029 r4: 0 r5: 65514 sp: 65508 pc: 5206           N: 0 Z: 1 V: 0 C: 0      
5206:   beq 5214.                     src: 2562                     r0: 5 r1: 5076 r2: 3 r3: 2029 r4: 0 r5: 65514 sp: 65508 pc: 5214           N: 0 Z: 1 V: 0 C: 0      
5214:   clr r2                        src: 3                        r0: 5 r1: 5076 r2: 0 r3: 2029 r4: 0 r5: 65514 sp: 65508 pc: 5216           N: 0 Z: 1 V: 0 C: 0      
5216:   div $hshsiz, r2               src: 1553      dst: 0         r0: 5 r1: 5076 r2: 1 r3: 476 r4: 0 r5: 65514 sp: 65508 pc: 5220            N: 0 Z: 0 V: 0 C: 0      
5220:   ashc $1., r2                  src: 1         dst: 1         r0: 5 r1: 5076 r2: 2 r3: 952 r4: 0 r5: 65514 sp: 65508 pc: 5224            N: 0 Z: 0 V: 0 C: 0      
5224:   add $hshtab, r3               src: 5722      dst: 952       r0: 5 r1: 5076 r2: 2 r3: 6674 r4: 0 r5: 65514 sp: 65508 pc: 5228           N: 0 Z: 0 V: 0 C: 0      
5228:   sub r2, r3                    src: 2         dst: 6674      r0: 5 r1: 5076 r2: 2 r3: 6672 r4: 0 r5: 65514 sp: 65508 pc: 5230           N: 0 Z: 0 V: 0 C: 0      
5230:   cmp r3, $hshtab               src: 6672      dst: 5722      r0: 5 r1: 5076 r2: 2 r3: 6672 r4: 0 r5: 65514 sp: 65508 pc: 5234           N: 0 Z: 0 V: 0 C: 0      
5234:   bhi 5240.                     src: 3043                     r0: 5 r1: 5076 r2: 2 r3: 6672 r4: 0 r5: 65514 sp: 65508 pc: 5240           N: 0 Z: 0 V: 0 C: 0      
5240:   tst -(r3)                     src: 0                        r0: 5 r1: 5076 r2: 2 r3: 6670 r4: 0 r5: 65514 sp: 65508 pc: 5242           N: 0 Z: 1 V: 0 C: 0      
5242:   bne 5228.                     src: 57475                    r0: 5 r1: 5076 r2: 2 r3: 6670 r4: 0 r5: 65514 sp: 65508 pc: 5244           N: 0 Z: 1 V: 0 C: 0      
5244:   mov (sp)+, r1                 src: 5070      dst: 5076      r0: 5 r1: 5070 r2: 2 r3: 6670 r4: 0 r5: 65514 sp: 65510 pc: 5246           N: 0 Z: 0 V: 0 C: 0      
5246:   mov r1, (r3)                  src: 5070      dst: 0         r0: 5 r1: 5070 r2: 2 r3: 6670 r4: 0 r5: 65514 sp: 65510 pc: 5248           N: 0 Z: 0 V: 0 C: 0      
5248:   add $12., r1                  src: 12        dst: 5070      r0: 5 r1: 5082 r2: 2 r3: 6670 r4: 0 r5: 65514 sp: 65510 pc: 5252           N: 0 Z: 0 V: 0 C: 0      
5252:   cmp r1, $ebsymtab             src: 5082      dst: 5118      r0: 5 r1: 5082 r2: 2 r3: 6670 r4: 0 r5: 65514 sp: 65510 pc: 5256           N: 1 Z: 0 V: 0 C: 1      
5256:   bcs 5196.                     src: 2563                     r0: 5 r1: 5082 r2: 2 r3: 6670 r4: 0 r5: 65514 sp: 65510 pc: 5196           N: 1 Z: 0 V: 0 C: 1      
5196:   clr r3                        src: 6670                     r0: 5 r1: 5082 r2: 2 r3: 0 r4: 0 r5: 65514 sp: 65510 pc: 5198              N: 0 Z: 1 V: 0 C: 0      
5198:   mov $8., r2                   src: 8         dst: 2         r0: 5 r1: 5082 r2: 8 r3: 0 r4: 0 r5: 65514 sp: 65510 pc: 5202              N: 0 Z: 0 V: 0 C: 0      
5202:   mov r1, -(sp)                 src: 5082      dst: 5070      r0: 5 r1: 5082 r2: 8 r3: 0 r4: 0 r5: 65514 sp: 65508 pc: 5204              N: 0 Z: 0 V: 0 C: 0      
5204:   movb (r1)+, r4                src: 46        dst: 0         r0: 5 r1: 5083 r2: 8 r3: 0 r4: 46 r5: 65514 sp: 65508 pc: 5206             N: 0 Z: 0 V: 0 C: 0      
5206:   beq 5214.                     src: 2562                     r0: 5 r1: 5083 r2: 8 r3: 0 r4: 46 r5: 65514 sp: 65508 pc: 5208             N: 0 Z: 0 V: 0 C: 0      
5208:   add r4, r3                    src: 46        dst: 0         r0: 5 r1: 5083 r2: 8 r3: 46 r4: 46 r5: 65514 sp: 65508 pc: 5210            N: 0 Z: 0 V: 0 C: 0      
5210:   swab r3                       src: 46                       r0: 5 r1: 5083 r2: 8 r3: 11776 r4: 46 r5: 65514 sp: 65508 pc: 5212         N: 0 Z: 1 V: 0 C: 0      
5212:   sob r2, 5204.                 src: 8         dst: 68        r0: 5 r1: 5083 r2: 7 r3: 11776 r4: 46 r5: 65514 sp: 65508 pc: 5204         N: 0 Z: 1 V: 0 C: 0      
5204:   movb (r1)+, r4                src: 100       dst: 46        r0: 5 r1: 5084 r2: 7 r3: 11776 r4: 100 r5: 65514 sp: 65508 pc: 5206        N: 0 Z: 0 V: 0 C: 0      
5206:   beq 5214.                     src: 2562                     r0: 5 r1: 5084 r2: 7 r3: 11776 r4: 100 r5: 65514 sp: 65508 pc: 5208        N: 0 Z: 0 V: 0 C: 0      
5208:   add r4, r3                    src: 100       dst: 11776     r0: 5 r1: 5084 r2: 7 r3: 11876 r4: 100 r5: 65514 sp: 65508 pc: 5210        N: 0 Z: 0 V: 0 C: 0      
5210:   swab r3                       src: 11876                    r0: 5 r1: 5084 r2: 7 r3: 25646 r4: 100 r5: 65514 sp: 65508 pc: 5212        N: 0 Z: 0 V: 0 C: 0      
5212:   sob r2, 5204.                 src: 7         dst: 68        r0: 5 r1: 5084 r2: 6 r3: 25646 r4: 100 r5: 65514 sp: 65508 pc: 5204        N: 0 Z: 0 V: 0 C: 0      
5204:   movb (r1)+, r4                src: 97        dst: 100       r0: 5 r1: 5085 r2: 6 r3: 25646 r4: 97 r5: 65514 sp: 65508 pc: 5206         N: 0 Z: 0 V: 0 C: 0      
5206:   beq 5214.                     src: 2562                     r0: 5 r1: 5085 r2: 6 r3: 25646 r4: 97 r5: 65514 sp: 65508 pc: 5208         N: 0 Z: 0 V: 0 C: 0      
5208:   add r4, r3                    src: 97        dst: 25646     r0: 5 r1: 5085 r2: 6 r3: 25743 r4: 97 r5: 65514 sp: 65508 pc: 5210         N: 0 Z: 0 V: 0 C: 0      
5210:   swab r3                       src: 25743                    r0: 5 r1: 5085 r2: 6 r3: 36708 r4: 97 r5: 65514 sp: 65508 pc: 5212         N: 0 Z: 0 V: 0 C: 0      
5212:   sob r2, 5204.                 src: 6         dst: 68        r0: 5 r1: 5085 r2: 5 r3: 36708 r4: 97 r5: 65514 sp: 65508 pc: 5204         N: 0 Z: 0 V: 0 C: 0      
5204:   movb (r1)+, r4                src: 116       dst: 97        r0: 5 r1: 5086 r2: 5 r3: 36708 r4: 116 r5: 65514 sp: 65508 pc: 5206        N: 0 Z: 0 V: 0 C: 0      
5206:   beq 5214.                     src: 2562                     r0: 5 r1: 5086 r2: 5 r3: 36708 r4: 116 r5: 65514 sp: 65508 pc: 5208        N: 0 Z: 0 V: 0 C: 0      
5208:   add r4, r3                    src: 116       dst: 36708     r0: 5 r1: 5086 r2: 5 r3: 36824 r4: 116 r5: 65514 sp: 65508 pc: 5210        N: 0 Z: 0 V: 0 C: 0      
5210:   swab r3                       src: 36824                    r0: 5 r1: 5086 r2: 5 r3: 55439 r4: 116 r5: 65514 sp: 65508 pc: 5212        N: 1 Z: 0 V: 0 C: 0      
5212:   sob r2, 5204.                 src: 5         dst: 68        r0: 5 r1: 5086 r2: 4 r3: 55439 r4: 116 r5: 65514 sp: 65508 pc: 5204        N: 1 Z: 0 V: 0 C: 0      
5204:   movb (r1)+, r4                src: 97        dst: 116       r0: 5 r1: 5087 r2: 4 r3: 55439 r4: 97 r5: 65514 sp: 65508 pc: 5206         N: 0 Z: 0 V: 0 C: 0      
5206:   beq 5214.                     src: 2562                     r0: 5 r1: 5087 r2: 4 r3: 55439 r4: 97 r5: 65514 sp: 65508 pc: 5208         N: 0 Z: 0 V: 0 C: 0      
5208:   add r4, r3                    src: 97        dst: 55439     r0: 5 r1: 5087 r2: 4 r3: 55536 r4: 97 r5: 65514 sp: 65508 pc: 5210         N: 0 Z: 0 V: 0 C: 0      
5210:   swab r3                       src: 55536                    r0: 5 r1: 5087 r2: 4 r3: 61656 r4: 97 r5: 65514 sp: 65508 pc: 5212         N: 1 Z: 0 V: 0 C: 0      
5212:   sob r2, 5204.                 src: 4         dst: 68        r0: 5 r1: 5087 r2: 3 r3: 61656 r4: 97 r5: 65514 sp: 65508 pc: 5204         N: 1 Z: 0 V: 0 C: 0      
5204:   movb (r1)+, r4                src: 0         dst: 97        r0: 5 r1: 5088 r2: 3 r3: 61656 r4: 0 r5: 65514 sp: 65508 pc: 5206          N: 0 Z: 1 V: 0 C: 0      
5206:   beq 5214.                     src: 2562                     r0: 5 r1: 5088 r2: 3 r3: 61656 r4: 0 r5: 65514 sp: 65508 pc: 5214          N: 0 Z: 1 V: 0 C: 0      
5214:   clr r2                        src: 3                        r0: 5 r1: 5088 r2: 0 r3: 61656 r4: 0 r5: 65514 sp: 65508 pc: 5216          N: 0 Z: 1 V: 0 C: 0      
5216:   div $hshsiz, r2               src: 1553      dst: 0         r0: 5 r1: 5088 r2: 39 r3: 1089 r4: 0 r5: 65514 sp: 65508 pc: 5220          N: 0 Z: 0 V: 0 C: 0      
5220:   ashc $1., r2                  src: 1         dst: 39        r0: 5 r1: 5088 r2: 78 r3: 2178 r4: 0 r5: 65514 sp: 65508 pc: 5224          N: 0 Z: 0 V: 0 C: 0      
5224:   add $hshtab, r3               src: 5722      dst: 2178      r0: 5 r1: 5088 r2: 78 r3: 7900 r4: 0 r5: 65514 sp: 65508 pc: 5228          N: 0 Z: 0 V: 0 C: 0      
5228:   sub r2, r3                    src: 78        dst: 7900      r0: 5 r1: 5088 r2: 78 r3: 7822 r4: 0 r5: 65514 sp: 65508 pc: 5230          N: 0 Z: 0 V: 0 C: 0      
5230:   cmp r3, $hshtab               src: 7822      dst: 5722      r0: 5 r1: 5088 r2: 78 r3: 7822 r4: 0 r5: 65514 sp: 65508 pc: 5234          N: 0 Z: 0 V: 0 C: 0      
5234:   bhi 5240.                     src: 3043                     r0: 5 r1: 5088 r2: 78 r3: 7822 r4: 0 r5: 65514 sp: 65508 pc: 5240          N: 0 Z: 0 V: 0 C: 0      
5240:   tst -(r3)                     src: 0                        r0: 5 r1: 5088 r2: 78 r3: 7820 r4: 0 r5: 65514 sp: 65508 pc: 5242          N: 0 Z: 1 V: 0 C: 0      
5242:   bne 5228.                     src: 57475                    r0: 5 r1: 5088 r2: 78 r3: 7820 r4: 0 r5: 65514 sp: 65508 pc: 5244          N: 0 Z: 1 V: 0 C: 0      
5244:   mov (sp)+, r1                 src: 5082      dst: 5088      r0: 5 r1: 5082 r2: 78 r3: 7820 r4: 0 r5: 65514 sp: 65510 pc: 5246          N: 0 Z: 0 V: 0 C: 0      
5246:   mov r1, (r3)                  src: 5082      dst: 0         r0: 5 r1: 5082 r2: 78 r3: 7820 r4: 0 r5: 65514 sp: 65510 pc: 5248          N: 0 Z: 0 V: 0 C: 0      
5248:   add $12., r1                  src: 12        dst: 5082      r0: 5 r1: 5094 r2: 78 r3: 7820 r4: 0 r5: 65514 sp: 65510 pc: 5252          N: 0 Z: 0 V: 0 C: 0      
5252:   cmp r1, $ebsymtab             src: 5094      dst: 5118      r0: 5 r1: 5094 r2: 78 r3: 7820 r4: 0 r5: 65514 sp: 65510 pc: 5256          N: 1 Z: 0 V: 0 C: 1      
5256:   bcs 5196.                     src: 2563                     r0: 5 r1: 5094 r2: 78 r3: 7820 r4: 0 r5: 65514 sp: 65510 pc: 5196          N: 1 Z: 0 V: 0 C: 1      
5196:   clr r3                        src: 7820                     r0: 5 r1: 5094 r2: 78 r3: 0 r4: 0 r5: 65514 sp: 65510 pc: 5198             N: 0 Z: 1 V: 0 C: 0      
5198:   mov $8., r2                   src: 8         dst: 78        r0: 5 r1: 5094 r2: 8 r3: 0 r4: 0 r5: 65514 sp: 65510 pc: 5202              N: 0 Z: 0 V: 0 C: 0      
5202:   mov r1, -(sp)                 src: 5094      dst: 5082      r0: 5 r1: 5094 r2: 8 r3: 0 r4: 0 r5: 65514 sp: 65508 pc: 5204              N: 0 Z: 0 V: 0 C: 0      
5204:   movb (r1)+, r4                src: 46        dst: 0         r0: 5 r1: 5095 r2: 8 r3: 0 r4: 46 r5: 65514 sp: 65508 pc: 5206             N: 0 Z: 0 V: 0 C: 0      
5206:   beq 5214.                     src: 2562                     r0: 5 r1: 5095 r2: 8 r3: 0 r4: 46 r5: 65514 sp: 65508 pc: 5208             N: 0 Z: 0 V: 0 C: 0      
5208:   add r4, r3                    src: 46        dst: 0         r0: 5 r1: 5095 r2: 8 r3: 46 r4: 46 r5: 65514 sp: 65508 pc: 5210            N: 0 Z: 0 V: 0 C: 0      
5210:   swab r3                       src: 46                       r0: 5 r1: 5095 r2: 8 r3: 11776 r4: 46 r5: 65514 sp: 65508 pc: 5212         N: 0 Z: 1 V: 0 C: 0      
5212:   sob r2, 5204.                 src: 8         dst: 68        r0: 5 r1: 5095 r2: 7 r3: 11776 r4: 46 r5: 65514 sp: 65508 pc: 5204         N: 0 Z: 1 V: 0 C: 0      
5204:   movb (r1)+, r4                src: 98        dst: 46        r0: 5 r1: 5096 r2: 7 r3: 11776 r4: 98 r5: 65514 sp: 65508 pc: 5206         N: 0 Z: 0 V: 0 C: 0      
5206:   beq 5214.                     src: 2562                     r0: 5 r1: 5096 r2: 7 r3: 11776 r4: 98 r5: 65514 sp: 65508 pc: 5208         N: 0 Z: 0 V: 0 C: 0      
5208:   add r4, r3                    src: 98        dst: 11776     r0: 5 r1: 5096 r2: 7 r3: 11874 r4: 98 r5: 65514 sp: 65508 pc: 5210         N: 0 Z: 0 V: 0 C: 0      
5210:   swab r3                       src: 11874                    r0: 5 r1: 5096 r2: 7 r3: 25134 r4: 98 r5: 65514 sp: 65508 pc: 5212         N: 0 Z: 0 V: 0 C: 0      
5212:   sob r2, 5204.                 src: 7         dst: 68        r0: 5 r1: 5096 r2: 6 r3: 25134 r4: 98 r5: 65514 sp: 65508 pc: 5204         N: 0 Z: 0 V: 0 C: 0      
5204:   movb (r1)+, r4                src: 115       dst: 98        r0: 5 r1: 5097 r2: 6 r3: 25134 r4: 115 r5: 65514 sp: 65508 pc: 5206        N: 0 Z: 0 V: 0 C: 0      
5206:   beq 5214.                     src: 2562                     r0: 5 r1: 5097 r2: 6 r3: 25134 r4: 115 r5: 65514 sp: 65508 pc: 5208        N: 0 Z: 0 V: 0 C: 0      
5208:   add r4, r3                    src: 115       dst: 25134     r0: 5 r1: 5097 r2: 6 r3: 25249 r4: 115 r5: 65514 sp: 65508 pc: 5210        N: 0 Z: 0 V: 0 C: 0      
5210:   swab r3                       src: 25249                    r0: 5 r1: 5097 r2: 6 r3: 41314 r4: 115 r5: 65514 sp: 65508 pc: 5212        N: 0 Z: 0 V: 0 C: 0      
5212:   sob r2, 5204.                 src: 6         dst: 68        r0: 5 r1: 5097 r2: 5 r3: 41314 r4: 115 r5: 65514 sp: 65508 pc: 5204        N: 0 Z: 0 V: 0 C: 0      
5204:   movb (r1)+, r4                src: 115       dst: 115       r0: 5 r1: 5098 r2: 5 r3: 41314 r4: 115 r5: 65514 sp: 65508 pc: 5206        N: 0 Z: 0 V: 0 C: 0      
5206:   beq 5214.                     src: 2562                     r0: 5 r1: 5098 r2: 5 r3: 41314 r4: 115 r5: 65514 sp: 65508 pc: 5208        N: 0 Z: 0 V: 0 C: 0      
5208:   add r4, r3                    src: 115       dst: 41314     r0: 5 r1: 5098 r2: 5 r3: 41429 r4: 115 r5: 65514 sp: 65508 pc: 5210        N: 0 Z: 0 V: 0 C: 0      
5210:   swab r3                       src: 41429                    r0: 5 r1: 5098 r2: 5 r3: 54689 r4: 115 r5: 65514 sp: 65508 pc: 5212        N: 1 Z: 0 V: 0 C: 0      
5212:   sob r2, 5204.                 src: 5         dst: 68        r0: 5 r1: 5098 r2: 4 r3: 54689 r4: 115 r5: 65514 sp: 65508 pc: 5204        N: 1 Z: 0 V: 0 C: 0      
5204:   movb (r1)+, r4                src: 0         dst: 115       r0: 5 r1: 5099 r2: 4 r3: 54689 r4: 0 r5: 65514 sp: 65508 pc: 5206          N: 0 Z: 1 V: 0 C: 0      
5206:   beq 5214.                     src: 2562                     r0: 5 r1: 5099 r2: 4 r3: 54689 r4: 0 r5: 65514 sp: 65508 pc: 5214          N: 0 Z: 1 V: 0 C: 0      
5214:   clr r2                        src: 4                        r0: 5 r1: 5099 r2: 0 r3: 54689 r4: 0 r5: 65514 sp: 65508 pc: 5216          N: 0 Z: 1 V: 0 C: 0      
5216:   div $hshsiz, r2               src: 1553      dst: 0         r0: 5 r1: 5099 r2: 35 r3: 334 r4: 0 r5: 65514 sp: 65508 pc: 5220           N: 0 Z: 0 V: 0 C: 0      
5220:   ashc $1., r2                  src: 1         dst: 35        r0: 5 r1: 5099 r2: 70 r3: 668 r4: 0 r5: 65514 sp: 65508 pc: 5224           N: 0 Z: 0 V: 0 C: 0      
5224:   add $hshtab, r3               src: 5722      dst: 668       r0: 5 r1: 5099 r2: 70 r3: 6390 r4: 0 r5: 65514 sp: 65508 pc: 5228          N: 0 Z: 0 V: 0 C: 0      
5228:   sub r2, r3                    src: 70        dst: 6390      r0: 5 r1: 5099 r2: 70 r3: 6320 r4: 0 r5: 65514 sp: 65508 pc: 5230          N: 0 Z: 0 V: 0 C: 0      
5230:   cmp r3, $hshtab               src: 6320      dst: 5722      r0: 5 r1: 5099 r2: 70 r3: 6320 r4: 0 r5: 65514 sp: 65508 pc: 5234          N: 0 Z: 0 V: 0 C: 0      
5234:   bhi 5240.                     src: 3043                     r0: 5 r1: 5099 r2: 70 r3: 6320 r4: 0 r5: 65514 sp: 65508 pc: 5240          N: 0 Z: 0 V: 0 C: 0      
5240:   tst -(r3)                     src: 0                        r0: 5 r1: 5099 r2: 70 r3: 6318 r4: 0 r5: 65514 sp: 65508 pc: 5242          N: 0 Z: 1 V: 0 C: 0      
5242:   bne 5228.                     src: 57475                    r0: 5 r1: 5099 r2: 70 r3: 6318 r4: 0 r5: 65514 sp: 65508 pc: 5244          N: 0 Z: 1 V: 0 C: 0      
5244:   mov (sp)+, r1                 src: 5094      dst: 5099      r0: 5 r1: 5094 r2: 70 r3: 6318 r4: 0 r5: 65514 sp: 65510 pc: 5246          N: 0 Z: 0 V: 0 C: 0      
5246:   mov r1, (r3)                  src: 5094      dst: 0         r0: 5 r1: 5094 r2: 70 r3: 6318 r4: 0 r5: 65514 sp: 65510 pc: 5248          N: 0 Z: 0 V: 0 C: 0      
5248:   add $12., r1                  src: 12        dst: 5094      r0: 5 r1: 5106 r2: 70 r3: 6318 r4: 0 r5: 65514 sp: 65510 pc: 5252          N: 0 Z: 0 V: 0 C: 0      
5252:   cmp r1, $ebsymtab             src: 5106      dst: 5118      r0: 5 r1: 5106 r2: 70 r3: 6318 r4: 0 r5: 65514 sp: 65510 pc: 5256          N: 1 Z: 0 V: 0 C: 1      
5256:   bcs 5196.                     src: 2563                     r0: 5 r1: 5106 r2: 70 r3: 6318 r4: 0 r5: 65514 sp: 65510 pc: 5196          N: 1 Z: 0 V: 0 C: 1      
5196:   clr r3                        src: 6318                     r0: 5 r1: 5106 r2: 70 r3: 0 r4: 0 r5: 65514 sp: 65510 pc: 5198             N: 0 Z: 1 V: 0 C: 0      
5198:   mov $8., r2                   src: 8         dst: 70        r0: 5 r1: 5106 r2: 8 r3: 0 r4: 0 r5: 65514 sp: 65510 pc: 5202              N: 0 Z: 0 V: 0 C: 0      
5202:   mov r1, -(sp)                 src: 5106      dst: 5094      r0: 5 r1: 5106 r2: 8 r3: 0 r4: 0 r5: 65514 sp: 65508 pc: 5204              N: 0 Z: 0 V: 0 C: 0      
5204:   movb (r1)+, r4                src: 46        dst: 0         r0: 5 r1: 5107 r2: 8 r3: 0 r4: 46 r5: 65514 sp: 65508 pc: 5206             N: 0 Z: 0 V: 0 C: 0      
5206:   beq 5214.                     src: 2562                     r0: 5 r1: 5107 r2: 8 r3: 0 r4: 46 r5: 65514 sp: 65508 pc: 5208             N: 0 Z: 0 V: 0 C: 0      
5208:   add r4, r3                    src: 46        dst: 0         r0: 5 r1: 5107 r2: 8 r3: 46 r4: 46 r5: 65514 sp: 65508 pc: 5210            N: 0 Z: 0 V: 0 C: 0      
5210:   swab r3                       src: 46                       r0: 5 r1: 5107 r2: 8 r3: 11776 r4: 46 r5: 65514 sp: 65508 pc: 5212         N: 0 Z: 1 V: 0 C: 0      
5212:   sob r2, 5204.                 src: 8         dst: 68        r0: 5 r1: 5107 r2: 7 r3: 11776 r4: 46 r5: 65514 sp: 65508 pc: 5204         N: 0 Z: 1 V: 0 C: 0      
5204:   movb (r1)+, r4                src: 99        dst: 46        r0: 5 r1: 5108 r2: 7 r3: 11776 r4: 99 r5: 65514 sp: 65508 pc: 5206         N: 0 Z: 0 V: 0 C: 0      
5206:   beq 5214.                     src: 2562                     r0: 5 r1: 5108 r2: 7 r3: 11776 r4: 99 r5: 65514 sp: 65508 pc: 5208         N: 0 Z: 0 V: 0 C: 0      
5208:   add r4, r3                    src: 99        dst: 11776     r0: 5 r1: 5108 r2: 7 r3: 11875 r4: 99 r5: 65514 sp: 65508 pc: 5210         N: 0 Z: 0 V: 0 C: 0      
5210:   swab r3                       src: 11875                    r0: 5 r1: 5108 r2: 7 r3: 25390 r4: 99 r5: 65514 sp: 65508 pc: 5212         N: 0 Z: 0 V: 0 C: 0      
5212:   sob r2, 5204.                 src: 7         dst: 68        r0: 5 r1: 5108 r2: 6 r3: 25390 r4: 99 r5: 65514 sp: 65508 pc: 5204         N: 0 Z: 0 V: 0 C: 0      
5204:   movb (r1)+, r4                src: 111       dst: 99        r0: 5 r1: 5109 r2: 6 r3: 25390 r4: 111 r5: 65514 sp: 65508 pc: 5206        N: 0 Z: 0 V: 0 C: 0      
5206:   beq 5214.                     src: 2562                     r0: 5 r1: 5109 r2: 6 r3: 25390 r4: 111 r5: 65514 sp: 65508 pc: 5208        N: 0 Z: 0 V: 0 C: 0      
5208:   add r4, r3                    src: 111       dst: 25390     r0: 5 r1: 5109 r2: 6 r3: 25501 r4: 111 r5: 65514 sp: 65508 pc: 5210        N: 0 Z: 0 V: 0 C: 0      
5210:   swab r3                       src: 25501                    r0: 5 r1: 5109 r2: 6 r3: 40291 r4: 111 r5: 65514 sp: 65508 pc: 5212        N: 0 Z: 0 V: 0 C: 0      
5212:   sob r2, 5204.                 src: 6         dst: 68        r0: 5 r1: 5109 r2: 5 r3: 40291 r4: 111 r5: 65514 sp: 65508 pc: 5204        N: 0 Z: 0 V: 0 C: 0      
5204:   movb (r1)+, r4                src: 109       dst: 111       r0: 5 r1: 5110 r2: 5 r3: 40291 r4: 109 r5: 65514 sp: 65508 pc: 5206        N: 0 Z: 0 V: 0 C: 0      
5206:   beq 5214.                     src: 2562                     r0: 5 r1: 5110 r2: 5 r3: 40291 r4: 109 r5: 65514 sp: 65508 pc: 5208        N: 0 Z: 0 V: 0 C: 0      
5208:   add r4, r3                    src: 109       dst: 40291     r0: 5 r1: 5110 r2: 5 r3: 40400 r4: 109 r5: 65514 sp: 65508 pc: 5210        N: 0 Z: 0 V: 0 C: 0      
5210:   swab r3                       src: 40400                    r0: 5 r1: 5110 r2: 5 r3: 53405 r4: 109 r5: 65514 sp: 65508 pc: 5212        N: 1 Z: 0 V: 0 C: 0      
5212:   sob r2, 5204.                 src: 5         dst: 68        r0: 5 r1: 5110 r2: 4 r3: 53405 r4: 109 r5: 65514 sp: 65508 pc: 5204        N: 1 Z: 0 V: 0 C: 0      
5204:   movb (r1)+, r4                src: 109       dst: 109       r0: 5 r1: 5111 r2: 4 r3: 53405 r4: 109 r5: 65514 sp: 65508 pc: 5206        N: 0 Z: 0 V: 0 C: 0      
5206:   beq 5214.                     src: 2562                     r0: 5 r1: 5111 r2: 4 r3: 53405 r4: 109 r5: 65514 sp: 65508 pc: 5208        N: 0 Z: 0 V: 0 C: 0      
5208:   add r4, r3                    src: 109       dst: 53405     r0: 5 r1: 5111 r2: 4 r3: 53514 r4: 109 r5: 65514 sp: 65508 pc: 5210        N: 0 Z: 0 V: 0 C: 0      
5210:   swab r3                       src: 53514                    r0: 5 r1: 5111 r2: 4 r3: 2769 r4: 109 r5: 65514 sp: 65508 pc: 5212         N: 1 Z: 0 V: 0 C: 0      
5212:   sob r2, 5204.                 src: 4         dst: 68        r0: 5 r1: 5111 r2: 3 r3: 2769 r4: 109 r5: 65514 sp: 65508 pc: 5204         N: 1 Z: 0 V: 0 C: 0      
5204:   movb (r1)+, r4                src: 0         dst: 109       r0: 5 r1: 5112 r2: 3 r3: 2769 r4: 0 r5: 65514 sp: 65508 pc: 5206           N: 0 Z: 1 V: 0 C: 0      
5206:   beq 5214.                     src: 2562                     r0: 5 r1: 5112 r2: 3 r3: 2769 r4: 0 r5: 65514 sp: 65508 pc: 5214           N: 0 Z: 1 V: 0 C: 0      
5214:   clr r2                        src: 3                        r0: 5 r1: 5112 r2: 0 r3: 2769 r4: 0 r5: 65514 sp: 65508 pc: 5216           N: 0 Z: 1 V: 0 C: 0      
5216:   div $hshsiz, r2               src: 1553      dst: 0         r0: 5 r1: 5112 r2: 1 r3: 1216 r4: 0 r5: 65514 sp: 65508 pc: 5220           N: 0 Z: 0 V: 0 C: 0      
5220:   ashc $1., r2                  src: 1         dst: 1         r0: 5 r1: 5112 r2: 2 r3: 2432 r4: 0 r5: 65514 sp: 65508 pc: 5224           N: 0 Z: 0 V: 0 C: 0      
5224:   add $hshtab, r3               src: 5722      dst: 2432      r0: 5 r1: 5112 r2: 2 r3: 8154 r4: 0 r5: 65514 sp: 65508 pc: 5228           N: 0 Z: 0 V: 0 C: 0      
5228:   sub r2, r3                    src: 2         dst: 8154      r0: 5 r1: 5112 r2: 2 r3: 8152 r4: 0 r5: 65514 sp: 65508 pc: 5230           N: 0 Z: 0 V: 0 C: 0      
5230:   cmp r3, $hshtab               src: 8152      dst: 5722      r0: 5 r1: 5112 r2: 2 r3: 8152 r4: 0 r5: 65514 sp: 65508 pc: 5234           N: 0 Z: 0 V: 0 C: 0      
5234:   bhi 5240.                     src: 3043                     r0: 5 r1: 5112 r2: 2 r3: 8152 r4: 0 r5: 65514 sp: 65508 pc: 5240           N: 0 Z: 0 V: 0 C: 0      
5240:   tst -(r3)                     src: 1                        r0: 5 r1: 5112 r2: 2 r3: 8150 r4: 0 r5: 65514 sp: 65508 pc: 5242           N: 0 Z: 0 V: 0 C: 0      
5242:   bne 5228.                     src: 57475                    r0: 5 r1: 5112 r2: 2 r3: 8150 r4: 0 r5: 65514 sp: 65508 pc: 5228           N: 0 Z: 0 V: 0 C: 0      
5228:   sub r2, r3                    src: 2         dst: 8150      r0: 5 r1: 5112 r2: 2 r3: 8148 r4: 0 r5: 65514 sp: 65508 pc: 5230           N: 0 Z: 0 V: 0 C: 0      
5230:   cmp r3, $hshtab               src: 8148      dst: 5722      r0: 5 r1: 5112 r2: 2 r3: 8148 r4: 0 r5: 65514 sp: 65508 pc: 5234           N: 0 Z: 0 V: 0 C: 0      
5234:   bhi 5240.                     src: 3043                     r0: 5 r1: 5112 r2: 2 r3: 8148 r4: 0 r5: 65514 sp: 65508 pc: 5240           N: 0 Z: 0 V: 0 C: 0      
5240:   tst -(r3)                     src: 1                        r0: 5 r1: 5112 r2: 2 r3: 8146 r4: 0 r5: 65514 sp: 65508 pc: 5242           N: 0 Z: 0 V: 0 C: 0      
5242:   bne 5228.                     src: 57475                    r0: 5 r1: 5112 r2: 2 r3: 8146 r4: 0 r5: 65514 sp: 65508 pc: 5228           N: 0 Z: 0 V: 0 C: 0      
5228:   sub r2, r3                    src: 2         dst: 8146      r0: 5 r1: 5112 r2: 2 r3: 8144 r4: 0 r5: 65514 sp: 65508 pc: 5230           N: 0 Z: 0 V: 0 C: 0      
5230:   cmp r3, $hshtab               src: 8144      dst: 5722      r0: 5 r1: 5112 r2: 2 r3: 8144 r4: 0 r5: 65514 sp: 65508 pc: 5234           N: 0 Z: 0 V: 0 C: 0      
5234:   bhi 5240.                     src: 3043                     r0: 5 r1: 5112 r2: 2 r3: 8144 r4: 0 r5: 65514 sp: 65508 pc: 5240           N: 0 Z: 0 V: 0 C: 0      
5240:   tst -(r3)                     src: 0                        r0: 5 r1: 5112 r2: 2 r3: 8142 r4: 0 r5: 65514 sp: 65508 pc: 5242           N: 0 Z: 1 V: 0 C: 0      
5242:   bne 5228.                     src: 57475                    r0: 5 r1: 5112 r2: 2 r3: 8142 r4: 0 r5: 65514 sp: 65508 pc: 5244           N: 0 Z: 1 V: 0 C: 0      
5244:   mov (sp)+, r1                 src: 5106      dst: 5112      r0: 5 r1: 5106 r2: 2 r3: 8142 r4: 0 r5: 65514 sp: 65510 pc: 5246           N: 0 Z: 0 V: 0 C: 0      
5246:   mov r1, (r3)                  src: 5106      dst: 0         r0: 5 r1: 5106 r2: 2 r3: 8142 r4: 0 r5: 65514 sp: 65510 pc: 5248           N: 0 Z: 0 V: 0 C: 0      
5248:   add $12., r1                  src: 12        dst: 5106      r0: 5 r1: 5118 r2: 2 r3: 8142 r4: 0 r5: 65514 sp: 65510 pc: 5252           N: 0 Z: 0 V: 0 C: 0      
5252:   cmp r1, $ebsymtab             src: 5118      dst: 5118      r0: 5 r1: 5118 r2: 2 r3: 8142 r4: 0 r5: 65514 sp: 65510 pc: 5256           N: 0 Z: 1 V: 0 C: 0      
5256:   bcs 5196.                     src: 2563                     r0: 5 r1: 5118 r2: 2 r3: 8142 r4: 0 r5: 65514 sp: 65510 pc: 5258           N: 0 Z: 1 V: 0 C: 0      
5258:   rts pc                        src: 5258                     r0: 5 r1: 5118 r2: 2 r3: 8142 r4: 0 r5: 65514 sp: 65512 pc: 5188           N: 0 Z: 1 V: 0 C: 0      
5188:   jmp go [4.]                   src: 2551                     r0: 5 r1: 5118 r2: 2 r3: 8142 r4: 0 r5: 65514 sp: 65512 pc: 4              N: 0 Z: 1 V: 0 C: 0      
4:      jsr pc, assem [354.]          src: 4         dst: 2551      r0: 5 r1: 5118 r2: 2 r3: 8142 r4: 0 r5: 65514 sp: 65510 pc: 354            N: 0 Z: 1 V: 0 C: 0      
354:    jsr pc, readop [1250.]        src: 354       dst: 7620      r0: 5 r1: 5118 r2: 2 r3: 8142 r4: 0 r5: 65514 sp: 65508 pc: 1250           N: 0 Z: 1 V: 0 C: 0      
1250:   mov savop [9372.], r4         src: 0         dst: 0         r0: 5 r1: 5118 r2: 2 r3: 8142 r4: 0 r5: 65514 sp: 65508 pc: 1254           N: 0 Z: 1 V: 0 C: 0      
1254:   beq 1262.                     src: 2551                     r0: 5 r1: 5118 r2: 2 r3: 8142 r4: 0 r5: 65514 sp: 65508 pc: 1262           N: 0 Z: 1 V: 0 C: 0      
1262:   jsr pc, 1272.                 src: 1262      dst: 2551      r0: 5 r1: 5118 r2: 2 r3: 8142 r4: 0 r5: 65514 sp: 65506 pc: 1272           N: 0 Z: 1 V: 0 C: 0      
1272:   jsr pc, rch [1060.]           src: 1272      dst: 40384     r0: 5 r1: 5118 r2: 2 r3: 8142 r4: 0 r5: 65514 sp: 65504 pc: 1060           N: 0 Z: 1 V: 0 C: 0      
1060:   movb ch [8834.], r0           src: 0         dst: 5         r0: 0 r1: 5118 r2: 2 r3: 8142 r4: 0 r5: 65514 sp: 65504 pc: 1064           N: 0 Z: 1 V: 0 C: 0      
1064:   beq 1072.                     src: 2807                     r0: 0 r1: 5118 r2: 2 r3: 8142 r4: 0 r5: 65514 sp: 65504 pc: 1072           N: 0 Z: 1 V: 0 C: 0      
1072:   dec inbfcnt [9360.]           src: 0                        r0: 0 r1: 5118 r2: 2 r3: 8142 r4: 0 r5: 65514 sp: 65504 pc: 1076           N: 1 Z: 0 V: 0 C: 0      
1076:   blt 1094.                     src: 40384                    r0: 0 r1: 5118 r2: 2 r3: 8142 r4: 0 r5: 65514 sp: 65504 pc: 1094           N: 1 Z: 0 V: 0 C: 0      
1094:   movb fin [8830.], r0          src: 0         dst: 0         r0: 0 r1: 5118 r2: 2 r3: 8142 r4: 0 r5: 65514 sp: 65504 pc: 1098           N: 0 Z: 1 V: 0 C: 0      
1098:   beq 1134.                     src: 35575                    r0: 0 r1: 5118 r2: 2 r3: 8142 r4: 0 r5: 65514 sp: 65504 pc: 1134           N: 0 Z: 1 V: 0 C: 0      
1134:   decb nargs [9366.]            src: 10                       r0: 0 r1: 5118 r2: 2 r3: 8142 r4: 0 r5: 65514 sp: 65504 pc: 1138           N: 0 Z: 0 V: 0 C: 0      
1138:   bgt 1146.                     src: 3063                     r0: 0 r1: 5118 r2: 2 r3: 8142 r4: 0 r5: 65514 sp: 65504 pc: 1146           N: 0 Z: 0 V: 0 C: 0      
1146:   tst ifflg [9362.]             src: 0                        r0: 0 r1: 5118 r2: 2 r3: 8142 r4: 0 r5: 65514 sp: 65504 pc: 1150           N: 0 Z: 1 V: 0 C: 0      
1150:   beq 1162.                     src: 7616                     r0: 0 r1: 5118 r2: 2 r3: 8142 r4: 0 r5: 65514 sp: 65504 pc: 1162           N: 0 Z: 1 V: 0 C: 0      
1162:   mov curarg [9368.], r0        src: 65514     dst: 0         r0: 65514 r1: 5118 r2: 2 r3: 8142 r4: 0 r5: 65514 sp: 65504 pc: 1166       N: 1 Z: 0 V: 0 C: 0      
1166:   tst (r0)+                     src: 64575                    r0: 65516 r1: 5118 r2: 2 r3: 8142 r4: 0 r5: 65514 sp: 65504 pc: 1168       N: 1 Z: 0 V: 0 C: 0      
1168:   mov (r0), 2908.               src: 64568     dst: 0         r0: 65516 r1: 5118 r2: 2 r3: 8142 r4: 0 r5: 65514 sp: 65504 pc: 1172       N: 1 Z: 0 V: 0 C: 0      
1172:   mov r0, curarg [9368.]        src: 65516     dst: 65514     r0: 65516 r1: 5118 r2: 2 r3: 8142 r4: 0 r5: 65514 sp: 65504 pc: 1176       N: 1 Z: 0 V: 0 C: 0      
1176:   incb fileflg [8832.]          src: 0                        r0: 65516 r1: 5118 r2: 2 r3: 8142 r4: 0 r5: 65514 sp: 65504 pc: 1180       N: 0 Z: 0 V: 0 C: 0      
1180:   sys indir                     ops:           2906,          r0: 65516 r1: 5118 r2: 2 r3: 8142 r4: 0 r5: 65514 sp: 65504 pc: 2906       N: 0 Z: 0 V: 0 C: 0      
2906:   sys open                      ops:           64568, eae,    r0: 6 r1: 5118 r2: 2 r3: 8142 r4: 0 r5: 65514 sp: 65504 pc: 2912           N: 0 Z: 0 V: 0 C: 0      
1184:   bcc 1200.                     src: 36919                    r0: 6 r1: 5118 r2: 2 r3: 8142 r4: 0 r5: 65514 sp: 65504 pc: 1200           N: 0 Z: 0 V: 0 C: 0      
1200:   movb r0, fin [8830.]          src: 6         dst: 0         r0: 6 r1: 5118 r2: 2 r3: 8142 r4: 0 r5: 65514 sp: 65504 pc: 1204           N: 0 Z: 0 V: 0 C: 0      
1204:   mov $1., 9356.                src: 1         dst: 0         r0: 6 r1: 5118 r2: 2 r3: 8142 r4: 0 r5: 65514 sp: 65504 pc: 1210           N: 0 Z: 0 V: 0 C: 0      
1210:   mov r4, -(sp)                 src: 0         dst: 0         r0: 6 r1: 5118 r2: 2 r3: 8142 r4: 0 r5: 65514 sp: 65502 pc: 1212           N: 0 Z: 1 V: 0 C: 0      
1212:   mov r1, -(sp)                 src: 5118      dst: 0         r0: 6 r1: 5118 r2: 2 r3: 8142 r4: 0 r5: 65514 sp: 65500 pc: 1214           N: 0 Z: 0 V: 0 C: 0      
1214:   mov $5., r4                   src: 5         dst: 0         r0: 6 r1: 5118 r2: 2 r3: 8142 r4: 5 r5: 65514 sp: 65500 pc: 1218           N: 0 Z: 0 V: 0 C: 0      
1218:   jsr pc, putw [306.]           src: 1218      dst: 3063      r0: 6 r1: 5118 r2: 2 r3: 8142 r4: 5 r5: 65514 sp: 65498 pc: 306            N: 0 Z: 0 V: 0 C: 0      
306:    tst ifflg [9362.]             src: 0                        r0: 6 r1: 5118 r2: 2 r3: 8142 r4: 5 r5: 65514 sp: 65498 pc: 310            N: 0 Z: 1 V: 0 C: 0      
310:    beq 318.                      src: 4415                     r0: 6 r1: 5118 r2: 2 r3: 8142 r4: 5 r5: 65514 sp: 65498 pc: 318            N: 0 Z: 1 V: 0 C: 0      
318:    mov r4, *obufp [2966.]        src: 5         dst: 60207     r0: 6 r1: 5118 r2: 2 r3: 8142 r4: 5 r5: 65514 sp: 65498 pc: 322            N: 0 Z: 0 V: 0 C: 0      
322:    add $2., 2964.                src: 2         dst: 65535     r0: 6 r1: 5118 r2: 2 r3: 8142 r4: 5 r5: 65514 sp: 65498 pc: 328            N: 0 Z: 0 V: 0 C: 1      
328:    cmp obufp [2966.], $line      src: 256       dst: 9358      r0: 6 r1: 5118 r2: 2 r3: 8142 r4: 5 r5: 65514 sp: 65498 pc: 334            N: 1 Z: 0 V: 0 C: 1      
334:    bcs 352.                      src: 135                      r0: 6 r1: 5118 r2: 2 r3: 8142 r4: 5 r5: 65514 sp: 65498 pc: 352            N: 1 Z: 0 V: 0 C: 1      
352:    rts pc                        src: 352                      r0: 6 r1: 5118 r2: 2 r3: 8142 r4: 5 r5: 65514 sp: 65500 pc: 1222           N: 1 Z: 0 V: 0 C: 1      
1222:   mov *curarg [9368.], r1       src: 64568     dst: 5118      r0: 6 r1: 64568 r2: 2 r3: 8142 r4: 5 r5: 65514 sp: 65500 pc: 1226          N: 1 Z: 0 V: 0 C: 1      
1226:   movb (r1)+, r4                src: 97        dst: 5         r0: 6 r1: 64569 r2: 2 r3: 8142 r4: 97 r5: 65514 sp: 65500 pc: 1228         N: 0 Z: 0 V: 0 C: 1      
1228:   beq 1236.                     src: 5572                     r0: 6 r1: 64569 r2: 2 r3: 8142 r4: 97 r5: 65514 sp: 65500 pc: 1230         N: 0 Z: 0 V: 0 C: 1      
1230:   jsr pc, putw [306.]           src: 1230      dst: 3063      r0: 6 r1: 64569 r2: 2 r3: 8142 r4: 97 r5: 65514 sp: 65498 pc: 306          N: 0 Z: 0 V: 0 C: 1      
306:    tst ifflg [9362.]             src: 0                        r0: 6 r1: 64569 r2: 2 r3: 8142 r4: 97 r5: 65514 sp: 65498 pc: 310          N: 0 Z: 1 V: 0 C: 0      
310:    beq 318.                      src: 4415                     r0: 6 r1: 64569 r2: 2 r3: 8142 r4: 97 r5: 65514 sp: 65498 pc: 318          N: 0 Z: 1 V: 0 C: 0      
318:    mov r4, *obufp [2966.]        src: 97        dst: 4         r0: 6 r1: 64569 r2: 2 r3: 8142 r4: 97 r5: 65514 sp: 65498 pc: 322          N: 0 Z: 0 V: 0 C: 0      
322:    add $2., 2964.                src: 2         dst: 256       r0: 6 r1: 64569 r2: 2 r3: 8142 r4: 97 r5: 65514 sp: 65498 pc: 328          N: 0 Z: 0 V: 0 C: 0      
328:    cmp obufp [2966.], $line      src: 256       dst: 9358      r0: 6 r1: 64569 r2: 2 r3: 8142 r4: 97 r5: 65514 sp: 65498 pc: 334          N: 1 Z: 0 V: 0 C: 1      
334:    bcs 352.                      src: 135                      r0: 6 r1: 64569 r2: 2 r3: 8142 r4: 97 r5: 65514 sp: 65498 pc: 352          N: 1 Z: 0 V: 0 C: 1      
352:    rts pc                        src: 352                      r0: 6 r1: 64569 r2: 2 r3: 8142 r4: 97 r5: 65514 sp: 65500 pc: 1234         N: 1 Z: 0 V: 0 C: 1      
1234:   br 1226.                      src: 37956                    r0: 6 r1: 64569 r2: 2 r3: 8142 r4: 97 r5: 65514 sp: 65500 pc: 1226         N: 1 Z: 0 V: 0 C: 1      
1226:   movb (r1)+, r4                src: 115       dst: 97        r0: 6 r1: 64570 r2: 2 r3: 8142 r4: 115 r5: 65514 sp: 65500 pc: 1228        N: 0 Z: 0 V: 0 C: 1      
1228:   beq 1236.                     src: 5572                     r0: 6 r1: 64570 r2: 2 r3: 8142 r4: 115 r5: 65514 sp: 65500 pc: 1230        N: 0 Z: 0 V: 0 C: 1      
1230:   jsr pc, putw [306.]           src: 1230      dst: 3063      r0: 6 r1: 64570 r2: 2 r3: 8142 r4: 115 r5: 65514 sp: 65498 pc: 306         N: 0 Z: 0 V: 0 C: 1      
306:    tst ifflg [9362.]             src: 0                        r0: 6 r1: 64570 r2: 2 r3: 8142 r4: 115 r5: 65514 sp: 65498 pc: 310         N: 0 Z: 1 V: 0 C: 0      
310:    beq 318.                      src: 4415                     r0: 6 r1: 64570 r2: 2 r3: 8142 r4: 115 r5: 65514 sp: 65498 pc: 318         N: 0 Z: 1 V: 0 C: 0      
318:    mov r4, *obufp [2966.]        src: 115       dst: 97        r0: 6 r1: 64570 r2: 2 r3: 8142 r4: 115 r5: 65514 sp: 65498 pc: 322         N: 0 Z: 0 V: 0 C: 0      
322:    add $2., 2964.                src: 2         dst: 258       r0: 6 r1: 64570 r2: 2 r3: 8142 r4: 115 r5: 65514 sp: 65498 pc: 328         N: 0 Z: 0 V: 0 C: 0      
328:    cmp obufp [2966.], $line      src: 256       dst: 9358      r0: 6 r1: 64570 r2: 2 r3: 8142 r4: 115 r5: 65514 sp: 65498 pc: 334         N: 1 Z: 0 V: 0 C: 1      
334:    bcs 352.                      src: 135                      r0: 6 r1: 64570 r2: 2 r3: 8142 r4: 115 r5: 65514 sp: 65498 pc: 352         N: 1 Z: 0 V: 0 C: 1      
352:    rts pc                        src: 352                      r0: 6 r1: 64570 r2: 2 r3: 8142 r4: 115 r5: 65514 sp: 65500 pc: 1234        N: 1 Z: 0 V: 0 C: 1      
1234:   br 1226.                      src: 37956                    r0: 6 r1: 64570 r2: 2 r3: 8142 r4: 115 r5: 65514 sp: 65500 pc: 1226        N: 1 Z: 0 V: 0 C: 1      
1226:   movb (r1)+, r4                src: 49        dst: 115       r0: 6 r1: 64571 r2: 2 r3: 8142 r4: 49 r5: 65514 sp: 65500 pc: 1228         N: 0 Z: 0 V: 0 C: 1      
1228:   beq 1236.                     src: 5572                     r0: 6 r1: 64571 r2: 2 r3: 8142 r4: 49 r5: 65514 sp: 65500 pc: 1230         N: 0 Z: 0 V: 0 C: 1      
1230:   jsr pc, putw [306.]           src: 1230      dst: 3063      r0: 6 r1: 64571 r2: 2 r3: 8142 r4: 49 r5: 65514 sp: 65498 pc: 306          N: 0 Z: 0 V: 0 C: 1      
306:    tst ifflg [9362.]             src: 0                        r0: 6 r1: 64571 r2: 2 r3: 8142 r4: 49 r5: 65514 sp: 65498 pc: 310          N: 0 Z: 1 V: 0 C: 0      
310:    beq 318.                      src: 4415                     r0: 6 r1: 64571 r2: 2 r3: 8142 r4: 49 r5: 65514 sp: 65498 pc: 318          N: 0 Z: 1 V: 0 C: 0      
318:    mov r4, *obufp [2966.]        src: 49        dst: 115       r0: 6 r1: 64571 r2: 2 r3: 8142 r4: 49 r5: 65514 sp: 65498 pc: 322          N: 0 Z: 0 V: 0 C: 0      
322:    add $2., 2964.                src: 2         dst: 260       r0: 6 r1: 64571 r2: 2 r3: 8142 r4: 49 r5: 65514 sp: 65498 pc: 328          N: 0 Z: 0 V: 0 C: 0      
328:    cmp obufp [2966.], $line      src: 256       dst: 9358      r0: 6 r1: 64571 r2: 2 r3: 8142 r4: 49 r5: 65514 sp: 65498 pc: 334          N: 1 Z: 0 V: 0 C: 1      
334:    bcs 352.                      src: 135                      r0: 6 r1: 64571 r2: 2 r3: 8142 r4: 49 r5: 65514 sp: 65498 pc: 352          N: 1 Z: 0 V: 0 C: 1      
352:    rts pc                        src: 352                      r0: 6 r1: 64571 r2: 2 r3: 8142 r4: 49 r5: 65514 sp: 65500 pc: 1234         N: 1 Z: 0 V: 0 C: 1      
1234:   br 1226.                      src: 37956                    r0: 6 r1: 64571 r2: 2 r3: 8142 r4: 49 r5: 65514 sp: 65500 pc: 1226         N: 1 Z: 0 V: 0 C: 1      
1226:   movb (r1)+, r4                src: 49        dst: 49        r0: 6 r1: 64572 r2: 2 r3: 8142 r4: 49 r5: 65514 sp: 65500 pc: 1228         N: 0 Z: 0 V: 0 C: 1      
1228:   beq 1236.                     src: 5572                     r0: 6 r1: 64572 r2: 2 r3: 8142 r4: 49 r5: 65514 sp: 65500 pc: 1230         N: 0 Z: 0 V: 0 C: 1      
1230:   jsr pc, putw [306.]           src: 1230      dst: 3063      r0: 6 r1: 64572 r2: 2 r3: 8142 r4: 49 r5: 65514 sp: 65498 pc: 306          N: 0 Z: 0 V: 0 C: 1      
306:    tst ifflg [9362.]             src: 0                        r0: 6 r1: 64572 r2: 2 r3: 8142 r4: 49 r5: 65514 sp: 65498 pc: 310          N: 0 Z: 1 V: 0 C: 0      
310:    beq 318.                      src: 4415                     r0: 6 r1: 64572 r2: 2 r3: 8142 r4: 49 r5: 65514 sp: 65498 pc: 318          N: 0 Z: 1 V: 0 C: 0      
318:    mov r4, *obufp [2966.]        src: 49        dst: 49        r0: 6 r1: 64572 r2: 2 r3: 8142 r4: 49 r5: 65514 sp: 65498 pc: 322          N: 0 Z: 0 V: 0 C: 0      
322:    add $2., 2964.                src: 2         dst: 262       r0: 6 r1: 64572 r2: 2 r3: 8142 r4: 49 r5: 65514 sp: 65498 pc: 328          N: 0 Z: 0 V: 0 C: 0      
328:    cmp obufp [2966.], $line      src: 256       dst: 9358      r0: 6 r1: 64572 r2: 2 r3: 8142 r4: 49 r5: 65514 sp: 65498 pc: 334          N: 1 Z: 0 V: 0 C: 1      
334:    bcs 352.                      src: 135                      r0: 6 r1: 64572 r2: 2 r3: 8142 r4: 49 r5: 65514 sp: 65498 pc: 352          N: 1 Z: 0 V: 0 C: 1      
352:    rts pc                        src: 352                      r0: 6 r1: 64572 r2: 2 r3: 8142 r4: 49 r5: 65514 sp: 65500 pc: 1234         N: 1 Z: 0 V: 0 C: 1      
1234:   br 1226.                      src: 37956                    r0: 6 r1: 64572 r2: 2 r3: 8142 r4: 49 r5: 65514 sp: 65500 pc: 1226         N: 1 Z: 0 V: 0 C: 1      
1226:   movb (r1)+, r4                src: 46        dst: 49        r0: 6 r1: 64573 r2: 2 r3: 8142 r4: 46 r5: 65514 sp: 65500 pc: 1228         N: 0 Z: 0 V: 0 C: 1      
1228:   beq 1236.                     src: 5572                     r0: 6 r1: 64573 r2: 2 r3: 8142 r4: 46 r5: 65514 sp: 65500 pc: 1230         N: 0 Z: 0 V: 0 C: 1      
1230:   jsr pc, putw [306.]           src: 1230      dst: 3063      r0: 6 r1: 64573 r2: 2 r3: 8142 r4: 46 r5: 65514 sp: 65498 pc: 306          N: 0 Z: 0 V: 0 C: 1      
306:    tst ifflg [9362.]             src: 0                        r0: 6 r1: 64573 r2: 2 r3: 8142 r4: 46 r5: 65514 sp: 65498 pc: 310          N: 0 Z: 1 V: 0 C: 0      
310:    beq 318.                      src: 4415                     r0: 6 r1: 64573 r2: 2 r3: 8142 r4: 46 r5: 65514 sp: 65498 pc: 318          N: 0 Z: 1 V: 0 C: 0      
318:    mov r4, *obufp [2966.]        src: 46        dst: 49        r0: 6 r1: 64573 r2: 2 r3: 8142 r4: 46 r5: 65514 sp: 65498 pc: 322          N: 0 Z: 0 V: 0 C: 0      
322:    add $2., 2964.                src: 2         dst: 264       r0: 6 r1: 64573 r2: 2 r3: 8142 r4: 46 r5: 65514 sp: 65498 pc: 328          N: 0 Z: 0 V: 0 C: 0      
328:    cmp obufp [2966.], $line      src: 256       dst: 9358      r0: 6 r1: 64573 r2: 2 r3: 8142 r4: 46 r5: 65514 sp: 65498 pc: 334          N: 1 Z: 0 V: 0 C: 1      
334:    bcs 352.                      src: 135                      r0: 6 r1: 64573 r2: 2 r3: 8142 r4: 46 r5: 65514 sp: 65498 pc: 352          N: 1 Z: 0 V: 0 C: 1      
352:    rts pc                        src: 352                      r0: 6 r1: 64573 r2: 2 r3: 8142 r4: 46 r5: 65514 sp: 65500 pc: 1234         N: 1 Z: 0 V: 0 C: 1      
1234:   br 1226.                      src: 37956                    r0: 6 r1: 64573 r2: 2 r3: 8142 r4: 46 r5: 65514 sp: 65500 pc: 1226         N: 1 Z: 0 V: 0 C: 1      
1226:   movb (r1)+, r4                src: 115       dst: 46        r0: 6 r1: 64574 r2: 2 r3: 8142 r4: 115 r5: 65514 sp: 65500 pc: 1228        N: 0 Z: 0 V: 0 C: 1      
1228:   beq 1236.                     src: 5572                     r0: 6 r1: 64574 r2: 2 r3: 8142 r4: 115 r5: 65514 sp: 65500 pc: 1230        N: 0 Z: 0 V: 0 C: 1      
1230:   jsr pc, putw [306.]           src: 1230      dst: 3063      r0: 6 r1: 64574 r2: 2 r3: 8142 r4: 115 r5: 65514 sp: 65498 pc: 306         N: 0 Z: 0 V: 0 C: 1      
306:    tst ifflg [9362.]             src: 0                        r0: 6 r1: 64574 r2: 2 r3: 8142 r4: 115 r5: 65514 sp: 65498 pc: 310         N: 0 Z: 1 V: 0 C: 0      
310:    beq 318.                      src: 4415                     r0: 6 r1: 64574 r2: 2 r3: 8142 r4: 115 r5: 65514 sp: 65498 pc: 318         N: 0 Z: 1 V: 0 C: 0      
318:    mov r4, *obufp [2966.]        src: 115       dst: 46        r0: 6 r1: 64574 r2: 2 r3: 8142 r4: 115 r5: 65514 sp: 65498 pc: 322         N: 0 Z: 0 V: 0 C: 0      
322:    add $2., 2964.                src: 2         dst: 266       r0: 6 r1: 64574 r2: 2 r3: 8142 r4: 115 r5: 65514 sp: 65498 pc: 328         N: 0 Z: 0 V: 0 C: 0      
328:    cmp obufp [2966.], $line      src: 256       dst: 9358      r0: 6 r1: 64574 r2: 2 r3: 8142 r4: 115 r5: 65514 sp: 65498 pc: 334         N: 1 Z: 0 V: 0 C: 1      
334:    bcs 352.                      src: 135                      r0: 6 r1: 64574 r2: 2 r3: 8142 r4: 115 r5: 65514 sp: 65498 pc: 352         N: 1 Z: 0 V: 0 C: 1      
352:    rts pc                        src: 352                      r0: 6 r1: 64574 r2: 2 r3: 8142 r4: 115 r5: 65514 sp: 65500 pc: 1234        N: 1 Z: 0 V: 0 C: 1      
1234:   br 1226.                      src: 37956                    r0: 6 r1: 64574 r2: 2 r3: 8142 r4: 115 r5: 65514 sp: 65500 pc: 1226        N: 1 Z: 0 V: 0 C: 1      
1226:   movb (r1)+, r4                src: 0         dst: 115       r0: 6 r1: 64575 r2: 2 r3: 8142 r4: 0 r5: 65514 sp: 65500 pc: 1228          N: 0 Z: 1 V: 0 C: 1      
1228:   beq 1236.                     src: 5572                     r0: 6 r1: 64575 r2: 2 r3: 8142 r4: 0 r5: 65514 sp: 65500 pc: 1236          N: 0 Z: 1 V: 0 C: 1      
1236:   mov $-1., r4                  src: -1        dst: 0         r0: 6 r1: 64575 r2: 2 r3: 8142 r4: -1 r5: 65514 sp: 65500 pc: 1240         N: 1 Z: 0 V: 0 C: 1      
1240:   jsr pc, putw [306.]           src: 1240      dst: 3063      r0: 6 r1: 64575 r2: 2 r3: 8142 r4: -1 r5: 65514 sp: 65498 pc: 306          N: 1 Z: 0 V: 0 C: 1      
306:    tst ifflg [9362.]             src: 0                        r0: 6 r1: 64575 r2: 2 r3: 8142 r4: -1 r5: 65514 sp: 65498 pc: 310          N: 0 Z: 1 V: 0 C: 0      
310:    beq 318.                      src: 4415                     r0: 6 r1: 64575 r2: 2 r3: 8142 r4: -1 r5: 65514 sp: 65498 pc: 318          N: 0 Z: 1 V: 0 C: 0      
318:    mov r4, *obufp [2966.]        src: -1        dst: 115       r0: 6 r1: 64575 r2: 2 r3: 8142 r4: -1 r5: 65514 sp: 65498 pc: 322          N: 1 Z: 0 V: 0 C: 0      
322:    add $2., 2964.                src: 2         dst: 268       r0: 6 r1: 64575 r2: 2 r3: 8142 r4: -1 r5: 65514 sp: 65498 pc: 328          N: 0 Z: 0 V: 0 C: 0      
328:    cmp obufp [2966.], $line      src: 256       dst: 9358      r0: 6 r1: 64575 r2: 2 r3: 8142 r4: -1 r5: 65514 sp: 65498 pc: 334          N: 1 Z: 0 V: 0 C: 1      
334:    bcs 352.                      src: 135                      r0: 6 r1: 64575 r2: 2 r3: 8142 r4: -1 r5: 65514 sp: 65498 pc: 352          N: 1 Z: 0 V: 0 C: 1      
352:    rts pc                        src: 352                      r0: 6 r1: 64575 r2: 2 r3: 8142 r4: -1 r5: 65514 sp: 65500 pc: 1244         N: 1 Z: 0 V: 0 C: 1      
1244:   mov (sp)+, r1                 src: 5118      dst: 64575     r0: 6 r1: 5118 r2: 2 r3: 8142 r4: -1 r5: 65514 sp: 65502 pc: 1246          N: 0 Z: 0 V: 0 C: 1      
1246:   mov (sp)+, r4                 src: 0         dst: -1        r0: 6 r1: 5118 r2: 2 r3: 8142 r4: 0 r5: 65514 sp: 65504 pc: 1248           N: 0 Z: 1 V: 0 C: 1      
1248:   br 1072.                      src: 2807                     r0: 6 r1: 5118 r2: 2 r3: 8142 r4: 0 r5: 65514 sp: 65504 pc: 1072           N: 0 Z: 1 V: 0 C: 1      
1072:   dec inbfcnt [9360.]           src: -131073                  r0: 6 r1: 5118 r2: 2 r3: 8142 r4: 0 r5: 65514 sp: 65504 pc: 1076           N: 1 Z: 0 V: 0 C: 1      
1076:   blt 1094.                     src: 40384                    r0: 6 r1: 5118 r2: 2 r3: 8142 r4: 0 r5: 65514 sp: 65504 pc: 1094           N: 1 Z: 0 V: 0 C: 1      
1094:   movb fin [8830.], r0          src: 6         dst: 6         r0: 6 r1: 5118 r2: 2 r3: 8142 r4: 0 r5: 65514 sp: 65504 pc: 1098           N: 0 Z: 0 V: 0 C: 1      
1098:   beq 1134.                     src: 35575                    r0: 6 r1: 5118 r2: 2 r3: 8142 r4: 0 r5: 65514 sp: 65504 pc: 1100           N: 0 Z: 0 V: 0 C: 1      
1100:   sys read                      ops:           setup, 512,    r0: 512 r1: 5118 r2: 2 r3: 8142 r4: 0 r5: 65514 sp: 65504 pc: 1106         N: 0 Z: 0 V: 0 C: 0      
1106:   bcs 1124.                     src: 40384                    r0: 512 r1: 5118 r2: 2 r3: 8142 r4: 0 r5: 65514 sp: 65504 pc: 1108         N: 0 Z: 0 V: 0 C: 0      
1108:   tst r0                        src: 512                      r0: 512 r1: 5118 r2: 2 r3: 8142 r4: 0 r5: 65514 sp: 65504 pc: 1110         N: 0 Z: 0 V: 0 C: 0      
1110:   beq 1124.                     src: 40384                    r0: 512 r1: 5118 r2: 2 r3: 8142 r4: 0 r5: 65514 sp: 65504 pc: 1112         N: 0 Z: 0 V: 0 C: 0      
1112:   mov r0, inbfcnt [9360.]       src: 512       dst: -196610   r0: 512 r1: 5118 r2: 2 r3: 8142 r4: 0 r5: 65514 sp: 65504 pc: 1116         N: 0 Z: 0 V: 0 C: 0      
1116:   mov $setup, ifflg [9362.]     src: 5192      dst: 0         r0: 512 r1: 5118 r2: 2 r3: 8142 r4: 0 r5: 65514 sp: 65504 pc: 1122         N: 0 Z: 0 V: 0 C: 0      
1122:   br 1072.                      src: 2807                     r0: 512 r1: 5118 r2: 2 r3: 8142 r4: 0 r5: 65514 sp: 65504 pc: 1072         N: 0 Z: 0 V: 0 C: 0      
1072:   dec inbfcnt [9360.]           src: 512                      r0: 512 r1: 5118 r2: 2 r3: 8142 r4: 0 r5: 65514 sp: 65504 pc: 1076         N: 0 Z: 0 V: 0 C: 0      
1076:   blt 1094.                     src: 40384                    r0: 512 r1: 5118 r2: 2 r3: 8142 r4: 0 r5: 65514 sp: 65504 pc: 1078         N: 0 Z: 0 V: 0 C: 0      
1078:   movb *inbfp [9364.], r0       src: 119       dst: 512       r0: 119 r1: 5118 r2: 2 r3: 8142 r4: 0 r5: 65514 sp: 65504 pc: 1082         N: 0 Z: 0 V: 0 C: 0      
1082:   inc inbfp [9364.]             src: 0                        r0: 119 r1: 5118 r2: 2 r3: 8142 r4: 0 r5: 65514 sp: 65504 pc: 1086         N: 0 Z: 0 V: 0 C: 0      
